No DataplaneDrops to replay. We suggest you set Replayer's default_dp_permit=True 
[1;36mStarting POX controller c1[1;m
connect_socket_with_backoff ('127.0.0.1', 7777)
Error connecting.  -- [Errno 111] Connection refused. Backing off 1 seconds ...
[1;33m[c1] POX 0.0.0 / Copyright 2011 James McCauley[1;m

[1;41m[1;33m[c1] DEBUG:core:POX 0.0.0 going up...[1;m

[1;41m[1;33m[c1] DEBUG:core:Running on CPython (2.7.3/Sep 26 2013 20:03:06)[1;m

[1;41m[1;33m[c1] INFO:core:POX 0.0.0 is up.[1;m

[1;41m[1;33m[c1] DEBUG:openflow.of_01:Listening for connections on ('127.0.0.1', 7777)[1;m

[1;33m[c1] Incoming true socket connected[1;m

connect_socket_with_backoff ('127.0.0.1', 7777)
connect_socket_with_backoff ('127.0.0.1', 7777)
[1;33m[c1] Incoming MockSocket connection [u'127.0.0.1', 35213][1;m
connect_socket_with_backoff ('127.0.0.1', 7777)

[1;33m[c1] Incoming MockSocket connection [u'127.0.0.1', 35213][1;m
[1;36m[1;44m00:00.503 00:00.000 Successfully matched event ConnectToControllers:e1[1;m

[1;33m[c1] Incoming MockSocket connection [u'127.0.0.1', 35213][1;m
[1;36m[1;44m00:00.506 00:00.007 Successfully matched event ControlMessageReceive:i2 c c1 -> s 3 [ofp_hello: ][1;m

[1;36m[1;36mRound 1[1;37m[1;m
[1;36m[1;44m00:00.507 00:00.008 Successfully matched event ControlMessageReceive:i3 c c1 -> s 2 [ofp_hello: ][1;m
[1;36m[1;44m00:00.508 00:00.008 Successfully matched event ControlMessageReceive:i4 c c1 -> s 1 [ofp_hello: ][1;m
[1;36m[1;44m00:00.509 00:00.009 Successfully matched event ControlMessageSend:i5 c 3 -> s c1 [ofp_hello: ][1;m
[1;36m[1;44m00:00.509 00:00.009 Successfully matched event ControlMessageSend:i6 c 2 -> s c1 [ofp_hello: ][1;m
[1;36m[1;44m00:00.510 00:00.009 Successfully matched event ControlMessageSend:i7 c 1 -> s c1 [ofp_hello: ][1;m
[1;36m[1;44m00:00.512 00:00.110 Successfully matched event ControlMessageReceive:i8 c c1 -> s 3 [ofp_features_request: ][1;m
[1;36m[1;36mRound 2[1;37m[1;m
[1;36m[1;44m00:00.513 00:00.110 Successfully matched event ControlMessageReceive:i9 c c1 -> s 2 [ofp_features_request: ][1;m
[1;36m[1;44m00:00.551 00:00.111 Successfully matched event ControlMessageReceive:i10 c c1 -> s 1 [ofp_features_request: ][1;m
[1;36m[1;44m00:00.551 00:00.111 Successfully matched event ControlMessageSend:i11 c 3 -> s c1 [ofp_features_reply: datapath_id=3][1;m
[1;36m[1;44m00:00.552 00:00.112 Successfully matched event ControlMessageSend:i12 c 2 -> s c1 [ofp_features_reply: datapath_id=2][1;m
[1;36m[1;44m00:00.553 00:00.112 Successfully matched event ControlMessageSend:i13 c 1 -> s c1 [ofp_features_reply: datapath_id=1][1;m
[1;36m[1;44m00:00.595 00:00.213 Successfully matched event ControlMessageReceive:i14 c c1 -> s 1 [ofp_set_config: ][1;m
[1;36m[1;36mRound 3[1;37m[1;m
[1;36m[1;44m00:00.596 00:00.214 Successfully matched event ControlMessageReceive:i15 c c1 -> s 3 [ofp_barrier_request: ][1;m
[1;36m[1;44m00:00.598 00:00.214 Successfully matched event ControlMessageReceive:i16 c c1 -> s 1 [ofp_flow_mod: hard_timeout=0, out_port=65535, priority=32768, idle_timeout=0, command=delete, actions=(), flags=0, match=x^L,in_port:None][1;m
[1;36m[1;44m00:00.599 00:00.215 Successfully matched event ControlMessageReceive:i17 c c1 -> s 2 [ofp_set_config: ][1;m
[1;36m[1;44m00:00.600 00:00.216 Successfully matched event ControlMessageReceive:i18 c c1 -> s 2 [ofp_flow_mod: hard_timeout=0, out_port=65535, priority=32768, idle_timeout=0, command=delete, actions=(), flags=0, match=x^L,in_port:None][1;m
[1;36m[1;44m00:00.602 00:00.216 Successfully matched event ControlMessageReceive:i19 c c1 -> s 2 [ofp_barrier_request: ][1;m
[1;36m[1;44m00:00.602 00:00.217 Successfully matched event ControlMessageReceive:i20 c c1 -> s 1 [ofp_barrier_request: ][1;m
[1;36m[1;44m00:00.603 00:00.218 Successfully matched event ControlMessageReceive:i21 c c1 -> s 3 [ofp_flow_mod: hard_timeout=0, out_port=65535, priority=32768, idle_timeout=0, command=delete, actions=(), flags=0, match=x^L,in_port:None][1;m
[1;36m[1;44m00:00.604 00:00.218 Successfully matched event ControlMessageReceive:i22 c c1 -> s 3 [ofp_set_config: ][1;m
[1;36m[1;44m00:00.605 00:00.219 Successfully matched event ControlMessageSend:i23 c 3 -> s c1 [ofp_barrier_reply: ][1;m
[1;36m[1;44m00:00.605 00:00.219 Successfully matched event ControlMessageSend:i24 c 2 -> s c1 [ofp_barrier_reply: ][1;m
[1;36m[1;44m00:00.606 00:00.219 Successfully matched event ControlMessageSend:i25 c 1 -> s c1 [ofp_barrier_reply: ][1;m
[1;41m[1;33m[c1] INFO:openflow.of_01:of_01 [Con 3/3] Connected to 00-00-00-00-00-03[1;m

[1;41m[1;33m[c1] DEBUG:forwarding.l2_multi_broken_floyd:Connect [Con 3/3][1;m

[1;41m[1;33m[c1] DEBUG:openflow.discovery:Installing flow for 00-00-00-00-00-03[1;m

[1;41m[1;33m[c1] INFO:openflow.of_01:of_01 [Con 2/2] Connected to 00-00-00-00-00-02[1;m

[1;41m[1;33m[c1] DEBUG:forwarding.l2_multi_broken_floyd:Connect [Con 2/2][1;m

[1;41m[1;33m[c1] DEBUG:openflow.discovery:Installing flow for 00-00-00-00-00-02[1;m

[1;36m[1;44m00:00.613 00:00.320 Successfully matched event ControlMessageReceive:i26 c c1 -> s 2 [ofp_flow_mod: hard_timeout=0, out_port=65535, priority=32768, idle_timeout=0, command=add, actions=(u'output(65533)',), flags=0, match=dl_dst:01:23:20:00:00:01,dl_type:35020,in_port:None][1;m[1;41m[1;33m[c1] INFO:openflow.of_01:of_01 [Con 1/1] Connected to 00-00-00-00-00-01[1;m


[1;36m[1;36mRound 4[1;37m[1;m
[1;41m[1;33m[c1] DEBUG:forwarding.l2_multi_broken_floyd:Connect [Con 1/1][1;m

[1;41m[1;33m[c1] DEBUG:openflow.discovery:Installing flow for 00-00-00-00-00-01[1;m

[1;36m[1;44m00:00.651 00:00.321 Successfully matched event ControlMessageReceive:i27 c c1 -> s 1 [ofp_flow_mod: hard_timeout=0, out_port=65535, priority=32768, idle_timeout=0, command=add, actions=(u'output(65533)',), flags=0, match=dl_dst:01:23:20:00:00:01,dl_type:35020,in_port:None][1;m
[1;36m[1;44m00:00.653 00:00.322 Successfully matched event ControlMessageReceive:i28 c c1 -> s 3 [ofp_flow_mod: hard_timeout=0, out_port=65535, priority=32768, idle_timeout=0, command=add, actions=(u'output(65533)',), flags=0, match=dl_dst:01:23:20:00:00:01,dl_type:35020,in_port:None][1;m
[1;36m[1;44m00:01.171 00:00.825 Successfully matched event ControlMessageReceive:i29 c c1 -> s 3 [ofp_packet_out: actions=(u'output(1)',), data={u'class': u'lldp'}, in_port=65535][1;m
[1;36m[1;36mRound 9[1;37m[1;m
[1;36mForwarding dataplane event[1;m
[1;36m[1;44m00:01.173 00:00.826 Successfully matched event DataplanePermit:i30[1;m
[1;36m[1;44m00:01.173 00:00.928 Successfully matched event ControlMessageSend:i31 c 2 -> s c1 [ofp_packet_in: data={u'class': u'lldp'}, in_port=1][1;m
[1;36m[1;36mRound 10[1;37m[1;m
[1;41m[1;33m[c1] INFO:openflow.discovery:link detected: 00-00-00-00-00-03.1 -> 00-00-00-00-00-02.1[1;m

[1;36m[1;44m00:01.215 00:01.029 Successfully matched event ControlMessageReceive:i32 c c1 -> s 2 [ofp_packet_out: actions=(), data=(), in_port=1][1;m
[1;36m[1;36mRound 11[1;37m[1;m
[1;36m[1;44m00:01.215 00:01.030 Successfully matched event ControlMessageReceive:i33 c c1 -> s 1 [ofp_flow_mod: hard_timeout=0, out_port=65535, priority=32768, idle_timeout=0, command=delete, actions=(), flags=0, match=x^L,in_port:None][1;m
[1;36m[1;44m00:01.216 00:01.031 Successfully matched event ControlMessageReceive:i34 c c1 -> s 2 [ofp_flow_mod: hard_timeout=0, out_port=65535, priority=32768, idle_timeout=0, command=delete, actions=(), flags=0, match=x^L,in_port:None][1;m
[1;36m[1;44m00:01.217 00:01.032 Successfully matched event ControlMessageReceive:i35 c c1 -> s 3 [ofp_flow_mod: hard_timeout=0, out_port=65535, priority=32768, idle_timeout=0, command=delete, actions=(), flags=0, match=x^L,in_port:None][1;m
[1;36m[1;44m00:01.727 00:01.434 Successfully matched event ControlMessageReceive:i36 c c1 -> s 3 [ofp_packet_out: actions=(u'output(2)',), data={u'class': u'lldp'}, in_port=65535][1;m
[1;36m[1;36mRound 15[1;37m[1;m
[1;36mForwarding dataplane event[1;m
[1;36m[1;44m00:01.728 00:01.435 Successfully matched event DataplanePermit:i37[1;m
[1;36m[1;44m00:01.729 00:01.537 Successfully matched event ControlMessageSend:i38 c 1 -> s c1 [ofp_packet_in: data={u'class': u'lldp'}, in_port=1][1;m
[1;36m[1;36mRound 16[1;37m[1;m
[1;41m[1;33m[c1] INFO:openflow.discovery:link detected: 00-00-00-00-00-03.2 -> 00-00-00-00-00-01.1[1;m

[1;36m[1;44m00:01.732 00:01.638 Successfully matched event ControlMessageReceive:i39 c c1 -> s 1 [ofp_flow_mod: hard_timeout=0, out_port=65535, priority=32768, idle_timeout=0, command=delete, actions=(), flags=0, match=x^L,in_port:None][1;m
[1;36m[1;36mRound 17[1;37m[1;m
[1;36m[1;44m00:01.772 00:01.639 Successfully matched event ControlMessageReceive:i40 c c1 -> s 2 [ofp_flow_mod: hard_timeout=0, out_port=65535, priority=32768, idle_timeout=0, command=delete, actions=(), flags=0, match=x^L,in_port:None][1;m
[1;36m[1;44m00:01.773 00:01.639 Successfully matched event ControlMessageReceive:i41 c c1 -> s 1 [ofp_packet_out: actions=(), data=(), in_port=1][1;m
[1;36m[1;44m00:01.774 00:01.640 Successfully matched event ControlMessageReceive:i42 c c1 -> s 3 [ofp_flow_mod: hard_timeout=0, out_port=65535, priority=32768, idle_timeout=0, command=delete, actions=(), flags=0, match=x^L,in_port:None][1;m
[1;36m[1;44m00:02.283 00:01.942 Successfully matched event ControlMessageReceive:i43 c c1 -> s 3 [ofp_packet_out: actions=(u'output(3)',), data={u'class': u'lldp'}, in_port=65535][1;m
[1;36m[1;36mRound 20[1;37m[1;m
[1;36mForwarding dataplane event[1;m
[1;36m[1;44m00:02.284 00:01.943 Successfully matched event DataplanePermit:i44[1;m
[1;36m[1;44m00:02.839 00:02.546 Successfully matched event ControlMessageReceive:i45 c c1 -> s 2 [ofp_packet_out: actions=(u'output(1)',), data={u'class': u'lldp'}, in_port=65535][1;m
[1;36m[1;36mRound 26[1;37m[1;m
[1;36mForwarding dataplane event[1;m
[1;36m[1;44m00:02.840 00:02.547 Successfully matched event DataplanePermit:i46[1;m
[1;36m[1;44m00:02.841 00:02.648 Successfully matched event ControlMessageSend:i47 c 3 -> s c1 [ofp_packet_in: data={u'class': u'lldp'}, in_port=1][1;m
[1;36m[1;36mRound 27[1;37m[1;m
[1;41m[1;33m[c1] INFO:openflow.discovery:link detected: 00-00-00-00-00-02.1 -> 00-00-00-00-00-03.1[1;m

[1;36m[1;44m00:02.884 00:02.749 Successfully matched event ControlMessageReceive:i48 c c1 -> s 3 [ofp_packet_out: actions=(), data=(), in_port=1][1;m
[1;36m[1;36mRound 28[1;37m[1;m
[1;36m[1;44m00:02.885 00:02.750 Successfully matched event ControlMessageReceive:i49 c c1 -> s 1 [ofp_flow_mod: hard_timeout=0, out_port=65535, priority=32768, idle_timeout=0, command=delete, actions=(), flags=0, match=x^L,in_port:None][1;m
[1;36m[1;44m00:02.886 00:02.751 Successfully matched event ControlMessageReceive:i50 c c1 -> s 2 [ofp_flow_mod: hard_timeout=0, out_port=65535, priority=32768, idle_timeout=0, command=delete, actions=(), flags=0, match=x^L,in_port:None][1;m
[1;36m[1;44m00:02.888 00:02.752 Successfully matched event ControlMessageReceive:i51 c c1 -> s 3 [ofp_flow_mod: hard_timeout=0, out_port=65535, priority=32768, idle_timeout=0, command=delete, actions=(), flags=0, match=x^L,in_port:None][1;m
[1;36m[1;44m00:03.395 00:03.054 Successfully matched event ControlMessageReceive:i52 c c1 -> s 2 [ofp_packet_out: actions=(u'output(2)',), data={u'class': u'lldp'}, in_port=65535][1;m
[1;36m[1;36mRound 31[1;37m[1;m
[1;36mForwarding dataplane event[1;m
[1;36m[1;44m00:03.397 00:03.055 Successfully matched event DataplanePermit:i53[1;m
[1;36m[1;44m00:03.397 00:03.156 Successfully matched event ControlMessageSend:i54 c 1 -> s c1 [ofp_packet_in: data={u'class': u'lldp'}, in_port=2][1;m
[1;36m[1;36mRound 32[1;37m[1;m
[1;41m[1;33m[c1] INFO:openflow.discovery:link detected: 00-00-00-00-00-02.2 -> 00-00-00-00-00-01.2[1;m

[1;36m[1;44m00:03.401 00:03.257 Successfully matched event ControlMessageReceive:i55 c c1 -> s 1 [ofp_flow_mod: hard_timeout=0, out_port=65535, priority=32768, idle_timeout=0, command=delete, actions=(), flags=0, match=x^L,in_port:None][1;m
[1;36m[1;36mRound 33[1;37m[1;m
[1;36m[1;44m00:03.440 00:03.258 Successfully matched event ControlMessageReceive:i56 c c1 -> s 2 [ofp_flow_mod: hard_timeout=0, out_port=65535, priority=32768, idle_timeout=0, command=delete, actions=(), flags=0, match=x^L,in_port:None][1;m
[1;36m[1;44m00:03.441 00:03.259 Successfully matched event ControlMessageReceive:i57 c c1 -> s 1 [ofp_packet_out: actions=(), data=(), in_port=2][1;m
[1;36m[1;44m00:03.442 00:03.260 Successfully matched event ControlMessageReceive:i58 c c1 -> s 3 [ofp_flow_mod: hard_timeout=0, out_port=65535, priority=32768, idle_timeout=0, command=delete, actions=(), flags=0, match=x^L,in_port:None][1;m
[1;36m[1;44m00:03.952 00:03.662 Successfully matched event ControlMessageReceive:i59 c c1 -> s 2 [ofp_packet_out: actions=(u'output(3)',), data={u'class': u'lldp'}, in_port=65535][1;m
[1;36m[1;36mRound 37[1;37m[1;m
[1;36mForwarding dataplane event[1;m
[1;36m[1;44m00:03.953 00:03.663 Successfully matched event DataplanePermit:i60[1;m
[1;36m[1;44m00:04.508 00:04.166 Successfully matched event ControlMessageReceive:i61 c c1 -> s 1 [ofp_packet_out: actions=(u'output(1)',), data={u'class': u'lldp'}, in_port=65535][1;m
[1;36m[1;36mRound 42[1;37m[1;m
[1;36mForwarding dataplane event[1;m
[1;36m[1;44m00:04.510 00:04.167 Successfully matched event DataplanePermit:i62[1;m
[1;36m[1;44m00:04.510 00:04.268 Successfully matched event ControlMessageSend:i63 c 3 -> s c1 [ofp_packet_in: data={u'class': u'lldp'}, in_port=2][1;m
[1;36m[1;36mRound 43[1;37m[1;m
[1;41m[1;33m[c1] INFO:openflow.discovery:link detected: 00-00-00-00-00-01.1 -> 00-00-00-00-00-03.2[1;m

[1;36m[1;44m00:04.514 00:04.369 Successfully matched event ControlMessageReceive:i64 c c1 -> s 1 [ofp_flow_mod: hard_timeout=0, out_port=65535, priority=32768, idle_timeout=0, command=delete, actions=(), flags=0, match=x^L,in_port:None][1;m
[1;36m[1;36mRound 44[1;37m[1;m
[1;36m[1;44m00:04.552 00:04.370 Successfully matched event ControlMessageReceive:i65 c c1 -> s 3 [ofp_packet_out: actions=(), data=(), in_port=2][1;m
[1;36m[1;44m00:04.553 00:04.371 Successfully matched event ControlMessageReceive:i66 c c1 -> s 2 [ofp_flow_mod: hard_timeout=0, out_port=65535, priority=32768, idle_timeout=0, command=delete, actions=(), flags=0, match=x^L,in_port:None][1;m
[1;36m[1;44m00:04.554 00:04.372 Successfully matched event ControlMessageReceive:i67 c c1 -> s 3 [ofp_flow_mod: hard_timeout=0, out_port=65535, priority=32768, idle_timeout=0, command=delete, actions=(), flags=0, match=x^L,in_port:None][1;m
[1;36m[1;44m00:05.064 00:04.774 Successfully matched event ControlMessageReceive:i68 c c1 -> s 1 [ofp_packet_out: actions=(u'output(2)',), data={u'class': u'lldp'}, in_port=65535][1;m
[1;36m[1;36mRound 48[1;37m[1;m
[1;36mForwarding dataplane event[1;m
[1;36m[1;44m00:05.065 00:04.775 Successfully matched event DataplanePermit:i69[1;m
[1;36m[1;44m00:05.066 00:04.876 Successfully matched event ControlMessageSend:i70 c 2 -> s c1 [ofp_packet_in: data={u'class': u'lldp'}, in_port=2][1;m
[1;36m[1;36mRound 49[1;37m[1;m
[1;41m[1;33m[c1] INFO:openflow.discovery:link detected: 00-00-00-00-00-01.2 -> 00-00-00-00-00-02.2[1;m

[1;36m[1;44m00:05.069 00:04.977 Successfully matched event ControlMessageReceive:i71 c c1 -> s 1 [ofp_flow_mod: hard_timeout=0, out_port=65535, priority=32768, idle_timeout=0, command=delete, actions=(), flags=0, match=x^L,in_port:None][1;m
[1;36m[1;36mRound 50[1;37m[1;m
[1;36m[1;44m00:05.107 00:04.979 Successfully matched event ControlMessageReceive:i72 c c1 -> s 2 [ofp_flow_mod: hard_timeout=0, out_port=65535, priority=32768, idle_timeout=0, command=delete, actions=(), flags=0, match=x^L,in_port:None][1;m
[1;36m[1;44m00:05.109 00:04.979 Successfully matched event ControlMessageReceive:i73 c c1 -> s 3 [ofp_flow_mod: hard_timeout=0, out_port=65535, priority=32768, idle_timeout=0, command=delete, actions=(), flags=0, match=x^L,in_port:None][1;m
[1;36m[1;44m00:05.110 00:04.980 Successfully matched event ControlMessageReceive:i74 c c1 -> s 2 [ofp_packet_out: actions=(), data=(), in_port=2][1;m
[1;36m[1;44m00:05.620 00:05.282 Successfully matched event ControlMessageReceive:i75 c c1 -> s 1 [ofp_packet_out: actions=(u'output(3)',), data={u'class': u'lldp'}, in_port=65535][1;m
[1;36m[1;36mRound 53[1;37m[1;m
[1;36mForwarding dataplane event[1;m
[1;36m[1;44m00:05.621 00:05.283 Successfully matched event DataplanePermit:i76[1;m
[1;36m[1;44m00:06.176 00:05.886 Successfully matched event ControlMessageReceive:i77 c c1 -> s 3 [ofp_packet_out: actions=(u'output(1)',), data={u'class': u'lldp'}, in_port=65535][1;m
[1;36m[1;36mRound 59[1;37m[1;m
[1;36mForwarding dataplane event[1;m
[1;36m[1;44m00:06.177 00:05.887 Successfully matched event DataplanePermit:i78[1;m
[1;36m[1;44m00:06.178 00:05.988 Successfully matched event ControlMessageSend:i79 c 2 -> s c1 [ofp_packet_in: data={u'class': u'lldp'}, in_port=1][1;m
[1;36m[1;36mRound 60[1;37m[1;m
[1;36m[1;44m00:06.180 00:06.089 Successfully matched event ControlMessageReceive:i80 c c1 -> s 2 [ofp_packet_out: actions=(), data=(), in_port=1][1;m
[1;36m[1;36mRound 61[1;37m[1;m
[1;36m[1;44m00:06.732 00:06.391 Successfully matched event ControlMessageReceive:i81 c c1 -> s 3 [ofp_packet_out: actions=(u'output(2)',), data={u'class': u'lldp'}, in_port=65535][1;m
[1;36m[1;36mRound 64[1;37m[1;m
[1;36mForwarding dataplane event[1;m
[1;36m[1;44m00:06.734 00:06.392 Successfully matched event DataplanePermit:i82[1;m
[1;36m[1;44m00:06.734 00:06.493 Successfully matched event ControlMessageSend:i83 c 1 -> s c1 [ofp_packet_in: data={u'class': u'lldp'}, in_port=1][1;m
[1;36m[1;36mRound 65[1;37m[1;m
[1;36m[1;44m00:06.737 00:06.594 Successfully matched event ControlMessageReceive:i84 c c1 -> s 1 [ofp_packet_out: actions=(), data=(), in_port=1][1;m
[1;36m[1;36mRound 66[1;37m[1;m
[1;36m[1;44m00:07.288 00:06.996 Successfully matched event ControlMessageReceive:i85 c c1 -> s 3 [ofp_packet_out: actions=(u'output(3)',), data={u'class': u'lldp'}, in_port=65535][1;m
[1;36m[1;36mRound 70[1;37m[1;m
[1;36mForwarding dataplane event[1;m
[1;36m[1;44m00:07.290 00:06.997 Successfully matched event DataplanePermit:i86[1;m
[1;36m[1;44m00:07.393 00:07.099 Successfully matched event TrafficInjection:e87[1;m
[1;36m[1;36mRound 71[1;37m[1;m
[1;36m[1;44m00:07.394 00:07.100 Successfully matched event TrafficInjection:e88[1;m
[1;36m[1;44m00:07.395 00:07.101 Successfully matched event TrafficInjection:e89[1;m
[1;36mForwarding dataplane event[1;m
[1;36m[1;44m00:07.397 00:07.102 Successfully matched event DataplanePermit:i90[1;m
[1;36mForwarding dataplane event[1;m
[1;36m[1;44m00:07.399 00:07.104 Successfully matched event DataplanePermit:i91[1;m
[1;36mForwarding dataplane event[1;m
[1;36m[1;44m00:07.400 00:07.105 Successfully matched event DataplanePermit:i92[1;m
[1;36m[1;44m00:07.401 00:07.207 Successfully matched event ControlMessageSend:i93 c 2 -> s c1 [ofp_packet_in: data={u'dl_dst': u'12:34:56:78:02:03', u'nw_src': u'10.2.3.2', u'dl_src': u'12:34:56:78:02:03', u'nw_dst': u'10.2.3.2'}, in_port=3][1;m
[1;36m[1;36mRound 72[1;37m[1;m
[1;36m[1;44m00:07.402 00:07.208 Successfully matched event ControlMessageSend:i94 c 1 -> s c1 [ofp_packet_in: data={u'dl_dst': u'12:34:56:78:01:03', u'nw_src': u'10.1.3.2', u'dl_src': u'12:34:56:78:01:03', u'nw_dst': u'10.1.3.2'}, in_port=3][1;m
[1;36m[1;44m00:07.403 00:07.208 Successfully matched event ControlMessageSend:i95 c 3 -> s c1 [ofp_packet_in: data={u'dl_dst': u'12:34:56:78:03:03', u'nw_src': u'10.3.3.2', u'dl_src': u'12:34:56:78:03:03', u'nw_dst': u'10.3.3.2'}, in_port=3][1;m
[1;41m[1;33m[c1] DEBUG:forwarding.l2_multi_broken_floyd:Learned 12:34:56:78:03:03 at 00-00-00-00-00-03.3[1;m

[1;41m[1;33m[c1] DEBUG:forwarding.l2_multi_broken_floyd:Installing path for 12:34:56:78:03:03 -> 12:34:56:78:03:03 0800 (1 hops)[1;m

[1;41m[1;33m[c1] DEBUG:forwarding.l2_multi_broken_floyd:Learned 12:34:56:78:02:03 at 00-00-00-00-00-02.3[1;m

[1;41m[1;33m[c1] DEBUG:forwarding.l2_multi_broken_floyd:Installing path for 12:34:56:78:02:03 -> 12:34:56:78:02:03 0800 (1 hops)[1;m

[1;41m[1;33m[c1] DEBUG:forwarding.l2_multi_broken_floyd:Learned 12:34:56:78:01:03 at 00-00-00-00-00-01.3[1;m

[1;41m[1;33m[c1] DEBUG:forwarding.l2_multi_broken_floyd:Installing path for 12:34:56:78:01:03 -> 12:34:56:78:01:03 0800 (1 hops)[1;m

[1;35m[1;41m00:08.045 00:07.331 Event timed out DataplanePermit:i98[1;m
[1;36m[1;36mRound 73[1;37m[1;m
[1;36m[1;44m00:08.046 00:07.333 Successfully matched event ControlMessageReceive:i99 c c1 -> s 1 [ofp_flow_mod: hard_timeout=30, out_port=65535, priority=32768, idle_timeout=10, command=add, actions=(u'output(3)',), flags=0, match=dl_src:12:34:56:78:01:03,dl_dst:12:34:56:78:01:03,dl_vlan:65535,dl_vlan_pcp:0,dl_type:2048,nw_tos:0,nw_proto:1,nw_src:10.1.3.2/32,nw_dst:10.1.3.2/32,tp_src:0,tp_dst:0,in_port:None][1;m
[1;36m[1;44m00:08.048 00:07.335 Successfully matched event ControlMessageReceive:i100 c c1 -> s 2 [ofp_flow_mod: hard_timeout=30, out_port=65535, priority=32768, idle_timeout=10, command=add, actions=(u'output(3)',), flags=0, match=dl_src:12:34:56:78:02:03,dl_dst:12:34:56:78:02:03,dl_vlan:65535,dl_vlan_pcp:0,dl_type:2048,nw_tos:0,nw_proto:1,nw_src:10.2.3.2/32,nw_dst:10.2.3.2/32,tp_src:8,tp_dst:0,in_port:None][1;m
[1;36m[1;44m00:08.050 00:07.336 Successfully matched event ControlMessageReceive:i101 c c1 -> s 3 [ofp_flow_mod: hard_timeout=30, out_port=65535, priority=32768, idle_timeout=10, command=add, actions=(u'output(3)',), flags=0, match=dl_src:12:34:56:78:03:03,dl_dst:12:34:56:78:03:03,dl_vlan:65535,dl_vlan_pcp:0,dl_type:2048,nw_tos:0,nw_proto:1,nw_src:10.3.3.2/32,nw_dst:10.3.3.2/32,tp_src:8,tp_dst:0,in_port:None][1;m
[1;35m[1;41m00:08.601 00:07.338 Event timed out ControlMessageSend:i102 c 2 -> s c1 [ofp_packet_in: data={u'dl_dst': u'12:34:56:78:01:03', u'nw_src': u'10.2.3.2', u'dl_src': u'12:34:56:78:02:03', u'nw_dst': u'10.1.3.2'}, in_port=3][1;m
[1;35m[1;41m00:09.357 00:07.457 Event timed out ControlMessageReceive:i104 c c1 -> s 1 [ofp_flow_mod: hard_timeout=30, out_port=65535, priority=32768, idle_timeout=10, command=add, actions=(u'output(3)',), flags=0, match=dl_src:12:34:56:78:02:03,dl_dst:12:34:56:78:01:03,dl_vlan:65535,dl_vlan_pcp:0,dl_type:2048,nw_tos:0,nw_proto:1,nw_src:10.2.3.2/32,nw_dst:10.1.3.2/32,tp_src:8,tp_dst:0,in_port:None][1;m
[1;36m[1;36mRound 74[1;37m[1;m
[1;35m[1;41m00:09.914 00:07.458 Event timed out ControlMessageReceive:i105 c c1 -> s 2 [ofp_flow_mod: hard_timeout=30, out_port=65535, priority=32768, idle_timeout=10, command=add, actions=(u'output(2)',), flags=0, match=dl_src:12:34:56:78:02:03,dl_dst:12:34:56:78:01:03,dl_vlan:65535,dl_vlan_pcp:0,dl_type:2048,nw_tos:0,nw_proto:1,nw_src:10.2.3.2/32,nw_dst:10.1.3.2/32,tp_src:8,tp_dst:0,in_port:None][1;m
[1;36m[1;44m00:09.916 00:07.460 Successfully matched event ControlMessageReceive:i106 c c1 -> s 2 [ofp_packet_out: actions=(u'output(1)',), data={u'class': u'lldp'}, in_port=65535][1;m
[1;35m[1;41m00:10.625 00:07.579 Event timed out DataplanePermit:i108[1;m
[1;36m[1;36mRound 75[1;37m[1;m
[1;36mForwarding dataplane event[1;m
[1;36m[1;44m00:10.627 00:07.580 Successfully matched event DataplanePermit:i109[1;m
[1;36m[1;44m00:10.627 00:07.582 Successfully matched event ControlMessageSend:i110 c 3 -> s c1 [ofp_packet_in: data={u'class': u'lldp'}, in_port=1][1;m
[1;35m[1;41m00:11.382 00:07.705 Event timed out DataplanePermit:i112[1;m
[1;36m[1;36mRound 76[1;37m[1;m
[1;36m[1;44m00:11.383 00:07.707 Successfully matched event ControlMessageReceive:i113 c c1 -> s 3 [ofp_packet_out: actions=(), data=(), in_port=1][1;m
[1;42m[1;37mNo correctness violations![1;m
[1;36m[1;44m00:11.654 00:07.954 Successfully matched event CheckInvariants:e116[1;m
[1;36m[1;36mRound 78[1;37m[1;m
[1;36m[1;44m00:11.655 00:08.077 Successfully matched event ControlMessageReceive:i117 c c1 -> s 2 [ofp_packet_out: actions=(u'output(2)',), data={u'class': u'lldp'}, in_port=65535][1;m
[1;36m[1;36mRound 79[1;37m[1;m
[1;42m[1;37mNo correctness violations![1;m
[1;36m[1;44m00:11.678 00:08.079 Successfully matched event CheckInvariants:e118[1;m
[1;36mForwarding dataplane event[1;m
[1;36m[1;44m00:11.680 00:08.201 Successfully matched event DataplanePermit:i119[1;m
[1;36m[1;36mRound 80[1;37m[1;m
[1;36m[1;44m00:11.681 00:08.203 Successfully matched event ControlMessageSend:i120 c 1 -> s c1 [ofp_packet_in: data={u'class': u'lldp'}, in_port=2][1;m
[1;36m[1;44m00:11.682 00:08.204 Successfully matched event TrafficInjection:e121[1;m
[1;42m[1;37mNo correctness violations![1;m
[1;36m[1;44m00:11.704 00:08.205 Successfully matched event CheckInvariants:e122[1;m
[1;36mForwarding dataplane event[1;m
[1;36m[1;44m00:11.706 00:08.329 Successfully matched event DataplanePermit:i123[1;m
[1;36m[1;36mRound 81[1;37m[1;m
[1;36m[1;44m00:11.709 00:08.331 Successfully matched event ControlMessageReceive:i124 c c1 -> s 1 [ofp_packet_out: actions=(), data=(), in_port=2][1;m
[1;36m[1;44m00:11.710 00:08.332 Successfully matched event ControlMessageSend:i125 c 2 -> s c1 [ofp_packet_in: data={u'dl_dst': u'12:34:56:78:03:03', u'nw_src': u'10.2.3.2', u'dl_src': u'12:34:56:78:02:03', u'nw_dst': u'10.3.3.2'}, in_port=3][1;m
[1;36m[1;44m00:11.712 00:08.333 Successfully matched event TrafficInjection:e126[1;m
[1;42m[1;37mNo correctness violations![1;m
[1;36m[1;44m00:11.733 00:08.334 Successfully matched event CheckInvariants:e127[1;m
[1;36mForwarding dataplane event[1;m
[1;36m[1;44m00:11.735 00:08.454 Successfully matched event DataplanePermit:i128[1;m
[1;36m[1;36mRound 82[1;37m[1;m
[1;41m[1;33m[c1] DEBUG:forwarding.l2_multi_broken_floyd:Installing path for 12:34:56:78:02:03 -> 12:34:56:78:03:03 0800 (2 hops)[1;m

[1;36m[1;44m00:11.777 00:08.456 Successfully matched event ControlMessageReceive:i129 c c1 -> s 2 [ofp_flow_mod: hard_timeout=30, out_port=65535, priority=32768, idle_timeout=10, command=add, actions=(u'output(1)',), flags=0, match=dl_src:12:34:56:78:02:03,dl_dst:12:34:56:78:03:03,dl_vlan:65535,dl_vlan_pcp:0,dl_type:2048,nw_tos:0,nw_proto:1,nw_src:10.2.3.2/32,nw_dst:10.3.3.2/32,tp_src:8,tp_dst:0,in_port:None][1;m
[1;36m[1;44m00:11.779 00:08.457 Successfully matched event ControlMessageReceive:i130 c c1 -> s 3 [ofp_flow_mod: hard_timeout=30, out_port=65535, priority=32768, idle_timeout=10, command=add, actions=(u'output(3)',), flags=0, match=dl_src:12:34:56:78:02:03,dl_dst:12:34:56:78:03:03,dl_vlan:65535,dl_vlan_pcp:0,dl_type:2048,nw_tos:0,nw_proto:1,nw_src:10.2.3.2/32,nw_dst:10.3.3.2/32,tp_src:8,tp_dst:0,in_port:None][1;m
[1;36m[1;44m00:11.780 00:08.459 Successfully matched event ControlMessageSend:i131 c 3 -> s c1 [ofp_packet_in: data={u'dl_dst': u'12:34:56:78:02:03', u'nw_src': u'10.3.3.2', u'dl_src': u'12:34:56:78:03:03', u'nw_dst': u'10.2.3.2'}, in_port=3][1;m
[1;42m[1;37mNo correctness violations![1;m
[1;36m[1;44m00:11.801 00:08.460 Successfully matched event CheckInvariants:e132[1;m
[1;36mForwarding dataplane event[1;m
[1;36m[1;44m00:11.803 00:08.584 Successfully matched event DataplanePermit:i133[1;m
[1;36m[1;36mRound 83[1;37m[1;m
[1;41m[1;33m[c1] DEBUG:forwarding.l2_multi_broken_floyd:Installing path for 12:34:56:78:03:03 -> 12:34:56:78:02:03 0800 (2 hops)[1;m
[1;36m[1;44m00:11.808 00:08.586 Successfully matched event ControlMessageReceive:i134 c c1 -> s 2 [ofp_flow_mod: hard_timeout=30, out_port=65535, priority=32768, idle_timeout=10, command=add, actions=(u'output(3)',), flags=0, match=dl_src:12:34:56:78:03:03,dl_dst:12:34:56:78:02:03,dl_vlan:65535,dl_vlan_pcp:0,dl_type:2048,nw_tos:0,nw_proto:1,nw_src:10.3.3.2/32,nw_dst:10.2.3.2/32,tp_src:8,tp_dst:0,in_port:None][1;m

[1;36m[1;44m00:11.844 00:08.587 Successfully matched event ControlMessageReceive:i135 c c1 -> s 3 [ofp_flow_mod: hard_timeout=30, out_port=65535, priority=32768, idle_timeout=10, command=add, actions=(u'output(1)',), flags=0, match=dl_src:12:34:56:78:03:03,dl_dst:12:34:56:78:02:03,dl_vlan:65535,dl_vlan_pcp:0,dl_type:2048,nw_tos:0,nw_proto:1,nw_src:10.3.3.2/32,nw_dst:10.2.3.2/32,tp_src:8,tp_dst:0,in_port:None][1;m
[1;36m[1;44m00:11.846 00:08.588 Successfully matched event ControlMessageReceive:i136 c c1 -> s 2 [ofp_packet_out: actions=(u'output(3)',), data={u'class': u'lldp'}, in_port=65535][1;m
[1;36m[1;44m00:11.847 00:08.589 Successfully matched event TrafficInjection:e137[1;m
[1;42m[1;37mNo correctness violations![1;m
[1;36m[1;44m00:11.871 00:08.590 Successfully matched event CheckInvariants:e138[1;m
[1;36mForwarding dataplane event[1;m
[1;36m[1;44m00:11.874 00:08.710 Successfully matched event DataplanePermit:i139[1;m
[1;36m[1;36mRound 84[1;37m[1;m
[1;36mForwarding dataplane event[1;m
[1;36m[1;44m00:11.875 00:08.713 Successfully matched event DataplanePermit:i140[1;m
[1;36mForwarding dataplane event[1;m
[1;36m[1;44m00:11.876 00:08.713 Successfully matched event DataplanePermit:i141[1;m
[1;36mForwarding dataplane event[1;m
[1;36m[1;44m00:11.877 00:08.715 Successfully matched event DataplanePermit:i142[1;m
[1;36m[1;44m00:11.878 00:08.716 Successfully matched event ControlMessageSend:i143 c 2 -> s c1 [ofp_packet_in: data={u'dl_dst': u'12:34:56:78:03:03', u'nw_src': u'10.2.3.2', u'dl_src': u'12:34:56:78:02:03', u'nw_dst': u'10.3.3.2'}, in_port=3][1;m
[1;42m[1;37mNo correctness violations![1;m
[1;36m[1;44m00:11.900 00:08.717 Successfully matched event CheckInvariants:e144[1;m
[1;36mForwarding dataplane event[1;m
[1;36m[1;44m00:11.901 00:08.839 Successfully matched event DataplanePermit:i145[1;m
[1;36m[1;36mRound 85[1;37m[1;m
[1;36m[1;44m00:11.907 00:08.841 Successfully matched event ControlMessageReceive:i146 c c1 -> s 3 [ofp_flow_mod: hard_timeout=30, out_port=65535, priority=32768, idle_timeout=10, command=add, actions=(u'output(3)',), flags=0, match=dl_src:12:34:56:78:02:03,dl_dst:12:34:56:78:03:03,dl_vlan:65535,dl_vlan_pcp:0,dl_type:2048,nw_tos:0,nw_proto:1,nw_src:10.2.3.2/32,nw_dst:10.3.3.2/32,tp_src:0,tp_dst:0,in_port:None][1;m 
[1;41m[1;33m[c1] DEBUG:forwarding.l2_multi_broken_floyd:Installing path for 12:34:56:78:02:03 -> 12:34:56:78:03:03 0800 (2 hops)[1;m
[1;36m[1;44m00:11.911 00:08.842 Successfully matched event ControlMessageReceive:i147 c c1 -> s 2 [ofp_flow_mod: hard_timeout=30, out_port=65535, priority=32768, idle_timeout=10, command=add, actions=(u'output(1)',), flags=0, match=dl_src:12:34:56:78:02:03,dl_dst:12:34:56:78:03:03,dl_vlan:65535,dl_vlan_pcp:0,dl_type:2048,nw_tos:0,nw_proto:1,nw_src:10.2.3.2/32,nw_dst:10.3.3.2/32,tp_src:0,tp_dst:0,in_port:None][1;m

[1;36mCutting link (1:1) -> (3:2)[1;m
[1;36m[1;44m00:11.913 00:08.844 Successfully matched event LinkFailure:e148[1;m
[1;36m[1;44m00:11.914 00:08.845 Successfully matched event TrafficInjection:e149[1;m
[1;42m[1;37mNo correctness violations![1;m
[1;36m[1;44m00:11.935 00:08.846 Successfully matched event CheckInvariants:e150[1;m
[1;36mForwarding dataplane event[1;m
[1;36m[1;44m00:11.937 00:08.972 Successfully matched event DataplanePermit:i151[1;m
[1;36m[1;36mRound 86[1;37m[1;m
[1;36mForwarding dataplane event[1;m
[1;36m[1;44m00:11.939 00:08.974 Successfully matched event DataplanePermit:i152[1;m
[1;36m[1;44m00:11.940 00:08.975 Successfully matched event ControlMessageSend:i153 c 2 -> s c1 [ofp_packet_in: data={u'dl_dst': u'12:34:56:78:01:03', u'nw_src': u'10.2.3.2', u'dl_src': u'12:34:56:78:02:03', u'nw_dst': u'10.1.3.2'}, in_port=3][1;m
[1;36m[1;44m00:11.941 00:08.976 Successfully matched event ControlMessageSend:i154 c 1 -> s c1 [ofp_port_status: reason=1, desc=(1, u'00:00:00:00:01:01')][1;m
[1;42m[1;37mNo correctness violations![1;m
[1;36m[1;44m00:11.965 00:08.977 Successfully matched event CheckInvariants:e155[1;m
[1;36mForwarding dataplane event[1;m
[1;36m[1;44m00:11.967 00:09.103 Successfully matched event DataplanePermit:i156[1;m
[1;36m[1;36mRound 87[1;37m[1;m
[1;36m[1;44m00:11.972 00:09.105 Successfully matched event ControlMessageReceive:i157 c c1 -> s 1 [ofp_flow_mod: hard_timeout=30, out_port=65535, priority=32768, idle_timeout=10, command=add, actions=(u'output(3)',), flags=0, match=dl_src:12:34:56:78:02:03,dl_dst:12:34:56:78:01:03,dl_vlan:65535,dl_vlan_pcp:0,dl_type:2048,nw_tos:0,nw_proto:1,nw_src:10.2.3.2/32,nw_dst:10.1.3.2/32,tp_src:0,tp_dst:0,in_port:None][1;m[1;41m[1;33m[c1] DEBUG:forwarding.l2_multi_broken_floyd:Installing path for 12:34:56:78:02:03 -> 12:34:56:78:01:03 0800 (2 hops)[1;m


[1;36m[1;44m00:11.976 00:09.106 Successfully matched event ControlMessageReceive:i158 c c1 -> s 2 [ofp_flow_mod: hard_timeout=30, out_port=65535, priority=32768, idle_timeout=10, command=add, actions=(u'output(2)',), flags=0, match=dl_src:12:34:56:78:02:03,dl_dst:12:34:56:78:01:03,dl_vlan:65535,dl_vlan_pcp:0,dl_type:2048,nw_tos:0,nw_proto:1,nw_src:10.2.3.2/32,nw_dst:10.1.3.2/32,tp_src:0,tp_dst:0,in_port:None][1;m
[1;42m[1;37mNo correctness violations![1;m
[1;36m[1;44m00:12.003 00:09.108 Successfully matched event CheckInvariants:e159[1;m
[1;36mForwarding dataplane event[1;m
[1;36m[1;44m00:12.005 00:09.235 Successfully matched event DataplanePermit:i160[1;m
[1;36m[1;36mRound 88[1;37m[1;m
[1;42m[1;37mNo correctness violations![1;m
[1;36m[1;44m00:12.029 00:09.237 Successfully matched event CheckInvariants:e161[1;m
[1;36mForwarding dataplane event[1;m
[1;36m[1;44m00:12.030 00:09.365 Successfully matched event DataplanePermit:i162[1;m
[1;36m[1;36mRound 89[1;37m[1;m
[1;36m[1;44m00:12.031 00:09.367 Successfully matched event TrafficInjection:e163[1;m
[1;42m[1;37mNo correctness violations![1;m
[1;36m[1;44m00:12.060 00:09.368 Successfully matched event CheckInvariants:e164[1;m
[1;36mForwarding dataplane event[1;m
[1;36m[1;44m00:12.062 00:09.498 Successfully matched event DataplanePermit:i165[1;m
[1;36m[1;36mRound 90[1;37m[1;m
[1;36mRestoring link (1:1) -> (3:2)[1;m
[1;36m[1;44m00:12.063 00:09.500 Successfully matched event LinkRecovery:e166[1;m
[1;42m[1;37mNo correctness violations![1;m
[1;36m[1;44m00:12.088 00:09.500 Successfully matched event CheckInvariants:e167[1;m
[1;36mForwarding dataplane event[1;m
[1;36m[1;44m00:12.090 00:09.631 Successfully matched event DataplanePermit:i168[1;m
[1;36m[1;36mRound 91[1;37m[1;m
[1;36m[1;44m00:12.091 00:09.633 Successfully matched event ControlMessageSend:i169 c 1 -> s c1 [ofp_port_status: reason=0, desc=(1, u'00:00:00:00:01:01')][1;m
[1;42m[1;37mNo correctness violations![1;m
[1;36m[1;44m00:12.121 00:09.634 Successfully matched event CheckInvariants:e170[1;m
[1;36mForwarding dataplane event[1;m
[1;36m[1;44m00:12.122 00:09.762 Successfully matched event DataplanePermit:i171[1;m
[1;36m[1;36mRound 92[1;37m[1;m
[1;36m[1;44m00:12.123 00:09.763 Successfully matched event ControlMessageReceive:i172 c c1 -> s 1 [ofp_packet_out: actions=(u'output(2)',), data={u'class': u'lldp'}, in_port=65535][1;m
[1;36m[1;44m00:12.125 00:09.764 Successfully matched event TrafficInjection:e173[1;m
[1;42m[1;37mNo correctness violations![1;m
[1;36m[1;44m00:12.155 00:09.765 Successfully matched event CheckInvariants:e174[1;m
[1;36mForwarding dataplane event[1;m
[1;36m[1;44m00:12.157 00:09.895 Successfully matched event DataplanePermit:i175[1;m
[1;36m[1;36mRound 93[1;37m[1;m
[1;36mForwarding dataplane event[1;m
[1;36m[1;44m00:12.159 00:09.897 Successfully matched event DataplanePermit:i176[1;m
[1;36m[1;44m00:12.160 00:09.898 Successfully matched event ControlMessageSend:i177 c 1 -> s c1 [ofp_packet_in: data={u'dl_dst': u'12:34:56:78:02:03', u'nw_src': u'10.1.3.2', u'dl_src': u'12:34:56:78:01:03', u'nw_dst': u'10.2.3.2'}, in_port=3][1;m
[1;36m[1;44m00:12.161 00:09.899 Successfully matched event ControlMessageSend:i178 c 2 -> s c1 [ofp_packet_in: data={u'class': u'lldp'}, in_port=2][1;m
[1;42m[1;37mNo correctness violations![1;m
[1;36m[1;44m00:12.185 00:09.900 Successfully matched event CheckInvariants:e179[1;m
[1;41m[1;33m[c1] DEBUG:forwarding.l2_multi_broken_floyd:Installing path for 12:34:56:78:01:03 -> 12:34:56:78:02:03 0800 (2 hops)[1;m

[1;36m[1;44m00:12.228 00:10.028 Successfully matched event ControlMessageReceive:i180 c c1 -> s 1 [ofp_flow_mod: hard_timeout=30, out_port=65535, priority=32768, idle_timeout=10, command=add, actions=(u'output(2)',), flags=0, match=dl_src:12:34:56:78:01:03,dl_dst:12:34:56:78:02:03,dl_vlan:65535,dl_vlan_pcp:0,dl_type:2048,nw_tos:0,nw_proto:1,nw_src:10.1.3.2/32,nw_dst:10.2.3.2/32,tp_src:8,tp_dst:0,in_port:None][1;m
[1;36m[1;36mRound 94[1;37m[1;m
[1;36m[1;44m00:12.230 00:10.030 Successfully matched event ControlMessageReceive:i181 c c1 -> s 2 [ofp_packet_out: actions=(), data=(), in_port=2][1;m
[1;36m[1;44m00:12.231 00:10.031 Successfully matched event ControlMessageReceive:i182 c c1 -> s 2 [ofp_flow_mod: hard_timeout=30, out_port=65535, priority=32768, idle_timeout=10, command=add, actions=(u'output(3)',), flags=0, match=dl_src:12:34:56:78:01:03,dl_dst:12:34:56:78:02:03,dl_vlan:65535,dl_vlan_pcp:0,dl_type:2048,nw_tos:0,nw_proto:1,nw_src:10.1.3.2/32,nw_dst:10.2.3.2/32,tp_src:8,tp_dst:0,in_port:None][1;m
[1;36m[1;44m00:12.233 00:10.032 Successfully matched event TrafficInjection:e183[1;m
[1;42m[1;37mNo correctness violations![1;m
[1;36m[1;44m00:12.259 00:10.033 Successfully matched event CheckInvariants:e184[1;m
[1;36mForwarding dataplane event[1;m
[1;36m[1;44m00:12.261 00:10.161 Successfully matched event DataplanePermit:i185[1;m
[1;36m[1;36mRound 95[1;37m[1;m
[1;36mForwarding dataplane event[1;m
[1;36m[1;44m00:12.263 00:10.164 Successfully matched event DataplanePermit:i186[1;m
[1;36m[1;44m00:12.264 00:10.165 Successfully matched event ControlMessageSend:i187 c 1 -> s c1 [ofp_packet_in: data={u'dl_dst': u'12:34:56:78:03:03', u'nw_src': u'10.1.3.2', u'dl_src': u'12:34:56:78:01:03', u'nw_dst': u'10.3.3.2'}, in_port=3][1;m
[1;36m[1;44m00:12.265 00:10.166 Successfully matched event TrafficInjection:e188[1;m
[1;42m[1;37mNo correctness violations![1;m
[1;36m[1;44m00:12.295 00:10.168 Successfully matched event CheckInvariants:e189[1;m
[1;36mForwarding dataplane event[1;m
[1;36m[1;44m00:12.297 00:10.294 Successfully matched event DataplanePermit:i190[1;m
[1;36m[1;36mRound 96[1;37m[1;m
[1;36mForwarding dataplane event[1;m
[1;36m[1;44m00:12.298 00:10.296 Successfully matched event DataplanePermit:i191[1;m
[1;33m[c1] SYNTHETIC BUG[1;m

[1;33m[c1] MATCH ofp_match[1;m

[1;33m[c1]   wildcards: in_port (1 = 0x1)[1;m

[1;33m[c1]   dl_src: 12:34:56:78:01:03[1;m

[1;33m[c1]   dl_dst: 12:34:56:78:03:03[1;m

[1;33m[c1]   dl_vlan: 65535[1;m

[1;36m[1;44m00:12.308 00:10.297 Successfully matched event ControlMessageReceive:i192 c c1 -> s 1 [ofp_flow_mod: hard_timeout=30, out_port=65535, priority=32768, idle_timeout=10, command=add, actions=(u'output(2)',), flags=0, match=dl_src:12:34:56:78:01:03,dl_dst:12:34:56:78:03:03,dl_vlan:65535,dl_vlan_pcp:0,dl_type:2048,nw_tos:0,nw_proto:1,nw_src:10.1.3.2/32,nw_dst:10.3.3.2/32,tp_src:0,tp_dst:0,in_port:None][1;m[1;41m[1;33m[c1] DEBUG:forwarding.l2_multi_broken_floyd:Installing path for 12:34:56:78:01:03 -> 12:34:56:78:03:03 0800 (3 hops)[1;m


[1;36m[1;44m00:12.310 00:10.299 Successfully matched event ControlMessageReceive:i193 c c1 -> s 3 [ofp_flow_mod: hard_timeout=30, out_port=65535, priority=32768, idle_timeout=10, command=add, actions=(u'output(2)',), flags=0, match=dl_src:12:34:56:78:01:03,dl_dst:12:34:56:78:03:03,dl_vlan:65535,dl_vlan_pcp:0,dl_type:2048,nw_tos:0,nw_proto:1,nw_src:10.1.3.2/32,nw_dst:10.3.3.2/32,tp_src:0,tp_dst:0,in_port:None][1;m[1;33m[c1]   dl_vlan_pcp: 0[1;m


[1;36m[1;44m00:12.311 00:10.300 Successfully matched event ControlMessageReceive:i194 c c1 -> s 2 [ofp_flow_mod: hard_timeout=30, out_port=65535, priority=32768, idle_timeout=10, command=add, actions=(u'output(1)',), flags=0, match=dl_src:12:34:56:78:01:03,dl_dst:12:34:56:78:03:03,dl_vlan:65535,dl_vlan_pcp:0,dl_type:2048,nw_tos:0,nw_proto:1,nw_src:10.1.3.2/32,nw_dst:10.3.3.2/32,tp_src:0,tp_dst:0,in_port:None][1;m
[1;36m[1;44m00:12.312 00:10.301 Successfully matched event ControlMessageReceive:i195 c c1 -> s 1 [ofp_packet_out: actions=(u'output(3)',), data={u'class': u'lldp'}, in_port=65535][1;m[1;33m[c1]   dl_type: 0x800[1;m


[1;36m[1;44m00:12.312 00:10.302 Successfully matched event ControlMessageSend:i196 c 3 -> s c1 [ofp_packet_in: data={u'dl_dst': u'12:34:56:78:01:03', u'nw_src': u'10.3.3.2', u'dl_src': u'12:34:56:78:03:03', u'nw_dst': u'10.1.3.2'}, in_port=3][1;m
 [1;33m[c1]   nw_tos: 0[1;m

[1;33m[c1]   nw_proto: 1[1;m

[1;33m[c1]   nw_src: 10.1.3.2[1;m

[1;33m[c1]   nw_dst: 10.3.3.2[1;m

[1;33m[c1]   tp_src: 0[1;m

[1;33m[c1]   tp_dst: 0[1;m

[1;33m[c1] [(00-00-00-00-00-01, 2), (00-00-00-00-00-02, 1), (00-00-00-00-00-03, 2)][1;m

[1;41m[1;37mThe following correctness violations have occurred: ["(300003, ['-> Port: 300003', '-> Port: 100001', '-> Port: 200002', '-> Port: 300001', '-> Port: 100001'], (dl_src:12:34:56:78:01:03,dl_dst:12:34:56:78:03:03,dl_vlan:65535,dl_vlan_pcp:0,dl_type:2048,nw_tos:0,nw_proto:1,nw_src:10.1.3.2/32,nw_dst:10.3.3.2/32,tp_src:0,tp_dst:0) - ([]))", "(200003, ['-> Port: 200003', '-> Port: 300001', '-> Port: 100001', '-> Port: 200002', '-> Port: 300001'], (dl_src:12:34:56:78:01:03,dl_dst:12:34:56:78:03:03,dl_vlan:65535,dl_vlan_pcp:0,dl_type:2048,nw_tos:0,nw_proto:1,nw_src:10.1.3.2/32,nw_dst:10.3.3.2/32,tp_src:0,tp_dst:0) - ([]))"][1;m
[1;41m[1;37mPersistent violations detected!: ["(300003, ['-> Port: 300003', '-> Port: 100001', '-> Port: 200002', '-> Port: 300001', '-> Port: 100001'], (dl_src:12:34:56:78:01:03,dl_dst:12:34:56:78:03:03,dl_vlan:65535,dl_vlan_pcp:0,dl_type:2048,nw_tos:0,nw_proto:1,nw_src:10.1.3.2/32,nw_dst:10.3.3.2/32,tp_src:0,tp_dst:0) - ([]))", "(200003, ['-> Port: 200003', '-> Port: 300001', '-> Port: 100001', '-> Port: 200002', '-> Port: 300001'], (dl_src:12:34:56:78:01:03,dl_dst:12:34:56:78:03:03,dl_vlan:65535,dl_vlan_pcp:0,dl_type:2048,nw_tos:0,nw_proto:1,nw_src:10.1.3.2/32,nw_dst:10.3.3.2/32,tp_src:0,tp_dst:0) - ([]))"][1;m
[1;36m[1;44m00:12.343 00:10.303 Successfully matched event CheckInvariants:e197[1;m
[1;41m[1;33m[c1] DEBUG:forwarding.l2_multi_broken_floyd:Installing path for 12:34:56:78:03:03 -> 12:34:56:78:01:03 0800 (2 hops)[1;m

[1;36m[1;44m00:13.345 00:10.333 Successfully matched event WaitTime:e199[1;m
[1;36m[1;36mRound -1[1;37m[1;m
[1;41m[1;37mViolations at end of trace: ["(300003, ['-> Port: 300003', '-> Port: 100001', '-> Port: 200002', '-> Port: 300001', '-> Port: 100001'], (dl_src:12:34:56:78:01:03,dl_dst:12:34:56:78:03:03,dl_vlan:65535,dl_vlan_pcp:0,dl_type:2048,nw_tos:0,nw_proto:1,nw_src:10.1.3.2/32,nw_dst:10.3.3.2/32,tp_src:0,tp_dst:0) - ([]))", "(200003, ['-> Port: 200003', '-> Port: 300001', '-> Port: 100001', '-> Port: 200002', '-> Port: 300001'], (dl_src:12:34:56:78:01:03,dl_dst:12:34:56:78:03:03,dl_vlan:65535,dl_vlan_pcp:0,dl_type:2048,nw_tos:0,nw_proto:1,nw_src:10.1.3.2/32,nw_dst:10.3.3.2/32,tp_src:0,tp_dst:0) - ([]))"][1;m
[1;42m[1;37mViolation found (300003, ['-> Port: 300003', '-> Port: 100001', '-> Port: 200002', '-> Port: 300001', '-> Port: 100001'], (dl_src:12:34:56:78:01:03,dl_dst:12:34:56:78:03:03,dl_vlan:65535,dl_vlan_pcp:0,dl_type:2048,nw_tos:0,nw_proto:1,nw_src:10.1.3.2/32,nw_dst:10.3.3.2/32,tp_src:0,tp_dst:0) - ([]))[1;m
[1;36m[1;44mEvent Stats: Events matched: 185, timed out: 6
Matches per event type:
  WaitTime 1
  LinkFailure 1
  ConnectToControllers 1
  LinkRecovery 1
  TrafficInjection 11
  CheckInvariants 19
  ControlMessageSend 32
  DataplanePermit 39
  ControlMessageReceive 80
Timeouts per event type:
  ControlMessageSend 1
  ControlMessageReceive 2
  DataplanePermit 3
[1;m
[1;36mKilling controller c1 (pid 59709)[1;m
Terminating child controllers... OK
