Sleeping 0 seconds after run
Violation reproduced successfully! Proceeding with pruning
Subsets:
l/0: e18 e19 e43 e44 e56 e63 e80 e81 e85 e86
r/0: e87 e95 e96 e99 e102 e105 e126 e129 e130 e131
Current subset: l/0: e18 e19 e43 e44 e56 e63 e80 e81 e85 e86
Violation! Considering 0'th
Violation found in 0th half. Recursing
Subsets:
l/0.l/1: e18 e19 e43 e44 e56
l/0.r/1: e63 e80 e81 e85 e86
Current subset: l/0.l/1: e18 e19 e43 e44 e56
Sleeping 0 seconds after run
Violation! Considering 0'th
Violation found in 0th half. Recursing
Subsets:
l/0.l/1.l/2: e18 e19 e43
l/0.l/1.r/2: e44 e56
Current subset: l/0.l/1.l/2: e18 e19 e43
Violation! Considering 0'th
Violation found in 0th half. Recursing
Subsets:
l/0.l/1.l/2.l/3: e18 e19
l/0.l/1.l/2.r/3: e43
Current subset: l/0.l/1.l/2.l/3: e18 e19
Sleeping 0 seconds after run
No violation in 0'th...
Current subset: l/0.l/1.l/2.r/3: e43
No violation in 1'th...
Interference
Recursing on left half
Subsets:
l/0.l/1.l/2.il/3.l/4: e18
l/0.l/1.l/2.il/3.r/4: e19
Current subset: l/0.l/1.l/2.il/3.l/4: e18
Sleeping 0 seconds after run
