xss =  -ea -javaagent:/home/mininet/apache-cassandra-1.2.4/bin/../lib/jamm-0.2.5.jar -XX:+UseThreadPriorities -XX:ThreadPriorityPolicy=42 -Xms1001M -Xmx1001M -Xmn100M -XX:+HeapDumpOnOutOfMemoryError -Xss228k
 INFO 10:46:48,151 Logging initialized
 INFO 10:46:48,163 JVM vendor/version: OpenJDK 64-Bit Server VM/1.7.0_51
 WARN 10:46:48,164 OpenJDK is not recommended. Please upgrade to the newest Oracle Java release
 INFO 10:46:48,164 Heap size: 1039138816/1040187392
 INFO 10:46:48,164 Classpath: /home/mininet/apache-cassandra-1.2.4/bin/../conf:/home/mininet/apache-cassandra-1.2.4/bin/../build/classes/main:/home/mininet/apache-cassandra-1.2.4/bin/../build/classes/thrift:/home/mininet/apache-cassandra-1.2.4/bin/../lib/antlr-3.2.jar:/home/mininet/apache-cassandra-1.2.4/bin/../lib/apache-cassandra-1.2.4.jar:/home/mininet/apache-cassandra-1.2.4/bin/../lib/apache-cassandra-clientutil-1.2.4.jar:/home/mininet/apache-cassandra-1.2.4/bin/../lib/apache-cassandra-thrift-1.2.4.jar:/home/mininet/apache-cassandra-1.2.4/bin/../lib/avro-1.4.0-fixes.jar:/home/mininet/apache-cassandra-1.2.4/bin/../lib/avro-1.4.0-sources-fixes.jar:/home/mininet/apache-cassandra-1.2.4/bin/../lib/commons-cli-1.1.jar:/home/mininet/apache-cassandra-1.2.4/bin/../lib/commons-codec-1.2.jar:/home/mininet/apache-cassandra-1.2.4/bin/../lib/commons-lang-2.6.jar:/home/mininet/apache-cassandra-1.2.4/bin/../lib/compress-lzf-0.8.4.jar:/home/mininet/apache-cassandra-1.2.4/bin/../lib/concurrentlinkedhashmap-lru-1.3.jar:/home/mininet/apache-cassandra-1.2.4/bin/../lib/guava-13.0.1.jar:/home/mininet/apache-cassandra-1.2.4/bin/../lib/high-scale-lib-1.1.2.jar:/home/mininet/apache-cassandra-1.2.4/bin/../lib/jackson-core-asl-1.9.2.jar:/home/mininet/apache-cassandra-1.2.4/bin/../lib/jackson-mapper-asl-1.9.2.jar:/home/mininet/apache-cassandra-1.2.4/bin/../lib/jamm-0.2.5.jar:/home/mininet/apache-cassandra-1.2.4/bin/../lib/jbcrypt-0.3m.jar:/home/mininet/apache-cassandra-1.2.4/bin/../lib/jline-1.0.jar:/home/mininet/apache-cassandra-1.2.4/bin/../lib/json-simple-1.1.jar:/home/mininet/apache-cassandra-1.2.4/bin/../lib/libthrift-0.7.0.jar:/home/mininet/apache-cassandra-1.2.4/bin/../lib/log4j-1.2.16.jar:/home/mininet/apache-cassandra-1.2.4/bin/../lib/lz4-1.1.0.jar:/home/mininet/apache-cassandra-1.2.4/bin/../lib/metrics-core-2.0.3.jar:/home/mininet/apache-cassandra-1.2.4/bin/../lib/netty-3.5.9.Final.jar:/home/mininet/apache-cassandra-1.2.4/bin/../lib/servlet-api-2.5-20081211.jar:/home/mininet/apache-cassandra-1.2.4/bin/../lib/slf4j-api-1.7.2.jar:/home/mininet/apache-cassandra-1.2.4/bin/../lib/slf4j-log4j12-1.7.2.jar:/home/mininet/apache-cassandra-1.2.4/bin/../lib/snakeyaml-1.6.jar:/home/mininet/apache-cassandra-1.2.4/bin/../lib/snappy-java-1.0.4.1.jar:/home/mininet/apache-cassandra-1.2.4/bin/../lib/snaptree-0.1.jar:/home/mininet/apache-cassandra-1.2.4/bin/../lib/jamm-0.2.5.jar
 INFO 10:46:48,166 JNA not found. Native methods will be disabled.
 INFO 10:46:48,176 Loading settings from file:/home/mininet/apache-cassandra-1.2.4/conf/cassandra.yaml
 INFO 10:46:48,898 Data files directories: [/var/lib/cassandra/data]
 INFO 10:46:48,898 Commit log directory: /var/lib/cassandra/commitlog
 INFO 10:46:48,898 DiskAccessMode 'auto' determined to be mmap, indexAccessMode is mmap
 INFO 10:46:48,898 disk_failure_policy is stop
 INFO 10:46:48,907 Global memtable threshold is enabled at 330MB
 INFO 10:46:49,030 Not using multi-threaded compaction
 INFO 10:46:49,945 Initializing key cache with capacity of 49 MBs.
 INFO 10:46:49,960 Scheduling key cache save to each 14400 seconds (going to save all keys).
 INFO 10:46:49,966 Initializing row cache with capacity of 0 MBs and provider org.apache.cassandra.cache.SerializingCacheProvider
 INFO 10:46:50,044 Scheduling row cache save to each 0 seconds (going to save all keys).
 INFO 10:46:50,710 Couldn't detect any schema definitions in local storage.
 INFO 10:46:50,711 To create keyspaces and column families, see 'help create keyspace' in the CLI, or set up a schema using the thrift system_* calls.
 INFO 10:46:50,804 No commitlog files found; skipping replay
 INFO 10:46:51,183 Cassandra version: 1.2.4
 INFO 10:46:51,186 Thrift API version: 19.35.0
 INFO 10:46:51,189 CQL supported versions: 2.0.0,3.0.1 (default: 3.0.1)
 INFO 10:46:51,220 Loading persisted ring state
 INFO 10:46:51,223 Starting up server gossip
 WARN 10:46:51,227 No host ID found, created 5b576e29-ea04-49d7-b2e3-c1421a25baae (Note: This should happen exactly once per node).
 INFO 10:46:51,237 Enqueuing flush of Memtable-local@1144545164(361/361 serialized/live bytes, 15 ops)
 INFO 10:46:51,244 Writing Memtable-local@1144545164(361/361 serialized/live bytes, 15 ops)
 INFO 10:46:51,299 Completed flushing /var/lib/cassandra/data/system/local/system-local-ib-1-Data.db (352 bytes) for commitlog position ReplayPosition(segmentId=1391194010663, position=50656)
 INFO 10:46:51,436 Starting Messaging Service on port 7000
 INFO 10:46:51,545 Saved token not found. Using [-9223372036854775808] from configuration
 INFO 10:46:51,547 Enqueuing flush of Memtable-local@760739872(84/84 serialized/live bytes, 4 ops)
 INFO 10:46:51,549 Writing Memtable-local@760739872(84/84 serialized/live bytes, 4 ops)
 INFO 10:46:51,566 Completed flushing /var/lib/cassandra/data/system/local/system-local-ib-2-Data.db (120 bytes) for commitlog position ReplayPosition(segmentId=1391194010663, position=50931)
 INFO 10:46:51,579 Enqueuing flush of Memtable-local@1859455622(51/51 serialized/live bytes, 2 ops)
 INFO 10:46:51,582 Writing Memtable-local@1859455622(51/51 serialized/live bytes, 2 ops)
 INFO 10:46:51,604 Completed flushing /var/lib/cassandra/data/system/local/system-local-ib-3-Data.db (110 bytes) for commitlog position ReplayPosition(segmentId=1391194010663, position=51106)
 INFO 10:46:51,640 Node /192.168.56.11 state jump to normal
 INFO 10:46:51,643 Startup completed! Now serving reads.
 INFO 10:46:51,647 Create new Keyspace: system_auth, rep strategy:SimpleStrategy{}, strategy_options: {replication_factor=1}, durable_writes: true
 INFO 10:46:51,754 Enqueuing flush of Memtable-schema_keyspaces@2007721111(389/389 serialized/live bytes, 11 ops)
 INFO 10:46:51,759 Writing Memtable-schema_keyspaces@2007721111(389/389 serialized/live bytes, 11 ops)
 INFO 10:46:51,794 Completed flushing /var/lib/cassandra/data/system/schema_keyspaces/system-schema_keyspaces-ib-1-Data.db (265 bytes) for commitlog position ReplayPosition(segmentId=1391194010663, position=51347)
 INFO 10:46:51,795 Enqueuing flush of Memtable-schema_columnfamilies@1721339467(21969/21969 serialized/live bytes, 359 ops)
 INFO 10:46:51,798 Writing Memtable-schema_columnfamilies@1721339467(21969/21969 serialized/live bytes, 359 ops)
 INFO 10:46:51,856 Completed flushing /var/lib/cassandra/data/system/schema_columnfamilies/system-schema_columnfamilies-ib-1-Data.db (4565 bytes) for commitlog position ReplayPosition(segmentId=1391194010663, position=51347)
 INFO 10:46:51,857 Enqueuing flush of Memtable-schema_columns@971869155(21903/21903 serialized/live bytes, 332 ops)
 INFO 10:46:51,858 Writing Memtable-schema_columns@971869155(21903/21903 serialized/live bytes, 332 ops)
 INFO 10:46:51,905 Completed flushing /var/lib/cassandra/data/system/schema_columns/system-schema_columns-ib-1-Data.db (3823 bytes) for commitlog position ReplayPosition(segmentId=1391194010663, position=51347)
 INFO 10:46:52,194 Create new ColumnFamily: org.apache.cassandra.config.CFMetaData@662e80e1[cfId=473588ad-9c79-38be-8b59-e06c10456ba0,ksName=system_auth,cfName=users,cfType=Standard,comparator=org.apache.cassandra.db.marshal.CompositeType(org.apache.cassandra.db.marshal.UTF8Type),subcolumncomparator=<null>,comment=,readRepairChance=0.1,dclocalReadRepairChance=0.0,replicateOnWrite=true,gcGraceSeconds=7776000,defaultValidator=org.apache.cassandra.db.marshal.BytesType,keyValidator=org.apache.cassandra.db.marshal.UTF8Type,minCompactionThreshold=4,maxCompactionThreshold=32,keyAliases=[java.nio.HeapByteBuffer[pos=0 lim=4 cap=4]],columnAliases=[],valueAlias=<null>,column_metadata={java.nio.HeapByteBuffer[pos=0 lim=5 cap=5]=ColumnDefinition{name=7375706572, validator=org.apache.cassandra.db.marshal.BooleanType, index_type=null, index_name='null', component_index=0}},compactionStrategyClass=class org.apache.cassandra.db.compaction.SizeTieredCompactionStrategy,compactionStrategyOptions={},compressionOptions={sstable_compression=org.apache.cassandra.io.compress.SnappyCompressor},bloomFilterFpChance=0.01,caching=KEYS_ONLY,populateIoCacheOnFlush=false]
 INFO 10:46:52,230 Enqueuing flush of Memtable-schema_columnfamilies@1195355653(1097/1097 serialized/live bytes, 20 ops)
 INFO 10:46:52,233 Writing Memtable-schema_columnfamilies@1195355653(1097/1097 serialized/live bytes, 20 ops)
 INFO 10:46:52,265 Completed flushing /var/lib/cassandra/data/system/schema_columnfamilies/system-schema_columnfamilies-ib-2-Data.db (698 bytes) for commitlog position ReplayPosition(segmentId=1391194010663, position=53131)
 INFO 10:46:52,268 Enqueuing flush of Memtable-schema_columns@329774269(251/251 serialized/live bytes, 5 ops)
 INFO 10:46:52,268 Writing Memtable-schema_columns@329774269(251/251 serialized/live bytes, 5 ops)
 INFO 10:46:52,293 Completed flushing /var/lib/cassandra/data/system/schema_columns/system-schema_columns-ib-2-Data.db (209 bytes) for commitlog position ReplayPosition(segmentId=1391194010663, position=53131)
