xss =  -ea -javaagent:/home/mininet/apache-cassandra-1.2.4/bin/../lib/jamm-0.2.5.jar -XX:+UseThreadPriorities -XX:ThreadPriorityPolicy=42 -Xms1001M -Xmx1001M -Xmn100M -XX:+HeapDumpOnOutOfMemoryError -Xss228k
 INFO 10:46:49,384 Logging initialized
 INFO 10:46:49,397 JVM vendor/version: OpenJDK 64-Bit Server VM/1.7.0_51
 WARN 10:46:49,398 OpenJDK is not recommended. Please upgrade to the newest Oracle Java release
 INFO 10:46:49,398 Heap size: 1039138816/1040187392
 INFO 10:46:49,398 Classpath: /home/mininet/apache-cassandra-1.2.4/bin/../conf:/home/mininet/apache-cassandra-1.2.4/bin/../build/classes/main:/home/mininet/apache-cassandra-1.2.4/bin/../build/classes/thrift:/home/mininet/apache-cassandra-1.2.4/bin/../lib/antlr-3.2.jar:/home/mininet/apache-cassandra-1.2.4/bin/../lib/apache-cassandra-1.2.4.jar:/home/mininet/apache-cassandra-1.2.4/bin/../lib/apache-cassandra-clientutil-1.2.4.jar:/home/mininet/apache-cassandra-1.2.4/bin/../lib/apache-cassandra-thrift-1.2.4.jar:/home/mininet/apache-cassandra-1.2.4/bin/../lib/avro-1.4.0-fixes.jar:/home/mininet/apache-cassandra-1.2.4/bin/../lib/avro-1.4.0-sources-fixes.jar:/home/mininet/apache-cassandra-1.2.4/bin/../lib/commons-cli-1.1.jar:/home/mininet/apache-cassandra-1.2.4/bin/../lib/commons-codec-1.2.jar:/home/mininet/apache-cassandra-1.2.4/bin/../lib/commons-lang-2.6.jar:/home/mininet/apache-cassandra-1.2.4/bin/../lib/compress-lzf-0.8.4.jar:/home/mininet/apache-cassandra-1.2.4/bin/../lib/concurrentlinkedhashmap-lru-1.3.jar:/home/mininet/apache-cassandra-1.2.4/bin/../lib/guava-13.0.1.jar:/home/mininet/apache-cassandra-1.2.4/bin/../lib/high-scale-lib-1.1.2.jar:/home/mininet/apache-cassandra-1.2.4/bin/../lib/jackson-core-asl-1.9.2.jar:/home/mininet/apache-cassandra-1.2.4/bin/../lib/jackson-mapper-asl-1.9.2.jar:/home/mininet/apache-cassandra-1.2.4/bin/../lib/jamm-0.2.5.jar:/home/mininet/apache-cassandra-1.2.4/bin/../lib/jbcrypt-0.3m.jar:/home/mininet/apache-cassandra-1.2.4/bin/../lib/jline-1.0.jar:/home/mininet/apache-cassandra-1.2.4/bin/../lib/json-simple-1.1.jar:/home/mininet/apache-cassandra-1.2.4/bin/../lib/libthrift-0.7.0.jar:/home/mininet/apache-cassandra-1.2.4/bin/../lib/log4j-1.2.16.jar:/home/mininet/apache-cassandra-1.2.4/bin/../lib/lz4-1.1.0.jar:/home/mininet/apache-cassandra-1.2.4/bin/../lib/metrics-core-2.0.3.jar:/home/mininet/apache-cassandra-1.2.4/bin/../lib/netty-3.5.9.Final.jar:/home/mininet/apache-cassandra-1.2.4/bin/../lib/servlet-api-2.5-20081211.jar:/home/mininet/apache-cassandra-1.2.4/bin/../lib/slf4j-api-1.7.2.jar:/home/mininet/apache-cassandra-1.2.4/bin/../lib/slf4j-log4j12-1.7.2.jar:/home/mininet/apache-cassandra-1.2.4/bin/../lib/snakeyaml-1.6.jar:/home/mininet/apache-cassandra-1.2.4/bin/../lib/snappy-java-1.0.4.1.jar:/home/mininet/apache-cassandra-1.2.4/bin/../lib/snaptree-0.1.jar:/home/mininet/apache-cassandra-1.2.4/bin/../lib/jamm-0.2.5.jar
 INFO 10:46:49,400 JNA not found. Native methods will be disabled.
 INFO 10:46:49,410 Loading settings from file:/home/mininet/apache-cassandra-1.2.4/conf/cassandra.yaml
 INFO 10:46:49,852 Data files directories: [/var/lib/cassandra/data]
 INFO 10:46:49,853 Commit log directory: /var/lib/cassandra/commitlog
 INFO 10:46:49,853 DiskAccessMode 'auto' determined to be mmap, indexAccessMode is mmap
 INFO 10:46:49,854 disk_failure_policy is stop
 INFO 10:46:49,866 Global memtable threshold is enabled at 330MB
 INFO 10:46:50,005 Not using multi-threaded compaction
 INFO 10:46:50,665 Initializing key cache with capacity of 49 MBs.
 INFO 10:46:50,673 Scheduling key cache save to each 14400 seconds (going to save all keys).
 INFO 10:46:50,674 Initializing row cache with capacity of 0 MBs and provider org.apache.cassandra.cache.SerializingCacheProvider
 INFO 10:46:50,682 Scheduling row cache save to each 0 seconds (going to save all keys).
 INFO 10:46:51,065 Couldn't detect any schema definitions in local storage.
 INFO 10:46:51,066 To create keyspaces and column families, see 'help create keyspace' in the CLI, or set up a schema using the thrift system_* calls.
 INFO 10:46:51,140 No commitlog files found; skipping replay
 INFO 10:46:51,495 Cassandra version: 1.2.4
 INFO 10:46:51,497 Thrift API version: 19.35.0
 INFO 10:46:51,499 CQL supported versions: 2.0.0,3.0.1 (default: 3.0.1)
 INFO 10:46:51,539 Loading persisted ring state
 INFO 10:46:51,542 Starting up server gossip
 WARN 10:46:51,546 No host ID found, created 505a0d8d-9071-4b9b-8413-992a3f8a8119 (Note: This should happen exactly once per node).
 INFO 10:46:51,558 Enqueuing flush of Memtable-local@1156511567(361/361 serialized/live bytes, 15 ops)
 INFO 10:46:51,565 Writing Memtable-local@1156511567(361/361 serialized/live bytes, 15 ops)
 INFO 10:46:51,626 Completed flushing /var/lib/cassandra/data/system/local/system-local-ib-1-Data.db (349 bytes) for commitlog position ReplayPosition(segmentId=1391194011041, position=50656)
 INFO 10:46:51,715 Starting Messaging Service on port 7000
 INFO 10:46:51,795 Enqueuing flush of Memtable-local@1622940842(86/86 serialized/live bytes, 4 ops)
 INFO 10:46:51,800 Writing Memtable-local@1622940842(86/86 serialized/live bytes, 4 ops)
 INFO 10:46:51,823 Completed flushing /var/lib/cassandra/data/system/local/system-local-ib-2-Data.db (122 bytes) for commitlog position ReplayPosition(segmentId=1391194011041, position=50933)
 INFO 10:46:51,825 JOINING: waiting for ring information
 INFO 10:46:53,347 Node /192.168.56.11 is now part of the cluster
 INFO 10:46:53,349 InetAddress /192.168.56.11 is now UP
 INFO 10:46:53,372 Enqueuing flush of Memtable-peers@285401532(182/182 serialized/live bytes, 10 ops)
 INFO 10:46:53,372 Writing Memtable-peers@285401532(182/182 serialized/live bytes, 10 ops)
 INFO 10:46:53,396 Completed flushing /var/lib/cassandra/data/system/peers/system-peers-ib-1-Data.db (236 bytes) for commitlog position ReplayPosition(segmentId=1391194011041, position=51638)
 INFO 10:46:53,439 Enqueuing flush of Memtable-schema_keyspaces@656328142(389/389 serialized/live bytes, 11 ops)
 INFO 10:46:53,441 Writing Memtable-schema_keyspaces@656328142(389/389 serialized/live bytes, 11 ops)
 INFO 10:46:53,464 Completed flushing /var/lib/cassandra/data/system/schema_keyspaces/system-schema_keyspaces-ib-1-Data.db (260 bytes) for commitlog position ReplayPosition(segmentId=1391194011041, position=53730)
 INFO 10:46:53,468 Enqueuing flush of Memtable-schema_columnfamilies@105660303(23066/23066 serialized/live bytes, 379 ops)
 INFO 10:46:53,468 Writing Memtable-schema_columnfamilies@105660303(23066/23066 serialized/live bytes, 379 ops)
 INFO 10:46:53,512 Completed flushing /var/lib/cassandra/data/system/schema_columnfamilies/system-schema_columnfamilies-ib-1-Data.db (4851 bytes) for commitlog position ReplayPosition(segmentId=1391194011041, position=53730)
 INFO 10:46:53,514 Enqueuing flush of Memtable-schema_columns@1575056281(22154/22154 serialized/live bytes, 337 ops)
 INFO 10:46:53,514 Writing Memtable-schema_columns@1575056281(22154/22154 serialized/live bytes, 337 ops)
 INFO 10:46:53,554 Completed flushing /var/lib/cassandra/data/system/schema_columns/system-schema_columns-ib-1-Data.db (3905 bytes) for commitlog position ReplayPosition(segmentId=1391194011041, position=53730)
 INFO 10:46:53,826 JOINING: schema complete, ready to bootstrap
 INFO 10:46:53,826 JOINING: getting bootstrap token
 INFO 10:46:53,831 Enqueuing flush of Memtable-local@1909453433(73/73 serialized/live bytes, 4 ops)
 INFO 10:46:53,832 Writing Memtable-local@1909453433(73/73 serialized/live bytes, 4 ops)
 INFO 10:46:53,856 Completed flushing /var/lib/cassandra/data/system/local/system-local-ib-3-Data.db (136 bytes) for commitlog position ReplayPosition(segmentId=1391194011041, position=54028)
 INFO 10:46:53,883 JOINING: sleeping 30000 ms for pending range setup
 INFO 10:47:23,885 JOINING: Starting to bootstrap...
 INFO 10:47:23,993 Finished streaming session 1f81dcb0-8aa8-11e3-9025-c1b7d013ecd2 from /192.168.56.11
 INFO 10:47:23,994 Bootstrap completed! for the tokens [0]
 INFO 10:47:23,995 Enqueuing flush of Memtable-local@129692337(43/43 serialized/live bytes, 2 ops)
 INFO 10:47:23,996 Writing Memtable-local@129692337(43/43 serialized/live bytes, 2 ops)
 INFO 10:47:24,016 Completed flushing /var/lib/cassandra/data/system/local/system-local-ib-4-Data.db (75 bytes) for commitlog position ReplayPosition(segmentId=1391194011041, position=54161)
 INFO 10:47:24,028 Enqueuing flush of Memtable-local@320179133(32/32 serialized/live bytes, 2 ops)
 INFO 10:47:24,029 Writing Memtable-local@320179133(32/32 serialized/live bytes, 2 ops)
 INFO 10:47:24,044 Compacting [SSTableReader(path='/var/lib/cassandra/data/system/local/system-local-ib-2-Data.db'), SSTableReader(path='/var/lib/cassandra/data/system/local/system-local-ib-1-Data.db'), SSTableReader(path='/var/lib/cassandra/data/system/local/system-local-ib-3-Data.db'), SSTableReader(path='/var/lib/cassandra/data/system/local/system-local-ib-4-Data.db')]
 INFO 10:47:24,067 Completed flushing /var/lib/cassandra/data/system/local/system-local-ib-5-Data.db (90 bytes) for commitlog position ReplayPosition(segmentId=1391194011041, position=54317)
 INFO 10:47:24,088 Node /192.168.56.12 state jump to normal
 INFO 10:47:24,091 Startup completed! Now serving reads.
