No DataplaneDrops to replay. We suggest you set Replayer's default_dp_permit=True 
[1;36mStarting POX controller c1[1;m
connect_socket_with_backoff ('127.0.0.1', 7777)
Error connecting.  -- [Errno 111] Connection refused. Backing off 1 seconds ...
[1;33m[c1] POX 0.0.0 / Copyright 2011 James McCauley[1;m

[1;41m[1;33m[c1] DEBUG:core:POX 0.0.0 going up...[1;m

[1;41m[1;33m[c1] DEBUG:core:Running on CPython (2.7.3/Sep 26 2013 20:03:06)[1;m

[1;41m[1;33m[c1] INFO:core:POX 0.0.0 is up.[1;m

[1;41m[1;33m[c1] DEBUG:openflow.of_01:Listening for connections on ('127.0.0.1', 7777)[1;m

[1;33m[c1] Incoming true socket connected[1;m

connect_socket_with_backoff ('127.0.0.1', 7777)
connect_socket_with_backoff ('127.0.0.1', 7777)[1;33m[c1] Incoming MockSocket connection [u'127.0.0.1', 35253][1;m


connect_socket_with_backoff ('127.0.0.1', 7777)
[1;36m[1;44m00:00.503 00:00.000 Successfully matched event ConnectToControllers:e1[1;m[1;33m[c1] Incoming MockSocket connection [u'127.0.0.1', 35253][1;m


[1;33m[c1] Incoming MockSocket connection [u'127.0.0.1', 35253][1;m
[1;36m[1;44m00:00.506 00:00.007 Successfully matched event ControlMessageReceive:i2 c c1 -> s 3 [ofp_hello: ][1;m

[1;36m[1;36mRound 1[1;37m[1;m
[1;36m[1;44m00:00.507 00:00.008 Successfully matched event ControlMessageReceive:i3 c c1 -> s 2 [ofp_hello: ][1;m
[1;36m[1;44m00:00.508 00:00.008 Successfully matched event ControlMessageReceive:i4 c c1 -> s 1 [ofp_hello: ][1;m
[1;36m[1;44m00:00.508 00:00.009 Successfully matched event ControlMessageSend:i5 c 3 -> s c1 [ofp_hello: ][1;m
[1;36m[1;44m00:00.509 00:00.009 Successfully matched event ControlMessageSend:i6 c 2 -> s c1 [ofp_hello: ][1;m
[1;36m[1;44m00:00.510 00:00.009 Successfully matched event ControlMessageSend:i7 c 1 -> s c1 [ofp_hello: ][1;m
[1;36m[1;44m00:00.512 00:00.110 Successfully matched event ControlMessageReceive:i8 c c1 -> s 3 [ofp_features_request: ][1;m
[1;36m[1;36mRound 2[1;37m[1;m
[1;36m[1;44m00:00.513 00:00.110 Successfully matched event ControlMessageReceive:i9 c c1 -> s 2 [ofp_features_request: ][1;m
[1;36m[1;44m00:00.550 00:00.111 Successfully matched event ControlMessageReceive:i10 c c1 -> s 1 [ofp_features_request: ][1;m
[1;36m[1;44m00:00.550 00:00.111 Successfully matched event ControlMessageSend:i11 c 3 -> s c1 [ofp_features_reply: datapath_id=3][1;m
[1;36m[1;44m00:00.551 00:00.112 Successfully matched event ControlMessageSend:i12 c 2 -> s c1 [ofp_features_reply: datapath_id=2][1;m
[1;36m[1;44m00:00.552 00:00.112 Successfully matched event ControlMessageSend:i13 c 1 -> s c1 [ofp_features_reply: datapath_id=1][1;m
[1;36m[1;44m00:00.594 00:00.213 Successfully matched event ControlMessageReceive:i14 c c1 -> s 1 [ofp_set_config: ][1;m
[1;36m[1;36mRound 3[1;37m[1;m
[1;36m[1;44m00:00.595 00:00.214 Successfully matched event ControlMessageReceive:i15 c c1 -> s 3 [ofp_barrier_request: ][1;m
[1;36m[1;44m00:00.597 00:00.214 Successfully matched event ControlMessageReceive:i16 c c1 -> s 1 [ofp_flow_mod: hard_timeout=0, out_port=65535, priority=32768, idle_timeout=0, command=delete, actions=(), flags=0, match=x^L,in_port:None][1;m
[1;36m[1;44m00:00.598 00:00.215 Successfully matched event ControlMessageReceive:i17 c c1 -> s 2 [ofp_set_config: ][1;m
[1;36m[1;44m00:00.599 00:00.216 Successfully matched event ControlMessageReceive:i18 c c1 -> s 2 [ofp_flow_mod: hard_timeout=0, out_port=65535, priority=32768, idle_timeout=0, command=delete, actions=(), flags=0, match=x^L,in_port:None][1;m
[1;36m[1;44m00:00.600 00:00.216 Successfully matched event ControlMessageReceive:i19 c c1 -> s 2 [ofp_barrier_request: ][1;m
[1;36m[1;44m00:00.601 00:00.217 Successfully matched event ControlMessageReceive:i20 c c1 -> s 1 [ofp_barrier_request: ][1;m
[1;36m[1;44m00:00.602 00:00.218 Successfully matched event ControlMessageReceive:i21 c c1 -> s 3 [ofp_flow_mod: hard_timeout=0, out_port=65535, priority=32768, idle_timeout=0, command=delete, actions=(), flags=0, match=x^L,in_port:None][1;m
[1;36m[1;44m00:00.603 00:00.218 Successfully matched event ControlMessageReceive:i22 c c1 -> s 3 [ofp_set_config: ][1;m
[1;36m[1;44m00:00.604 00:00.219 Successfully matched event ControlMessageSend:i23 c 3 -> s c1 [ofp_barrier_reply: ][1;m
[1;36m[1;44m00:00.604 00:00.219 Successfully matched event ControlMessageSend:i24 c 2 -> s c1 [ofp_barrier_reply: ][1;m
[1;36m[1;44m00:00.605 00:00.219 Successfully matched event ControlMessageSend:i25 c 1 -> s c1 [ofp_barrier_reply: ][1;m
[1;41m[1;33m[c1] INFO:openflow.of_01:of_01 [Con 3/3] Connected to 00-00-00-00-00-03[1;m

[1;41m[1;33m[c1] DEBUG:forwarding.l2_multi_broken_floyd:Connect [Con 3/3][1;m

[1;41m[1;33m[c1] DEBUG:openflow.discovery:Installing flow for 00-00-00-00-00-03[1;m

[1;41m[1;33m[c1] INFO:openflow.of_01:of_01 [Con 2/2] Connected to 00-00-00-00-00-02[1;m

[1;41m[1;33m[c1] DEBUG:forwarding.l2_multi_broken_floyd:Connect [Con 2/2][1;m

[1;41m[1;33m[c1] DEBUG:openflow.discovery:Installing flow for 00-00-00-00-00-02[1;m

[1;36m[1;44m00:00.612 00:00.320 Successfully matched event ControlMessageReceive:i26 c c1 -> s 2 [ofp_flow_mod: hard_timeout=0, out_port=65535, priority=32768, idle_timeout=0, command=add, actions=(u'output(65533)',), flags=0, match=dl_dst:01:23:20:00:00:01,dl_type:35020,in_port:None][1;m[1;41m[1;33m[c1] INFO:openflow.of_01:of_01 [Con 1/1] Connected to 00-00-00-00-00-01[1;m

[1;36m[1;36mRound 4[1;37m[1;m

[1;41m[1;33m[c1] DEBUG:forwarding.l2_multi_broken_floyd:Connect [Con 1/1][1;m

[1;41m[1;33m[c1] DEBUG:openflow.discovery:Installing flow for 00-00-00-00-00-01[1;m

[1;36m[1;44m00:00.651 00:00.321 Successfully matched event ControlMessageReceive:i27 c c1 -> s 1 [ofp_flow_mod: hard_timeout=0, out_port=65535, priority=32768, idle_timeout=0, command=add, actions=(u'output(65533)',), flags=0, match=dl_dst:01:23:20:00:00:01,dl_type:35020,in_port:None][1;m
[1;36m[1;44m00:00.652 00:00.322 Successfully matched event ControlMessageReceive:i28 c c1 -> s 3 [ofp_flow_mod: hard_timeout=0, out_port=65535, priority=32768, idle_timeout=0, command=add, actions=(u'output(65533)',), flags=0, match=dl_dst:01:23:20:00:00:01,dl_type:35020,in_port:None][1;m
[1;36m[1;44m00:01.170 00:00.825 Successfully matched event ControlMessageReceive:i29 c c1 -> s 3 [ofp_packet_out: actions=(u'output(1)',), data={u'class': u'lldp'}, in_port=65535][1;m
[1;36m[1;36mRound 9[1;37m[1;m
[1;36mForwarding dataplane event[1;m
[1;36m[1;44m00:01.172 00:00.826 Successfully matched event DataplanePermit:i30[1;m
[1;36m[1;44m00:01.173 00:00.928 Successfully matched event ControlMessageSend:i31 c 2 -> s c1 [ofp_packet_in: data={u'class': u'lldp'}, in_port=1][1;m
[1;36m[1;36mRound 10[1;37m[1;m
[1;41m[1;33m[c1] INFO:openflow.discovery:link detected: 00-00-00-00-00-03.1 -> 00-00-00-00-00-02.1[1;m

[1;36m[1;44m00:01.215 00:01.029 Successfully matched event ControlMessageReceive:i32 c c1 -> s 2 [ofp_packet_out: actions=(), data=(), in_port=1][1;m
[1;36m[1;36mRound 11[1;37m[1;m
[1;36m[1;44m00:01.216 00:01.030 Successfully matched event ControlMessageReceive:i33 c c1 -> s 1 [ofp_flow_mod: hard_timeout=0, out_port=65535, priority=32768, idle_timeout=0, command=delete, actions=(), flags=0, match=x^L,in_port:None][1;m
[1;36m[1;44m00:01.217 00:01.031 Successfully matched event ControlMessageReceive:i34 c c1 -> s 2 [ofp_flow_mod: hard_timeout=0, out_port=65535, priority=32768, idle_timeout=0, command=delete, actions=(), flags=0, match=x^L,in_port:None][1;m
[1;36m[1;44m00:01.219 00:01.032 Successfully matched event ControlMessageReceive:i35 c c1 -> s 3 [ofp_flow_mod: hard_timeout=0, out_port=65535, priority=32768, idle_timeout=0, command=delete, actions=(), flags=0, match=x^L,in_port:None][1;m
[1;36m[1;44m00:01.725 00:01.434 Successfully matched event ControlMessageReceive:i36 c c1 -> s 3 [ofp_packet_out: actions=(u'output(2)',), data={u'class': u'lldp'}, in_port=65535][1;m
[1;36m[1;36mRound 15[1;37m[1;m
[1;36mForwarding dataplane event[1;m
[1;36m[1;44m00:01.727 00:01.435 Successfully matched event DataplanePermit:i37[1;m
[1;36m[1;44m00:01.728 00:01.537 Successfully matched event ControlMessageSend:i38 c 1 -> s c1 [ofp_packet_in: data={u'class': u'lldp'}, in_port=1][1;m
[1;36m[1;36mRound 16[1;37m[1;m
[1;41m[1;33m[c1] INFO:openflow.discovery:link detected: 00-00-00-00-00-03.2 -> 00-00-00-00-00-01.1[1;m

[1;36m[1;44m00:01.731 00:01.638 Successfully matched event ControlMessageReceive:i39 c c1 -> s 1 [ofp_flow_mod: hard_timeout=0, out_port=65535, priority=32768, idle_timeout=0, command=delete, actions=(), flags=0, match=x^L,in_port:None][1;m
[1;36m[1;36mRound 17[1;37m[1;m
[1;36m[1;44m00:01.771 00:01.639 Successfully matched event ControlMessageReceive:i40 c c1 -> s 2 [ofp_flow_mod: hard_timeout=0, out_port=65535, priority=32768, idle_timeout=0, command=delete, actions=(), flags=0, match=x^L,in_port:None][1;m
[1;36m[1;44m00:01.772 00:01.639 Successfully matched event ControlMessageReceive:i41 c c1 -> s 1 [ofp_packet_out: actions=(), data=(), in_port=1][1;m
[1;36m[1;44m00:01.773 00:01.640 Successfully matched event ControlMessageReceive:i42 c c1 -> s 3 [ofp_flow_mod: hard_timeout=0, out_port=65535, priority=32768, idle_timeout=0, command=delete, actions=(), flags=0, match=x^L,in_port:None][1;m
[1;36m[1;44m00:02.281 00:01.942 Successfully matched event ControlMessageReceive:i43 c c1 -> s 3 [ofp_packet_out: actions=(u'output(3)',), data={u'class': u'lldp'}, in_port=65535][1;m
[1;36m[1;36mRound 20[1;37m[1;m
[1;36mForwarding dataplane event[1;m
[1;36m[1;44m00:02.283 00:01.943 Successfully matched event DataplanePermit:i44[1;m
[1;36m[1;44m00:02.837 00:02.546 Successfully matched event ControlMessageReceive:i45 c c1 -> s 2 [ofp_packet_out: actions=(u'output(1)',), data={u'class': u'lldp'}, in_port=65535][1;m
[1;36m[1;36mRound 26[1;37m[1;m
[1;36mForwarding dataplane event[1;m
[1;36m[1;44m00:02.839 00:02.547 Successfully matched event DataplanePermit:i46[1;m
[1;36m[1;44m00:02.840 00:02.648 Successfully matched event ControlMessageSend:i47 c 3 -> s c1 [ofp_packet_in: data={u'class': u'lldp'}, in_port=1][1;m
[1;36m[1;36mRound 27[1;37m[1;m
[1;41m[1;33m[c1] INFO:openflow.discovery:link detected: 00-00-00-00-00-02.1 -> 00-00-00-00-00-03.1[1;m

[1;36m[1;44m00:02.883 00:02.749 Successfully matched event ControlMessageReceive:i48 c c1 -> s 3 [ofp_packet_out: actions=(), data=(), in_port=1][1;m
[1;36m[1;36mRound 28[1;37m[1;m
[1;36m[1;44m00:02.884 00:02.750 Successfully matched event ControlMessageReceive:i49 c c1 -> s 1 [ofp_flow_mod: hard_timeout=0, out_port=65535, priority=32768, idle_timeout=0, command=delete, actions=(), flags=0, match=x^L,in_port:None][1;m
[1;36m[1;44m00:02.885 00:02.751 Successfully matched event ControlMessageReceive:i50 c c1 -> s 2 [ofp_flow_mod: hard_timeout=0, out_port=65535, priority=32768, idle_timeout=0, command=delete, actions=(), flags=0, match=x^L,in_port:None][1;m
[1;36m[1;44m00:02.886 00:02.752 Successfully matched event ControlMessageReceive:i51 c c1 -> s 3 [ofp_flow_mod: hard_timeout=0, out_port=65535, priority=32768, idle_timeout=0, command=delete, actions=(), flags=0, match=x^L,in_port:None][1;m
[1;36m[1;44m00:03.394 00:03.054 Successfully matched event ControlMessageReceive:i52 c c1 -> s 2 [ofp_packet_out: actions=(u'output(2)',), data={u'class': u'lldp'}, in_port=65535][1;m
[1;36m[1;36mRound 31[1;37m[1;m
[1;36mForwarding dataplane event[1;m
[1;36m[1;44m00:03.395 00:03.055 Successfully matched event DataplanePermit:i53[1;m
[1;36m[1;44m00:03.396 00:03.156 Successfully matched event ControlMessageSend:i54 c 1 -> s c1 [ofp_packet_in: data={u'class': u'lldp'}, in_port=2][1;m
[1;36m[1;36mRound 32[1;37m[1;m
[1;41m[1;33m[c1] INFO:openflow.discovery:link detected: 00-00-00-00-00-02.2 -> 00-00-00-00-00-01.2[1;m

[1;36m[1;44m00:03.399 00:03.257 Successfully matched event ControlMessageReceive:i55 c c1 -> s 1 [ofp_flow_mod: hard_timeout=0, out_port=65535, priority=32768, idle_timeout=0, command=delete, actions=(), flags=0, match=x^L,in_port:None][1;m
[1;36m[1;36mRound 33[1;37m[1;m
[1;36m[1;44m00:03.439 00:03.258 Successfully matched event ControlMessageReceive:i56 c c1 -> s 2 [ofp_flow_mod: hard_timeout=0, out_port=65535, priority=32768, idle_timeout=0, command=delete, actions=(), flags=0, match=x^L,in_port:None][1;m
[1;36m[1;44m00:03.440 00:03.259 Successfully matched event ControlMessageReceive:i57 c c1 -> s 1 [ofp_packet_out: actions=(), data=(), in_port=2][1;m
[1;36m[1;44m00:03.441 00:03.260 Successfully matched event ControlMessageReceive:i58 c c1 -> s 3 [ofp_flow_mod: hard_timeout=0, out_port=65535, priority=32768, idle_timeout=0, command=delete, actions=(), flags=0, match=x^L,in_port:None][1;m
[1;36m[1;44m00:03.950 00:03.662 Successfully matched event ControlMessageReceive:i59 c c1 -> s 2 [ofp_packet_out: actions=(u'output(3)',), data={u'class': u'lldp'}, in_port=65535][1;m
[1;36m[1;36mRound 37[1;37m[1;m
[1;36mForwarding dataplane event[1;m
[1;36m[1;44m00:03.951 00:03.663 Successfully matched event DataplanePermit:i60[1;m
[1;36m[1;44m00:04.506 00:04.166 Successfully matched event ControlMessageReceive:i61 c c1 -> s 1 [ofp_packet_out: actions=(u'output(1)',), data={u'class': u'lldp'}, in_port=65535][1;m
[1;36m[1;36mRound 42[1;37m[1;m
[1;36mForwarding dataplane event[1;m
[1;36m[1;44m00:04.508 00:04.167 Successfully matched event DataplanePermit:i62[1;m
[1;36m[1;44m00:04.509 00:04.268 Successfully matched event ControlMessageSend:i63 c 3 -> s c1 [ofp_packet_in: data={u'class': u'lldp'}, in_port=2][1;m
[1;36m[1;36mRound 43[1;37m[1;m
[1;41m[1;33m[c1] INFO:openflow.discovery:link detected: 00-00-00-00-00-01.1 -> 00-00-00-00-00-03.2[1;m

[1;36m[1;44m00:04.512 00:04.369 Successfully matched event ControlMessageReceive:i64 c c1 -> s 1 [ofp_flow_mod: hard_timeout=0, out_port=65535, priority=32768, idle_timeout=0, command=delete, actions=(), flags=0, match=x^L,in_port:None][1;m
[1;36m[1;36mRound 44[1;37m[1;m
[1;36m[1;44m00:04.551 00:04.370 Successfully matched event ControlMessageReceive:i65 c c1 -> s 3 [ofp_packet_out: actions=(), data=(), in_port=2][1;m
[1;36m[1;44m00:04.552 00:04.371 Successfully matched event ControlMessageReceive:i66 c c1 -> s 2 [ofp_flow_mod: hard_timeout=0, out_port=65535, priority=32768, idle_timeout=0, command=delete, actions=(), flags=0, match=x^L,in_port:None][1;m
[1;36m[1;44m00:04.553 00:04.372 Successfully matched event ControlMessageReceive:i67 c c1 -> s 3 [ofp_flow_mod: hard_timeout=0, out_port=65535, priority=32768, idle_timeout=0, command=delete, actions=(), flags=0, match=x^L,in_port:None][1;m
[1;36m[1;44m00:05.062 00:04.774 Successfully matched event ControlMessageReceive:i68 c c1 -> s 1 [ofp_packet_out: actions=(u'output(2)',), data={u'class': u'lldp'}, in_port=65535][1;m
[1;36m[1;36mRound 48[1;37m[1;m
[1;36mForwarding dataplane event[1;m
[1;36m[1;44m00:05.064 00:04.775 Successfully matched event DataplanePermit:i69[1;m
[1;36m[1;44m00:05.064 00:04.876 Successfully matched event ControlMessageSend:i70 c 2 -> s c1 [ofp_packet_in: data={u'class': u'lldp'}, in_port=2][1;m
[1;36m[1;36mRound 49[1;37m[1;m
[1;41m[1;33m[c1] INFO:openflow.discovery:link detected: 00-00-00-00-00-01.2 -> 00-00-00-00-00-02.2[1;m

[1;36m[1;44m00:05.067 00:04.977 Successfully matched event ControlMessageReceive:i71 c c1 -> s 1 [ofp_flow_mod: hard_timeout=0, out_port=65535, priority=32768, idle_timeout=0, command=delete, actions=(), flags=0, match=x^L,in_port:None][1;m
[1;36m[1;36mRound 50[1;37m[1;m
[1;36m[1;44m00:05.107 00:04.979 Successfully matched event ControlMessageReceive:i72 c c1 -> s 2 [ofp_flow_mod: hard_timeout=0, out_port=65535, priority=32768, idle_timeout=0, command=delete, actions=(), flags=0, match=x^L,in_port:None][1;m
[1;36m[1;44m00:05.108 00:04.979 Successfully matched event ControlMessageReceive:i73 c c1 -> s 3 [ofp_flow_mod: hard_timeout=0, out_port=65535, priority=32768, idle_timeout=0, command=delete, actions=(), flags=0, match=x^L,in_port:None][1;m
[1;36m[1;44m00:05.109 00:04.980 Successfully matched event ControlMessageReceive:i74 c c1 -> s 2 [ofp_packet_out: actions=(), data=(), in_port=2][1;m
[1;36m[1;44m00:05.619 00:05.282 Successfully matched event ControlMessageReceive:i75 c c1 -> s 1 [ofp_packet_out: actions=(u'output(3)',), data={u'class': u'lldp'}, in_port=65535][1;m
[1;36m[1;36mRound 53[1;37m[1;m
[1;36mForwarding dataplane event[1;m
[1;36m[1;44m00:05.620 00:05.283 Successfully matched event DataplanePermit:i76[1;m
[1;36m[1;44m00:06.175 00:05.886 Successfully matched event ControlMessageReceive:i77 c c1 -> s 3 [ofp_packet_out: actions=(u'output(1)',), data={u'class': u'lldp'}, in_port=65535][1;m
[1;36m[1;36mRound 59[1;37m[1;m
[1;36mForwarding dataplane event[1;m
[1;36m[1;44m00:06.176 00:05.887 Successfully matched event DataplanePermit:i78[1;m
[1;36m[1;44m00:06.177 00:05.988 Successfully matched event ControlMessageSend:i79 c 2 -> s c1 [ofp_packet_in: data={u'class': u'lldp'}, in_port=1][1;m
[1;36m[1;36mRound 60[1;37m[1;m
[1;36m[1;44m00:06.180 00:06.089 Successfully matched event ControlMessageReceive:i80 c c1 -> s 2 [ofp_packet_out: actions=(), data=(), in_port=1][1;m
[1;36m[1;36mRound 61[1;37m[1;m
[1;36m[1;44m00:06.731 00:06.391 Successfully matched event ControlMessageReceive:i81 c c1 -> s 3 [ofp_packet_out: actions=(u'output(2)',), data={u'class': u'lldp'}, in_port=65535][1;m
[1;36m[1;36mRound 64[1;37m[1;m
[1;36mForwarding dataplane event[1;m
[1;36m[1;44m00:06.733 00:06.392 Successfully matched event DataplanePermit:i82[1;m
[1;36m[1;44m00:06.733 00:06.493 Successfully matched event ControlMessageSend:i83 c 1 -> s c1 [ofp_packet_in: data={u'class': u'lldp'}, in_port=1][1;m
[1;36m[1;36mRound 65[1;37m[1;m
[1;36m[1;44m00:06.736 00:06.594 Successfully matched event ControlMessageReceive:i84 c c1 -> s 1 [ofp_packet_out: actions=(), data=(), in_port=1][1;m
[1;36m[1;36mRound 66[1;37m[1;m
[1;36m[1;44m00:07.287 00:06.996 Successfully matched event ControlMessageReceive:i85 c c1 -> s 3 [ofp_packet_out: actions=(u'output(3)',), data={u'class': u'lldp'}, in_port=65535][1;m
[1;36m[1;36mRound 70[1;37m[1;m
[1;36mForwarding dataplane event[1;m
[1;36m[1;44m00:07.289 00:06.997 Successfully matched event DataplanePermit:i86[1;m
[1;36m[1;44m00:07.391 00:07.099 Successfully matched event TrafficInjection:e87[1;m
[1;36m[1;36mRound 71[1;37m[1;m
[1;36m[1;44m00:07.393 00:07.100 Successfully matched event TrafficInjection:e88[1;m
[1;36m[1;44m00:07.394 00:07.101 Successfully matched event TrafficInjection:e89[1;m
[1;36mForwarding dataplane event[1;m
[1;36m[1;44m00:07.396 00:07.102 Successfully matched event DataplanePermit:i90[1;m
[1;36mForwarding dataplane event[1;m
[1;36m[1;44m00:07.397 00:07.104 Successfully matched event DataplanePermit:i91[1;m
[1;36mForwarding dataplane event[1;m
[1;36m[1;44m00:07.399 00:07.105 Successfully matched event DataplanePermit:i92[1;m
[1;36m[1;44m00:07.399 00:07.207 Successfully matched event ControlMessageSend:i93 c 2 -> s c1 [ofp_packet_in: data={u'dl_dst': u'12:34:56:78:02:03', u'nw_src': u'10.2.3.2', u'dl_src': u'12:34:56:78:02:03', u'nw_dst': u'10.2.3.2'}, in_port=3][1;m
[1;36m[1;36mRound 72[1;37m[1;m
[1;36m[1;44m00:07.401 00:07.208 Successfully matched event ControlMessageSend:i94 c 1 -> s c1 [ofp_packet_in: data={u'dl_dst': u'12:34:56:78:01:03', u'nw_src': u'10.1.3.2', u'dl_src': u'12:34:56:78:01:03', u'nw_dst': u'10.1.3.2'}, in_port=3][1;m
[1;36m[1;44m00:07.401 00:07.208 Successfully matched event ControlMessageSend:i95 c 3 -> s c1 [ofp_packet_in: data={u'dl_dst': u'12:34:56:78:03:03', u'nw_src': u'10.3.3.2', u'dl_src': u'12:34:56:78:03:03', u'nw_dst': u'10.3.3.2'}, in_port=3][1;m
[1;36m[1;44m00:07.402 00:07.209 Successfully matched event TrafficInjection:e96[1;m
[1;42m[1;37mNo correctness violations![1;m
[1;36m[1;44m00:07.420 00:07.211 Successfully matched event CheckInvariants:e97[1;m
[1;36mForwarding dataplane event[1;m
[1;36m[1;44m00:07.422 00:07.331 Successfully matched event DataplanePermit:i98[1;m
[1;36m[1;36mRound 73[1;37m[1;m
[1;41m[1;33m[c1] DEBUG:forwarding.l2_multi_broken_floyd:Learned 12:34:56:78:03:03 at 00-00-00-00-00-03.3[1;m

[1;41m[1;33m[c1] DEBUG:forwarding.l2_multi_broken_floyd:Installing path for 12:34:56:78:03:03 -> 12:34:56:78:03:03 0800 (1 hops)[1;m

[1;41m[1;33m[c1] DEBUG:forwarding.l2_multi_broken_floyd:Learned 12:34:56:78:02:03 at 00-00-00-00-00-02.3[1;m

[1;41m[1;33m[c1] DEBUG:forwarding.l2_multi_broken_floyd:Installing path for 12:34:56:78:02:03 -> 12:34:56:78:02:03 0800 (1 hops)[1;m

[1;41m[1;33m[c1] DEBUG:forwarding.l2_multi_broken_floyd:Learned 12:34:56:78:01:03 at 00-00-00-00-00-01.3[1;m

[1;41m[1;33m[c1] DEBUG:forwarding.l2_multi_broken_floyd:Installing path for 12:34:56:78:01:03 -> 12:34:56:78:01:03 0800 (1 hops)[1;m

[1;36m[1;44m00:07.468 00:07.333 Successfully matched event ControlMessageReceive:i99 c c1 -> s 1 [ofp_flow_mod: hard_timeout=30, out_port=65535, priority=32768, idle_timeout=10, command=add, actions=(u'output(3)',), flags=0, match=dl_src:12:34:56:78:01:03,dl_dst:12:34:56:78:01:03,dl_vlan:65535,dl_vlan_pcp:0,dl_type:2048,nw_tos:0,nw_proto:1,nw_src:10.1.3.2/32,nw_dst:10.1.3.2/32,tp_src:0,tp_dst:0,in_port:None][1;m
[1;36m[1;44m00:07.469 00:07.335 Successfully matched event ControlMessageReceive:i100 c c1 -> s 2 [ofp_flow_mod: hard_timeout=30, out_port=65535, priority=32768, idle_timeout=10, command=add, actions=(u'output(3)',), flags=0, match=dl_src:12:34:56:78:02:03,dl_dst:12:34:56:78:02:03,dl_vlan:65535,dl_vlan_pcp:0,dl_type:2048,nw_tos:0,nw_proto:1,nw_src:10.2.3.2/32,nw_dst:10.2.3.2/32,tp_src:8,tp_dst:0,in_port:None][1;m
[1;36m[1;44m00:07.471 00:07.336 Successfully matched event ControlMessageReceive:i101 c c1 -> s 3 [ofp_flow_mod: hard_timeout=30, out_port=65535, priority=32768, idle_timeout=10, command=add, actions=(u'output(3)',), flags=0, match=dl_src:12:34:56:78:03:03,dl_dst:12:34:56:78:03:03,dl_vlan:65535,dl_vlan_pcp:0,dl_type:2048,nw_tos:0,nw_proto:1,nw_src:10.3.3.2/32,nw_dst:10.3.3.2/32,tp_src:8,tp_dst:0,in_port:None][1;m
[1;36m[1;44m00:07.472 00:07.338 Successfully matched event ControlMessageSend:i102 c 2 -> s c1 [ofp_packet_in: data={u'dl_dst': u'12:34:56:78:01:03', u'nw_src': u'10.2.3.2', u'dl_src': u'12:34:56:78:02:03', u'nw_dst': u'10.1.3.2'}, in_port=3][1;m
[1;42m[1;37mNo correctness violations![1;m
[1;36m[1;44m00:07.489 00:07.339 Successfully matched event CheckInvariants:e103[1;m
[1;36m[1;44m00:07.495 00:07.457 Successfully matched event ControlMessageReceive:i104 c c1 -> s 1 [ofp_flow_mod: hard_timeout=30, out_port=65535, priority=32768, idle_timeout=10, command=add, actions=(u'output(3)',), flags=0, match=dl_src:12:34:56:78:02:03,dl_dst:12:34:56:78:01:03,dl_vlan:65535,dl_vlan_pcp:0,dl_type:2048,nw_tos:0,nw_proto:1,nw_src:10.2.3.2/32,nw_dst:10.1.3.2/32,tp_src:8,tp_dst:0,in_port:None][1;m
 [1;36m[1;36mRound 74[1;37m[1;m[1;41m[1;33m[c1] DEBUG:forwarding.l2_multi_broken_floyd:Installing path for 12:34:56:78:02:03 -> 12:34:56:78:01:03 0800 (2 hops)[1;m


[1;36m[1;44m00:07.531 00:07.458 Successfully matched event ControlMessageReceive:i105 c c1 -> s 2 [ofp_flow_mod: hard_timeout=30, out_port=65535, priority=32768, idle_timeout=10, command=add, actions=(u'output(2)',), flags=0, match=dl_src:12:34:56:78:02:03,dl_dst:12:34:56:78:01:03,dl_vlan:65535,dl_vlan_pcp:0,dl_type:2048,nw_tos:0,nw_proto:1,nw_src:10.2.3.2/32,nw_dst:10.1.3.2/32,tp_src:8,tp_dst:0,in_port:None][1;m
[1;36m[1;44m00:07.843 00:07.460 Successfully matched event ControlMessageReceive:i106 c c1 -> s 2 [ofp_packet_out: actions=(u'output(1)',), data={u'class': u'lldp'}, in_port=65535][1;m
[1;42m[1;37mNo correctness violations![1;m
[1;36m[1;44m00:07.868 00:07.461 Successfully matched event CheckInvariants:e107[1;m
[1;36mForwarding dataplane event[1;m
[1;36m[1;44m00:07.870 00:07.579 Successfully matched event DataplanePermit:i108[1;m
[1;36m[1;36mRound 75[1;37m[1;m
[1;36mForwarding dataplane event[1;m
[1;36m[1;44m00:07.872 00:07.580 Successfully matched event DataplanePermit:i109[1;m
[1;36m[1;44m00:07.873 00:07.582 Successfully matched event ControlMessageSend:i110 c 3 -> s c1 [ofp_packet_in: data={u'class': u'lldp'}, in_port=1][1;m
[1;42m[1;37mNo correctness violations![1;m
[1;36m[1;44m00:07.895 00:07.582 Successfully matched event CheckInvariants:e111[1;m
[1;36mForwarding dataplane event[1;m
[1;36m[1;44m00:07.896 00:07.705 Successfully matched event DataplanePermit:i112[1;m
[1;36m[1;36mRound 76[1;37m[1;m
[1;36m[1;44m00:07.899 00:07.707 Successfully matched event ControlMessageReceive:i113 c c1 -> s 3 [ofp_packet_out: actions=(), data=(), in_port=1][1;m
[1;42m[1;37mNo correctness violations![1;m
[1;36m[1;44m00:07.923 00:07.708 Successfully matched event CheckInvariants:e114[1;m
[1;42m[1;37mNo correctness violations![1;m
[1;36m[1;44m00:08.069 00:07.829 Successfully matched event CheckInvariants:e115[1;m
[1;36m[1;36mRound 77[1;37m[1;m
[1;42m[1;37mNo correctness violations![1;m
[1;36m[1;44m00:08.218 00:07.954 Successfully matched event CheckInvariants:e116[1;m
[1;36m[1;36mRound 78[1;37m[1;m
[1;36m[1;44m00:08.400 00:08.077 Successfully matched event ControlMessageReceive:i117 c c1 -> s 2 [ofp_packet_out: actions=(u'output(2)',), data={u'class': u'lldp'}, in_port=65535][1;m
[1;36m[1;36mRound 79[1;37m[1;m
[1;42m[1;37mNo correctness violations![1;m
[1;36m[1;44m00:08.423 00:08.079 Successfully matched event CheckInvariants:e118[1;m
[1;36mForwarding dataplane event[1;m
[1;36m[1;44m00:08.425 00:08.201 Successfully matched event DataplanePermit:i119[1;m
[1;36m[1;36mRound 80[1;37m[1;m
[1;36m[1;44m00:08.425 00:08.203 Successfully matched event ControlMessageSend:i120 c 1 -> s c1 [ofp_packet_in: data={u'class': u'lldp'}, in_port=2][1;m
[1;36m[1;44m00:08.427 00:08.204 Successfully matched event TrafficInjection:e121[1;m
[1;36mForwarding dataplane event[1;m
[1;36m[1;44m00:08.429 00:08.329 Successfully matched event DataplanePermit:i123[1;m
[1;36m[1;36mRound 81[1;37m[1;m
[1;36m[1;44m00:08.431 00:08.331 Successfully matched event ControlMessageReceive:i124 c c1 -> s 1 [ofp_packet_out: actions=(), data=(), in_port=2][1;m
[1;36m[1;44m00:08.432 00:08.332 Successfully matched event ControlMessageSend:i125 c 2 -> s c1 [ofp_packet_in: data={u'dl_dst': u'12:34:56:78:03:03', u'nw_src': u'10.2.3.2', u'dl_src': u'12:34:56:78:02:03', u'nw_dst': u'10.3.3.2'}, in_port=3][1;m
[1;36m[1;44m00:08.434 00:08.333 Successfully matched event TrafficInjection:e126[1;m
[1;36mForwarding dataplane event[1;m
[1;36m[1;44m00:08.435 00:08.454 Successfully matched event DataplanePermit:i128[1;m
[1;36m[1;36mRound 82[1;37m[1;m
[1;41m[1;33m[c1] DEBUG:forwarding.l2_multi_broken_floyd:Installing path for 12:34:56:78:02:03 -> 12:34:56:78:03:03 0800 (2 hops)[1;m

[1;36m[1;44m00:08.479 00:08.456 Successfully matched event ControlMessageReceive:i129 c c1 -> s 2 [ofp_flow_mod: hard_timeout=30, out_port=65535, priority=32768, idle_timeout=10, command=add, actions=(u'output(1)',), flags=0, match=dl_src:12:34:56:78:02:03,dl_dst:12:34:56:78:03:03,dl_vlan:65535,dl_vlan_pcp:0,dl_type:2048,nw_tos:0,nw_proto:1,nw_src:10.2.3.2/32,nw_dst:10.3.3.2/32,tp_src:8,tp_dst:0,in_port:None][1;m
[1;36m[1;44m00:08.481 00:08.457 Successfully matched event ControlMessageReceive:i130 c c1 -> s 3 [ofp_flow_mod: hard_timeout=30, out_port=65535, priority=32768, idle_timeout=10, command=add, actions=(u'output(3)',), flags=0, match=dl_src:12:34:56:78:02:03,dl_dst:12:34:56:78:03:03,dl_vlan:65535,dl_vlan_pcp:0,dl_type:2048,nw_tos:0,nw_proto:1,nw_src:10.2.3.2/32,nw_dst:10.3.3.2/32,tp_src:8,tp_dst:0,in_port:None][1;m
[1;36m[1;44m00:08.482 00:08.459 Successfully matched event ControlMessageSend:i131 c 3 -> s c1 [ofp_packet_in: data={u'dl_dst': u'12:34:56:78:02:03', u'nw_src': u'10.3.3.2', u'dl_src': u'12:34:56:78:03:03', u'nw_dst': u'10.2.3.2'}, in_port=3][1;m
[1;36mForwarding dataplane event[1;m
[1;36m[1;44m00:08.484 00:08.584 Successfully matched event DataplanePermit:i133[1;m
[1;36m[1;36mRound 83[1;37m[1;m
[1;36m[1;44m00:08.489 00:08.586 Successfully matched event ControlMessageReceive:i134 c c1 -> s 2 [ofp_flow_mod: hard_timeout=30, out_port=65535, priority=32768, idle_timeout=10, command=add, actions=(u'output(3)',), flags=0, match=dl_src:12:34:56:78:03:03,dl_dst:12:34:56:78:02:03,dl_vlan:65535,dl_vlan_pcp:0,dl_type:2048,nw_tos:0,nw_proto:1,nw_src:10.3.3.2/32,nw_dst:10.2.3.2/32,tp_src:8,tp_dst:0,in_port:None][1;m[1;41m[1;33m[c1] DEBUG:forwarding.l2_multi_broken_floyd:Installing path for 12:34:56:78:03:03 -> 12:34:56:78:02:03 0800 (2 hops)[1;m


[1;36m[1;44m00:08.527 00:08.587 Successfully matched event ControlMessageReceive:i135 c c1 -> s 3 [ofp_flow_mod: hard_timeout=30, out_port=65535, priority=32768, idle_timeout=10, command=add, actions=(u'output(1)',), flags=0, match=dl_src:12:34:56:78:03:03,dl_dst:12:34:56:78:02:03,dl_vlan:65535,dl_vlan_pcp:0,dl_type:2048,nw_tos:0,nw_proto:1,nw_src:10.3.3.2/32,nw_dst:10.2.3.2/32,tp_src:8,tp_dst:0,in_port:None][1;m
[1;36m[1;44m00:08.956 00:08.588 Successfully matched event ControlMessageReceive:i136 c c1 -> s 2 [ofp_packet_out: actions=(u'output(3)',), data={u'class': u'lldp'}, in_port=65535][1;m
[1;35m[1;41m00:09.712 00:08.710 Event timed out DataplanePermit:i139[1;m
[1;36m[1;36mRound 84[1;37m[1;m
[1;36mForwarding dataplane event[1;m
[1;36m[1;44m00:09.714 00:08.713 Successfully matched event DataplanePermit:i140[1;m
[1;36mForwarding dataplane event[1;m
[1;36m[1;44m00:09.715 00:08.713 Successfully matched event DataplanePermit:i141[1;m
[1;36mForwarding dataplane event[1;m
[1;36m[1;44m00:09.716 00:08.715 Successfully matched event DataplanePermit:i142[1;m
[1;35m[1;41m00:10.268 00:08.716 Event timed out ControlMessageSend:i143 c 2 -> s c1 [ofp_packet_in: data={u'dl_dst': u'12:34:56:78:03:03', u'nw_src': u'10.2.3.2', u'dl_src': u'12:34:56:78:02:03', u'nw_dst': u'10.3.3.2'}, in_port=3][1;m
[1;36mForwarding dataplane event[1;m
[1;36m[1;44m00:10.268 00:08.839 Successfully matched event DataplanePermit:i145[1;m
[1;36m[1;36mRound 85[1;37m[1;m
[1;35m[1;41m00:10.824 00:08.841 Event timed out ControlMessageReceive:i146 c c1 -> s 3 [ofp_flow_mod: hard_timeout=30, out_port=65535, priority=32768, idle_timeout=10, command=add, actions=(u'output(3)',), flags=0, match=dl_src:12:34:56:78:02:03,dl_dst:12:34:56:78:03:03,dl_vlan:65535,dl_vlan_pcp:0,dl_type:2048,nw_tos:0,nw_proto:1,nw_src:10.2.3.2/32,nw_dst:10.3.3.2/32,tp_src:0,tp_dst:0,in_port:None][1;m
[1;35m[1;41m00:11.381 00:08.842 Event timed out ControlMessageReceive:i147 c c1 -> s 2 [ofp_flow_mod: hard_timeout=30, out_port=65535, priority=32768, idle_timeout=10, command=add, actions=(u'output(1)',), flags=0, match=dl_src:12:34:56:78:02:03,dl_dst:12:34:56:78:03:03,dl_vlan:65535,dl_vlan_pcp:0,dl_type:2048,nw_tos:0,nw_proto:1,nw_src:10.2.3.2/32,nw_dst:10.3.3.2/32,tp_src:0,tp_dst:0,in_port:None][1;m
[1;36mCutting link (1:1) -> (3:2)[1;m
[1;36m[1;44m00:11.382 00:08.844 Successfully matched event LinkFailure:e148[1;m
[1;36m[1;44m00:11.383 00:08.845 Successfully matched event TrafficInjection:e149[1;m
[1;42m[1;37mNo correctness violations![1;m
[1;36m[1;44m00:11.406 00:08.846 Successfully matched event CheckInvariants:e150[1;m
[1;35m[1;41m00:12.138 00:08.972 Event timed out DataplanePermit:i151[1;m
[1;36m[1;36mRound 86[1;37m[1;m
[1;36mForwarding dataplane event[1;m
[1;36m[1;44m00:12.140 00:08.974 Successfully matched event DataplanePermit:i152[1;m
[1;36m[1;44m00:12.141 00:08.975 Successfully matched event ControlMessageSend:i153 c 2 -> s c1 [ofp_packet_in: data={u'dl_dst': u'12:34:56:78:01:03', u'nw_src': u'10.2.3.2', u'dl_src': u'12:34:56:78:02:03', u'nw_dst': u'10.1.3.2'}, in_port=3][1;m
[1;36m[1;44m00:12.142 00:08.976 Successfully matched event ControlMessageSend:i154 c 1 -> s c1 [ofp_port_status: reason=1, desc=(1, u'00:00:00:00:01:01')][1;m
[1;42m[1;37mNo correctness violations![1;m
[1;36m[1;44m00:12.169 00:08.977 Successfully matched event CheckInvariants:e155[1;m
[1;41m[1;33m[c1] DEBUG:forwarding.l2_multi_broken_floyd:Installing path for 12:34:56:78:02:03 -> 12:34:56:78:01:03 0800 (2 hops)[1;m

[1;35m[1;41m00:12.799 00:09.103 Event timed out DataplanePermit:i156[1;m
[1;36m[1;36mRound 87[1;37m[1;m
[1;36m[1;44m00:12.801 00:09.105 Successfully matched event ControlMessageReceive:i157 c c1 -> s 1 [ofp_flow_mod: hard_timeout=30, out_port=65535, priority=32768, idle_timeout=10, command=add, actions=(u'output(3)',), flags=0, match=dl_src:12:34:56:78:02:03,dl_dst:12:34:56:78:01:03,dl_vlan:65535,dl_vlan_pcp:0,dl_type:2048,nw_tos:0,nw_proto:1,nw_src:10.2.3.2/32,nw_dst:10.1.3.2/32,tp_src:0,tp_dst:0,in_port:None][1;m
[1;36m[1;44m00:12.803 00:09.106 Successfully matched event ControlMessageReceive:i158 c c1 -> s 2 [ofp_flow_mod: hard_timeout=30, out_port=65535, priority=32768, idle_timeout=10, command=add, actions=(u'output(2)',), flags=0, match=dl_src:12:34:56:78:02:03,dl_dst:12:34:56:78:01:03,dl_vlan:65535,dl_vlan_pcp:0,dl_type:2048,nw_tos:0,nw_proto:1,nw_src:10.2.3.2/32,nw_dst:10.1.3.2/32,tp_src:0,tp_dst:0,in_port:None][1;m
[1;42m[1;37mNo correctness violations![1;m
[1;36m[1;44m00:12.830 00:09.108 Successfully matched event CheckInvariants:e159[1;m
[1;36mForwarding dataplane event[1;m
[1;36m[1;44m00:12.832 00:09.235 Successfully matched event DataplanePermit:i160[1;m
[1;36m[1;36mRound 88[1;37m[1;m
[1;42m[1;37mNo correctness violations![1;m
[1;36m[1;44m00:12.864 00:09.237 Successfully matched event CheckInvariants:e161[1;m
[1;36mForwarding dataplane event[1;m
[1;36m[1;44m00:12.865 00:09.365 Successfully matched event DataplanePermit:i162[1;m
[1;36m[1;36mRound 89[1;37m[1;m
[1;36m[1;44m00:12.866 00:09.367 Successfully matched event TrafficInjection:e163[1;m
[1;42m[1;37mNo correctness violations![1;m
[1;36m[1;44m00:12.898 00:09.368 Successfully matched event CheckInvariants:e164[1;m
[1;36mForwarding dataplane event[1;m
[1;36m[1;44m00:12.900 00:09.498 Successfully matched event DataplanePermit:i165[1;m
[1;36m[1;36mRound 90[1;37m[1;m
[1;36mRestoring link (1:1) -> (3:2)[1;m
[1;36m[1;44m00:12.901 00:09.500 Successfully matched event LinkRecovery:e166[1;m
[1;42m[1;37mNo correctness violations![1;m
[1;36m[1;44m00:12.927 00:09.500 Successfully matched event CheckInvariants:e167[1;m
[1;36mForwarding dataplane event[1;m
[1;36m[1;44m00:12.929 00:09.631 Successfully matched event DataplanePermit:i168[1;m
[1;36m[1;36mRound 91[1;37m[1;m
[1;36m[1;44m00:12.930 00:09.633 Successfully matched event ControlMessageSend:i169 c 1 -> s c1 [ofp_port_status: reason=0, desc=(1, u'00:00:00:00:01:01')][1;m
[1;42m[1;37mNo correctness violations![1;m
[1;36m[1;44m00:12.959 00:09.634 Successfully matched event CheckInvariants:e170[1;m
[1;36mForwarding dataplane event[1;m
[1;36m[1;44m00:12.961 00:09.762 Successfully matched event DataplanePermit:i171[1;m
[1;36m[1;36mRound 92[1;37m[1;m
[1;36m[1;44m00:12.962 00:09.763 Successfully matched event ControlMessageReceive:i172 c c1 -> s 1 [ofp_packet_out: actions=(u'output(2)',), data={u'class': u'lldp'}, in_port=65535][1;m
[1;36m[1;44m00:12.963 00:09.764 Successfully matched event TrafficInjection:e173[1;m
[1;42m[1;37mNo correctness violations![1;m
[1;36m[1;44m00:12.997 00:09.765 Successfully matched event CheckInvariants:e174[1;m
[1;36mForwarding dataplane event[1;m
[1;36m[1;44m00:12.999 00:09.895 Successfully matched event DataplanePermit:i175[1;m
[1;36m[1;36mRound 93[1;37m[1;m
[1;36mForwarding dataplane event[1;m
[1;36m[1;44m00:13.001 00:09.897 Successfully matched event DataplanePermit:i176[1;m
[1;36m[1;44m00:13.002 00:09.898 Successfully matched event ControlMessageSend:i177 c 1 -> s c1 [ofp_packet_in: data={u'dl_dst': u'12:34:56:78:02:03', u'nw_src': u'10.1.3.2', u'dl_src': u'12:34:56:78:01:03', u'nw_dst': u'10.2.3.2'}, in_port=3][1;m
[1;36m[1;44m00:13.003 00:09.899 Successfully matched event ControlMessageSend:i178 c 2 -> s c1 [ofp_packet_in: data={u'class': u'lldp'}, in_port=2][1;m
[1;42m[1;37mNo correctness violations![1;m
[1;36m[1;44m00:13.033 00:09.900 Successfully matched event CheckInvariants:e179[1;m
[1;41m[1;33m[c1] DEBUG:forwarding.l2_multi_broken_floyd:Installing path for 12:34:56:78:01:03 -> 12:34:56:78:02:03 0800 (2 hops)[1;m

[1;36m[1;44m00:13.080 00:10.028 Successfully matched event ControlMessageReceive:i180 c c1 -> s 1 [ofp_flow_mod: hard_timeout=30, out_port=65535, priority=32768, idle_timeout=10, command=add, actions=(u'output(2)',), flags=0, match=dl_src:12:34:56:78:01:03,dl_dst:12:34:56:78:02:03,dl_vlan:65535,dl_vlan_pcp:0,dl_type:2048,nw_tos:0,nw_proto:1,nw_src:10.1.3.2/32,nw_dst:10.2.3.2/32,tp_src:8,tp_dst:0,in_port:None][1;m
[1;36m[1;36mRound 94[1;37m[1;m
[1;36m[1;44m00:13.081 00:10.030 Successfully matched event ControlMessageReceive:i181 c c1 -> s 2 [ofp_packet_out: actions=(), data=(), in_port=2][1;m
[1;36m[1;44m00:13.082 00:10.031 Successfully matched event ControlMessageReceive:i182 c c1 -> s 2 [ofp_flow_mod: hard_timeout=30, out_port=65535, priority=32768, idle_timeout=10, command=add, actions=(u'output(3)',), flags=0, match=dl_src:12:34:56:78:01:03,dl_dst:12:34:56:78:02:03,dl_vlan:65535,dl_vlan_pcp:0,dl_type:2048,nw_tos:0,nw_proto:1,nw_src:10.1.3.2/32,nw_dst:10.2.3.2/32,tp_src:8,tp_dst:0,in_port:None][1;m
[1;36m[1;44m00:13.084 00:10.032 Successfully matched event TrafficInjection:e183[1;m
[1;42m[1;37mNo correctness violations![1;m
[1;36m[1;44m00:13.111 00:10.033 Successfully matched event CheckInvariants:e184[1;m
[1;36mForwarding dataplane event[1;m
[1;36m[1;44m00:13.113 00:10.161 Successfully matched event DataplanePermit:i185[1;m
[1;36m[1;36mRound 95[1;37m[1;m
[1;36mForwarding dataplane event[1;m
[1;36m[1;44m00:13.115 00:10.164 Successfully matched event DataplanePermit:i186[1;m
[1;36m[1;44m00:13.116 00:10.165 Successfully matched event ControlMessageSend:i187 c 1 -> s c1 [ofp_packet_in: data={u'dl_dst': u'12:34:56:78:03:03', u'nw_src': u'10.1.3.2', u'dl_src': u'12:34:56:78:01:03', u'nw_dst': u'10.3.3.2'}, in_port=3][1;m
[1;36m[1;44m00:13.117 00:10.166 Successfully matched event TrafficInjection:e188[1;m
[1;42m[1;37mNo correctness violations![1;m
[1;36m[1;44m00:13.145 00:10.168 Successfully matched event CheckInvariants:e189[1;m
[1;36mForwarding dataplane event[1;m
[1;36m[1;44m00:13.147 00:10.294 Successfully matched event DataplanePermit:i190[1;m
[1;36m[1;36mRound 96[1;37m[1;m
[1;36mForwarding dataplane event[1;m
[1;36m[1;44m00:13.148 00:10.296 Successfully matched event DataplanePermit:i191[1;m
[1;33m[c1] SYNTHETIC BUG[1;m

[1;33m[c1] MATCH ofp_match[1;m

[1;33m[c1]   wildcards: in_port (1 = 0x1)[1;m

[1;33m[c1]   dl_src: 12:34:56:78:01:03[1;m

[1;33m[c1]   dl_dst: 12:34:56:78:03:03[1;m

[1;33m[c1]   dl_vlan: 65535[1;m

[1;33m[c1]   dl_vlan_pcp: 0[1;m

[1;33m[c1]   dl_type: 0x800[1;m
[1;36m[1;44m00:13.159 00:10.297 Successfully matched event ControlMessageReceive:i192 c c1 -> s 1 [ofp_flow_mod: hard_timeout=30, out_port=65535, priority=32768, idle_timeout=10, command=add, actions=(u'output(2)',), flags=0, match=dl_src:12:34:56:78:01:03,dl_dst:12:34:56:78:03:03,dl_vlan:65535,dl_vlan_pcp:0,dl_type:2048,nw_tos:0,nw_proto:1,nw_src:10.1.3.2/32,nw_dst:10.3.3.2/32,tp_src:0,tp_dst:0,in_port:None][1;m

[1;41m[1;33m[c1] DEBUG:forwarding.l2_multi_broken_floyd:Installing path for 12:34:56:78:01:03 -> 12:34:56:78:03:03 0800 (3 hops)[1;m
[1;36m[1;44m00:13.161 00:10.299 Successfully matched event ControlMessageReceive:i193 c c1 -> s 3 [ofp_flow_mod: hard_timeout=30, out_port=65535, priority=32768, idle_timeout=10, command=add, actions=(u'output(2)',), flags=0, match=dl_src:12:34:56:78:01:03,dl_dst:12:34:56:78:03:03,dl_vlan:65535,dl_vlan_pcp:0,dl_type:2048,nw_tos:0,nw_proto:1,nw_src:10.1.3.2/32,nw_dst:10.3.3.2/32,tp_src:0,tp_dst:0,in_port:None][1;m

[1;33m[c1]   nw_tos: 0[1;m
[1;36m[1;44m00:13.162 00:10.300 Successfully matched event ControlMessageReceive:i194 c c1 -> s 2 [ofp_flow_mod: hard_timeout=30, out_port=65535, priority=32768, idle_timeout=10, command=add, actions=(u'output(1)',), flags=0, match=dl_src:12:34:56:78:01:03,dl_dst:12:34:56:78:03:03,dl_vlan:65535,dl_vlan_pcp:0,dl_type:2048,nw_tos:0,nw_proto:1,nw_src:10.1.3.2/32,nw_dst:10.3.3.2/32,tp_src:0,tp_dst:0,in_port:None][1;m

[1;33m[c1]   nw_proto: 1[1;m
[1;36m[1;44m00:13.162 00:10.301 Successfully matched event ControlMessageReceive:i195 c c1 -> s 1 [ofp_packet_out: actions=(u'output(3)',), data={u'class': u'lldp'}, in_port=65535][1;m

[1;33m[c1]   nw_src: 10.1.3.2[1;m
[1;36m[1;44m00:13.163 00:10.302 Successfully matched event ControlMessageSend:i196 c 3 -> s c1 [ofp_packet_in: data={u'dl_dst': u'12:34:56:78:01:03', u'nw_src': u'10.3.3.2', u'dl_src': u'12:34:56:78:03:03', u'nw_dst': u'10.1.3.2'}, in_port=3][1;m

[1;33m[c1]   nw_dst: 10.3.3.2[1;m

[1;33m[c1]   tp_src: 0[1;m

[1;33m[c1]   tp_dst: 0[1;m

[1;33m[c1] [(00-00-00-00-00-01, 2), (00-00-00-00-00-02, 1), (00-00-00-00-00-03, 2)][1;m

[1;41m[1;37mThe following correctness violations have occurred: ["(300003, ['-> Port: 300003', '-> Port: 100001', '-> Port: 200002', '-> Port: 300001', '-> Port: 100001'], (dl_src:12:34:56:78:01:03,dl_dst:12:34:56:78:03:03,dl_vlan:65535,dl_vlan_pcp:0,dl_type:2048,nw_tos:0,nw_proto:1,nw_src:10.1.3.2/32,nw_dst:10.3.3.2/32,tp_src:0,tp_dst:0) - ([]))", "(200003, ['-> Port: 200003', '-> Port: 300001', '-> Port: 100001', '-> Port: 200002', '-> Port: 300001'], (dl_src:12:34:56:78:01:03,dl_dst:12:34:56:78:03:03,dl_vlan:65535,dl_vlan_pcp:0,dl_type:2048,nw_tos:0,nw_proto:1,nw_src:10.1.3.2/32,nw_dst:10.3.3.2/32,tp_src:0,tp_dst:0) - ([]))"][1;m
[1;41m[1;37mPersistent violations detected!: ["(300003, ['-> Port: 300003', '-> Port: 100001', '-> Port: 200002', '-> Port: 300001', '-> Port: 100001'], (dl_src:12:34:56:78:01:03,dl_dst:12:34:56:78:03:03,dl_vlan:65535,dl_vlan_pcp:0,dl_type:2048,nw_tos:0,nw_proto:1,nw_src:10.1.3.2/32,nw_dst:10.3.3.2/32,tp_src:0,tp_dst:0) - ([]))", "(200003, ['-> Port: 200003', '-> Port: 300001', '-> Port: 100001', '-> Port: 200002', '-> Port: 300001'], (dl_src:12:34:56:78:01:03,dl_dst:12:34:56:78:03:03,dl_vlan:65535,dl_vlan_pcp:0,dl_type:2048,nw_tos:0,nw_proto:1,nw_src:10.1.3.2/32,nw_dst:10.3.3.2/32,tp_src:0,tp_dst:0) - ([]))"][1;m
[1;36m[1;44m00:13.194 00:10.303 Successfully matched event CheckInvariants:e197[1;m
[1;41m[1;33m[c1] DEBUG:forwarding.l2_multi_broken_floyd:Installing path for 12:34:56:78:03:03 -> 12:34:56:78:01:03 0800 (2 hops)[1;m

[1;36m[1;44m00:14.196 00:10.333 Successfully matched event WaitTime:e199[1;m
[1;36m[1;36mRound -1[1;37m[1;m
[1;41m[1;37mViolations at end of trace: ["(300003, ['-> Port: 300003', '-> Port: 100001', '-> Port: 200002', '-> Port: 300001', '-> Port: 100001'], (dl_src:12:34:56:78:01:03,dl_dst:12:34:56:78:03:03,dl_vlan:65535,dl_vlan_pcp:0,dl_type:2048,nw_tos:0,nw_proto:1,nw_src:10.1.3.2/32,nw_dst:10.3.3.2/32,tp_src:0,tp_dst:0) - ([]))", "(200003, ['-> Port: 200003', '-> Port: 300001', '-> Port: 100001', '-> Port: 200002', '-> Port: 300001'], (dl_src:12:34:56:78:01:03,dl_dst:12:34:56:78:03:03,dl_vlan:65535,dl_vlan_pcp:0,dl_type:2048,nw_tos:0,nw_proto:1,nw_src:10.1.3.2/32,nw_dst:10.3.3.2/32,tp_src:0,tp_dst:0) - ([]))"][1;m
[1;42m[1;37mViolation found (300003, ['-> Port: 300003', '-> Port: 100001', '-> Port: 200002', '-> Port: 300001', '-> Port: 100001'], (dl_src:12:34:56:78:01:03,dl_dst:12:34:56:78:03:03,dl_vlan:65535,dl_vlan_pcp:0,dl_type:2048,nw_tos:0,nw_proto:1,nw_src:10.1.3.2/32,nw_dst:10.3.3.2/32,tp_src:0,tp_dst:0) - ([]))[1;m
[1;36m[1;44mEvent Stats: Events matched: 186, timed out: 6
Matches per event type:
  WaitTime 1
  LinkFailure 1
  ConnectToControllers 1
  LinkRecovery 1
  TrafficInjection 11
  CheckInvariants 20
  ControlMessageSend 32
  DataplanePermit 39
  ControlMessageReceive 80
Timeouts per event type:
  ControlMessageSend 1
  ControlMessageReceive 2
  DataplanePermit 3
[1;m
[1;36mKilling controller c1 (pid 61857)[1;m
Terminating child controllers... OK
