[1;36mStarting POX controller c1[1;m
connect_socket_with_backoff ('127.0.0.1', 6633)
Error connecting.  -- [Errno 111] Connection refused. Backing off 1 seconds ...
[1;33m[c1] POX 0.0.0 / Copyright 2011 James McCauley[1;m

[1;41m[1;33m[c1] DEBUG:core:POX 0.0.0 going up...[1;m

[1;41m[1;33m[c1] DEBUG:core:Running on CPython (2.7.4/Apr 8 2013 22:49:24)[1;m

[1;41m[1;33m[c1] INFO:core:POX 0.0.0 is up.[1;m

[1;41m[1;33m[c1] DEBUG:openflow.of_01:Listening for connections on ('127.0.0.1', 6633)[1;m

[1;33m[c1] Incoming true socket connected[1;m

connect_socket_with_backoff ('127.0.0.1', 6633)
connect_socket_with_backoff ('127.0.0.1', 6633)[1;33m[c1] Incoming MockSocket connection [u'127.0.0.1', 46306][1;m


[1;36m[1;44m00:00.502 00:00.000 Successfully matched event ConnectToControllers:e1[1;m[1;33m[c1] Incoming MockSocket connection [u'127.0.0.1', 46306][1;m


[1;36m[1;44m00:00.503 00:00.000 Successfully matched event ControlMessageReceive:i2 c c1 -> s 2 [ofp_hello: ][1;m
[1;36m[1;36mRound 1[1;37m[1;m
[1;36m[1;44m00:00.504 00:00.001 Successfully matched event ControlMessageReceive:i3 c c1 -> s 1 [ofp_hello: ][1;m
[1;36m[1;44m00:00.504 00:00.001 Successfully matched event ControlMessageSend:i4 c 2 -> s c1 [ofp_hello: ][1;m
[1;36m[1;44m00:00.505 00:00.001 Successfully matched event ControlMessageSend:i5 c 1 -> s c1 [ofp_hello: ][1;m
[1;36m[1;44m00:00.506 00:00.103 Successfully matched event ControlMessageReceive:i6 c c1 -> s 2 [ofp_features_request: ][1;m
[1;36m[1;36mRound 2[1;37m[1;m
[1;36m[1;44m00:00.507 00:00.103 Successfully matched event ControlMessageReceive:i7 c c1 -> s 1 [ofp_features_request: ][1;m
[1;36m[1;44m00:00.508 00:00.104 Successfully matched event ControlMessageSend:i8 c 2 -> s c1 [ofp_features_reply: datapath_id=2][1;m
[1;36m[1;44m00:00.508 00:00.104 Successfully matched event ControlMessageSend:i9 c 1 -> s c1 [ofp_features_reply: datapath_id=1][1;m
[1;36m[1;44m00:00.542 00:00.206 Successfully matched event ControlMessageReceive:i10 c c1 -> s 1 [ofp_set_config: ][1;m
[1;36m[1;36mRound 3[1;37m[1;m
[1;36m[1;44m00:00.543 00:00.207 Successfully matched event ControlMessageReceive:i11 c c1 -> s 2 [ofp_barrier_request: ][1;m
[1;36m[1;44m00:00.544 00:00.207 Successfully matched event ControlMessageReceive:i12 c c1 -> s 1 [ofp_flow_mod: hard_timeout=0, out_port=65535, priority=32768, idle_timeout=0, command=delete, actions=(), flags=0, match=x^L,in_port:None][1;m
[1;36m[1;44m00:00.545 00:00.208 Successfully matched event ControlMessageReceive:i13 c c1 -> s 2 [ofp_set_config: ][1;m
[1;36m[1;44m00:00.546 00:00.208 Successfully matched event ControlMessageReceive:i14 c c1 -> s 1 [ofp_barrier_request: ][1;m
[1;36m[1;44m00:00.546 00:00.208 Successfully matched event ControlMessageReceive:i15 c c1 -> s 2 [ofp_flow_mod: hard_timeout=0, out_port=65535, priority=32768, idle_timeout=0, command=delete, actions=(), flags=0, match=x^L,in_port:None][1;m
[1;36m[1;44m00:00.547 00:00.209 Successfully matched event ControlMessageSend:i16 c 2 -> s c1 [ofp_barrier_reply: ][1;m
[1;36m[1;44m00:00.548 00:00.209 Successfully matched event ControlMessageSend:i17 c 1 -> s c1 [ofp_barrier_reply: ][1;m
[1;41m[1;33m[c1] INFO:openflow.of_01:of_01 [Con 2/2] Connected to 00-00-00-00-00-02[1;m

[1;41m[1;33m[c1] DEBUG:forwarding.l2_multi:Connect [Con 2/2][1;m

[1;41m[1;33m[c1] DEBUG:openflow.discovery:Installing flow for 00-00-00-00-00-02[1;m

[1;36m[1;44m00:00.551 00:00.311 Successfully matched event ControlMessageReceive:i18 c c1 -> s 2 [ofp_flow_mod: hard_timeout=0, out_port=65535, priority=32768, idle_timeout=0, command=add, actions=(u'output(65533)',), flags=0, match=dl_dst:01:23:20:00:00:01,dl_type:35020,in_port:None][1;m[1;41m[1;33m[c1] INFO:openflow.of_01:of_01 [Con 1/1] Connected to 00-00-00-00-00-01[1;m


[1;36m[1;36mRound 4[1;37m[1;m[1;41m[1;33m[c1] DEBUG:forwarding.l2_multi:Connect [Con 1/1][1;m


[1;36m[1;44m00:00.554 00:00.312 Successfully matched event ControlMessageReceive:i19 c c1 -> s 1 [ofp_flow_mod: hard_timeout=0, out_port=65535, priority=32768, idle_timeout=0, command=add, actions=(u'output(65533)',), flags=0, match=dl_dst:01:23:20:00:00:01,dl_type:35020,in_port:None][1;m[1;41m[1;33m[c1] DEBUG:openflow.discovery:Installing flow for 00-00-00-00-00-01[1;m


[1;36m[1;44m00:01.804 00:01.523 Successfully matched event ControlMessageReceive:i20 c c1 -> s 2 [ofp_packet_out: actions=(u'output(1)',), data={u'class': u'lldp'}, in_port=65535][1;m
[1;36m[1;36mRound 16[1;37m[1;m
[1;36mForwarding dataplane event[1;m
[1;36m[1;44m00:01.805 00:01.524 Successfully matched event DataplanePermit:i21[1;m
[1;36m[1;44m00:01.806 00:01.626 Successfully matched event ControlMessageSend:i22 c 1 -> s c1 [ofp_packet_in: data={u'class': u'lldp'}, in_port=1][1;m
[1;36m[1;36mRound 17[1;37m[1;m
[1;41m[1;33m[c1] INFO:openflow.discovery:link detected: 00-00-00-00-00-02.1 -> 00-00-00-00-00-01.1[1;m

[1;36m[1;44m00:01.808 00:01.728 Successfully matched event ControlMessageReceive:i23 c c1 -> s 1 [ofp_flow_mod: hard_timeout=0, out_port=65535, priority=32768, idle_timeout=0, command=delete, actions=(), flags=0, match=x^L,in_port:None][1;m
[1;36m[1;36mRound 18[1;37m[1;m
[1;36m[1;44m00:01.842 00:01.729 Successfully matched event ControlMessageReceive:i24 c c1 -> s 1 [ofp_packet_out: actions=(), data=(), in_port=1][1;m
[1;36m[1;44m00:01.843 00:01.730 Successfully matched event ControlMessageReceive:i25 c c1 -> s 2 [ofp_flow_mod: hard_timeout=0, out_port=65535, priority=32768, idle_timeout=0, command=delete, actions=(), flags=0, match=x^L,in_port:None][1;m
[1;36m[1;44m00:03.054 00:02.741 Successfully matched event ControlMessageReceive:i26 c c1 -> s 2 [ofp_packet_out: actions=(u'output(2)',), data={u'class': u'lldp'}, in_port=65535][1;m
[1;36m[1;36mRound 28[1;37m[1;m
[1;36mForwarding dataplane event[1;m
[1;36m[1;44m00:03.055 00:02.742 Successfully matched event DataplanePermit:i27[1;m
[1;36m[1;44m00:04.305 00:04.058 Successfully matched event ControlMessageReceive:i28 c c1 -> s 1 [ofp_packet_out: actions=(u'output(1)',), data={u'class': u'lldp'}, in_port=65535][1;m
[1;36m[1;36mRound 41[1;37m[1;m
[1;36mForwarding dataplane event[1;m
[1;36m[1;44m00:04.307 00:04.059 Successfully matched event DataplanePermit:i29[1;m
[1;36m[1;44m00:04.307 00:04.160 Successfully matched event ControlMessageSend:i30 c 2 -> s c1 [ofp_packet_in: data={u'class': u'lldp'}, in_port=1][1;m
[1;36m[1;36mRound 42[1;37m[1;m
[1;41m[1;33m[c1] INFO:openflow.discovery:link detected: 00-00-00-00-00-01.1 -> 00-00-00-00-00-02.1[1;m

[1;36m[1;44m00:04.342 00:04.262 Successfully matched event ControlMessageReceive:i31 c c1 -> s 2 [ofp_packet_out: actions=(), data=(), in_port=1][1;m
[1;36m[1;36mRound 43[1;37m[1;m
[1;36m[1;44m00:04.343 00:04.263 Successfully matched event ControlMessageReceive:i32 c c1 -> s 1 [ofp_flow_mod: hard_timeout=0, out_port=65535, priority=32768, idle_timeout=0, command=delete, actions=(), flags=0, match=x^L,in_port:None][1;m
[1;36m[1;44m00:04.344 00:04.263 Successfully matched event ControlMessageReceive:i33 c c1 -> s 2 [ofp_flow_mod: hard_timeout=0, out_port=65535, priority=32768, idle_timeout=0, command=delete, actions=(), flags=0, match=x^L,in_port:None][1;m
[1;36m[1;44m00:05.156 00:05.074 Successfully matched event TrafficInjection:e34[1;m
[1;36m[1;36mRound 51[1;37m[1;m
[1;36mForwarding dataplane event[1;m
[1;36m[1;44m00:05.158 00:05.074 Successfully matched event TrafficInjection:e35[1;m
[1;36mForwarding dataplane event[1;m
[1;36m[1;44m00:05.159 00:05.075 Successfully matched event DataplanePermit:i36[1;m
[1;36m[1;44m00:05.160 00:05.076 Successfully matched event DataplanePermit:i37[1;m
[1;36m[1;44m00:05.161 00:05.178 Successfully matched event ControlMessageSend:i38 c 1 -> s c1 [ofp_packet_in: data={u'dl_dst': u'12:34:56:78:01:02', u'nw_src': u'10.1.2.2', u'dl_src': u'12:34:56:78:01:02', u'nw_dst': u'10.1.2.2'}, in_port=2][1;m
[1;36m[1;36mRound 52[1;37m[1;m
[1;36m[1;44m00:05.161 00:05.178 Successfully matched event ControlMessageSend:i39 c 2 -> s c1 [ofp_packet_in: data={u'dl_dst': u'12:34:56:78:02:02', u'nw_src': u'10.2.2.2', u'dl_src': u'12:34:56:78:02:02', u'nw_dst': u'10.2.2.2'}, in_port=2][1;m
[1;42m[1;37mNo correctness violations![1;m
[1;36m[1;44m00:05.162 00:05.179 Successfully matched event CheckInvariants:e40[1;m
[1;41m[1;33m[c1] DEBUG:forwarding.l2_multi:Learned 12:34:56:78:02:02 at 00-00-00-00-00-02.2[1;m

[1;41m[1;33m[c1] DEBUG:forwarding.l2_multi:Installing path for 12:34:56:78:02:02 -> 12:34:56:78:02:02 0800 (1 hops)[1;m
[1;36m[1;44m00:05.168 00:05.281 Successfully matched event ControlMessageReceive:i41 c c1 -> s 1 [ofp_flow_mod: hard_timeout=30, out_port=65535, priority=32768, idle_timeout=10, command=add, actions=(u'output(2)',), flags=0, match=dl_src:12:34:56:78:01:02,dl_dst:12:34:56:78:01:02,dl_vlan:65535,dl_vlan_pcp:0,dl_type:2048,nw_tos:0,nw_proto:1,nw_src:10.1.2.2/32,nw_dst:10.1.2.2/32,tp_src:0,tp_dst:0,in_port:None][1;m

[1;41m[1;33m[c1] DEBUG:forwarding.l2_multi:Learned 12:34:56:78:01:02 at 00-00-00-00-00-01.2[1;m
[1;36m[1;36mRound 53[1;37m[1;m

[1;41m[1;33m[c1] DEBUG:forwarding.l2_multi:Installing path for 12:34:56:78:01:02 -> 12:34:56:78:01:02 0800 (1 hops)[1;m

[1;36m[1;44m00:05.556 00:05.282 Successfully matched event ControlMessageReceive:i42 c c1 -> s 1 [ofp_packet_out: actions=(u'output(2)',), data={u'class': u'lldp'}, in_port=65535][1;m
[1;36mForwarding dataplane event[1;m
[1;36m[1;44m00:05.562 00:05.282 Successfully matched event ControlMessageReceive:i43 c c1 -> s 2 [ofp_flow_mod: hard_timeout=30, out_port=65535, priority=32768, idle_timeout=10, command=add, actions=(u'output(2)',), flags=0, match=dl_src:12:34:56:78:02:02,dl_dst:12:34:56:78:02:02,dl_vlan:65535,dl_vlan_pcp:0,dl_type:2048,nw_tos:0,nw_proto:1,nw_src:10.2.2.2/32,nw_dst:10.2.2.2/32,tp_src:8,tp_dst:0,in_port:None][1;m
[1;42m[1;37mNo correctness violations![1;m
[1;36m[1;44m00:05.563 00:05.283 Successfully matched event CheckInvariants:e44[1;m
[1;36m[1;44m00:05.563 00:05.384 Successfully matched event DataplanePermit:i45[1;m
[1;36m[1;36mRound 54[1;37m[1;m
[1;42m[1;37mNo correctness violations![1;m
[1;36m[1;44m00:05.563 00:05.385 Successfully matched event CheckInvariants:e46[1;m
[1;42m[1;37mNo correctness violations![1;m
[1;36m[1;44m00:05.665 00:05.486 Successfully matched event CheckInvariants:e47[1;m
[1;36m[1;36mRound 55[1;37m[1;m
[1;42m[1;37mNo correctness violations![1;m
[1;36m[1;44m00:05.767 00:05.588 Successfully matched event CheckInvariants:e48[1;m
[1;36m[1;36mRound 56[1;37m[1;m
[1;42m[1;37mNo correctness violations![1;m
[1;36m[1;44m00:05.869 00:05.689 Successfully matched event CheckInvariants:e49[1;m
[1;36m[1;36mRound 57[1;37m[1;m
[1;42m[1;37mNo correctness violations![1;m
[1;36m[1;44m00:05.972 00:05.791 Successfully matched event CheckInvariants:e50[1;m
[1;36m[1;36mRound 58[1;37m[1;m
[1;42m[1;37mNo correctness violations![1;m
[1;36m[1;44m00:06.074 00:05.892 Successfully matched event CheckInvariants:e51[1;m
[1;36m[1;36mRound 59[1;37m[1;m
[1;42m[1;37mNo correctness violations![1;m
[1;36m[1;44m00:06.176 00:05.994 Successfully matched event CheckInvariants:e52[1;m
[1;36m[1;36mRound 60[1;37m[1;m
[1;42m[1;37mNo correctness violations![1;m
[1;36m[1;44m00:06.278 00:06.096 Successfully matched event CheckInvariants:e53[1;m
[1;36m[1;36mRound 61[1;37m[1;m
[1;42m[1;37mNo correctness violations![1;m
[1;36m[1;44m00:06.380 00:06.197 Successfully matched event CheckInvariants:e54[1;m
[1;36m[1;36mRound 62[1;37m[1;m
[1;42m[1;37mNo correctness violations![1;m
[1;36m[1;44m00:06.483 00:06.299 Successfully matched event CheckInvariants:e55[1;m
[1;36m[1;36mRound 63[1;37m[1;m
[1;42m[1;37mNo correctness violations![1;m
[1;36m[1;44m00:06.585 00:06.401 Successfully matched event CheckInvariants:e56[1;m
[1;36m[1;36mRound 64[1;37m[1;m
[1;36m[1;44m00:06.807 00:06.503 Successfully matched event ControlMessageReceive:i57 c c1 -> s 2 [ofp_packet_out: actions=(u'output(1)',), data={u'class': u'lldp'}, in_port=65535][1;m
[1;36m[1;36mRound 65[1;37m[1;m
[1;36mForwarding dataplane event[1;m
[1;42m[1;37mNo correctness violations![1;m
[1;36m[1;44m00:06.809 00:06.503 Successfully matched event CheckInvariants:e58[1;m
[1;36m[1;44m00:06.809 00:06.605 Successfully matched event DataplanePermit:i59[1;m
[1;36m[1;36mRound 66[1;37m[1;m
[1;36m[1;44m00:06.809 00:06.605 Successfully matched event ControlMessageSend:i60 c 1 -> s c1 [ofp_packet_in: data={u'class': u'lldp'}, in_port=1][1;m
[1;42m[1;37mNo correctness violations![1;m
[1;36m[1;44m00:06.810 00:06.605 Successfully matched event CheckInvariants:e61[1;m
[1;36m[1;44m00:06.811 00:06.707 Successfully matched event ControlMessageReceive:i62 c c1 -> s 1 [ofp_packet_out: actions=(), data=(), in_port=1][1;m
[1;36m[1;36mRound 67[1;37m[1;m
[1;42m[1;37mNo correctness violations![1;m
[1;36m[1;44m00:06.812 00:06.708 Successfully matched event CheckInvariants:e63[1;m
[1;36m[1;44m00:06.812 00:06.912 Successfully matched event DataplanePermit:i66[1;m
[1;36m[1;36mRound 69[1;37m[1;m
[1;35m[1;41m00:07.414 00:06.912 Event timed out ControlMessageSend:i67 c 2 -> s c1 [ofp_packet_in: data={u'dl_dst': u'12:34:56:78:01:02', u'nw_src': u'10.2.2.2', u'dl_src': u'12:34:56:78:02:02', u'nw_dst': u'10.1.2.2'}, in_port=2][1;m
[1;35m[1;41m00:08.016 00:07.014 Event timed out ControlMessageReceive:i69 c c1 -> s 1 [ofp_flow_mod: hard_timeout=30, out_port=65535, priority=32768, idle_timeout=10, command=add, actions=(u'output(2)',), flags=0, match=dl_src:12:34:56:78:02:02,dl_dst:12:34:56:78:01:02,dl_vlan:65535,dl_vlan_pcp:0,dl_type:2048,nw_tos:0,nw_proto:1,nw_src:10.2.2.2/32,nw_dst:10.1.2.2/32,tp_src:0,tp_dst:0,in_port:None][1;m
[1;36m[1;36mRound 70[1;37m[1;m
[1;35m[1;41m00:08.660 00:07.015 Event timed out ControlMessageReceive:i70 c c1 -> s 2 [ofp_flow_mod: hard_timeout=30, out_port=65535, priority=32768, idle_timeout=10, command=add, actions=(u'output(1)',), flags=0, match=dl_src:12:34:56:78:02:02,dl_dst:12:34:56:78:01:02,dl_vlan:65535,dl_vlan_pcp:0,dl_type:2048,nw_tos:0,nw_proto:1,nw_src:10.2.2.2/32,nw_dst:10.1.2.2/32,tp_src:0,tp_dst:0,in_port:None][1;m
[1;36m[1;44m00:08.661 00:07.118 Successfully matched event DataplanePermit:i72[1;m
[1;36m[1;36mRound 71[1;37m[1;m
[1;36m[1;44m00:08.661 00:07.220 Successfully matched event DataplanePermit:i74[1;m
[1;36m[1;36mRound 72[1;37m[1;m
[1;36m[1;44m00:08.662 00:07.324 Successfully matched event DataplanePermit:i76[1;m
[1;36m[1;36mRound 73[1;37m[1;m
[1;35m[1;41m00:09.263 00:07.324 Event timed out ControlMessageSend:i77 c 1 -> s c1 [ofp_packet_in: data={u'dl_dst': u'12:34:56:78:02:02', u'nw_src': u'10.1.2.2', u'dl_src': u'12:34:56:78:01:02', u'nw_dst': u'10.2.2.2'}, in_port=2][1;m
[1;35m[1;41m00:09.911 00:07.426 Event timed out ControlMessageReceive:i79 c c1 -> s 2 [ofp_flow_mod: hard_timeout=30, out_port=65535, priority=32768, idle_timeout=10, command=add, actions=(u'output(2)',), flags=0, match=dl_src:12:34:56:78:01:02,dl_dst:12:34:56:78:02:02,dl_vlan:65535,dl_vlan_pcp:0,dl_type:2048,nw_tos:0,nw_proto:6,nw_src:10.1.2.2/32,nw_dst:10.2.2.2/32,in_port:None][1;m
[1;36m[1;36mRound 74[1;37m[1;m
[1;35m[1;41m00:10.513 00:07.427 Event timed out ControlMessageReceive:i80 c c1 -> s 1 [ofp_flow_mod: hard_timeout=0, out_port=65535, priority=123, idle_timeout=0, command=add, actions=(), flags=0, match=x^L,in_port:None][1;m
[1;35m[1;41m00:11.162 00:07.428 Event timed out ControlMessageReceive:i81 c c1 -> s 1 [ofp_flow_mod: hard_timeout=30, out_port=65535, priority=32768, idle_timeout=10, command=add, actions=(u'output(1)',), flags=0, match=dl_src:12:34:56:78:01:02,dl_dst:12:34:56:78:02:02,dl_vlan:65535,dl_vlan_pcp:0,dl_type:2048,nw_tos:0,nw_proto:6,nw_src:10.1.2.2/32,nw_dst:10.2.2.2/32,in_port:None][1;m
[1;42m[1;37mNo correctness violations![1;m
[1;36m[1;44mEvent Stats: Events matched: 67, timed out: 7
Matches per event type:
  ConnectToControllers 1
  TrafficInjection 2
  DataplanePermit 11
  ControlMessageSend 11
  CheckInvariants 16
  ControlMessageReceive 26
Timeouts per event type:
  ControlMessageSend 2
  ControlMessageReceive 5
[1;m
[1;36m[1;44mDataplaneDrop Stats: Expected drops (0), Actual drops (0)
Missed Drops (expected if TrafficInjections pruned):[1;m
[1;36mKilling controller c1 (pid 18716)[1;m
Terminating child controllers...close() called on stdout during concurrent operation
close() called on stderr during concurrent operation
 OK
