No DataplaneDrops to replay. We suggest you set Replayer's default_dp_permit=True 
[1;36mStarting POX controller c1[1;m
connect_socket_with_backoff sts_socket_pipe
Error connecting.  -- [Errno 111] Connection refused. Backing off 1 seconds ...
[1;33m[c1] POX 0.0.0 / Copyright 2011 James McCauley[1;m

[1;41m[1;33m[c1] DEBUG:core:POX 0.0.0 going up...[1;m

[1;41m[1;33m[c1] DEBUG:core:Running on CPython (2.7.3/Feb 27 2014 19:58:35)[1;m

[1;41m[1;33m[c1] INFO:core:POX 0.0.0 is up.[1;m

[1;41m[1;33m[c1] DEBUG:openflow.of_01:Listening for connections on ../sts_socket_pipe[1;m

[1;33m[c1] Incoming true socket connected[1;m

connect_socket_with_backoff sts_socket_pipe
[1;33m[c1] Incoming MockSocket connection[1;m

connect_socket_with_backoff sts_socket_pipe
[1;33m[c1] MAX_CONNS -2[1;m

connect_socket_with_backoff sts_socket_pipe
[1;33m[c1] Incoming MockSocket connection[1;m

connect_socket_with_backoff sts_socket_pipe[1;33m[c1] MAX_CONNS -3[1;m


[1;33m[c1] Incoming MockSocket connection[1;m

[1;33m[c1] MAX_CONNS -4[1;m

connect_socket_with_backoff sts_socket_pipe
[1;33m[c1] Incoming MockSocket connection[1;m

connect_socket_with_backoff sts_socket_pipe[1;33m[c1] MAX_CONNS -5[1;m


[1;33m[c1] Incoming MockSocket connection[1;m

connect_socket_with_backoff sts_socket_pipe
connect_socket_with_backoff sts_socket_pipe[1;33m[c1] MAX_CONNS -6[1;m


connect_socket_with_backoff sts_socket_pipe
[1;33m[c1] Incoming MockSocket connection[1;m

[1;33m[c1] MAX_CONNS -7[1;m

[1;33m[c1] Incoming MockSocket connection[1;m
connect_socket_with_backoff sts_socket_pipe

[1;33m[c1] MAX_CONNS -8[1;m

connect_socket_with_backoff sts_socket_pipe
[1;33m[c1] Incoming MockSocket connection[1;m

[1;33m[c1] MAX_CONNS -9[1;m

[1;33m[c1] Incoming MockSocket connection[1;m

connect_socket_with_backoff sts_socket_pipe[1;33m[c1] MAX_CONNS -10[1;m


connect_socket_with_backoff sts_socket_pipe[1;33m[c1] Incoming MockSocket connection[1;m


[1;33m[c1] MAX_CONNS -11[1;m

connect_socket_with_backoff sts_socket_pipe[1;33m[c1] Incoming MockSocket connection[1;m


[1;33m[c1] MAX_CONNS -12[1;m
connect_socket_with_backoff sts_socket_pipe

[1;33m[c1] Incoming MockSocket connection[1;m

[1;33m[c1] MAX_CONNS -13[1;m

connect_socket_with_backoff sts_socket_pipe
[1;33m[c1] Incoming MockSocket connection[1;m

connect_socket_with_backoff sts_socket_pipe
[1;33m[c1] MAX_CONNS -14[1;m

connect_socket_with_backoff sts_socket_pipe
[1;33m[c1] Incoming MockSocket connection[1;m

connect_socket_with_backoff sts_socket_pipe[1;33m[c1] MAX_CONNS -15[1;m


connect_socket_with_backoff sts_socket_pipe[1;33m[c1] Incoming MockSocket connection[1;m

[1;36m[1;44m00:00.511 00:00.000 Successfully matched event ConnectToControllers:e1[1;m

[1;33m[c1] MAX_CONNS -16[1;m

[1;36m[1;44m00:00.515 00:00.013 Successfully matched event ControlChannelBlock:e2[1;m
[1;36m[1;36mRound 1[1;37m[1;m[1;33m[c1] Incoming MockSocket connection[1;m


[1;36m[1;44m00:00.516 00:00.013 Successfully matched event ControlChannelBlock:e3[1;m
[1;36m[1;44m00:00.517 00:00.013 Successfully matched event ControlMessageReceive:i4 c c1 -> s 9 [ofp_hello: ][1;m[1;33m[c1] MAX_CONNS -17[1;m


[1;36m[1;44m00:00.518 00:00.014 Successfully matched event ControlMessageReceive:i5 c c1 -> s 20 [ofp_hello: ][1;m[1;33m[c1] Incoming MockSocket connection[1;m

[1;36m[1;44m00:00.518 00:00.014 Successfully matched event ControlMessageReceive:i6 c c1 -> s 7 [ofp_hello: ][1;m

[1;36m[1;44m00:00.519 00:00.014 Successfully matched event ControlMessageReceive:i7 c c1 -> s 1 [ofp_hello: ][1;m[1;33m[c1] MAX_CONNS -18[1;m


[1;36m[1;44m00:00.519 00:00.014 Successfully matched event ControlMessageReceive:i8 c c1 -> s 12 [ofp_hello: ][1;m
[1;36m[1;44m00:00.520 00:00.015 Successfully matched event ControlMessageReceive:i9 c c1 -> s 19 [ofp_hello: ][1;m[1;33m[c1] Incoming MockSocket connection[1;m

[1;36m[1;44m00:00.520 00:00.015 Successfully matched event ControlMessageReceive:i10 c c1 -> s 13 [ofp_hello: ][1;m

[1;36m[1;44m00:00.521 00:00.015 Successfully matched event ControlMessageReceive:i11 c c1 -> s 18 [ofp_hello: ][1;m[1;33m[c1] MAX_CONNS -19[1;m


[1;36m[1;44m00:00.521 00:00.015 Successfully matched event ControlMessageReceive:i12 c c1 -> s 4 [ofp_hello: ][1;m[1;33m[c1] Incoming MockSocket connection[1;m

[1;36m[1;44m00:00.522 00:00.016 Successfully matched event ControlMessageReceive:i13 c c1 -> s 11 [ofp_hello: ][1;m

[1;36m[1;44m00:00.522 00:00.016 Successfully matched event ControlMessageReceive:i14 c c1 -> s 14 [ofp_hello: ][1;m[1;33m[c1] MAX_CONNS -20[1;m

[1;36m[1;44m00:00.523 00:00.016 Successfully matched event ControlMessageReceive:i15 c c1 -> s 5 [ofp_hello: ][1;m

[1;36m[1;44m00:00.523 00:00.017 Successfully matched event ControlMessageReceive:i16 c c1 -> s 16 [ofp_hello: ][1;m[1;33m[c1] Incoming MockSocket connection[1;m


[1;36m[1;44m00:00.523 00:00.017 Successfully matched event ControlMessageReceive:i17 c c1 -> s 10 [ofp_hello: ][1;m
 [1;36m[1;44m00:00.524 00:00.017 Successfully matched event ControlMessageReceive:i18 c c1 -> s 17 [ofp_hello: ][1;m[1;33m[c1] MAX_CONNS -21[1;m

[1;36m[1;44m00:00.524 00:00.017 Successfully matched event ControlMessageReceive:i19 c c1 -> s 3 [ofp_hello: ][1;m

[1;36m[1;44m00:00.525 00:00.018 Successfully matched event ControlMessageReceive:i20 c c1 -> s 6 [ofp_hello: ][1;m
[1;36m[1;44m00:00.525 00:00.018 Successfully matched event ControlMessageReceive:i21 c c1 -> s 8 [ofp_hello: ][1;m
[1;36m[1;44m00:00.526 00:00.018 Successfully matched event ControlMessageReceive:i22 c c1 -> s 15 [ofp_hello: ][1;m
[1;36m[1;44m00:00.526 00:00.018 Successfully matched event ControlMessageReceive:i23 c c1 -> s 2 [ofp_hello: ][1;m
[1;36m[1;44m00:00.526 00:00.019 Successfully matched event ControlMessageSend:i24 c 9 -> s c1 [ofp_hello: ][1;m
[1;36m[1;44m00:00.527 00:00.019 Successfully matched event ControlMessageSend:i25 c 20 -> s c1 [ofp_hello: ][1;m
[1;36m[1;44m00:00.527 00:00.019 Successfully matched event ControlMessageSend:i26 c 7 -> s c1 [ofp_hello: ][1;m
[1;36m[1;44m00:00.527 00:00.019 Successfully matched event ControlMessageSend:i27 c 1 -> s c1 [ofp_hello: ][1;m
[1;36m[1;44m00:00.528 00:00.019 Successfully matched event ControlMessageSend:i28 c 12 -> s c1 [ofp_hello: ][1;m
[1;36m[1;44m00:00.528 00:00.019 Successfully matched event ControlMessageSend:i29 c 19 -> s c1 [ofp_hello: ][1;m
[1;36m[1;44m00:00.528 00:00.020 Successfully matched event ControlMessageSend:i30 c 13 -> s c1 [ofp_hello: ][1;m
[1;36m[1;44m00:00.529 00:00.020 Successfully matched event ControlMessageSend:i31 c 18 -> s c1 [ofp_hello: ][1;m
[1;36m[1;44m00:00.529 00:00.020 Successfully matched event ControlMessageSend:i32 c 4 -> s c1 [ofp_hello: ][1;m
[1;36m[1;44m00:00.529 00:00.020 Successfully matched event ControlMessageSend:i33 c 11 -> s c1 [ofp_hello: ][1;m
[1;36m[1;44m00:00.529 00:00.020 Successfully matched event ControlMessageSend:i34 c 14 -> s c1 [ofp_hello: ][1;m
[1;36m[1;44m00:00.530 00:00.021 Successfully matched event ControlMessageSend:i35 c 5 -> s c1 [ofp_hello: ][1;m
[1;36m[1;44m00:00.530 00:00.021 Successfully matched event ControlMessageSend:i36 c 16 -> s c1 [ofp_hello: ][1;m
[1;36m[1;44m00:00.530 00:00.021 Successfully matched event ControlMessageSend:i37 c 10 -> s c1 [ofp_hello: ][1;m
[1;36m[1;44m00:00.531 00:00.021 Successfully matched event ControlMessageSend:i38 c 17 -> s c1 [ofp_hello: ][1;m
[1;36m[1;44m00:00.531 00:00.021 Successfully matched event ControlMessageSend:i39 c 3 -> s c1 [ofp_hello: ][1;m
[1;36m[1;44m00:00.531 00:00.021 Successfully matched event ControlMessageSend:i40 c 6 -> s c1 [ofp_hello: ][1;m
[1;36m[1;44m00:00.532 00:00.022 Successfully matched event ControlMessageSend:i41 c 8 -> s c1 [ofp_hello: ][1;m
[1;36m[1;44m00:00.532 00:00.022 Successfully matched event ControlMessageSend:i42 c 15 -> s c1 [ofp_hello: ][1;m
[1;36m[1;44m00:00.532 00:00.022 Successfully matched event ControlMessageSend:i43 c 2 -> s c1 [ofp_hello: ][1;m
[1;36mCutting link (20:4) -> (16:4)[1;m
[1;36m[1;44m00:00.533 00:00.022 Successfully matched event LinkFailure:e44[1;m
[1;36mCutting link (5:4) -> (14:1)[1;m
[1;36m[1;44m00:00.533 00:00.023 Successfully matched event LinkFailure:e45[1;m
[1;36mCutting link (6:3) -> (13:2)[1;m
[1;36m[1;44m00:00.534 00:00.023 Successfully matched event LinkFailure:e46[1;m
[1;36mCutting link (9:3) -> (17:1)[1;m
[1;36m[1;44m00:00.534 00:00.023 Successfully matched event LinkFailure:e47[1;m
[1;36mCutting link (17:3) -> (13:3)[1;m
[1;36m[1;44m00:00.534 00:00.024 Successfully matched event LinkFailure:e48[1;m
[1;36mCutting link (14:3) -> (19:3)[1;m
[1;36m[1;44m00:00.535 00:00.024 Successfully matched event LinkFailure:e49[1;m
[1;36mCutting link (18:4) -> (15:4)[1;m
[1;36m[1;44m00:00.535 00:00.024 Successfully matched event LinkFailure:e50[1;m
[1;36m[1;44m00:00.536 00:00.025 Successfully matched event HostMigration:e51[1;m
[1;36m[1;44m00:00.536 00:00.026 Successfully matched event TrafficInjection:e52[1;m
[1;36m[1;44m00:00.537 00:00.026 Successfully matched event HostMigration:e53[1;m
[1;36m[1;44m00:00.537 00:00.027 Successfully matched event TrafficInjection:e54[1;m
[1;36m[1;44m00:00.538 00:00.027 Successfully matched event HostMigration:e55[1;m
[1;36m[1;44m00:00.538 00:00.028 Successfully matched event TrafficInjection:e56[1;m
[1;42m[1;37mNo correctness violations![1;m
[1;36m[1;44m00:00.539 00:00.028 Successfully matched event CheckInvariants:e57[1;m
[1;36mForwarding dataplane event[1;m
[1;36m[1;44m00:00.539 00:00.129 Successfully matched event DataplanePermit:i58[1;m
[1;36m[1;36mRound 2[1;37m[1;m
[1;36mForwarding dataplane event[1;m
[1;36m[1;44m00:00.540 00:00.130 Successfully matched event DataplanePermit:i59[1;m
[1;36mForwarding dataplane event[1;m
[1;36m[1;44m00:00.541 00:00.131 Successfully matched event DataplanePermit:i60[1;m
[1;36m[1;44m00:00.541 00:00.132 Successfully matched event ControlChannelUnblock:e61[1;m
[1;36m[1;44m00:00.544 00:00.132 Successfully matched event ControlMessageReceive:i62 c c1 -> s 9 [ofp_features_request: ][1;m
[1;36m[1;44m00:00.544 00:00.133 Successfully matched event ControlMessageReceive:i63 c c1 -> s 20 [ofp_features_request: ][1;m
[1;36m[1;44m00:00.545 00:00.133 Successfully matched event ControlMessageReceive:i64 c c1 -> s 1 [ofp_features_request: ][1;m
[1;36m[1;44m00:00.546 00:00.134 Successfully matched event ControlMessageReceive:i65 c c1 -> s 12 [ofp_features_request: ][1;m
[1;36m[1;44m00:00.546 00:00.134 Successfully matched event ControlMessageReceive:i66 c c1 -> s 19 [ofp_features_request: ][1;m
[1;36m[1;44m00:00.547 00:00.135 Successfully matched event ControlMessageReceive:i67 c c1 -> s 13 [ofp_features_request: ][1;m
[1;36m[1;44m00:00.547 00:00.135 Successfully matched event ControlMessageReceive:i68 c c1 -> s 18 [ofp_features_request: ][1;m
[1;36m[1;44m00:00.547 00:00.136 Successfully matched event ControlMessageReceive:i69 c c1 -> s 4 [ofp_features_request: ][1;m
[1;36m[1;44m00:00.548 00:00.136 Successfully matched event ControlMessageReceive:i70 c c1 -> s 11 [ofp_features_request: ][1;m
[1;36m[1;44m00:00.548 00:00.136 Successfully matched event ControlMessageReceive:i71 c c1 -> s 14 [ofp_features_request: ][1;m
[1;36m[1;44m00:00.549 00:00.137 Successfully matched event ControlMessageReceive:i72 c c1 -> s 5 [ofp_features_request: ][1;m
[1;36m[1;44m00:00.549 00:00.137 Successfully matched event ControlMessageReceive:i73 c c1 -> s 16 [ofp_features_request: ][1;m
[1;36m[1;44m00:00.550 00:00.137 Successfully matched event ControlMessageReceive:i74 c c1 -> s 10 [ofp_features_request: ][1;m
[1;36m[1;44m00:00.550 00:00.137 Successfully matched event ControlMessageReceive:i75 c c1 -> s 17 [ofp_features_request: ][1;m
[1;36m[1;44m00:00.551 00:00.138 Successfully matched event ControlMessageReceive:i76 c c1 -> s 3 [ofp_features_request: ][1;m
[1;36m[1;44m00:00.551 00:00.138 Successfully matched event ControlMessageReceive:i77 c c1 -> s 6 [ofp_features_request: ][1;m
[1;36m[1;44m00:00.551 00:00.138 Successfully matched event ControlMessageReceive:i78 c c1 -> s 15 [ofp_features_request: ][1;m
[1;36m[1;44m00:00.552 00:00.139 Successfully matched event ControlMessageReceive:i79 c c1 -> s 2 [ofp_features_request: ][1;m
[1;36m[1;44m00:00.552 00:00.139 Successfully matched event ControlMessageSend:i80 c 9 -> s c1 [ofp_port_status: reason=2, desc=(3, u'00:00:00:00:09:03')][1;m
[1;36m[1;44m00:00.553 00:00.139 Successfully matched event ControlMessageSend:i81 c 9 -> s c1 [ofp_features_reply: datapath_id=9][1;m
[1;36m[1;44m00:00.553 00:00.140 Successfully matched event ControlMessageSend:i82 c 20 -> s c1 [ofp_port_status: reason=2, desc=(4, u'00:00:00:00:14:04')][1;m
[1;36m[1;44m00:00.554 00:00.140 Successfully matched event ControlMessageSend:i83 c 20 -> s c1 [ofp_features_reply: datapath_id=20][1;m
[1;36m[1;44m00:00.554 00:00.140 Successfully matched event ControlMessageSend:i84 c 1 -> s c1 [ofp_port_status: reason=2, desc=(2, u'00:00:00:00:01:02')][1;m
[1;36m[1;44m00:00.555 00:00.141 Successfully matched event ControlMessageSend:i85 c 1 -> s c1 [ofp_features_reply: datapath_id=1][1;m
[1;36m[1;44m00:00.555 00:00.141 Successfully matched event ControlMessageSend:i86 c 12 -> s c1 [ofp_features_reply: datapath_id=12][1;m
[1;36m[1;44m00:00.556 00:00.141 Successfully matched event ControlMessageSend:i87 c 19 -> s c1 [ofp_features_reply: datapath_id=19][1;m
[1;36m[1;44m00:00.556 00:00.141 Successfully matched event ControlMessageSend:i88 c 13 -> s c1 [ofp_features_reply: datapath_id=13][1;m
[1;36m[1;44m00:00.557 00:00.142 Successfully matched event ControlMessageSend:i89 c 18 -> s c1 [ofp_port_status: reason=2, desc=(4, u'00:00:00:00:12:04')][1;m
[1;36m[1;44m00:00.557 00:00.142 Successfully matched event ControlMessageSend:i90 c 18 -> s c1 [ofp_features_reply: datapath_id=18][1;m
[1;36m[1;44m00:00.558 00:00.142 Successfully matched event ControlMessageSend:i91 c 4 -> s c1 [ofp_features_reply: datapath_id=4][1;m
[1;36m[1;44m00:00.558 00:00.142 Successfully matched event ControlMessageSend:i92 c 11 -> s c1 [ofp_features_reply: datapath_id=11][1;m
[1;36m[1;44m00:00.559 00:00.143 Successfully matched event ControlMessageSend:i93 c 14 -> s c1 [ofp_port_status: reason=2, desc=(3, u'00:00:00:00:0e:03')][1;m
[1;36m[1;44m00:00.559 00:00.143 Successfully matched event ControlMessageSend:i94 c 14 -> s c1 [ofp_features_reply: datapath_id=14][1;m
[1;36m[1;44m00:00.559 00:00.143 Successfully matched event ControlMessageSend:i95 c 5 -> s c1 [ofp_port_status: reason=2, desc=(4, u'00:00:00:00:05:04')][1;m
[1;36m[1;44m00:00.560 00:00.144 Successfully matched event ControlMessageSend:i96 c 5 -> s c1 [ofp_features_reply: datapath_id=5][1;m
[1;36m[1;44m00:00.560 00:00.144 Successfully matched event ControlMessageSend:i97 c 16 -> s c1 [ofp_features_reply: datapath_id=16][1;m
[1;36m[1;44m00:00.561 00:00.144 Successfully matched event ControlMessageSend:i98 c 10 -> s c1 [ofp_features_reply: datapath_id=10][1;m
[1;36m[1;44m00:00.561 00:00.144 Successfully matched event ControlMessageSend:i99 c 17 -> s c1 [ofp_port_status: reason=2, desc=(3, u'00:00:00:00:11:03')][1;m
[1;36m[1;44m00:00.562 00:00.145 Successfully matched event ControlMessageSend:i100 c 17 -> s c1 [ofp_features_reply: datapath_id=17][1;m
[1;36m[1;44m00:00.562 00:00.145 Successfully matched event ControlMessageSend:i101 c 3 -> s c1 [ofp_port_status: reason=2, desc=(1, u'00:00:00:00:03:01')][1;m
[1;36m[1;44m00:00.563 00:00.145 Successfully matched event ControlMessageSend:i102 c 3 -> s c1 [ofp_features_reply: datapath_id=3][1;m
[1;36m[1;44m00:00.563 00:00.146 Successfully matched event ControlMessageSend:i103 c 6 -> s c1 [ofp_port_status: reason=2, desc=(3, u'00:00:00:00:06:03')][1;m
[1;36m[1;44m00:00.564 00:00.146 Successfully matched event ControlMessageSend:i104 c 6 -> s c1 [ofp_port_status: reason=2, desc=(5, u'00:00:00:00:03:01')][1;m
[1;36m[1;44m00:00.564 00:00.147 Successfully matched event ControlMessageSend:i105 c 6 -> s c1 [ofp_port_status: reason=2, desc=(6, u'00:00:00:00:02:01')][1;m
[1;36m[1;44m00:00.565 00:00.147 Successfully matched event ControlMessageSend:i106 c 6 -> s c1 [ofp_packet_in: data={u'dl_dst': u'00:00:00:01:00:01', u'nw_src': u'123.1.0.1', u'dl_src': u'00:00:00:01:00:01', u'nw_dst': u'123.1.0.1'}, in_port=5][1;m
[1;36m[1;44m00:00.565 00:00.147 Successfully matched event ControlMessageSend:i107 c 6 -> s c1 [ofp_packet_in: data={u'dl_dst': u'00:00:00:00:01:01', u'nw_src': u'123.0.1.1', u'dl_src': u'00:00:00:00:01:01', u'nw_dst': u'123.0.1.1'}, in_port=6][1;m
[1;36m[1;44m00:00.566 00:00.148 Successfully matched event ControlMessageSend:i108 c 6 -> s c1 [ofp_features_reply: datapath_id=6][1;m
[1;36m[1;44m00:00.566 00:00.148 Successfully matched event ControlMessageSend:i109 c 8 -> s c1 [ofp_port_status: reason=2, desc=(5, u'00:00:00:00:01:02')][1;m
[1;36m[1;44m00:00.567 00:00.149 Successfully matched event ControlMessageSend:i110 c 8 -> s c1 [ofp_packet_in: data={u'dl_dst': u'00:00:00:00:00:02', u'nw_src': u'123.0.0.2', u'dl_src': u'00:00:00:00:00:02', u'nw_dst': u'123.0.0.2'}, in_port=5][1;m
[1;36m[1;44m00:00.568 00:00.149 Successfully matched event ControlMessageSend:i111 c 15 -> s c1 [ofp_features_reply: datapath_id=15][1;m
[1;36m[1;44m00:00.568 00:00.149 Successfully matched event ControlMessageSend:i112 c 2 -> s c1 [ofp_port_status: reason=2, desc=(1, u'00:00:00:00:02:01')][1;m
[1;36m[1;44m00:00.568 00:00.150 Successfully matched event ControlMessageSend:i113 c 2 -> s c1 [ofp_features_reply: datapath_id=2][1;m
[1;36mCutting link (10:2) -> (2:4)[1;m
[1;36m[1;44m00:00.569 00:00.150 Successfully matched event LinkFailure:e114[1;m
[1;36mCutting link (13:1) -> (5:3)[1;m
[1;36m[1;44m00:00.569 00:00.150 Successfully matched event LinkFailure:e115[1;m
[1;36mCutting link (15:2) -> (8:3)[1;m
[1;36m[1;44m00:00.570 00:00.151 Successfully matched event LinkFailure:e116[1;m
[1;36mCutting link (16:1) -> (7:4)[1;m
[1;36m[1;44m00:00.570 00:00.151 Successfully matched event LinkFailure:e117[1;m
[1;36mCutting link (15:1) -> (7:3)[1;m
[1;36m[1;44m00:00.570 00:00.151 Successfully matched event LinkFailure:e118[1;m
[1;36mCutting link (18:3) -> (13:4)[1;m
[1;36m[1;44m00:00.571 00:00.151 Successfully matched event LinkFailure:e119[1;m
[1;36mRestoring link (17:3) -> (13:3)[1;m
[1;36m[1;44m00:00.571 00:00.152 Successfully matched event LinkRecovery:e120[1;m
[1;36mRestoring link (18:4) -> (15:4)[1;m
[1;36m[1;44m00:00.571 00:00.152 Successfully matched event LinkRecovery:e121[1;m
[1;36mRestoring link (20:4) -> (16:4)[1;m
[1;36m[1;44m00:00.572 00:00.152 Successfully matched event LinkRecovery:e122[1;m
[1;36mRestoring link (6:3) -> (13:2)[1;m
[1;36m[1;44m00:00.572 00:00.152 Successfully matched event LinkRecovery:e123[1;m
[1;36mRestoring link (5:4) -> (14:1)[1;m
[1;36m[1;44m00:00.573 00:00.153 Successfully matched event LinkRecovery:e124[1;m
[1;36m[1;44m00:00.573 00:00.153 Successfully matched event HostMigration:e125[1;m
[1;35m[1;41m00:01.186 00:00.255 Event timed out DataplanePermit:i130[1;m
[1;36m[1;36mRound 3[1;37m[1;m
[1;35m[1;41m00:01.788 00:00.256 Event timed out DataplanePermit:i131[1;m
[1;36m[1;44m00:01.789 00:00.258 Successfully matched event ControlChannelUnblock:e136[1;m
[1;36m[1;44m00:01.789 00:00.258 Successfully matched event ControlMessageReceive:i137 c c1 -> s 9 [ofp_set_config: ][1;m
[1;36m[1;44m00:01.790 00:00.259 Successfully matched event ControlMessageReceive:i138 c c1 -> s 9 [ofp_flow_mod: hard_timeout=0, out_port=65535, priority=32768, idle_timeout=0, command=delete, actions=(), flags=0, match=x^L,in_port:None][1;m
[1;36m[1;44m00:01.791 00:00.260 Successfully matched event ControlMessageReceive:i139 c c1 -> s 9 [ofp_barrier_request: ][1;m
[1;36m[1;44m00:01.792 00:00.260 Successfully matched event ControlMessageReceive:i140 c c1 -> s 20 [ofp_set_config: ][1;m
[1;36m[1;44m00:01.792 00:00.260 Successfully matched event ControlMessageReceive:i141 c c1 -> s 20 [ofp_flow_mod: hard_timeout=0, out_port=65535, priority=32768, idle_timeout=0, command=delete, actions=(), flags=0, match=x^L,in_port:None][1;m
[1;36m[1;44m00:01.793 00:00.261 Successfully matched event ControlMessageReceive:i142 c c1 -> s 20 [ofp_barrier_request: ][1;m
[1;36m[1;44m00:01.794 00:00.261 Successfully matched event ControlMessageReceive:i143 c c1 -> s 1 [ofp_set_config: ][1;m
[1;36m[1;44m00:01.794 00:00.262 Successfully matched event ControlMessageReceive:i144 c c1 -> s 1 [ofp_flow_mod: hard_timeout=0, out_port=65535, priority=32768, idle_timeout=0, command=delete, actions=(), flags=0, match=x^L,in_port:None][1;m
[1;36m[1;44m00:01.795 00:00.262 Successfully matched event ControlMessageReceive:i145 c c1 -> s 1 [ofp_barrier_request: ][1;m
[1;36m[1;44m00:01.796 00:00.263 Successfully matched event ControlMessageReceive:i146 c c1 -> s 12 [ofp_set_config: ][1;m
[1;36m[1;44m00:01.796 00:00.263 Successfully matched event ControlMessageReceive:i147 c c1 -> s 12 [ofp_flow_mod: hard_timeout=0, out_port=65535, priority=32768, idle_timeout=0, command=delete, actions=(), flags=0, match=x^L,in_port:None][1;m
[1;36m[1;44m00:01.797 00:00.264 Successfully matched event ControlMessageReceive:i148 c c1 -> s 12 [ofp_barrier_request: ][1;m
[1;36m[1;44m00:01.798 00:00.264 Successfully matched event ControlMessageReceive:i149 c c1 -> s 19 [ofp_set_config: ][1;m
[1;36m[1;44m00:01.799 00:00.265 Successfully matched event ControlMessageReceive:i150 c c1 -> s 19 [ofp_flow_mod: hard_timeout=0, out_port=65535, priority=32768, idle_timeout=0, command=delete, actions=(), flags=0, match=x^L,in_port:None][1;m
[1;36m[1;44m00:01.800 00:00.265 Successfully matched event ControlMessageReceive:i151 c c1 -> s 19 [ofp_barrier_request: ][1;m
[1;36m[1;44m00:01.800 00:00.266 Successfully matched event ControlMessageReceive:i152 c c1 -> s 13 [ofp_set_config: ][1;m
[1;36m[1;44m00:01.801 00:00.266 Successfully matched event ControlMessageReceive:i153 c c1 -> s 13 [ofp_flow_mod: hard_timeout=0, out_port=65535, priority=32768, idle_timeout=0, command=delete, actions=(), flags=0, match=x^L,in_port:None][1;m
[1;36m[1;44m00:01.802 00:00.267 Successfully matched event ControlMessageReceive:i154 c c1 -> s 13 [ofp_barrier_request: ][1;m
[1;36m[1;44m00:01.802 00:00.267 Successfully matched event ControlMessageReceive:i155 c c1 -> s 18 [ofp_set_config: ][1;m
[1;36m[1;44m00:01.803 00:00.268 Successfully matched event ControlMessageReceive:i156 c c1 -> s 18 [ofp_flow_mod: hard_timeout=0, out_port=65535, priority=32768, idle_timeout=0, command=delete, actions=(), flags=0, match=x^L,in_port:None][1;m
[1;36m[1;44m00:01.804 00:00.268 Successfully matched event ControlMessageReceive:i157 c c1 -> s 18 [ofp_barrier_request: ][1;m
[1;36m[1;44m00:01.804 00:00.268 Successfully matched event ControlMessageReceive:i158 c c1 -> s 4 [ofp_set_config: ][1;m
[1;36m[1;44m00:01.804 00:00.269 Successfully matched event ControlMessageReceive:i159 c c1 -> s 4 [ofp_flow_mod: hard_timeout=0, out_port=65535, priority=32768, idle_timeout=0, command=delete, actions=(), flags=0, match=x^L,in_port:None][1;m
[1;36m[1;44m00:01.805 00:00.269 Successfully matched event ControlMessageReceive:i160 c c1 -> s 4 [ofp_barrier_request: ][1;m
[1;36m[1;44m00:01.805 00:00.269 Successfully matched event ControlMessageReceive:i161 c c1 -> s 11 [ofp_set_config: ][1;m
[1;36m[1;44m00:01.806 00:00.269 Successfully matched event ControlMessageReceive:i162 c c1 -> s 11 [ofp_flow_mod: hard_timeout=0, out_port=65535, priority=32768, idle_timeout=0, command=delete, actions=(), flags=0, match=x^L,in_port:None][1;m
[1;36m[1;44m00:01.806 00:00.270 Successfully matched event ControlMessageReceive:i163 c c1 -> s 11 [ofp_barrier_request: ][1;m
[1;36m[1;44m00:01.807 00:00.270 Successfully matched event ControlMessageReceive:i164 c c1 -> s 14 [ofp_set_config: ][1;m
[1;36m[1;44m00:01.807 00:00.270 Successfully matched event ControlMessageReceive:i165 c c1 -> s 14 [ofp_flow_mod: hard_timeout=0, out_port=65535, priority=32768, idle_timeout=0, command=delete, actions=(), flags=0, match=x^L,in_port:None][1;m
[1;36m[1;44m00:01.808 00:00.271 Successfully matched event ControlMessageReceive:i166 c c1 -> s 14 [ofp_barrier_request: ][1;m
[1;36m[1;44m00:01.808 00:00.271 Successfully matched event ControlMessageReceive:i167 c c1 -> s 5 [ofp_set_config: ][1;m
[1;36m[1;44m00:01.808 00:00.271 Successfully matched event ControlMessageReceive:i168 c c1 -> s 5 [ofp_flow_mod: hard_timeout=0, out_port=65535, priority=32768, idle_timeout=0, command=delete, actions=(), flags=0, match=x^L,in_port:None][1;m
[1;36m[1;44m00:01.809 00:00.272 Successfully matched event ControlMessageReceive:i169 c c1 -> s 5 [ofp_barrier_request: ][1;m
[1;36m[1;44m00:01.809 00:00.272 Successfully matched event ControlMessageReceive:i170 c c1 -> s 16 [ofp_set_config: ][1;m
[1;36m[1;44m00:01.810 00:00.272 Successfully matched event ControlMessageReceive:i171 c c1 -> s 16 [ofp_flow_mod: hard_timeout=0, out_port=65535, priority=32768, idle_timeout=0, command=delete, actions=(), flags=0, match=x^L,in_port:None][1;m
[1;36m[1;44m00:01.810 00:00.272 Successfully matched event ControlMessageReceive:i172 c c1 -> s 16 [ofp_barrier_request: ][1;m
[1;36m[1;44m00:01.811 00:00.273 Successfully matched event ControlMessageReceive:i173 c c1 -> s 10 [ofp_set_config: ][1;m
[1;36m[1;44m00:01.811 00:00.273 Successfully matched event ControlMessageReceive:i174 c c1 -> s 10 [ofp_flow_mod: hard_timeout=0, out_port=65535, priority=32768, idle_timeout=0, command=delete, actions=(), flags=0, match=x^L,in_port:None][1;m
[1;36m[1;44m00:01.812 00:00.273 Successfully matched event ControlMessageReceive:i175 c c1 -> s 10 [ofp_barrier_request: ][1;m
[1;36m[1;44m00:01.812 00:00.273 Successfully matched event ControlMessageReceive:i176 c c1 -> s 17 [ofp_set_config: ][1;m
[1;36m[1;44m00:01.813 00:00.274 Successfully matched event ControlMessageReceive:i177 c c1 -> s 17 [ofp_flow_mod: hard_timeout=0, out_port=65535, priority=32768, idle_timeout=0, command=delete, actions=(), flags=0, match=x^L,in_port:None][1;m
[1;36m[1;44m00:01.813 00:00.274 Successfully matched event ControlMessageReceive:i178 c c1 -> s 17 [ofp_barrier_request: ][1;m
[1;36m[1;44m00:01.814 00:00.274 Successfully matched event ControlMessageReceive:i179 c c1 -> s 3 [ofp_set_config: ][1;m
[1;36m[1;44m00:01.814 00:00.275 Successfully matched event ControlMessageReceive:i180 c c1 -> s 3 [ofp_flow_mod: hard_timeout=0, out_port=65535, priority=32768, idle_timeout=0, command=delete, actions=(), flags=0, match=x^L,in_port:None][1;m
[1;36m[1;44m00:01.815 00:00.275 Successfully matched event ControlMessageReceive:i181 c c1 -> s 3 [ofp_barrier_request: ][1;m
[1;36m[1;44m00:01.815 00:00.275 Successfully matched event ControlMessageReceive:i182 c c1 -> s 6 [ofp_set_config: ][1;m
[1;36m[1;44m00:01.815 00:00.275 Successfully matched event ControlMessageReceive:i183 c c1 -> s 6 [ofp_flow_mod: hard_timeout=0, out_port=65535, priority=32768, idle_timeout=0, command=delete, actions=(), flags=0, match=x^L,in_port:None][1;m
[1;36m[1;44m00:01.816 00:00.276 Successfully matched event ControlMessageReceive:i184 c c1 -> s 6 [ofp_barrier_request: ][1;m
[1;36m[1;44m00:01.816 00:00.276 Successfully matched event ControlMessageReceive:i185 c c1 -> s 8 [ofp_features_request: ][1;m
[1;36m[1;44m00:01.817 00:00.276 Successfully matched event ControlMessageReceive:i186 c c1 -> s 15 [ofp_set_config: ][1;m
[1;36m[1;44m00:01.817 00:00.277 Successfully matched event ControlMessageReceive:i187 c c1 -> s 15 [ofp_flow_mod: hard_timeout=0, out_port=65535, priority=32768, idle_timeout=0, command=delete, actions=(), flags=0, match=x^L,in_port:None][1;m
[1;36m[1;44m00:01.818 00:00.277 Successfully matched event ControlMessageReceive:i188 c c1 -> s 15 [ofp_barrier_request: ][1;m
[1;36m[1;44m00:01.818 00:00.277 Successfully matched event ControlMessageReceive:i189 c c1 -> s 2 [ofp_set_config: ][1;m
[1;36m[1;44m00:01.818 00:00.277 Successfully matched event ControlMessageReceive:i190 c c1 -> s 2 [ofp_flow_mod: hard_timeout=0, out_port=65535, priority=32768, idle_timeout=0, command=delete, actions=(), flags=0, match=x^L,in_port:None][1;m
[1;36m[1;44m00:01.819 00:00.278 Successfully matched event ControlMessageReceive:i191 c c1 -> s 2 [ofp_barrier_request: ][1;m
[1;36m[1;44m00:01.819 00:00.278 Successfully matched event ControlMessageSend:i192 c 9 -> s c1 [ofp_barrier_reply: ][1;m
[1;36m[1;44m00:01.820 00:00.278 Successfully matched event ControlMessageSend:i193 c 20 -> s c1 [ofp_port_status: reason=2, desc=(4, u'00:00:00:00:14:04')][1;m
[1;36m[1;44m00:01.820 00:00.278 Successfully matched event ControlMessageSend:i194 c 20 -> s c1 [ofp_barrier_reply: ][1;m
[1;36m[1;44m00:01.820 00:00.279 Successfully matched event ControlMessageSend:i195 c 1 -> s c1 [ofp_port_status: reason=2, desc=(5, u'00:00:00:00:08:01')][1;m
[1;41m[1;33m[c1] INFO:openflow.of_01:of_01 [Con 20/20] Connected to 00-00-00-00-00-14[1;m

[1;33m[c1] YOU FOUND THE NULL POINTER. 10 POINTS TO HUFFLEPUFF[1;m

Closing true_io_worker after empty read
[1;35m[1;41m00:02.425 00:00.279 Event timed out ControlMessageSend:i196 c 1 -> s c1 [ofp_packet_in: data={u'dl_dst': u'00:00:00:03:01:01', u'nw_src': u'123.3.1.1', u'dl_src': u'00:00:00:03:01:01', u'nw_dst': u'123.3.1.1'}, in_port=5][1;m
[1;36m[1;44m00:02.426 00:00.279 Successfully matched event ControlMessageSend:i197 c 1 -> s c1 [ofp_barrier_reply: ][1;m
[1;36m[1;44m00:02.426 00:00.279 Successfully matched event ControlMessageSend:i198 c 12 -> s c1 [ofp_barrier_reply: ][1;m
[1;36m[1;44m00:02.427 00:00.279 Successfully matched event ControlMessageSend:i199 c 19 -> s c1 [ofp_barrier_reply: ][1;m
[1;36m[1;44m00:02.427 00:00.280 Successfully matched event ControlMessageSend:i200 c 13 -> s c1 [ofp_port_status: reason=2, desc=(1, u'00:00:00:00:0d:01')][1;m
[1;36m[1;44m00:02.428 00:00.280 Successfully matched event ControlMessageSend:i201 c 13 -> s c1 [ofp_barrier_reply: ][1;m
[1;36m[1;44m00:02.428 00:00.280 Successfully matched event ControlMessageSend:i202 c 18 -> s c1 [ofp_port_status: reason=2, desc=(3, u'00:00:00:00:12:03')][1;m
[1;36m[1;44m00:02.429 00:00.280 Successfully matched event ControlMessageSend:i203 c 18 -> s c1 [ofp_port_status: reason=2, desc=(4, u'00:00:00:00:12:04')][1;m
[1;36m[1;44m00:02.430 00:00.280 Successfully matched event ControlMessageSend:i204 c 18 -> s c1 [ofp_barrier_reply: ][1;m
[1;36m[1;44m00:02.430 00:00.281 Successfully matched event ControlMessageSend:i205 c 4 -> s c1 [ofp_barrier_reply: ][1;m
[1;36m[1;44m00:02.431 00:00.281 Successfully matched event ControlMessageSend:i206 c 11 -> s c1 [ofp_barrier_reply: ][1;m
[1;36m[1;44m00:02.431 00:00.281 Successfully matched event ControlMessageSend:i207 c 14 -> s c1 [ofp_barrier_reply: ][1;m
[1;36m[1;44m00:02.431 00:00.281 Successfully matched event ControlMessageSend:i208 c 5 -> s c1 [ofp_port_status: reason=2, desc=(4, u'00:00:00:00:05:04')][1;m
[1;35m[1;41m00:03.034 00:00.281 Event timed out ControlMessageSend:i209 c 5 -> s c1 [ofp_port_status: reason=2, desc=(5, u'00:00:00:00:06:01')][1;m
[1;35m[1;41m00:03.636 00:00.282 Event timed out ControlMessageSend:i210 c 5 -> s c1 [ofp_packet_in: data={u'dl_dst': u'00:00:00:02:01:01', u'nw_src': u'123.2.1.1', u'dl_src': u'00:00:00:02:01:01', u'nw_dst': u'123.2.1.1'}, in_port=5][1;m
[1;36m[1;44m00:03.637 00:00.282 Successfully matched event ControlMessageSend:i211 c 5 -> s c1 [ofp_barrier_reply: ][1;m
[1;36m[1;44m00:03.638 00:00.282 Successfully matched event ControlMessageSend:i212 c 16 -> s c1 [ofp_port_status: reason=2, desc=(1, u'00:00:00:00:10:01')][1;m
[1;36m[1;44m00:03.638 00:00.282 Successfully matched event ControlMessageSend:i213 c 16 -> s c1 [ofp_barrier_reply: ][1;m
[1;36m[1;44m00:03.639 00:00.282 Successfully matched event ControlMessageSend:i214 c 10 -> s c1 [ofp_port_status: reason=2, desc=(2, u'00:00:00:00:0a:02')][1;m
[1;36m[1;44m00:03.639 00:00.283 Successfully matched event ControlMessageSend:i215 c 10 -> s c1 [ofp_barrier_reply: ][1;m
[1;36m[1;44m00:03.640 00:00.283 Successfully matched event ControlMessageSend:i216 c 17 -> s c1 [ofp_port_status: reason=2, desc=(3, u'00:00:00:00:11:03')][1;m
[1;36m[1;44m00:03.640 00:00.283 Successfully matched event ControlMessageSend:i217 c 17 -> s c1 [ofp_barrier_reply: ][1;m
[1;36m[1;44m00:03.641 00:00.283 Successfully matched event ControlMessageSend:i218 c 3 -> s c1 [ofp_barrier_reply: ][1;m
[1;36m[1;44m00:03.641 00:00.283 Successfully matched event ControlMessageSend:i219 c 6 -> s c1 [ofp_port_status: reason=2, desc=(3, u'00:00:00:00:06:03')][1;m
[1;35m[1;41m00:04.244 00:00.284 Event timed out ControlMessageSend:i220 c 6 -> s c1 [ofp_port_status: reason=2, desc=(1, u'00:00:00:00:06:01')][1;m
[1;36m[1;44m00:04.244 00:00.284 Successfully matched event ControlMessageSend:i221 c 6 -> s c1 [ofp_barrier_reply: ][1;m
[1;36m[1;44m00:04.245 00:00.284 Successfully matched event ControlMessageSend:i222 c 8 -> s c1 [ofp_port_status: reason=2, desc=(1, u'00:00:00:00:08:01')][1;m
[1;36m[1;44m00:04.246 00:00.284 Successfully matched event ControlMessageSend:i223 c 8 -> s c1 [ofp_features_reply: datapath_id=8][1;m
[1;36m[1;44m00:04.246 00:00.285 Successfully matched event ControlMessageSend:i224 c 15 -> s c1 [ofp_port_status: reason=2, desc=(2, u'00:00:00:00:0f:02')][1;m
[1;36m[1;44m00:04.247 00:00.285 Successfully matched event ControlMessageSend:i225 c 15 -> s c1 [ofp_port_status: reason=2, desc=(1, u'00:00:00:00:0f:01')][1;m
[1;36m[1;44m00:04.248 00:00.285 Successfully matched event ControlMessageSend:i226 c 15 -> s c1 [ofp_barrier_reply: ][1;m
[1;36m[1;44m00:04.248 00:00.285 Successfully matched event ControlMessageSend:i227 c 2 -> s c1 [ofp_barrier_reply: ][1;m
[1;36mRestoring link (14:3) -> (19:3)[1;m
[1;36m[1;44m00:04.249 00:00.286 Successfully matched event LinkRecovery:e230[1;m
[1;36mRestoring link (16:1) -> (7:4)[1;m
[1;36m[1;44m00:04.249 00:00.286 Successfully matched event LinkRecovery:e231[1;m
[1;36mRestoring link (10:2) -> (2:4)[1;m
[1;36m[1;44m00:04.250 00:00.287 Successfully matched event LinkRecovery:e232[1;m
[1;36mRestoring link (15:1) -> (7:3)[1;m
[1;36m[1;44m00:04.250 00:00.287 Successfully matched event LinkRecovery:e233[1;m
[1;36mRestoring link (15:2) -> (8:3)[1;m
[1;36m[1;44m00:04.251 00:00.287 Successfully matched event LinkRecovery:e234[1;m
[1;35m[1;41m00:04.853 00:00.389 Event timed out DataplanePermit:i238[1;m
[1;36m[1;36mRound 4[1;37m[1;m
[1;35m[1;41m00:05.454 00:00.391 Event timed out ControlMessageSend:i241 c 4 -> s c1 [ofp_port_status: reason=2, desc=(1, u'00:00:00:00:04:01')][1;m
[1;36m[1;44m00:05.455 00:00.391 Successfully matched event ControlMessageSend:i242 c 14 -> s c1 [ofp_port_status: reason=2, desc=(3, u'00:00:00:00:0e:03')][1;m
[1;35m[1;41m00:06.057 00:00.391 Event timed out ControlMessageSend:i243 c 5 -> s c1 [ofp_port_status: reason=2, desc=(3, u'00:00:00:00:05:03')][1;m
[1;36m[1;44m00:06.057 00:00.392 Successfully matched event ControlMessageSend:i244 c 16 -> s c1 [ofp_port_status: reason=2, desc=(1, u'00:00:00:00:10:01')][1;m
[1;36m[1;44m00:06.058 00:00.392 Successfully matched event ControlMessageSend:i245 c 10 -> s c1 [ofp_port_status: reason=2, desc=(2, u'00:00:00:00:0a:02')][1;m
[1;35m[1;41m00:06.660 00:00.393 Event timed out ControlMessageSend:i246 c 6 -> s c1 [ofp_port_status: reason=2, desc=(3, u'00:00:00:00:06:03')][1;m
[1;35m[1;41m00:07.261 00:00.393 Event timed out ControlMessageSend:i247 c 6 -> s c1 [ofp_port_status: reason=2, desc=(7, u'00:00:00:00:04:01')][1;m
[1;35m[1;41m00:07.863 00:00.393 Event timed out ControlMessageSend:i248 c 6 -> s c1 [ofp_packet_in: data={u'dl_dst': u'00:00:00:01:01:01', u'nw_src': u'123.1.1.1', u'dl_src': u'00:00:00:01:01:01', u'nw_dst': u'123.1.1.1'}, in_port=7][1;m
[1;36m[1;44m00:07.863 00:00.394 Successfully matched event ControlMessageSend:i249 c 15 -> s c1 [ofp_port_status: reason=2, desc=(1, u'00:00:00:00:0f:01')][1;m
[1;36m[1;44m00:07.864 00:00.394 Successfully matched event ControlMessageSend:i250 c 15 -> s c1 [ofp_port_status: reason=2, desc=(2, u'00:00:00:00:0f:02')][1;m
[1;36mRestoring link (18:3) -> (13:4)[1;m
[1;36m[1;44m00:07.865 00:00.398 Successfully matched event LinkRecovery:e258[1;m
[1;36mRestoring link (13:1) -> (5:3)[1;m
[1;36m[1;44m00:07.865 00:00.399 Successfully matched event LinkRecovery:e259[1;m
[1;36mRestoring link (9:3) -> (17:1)[1;m
[1;36m[1;44m00:07.866 00:00.399 Successfully matched event LinkRecovery:e260[1;m
[1;41m[1;37mViolations at end of trace: ['c1'][1;m
[1;42m[1;37mViolation found c1[1;m
[1;36m[1;44mEvent Stats: Events matched: 226, timed out: 12
Matches per event type:
  ConnectToControllers 1
  CheckInvariants 1
  ControlChannelBlock 2
  ControlChannelUnblock 2
  TrafficInjection 3
  DataplanePermit 3
  HostMigration 4
  LinkFailure 13
  LinkRecovery 13
  ControlMessageSend 91
		  ofp_port_status : 31
		  ofp_features_reply : 19
		  ofp_packet_in : 3
		  ofp_hello : 20
		  ofp_barrier_reply : 18
  ControlMessageReceive 93
		  ofp_barrier_request : 18
		  ofp_flow_mod : 18
		  ofp_features_request : 19
		  ofp_hello : 20
		  ofp_set_config : 18
Timeouts per event type:
  DataplanePermit 3
  ControlMessageSend 9
		  ofp_port_status : 6
		  ofp_packet_in : 3
[1;m
