[1;33mc1 Killed existing process (pid: 7840)[1;m

[1;33mc1 rotate log: ./onos-logs/onos.onosdev1.log[1;m

[1;33mc1 rotate log: ./onos-logs/onos.onosdev1.pcap[1;m

[1;33mc1 Starting ONOS controller ...[1;m

[1;33mc1 [1;m

[1;33mc1 .[1;m

[1;33mc1 /home/mininet/ONOS[1;m

[1;33mc1 Waiting for ONOS to start...[1;m

[1;33mc1 .[1;m

[1;33mc2 Killed existing process (pid: 31364)[1;m

[1;33mc2 rotate log: ./onos-logs/onos.onosdev2.log[1;m

[1;33mc2 rotate log: ./onos-logs/onos.onosdev2.pcap[1;m

[1;33mc2 Starting ONOS controller ...[1;m

[1;33mc2 [1;m

[1;33mc2 .[1;m

[1;33mc2 /home/mininet/ONOS[1;m

[1;33mc2 Waiting for ONOS to start...[1;m

[1;33mc2 .[1;m

[1;42m[1;37mNo correctness violations![1;m
connect_socket_with_backoff ('192.168.56.11', 6633)
Error connecting.  -- [Errno 111] Connection refused. Backing off 1 seconds ...
Error connecting.  -- [Errno 111] Connection refused. Backing off 2 seconds ...
Error connecting.  -- [Errno 111] Connection refused. Backing off 4 seconds ...
Error connecting.  -- [Errno 111] Connection refused. Backing off 8 seconds ...
Error connecting.  -- [Errno 111] Connection refused. Backing off 16 seconds ...
connect_socket_with_backoff ('192.168.56.12', 6633)
[1;36m[1;44m00:31.542 00:00.000 Successfully matched event ConnectToControllers:e1[1;m
[1;36mForwarding dataplane event[1;m
[1;36mForwarding dataplane event[1;m
[1;36mForwarding dataplane event[1;m
[1;36mForwarding dataplane event[1;m
[1;36mForwarding dataplane event[1;m
[1;36mForwarding dataplane event[1;m
[1;36mForwarding dataplane event[1;m
[1;36mForwarding dataplane event[1;m
[1;36mForwarding dataplane event[1;m
[1;36mForwarding dataplane event[1;m
[1;36mForwarding dataplane event[1;m
[1;36mForwarding dataplane event[1;m
[1;36mForwarding dataplane event[1;m
[1;36mForwarding dataplane event[1;m
[1;36mForwarding dataplane event[1;m
[1;36mForwarding dataplane event[1;m
[1;36mForwarding dataplane event[1;m
[1;36mForwarding dataplane event[1;m
[1;36mForwarding dataplane event[1;m
[1;36mForwarding dataplane event[1;m
[1;36mForwarding dataplane event[1;m
[1;36mForwarding dataplane event[1;m
[1;36mForwarding dataplane event[1;m
[1;36mForwarding dataplane event[1;m
[1;36mForwarding dataplane event[1;m
[1;36mForwarding dataplane event[1;m
[1;36mForwarding dataplane event[1;m
[1;36mForwarding dataplane event[1;m
[1;36mForwarding dataplane event[1;m
[1;36mForwarding dataplane event[1;m
[1;36mForwarding dataplane event[1;m
[1;36mForwarding dataplane event[1;m
[1;36mForwarding dataplane event[1;m
[1;36mForwarding dataplane event[1;m
[1;36mForwarding dataplane event[1;m
[1;36mForwarding dataplane event[1;m
[1;36mForwarding dataplane event[1;m
[1;36mForwarding dataplane event[1;m
[1;36mForwarding dataplane event[1;m
[1;36mForwarding dataplane event[1;m
[1;36mForwarding dataplane event[1;m
[1;36mForwarding dataplane event[1;m
[1;36mForwarding dataplane event[1;m
[1;36mForwarding dataplane event[1;m
[1;36mForwarding dataplane event[1;m
[1;36mForwarding dataplane event[1;m
[1;36mForwarding dataplane event[1;m
[1;36mForwarding dataplane event[1;m
[1;36mForwarding dataplane event[1;m
[1;36mForwarding dataplane event[1;m
[1;36mForwarding dataplane event[1;m
[1;36mForwarding dataplane event[1;m
[1;36mForwarding dataplane event[1;m
[1;36mForwarding dataplane event[1;m
[1;36mForwarding dataplane event[1;m
[1;36mForwarding dataplane event[1;m
[1;36mForwarding dataplane event[1;m
[1;36mForwarding dataplane event[1;m
[1;36mForwarding dataplane event[1;m
[1;36mForwarding dataplane event[1;m
[1;36mForwarding dataplane event[1;m
[1;36mForwarding dataplane event[1;m
[1;36mForwarding dataplane event[1;m
[1;36mForwarding dataplane event[1;m
[1;36mForwarding dataplane event[1;m
[1;36mForwarding dataplane event[1;m
[1;36mForwarding dataplane event[1;m
[1;36mForwarding dataplane event[1;m
[1;36mForwarding dataplane event[1;m
[1;36mForwarding dataplane event[1;m
[1;36mForwarding dataplane event[1;m
[1;36mForwarding dataplane event[1;m
[1;36mForwarding dataplane event[1;m
[1;36mForwarding dataplane event[1;m
[1;36mForwarding dataplane event[1;m
[1;36mForwarding dataplane event[1;m
[1;36m[1;44m02:43.125 02:11.579 Successfully matched event TrafficInjection:e158[1;m
[1;36m[1;36mRound 28[1;37m[1;m
[1;36mForwarding dataplane event[1;m
[1;36mForwarding dataplane event[1;m
[1;36mForwarding dataplane event[1;m
[1;36mForwarding dataplane event[1;m
[1;36mForwarding dataplane event[1;m
[1;42m[1;37mNo correctness violations![1;m
[1;36m[1;44m02:50.086 02:17.592 Successfully matched event CheckInvariants:e161[1;m
[1;36m[1;36mRound 30[1;37m[1;m
[1;36mForwarding dataplane event[1;m
[1;36mForwarding dataplane event[1;m
[1;36mForwarding dataplane event[1;m
[1;36mForwarding dataplane event[1;m
[1;36mForwarding dataplane event[1;m
[1;36mForwarding dataplane event[1;m
[1;36mForwarding dataplane event[1;m
[1;36mForwarding dataplane event[1;m
[1;36m[1;44m03:03.041 02:30.542 Successfully matched event TrafficInjection:e182[1;m
[1;36m[1;36mRound 34[1;37m[1;m
[1;36mForwarding dataplane event[1;m
[1;42m[1;37mNo correctness violations![1;m
[1;36m[1;44m03:06.743 02:33.550 Successfully matched event CheckInvariants:e185[1;m
[1;36m[1;36mRound 35[1;37m[1;m
[1;42m[1;37mNo correctness violations![1;m
[1;33mc1 Killed existing process (pid: 10899)[1;m

[1;36m[1;44m03:11.036 02:37.460 Successfully matched event ControllerFailure:e194[1;m
[1;36m[1;36mRound 36[1;37m[1;m
[1;36mForwarding dataplane event[1;m
[1;36mForwarding dataplane event[1;m
[1;36mForwarding dataplane event[1;m
[1;36mForwarding dataplane event[1;m
[1;36mForwarding dataplane event[1;m
[1;36mForwarding dataplane event[1;m
[1;36mForwarding dataplane event[1;m
[1;36mForwarding dataplane event[1;m
[1;33mc1 rotate log: ./onos-logs/onos.onosdev1.log[1;m

[1;33mc1 rotate log: ./onos-logs/onos.onosdev1.pcap[1;m

[1;33mc1 Starting ONOS controller ...[1;m

[1;33mc1 [1;m

[1;33mc1 .[1;m

[1;33mc1 /home/mininet/ONOS[1;m

[1;33mc1 Waiting for ONOS to start...[1;m

[1;33mc1 .[1;m

connect_socket_with_backoff ('192.168.56.11', 6633)
[1;36m[1;44m04:09.274 03:02.857 Successfully matched event ControllerRecovery:e220[1;m
[1;36m[1;36mRound 44[1;37m[1;m
[1;36m[1;36mRound 55[1;37m[1;m
[1;36mForwarding dataplane event[1;m
[1;36mForwarding dataplane event[1;m
[1;36mForwarding dataplane event[1;m
[1;36mForwarding dataplane event[1;m
[1;36mForwarding dataplane event[1;m
[1;36mForwarding dataplane event[1;m
[1;36mForwarding dataplane event[1;m
[1;36mForwarding dataplane event[1;m
[1;42m[1;37mNo correctness violations![1;m
[1;36m[1;44mEvent Stats: Events matched: 7, timed out: 0
Matches per event type:
  ConnectToControllers 1
  ControllerRecovery 1
  ControllerFailure 1
  TrafficInjection 2
  CheckInvariants 2
Timeouts per event type:
[1;m
[1;36m[1;44mDataplaneDrop Stats: Expected drops (0), Actual drops (0)
Missed Drops (expected if TrafficInjections pruned):[1;m
