WARNING:setup:No get_additional_metadata() defined for config file. See config/nox_routing.py for an example.
DEBUG:rpc_forker:Invoking task play_forward on child http://localhost:3761/
Error connecting.  -- [Errno 111] Connection refused. Backing off 1 seconds ...
INFO:Controller: =====> Starting ONOS Controller <===== 
INFO:Controller:Launching controller c1: onos stop; zk stop ; cassandra stop; echo "sleeping for 5sec"; sleep 5; /mnt/ahassany/vagrant_onosdev/scripts/conf_setup.sh 2 ; zk start ; cassandra start; echo "sleeping for 10sec"; sleep 10 ; onos start ; echo "sleeping for 40 secs"; sleep 40 ; onos stop; sleep 10; cassandra cleandb; onos start; sleep 40
[1;33m[c1] Stop ONOS on all nodes[1;m

[1;33m[c1] nosdev1: Killed existing process (pid: 12366)[1;m

[1;33m[c1] opping ZK..[1;m

[1;33m[c1] sdev1: Stopping zookeeper ... STOPPED[1;m

[1;33m[c1] 2: Stopping zookeeper ... STOPPED[1;m

[1;33m[c1] pping Cassandra..[1;m

[1;33m[c1] nosdev1: Killed existing prosess (pid: 7283)[1;m

[1;33m[c1] lled existing prosess (pid: 31195)[1;m

[1;33m[c1] eping for 5sec[1;m

[1;33m[c1] enrating conf files for 2-node cluster[1;m

[1;33m[c1] ying confguration files[1;m

[1;33m[c1] ing /mnt/ahassany/vagrant_onosdev/scripts/../conf/zoo.cfg /mnt/ahassany/vagrant_onosdev/scripts/../ONOS/conf[1;m

[1;33m[c1] pying /mnt/ahassany/vagrant_onosdev/scripts/../conf/cassandra.titan /mnt/ahassany/vagrant_onosdev/scripts/../ONOS/conf[1;m

[1;33m[c1] ying /mnt/ahassany/vagrant_onosdev/scripts/../conf/titan-embedded.properties /mnt/ahassany/vagrant_oosdev/scripts/../ONOS/con[1;m

[1;33m[c1] ing /mnt/ahassany/vagrant_onosdev/scripts/../conf/cassandra.yaml.1 /mnt/ahassany/vagrant_onosdev/scripts/../ONOS/conf[1;m

[1;33m[c1] /mnt/ahassany/vagrant_onosdev/scripts/../conf/cassandra.yaml.2 /mnt/ahassany/vagrant_onosdev/scripts/../ONOS/conf[1;m

[1;33m[c1] ing /mnt/ahassany/vagrant_onosdev/scripts/../conf/config.json /mnt/ahassany/vagrant_onosdev/scripts/../ONOS/web[1;m

[1;33m[c1] ying /mnt/ahassany/vagrant_onosdev/scripts/../conf_common/configuration.json /mnt/ahassany/vagrant_onosdev/scripts/../ONOS/web/ons-demo/data[1;m

[1;33m[c1] pying /mnt/ahassany/vagrant_onosdev/scripts/../conf_common/controllers.json /mnt/ahassany/vagrant_onosdev/scripts/../ONOS/web/ons-demo/data[1;m

[1;33m[c1] ing /mnt/ahassany/vagrant_onosdev/scripts/../conf_common/dev_network.py /mnt/ahassany/vagrant_onosdev/scripts/../ONOS/test-network/mininet[1;m

[1;41m[1;33m[c1] cp: cannot stat `/mnt/ahassany/vagrant_onosdev/scripts/../conf_common/dev_network.py': No such file or directory[1;m

[1;33m[c1] pying /mnt/ahassany/vagrant_onosdev/scripts/../conf_common/link.json.dev /mnt/ahassany/vagrant_onosdev/scripts/../ONOS/web/link.json[1;m

[1;41m[1;33m[c1] cp: cannot stat `/mnt/ahassany/vagrant_onosdev/scripts/../conf_common/link.json.dev': No such file or directory[1;m

[1;33m[c1] ing /mnt/ahassany/vagrant_onosdev/scripts/../conf_common/cluster.hosts /mnt/ahassany/vagrant_onosdev/scripts/../ONOS/.cluster.hosts[1;m

[1;33m[c1] ing cassandra.yaml file to all VMs[1;m

[1;33m[c1] emoving all data in /var/lib/cassandra/ [Y/n]?[1;m

[1;41m[1;33m[c1] # onosdev2 SSH-2.0-OpenSSH_6.1p1 Debian-4[1;m

[1;41m[1;33m[c1] # onosdev1 SSH-2.0-OpenSSH_6.1p1 Debian-4[1;m

[1;41m[1;33m[c1] # onosdev2 SSH-2.0-OpenSSH_6.1p1 Debian-4[1;m

[1;41m[1;33m[c1] # onosdev1 SSH-2.0-OpenSSH_6.1p1 Debian-4[1;m

[1;33m[c1] arting ZK..[1;m

[1;33m[c1] nosdev1: Starting Zookeeper[1;m

[1;33m[c1] ting zookeeper ... STARTED[1;m

[1;33m[c1] tarting Zookeeper[1;m

[1;33m[c1] rting zookeeper ... STARTED[1;m

[1;33m[c1] heck status[1;m

[1;33m[c1] y's up: 0 up of of 2[1;m

[1;33m[c1] heck status[1;m

[1;33m[c1] erybody's up: 1 up of of 2[1;m

[1;33m[c1] heck status[1;m

[1;33m[c1] 's up: 2 up of of 2[1;m

[1;33m[c1] tarting Cassandra..[1;m

[1;33m[c1] ssandra at the seed node[1;m

[1;33m[c1] nosdev1: rotate log:[1;m

[1;33m[c1] ting cassandra[1;m

[1;33m[c1]  start cassandra in rest nodes[1;m

[1;33m[c1] nosdev2: rotate log:[1;m

[1;33m[c1] ing cassandra[1;m

[1;33m[c1] nosdev1: 1 instance of cassandra running[1;m

[1;33m[c1] g for everybody's up: 0 up of of 2[1;m

[1;33m[c1] 6943[1;m

[1;33m[c1] nosdev1: 1 instance of cassandra running[1;m

[1;33m[c1] [1;m

[1;33m[c1] atacenter: datacenter1[1;m

[1;33m[c1] 1[1;m

[1;33m[c1] nosdev1: Address        Rack        Status State   Load            Owns                Token[1;m

[1;33m[c1] osdev1: 192.168.56.11  rack1       Up     Normal  45.95 KB        100.00%             -9223372036854775808[1;m

[1;33m[c1] aiting for everybody's up: 1 up of of 2[1;m

[1;33m[c1] 6943[1;m

[1;33m[c1] nosdev1: 1 instance of cassandra running[1;m

[1;33m[c1] [1;m

[1;33m[c1]  Datacenter: datacenter1[1;m

[1;33m[c1] ==========[1;m

[1;33m[c1] onosdev1: Address        Rack        Status State   Load            Owns                Token[1;m

[1;33m[c1] sdev1: 192.168.56.11  rack1       Up     Normal  45.95 KB        100.00%             -9223372036854775808[1;m

[1;33m[c1] aiting for everybody's up: 1 up of of 2[1;m

[1;33m[c1] 6943[1;m

[1;33m[c1] nosdev1: 1 instance of cassandra running[1;m

[1;33m[c1] dev1: Datacenter: datacenter1[1;m

[1;33m[c1] ========[1;m

[1;33m[c1] [1;m

[1;33m[c1] ddress        Rack        Status State   Load            Owns                Token[1;m

[1;33m[c1] osdev1: 192.168.56.11  rack1       Up     Normal  45.95 KB        100.00%             -9223372036854775808[1;m

[1;33m[c1] g for everybody's up: 1 up of of 2[1;m

[1;33m[c1] 943[1;m

[1;33m[c1] nosdev1: 1 instance of cassandra running[1;m

[1;33m[c1] : Datacenter: datacenter1[1;m

[1;33m[c1] =======[1;m

[1;33m[c1] licas: 1[1;m

[1;33m[c1] onosdev1: Address        Rack        Status State   Load            Owns                Token[1;m

[1;33m[c1] osdev1: 192.168.56.11  rack1       Up     Normal  45.95 KB        100.00%             -9223372036854775808[1;m

[1;33m[c1] waiting for everybody's up: 1 up of of 2[1;m

[1;33m[c1] 6943[1;m

[1;33m[c1] nosdev1: 1 instance of cassandra running[1;m

[1;33m[c1] dev1:[1;m

[1;33m[c1] ev1: Datacenter: datacenter1[1;m

[1;33m[c1] 1: ==========[1;m

[1;33m[c1] ev1: Replicas: 1[1;m

[1;33m[c1] dev1:[1;m

[1;33m[c1] v1: Address        Rack        Status State   Load            Owns                Token[1;m

[1;33m[c1] dev1:[1;m

[1;33m[c1] ev1: 192.168.56.11  rack1       Up     Normal  45.95 KB        100.00%             -9223372036854775808[1;m

[1;33m[c1] v1:[1;m

[1;33m[c1] aiting for everybody's up: 1 up of of 2[1;m

[1;33m[c1] 6943[1;m

[1;33m[c1] nosdev1: 1 instance of cassandra running[1;m

[1;33m[c1]  Datacenter: datacenter1[1;m

[1;33m[c1] ==========[1;m

[1;33m[c1] sdev1:[1;m

[1;33m[c1] dress        Rack        Status State   Load            Owns                Token[1;m

[1;33m[c1] 68.56.11  rack1       Up     Normal  45.95 KB        100.00%             -9223372036854775808[1;m

[1;33m[c1] aiting for everybody's up: 1 up of of 2[1;m

[1;33m[c1] 6943[1;m

[1;33m[c1] nosdev1: 1 instance of cassandra running[1;m

[1;33m[c1] v1: Datacenter: datacenter1[1;m

[1;33m[c1] v1: ==========[1;m

[1;33m[c1] dev1: Replicas: 1[1;m

[1;33m[c1] [1;m

[1;33m[c1] sdev1: Address        Rack        Status State   Load            Owns                Token[1;m

[1;33m[c1] dev1:[1;m

[1;33m[c1] sdev1: 192.168.56.11  rack1       Up     Normal  45.95 KB        100.00%             -9223372036854775808[1;m

[1;33m[c1] ev1:[1;m

[1;33m[c1] ing for everybody's up: 1 up of of 2[1;m

[1;33m[c1] : 1 instance of cassandra running[1;m

[1;33m[c1] sdev1: ==========[1;m

[1;33m[c1] ress        Rack        Status State   Load            Owns                Token[1;m

[1;33m[c1] 68.56.11  rack1       Up     Normal  45.95 KB        100.00%             -9223372036854775808[1;m

[1;33m[c1] g for everybody's up: 1 up of of 2[1;m

[1;33m[c1] 943[1;m

[1;33m[c1] dev1: 1 instance of cassandra running[1;m

[1;33m[c1] v1: Replicas: 1[1;m

[1;33m[c1]         Status State   Load            Owns                Token[1;m

[1;33m[c1] KB        100.00%             -9223372036854775808[1;m

[1;33m[c1] iting for everybody's up: 1 up of of 2[1;m

[1;33m[c1] 6943[1;m

[1;33m[c1] osdev1: 1 instance of cassandra running[1;m

[1;33m[c1]  Datacenter: datacenter1[1;m

[1;33m[c1] ======[1;m

[1;33m[c1] icas: 1[1;m

[1;33m[c1] [1;m

[1;33m[c1]        Status State   Load            Owns                Token[1;m

[1;33m[c1] onosdev1: 192.168.56.11  rack1       Up     Normal  45.95 KB        100.00%             -9223372036854775808[1;m

[1;33m[c1] aiting for everybody's up: 1 up of of 2[1;m

[1;33m[c1] 6943[1;m

[1;33m[c1] nosdev1: 1 instance of cassandra running[1;m

[1;33m[c1] enter: datacenter1[1;m

[1;33m[c1] =[1;m

[1;33m[c1] eplicas: 1[1;m

[1;33m[c1] osdev1: Address        Rack        Status State   Load            Owns                Token[1;m

[1;33m[c1]     Up     Normal  45.95 KB        100.00%             -9223372036854775808[1;m

[1;33m[c1] aiting for everybody's up: 1 up of of 2[1;m

[1;33m[c1] 6943[1;m

[1;33m[c1] osdev1: 1 instance of cassandra running[1;m

[1;33m[c1] dev1: Datacenter: datacenter1[1;m

[1;33m[c1] ======[1;m

[1;33m[c1] licas: 1[1;m

[1;33m[c1] sdev1: Address        Rack        Status State   Load            Owns                Token[1;m

[1;33m[c1] dev1: 192.168.56.11  rack1       Up     Normal  45.95 KB        100.00%             -9223372036854775808[1;m

[1;33m[c1] [1;m

[1;33m[c1] aiting for everybody's up: 1 up of of 2[1;m

[1;33m[c1] 6943[1;m

[1;33m[c1] nosdev1: 1 instance of cassandra running[1;m

[1;33m[c1]  Datacenter: datacenter1[1;m

[1;33m[c1] Replicas: 1[1;m

[1;33m[c1]    Rack        Status State   Load            Owns                Token[1;m

[1;33m[c1]  rack1       Up     Normal  45.95 KB        100.00%             -9223372036854775808[1;m

[1;33m[c1] iting for everybody's up: 1 up of of 2[1;m

[1;33m[c1] 6943[1;m

[1;33m[c1] nosdev1: 1 instance of cassandra running[1;m

[1;33m[c1] [1;m

[1;33m[c1] er: datacenter1[1;m

[1;33m[c1] onosdev1:[1;m

[1;33m[c1]   Status State   Load            Owns                Token[1;m

[1;33m[c1] dev1: 192.168.56.11  rack1       Up     Normal  45.95 KB        100.00%             -9223372036854775808[1;m

[1;33m[c1] aiting for everybody's up: 1 up of of 2[1;m

[1;33m[c1] 6943[1;m

[1;33m[c1] 1: 1 instance of cassandra running[1;m

[1;33m[c1] [1;m

[1;33m[c1] 1: ==========[1;m

[1;33m[c1] osdev1: Address        Rack        Status State   Load            Owns                Token[1;m

[1;33m[c1] 168.56.11  rack1       Up     Normal  45.95 KB        100.00%             -9223372036854775808[1;m

[1;33m[c1] aiting for everybody's up: 1 up of of 2[1;m

[1;33m[c1] 6943[1;m

[1;33m[c1] sdev1: 1 instance of cassandra running[1;m

[1;33m[c1] enter1[1;m

[1;33m[c1] plicas: 1[1;m

[1;33m[c1] : Address        Rack        Status State   Load            Owns                Token[1;m

[1;33m[c1] .56.11  rack1       Up     Normal  45.95 KB        100.00%             -9223372036854775808[1;m

[1;33m[c1] aiting for everybody's up: 1 up of of 2[1;m

[1;33m[c1] 6943[1;m

[1;33m[c1] sdev1: 1 instance of cassandra running[1;m

[1;33m[c1] osdev1: Datacenter: datacenter1[1;m

[1;33m[c1] ========[1;m

[1;33m[c1] : Replicas: 1[1;m

[1;33m[c1] [1;m

[1;33m[c1] ress        Rack        Status State   Load            Owns                Token[1;m

[1;33m[c1]  192.168.56.11  rack1       Up     Normal  45.95 KB        100.00%             -9223372036854775808[1;m

[1;33m[c1] aiting for everybody's up: 1 up of of 2[1;m

[1;33m[c1] 6943[1;m

[1;33m[c1] nosdev1: 1 instance of cassandra running[1;m

[1;33m[c1] sdev1: Datacenter: datacenter1[1;m

[1;33m[c1] =======[1;m

[1;33m[c1] Replicas: 1[1;m

[1;33m[c1] dev1: Address        Rack        Status State   Load            Owns                Token[1;m

[1;33m[c1]                                                                              -9223372036854775808[1;m

[1;33m[c1] 192.168.56.12  rack1       Up     Normal  36.67 KB        50.00%              0[1;m

[1;33m[c1] 56.11  rack1       Up     Normal  55.26 KB        50.00%              -9223372036854775808[1;m

[1;33m[c1] erybody's up: 2 up of of 2[1;m

[1;33m[c1] rted[1;m

[1;33m[c1] leeping for 10sec[1;m

[1;33m[c1] tarting ONOS on all nodes[1;m

[1;33m[c1] osdev1: rotate log: ./onos-logs/onos.onosdev1.log[1;m

[1;33m[c1] og: ./onos-logs/onos.onosdev1.pcap[1;m

[1;33m[c1] tarting ONOS controller ...[1;m

[1;33m[c1] [1;m

[1;33m[c1] onosdev1: /home/mininet/ONOS[1;m

[1;33m[c1] Waiting for ONOS to start...[1;m

[1;33m[c1]  .[1;m

[1;33m[c1] nosdev2: rotate log: ./onos-logs/onos.onosdev2.log[1;m

[1;33m[c1] sdev2.pcap[1;m

[1;33m[c1] ler ...[1;m

[1;33m[c1] [1;m

[1;33m[c1]  .[1;m

[1;33m[c1] ninet/ONOS[1;m

[1;33m[c1] aiting for ONOS to start...[1;m

[1;33m[c1] nosdev1: killing: /usr/bin/python /home/mininet/ONOS/web/topology_rest.py[1;m

[1;33m[c1] /home/mininet/ONOS/web/topology_rest.py[1;m

[1;33m[c1] nosdev2: killing: /usr/bin/python /home/mininet/ONOS/web/topology_rest.py[1;m

[1;33m[c1] killing: python /home/mininet/ONOS/web/topology_rest.py[1;m

[1;33m[c1] killing:[1;m

[1;33m[c1]  40 secs[1;m

[1;33m[c1] top ONOS on all nodes[1;m

[1;33m[c1] nosdev1: Killed existing process (pid: 18410)[1;m

[1;33m[c1] ev2: Killed existing process (pid: 8218)[1;m

[1;33m[c1] emoving all data in db[1;m

[1;33m[c1] tarting ONOS on all nodes[1;m

[1;33m[c1] nosdev1: rotate log: ./onos-logs/onos.onosdev1.log[1;m

[1;33m[c1] og: ./onos-logs/onos.onosdev1.pcap[1;m

[1;33m[c1] rting ONOS controller ...[1;m

[1;33m[c1] dev1: .[1;m

[1;33m[c1] home/mininet/ONOS[1;m

[1;33m[c1] aiting for ONOS to start...[1;m

[1;33m[c1] onosdev2: rotate log: ./onos-logs/onos.onosdev2.log[1;m

[1;33m[c1] nosdev2: rotate log: ./onos-logs/onos.onosdev2.pcap[1;m

[1;33m[c1] rting ONOS controller ...[1;m

[1;33m[c1] nosdev2: .[1;m

[1;33m[c1] e/mininet/ONOS[1;m

[1;33m[c1] iting for ONOS to start...[1;m

[1;33m[c1] onosdev1: killing: /usr/bin/python /home/mininet/ONOS/web/topology_rest.py[1;m

[1;33m[c1] g: python /home/mininet/ONOS/web/topology_rest.py[1;m

[1;33m[c1] ling:[1;m

[1;33m[c1] g: /usr/bin/python /home/mininet/ONOS/web/topology_rest.py[1;m

[1;33m[c1]  killing: python /home/mininet/ONOS/web/topology_rest.py[1;m

[1;33m[c1] illing:[1;m

INFO:simulation:Launched controller c1: onos stop; zk stop ; cassandra stop; echo "sleeping for 5sec"; sleep 5; /mnt/ahassany/vagrant_onosdev/scripts/conf_setup.sh 2 ; zk start ; cassandra start; echo "sleeping for 10sec"; sleep 10 ; onos start ; echo "sleeping for 40 secs"; sleep 40 ; onos stop; sleep 10; cassandra cleandb; onos start; sleep 40 [PID -1]
INFO:Controller: =====> Starting ONOS Controller <===== 
INFO:Controller:Launching controller c2: echo "DUMMY COMMAND"; sleep 1
[1;33m[c2] DUMMY COMMAND[1;m

INFO:simulation:Launched controller c2: echo "DUMMY COMMAND"; sleep 1 [PID -1]
INFO:simulation:Creating topology...
DEBUG:event_scheduler:Delaying input_event ConnectToControllers:e1 for 500 ms
DEBUG:event_scheduler:Injecting ConnectToControllers:e1:('ConnectToControllers',)
DEBUG:sts.topology:Connecting 2 switches to 2 controllers (setting up 1 conns per switch)...
DEBUG:sts.topology:Connecting switch 0 / 2
Connecting switch 0 to controller ControllerConfig(start_cmd=' onos stop; zk stop ; cassandra stop; echo "sleeping for 5sec"; sleep 5; /mnt/ahassany/vagrant_onosdev/scripts/conf_setup.sh 2 ; zk start ; cassandra start; echo "sleeping for 10sec"; sleep 10 ; onos start ; echo "sleeping for 40 secs"; sleep 40 ; onos stop; sleep 10; cassandra cleandb; onos start; sleep 40', label='c1', address='192.168.56.11', cwd='/mnt/ahassany/vagrant_onosdev', controller_type='onos', kill_cmd=' ssh onosdev1 "cd ONOS; ./start-onos.sh stop"; echo "killed"; sleep 5', restart_cmd='ssh onosdev1 "cd ONOS; ./start-onos.sh start"; echo "restarted"; sleep 20') - <bound method Simulation.create_connection of <sts.simulation_state.Simulation object at 0x11bf050>>
connect_socket_with_backoff ('192.168.56.11', 6633)
DEBUG:sts.topology:Connecting switch 1 / 2
Connecting switch 1 to controller ControllerConfig(start_cmd='echo "DUMMY COMMAND"; sleep 1', label='c2', address='192.168.56.12', cwd='/mnt/ahassany/vagrant_onosdev', controller_type='onos', kill_cmd=' ssh onosdev2 "cd ONOS; ./start-onos.sh stop"; echo "killed"; sleep 5', restart_cmd='ssh onosdev2 "cd ONOS; ./start-onos.sh start"; echo "restarted"; sleep 20') - <bound method Simulation.create_connection of <sts.simulation_state.Simulation object at 0x11bf050>>
connect_socket_with_backoff ('192.168.56.12', 6633)
DEBUG:sts.topology:Controller connections done
[1;36m[1;44m00:00.505 00:00.000 Successfully matched event ConnectToControllers:e1[1;m
DEBUG:input_logger:logging event ConnectToControllers:e1:('ConnectToControllers',)
DEBUG:event_scheduler:Waiting for ControlMessageReceive:i2:(u'ControlMessageReceive', OFFingerprint{u'class': u'ofp_hello'}, 1, (u'c', u'1')) (maximum wait time: 500 ms)
DEBUG:FuzzSoftwareSwitch(1):Receive hello SoftSwitch(1)
DEBUG:FuzzSoftwareSwitch(1):Send hello SoftSwitch(1) 
[1;36m[1;44m00:00.795 00:00.136 Successfully matched event ControlMessageReceive:i2 c c1 -> s 1 [ofp_hello: ][1;m
DEBUG:input_logger:logging event ControlMessageReceive:i2:(u'ControlMessageReceive', OFFingerprint{u'class': u'ofp_hello'}, 1, (u'c', u'1'))
[1;36m[1;36mRound 1[1;37m[1;m
DEBUG:event_scheduler:Waiting for ControlMessageSend:i3:(u'ControlMessageSend', OFFingerprint{u'class': u'ofp_hello'}, 1, (u'c', u'1')) (maximum wait time: 500 ms)
[1;36m[1;44m00:00.796 00:00.137 Successfully matched event ControlMessageSend:i3 c 1 -> s c1 [ofp_hello: ][1;m
DEBUG:input_logger:logging event ControlMessageSend:i3:(u'ControlMessageSend', OFFingerprint{u'class': u'ofp_hello'}, 1, (u'c', u'1'))
DEBUG:event_scheduler:Waiting for ControlMessageReceive:i4:(u'ControlMessageReceive', OFFingerprint{u'class': u'ofp_features_request'}, 1, (u'c', u'1')) (maximum wait time: 500 ms)
DEBUG:FuzzSoftwareSwitch(1):Reply features request of xid ofp_features_request
  header: 
    version: 1
    type:    5 (OFPT_FEATURES_REQUEST)
    length:  8
    xid:     0 SoftSwitch(1)
[1;36m[1;44m00:00.871 00:00.238 Successfully matched event ControlMessageReceive:i4 c c1 -> s 1 [ofp_features_request: ][1;m
DEBUG:input_logger:logging event ControlMessageReceive:i4:(u'ControlMessageReceive', OFFingerprint{u'class': u'ofp_features_request'}, 1, (u'c', u'1'))
[1;36m[1;36mRound 2[1;37m[1;m
DEBUG:event_scheduler:Waiting for ControlMessageReceive:i5:(u'ControlMessageReceive', OFFingerprint{u'class': u'ofp_hello'}, 2, (u'c', u'2')) (maximum wait time: 500 ms)
DEBUG:FuzzSoftwareSwitch(2):Receive hello SoftSwitch(2)
DEBUG:FuzzSoftwareSwitch(2):Send hello SoftSwitch(2) 
[1;36m[1;44m00:00.873 00:00.239 Successfully matched event ControlMessageReceive:i5 c c2 -> s 2 [ofp_hello: ][1;m
DEBUG:input_logger:logging event ControlMessageReceive:i5:(u'ControlMessageReceive', OFFingerprint{u'class': u'ofp_hello'}, 2, (u'c', u'2'))
DEBUG:event_scheduler:Waiting for ControlMessageSend:i6:(u'ControlMessageSend', OFFingerprint{u'class': u'ofp_hello'}, 2, (u'c', u'2')) (maximum wait time: 500 ms)
[1;36m[1;44m00:00.874 00:00.240 Successfully matched event ControlMessageSend:i6 c 2 -> s c2 [ofp_hello: ][1;m
DEBUG:input_logger:logging event ControlMessageSend:i6:(u'ControlMessageSend', OFFingerprint{u'class': u'ofp_hello'}, 2, (u'c', u'2'))
DEBUG:event_scheduler:Waiting for ControlMessageSend:i7:(u'ControlMessageSend', OFFingerprint{u'datapath_id': 1, u'class': u'ofp_features_reply'}, 1, (u'c', u'1')) (maximum wait time: 500 ms)
[1;36m[1;44m00:00.875 00:00.240 Successfully matched event ControlMessageSend:i7 c 1 -> s c1 [ofp_features_reply: datapath_id=1][1;m
DEBUG:input_logger:logging event ControlMessageSend:i7:(u'ControlMessageSend', OFFingerprint{u'datapath_id': 1, u'class': u'ofp_features_reply'}, 1, (u'c', u'1'))
DEBUG:event_scheduler:Waiting for ControlMessageReceive:i8:(u'ControlMessageReceive', OFFingerprint{u'flags': 0, u'type': 0, u'class': u'ofp_stats_request'}, 1, (u'c', u'1')) (maximum wait time: 500 ms)
DEBUG:FuzzSoftwareSwitch(1):Get stats request SoftSwitch(1) ofp_stats_request
  header: 
    version: 1
    type:    16 (OFPT_STATS_REQUEST)
    length:  12
    xid:     1
  type: 0
  flags: 0
  body: 
DEBUG:FuzzSoftwareSwitch(1):Type: 0
DEBUG:FuzzSoftwareSwitch(1):Sending stats reply SoftSwitch(1) ofp_stats_reply
  header: 
    version: 1
    type:    17 (OFPT_STATS_REPLY)
    length:  8
    xid:     1
  type: 0
  flags: 0
  body:
    0000: 42 61 64 41 73 73 45 6d  75 6c 61 74 65 64 50 6f   BadAssEmulatedPo
    0010: 78 53 77 69 74 63 68 28  54 4d 29 00 00 00 00 00   xSwitch(TM).....
    0020: 00 00 00 00 00 00 00 00  00 00 00 00 00 00 00 00   ................
    0030: 00 00 00 00 00 00 00 00  00 00 00 00 00 00 00 00   ................
    0040: 00 00 00 00 00 00 00 00  00 00 00 00 00 00 00 00   ................
    0050: 00 00 00 00 00 00 00 00  00 00 00 00 00 00 00 00   ................
    0060: 00 00 00 00 00 00 00 00  00 00 00 00 00 00 00 00   ................
    0070: 00 00 00 00 00 00 00 00  00 00 00 00 00 00 00 00   ................
    0080: 00 00 00 00 00 00 00 00  00 00 00 00 00 00 00 00   ................
    0090: 00 00 00 00 00 00 00 00  00 00 00 00 00 00 00 00   ................
    00a0: 00 00 00 00 00 00 00 00  00 00 00 00 00 00 00 00   ................
    00b0: 00 00 00 00 00 00 00 00  00 00 00 00 00 00 00 00   ................
    00c0: 00 00 00 00 00 00 00 00  00 00 00 00 00 00 00 00   ................
    00d0: 00 00 00 00 00 00 00 00  00 00 00 00 00 00 00 00   ................
    00e0: 00 00 00 00 00 00 00 00  00 00 00 00 00 00 00 00   ................
    00f0: 00 00 00 00 00 00 00 00  00 00 00 00 00 00 00 00   ................
    0100: 79 6f 75 72 20 66 69 6e  65 73 74 20 65 6d 75 6c   your finest emul
    0110: 61 74 65 64 20 61 73 69  63 73 00 00 00 00 00 00   ated asics......
    0120: 00 00 00 00 00 00 00 00  00 00 00 00 00 00 00 00   ................
    0130: 00 00 00 00 00 00 00 00  00 00 00 00 00 00 00 00   ................
    0140: 00 00 00 00 00 00 00 00  00 00 00 00 00 00 00 00   ................
    0150: 00 00 00 00 00 00 00 00  00 00 00 00 00 00 00 00   ................
    0160: 00 00 00 00 00 00 00 00  00 00 00 00 00 00 00 00   ................
    0170: 00 00 00 00 00 00 00 00  00 00 00 00 00 00 00 00   ................
    0180: 00 00 00 00 00 00 00 00  00 00 00 00 00 00 00 00   ................
    0190: 00 00 00 00 00 00 00 00  00 00 00 00 00 00 00 00   ................
    01a0: 00 00 00 00 00 00 00 00  00 00 00 00 00 00 00 00   ................
    01b0: 00 00 00 00 00 00 00 00  00 00 00 00 00 00 00 00   ................
    01c0: 00 00 00 00 00 00 00 00  00 00 00 00 00 00 00 00   ................
    01d0: 00 00 00 00 00 00 00 00  00 00 00 00 00 00 00 00   ................
    01e0: 00 00 00 00 00 00 00 00  00 00 00 00 00 00 00 00   ................
    01f0: 00 00 00 00 00 00 00 00  00 00 00 00 00 00 00 00   ................
    0200: 70 6f 78 2e 20 72 65 6c  69 61 62 6c 65 2c 20 66   pox. reliable, f
    0210: 61 73 74 2c 20 73 74 61  62 6c 65 2e 20 43 68 6f   ast, stable. Cho
    0220: 6f 73 65 20 30 20 28 6f  72 20 6d 6f 72 65 3f 29   ose 0 (or more?)
    0230: 00 00 00 00 00 00 00 00  00 00 00 00 00 00 00 00   ................
    0240: 00 00 00 00 00 00 00 00  00 00 00 00 00 00 00 00   ................
    0250: 00 00 00 00 00 00 00 00  00 00 00 00 00 00 00 00   ................
    0260: 00 00 00 00 00 00 00 00  00 00 00 00 00 00 00 00   ................
    0270: 00 00 00 00 00 00 00 00  00 00 00 00 00 00 00 00   ................
    0280: 00 00 00 00 00 00 00 00  00 00 00 00 00 00 00 00   ................
    0290: 00 00 00 00 00 00 00 00  00 00 00 00 00 00 00 00   ................
    02a0: 00 00 00 00 00 00 00 00  00 00 00 00 00 00 00 00   ................
    02b0: 00 00 00 00 00 00 00 00  00 00 00 00 00 00 00 00   ................
    02c0: 00 00 00 00 00 00 00 00  00 00 00 00 00 00 00 00   ................
    02d0: 00 00 00 00 00 00 00 00  00 00 00 00 00 00 00 00   ................
    02e0: 00 00 00 00 00 00 00 00  00 00 00 00 00 00 00 00   ................
    02f0: 00 00 00 00 00 00 00 00  00 00 00 00 00 00 00 00   ................
    0300: 31 00 00 00 00 00 00 00  00 00 00 00 00 00 00 00   1...............
    0310: 00 00 00 00 00 00 00 00  00 00 00 00 00 00 00 00   ................
    0320: 68 69 67 68 20 70 65 72  66 6f 72 6d 61 6e 63 65   high performance
    0330: 20 65 6d 75 73 77 69 74  63 68 2e 20 53 65 76 65    emuswitch. Seve
    0340: 72 61 6c 20 70 61 63 6b  65 74 73 20 70 65 72 20   ral packets per 
    0350: 73 65 63 6f 6e 64 20 68  61 76 65 20 62 65 65 6e   second have been
    0360: 20 6f 62 73 65 72 76 65  64 20 28 62 75 74 20 6e    observed (but n
    0370: 6f 74 20 62 79 20 72 65  6c 69 61 62 6c 65 20 77   ot by reliable w
    0380: 69 74 6e 65 73 73 65 73  29 00 00 00 00 00 00 00   itnesses).......
    0390: 00 00 00 00 00 00 00 00  00 00 00 00 00 00 00 00   ................
    03a0: 00 00 00 00 00 00 00 00  00 00 00 00 00 00 00 00   ................
    03b0: 00 00 00 00 00 00 00 00  00 00 00 00 00 00 00 00   ................
    03c0: 00 00 00 00 00 00 00 00  00 00 00 00 00 00 00 00   ................
    03d0: 00 00 00 00 00 00 00 00  00 00 00 00 00 00 00 00   ................
    03e0: 00 00 00 00 00 00 00 00  00 00 00 00 00 00 00 00   ................
    03f0: 00 00 00 00 00 00 00 00  00 00 00 00 00 00 00 00   ................
    0400: 00 00 00 00 00 00 00 00  00 00 00 00 00 00 00 00   ................
    0410: 00 00 00 00 00 00 00 00  00 00 00 00 00 00 00 00   ................
[1;36m[1;44m00:01.041 00:00.339 Successfully matched event ControlMessageReceive:i8 c c1 -> s 1 [ofp_stats_request: flags=0, type=0][1;m
DEBUG:input_logger:logging event ControlMessageReceive:i8:(u'ControlMessageReceive', OFFingerprint{u'flags': 0, u'type': 0, u'class': u'ofp_stats_request'}, 1, (u'c', u'1'))
[1;36m[1;36mRound 3[1;37m[1;m
DEBUG:event_scheduler:Waiting for ControlMessageReceive:i9:(u'ControlMessageReceive', OFFingerprint{u'class': u'ofp_set_config'}, 1, (u'c', u'1')) (maximum wait time: 500 ms)
DEBUG:FuzzSoftwareSwitch(1):Set config SoftSwitch(1) ofp_set_config
  header: 
    version: 1
    type:    9 (OFPT_SET_CONFIG)
    length:  12
    xid:     0
  flags: 0
  miss_send_len: 65535
[1;36m[1;44m00:01.042 00:00.345 Successfully matched event ControlMessageReceive:i9 c c1 -> s 1 [ofp_set_config: ][1;m
DEBUG:input_logger:logging event ControlMessageReceive:i9:(u'ControlMessageReceive', OFFingerprint{u'class': u'ofp_set_config'}, 1, (u'c', u'1'))
DEBUG:event_scheduler:Waiting for ControlMessageReceive:i10:(u'ControlMessageReceive', OFFingerprint{u'class': u'ofp_get_config_request'}, 1, (u'c', u'1')) (maximum wait time: 500 ms)
DEBUG:FuzzSoftwareSwitch(1):Get config request SoftSwitch(1) ofp_get_config_request
  header: 
    version: 1
    type:    7 (OFPT_GET_CONFIG_REQUEST)
    length:  8
    xid:     0 
[1;36m[1;44m00:01.043 00:00.345 Successfully matched event ControlMessageReceive:i10 c c1 -> s 1 [ofp_get_config_request: ][1;m
DEBUG:input_logger:logging event ControlMessageReceive:i10:(u'ControlMessageReceive', OFFingerprint{u'class': u'ofp_get_config_request'}, 1, (u'c', u'1'))
DEBUG:event_scheduler:Waiting for ControlMessageReceive:i11:(u'ControlMessageReceive', OFFingerprint{u'class': u'ofp_features_request'}, 2, (u'c', u'2')) (maximum wait time: 500 ms)
DEBUG:FuzzSoftwareSwitch(2):Reply features request of xid ofp_features_request
  header: 
    version: 1
    type:    5 (OFPT_FEATURES_REQUEST)
    length:  8
    xid:     0 SoftSwitch(2)
[1;36m[1;44m00:01.043 00:00.346 Successfully matched event ControlMessageReceive:i11 c c2 -> s 2 [ofp_features_request: ][1;m
DEBUG:input_logger:logging event ControlMessageReceive:i11:(u'ControlMessageReceive', OFFingerprint{u'class': u'ofp_features_request'}, 2, (u'c', u'2'))
DEBUG:event_scheduler:Waiting for ControlMessageSend:i12:(u'ControlMessageSend', OFFingerprint{u'datapath_id': 2, u'class': u'ofp_features_reply'}, 2, (u'c', u'2')) (maximum wait time: 500 ms)
[1;36m[1;44m00:01.044 00:00.346 Successfully matched event ControlMessageSend:i12 c 2 -> s c2 [ofp_features_reply: datapath_id=2][1;m
DEBUG:input_logger:logging event ControlMessageSend:i12:(u'ControlMessageSend', OFFingerprint{u'datapath_id': 2, u'class': u'ofp_features_reply'}, 2, (u'c', u'2'))
DEBUG:event_scheduler:Waiting for ControlMessageSend:i13:(u'ControlMessageSend', OFFingerprint{u'class': u'ofp_get_config_reply'}, 1, (u'c', u'1')) (maximum wait time: 500 ms)
[1;36m[1;44m00:01.044 00:00.346 Successfully matched event ControlMessageSend:i13 c 1 -> s c1 [ofp_get_config_reply: ][1;m
DEBUG:input_logger:logging event ControlMessageSend:i13:(u'ControlMessageSend', OFFingerprint{u'class': u'ofp_get_config_reply'}, 1, (u'c', u'1'))
DEBUG:event_scheduler:Waiting for ControlMessageSend:i14:(u'ControlMessageSend', OFFingerprint{u'flags': 0, u'type': 0, u'class': u'ofp_stats_reply'}, 1, (u'c', u'1')) (maximum wait time: 500 ms)
[1;36m[1;44m00:01.045 00:00.347 Successfully matched event ControlMessageSend:i14 c 1 -> s c1 [ofp_stats_reply: flags=0, type=0][1;m
DEBUG:input_logger:logging event ControlMessageSend:i14:(u'ControlMessageSend', OFFingerprint{u'flags': 0, u'type': 0, u'class': u'ofp_stats_reply'}, 1, (u'c', u'1'))
DEBUG:event_scheduler:Waiting for ControlMessageReceive:i15:(u'ControlMessageReceive', OFFingerprint{u'class': u'ofp_vendor'}, 1, (u'c', u'1')) (maximum wait time: 500 ms)
DEBUG:FuzzSoftwareSwitch(1):Vendor SoftSwitch(1) ofp_vendor
  header: 
    version: 1
    type:    4 (OFPT_VENDOR)
    length:  20
    xid:     2
  vendor: 8992
  data: [8 bytes]
[1;36m[1;44m00:01.096 00:00.447 Successfully matched event ControlMessageReceive:i15 c c1 -> s 1 [ofp_vendor: ][1;m
DEBUG:input_logger:logging event ControlMessageReceive:i15:(u'ControlMessageReceive', OFFingerprint{u'class': u'ofp_vendor'}, 1, (u'c', u'1'))
[1;36m[1;36mRound 4[1;37m[1;m
DEBUG:event_scheduler:Waiting for ControlMessageReceive:i16:(u'ControlMessageReceive', OFFingerprint{u'class': u'ofp_set_config'}, 2, (u'c', u'2')) (maximum wait time: 500 ms)
DEBUG:FuzzSoftwareSwitch(2):Set config SoftSwitch(2) ofp_set_config
  header: 
    version: 1
    type:    9 (OFPT_SET_CONFIG)
    length:  12
    xid:     0
  flags: 0
  miss_send_len: 65535
[1;36m[1;44m00:01.097 00:00.448 Successfully matched event ControlMessageReceive:i16 c c2 -> s 2 [ofp_set_config: ][1;m
DEBUG:input_logger:logging event ControlMessageReceive:i16:(u'ControlMessageReceive', OFFingerprint{u'class': u'ofp_set_config'}, 2, (u'c', u'2'))
DEBUG:event_scheduler:Waiting for ControlMessageReceive:i17:(u'ControlMessageReceive', OFFingerprint{u'class': u'ofp_get_config_request'}, 2, (u'c', u'2')) (maximum wait time: 500 ms)
DEBUG:FuzzSoftwareSwitch(2):Get config request SoftSwitch(2) ofp_get_config_request
  header: 
    version: 1
    type:    7 (OFPT_GET_CONFIG_REQUEST)
    length:  8
    xid:     0 
[1;36m[1;44m00:01.097 00:00.448 Successfully matched event ControlMessageReceive:i17 c c2 -> s 2 [ofp_get_config_request: ][1;m
DEBUG:input_logger:logging event ControlMessageReceive:i17:(u'ControlMessageReceive', OFFingerprint{u'class': u'ofp_get_config_request'}, 2, (u'c', u'2'))
DEBUG:event_scheduler:Waiting for ControlMessageSend:i18:(u'ControlMessageSend', OFFingerprint{u'class': u'ofp_get_config_reply'}, 2, (u'c', u'2')) (maximum wait time: 500 ms)
[1;36m[1;44m00:01.098 00:00.449 Successfully matched event ControlMessageSend:i18 c 2 -> s c2 [ofp_get_config_reply: ][1;m
DEBUG:input_logger:logging event ControlMessageSend:i18:(u'ControlMessageSend', OFFingerprint{u'class': u'ofp_get_config_reply'}, 2, (u'c', u'2'))
DEBUG:event_scheduler:Waiting for ControlMessageSend:i19:(u'ControlMessageSend', OFFingerprint{u'class': u'ofp_vendor'}, 1, (u'c', u'1')) (maximum wait time: 500 ms)
[1;36m[1;44m00:01.098 00:00.449 Successfully matched event ControlMessageSend:i19 c 1 -> s c1 [ofp_vendor: ][1;m
DEBUG:input_logger:logging event ControlMessageSend:i19:(u'ControlMessageSend', OFFingerprint{u'class': u'ofp_vendor'}, 1, (u'c', u'1'))
DEBUG:event_scheduler:Waiting for ControlMessageReceive:i20:(u'ControlMessageReceive', OFFingerprint{u'class': u'ofp_vendor'}, 1, (u'c', u'1')) (maximum wait time: 500 ms)
DEBUG:FuzzSoftwareSwitch(1):Vendor SoftSwitch(1) ofp_vendor
  header: 
    version: 1
    type:    4 (OFPT_VENDOR)
    length:  20
    xid:     3
  vendor: 8992
  data: [8 bytes]
[1;36m[1;44m00:01.192 00:00.549 Successfully matched event ControlMessageReceive:i20 c c1 -> s 1 [ofp_vendor: ][1;m
DEBUG:input_logger:logging event ControlMessageReceive:i20:(u'ControlMessageReceive', OFFingerprint{u'class': u'ofp_vendor'}, 1, (u'c', u'1'))
[1;36m[1;36mRound 5[1;37m[1;m
DEBUG:event_scheduler:Waiting for ControlMessageReceive:i21:(u'ControlMessageReceive', OFFingerprint{u'flags': 0, u'type': 0, u'class': u'ofp_stats_request'}, 2, (u'c', u'2')) (maximum wait time: 500 ms)
DEBUG:FuzzSoftwareSwitch(2):Get stats request SoftSwitch(2) ofp_stats_request
  header: 
    version: 1
    type:    16 (OFPT_STATS_REQUEST)
    length:  12
    xid:     1
  type: 0
  flags: 0
  body: 
DEBUG:FuzzSoftwareSwitch(2):Type: 0
DEBUG:FuzzSoftwareSwitch(2):Sending stats reply SoftSwitch(2) ofp_stats_reply
  header: 
    version: 1
    type:    17 (OFPT_STATS_REPLY)
    length:  8
    xid:     1
  type: 0
  flags: 0
  body:
    0000: 42 61 64 41 73 73 45 6d  75 6c 61 74 65 64 50 6f   BadAssEmulatedPo
    0010: 78 53 77 69 74 63 68 28  54 4d 29 00 00 00 00 00   xSwitch(TM).....
    0020: 00 00 00 00 00 00 00 00  00 00 00 00 00 00 00 00   ................
    0030: 00 00 00 00 00 00 00 00  00 00 00 00 00 00 00 00   ................
    0040: 00 00 00 00 00 00 00 00  00 00 00 00 00 00 00 00   ................
    0050: 00 00 00 00 00 00 00 00  00 00 00 00 00 00 00 00   ................
    0060: 00 00 00 00 00 00 00 00  00 00 00 00 00 00 00 00   ................
    0070: 00 00 00 00 00 00 00 00  00 00 00 00 00 00 00 00   ................
    0080: 00 00 00 00 00 00 00 00  00 00 00 00 00 00 00 00   ................
    0090: 00 00 00 00 00 00 00 00  00 00 00 00 00 00 00 00   ................
    00a0: 00 00 00 00 00 00 00 00  00 00 00 00 00 00 00 00   ................
    00b0: 00 00 00 00 00 00 00 00  00 00 00 00 00 00 00 00   ................
    00c0: 00 00 00 00 00 00 00 00  00 00 00 00 00 00 00 00   ................
    00d0: 00 00 00 00 00 00 00 00  00 00 00 00 00 00 00 00   ................
    00e0: 00 00 00 00 00 00 00 00  00 00 00 00 00 00 00 00   ................
    00f0: 00 00 00 00 00 00 00 00  00 00 00 00 00 00 00 00   ................
    0100: 79 6f 75 72 20 66 69 6e  65 73 74 20 65 6d 75 6c   your finest emul
    0110: 61 74 65 64 20 61 73 69  63 73 00 00 00 00 00 00   ated asics......
    0120: 00 00 00 00 00 00 00 00  00 00 00 00 00 00 00 00   ................
    0130: 00 00 00 00 00 00 00 00  00 00 00 00 00 00 00 00   ................
    0140: 00 00 00 00 00 00 00 00  00 00 00 00 00 00 00 00   ................
    0150: 00 00 00 00 00 00 00 00  00 00 00 00 00 00 00 00   ................
    0160: 00 00 00 00 00 00 00 00  00 00 00 00 00 00 00 00   ................
    0170: 00 00 00 00 00 00 00 00  00 00 00 00 00 00 00 00   ................
    0180: 00 00 00 00 00 00 00 00  00 00 00 00 00 00 00 00   ................
    0190: 00 00 00 00 00 00 00 00  00 00 00 00 00 00 00 00   ................
    01a0: 00 00 00 00 00 00 00 00  00 00 00 00 00 00 00 00   ................
    01b0: 00 00 00 00 00 00 00 00  00 00 00 00 00 00 00 00   ................
    01c0: 00 00 00 00 00 00 00 00  00 00 00 00 00 00 00 00   ................
    01d0: 00 00 00 00 00 00 00 00  00 00 00 00 00 00 00 00   ................
    01e0: 00 00 00 00 00 00 00 00  00 00 00 00 00 00 00 00   ................
    01f0: 00 00 00 00 00 00 00 00  00 00 00 00 00 00 00 00   ................
    0200: 70 6f 78 2e 20 72 65 6c  69 61 62 6c 65 2c 20 66   pox. reliable, f
    0210: 61 73 74 2c 20 73 74 61  62 6c 65 2e 20 43 68 6f   ast, stable. Cho
    0220: 6f 73 65 20 30 20 28 6f  72 20 6d 6f 72 65 3f 29   ose 0 (or more?)
    0230: 00 00 00 00 00 00 00 00  00 00 00 00 00 00 00 00   ................
    0240: 00 00 00 00 00 00 00 00  00 00 00 00 00 00 00 00   ................
    0250: 00 00 00 00 00 00 00 00  00 00 00 00 00 00 00 00   ................
    0260: 00 00 00 00 00 00 00 00  00 00 00 00 00 00 00 00   ................
    0270: 00 00 00 00 00 00 00 00  00 00 00 00 00 00 00 00   ................
    0280: 00 00 00 00 00 00 00 00  00 00 00 00 00 00 00 00   ................
    0290: 00 00 00 00 00 00 00 00  00 00 00 00 00 00 00 00   ................
    02a0: 00 00 00 00 00 00 00 00  00 00 00 00 00 00 00 00   ................
    02b0: 00 00 00 00 00 00 00 00  00 00 00 00 00 00 00 00   ................
    02c0: 00 00 00 00 00 00 00 00  00 00 00 00 00 00 00 00   ................
    02d0: 00 00 00 00 00 00 00 00  00 00 00 00 00 00 00 00   ................
    02e0: 00 00 00 00 00 00 00 00  00 00 00 00 00 00 00 00   ................
    02f0: 00 00 00 00 00 00 00 00  00 00 00 00 00 00 00 00   ................
    0300: 32 00 00 00 00 00 00 00  00 00 00 00 00 00 00 00   2...............
    0310: 00 00 00 00 00 00 00 00  00 00 00 00 00 00 00 00   ................
    0320: 68 69 67 68 20 70 65 72  66 6f 72 6d 61 6e 63 65   high performance
    0330: 20 65 6d 75 73 77 69 74  63 68 2e 20 53 65 76 65    emuswitch. Seve
    0340: 72 61 6c 20 70 61 63 6b  65 74 73 20 70 65 72 20   ral packets per 
    0350: 73 65 63 6f 6e 64 20 68  61 76 65 20 62 65 65 6e   second have been
    0360: 20 6f 62 73 65 72 76 65  64 20 28 62 75 74 20 6e    observed (but n
    0370: 6f 74 20 62 79 20 72 65  6c 69 61 62 6c 65 20 77   ot by reliable w
    0380: 69 74 6e 65 73 73 65 73  29 00 00 00 00 00 00 00   itnesses).......
    0390: 00 00 00 00 00 00 00 00  00 00 00 00 00 00 00 00   ................
    03a0: 00 00 00 00 00 00 00 00  00 00 00 00 00 00 00 00   ................
    03b0: 00 00 00 00 00 00 00 00  00 00 00 00 00 00 00 00   ................
    03c0: 00 00 00 00 00 00 00 00  00 00 00 00 00 00 00 00   ................
    03d0: 00 00 00 00 00 00 00 00  00 00 00 00 00 00 00 00   ................
    03e0: 00 00 00 00 00 00 00 00  00 00 00 00 00 00 00 00   ................
    03f0: 00 00 00 00 00 00 00 00  00 00 00 00 00 00 00 00   ................
    0400: 00 00 00 00 00 00 00 00  00 00 00 00 00 00 00 00   ................
    0410: 00 00 00 00 00 00 00 00  00 00 00 00 00 00 00 00   ................
[1;36m[1;44m00:01.198 00:00.551 Successfully matched event ControlMessageReceive:i21 c c2 -> s 2 [ofp_stats_request: flags=0, type=0][1;m
DEBUG:input_logger:logging event ControlMessageReceive:i21:(u'ControlMessageReceive', OFFingerprint{u'flags': 0, u'type': 0, u'class': u'ofp_stats_request'}, 2, (u'c', u'2'))
DEBUG:event_scheduler:Waiting for ControlMessageSend:i22:(u'ControlMessageSend', OFFingerprint{u'flags': 0, u'type': 0, u'class': u'ofp_stats_reply'}, 2, (u'c', u'2')) (maximum wait time: 500 ms)
[1;36m[1;44m00:01.198 00:00.556 Successfully matched event ControlMessageSend:i22 c 2 -> s c2 [ofp_stats_reply: flags=0, type=0][1;m
DEBUG:input_logger:logging event ControlMessageSend:i22:(u'ControlMessageSend', OFFingerprint{u'flags': 0, u'type': 0, u'class': u'ofp_stats_reply'}, 2, (u'c', u'2'))
DEBUG:event_scheduler:Waiting for ControlMessageSend:i23:(u'ControlMessageSend', OFFingerprint{u'class': u'ofp_vendor'}, 1, (u'c', u'1')) (maximum wait time: 500 ms)
[1;36m[1;44m00:01.199 00:00.557 Successfully matched event ControlMessageSend:i23 c 1 -> s c1 [ofp_vendor: ][1;m
DEBUG:input_logger:logging event ControlMessageSend:i23:(u'ControlMessageSend', OFFingerprint{u'class': u'ofp_vendor'}, 1, (u'c', u'1'))
DEBUG:event_scheduler:Waiting for ControlMessageReceive:i24:(u'ControlMessageReceive', OFFingerprint{u'class': u'ofp_vendor'}, 2, (u'c', u'2')) (maximum wait time: 500 ms)
DEBUG:FuzzSoftwareSwitch(2):Vendor SoftSwitch(2) ofp_vendor
  header: 
    version: 1
    type:    4 (OFPT_VENDOR)
    length:  20
    xid:     2
  vendor: 8992
  data: [8 bytes]
[1;36m[1;44m00:01.256 00:00.657 Successfully matched event ControlMessageReceive:i24 c c2 -> s 2 [ofp_vendor: ][1;m
DEBUG:input_logger:logging event ControlMessageReceive:i24:(u'ControlMessageReceive', OFFingerprint{u'class': u'ofp_vendor'}, 2, (u'c', u'2'))
[1;36m[1;36mRound 6[1;37m[1;m
DEBUG:event_scheduler:Waiting for ControlMessageSend:i25:(u'ControlMessageSend', OFFingerprint{u'class': u'ofp_vendor'}, 2, (u'c', u'2')) (maximum wait time: 500 ms)
[1;36m[1;44m00:01.257 00:00.658 Successfully matched event ControlMessageSend:i25 c 2 -> s c2 [ofp_vendor: ][1;m
DEBUG:input_logger:logging event ControlMessageSend:i25:(u'ControlMessageSend', OFFingerprint{u'class': u'ofp_vendor'}, 2, (u'c', u'2'))
DEBUG:event_scheduler:Waiting for ControlMessageReceive:i26:(u'ControlMessageReceive', OFFingerprint{u'class': u'ofp_vendor'}, 2, (u'c', u'2')) (maximum wait time: 500 ms)
DEBUG:FuzzSoftwareSwitch(2):Vendor SoftSwitch(2) ofp_vendor
  header: 
    version: 1
    type:    4 (OFPT_VENDOR)
    length:  20
    xid:     3
  vendor: 8992
  data: [8 bytes]
[1;36m[1;44m00:01.316 00:00.759 Successfully matched event ControlMessageReceive:i26 c c2 -> s 2 [ofp_vendor: ][1;m
DEBUG:input_logger:logging event ControlMessageReceive:i26:(u'ControlMessageReceive', OFFingerprint{u'class': u'ofp_vendor'}, 2, (u'c', u'2'))
[1;36m[1;36mRound 7[1;37m[1;m
DEBUG:event_scheduler:Waiting for ControlMessageSend:i27:(u'ControlMessageSend', OFFingerprint{u'class': u'ofp_vendor'}, 2, (u'c', u'2')) (maximum wait time: 500 ms)
[1;36m[1;44m00:01.317 00:00.760 Successfully matched event ControlMessageSend:i27 c 2 -> s c2 [ofp_vendor: ][1;m
DEBUG:input_logger:logging event ControlMessageSend:i27:(u'ControlMessageSend', OFFingerprint{u'class': u'ofp_vendor'}, 2, (u'c', u'2'))
DEBUG:event_scheduler:Delaying input_event TrafficInjection:e28 for 1306 ms
DEBUG:event_scheduler:Injecting TrafficInjection:e28:('TrafficInjection', Interface:HostInterface:eth1:12:34:56:78:01:02:[IPAddr('123.123.1.2')] Packet:[12:34:56:78:01:02>12:34:56:78:02:02:IP]|([v:4hl:5l:72t:64]ICMP cs:9130[123.123.1.2>123.123.2.2]){t:ECHO_REQUEST c:0 chk:637}{id:20585 seq:28263}, None)
INFO:host:[IPAddr('123.123.1.2')]:sending packet on interface eth1: [12:34:56:78:01:02>12:34:56:78:02:02:IP]|([v:4hl:5l:72t:64]ICMP cs:9130[123.123.1.2>123.123.2.2]){t:ECHO_REQUEST c:0 chk:637}{id:20585 seq:28263}
[1;36m[1;44m00:02.626 00:02.066 Successfully matched event TrafficInjection:e28[1;m
DEBUG:input_logger:logging event TrafficInjection:e28:('TrafficInjection', Interface:HostInterface:eth1:12:34:56:78:01:02:[IPAddr('123.123.1.2')] Packet:[12:34:56:78:01:02>12:34:56:78:02:02:IP]|([v:4hl:5l:72t:64]ICMP cs:9130[123.123.1.2>123.123.2.2]){t:ECHO_REQUEST c:0 chk:637}{id:20585 seq:28263}, None)
[1;36m[1;36mRound 20[1;37m[1;m
[1;36mForwarding dataplane event[1;m
DEBUG:FuzzSoftwareSwitch(1):Send PacketIn SoftSwitch(1) 
DEBUG:event_scheduler:Event whitelisted DataplanePermit:i29:(u'DataplanePermit', DPFingerprint{u'dl_dst': u'12:34:56:78:02:02', u'nw_src': u'123.123.1.2', u'dl_src': u'12:34:56:78:01:02', u'nw_dst': u'123.123.2.2'}, 1, u'12:34:56:78:01:02'), just delaying until predicted time 100 ms)
[1;36m[1;44m00:02.727 00:02.167 Successfully matched event DataplanePermit:i29[1;m
DEBUG:input_logger:logging event DataplanePermit:i29:(u'DataplanePermit', DPFingerprint{u'dl_dst': u'12:34:56:78:02:02', u'nw_src': u'123.123.1.2', u'dl_src': u'12:34:56:78:01:02', u'nw_dst': u'123.123.2.2'}, 1, u'12:34:56:78:01:02')
[1;36m[1;36mRound 21[1;37m[1;m
DEBUG:event_scheduler:Waiting for ControlMessageSend:i30:(u'ControlMessageSend', OFFingerprint{u'data': DPFingerprint{u'dl_dst': u'12:34:56:78:02:02', u'nw_src': u'123.123.1.2', u'dl_src': u'12:34:56:78:01:02', u'nw_dst': u'123.123.2.2'}, u'class': u'ofp_packet_in', u'in_port': 2}, 1, (u'c', u'1')) (maximum wait time: 500 ms)
[1;36m[1;44m00:02.728 00:02.169 Successfully matched event ControlMessageSend:i30 c 1 -> s c1 [ofp_packet_in: data={u'dl_dst': u'12:34:56:78:02:02', u'nw_src': u'123.123.1.2', u'dl_src': u'12:34:56:78:01:02', u'nw_dst': u'123.123.2.2'}, in_port=2][1;m
DEBUG:input_logger:logging event ControlMessageSend:i30:(u'ControlMessageSend', OFFingerprint{u'data': DPFingerprint{u'dl_dst': u'12:34:56:78:02:02', u'nw_src': u'123.123.1.2', u'dl_src': u'12:34:56:78:01:02', u'nw_dst': u'123.123.2.2'}, u'class': u'ofp_packet_in', u'in_port': 2}, 1, (u'c', u'1'))
DEBUG:event_scheduler:Event whitelisted ControlMessageReceive:i31:(u'ControlMessageReceive', OFFingerprint{u'actions': (u'output(1)',), u'data': DPFingerprint{u'class': u'lldp'}, u'class': u'ofp_packet_out', u'in_port': 65535}, 1, (u'c', u'1')), just delaying until predicted time 96 ms)
[1;36m[1;44m00:02.825 00:02.265 Successfully matched event ControlMessageReceive:i31 c c1 -> s 1 [ofp_packet_out: actions=(u'output(1)',), data={u'class': u'lldp'}, in_port=65535][1;m
DEBUG:input_logger:logging event ControlMessageReceive:i31:(u'ControlMessageReceive', OFFingerprint{u'actions': (u'output(1)',), u'data': DPFingerprint{u'class': u'lldp'}, u'class': u'ofp_packet_out', u'in_port': 65535}, 1, (u'c', u'1'))
[1;36m[1;36mRound 22[1;37m[1;m
DEBUG:event_scheduler:Event whitelisted ControlMessageReceive:i32:(u'ControlMessageReceive', OFFingerprint{u'actions': (u'output(2)',), u'data': DPFingerprint{u'class': u'lldp'}, u'class': u'ofp_packet_out', u'in_port': 65535}, 1, (u'c', u'1')), just delaying until predicted time 1 ms)
[1;36m[1;44m00:02.826 00:02.267 Successfully matched event ControlMessageReceive:i32 c c1 -> s 1 [ofp_packet_out: actions=(u'output(2)',), data={u'class': u'lldp'}, in_port=65535][1;m
DEBUG:input_logger:logging event ControlMessageReceive:i32:(u'ControlMessageReceive', OFFingerprint{u'actions': (u'output(2)',), u'data': DPFingerprint{u'class': u'lldp'}, u'class': u'ofp_packet_out', u'in_port': 65535}, 1, (u'c', u'1'))
DEBUG:event_scheduler:Event whitelisted DataplanePermit:i33:(u'DataplanePermit', DPFingerprint{u'class': u'lldp'}, 1, 2), just delaying until predicted time 101 ms)
[1;36m[1;44m00:02.928 00:02.369 Successfully matched event DataplanePermit:i33[1;m
DEBUG:input_logger:logging event DataplanePermit:i33:(u'DataplanePermit', DPFingerprint{u'class': u'lldp'}, 1, 2)
[1;36m[1;36mRound 23[1;37m[1;m
DEBUG:event_scheduler:Event whitelisted DataplanePermit:i34:(u'DataplanePermit', DPFingerprint{u'class': u'lldp'}, 1, 1), just delaying until predicted time 1 ms)
[1;36m[1;44m00:02.928 00:02.370 Successfully matched event DataplanePermit:i34[1;m
DEBUG:input_logger:logging event DataplanePermit:i34:(u'DataplanePermit', DPFingerprint{u'class': u'lldp'}, 1, 1)
DEBUG:event_scheduler:Waiting for ControlMessageReceive:i35:(u'ControlMessageReceive', OFFingerprint{u'actions': (u'output(1)',), u'data': DPFingerprint{u'dl_dst': u'12:34:56:78:02:02', u'nw_src': u'123.123.1.2', u'dl_src': u'12:34:56:78:01:02', u'nw_dst': u'123.123.2.2'}, u'class': u'ofp_packet_out', u'in_port': 65535}, 1, (u'c', u'1')) (maximum wait time: 500 ms)
DEBUG:FuzzSoftwareSwitch(1):Packet out: header: 
  version: 1
  type:    13 (OFPT_PACKET_OUT)
  length:  85
  xid:     0
buffer_id: -1
in_port: 65535
actions_len: 1
actions: 
  type: 0
  len: 8
  port: 2
  max_len: 0

DEBUG:FuzzSoftwareSwitch(1):Packet out: header: 
  version: 1
  type:    13 (OFPT_PACKET_OUT)
  length:  85
  xid:     0
buffer_id: -1
in_port: 65535
actions_len: 1
actions: 
  type: 0
  len: 8
  port: 1
  max_len: 0

DEBUG:FuzzSoftwareSwitch(1):Packet out: header: 
  version: 1
  type:    13 (OFPT_PACKET_OUT)
  length:  110
  xid:     0
buffer_id: -1
in_port: 65535
actions_len: 1
actions: 
  type: 0
  len: 8
  port: 1
  max_len: 0

[1;36m[1;44m00:03.046 00:02.371 Successfully matched event ControlMessageReceive:i35 c c1 -> s 1 [ofp_packet_out: actions=(u'output(1)',), data={u'dl_dst': u'12:34:56:78:02:02', u'nw_src': u'123.123.1.2', u'dl_src': u'12:34:56:78:01:02', u'nw_dst': u'123.123.2.2'}, in_port=65535][1;m
DEBUG:input_logger:logging event ControlMessageReceive:i35:(u'ControlMessageReceive', OFFingerprint{u'actions': (u'output(1)',), u'data': DPFingerprint{u'dl_dst': u'12:34:56:78:02:02', u'nw_src': u'123.123.1.2', u'dl_src': u'12:34:56:78:01:02', u'nw_dst': u'123.123.2.2'}, u'class': u'ofp_packet_out', u'in_port': 65535}, 1, (u'c', u'1'))
[1;36mForwarding dataplane event[1;m
INFO:host:[IPAddr('123.123.1.2')]:Recieved packet [00:00:00:00:00:01>01:80:c2:00:00:0e:LLDP]|<chasis ID:00:00:00:00:00:01><port ID:00:02><ttl:120><pox.lib.packet.lldp.organizationally_specific object at 0x11c8210><pox.lib.packet.lldp.unknown_tlv object at 0x11c8250><pox.lib.packet.lldp.unknown_tlv object at 0x11c8290><tlv end> on interface eth1
[1;36mForwarding dataplane event[1;m
DEBUG:FuzzSoftwareSwitch(2):Send PacketIn SoftSwitch(2) 
[1;36mForwarding dataplane event[1;m
DEBUG:FuzzSoftwareSwitch(2):Send PacketIn SoftSwitch(2) 
DEBUG:event_scheduler:Waiting for ControlMessageReceive:i36:(u'ControlMessageReceive', OFFingerprint{u'flags': 0, u'type': 1, u'class': u'ofp_stats_request'}, 1, (u'c', u'1')) (maximum wait time: 500 ms)
DEBUG:FuzzSoftwareSwitch(1):Get stats request SoftSwitch(1) ofp_stats_request
  header: 
    version: 1
    type:    16 (OFPT_STATS_REQUEST)
    length:  56
    xid:     4
  type: 1
  flags: 0
  body:
    0000: 00 3f ff ff 00 00 00 00  00 00 00 00 00 00 00 00   .?..............
    0010: 00 00 ff ff 00 00 00 00  00 00 00 00 00 00 00 00   ................
    0020: 00 00 00 00 00 00 00 00  ff 00 ff ff               ............ 
DEBUG:FuzzSoftwareSwitch(1):Type: 1
DEBUG:FuzzSoftwareSwitch(1):Sending stats reply SoftSwitch(1) ofp_stats_reply
  header: 
    version: 1
    type:    17 (OFPT_STATS_REPLY)
    length:  8
    xid:     4
  type: 0
  flags: 0
  body:
[1;36m[1;44m00:03.089 00:02.373 Successfully matched event ControlMessageReceive:i36 c c1 -> s 1 [ofp_stats_request: flags=0, type=1][1;m
DEBUG:input_logger:logging event ControlMessageReceive:i36:(u'ControlMessageReceive', OFFingerprint{u'flags': 0, u'type': 1, u'class': u'ofp_stats_request'}, 1, (u'c', u'1'))
DEBUG:event_scheduler:Event whitelisted ControlMessageSend:i37:(u'ControlMessageSend', OFFingerprint{u'data': DPFingerprint{u'class': u'lldp'}, u'class': u'ofp_packet_in', u'in_port': 1}, 2, (u'c', u'2')), just delaying until predicted time 2 ms)
[1;36m[1;44m00:03.090 00:02.375 Successfully matched event ControlMessageSend:i37 c 2 -> s c2 [ofp_packet_in: data={u'class': u'lldp'}, in_port=1][1;m
DEBUG:input_logger:logging event ControlMessageSend:i37:(u'ControlMessageSend', OFFingerprint{u'data': DPFingerprint{u'class': u'lldp'}, u'class': u'ofp_packet_in', u'in_port': 1}, 2, (u'c', u'2'))
DEBUG:event_scheduler:Waiting for ControlMessageSend:i38:(u'ControlMessageSend', OFFingerprint{u'flags': 0, u'type': 0, u'class': u'ofp_stats_reply'}, 1, (u'c', u'1')) (maximum wait time: 500 ms)
[1;36m[1;44m00:03.090 00:02.375 Successfully matched event ControlMessageSend:i38 c 1 -> s c1 [ofp_stats_reply: flags=0, type=0][1;m
DEBUG:input_logger:logging event ControlMessageSend:i38:(u'ControlMessageSend', OFFingerprint{u'flags': 0, u'type': 0, u'class': u'ofp_stats_reply'}, 1, (u'c', u'1'))
DEBUG:event_scheduler:Injecting TrafficInjection:e39:('TrafficInjection', Interface:HostInterface:eth2:12:34:56:78:02:02:[IPAddr('123.123.2.2')] Packet:[12:34:56:78:02:02>12:34:56:78:01:02:IP]|([v:4hl:5l:72t:64]ICMP cs:912c[123.123.2.2>123.123.1.2]){t:ECHO_REPLY c:0 chk:e37}{id:20585 seq:28263}, None)
INFO:host:[IPAddr('123.123.2.2')]:sending packet on interface eth2: [12:34:56:78:02:02>12:34:56:78:01:02:IP]|([v:4hl:5l:72t:64]ICMP cs:912c[123.123.2.2>123.123.1.2]){t:ECHO_REPLY c:0 chk:e37}{id:20585 seq:28263}
[1;36m[1;44m00:03.091 00:02.376 Successfully matched event TrafficInjection:e39[1;m
DEBUG:input_logger:logging event TrafficInjection:e39:('TrafficInjection', Interface:HostInterface:eth2:12:34:56:78:02:02:[IPAddr('123.123.2.2')] Packet:[12:34:56:78:02:02>12:34:56:78:01:02:IP]|([v:4hl:5l:72t:64]ICMP cs:912c[123.123.2.2>123.123.1.2]){t:ECHO_REPLY c:0 chk:e37}{id:20585 seq:28263}, None)
[1;36mForwarding dataplane event[1;m
DEBUG:FuzzSoftwareSwitch(2):Send PacketIn SoftSwitch(2) 
DEBUG:event_scheduler:Event whitelisted DataplanePermit:i40:(u'DataplanePermit', DPFingerprint{u'dl_dst': u'12:34:56:78:01:02', u'nw_src': u'123.123.2.2', u'dl_src': u'12:34:56:78:02:02', u'nw_dst': u'123.123.1.2'}, 2, u'12:34:56:78:02:02'), just delaying until predicted time 93 ms)
DEBUG:FuzzSoftwareSwitch(1):Packet out: header: 
  version: 1
  type:    13 (OFPT_PACKET_OUT)
  length:  85
  xid:     0
buffer_id: -1
in_port: 65535
actions_len: 1
actions: 
  type: 0
  len: 8
  port: 2
  max_len: 0

DEBUG:FuzzSoftwareSwitch(1):Packet out: header: 
  version: 1
  type:    13 (OFPT_PACKET_OUT)
  length:  85
  xid:     0
buffer_id: -1
in_port: 65535
actions_len: 1
actions: 
  type: 0
  len: 8
  port: 1
  max_len: 0

DEBUG:FuzzSoftwareSwitch(2):Packet out: header: 
  version: 1
  type:    13 (OFPT_PACKET_OUT)
  length:  85
  xid:     0
buffer_id: -1
in_port: 65535
actions_len: 1
actions: 
  type: 0
  len: 8
  port: 2
  max_len: 0

DEBUG:FuzzSoftwareSwitch(2):Packet out: header: 
  version: 1
  type:    13 (OFPT_PACKET_OUT)
  length:  85
  xid:     0
buffer_id: -1
in_port: 65535
actions_len: 1
actions: 
  type: 0
  len: 8
  port: 1
  max_len: 0

[1;36m[1;44m00:03.185 00:02.470 Successfully matched event DataplanePermit:i40[1;m
DEBUG:input_logger:logging event DataplanePermit:i40:(u'DataplanePermit', DPFingerprint{u'dl_dst': u'12:34:56:78:01:02', u'nw_src': u'123.123.2.2', u'dl_src': u'12:34:56:78:02:02', u'nw_dst': u'123.123.1.2'}, 2, u'12:34:56:78:02:02')
[1;36m[1;36mRound 24[1;37m[1;m
[1;36mForwarding dataplane event[1;m
INFO:host:[IPAddr('123.123.1.2')]:Recieved packet [00:00:00:00:00:01>01:80:c2:00:00:0e:LLDP]|<chasis ID:00:00:00:00:00:01><port ID:00:02><ttl:120><pox.lib.packet.lldp.organizationally_specific object at 0x11c8b90><pox.lib.packet.lldp.unknown_tlv object at 0x11c8bd0><pox.lib.packet.lldp.unknown_tlv object at 0x11c8c10><tlv end> on interface eth1
[1;36mForwarding dataplane event[1;m
DEBUG:FuzzSoftwareSwitch(2):Send PacketIn SoftSwitch(2) 
[1;36mForwarding dataplane event[1;m
DEBUG:FuzzSoftwareSwitch(1):Send PacketIn SoftSwitch(1) 
[1;36mForwarding dataplane event[1;m
INFO:host:[IPAddr('123.123.2.2')]:Recieved packet [00:00:00:00:00:02>01:80:c2:00:00:0e:LLDP]|<chasis ID:00:00:00:00:00:02><port ID:00:02><ttl:120><pox.lib.packet.lldp.organizationally_specific object at 0x121f450><pox.lib.packet.lldp.unknown_tlv object at 0x121f490><pox.lib.packet.lldp.unknown_tlv object at 0x121f4d0><tlv end> on interface eth2
DEBUG:event_scheduler:Event whitelisted DataplanePermit:i41:(u'DataplanePermit', DPFingerprint{u'dl_dst': u'12:34:56:78:02:02', u'nw_src': u'123.123.1.2', u'dl_src': u'12:34:56:78:01:02', u'nw_dst': u'123.123.2.2'}, 1, 1), just delaying until predicted time 0 ms)
[1;36m[1;44m00:03.189 00:02.471 Successfully matched event DataplanePermit:i41[1;m
DEBUG:input_logger:logging event DataplanePermit:i41:(u'DataplanePermit', DPFingerprint{u'dl_dst': u'12:34:56:78:02:02', u'nw_src': u'123.123.1.2', u'dl_src': u'12:34:56:78:01:02', u'nw_dst': u'123.123.2.2'}, 1, 1)
DEBUG:event_scheduler:Waiting for ControlMessageReceive:i42:(u'ControlMessageReceive', OFFingerprint{u'actions': (u'output(1)',), u'data': DPFingerprint{u'dl_type': 35138}, u'class': u'ofp_packet_out', u'in_port': 65535}, 1, (u'c', u'1')) (maximum wait time: 500 ms)
DEBUG:FuzzSoftwareSwitch(1):Packet out: header: 
  version: 1
  type:    13 (OFPT_PACKET_OUT)
  length:  93
  xid:     0
buffer_id: -1
in_port: 65535
actions_len: 1
actions: 
  type: 0
  len: 8
  port: 1
  max_len: 0

[1;36m[1;44m00:03.222 00:02.472 Successfully matched event ControlMessageReceive:i42 c c1 -> s 1 [ofp_packet_out: actions=(u'output(1)',), data={u'dl_type': 35138}, in_port=65535][1;m
DEBUG:input_logger:logging event ControlMessageReceive:i42:(u'ControlMessageReceive', OFFingerprint{u'actions': (u'output(1)',), u'data': DPFingerprint{u'dl_type': 35138}, u'class': u'ofp_packet_out', u'in_port': 65535}, 1, (u'c', u'1'))
[1;36mForwarding dataplane event[1;m
DEBUG:FuzzSoftwareSwitch(2):Send PacketIn SoftSwitch(2) 
DEBUG:event_scheduler:Waiting for ControlMessageReceive:i43:(u'ControlMessageReceive', OFFingerprint{u'actions': (u'output(2)',), u'data': DPFingerprint{u'dl_type': 35138}, u'class': u'ofp_packet_out', u'in_port': 65535}, 1, (u'c', u'1')) (maximum wait time: 500 ms)
DEBUG:FuzzSoftwareSwitch(1):Packet out: header: 
  version: 1
  type:    13 (OFPT_PACKET_OUT)
  length:  93
  xid:     0
buffer_id: -1
in_port: 65535
actions_len: 1
actions: 
  type: 0
  len: 8
  port: 2
  max_len: 0

[1;36m[1;44m00:03.224 00:02.472 Successfully matched event ControlMessageReceive:i43 c c1 -> s 1 [ofp_packet_out: actions=(u'output(2)',), data={u'dl_type': 35138}, in_port=65535][1;m
DEBUG:input_logger:logging event ControlMessageReceive:i43:(u'ControlMessageReceive', OFFingerprint{u'actions': (u'output(2)',), u'data': DPFingerprint{u'dl_type': 35138}, u'class': u'ofp_packet_out', u'in_port': 65535}, 1, (u'c', u'1'))
[1;36mForwarding dataplane event[1;m
INFO:host:[IPAddr('123.123.1.2')]:Recieved packet [00:00:00:00:00:01>ff:ff:ff:ff:ff:ff:8942]|<55 bytes> on interface eth1
DEBUG:event_scheduler:Event whitelisted ControlMessageReceive:i44:(u'ControlMessageReceive', OFFingerprint{u'actions': (u'output(1)',), u'data': DPFingerprint{u'class': u'lldp'}, u'class': u'ofp_packet_out', u'in_port': 65535}, 1, (u'c', u'1')), just delaying until predicted time 0 ms)
[1;36m[1;44m00:03.224 00:02.473 Successfully matched event ControlMessageReceive:i44 c c1 -> s 1 [ofp_packet_out: actions=(u'output(1)',), data={u'class': u'lldp'}, in_port=65535][1;m
DEBUG:input_logger:logging event ControlMessageReceive:i44:(u'ControlMessageReceive', OFFingerprint{u'actions': (u'output(1)',), u'data': DPFingerprint{u'class': u'lldp'}, u'class': u'ofp_packet_out', u'in_port': 65535}, 1, (u'c', u'1'))
DEBUG:event_scheduler:Event whitelisted ControlMessageReceive:i45:(u'ControlMessageReceive', OFFingerprint{u'actions': (u'output(2)',), u'data': DPFingerprint{u'class': u'lldp'}, u'class': u'ofp_packet_out', u'in_port': 65535}, 1, (u'c', u'1')), just delaying until predicted time 0 ms)
[1;36m[1;44m00:03.225 00:02.474 Successfully matched event ControlMessageReceive:i45 c c1 -> s 1 [ofp_packet_out: actions=(u'output(2)',), data={u'class': u'lldp'}, in_port=65535][1;m
DEBUG:input_logger:logging event ControlMessageReceive:i45:(u'ControlMessageReceive', OFFingerprint{u'actions': (u'output(2)',), u'data': DPFingerprint{u'class': u'lldp'}, u'class': u'ofp_packet_out', u'in_port': 65535}, 1, (u'c', u'1'))
DEBUG:event_scheduler:Waiting for ControlMessageSend:i46:(u'ControlMessageSend', OFFingerprint{u'data': DPFingerprint{u'dl_dst': u'12:34:56:78:02:02', u'nw_src': u'123.123.1.2', u'dl_src': u'12:34:56:78:01:02', u'nw_dst': u'123.123.2.2'}, u'class': u'ofp_packet_in', u'in_port': 1}, 2, (u'c', u'2')) (maximum wait time: 500 ms)
[1;36m[1;44m00:03.225 00:02.474 Successfully matched event ControlMessageSend:i46 c 2 -> s c2 [ofp_packet_in: data={u'dl_dst': u'12:34:56:78:02:02', u'nw_src': u'123.123.1.2', u'dl_src': u'12:34:56:78:01:02', u'nw_dst': u'123.123.2.2'}, in_port=1][1;m
DEBUG:input_logger:logging event ControlMessageSend:i46:(u'ControlMessageSend', OFFingerprint{u'data': DPFingerprint{u'dl_dst': u'12:34:56:78:02:02', u'nw_src': u'123.123.1.2', u'dl_src': u'12:34:56:78:01:02', u'nw_dst': u'123.123.2.2'}, u'class': u'ofp_packet_in', u'in_port': 1}, 2, (u'c', u'2'))
DEBUG:event_scheduler:Waiting for ControlMessageSend:i47:(u'ControlMessageSend', OFFingerprint{u'data': DPFingerprint{u'dl_dst': u'12:34:56:78:01:02', u'nw_src': u'123.123.2.2', u'dl_src': u'12:34:56:78:02:02', u'nw_dst': u'123.123.1.2'}, u'class': u'ofp_packet_in', u'in_port': 2}, 2, (u'c', u'2')) (maximum wait time: 500 ms)
[1;36m[1;44m00:03.226 00:02.475 Successfully matched event ControlMessageSend:i47 c 2 -> s c2 [ofp_packet_in: data={u'dl_dst': u'12:34:56:78:01:02', u'nw_src': u'123.123.2.2', u'dl_src': u'12:34:56:78:02:02', u'nw_dst': u'123.123.1.2'}, in_port=2][1;m
DEBUG:input_logger:logging event ControlMessageSend:i47:(u'ControlMessageSend', OFFingerprint{u'data': DPFingerprint{u'dl_dst': u'12:34:56:78:01:02', u'nw_src': u'123.123.2.2', u'dl_src': u'12:34:56:78:02:02', u'nw_dst': u'123.123.1.2'}, u'class': u'ofp_packet_in', u'in_port': 2}, 2, (u'c', u'2'))
DEBUG:event_scheduler:Event whitelisted DataplanePermit:i48:(u'DataplanePermit', DPFingerprint{u'class': u'lldp'}, 1, 2), just delaying until predicted time 101 ms)
[1;36m[1;44m00:03.327 00:02.576 Successfully matched event DataplanePermit:i48[1;m
DEBUG:input_logger:logging event DataplanePermit:i48:(u'DataplanePermit', DPFingerprint{u'class': u'lldp'}, 1, 2)
[1;36m[1;36mRound 25[1;37m[1;m
DEBUG:event_scheduler:Event whitelisted DataplanePermit:i49:(u'DataplanePermit', DPFingerprint{u'class': u'lldp'}, 1, 1), just delaying until predicted time 1 ms)
[1;36m[1;44m00:03.328 00:02.577 Successfully matched event DataplanePermit:i49[1;m
DEBUG:input_logger:logging event DataplanePermit:i49:(u'DataplanePermit', DPFingerprint{u'class': u'lldp'}, 1, 1)
DEBUG:event_scheduler:Event whitelisted DataplanePermit:i50:(u'DataplanePermit', DPFingerprint{u'dl_type': 35138}, 1, 1), just delaying until predicted time 1 ms)
[1;36m[1;44m00:03.328 00:02.578 Successfully matched event DataplanePermit:i50[1;m
DEBUG:input_logger:logging event DataplanePermit:i50:(u'DataplanePermit', DPFingerprint{u'dl_type': 35138}, 1, 1)
DEBUG:event_scheduler:Event whitelisted DataplanePermit:i51:(u'DataplanePermit', DPFingerprint{u'dl_type': 35138}, 1, 2), just delaying until predicted time 1 ms)
[1;36m[1;44m00:03.328 00:02.579 Successfully matched event DataplanePermit:i51[1;m
DEBUG:input_logger:logging event DataplanePermit:i51:(u'DataplanePermit', DPFingerprint{u'dl_type': 35138}, 1, 2)
DEBUG:event_scheduler:Event whitelisted ControlMessageSend:i52:(u'ControlMessageSend', OFFingerprint{u'data': DPFingerprint{u'class': u'lldp'}, u'class': u'ofp_packet_in', u'in_port': 1}, 2, (u'c', u'2')), just delaying until predicted time 1 ms)
[1;36m[1;44m00:03.329 00:02.580 Successfully matched event ControlMessageSend:i52 c 2 -> s c2 [ofp_packet_in: data={u'class': u'lldp'}, in_port=1][1;m
DEBUG:input_logger:logging event ControlMessageSend:i52:(u'ControlMessageSend', OFFingerprint{u'data': DPFingerprint{u'class': u'lldp'}, u'class': u'ofp_packet_in', u'in_port': 1}, 2, (u'c', u'2'))
DEBUG:event_scheduler:Waiting for ControlMessageSend:i53:(u'ControlMessageSend', OFFingerprint{u'data': DPFingerprint{u'dl_type': 35138}, u'class': u'ofp_packet_in', u'in_port': 1}, 2, (u'c', u'2')) (maximum wait time: 500 ms)
[1;36m[1;44m00:03.329 00:02.580 Successfully matched event ControlMessageSend:i53 c 2 -> s c2 [ofp_packet_in: data={u'dl_type': 35138}, in_port=1][1;m
DEBUG:input_logger:logging event ControlMessageSend:i53:(u'ControlMessageSend', OFFingerprint{u'data': DPFingerprint{u'dl_type': 35138}, u'class': u'ofp_packet_in', u'in_port': 1}, 2, (u'c', u'2'))
DEBUG:event_scheduler:Delaying input_event TrafficInjection:e54 for 1507 ms
DEBUG:event_scheduler:Injecting TrafficInjection:e54:('TrafficInjection', Interface:HostInterface:eth1:12:34:56:78:01:02:[IPAddr('123.123.1.2')] Packet:[12:34:56:78:01:02>12:34:56:78:02:02:IP]|([v:4hl:5l:72t:64]ICMP cs:9129[123.123.1.2>123.123.2.2]){t:ECHO_REQUEST c:0 chk:637}{id:20585 seq:28263}, None)
INFO:host:[IPAddr('123.123.1.2')]:sending packet on interface eth1: [12:34:56:78:01:02>12:34:56:78:02:02:IP]|([v:4hl:5l:72t:64]ICMP cs:9129[123.123.1.2>123.123.2.2]){t:ECHO_REQUEST c:0 chk:637}{id:20585 seq:28263}
[1;36m[1;44m00:04.839 00:04.088 Successfully matched event TrafficInjection:e54[1;m
DEBUG:input_logger:logging event TrafficInjection:e54:('TrafficInjection', Interface:HostInterface:eth1:12:34:56:78:01:02:[IPAddr('123.123.1.2')] Packet:[12:34:56:78:01:02>12:34:56:78:02:02:IP]|([v:4hl:5l:72t:64]ICMP cs:9129[123.123.1.2>123.123.2.2]){t:ECHO_REQUEST c:0 chk:637}{id:20585 seq:28263}, None)
[1;36m[1;36mRound 40[1;37m[1;m
[1;36mForwarding dataplane event[1;m
DEBUG:FuzzSoftwareSwitch(1):Send PacketIn SoftSwitch(1) 
DEBUG:event_scheduler:Injecting CheckInvariants:e55:('CheckInvariants',)
INFO:Controller:Checking status of controller c1: cd ONOS; ./start-onos.sh status
INFO:Controller:Checking status of controller c2: cd ONOS; ./start-onos.sh status
DEBUG:invariant_checker:Checking controller liveness...
INFO:Controller:Checking status of controller c1: cd ONOS; ./start-onos.sh status
INFO:Controller:Checking status of controller c2: cd ONOS; ./start-onos.sh status
[1;42m[1;37mNo correctness violations![1;m
[1;36m[1;44m00:05.954 00:04.090 Successfully matched event CheckInvariants:e55[1;m
DEBUG:input_logger:logging event CheckInvariants:e55:('CheckInvariants',)
DEBUG:input_logger:logging event InvariantViolation:e56:('InvariantViolation',)
DEBUG:event_scheduler:Injecting WaitTime:e57:('WaitTime',)
INFO:events:WaitTime: pausing simulation for 1.000000 seconds
[1;36m[1;44m00:06.956 00:05.114 Successfully matched event WaitTime:e57[1;m
DEBUG:input_logger:logging event WaitTime:e57:('WaitTime',)
[1;36m[1;36mRound -1[1;37m[1;m
DEBUG:Replayer:Sleeping 0 seconds after run
INFO:Controller:Checking status of controller c1: cd ONOS; ./start-onos.sh status
INFO:Controller:Checking status of controller c2: cd ONOS; ./start-onos.sh status
DEBUG:invariant_checker:Checking controller liveness...
INFO:Controller:Checking status of controller c1: cd ONOS; ./start-onos.sh status
INFO:Controller:Checking status of controller c2: cd ONOS; ./start-onos.sh status
[1;42m[1;37mNo correctness violations![1;m
[1;36m[1;44mEvent Stats: Events matched: 56, timed out: 0
Matches per event type:
  WaitTime 1
  ConnectToControllers 1
  CheckInvariants 1
  TrafficInjection 3
  DataplanePermit 9
  ControlMessageSend 19
  ControlMessageReceive 22
Timeouts per event type:
[1;m
[1;36m[1;44mDataplaneDrop Stats: Expected drops (0), Actual drops (0)
Missed Drops (expected if TrafficInjections pruned):[1;m
DEBUG:Replayer:Pending Message Receives:
DEBUG:Replayer:- PendingReceive(dpid=1, controller_id='c1', fingerprint=OFFingerprint{'actions': ('output(2)', 'output(1)'), 'data': DPFingerprint{'dl_dst': '12:34:56:78:02:02', 'nw_src': '123.123.1.2', 'dl_src': '12:34:56:78:01:02', 'nw_dst': '123.123.2.2'}, 'class': 'ofp_packet_out', 'in_port': 65535})
DEBUG:Replayer:- PendingReceive(dpid=2, controller_id='c2', fingerprint=OFFingerprint{'actions': (), 'data': DPFingerprint{'dl_dst': '12:34:56:78:02:02', 'nw_src': '123.123.1.2', 'dl_src': '12:34:56:78:01:02', 'nw_dst': '123.123.2.2'}, 'class': 'ofp_packet_out', 'in_port': 65535})
DEBUG:Replayer:- PendingReceive(dpid=2, controller_id='c2', fingerprint=OFFingerprint{'flags': 0, 'type': 1, 'class': 'ofp_stats_request'})
DEBUG:Replayer:Pending State Changes:
DEBUG:input_logger:logging event WaitTime:e58:('WaitTime',)
localhost - - [31/Jan/2014 12:02:16] "POST / HTTP/1.1" 200 -
DEBUG:rpc_forker:Completed task play_forward on child http://localhost:3761/
[1;41m[1;37mUnable to reproduce correctness violation![1;m
