No DataplaneDrops to replay. We suggest you set Replayer's default_dp_permit=True 
[1;36mStarting POX controller c1[1;m
connect_socket_with_backoff ('127.0.0.1', 7777)
Error connecting.  -- [Errno 111] Connection refused. Backing off 1 seconds ...
[1;33m[c1] POX 0.0.0 / Copyright 2011 James McCauley[1;m

[1;41m[1;33m[c1] DEBUG:core:POX 0.0.0 going up...[1;m

[1;41m[1;33m[c1] DEBUG:core:Running on CPython (2.7.3/Sep 26 2013 20:03:06)[1;m

[1;41m[1;33m[c1] INFO:core:POX 0.0.0 is up.[1;m

[1;41m[1;33m[c1] DEBUG:openflow.of_01:Listening for connections on ('127.0.0.1', 7777)[1;m

[1;33m[c1] Incoming true socket connected[1;m

connect_socket_with_backoff ('127.0.0.1', 7777)
connect_socket_with_backoff ('127.0.0.1', 7777)
[1;33m[c1] Incoming MockSocket connection [u'127.0.0.1', 35197][1;m
connect_socket_with_backoff ('127.0.0.1', 7777)

[1;33m[c1] Incoming MockSocket connection [u'127.0.0.1', 35197][1;m
[1;36m[1;44m00:00.503 00:00.000 Successfully matched event ConnectToControllers:e1[1;m

[1;33m[c1] Incoming MockSocket connection [u'127.0.0.1', 35197][1;m
[1;36m[1;44m00:00.505 00:00.007 Successfully matched event ControlMessageReceive:i2 c c1 -> s 3 [ofp_hello: ][1;m

[1;36m[1;36mRound 1[1;37m[1;m
[1;36m[1;44m00:00.507 00:00.008 Successfully matched event ControlMessageReceive:i3 c c1 -> s 2 [ofp_hello: ][1;m
[1;36m[1;44m00:00.507 00:00.008 Successfully matched event ControlMessageReceive:i4 c c1 -> s 1 [ofp_hello: ][1;m
[1;36m[1;44m00:00.508 00:00.009 Successfully matched event ControlMessageSend:i5 c 3 -> s c1 [ofp_hello: ][1;m
[1;36m[1;44m00:00.509 00:00.009 Successfully matched event ControlMessageSend:i6 c 2 -> s c1 [ofp_hello: ][1;m
[1;36m[1;44m00:00.509 00:00.009 Successfully matched event ControlMessageSend:i7 c 1 -> s c1 [ofp_hello: ][1;m
[1;36m[1;44m00:00.512 00:00.110 Successfully matched event ControlMessageReceive:i8 c c1 -> s 3 [ofp_features_request: ][1;m
[1;36m[1;36mRound 2[1;37m[1;m
[1;36m[1;44m00:00.513 00:00.110 Successfully matched event ControlMessageReceive:i9 c c1 -> s 2 [ofp_features_request: ][1;m
[1;36m[1;44m00:00.551 00:00.111 Successfully matched event ControlMessageReceive:i10 c c1 -> s 1 [ofp_features_request: ][1;m
[1;36m[1;44m00:00.552 00:00.111 Successfully matched event ControlMessageSend:i11 c 3 -> s c1 [ofp_features_reply: datapath_id=3][1;m
[1;36m[1;44m00:00.552 00:00.112 Successfully matched event ControlMessageSend:i12 c 2 -> s c1 [ofp_features_reply: datapath_id=2][1;m
[1;36m[1;44m00:00.553 00:00.112 Successfully matched event ControlMessageSend:i13 c 1 -> s c1 [ofp_features_reply: datapath_id=1][1;m
[1;36m[1;44m00:00.595 00:00.213 Successfully matched event ControlMessageReceive:i14 c c1 -> s 1 [ofp_set_config: ][1;m
[1;36m[1;36mRound 3[1;37m[1;m
[1;36m[1;44m00:00.596 00:00.214 Successfully matched event ControlMessageReceive:i15 c c1 -> s 3 [ofp_barrier_request: ][1;m
[1;36m[1;44m00:00.598 00:00.214 Successfully matched event ControlMessageReceive:i16 c c1 -> s 1 [ofp_flow_mod: hard_timeout=0, out_port=65535, priority=32768, idle_timeout=0, command=delete, actions=(), flags=0, match=x^L,in_port:None][1;m
[1;36m[1;44m00:00.599 00:00.215 Successfully matched event ControlMessageReceive:i17 c c1 -> s 2 [ofp_set_config: ][1;m
[1;36m[1;44m00:00.600 00:00.216 Successfully matched event ControlMessageReceive:i18 c c1 -> s 2 [ofp_flow_mod: hard_timeout=0, out_port=65535, priority=32768, idle_timeout=0, command=delete, actions=(), flags=0, match=x^L,in_port:None][1;m
[1;36m[1;44m00:00.602 00:00.216 Successfully matched event ControlMessageReceive:i19 c c1 -> s 2 [ofp_barrier_request: ][1;m
[1;36m[1;44m00:00.603 00:00.217 Successfully matched event ControlMessageReceive:i20 c c1 -> s 1 [ofp_barrier_request: ][1;m
[1;36m[1;44m00:00.603 00:00.218 Successfully matched event ControlMessageReceive:i21 c c1 -> s 3 [ofp_flow_mod: hard_timeout=0, out_port=65535, priority=32768, idle_timeout=0, command=delete, actions=(), flags=0, match=x^L,in_port:None][1;m
[1;36m[1;44m00:00.605 00:00.218 Successfully matched event ControlMessageReceive:i22 c c1 -> s 3 [ofp_set_config: ][1;m
[1;36m[1;44m00:00.605 00:00.219 Successfully matched event ControlMessageSend:i23 c 3 -> s c1 [ofp_barrier_reply: ][1;m
[1;36m[1;44m00:00.606 00:00.219 Successfully matched event ControlMessageSend:i24 c 2 -> s c1 [ofp_barrier_reply: ][1;m
[1;36m[1;44m00:00.606 00:00.219 Successfully matched event ControlMessageSend:i25 c 1 -> s c1 [ofp_barrier_reply: ][1;m
[1;41m[1;33m[c1] INFO:openflow.of_01:of_01 [Con 3/3] Connected to 00-00-00-00-00-03[1;m

[1;41m[1;33m[c1] DEBUG:forwarding.l2_multi_broken_floyd:Connect [Con 3/3][1;m

[1;41m[1;33m[c1] DEBUG:openflow.discovery:Installing flow for 00-00-00-00-00-03[1;m

[1;41m[1;33m[c1] INFO:openflow.of_01:of_01 [Con 2/2] Connected to 00-00-00-00-00-02[1;m

[1;41m[1;33m[c1] DEBUG:forwarding.l2_multi_broken_floyd:Connect [Con 2/2][1;m

[1;41m[1;33m[c1] DEBUG:openflow.discovery:Installing flow for 00-00-00-00-00-02[1;m

[1;36m[1;44m00:00.613 00:00.320 Successfully matched event ControlMessageReceive:i26 c c1 -> s 2 [ofp_flow_mod: hard_timeout=0, out_port=65535, priority=32768, idle_timeout=0, command=add, actions=(u'output(65533)',), flags=0, match=dl_dst:01:23:20:00:00:01,dl_type:35020,in_port:None][1;m[1;41m[1;33m[c1] INFO:openflow.of_01:of_01 [Con 1/1] Connected to 00-00-00-00-00-01[1;m


[1;36m[1;36mRound 4[1;37m[1;m
[1;41m[1;33m[c1] DEBUG:forwarding.l2_multi_broken_floyd:Connect [Con 1/1][1;m

[1;41m[1;33m[c1] DEBUG:openflow.discovery:Installing flow for 00-00-00-00-00-01[1;m

[1;36m[1;44m00:00.652 00:00.321 Successfully matched event ControlMessageReceive:i27 c c1 -> s 1 [ofp_flow_mod: hard_timeout=0, out_port=65535, priority=32768, idle_timeout=0, command=add, actions=(u'output(65533)',), flags=0, match=dl_dst:01:23:20:00:00:01,dl_type:35020,in_port:None][1;m
[1;36m[1;44m00:00.654 00:00.322 Successfully matched event ControlMessageReceive:i28 c c1 -> s 3 [ofp_flow_mod: hard_timeout=0, out_port=65535, priority=32768, idle_timeout=0, command=add, actions=(u'output(65533)',), flags=0, match=dl_dst:01:23:20:00:00:01,dl_type:35020,in_port:None][1;m
[1;36m[1;44m00:01.171 00:00.825 Successfully matched event ControlMessageReceive:i29 c c1 -> s 3 [ofp_packet_out: actions=(u'output(1)',), data={u'class': u'lldp'}, in_port=65535][1;m
[1;36m[1;36mRound 9[1;37m[1;m
[1;36mForwarding dataplane event[1;m
[1;36m[1;44m00:01.173 00:00.826 Successfully matched event DataplanePermit:i30[1;m
[1;36m[1;44m00:01.174 00:00.928 Successfully matched event ControlMessageSend:i31 c 2 -> s c1 [ofp_packet_in: data={u'class': u'lldp'}, in_port=1][1;m
[1;36m[1;36mRound 10[1;37m[1;m
[1;41m[1;33m[c1] INFO:openflow.discovery:link detected: 00-00-00-00-00-03.1 -> 00-00-00-00-00-02.1[1;m

[1;36m[1;44m00:01.216 00:01.029 Successfully matched event ControlMessageReceive:i32 c c1 -> s 2 [ofp_packet_out: actions=(), data=(), in_port=1][1;m
[1;36m[1;36mRound 11[1;37m[1;m
[1;36m[1;44m00:01.217 00:01.030 Successfully matched event ControlMessageReceive:i33 c c1 -> s 1 [ofp_flow_mod: hard_timeout=0, out_port=65535, priority=32768, idle_timeout=0, command=delete, actions=(), flags=0, match=x^L,in_port:None][1;m
[1;36m[1;44m00:01.219 00:01.031 Successfully matched event ControlMessageReceive:i34 c c1 -> s 2 [ofp_flow_mod: hard_timeout=0, out_port=65535, priority=32768, idle_timeout=0, command=delete, actions=(), flags=0, match=x^L,in_port:None][1;m
[1;36m[1;44m00:01.220 00:01.032 Successfully matched event ControlMessageReceive:i35 c c1 -> s 3 [ofp_flow_mod: hard_timeout=0, out_port=65535, priority=32768, idle_timeout=0, command=delete, actions=(), flags=0, match=x^L,in_port:None][1;m
[1;36m[1;44m00:01.727 00:01.434 Successfully matched event ControlMessageReceive:i36 c c1 -> s 3 [ofp_packet_out: actions=(u'output(2)',), data={u'class': u'lldp'}, in_port=65535][1;m
[1;36m[1;36mRound 15[1;37m[1;m
[1;36mForwarding dataplane event[1;m
[1;36m[1;44m00:01.729 00:01.435 Successfully matched event DataplanePermit:i37[1;m
[1;36m[1;44m00:01.729 00:01.537 Successfully matched event ControlMessageSend:i38 c 1 -> s c1 [ofp_packet_in: data={u'class': u'lldp'}, in_port=1][1;m
[1;36m[1;36mRound 16[1;37m[1;m
[1;41m[1;33m[c1] INFO:openflow.discovery:link detected: 00-00-00-00-00-03.2 -> 00-00-00-00-00-01.1[1;m

[1;36m[1;44m00:01.732 00:01.638 Successfully matched event ControlMessageReceive:i39 c c1 -> s 1 [ofp_flow_mod: hard_timeout=0, out_port=65535, priority=32768, idle_timeout=0, command=delete, actions=(), flags=0, match=x^L,in_port:None][1;m
[1;36m[1;36mRound 17[1;37m[1;m
[1;36m[1;44m00:01.772 00:01.639 Successfully matched event ControlMessageReceive:i40 c c1 -> s 2 [ofp_flow_mod: hard_timeout=0, out_port=65535, priority=32768, idle_timeout=0, command=delete, actions=(), flags=0, match=x^L,in_port:None][1;m
[1;36m[1;44m00:01.773 00:01.639 Successfully matched event ControlMessageReceive:i41 c c1 -> s 1 [ofp_packet_out: actions=(), data=(), in_port=1][1;m
[1;36m[1;44m00:01.774 00:01.640 Successfully matched event ControlMessageReceive:i42 c c1 -> s 3 [ofp_flow_mod: hard_timeout=0, out_port=65535, priority=32768, idle_timeout=0, command=delete, actions=(), flags=0, match=x^L,in_port:None][1;m
[1;36m[1;44m00:02.283 00:01.942 Successfully matched event ControlMessageReceive:i43 c c1 -> s 3 [ofp_packet_out: actions=(u'output(3)',), data={u'class': u'lldp'}, in_port=65535][1;m
[1;36m[1;36mRound 20[1;37m[1;m
[1;36mForwarding dataplane event[1;m
[1;36m[1;44m00:02.285 00:01.943 Successfully matched event DataplanePermit:i44[1;m
[1;36m[1;44m00:02.839 00:02.546 Successfully matched event ControlMessageReceive:i45 c c1 -> s 2 [ofp_packet_out: actions=(u'output(1)',), data={u'class': u'lldp'}, in_port=65535][1;m
[1;36m[1;36mRound 26[1;37m[1;m
[1;36mForwarding dataplane event[1;m
[1;36m[1;44m00:02.841 00:02.547 Successfully matched event DataplanePermit:i46[1;m
[1;36m[1;44m00:02.842 00:02.648 Successfully matched event ControlMessageSend:i47 c 3 -> s c1 [ofp_packet_in: data={u'class': u'lldp'}, in_port=1][1;m
[1;36m[1;36mRound 27[1;37m[1;m
[1;41m[1;33m[c1] INFO:openflow.discovery:link detected: 00-00-00-00-00-02.1 -> 00-00-00-00-00-03.1[1;m

[1;36m[1;44m00:02.884 00:02.749 Successfully matched event ControlMessageReceive:i48 c c1 -> s 3 [ofp_packet_out: actions=(), data=(), in_port=1][1;m
[1;36m[1;36mRound 28[1;37m[1;m
[1;36m[1;44m00:02.885 00:02.750 Successfully matched event ControlMessageReceive:i49 c c1 -> s 1 [ofp_flow_mod: hard_timeout=0, out_port=65535, priority=32768, idle_timeout=0, command=delete, actions=(), flags=0, match=x^L,in_port:None][1;m
[1;36m[1;44m00:02.886 00:02.751 Successfully matched event ControlMessageReceive:i50 c c1 -> s 2 [ofp_flow_mod: hard_timeout=0, out_port=65535, priority=32768, idle_timeout=0, command=delete, actions=(), flags=0, match=x^L,in_port:None][1;m
[1;36m[1;44m00:02.888 00:02.752 Successfully matched event ControlMessageReceive:i51 c c1 -> s 3 [ofp_flow_mod: hard_timeout=0, out_port=65535, priority=32768, idle_timeout=0, command=delete, actions=(), flags=0, match=x^L,in_port:None][1;m
[1;36m[1;44m00:03.396 00:03.054 Successfully matched event ControlMessageReceive:i52 c c1 -> s 2 [ofp_packet_out: actions=(u'output(2)',), data={u'class': u'lldp'}, in_port=65535][1;m
[1;36m[1;36mRound 31[1;37m[1;m
[1;36mForwarding dataplane event[1;m
[1;36m[1;44m00:03.397 00:03.055 Successfully matched event DataplanePermit:i53[1;m
[1;36m[1;44m00:03.398 00:03.156 Successfully matched event ControlMessageSend:i54 c 1 -> s c1 [ofp_packet_in: data={u'class': u'lldp'}, in_port=2][1;m
[1;36m[1;36mRound 32[1;37m[1;m
[1;41m[1;33m[c1] INFO:openflow.discovery:link detected: 00-00-00-00-00-02.2 -> 00-00-00-00-00-01.2[1;m

[1;36m[1;44m00:03.401 00:03.257 Successfully matched event ControlMessageReceive:i55 c c1 -> s 1 [ofp_flow_mod: hard_timeout=0, out_port=65535, priority=32768, idle_timeout=0, command=delete, actions=(), flags=0, match=x^L,in_port:None][1;m
[1;36m[1;36mRound 33[1;37m[1;m
[1;36m[1;44m00:03.440 00:03.258 Successfully matched event ControlMessageReceive:i56 c c1 -> s 2 [ofp_flow_mod: hard_timeout=0, out_port=65535, priority=32768, idle_timeout=0, command=delete, actions=(), flags=0, match=x^L,in_port:None][1;m
[1;36m[1;44m00:03.441 00:03.259 Successfully matched event ControlMessageReceive:i57 c c1 -> s 1 [ofp_packet_out: actions=(), data=(), in_port=2][1;m
[1;36m[1;44m00:03.442 00:03.260 Successfully matched event ControlMessageReceive:i58 c c1 -> s 3 [ofp_flow_mod: hard_timeout=0, out_port=65535, priority=32768, idle_timeout=0, command=delete, actions=(), flags=0, match=x^L,in_port:None][1;m
[1;36m[1;44m00:03.952 00:03.662 Successfully matched event ControlMessageReceive:i59 c c1 -> s 2 [ofp_packet_out: actions=(u'output(3)',), data={u'class': u'lldp'}, in_port=65535][1;m
[1;36m[1;36mRound 37[1;37m[1;m
[1;36mForwarding dataplane event[1;m
[1;36m[1;44m00:03.953 00:03.663 Successfully matched event DataplanePermit:i60[1;m
[1;36m[1;44m00:04.508 00:04.166 Successfully matched event ControlMessageReceive:i61 c c1 -> s 1 [ofp_packet_out: actions=(u'output(1)',), data={u'class': u'lldp'}, in_port=65535][1;m
[1;36m[1;36mRound 42[1;37m[1;m
[1;36mForwarding dataplane event[1;m
[1;36m[1;44m00:04.510 00:04.167 Successfully matched event DataplanePermit:i62[1;m
[1;36m[1;44m00:04.510 00:04.268 Successfully matched event ControlMessageSend:i63 c 3 -> s c1 [ofp_packet_in: data={u'class': u'lldp'}, in_port=2][1;m
[1;36m[1;36mRound 43[1;37m[1;m
[1;41m[1;33m[c1] INFO:openflow.discovery:link detected: 00-00-00-00-00-01.1 -> 00-00-00-00-00-03.2[1;m

[1;36m[1;44m00:04.513 00:04.369 Successfully matched event ControlMessageReceive:i64 c c1 -> s 1 [ofp_flow_mod: hard_timeout=0, out_port=65535, priority=32768, idle_timeout=0, command=delete, actions=(), flags=0, match=x^L,in_port:None][1;m
[1;36m[1;36mRound 44[1;37m[1;m
[1;36m[1;44m00:04.552 00:04.370 Successfully matched event ControlMessageReceive:i65 c c1 -> s 3 [ofp_packet_out: actions=(), data=(), in_port=2][1;m
[1;36m[1;44m00:04.553 00:04.371 Successfully matched event ControlMessageReceive:i66 c c1 -> s 2 [ofp_flow_mod: hard_timeout=0, out_port=65535, priority=32768, idle_timeout=0, command=delete, actions=(), flags=0, match=x^L,in_port:None][1;m
[1;36m[1;44m00:04.554 00:04.372 Successfully matched event ControlMessageReceive:i67 c c1 -> s 3 [ofp_flow_mod: hard_timeout=0, out_port=65535, priority=32768, idle_timeout=0, command=delete, actions=(), flags=0, match=x^L,in_port:None][1;m
[1;36m[1;44m00:05.064 00:04.774 Successfully matched event ControlMessageReceive:i68 c c1 -> s 1 [ofp_packet_out: actions=(u'output(2)',), data={u'class': u'lldp'}, in_port=65535][1;m
[1;36m[1;36mRound 48[1;37m[1;m
[1;36mForwarding dataplane event[1;m
[1;36m[1;44m00:05.065 00:04.775 Successfully matched event DataplanePermit:i69[1;m
[1;36m[1;44m00:05.066 00:04.876 Successfully matched event ControlMessageSend:i70 c 2 -> s c1 [ofp_packet_in: data={u'class': u'lldp'}, in_port=2][1;m
[1;36m[1;36mRound 49[1;37m[1;m
[1;41m[1;33m[c1] INFO:openflow.discovery:link detected: 00-00-00-00-00-01.2 -> 00-00-00-00-00-02.2[1;m

[1;36m[1;44m00:05.069 00:04.977 Successfully matched event ControlMessageReceive:i71 c c1 -> s 1 [ofp_flow_mod: hard_timeout=0, out_port=65535, priority=32768, idle_timeout=0, command=delete, actions=(), flags=0, match=x^L,in_port:None][1;m
[1;36m[1;36mRound 50[1;37m[1;m
[1;36m[1;44m00:05.108 00:04.979 Successfully matched event ControlMessageReceive:i72 c c1 -> s 2 [ofp_flow_mod: hard_timeout=0, out_port=65535, priority=32768, idle_timeout=0, command=delete, actions=(), flags=0, match=x^L,in_port:None][1;m
[1;36m[1;44m00:05.109 00:04.979 Successfully matched event ControlMessageReceive:i73 c c1 -> s 3 [ofp_flow_mod: hard_timeout=0, out_port=65535, priority=32768, idle_timeout=0, command=delete, actions=(), flags=0, match=x^L,in_port:None][1;m
[1;36m[1;44m00:05.111 00:04.980 Successfully matched event ControlMessageReceive:i74 c c1 -> s 2 [ofp_packet_out: actions=(), data=(), in_port=2][1;m
[1;36m[1;44m00:05.620 00:05.282 Successfully matched event ControlMessageReceive:i75 c c1 -> s 1 [ofp_packet_out: actions=(u'output(3)',), data={u'class': u'lldp'}, in_port=65535][1;m
[1;36m[1;36mRound 53[1;37m[1;m
[1;36mForwarding dataplane event[1;m
[1;36m[1;44m00:05.622 00:05.283 Successfully matched event DataplanePermit:i76[1;m
[1;36m[1;44m00:06.177 00:05.886 Successfully matched event ControlMessageReceive:i77 c c1 -> s 3 [ofp_packet_out: actions=(u'output(1)',), data={u'class': u'lldp'}, in_port=65535][1;m
[1;36m[1;36mRound 59[1;37m[1;m
[1;36mForwarding dataplane event[1;m
[1;36m[1;44m00:06.179 00:05.887 Successfully matched event DataplanePermit:i78[1;m
[1;36m[1;44m00:06.179 00:05.988 Successfully matched event ControlMessageSend:i79 c 2 -> s c1 [ofp_packet_in: data={u'class': u'lldp'}, in_port=1][1;m
[1;36m[1;36mRound 60[1;37m[1;m
[1;36m[1;44m00:06.181 00:06.089 Successfully matched event ControlMessageReceive:i80 c c1 -> s 2 [ofp_packet_out: actions=(), data=(), in_port=1][1;m
[1;36m[1;36mRound 61[1;37m[1;m
[1;36m[1;44m00:06.733 00:06.391 Successfully matched event ControlMessageReceive:i81 c c1 -> s 3 [ofp_packet_out: actions=(u'output(2)',), data={u'class': u'lldp'}, in_port=65535][1;m
[1;36m[1;36mRound 64[1;37m[1;m
[1;36mForwarding dataplane event[1;m
[1;36m[1;44m00:06.735 00:06.392 Successfully matched event DataplanePermit:i82[1;m
[1;36m[1;44m00:06.736 00:06.493 Successfully matched event ControlMessageSend:i83 c 1 -> s c1 [ofp_packet_in: data={u'class': u'lldp'}, in_port=1][1;m
[1;36m[1;36mRound 65[1;37m[1;m
[1;36m[1;44m00:06.738 00:06.594 Successfully matched event ControlMessageReceive:i84 c c1 -> s 1 [ofp_packet_out: actions=(), data=(), in_port=1][1;m
[1;36m[1;36mRound 66[1;37m[1;m
[1;36m[1;44m00:07.289 00:06.996 Successfully matched event ControlMessageReceive:i85 c c1 -> s 3 [ofp_packet_out: actions=(u'output(3)',), data={u'class': u'lldp'}, in_port=65535][1;m
[1;36m[1;36mRound 70[1;37m[1;m
[1;36mForwarding dataplane event[1;m
[1;36m[1;44m00:07.291 00:06.997 Successfully matched event DataplanePermit:i86[1;m
[1;35m[1;41m00:08.046 00:07.102 Event timed out DataplanePermit:i90[1;m
[1;36m[1;36mRound 71[1;37m[1;m
[1;35m[1;41m00:08.602 00:07.104 Event timed out DataplanePermit:i91[1;m
[1;35m[1;41m00:09.158 00:07.105 Event timed out DataplanePermit:i92[1;m
[1;35m[1;41m00:09.915 00:07.207 Event timed out ControlMessageSend:i93 c 2 -> s c1 [ofp_packet_in: data={u'dl_dst': u'12:34:56:78:02:03', u'nw_src': u'10.2.3.2', u'dl_src': u'12:34:56:78:02:03', u'nw_dst': u'10.2.3.2'}, in_port=3][1;m
[1;36m[1;36mRound 72[1;37m[1;m
[1;35m[1;41m00:10.471 00:07.208 Event timed out ControlMessageSend:i94 c 1 -> s c1 [ofp_packet_in: data={u'dl_dst': u'12:34:56:78:01:03', u'nw_src': u'10.1.3.2', u'dl_src': u'12:34:56:78:01:03', u'nw_dst': u'10.1.3.2'}, in_port=3][1;m
[1;35m[1;41m00:11.027 00:07.208 Event timed out ControlMessageSend:i95 c 3 -> s c1 [ofp_packet_in: data={u'dl_dst': u'12:34:56:78:03:03', u'nw_src': u'10.3.3.2', u'dl_src': u'12:34:56:78:03:03', u'nw_dst': u'10.3.3.2'}, in_port=3][1;m
[1;35m[1;41m00:11.739 00:07.331 Event timed out DataplanePermit:i98[1;m
[1;36m[1;36mRound 73[1;37m[1;m
[1;35m[1;41m00:12.295 00:07.333 Event timed out ControlMessageReceive:i99 c c1 -> s 1 [ofp_flow_mod: hard_timeout=30, out_port=65535, priority=32768, idle_timeout=10, command=add, actions=(u'output(3)',), flags=0, match=dl_src:12:34:56:78:01:03,dl_dst:12:34:56:78:01:03,dl_vlan:65535,dl_vlan_pcp:0,dl_type:2048,nw_tos:0,nw_proto:1,nw_src:10.1.3.2/32,nw_dst:10.1.3.2/32,tp_src:0,tp_dst:0,in_port:None][1;m
[1;35m[1;41m00:12.851 00:07.335 Event timed out ControlMessageReceive:i100 c c1 -> s 2 [ofp_flow_mod: hard_timeout=30, out_port=65535, priority=32768, idle_timeout=10, command=add, actions=(u'output(3)',), flags=0, match=dl_src:12:34:56:78:02:03,dl_dst:12:34:56:78:02:03,dl_vlan:65535,dl_vlan_pcp:0,dl_type:2048,nw_tos:0,nw_proto:1,nw_src:10.2.3.2/32,nw_dst:10.2.3.2/32,tp_src:8,tp_dst:0,in_port:None][1;m
[1;35m[1;41m00:13.408 00:07.336 Event timed out ControlMessageReceive:i101 c c1 -> s 3 [ofp_flow_mod: hard_timeout=30, out_port=65535, priority=32768, idle_timeout=10, command=add, actions=(u'output(3)',), flags=0, match=dl_src:12:34:56:78:03:03,dl_dst:12:34:56:78:03:03,dl_vlan:65535,dl_vlan_pcp:0,dl_type:2048,nw_tos:0,nw_proto:1,nw_src:10.3.3.2/32,nw_dst:10.3.3.2/32,tp_src:8,tp_dst:0,in_port:None][1;m
[1;35m[1;41m00:13.964 00:07.338 Event timed out ControlMessageSend:i102 c 2 -> s c1 [ofp_packet_in: data={u'dl_dst': u'12:34:56:78:01:03', u'nw_src': u'10.2.3.2', u'dl_src': u'12:34:56:78:02:03', u'nw_dst': u'10.1.3.2'}, in_port=3][1;m
[1;35m[1;41m00:14.721 00:07.457 Event timed out ControlMessageReceive:i104 c c1 -> s 1 [ofp_flow_mod: hard_timeout=30, out_port=65535, priority=32768, idle_timeout=10, command=add, actions=(u'output(3)',), flags=0, match=dl_src:12:34:56:78:02:03,dl_dst:12:34:56:78:01:03,dl_vlan:65535,dl_vlan_pcp:0,dl_type:2048,nw_tos:0,nw_proto:1,nw_src:10.2.3.2/32,nw_dst:10.1.3.2/32,tp_src:8,tp_dst:0,in_port:None][1;m
[1;36m[1;36mRound 74[1;37m[1;m
[1;41m[1;33m[c1] INFO:openflow.discovery:link timeout: 00-00-00-00-00-02.1 -> 00-00-00-00-00-03.1[1;m

[1;41m[1;33m[c1] INFO:openflow.discovery:link timeout: 00-00-00-00-00-02.2 -> 00-00-00-00-00-01.2[1;m

[1;41m[1;33m[c1] INFO:openflow.discovery:link timeout: 00-00-00-00-00-01.1 -> 00-00-00-00-00-03.2[1;m

[1;35m[1;41m00:15.277 00:07.458 Event timed out ControlMessageReceive:i105 c c1 -> s 2 [ofp_flow_mod: hard_timeout=30, out_port=65535, priority=32768, idle_timeout=10, command=add, actions=(u'output(2)',), flags=0, match=dl_src:12:34:56:78:02:03,dl_dst:12:34:56:78:01:03,dl_vlan:65535,dl_vlan_pcp:0,dl_type:2048,nw_tos:0,nw_proto:1,nw_src:10.2.3.2/32,nw_dst:10.1.3.2/32,tp_src:8,tp_dst:0,in_port:None][1;m
[1;36m[1;44m00:15.278 00:07.460 Successfully matched event ControlMessageReceive:i106 c c1 -> s 2 [ofp_packet_out: actions=(u'output(1)',), data={u'class': u'lldp'}, in_port=65535][1;m
[1;35m[1;41m00:16.033 00:07.579 Event timed out DataplanePermit:i108[1;m
[1;36m[1;36mRound 75[1;37m[1;m
[1;36mForwarding dataplane event[1;m
[1;36m[1;44m00:16.035 00:07.580 Successfully matched event DataplanePermit:i109[1;m
[1;36m[1;44m00:16.035 00:07.582 Successfully matched event ControlMessageSend:i110 c 3 -> s c1 [ofp_packet_in: data={u'class': u'lldp'}, in_port=1][1;m
[1;41m[1;33m[c1] INFO:openflow.discovery:link detected: 00-00-00-00-00-02.1 -> 00-00-00-00-00-03.1[1;m

[1;35m[1;41m00:16.745 00:07.705 Event timed out DataplanePermit:i112[1;m
[1;36m[1;36mRound 76[1;37m[1;m
[1;36m[1;44m00:16.746 00:07.707 Successfully matched event ControlMessageReceive:i113 c c1 -> s 3 [ofp_packet_out: actions=(), data=(), in_port=1][1;m
[1;36m[1;44m00:16.747 00:08.077 Successfully matched event ControlMessageReceive:i117 c c1 -> s 2 [ofp_packet_out: actions=(u'output(2)',), data={u'class': u'lldp'}, in_port=65535][1;m
[1;36m[1;36mRound 79[1;37m[1;m
[1;36mForwarding dataplane event[1;m
[1;36m[1;44m00:16.749 00:08.201 Successfully matched event DataplanePermit:i119[1;m
[1;36m[1;36mRound 80[1;37m[1;m
[1;36m[1;44m00:16.750 00:08.203 Successfully matched event ControlMessageSend:i120 c 1 -> s c1 [ofp_packet_in: data={u'class': u'lldp'}, in_port=2][1;m
[1;41m[1;33m[c1] INFO:openflow.discovery:link detected: 00-00-00-00-00-02.2 -> 00-00-00-00-00-01.2[1;m

[1;35m[1;41m00:17.501 00:08.329 Event timed out DataplanePermit:i123[1;m
[1;36m[1;36mRound 81[1;37m[1;m
[1;36m[1;44m00:17.503 00:08.331 Successfully matched event ControlMessageReceive:i124 c c1 -> s 1 [ofp_packet_out: actions=(), data=(), in_port=2][1;m
[1;35m[1;41m00:18.058 00:08.332 Event timed out ControlMessageSend:i125 c 2 -> s c1 [ofp_packet_in: data={u'dl_dst': u'12:34:56:78:03:03', u'nw_src': u'10.2.3.2', u'dl_src': u'12:34:56:78:02:03', u'nw_dst': u'10.3.3.2'}, in_port=3][1;m
[1;35m[1;41m00:18.815 00:08.454 Event timed out DataplanePermit:i128[1;m
[1;36m[1;36mRound 82[1;37m[1;m
[1;35m[1;41m00:19.371 00:08.456 Event timed out ControlMessageReceive:i129 c c1 -> s 2 [ofp_flow_mod: hard_timeout=30, out_port=65535, priority=32768, idle_timeout=10, command=add, actions=(u'output(1)',), flags=0, match=dl_src:12:34:56:78:02:03,dl_dst:12:34:56:78:03:03,dl_vlan:65535,dl_vlan_pcp:0,dl_type:2048,nw_tos:0,nw_proto:1,nw_src:10.2.3.2/32,nw_dst:10.3.3.2/32,tp_src:8,tp_dst:0,in_port:None][1;m
[1;35m[1;41m00:19.927 00:08.457 Event timed out ControlMessageReceive:i130 c c1 -> s 3 [ofp_flow_mod: hard_timeout=30, out_port=65535, priority=32768, idle_timeout=10, command=add, actions=(u'output(3)',), flags=0, match=dl_src:12:34:56:78:02:03,dl_dst:12:34:56:78:03:03,dl_vlan:65535,dl_vlan_pcp:0,dl_type:2048,nw_tos:0,nw_proto:1,nw_src:10.2.3.2/32,nw_dst:10.3.3.2/32,tp_src:8,tp_dst:0,in_port:None][1;m
[1;41m[1;33m[c1] INFO:openflow.discovery:link timeout: 00-00-00-00-00-03.2 -> 00-00-00-00-00-01.1[1;m

[1;41m[1;33m[c1] INFO:openflow.discovery:link timeout: 00-00-00-00-00-01.2 -> 00-00-00-00-00-02.2[1;m

[1;41m[1;33m[c1] INFO:openflow.discovery:link timeout: 00-00-00-00-00-03.1 -> 00-00-00-00-00-02.1[1;m

[1;35m[1;41m00:20.483 00:08.459 Event timed out ControlMessageSend:i131 c 3 -> s c1 [ofp_packet_in: data={u'dl_dst': u'12:34:56:78:02:03', u'nw_src': u'10.3.3.2', u'dl_src': u'12:34:56:78:03:03', u'nw_dst': u'10.2.3.2'}, in_port=3][1;m
[1;35m[1;41m00:21.194 00:08.584 Event timed out DataplanePermit:i133[1;m
[1;36m[1;36mRound 83[1;37m[1;m
[1;35m[1;41m00:21.751 00:08.586 Event timed out ControlMessageReceive:i134 c c1 -> s 2 [ofp_flow_mod: hard_timeout=30, out_port=65535, priority=32768, idle_timeout=10, command=add, actions=(u'output(3)',), flags=0, match=dl_src:12:34:56:78:03:03,dl_dst:12:34:56:78:02:03,dl_vlan:65535,dl_vlan_pcp:0,dl_type:2048,nw_tos:0,nw_proto:1,nw_src:10.3.3.2/32,nw_dst:10.2.3.2/32,tp_src:8,tp_dst:0,in_port:None][1;m
[1;35m[1;41m00:22.307 00:08.587 Event timed out ControlMessageReceive:i135 c c1 -> s 3 [ofp_flow_mod: hard_timeout=30, out_port=65535, priority=32768, idle_timeout=10, command=add, actions=(u'output(1)',), flags=0, match=dl_src:12:34:56:78:03:03,dl_dst:12:34:56:78:02:03,dl_vlan:65535,dl_vlan_pcp:0,dl_type:2048,nw_tos:0,nw_proto:1,nw_src:10.3.3.2/32,nw_dst:10.2.3.2/32,tp_src:8,tp_dst:0,in_port:None][1;m
[1;36m[1;44m00:22.308 00:08.588 Successfully matched event ControlMessageReceive:i136 c c1 -> s 2 [ofp_packet_out: actions=(u'output(3)',), data={u'class': u'lldp'}, in_port=65535][1;m
[1;35m[1;41m00:23.063 00:08.710 Event timed out DataplanePermit:i139[1;m
[1;36m[1;36mRound 84[1;37m[1;m
[1;36mForwarding dataplane event[1;m
[1;36m[1;44m00:23.065 00:08.713 Successfully matched event DataplanePermit:i140[1;m
[1;35m[1;41m00:23.620 00:08.713 Event timed out DataplanePermit:i141[1;m
[1;35m[1;41m00:24.176 00:08.715 Event timed out DataplanePermit:i142[1;m
[1;35m[1;41m00:24.732 00:08.716 Event timed out ControlMessageSend:i143 c 2 -> s c1 [ofp_packet_in: data={u'dl_dst': u'12:34:56:78:03:03', u'nw_src': u'10.2.3.2', u'dl_src': u'12:34:56:78:02:03', u'nw_dst': u'10.3.3.2'}, in_port=3][1;m
[1;35m[1;41m00:25.489 00:08.839 Event timed out DataplanePermit:i145[1;m
[1;36m[1;36mRound 85[1;37m[1;m
[1;35m[1;41m00:26.045 00:08.841 Event timed out ControlMessageReceive:i146 c c1 -> s 3 [ofp_flow_mod: hard_timeout=30, out_port=65535, priority=32768, idle_timeout=10, command=add, actions=(u'output(3)',), flags=0, match=dl_src:12:34:56:78:02:03,dl_dst:12:34:56:78:03:03,dl_vlan:65535,dl_vlan_pcp:0,dl_type:2048,nw_tos:0,nw_proto:1,nw_src:10.2.3.2/32,nw_dst:10.3.3.2/32,tp_src:0,tp_dst:0,in_port:None][1;m
[1;35m[1;41m00:26.601 00:08.842 Event timed out ControlMessageReceive:i147 c c1 -> s 2 [ofp_flow_mod: hard_timeout=30, out_port=65535, priority=32768, idle_timeout=10, command=add, actions=(u'output(1)',), flags=0, match=dl_src:12:34:56:78:02:03,dl_dst:12:34:56:78:03:03,dl_vlan:65535,dl_vlan_pcp:0,dl_type:2048,nw_tos:0,nw_proto:1,nw_src:10.2.3.2/32,nw_dst:10.3.3.2/32,tp_src:0,tp_dst:0,in_port:None][1;m
[1;36mCutting link (1:1) -> (3:2)[1;m
[1;36m[1;44m00:26.603 00:08.844 Successfully matched event LinkFailure:e148[1;m
[1;36m[1;44m00:26.604 00:08.845 Successfully matched event TrafficInjection:e149[1;m
[1;42m[1;37mNo correctness violations![1;m
[1;36m[1;44m00:26.626 00:08.846 Successfully matched event CheckInvariants:e150[1;m
[1;35m[1;41m00:27.313 00:08.972 Event timed out DataplanePermit:i151[1;m
[1;36m[1;36mRound 86[1;37m[1;m
[1;36mForwarding dataplane event[1;m
[1;36m[1;44m00:27.315 00:08.974 Successfully matched event DataplanePermit:i152[1;m
[1;36m[1;44m00:27.316 00:08.975 Successfully matched event ControlMessageSend:i153 c 2 -> s c1 [ofp_packet_in: data={u'dl_dst': u'12:34:56:78:01:03', u'nw_src': u'10.2.3.2', u'dl_src': u'12:34:56:78:02:03', u'nw_dst': u'10.1.3.2'}, in_port=3][1;m
[1;36m[1;44m00:27.317 00:08.976 Successfully matched event ControlMessageSend:i154 c 1 -> s c1 [ofp_port_status: reason=1, desc=(1, u'00:00:00:00:01:01')][1;m
[1;42m[1;37mNo correctness violations![1;m
[1;36m[1;44m00:27.335 00:08.977 Successfully matched event CheckInvariants:e155[1;m
[1;41m[1;33m[c1] DEBUG:forwarding.l2_multi_broken_floyd:Learned 12:34:56:78:02:03 at 00-00-00-00-00-02.3[1;m

[1;41m[1;33m[c1] DEBUG:forwarding.l2_multi_broken_floyd:12:34:56:78:01:03 unknown -- flooding[1;m

[1;35m[1;41m00:27.964 00:09.103 Event timed out DataplanePermit:i156[1;m
[1;36m[1;36mRound 87[1;37m[1;m
[1;35m[1;41m00:28.566 00:09.105 Event timed out ControlMessageReceive:i157 c c1 -> s 1 [ofp_flow_mod: hard_timeout=30, out_port=65535, priority=32768, idle_timeout=10, command=add, actions=(u'output(3)',), flags=0, match=dl_src:12:34:56:78:02:03,dl_dst:12:34:56:78:01:03,dl_vlan:65535,dl_vlan_pcp:0,dl_type:2048,nw_tos:0,nw_proto:1,nw_src:10.2.3.2/32,nw_dst:10.1.3.2/32,tp_src:0,tp_dst:0,in_port:None][1;m
[1;35m[1;41m00:29.191 00:09.106 Event timed out ControlMessageReceive:i158 c c1 -> s 2 [ofp_flow_mod: hard_timeout=30, out_port=65535, priority=32768, idle_timeout=10, command=add, actions=(u'output(2)',), flags=0, match=dl_src:12:34:56:78:02:03,dl_dst:12:34:56:78:01:03,dl_vlan:65535,dl_vlan_pcp:0,dl_type:2048,nw_tos:0,nw_proto:1,nw_src:10.2.3.2/32,nw_dst:10.1.3.2/32,tp_src:0,tp_dst:0,in_port:None][1;m
[1;42m[1;37mNo correctness violations![1;m
[1;36m[1;44m00:29.210 00:09.108 Successfully matched event CheckInvariants:e159[1;m
[1;35m[1;41m00:29.842 00:09.235 Event timed out DataplanePermit:i160[1;m
[1;36m[1;36mRound 88[1;37m[1;m
[1;42m[1;37mNo correctness violations![1;m
[1;36m[1;44m00:29.861 00:09.237 Successfully matched event CheckInvariants:e161[1;m
[1;41m[1;33m[c1] INFO:openflow.discovery:link timeout: 00-00-00-00-00-02.1 -> 00-00-00-00-00-03.1[1;m

[1;41m[1;33m[c1] INFO:openflow.discovery:link timeout: 00-00-00-00-00-02.2 -> 00-00-00-00-00-01.2[1;m

[1;35m[1;41m00:30.668 00:09.365 Event timed out DataplanePermit:i162[1;m
[1;36m[1;36mRound 89[1;37m[1;m
[1;36m[1;44m00:30.670 00:09.367 Successfully matched event TrafficInjection:e163[1;m
[1;42m[1;37mNo correctness violations![1;m
[1;36m[1;44m00:30.688 00:09.368 Successfully matched event CheckInvariants:e164[1;m
[1;36mForwarding dataplane event[1;m
[1;36m[1;44m00:30.690 00:09.498 Successfully matched event DataplanePermit:i165[1;m
[1;36m[1;36mRound 90[1;37m[1;m
[1;36mRestoring link (1:1) -> (3:2)[1;m
[1;36m[1;44m00:30.691 00:09.500 Successfully matched event LinkRecovery:e166[1;m
[1;42m[1;37mNo correctness violations![1;m
[1;36m[1;44m00:30.708 00:09.500 Successfully matched event CheckInvariants:e167[1;m
[1;35m[1;41m00:31.495 00:09.631 Event timed out DataplanePermit:i168[1;m
[1;36m[1;36mRound 91[1;37m[1;m
[1;36m[1;44m00:31.496 00:09.633 Successfully matched event ControlMessageSend:i169 c 1 -> s c1 [ofp_port_status: reason=0, desc=(1, u'00:00:00:00:01:01')][1;m
[1;42m[1;37mNo correctness violations![1;m
[1;36m[1;44m00:31.513 00:09.634 Successfully matched event CheckInvariants:e170[1;m
[1;35m[1;41m00:32.273 00:09.762 Event timed out DataplanePermit:i171[1;m
[1;36m[1;36mRound 92[1;37m[1;m
[1;36m[1;44m00:32.274 00:09.763 Successfully matched event ControlMessageReceive:i172 c c1 -> s 1 [ofp_packet_out: actions=(u'output(2)',), data={u'class': u'lldp'}, in_port=65535][1;m
[1;36m[1;44m00:32.276 00:09.764 Successfully matched event TrafficInjection:e173[1;m
[1;42m[1;37mNo correctness violations![1;m
[1;36m[1;44m00:32.293 00:09.765 Successfully matched event CheckInvariants:e174[1;m
[1;36mForwarding dataplane event[1;m
[1;36m[1;44m00:32.294 00:09.895 Successfully matched event DataplanePermit:i175[1;m
[1;36m[1;36mRound 93[1;37m[1;m
[1;36mForwarding dataplane event[1;m
[1;36m[1;44m00:32.296 00:09.897 Successfully matched event DataplanePermit:i176[1;m
[1;36m[1;44m00:32.297 00:09.898 Successfully matched event ControlMessageSend:i177 c 1 -> s c1 [ofp_packet_in: data={u'dl_dst': u'12:34:56:78:02:03', u'nw_src': u'10.1.3.2', u'dl_src': u'12:34:56:78:01:03', u'nw_dst': u'10.2.3.2'}, in_port=3][1;m
[1;36m[1;44m00:32.298 00:09.899 Successfully matched event ControlMessageSend:i178 c 2 -> s c1 [ofp_packet_in: data={u'class': u'lldp'}, in_port=2][1;m
[1;42m[1;37mNo correctness violations![1;m
[1;36m[1;44m00:32.316 00:09.900 Successfully matched event CheckInvariants:e179[1;m
[1;41m[1;33m[c1] INFO:openflow.discovery:link detected: 00-00-00-00-00-01.2 -> 00-00-00-00-00-02.2[1;m

[1;41m[1;33m[c1] DEBUG:forwarding.l2_multi_broken_floyd:Learned 12:34:56:78:01:03 at 00-00-00-00-00-01.3[1;m

[1;41m[1;33m[c1] WARNING:forwarding.l2_multi_broken_floyd:Can't get from 12:34:56:78:01:03 to 12:34:56:78:02:03[1;m

[1;41m[1;33m[c1] DEBUG:forwarding.l2_multi_broken_floyd:Dest unreachable (12:34:56:78:01:03 -> 12:34:56:78:02:03)[1;m

[1;35m[1;41m00:33.029 00:10.028 Event timed out ControlMessageReceive:i180 c c1 -> s 1 [ofp_flow_mod: hard_timeout=30, out_port=65535, priority=32768, idle_timeout=10, command=add, actions=(u'output(2)',), flags=0, match=dl_src:12:34:56:78:01:03,dl_dst:12:34:56:78:02:03,dl_vlan:65535,dl_vlan_pcp:0,dl_type:2048,nw_tos:0,nw_proto:1,nw_src:10.1.3.2/32,nw_dst:10.2.3.2/32,tp_src:8,tp_dst:0,in_port:None][1;m
[1;36m[1;36mRound 94[1;37m[1;m
[1;36m[1;44m00:33.030 00:10.030 Successfully matched event ControlMessageReceive:i181 c c1 -> s 2 [ofp_packet_out: actions=(), data=(), in_port=2][1;m
[1;35m[1;41m00:33.585 00:10.031 Event timed out ControlMessageReceive:i182 c c1 -> s 2 [ofp_flow_mod: hard_timeout=30, out_port=65535, priority=32768, idle_timeout=10, command=add, actions=(u'output(3)',), flags=0, match=dl_src:12:34:56:78:01:03,dl_dst:12:34:56:78:02:03,dl_vlan:65535,dl_vlan_pcp:0,dl_type:2048,nw_tos:0,nw_proto:1,nw_src:10.1.3.2/32,nw_dst:10.2.3.2/32,tp_src:8,tp_dst:0,in_port:None][1;m
[1;36m[1;44m00:33.587 00:10.032 Successfully matched event TrafficInjection:e183[1;m
[1;42m[1;37mNo correctness violations![1;m
[1;36m[1;44m00:33.606 00:10.033 Successfully matched event CheckInvariants:e184[1;m
[1;36mForwarding dataplane event[1;m
[1;36m[1;44m00:33.608 00:10.161 Successfully matched event DataplanePermit:i185[1;m
[1;36m[1;36mRound 95[1;37m[1;m
[1;35m[1;41m00:34.142 00:10.164 Event timed out DataplanePermit:i186[1;m
[1;36m[1;44m00:34.143 00:10.165 Successfully matched event ControlMessageSend:i187 c 1 -> s c1 [ofp_packet_in: data={u'dl_dst': u'12:34:56:78:03:03', u'nw_src': u'10.1.3.2', u'dl_src': u'12:34:56:78:01:03', u'nw_dst': u'10.3.3.2'}, in_port=3][1;m
[1;36m[1;44m00:34.144 00:10.166 Successfully matched event TrafficInjection:e188[1;m
[1;42m[1;37mNo correctness violations![1;m
[1;36m[1;44m00:34.161 00:10.168 Successfully matched event CheckInvariants:e189[1;m
[1;36mForwarding dataplane event[1;m
[1;36m[1;44m00:34.163 00:10.294 Successfully matched event DataplanePermit:i190[1;m
[1;36m[1;36mRound 96[1;37m[1;m
[1;41m[1;33m[c1] DEBUG:forwarding.l2_multi_broken_floyd:12:34:56:78:03:03 unknown -- flooding[1;m

[1;35m[1;41m00:34.697 00:10.296 Event timed out DataplanePermit:i191[1;m
[1;35m[1;41m00:35.254 00:10.297 Event timed out ControlMessageReceive:i192 c c1 -> s 1 [ofp_flow_mod: hard_timeout=30, out_port=65535, priority=32768, idle_timeout=10, command=add, actions=(u'output(2)',), flags=0, match=dl_src:12:34:56:78:01:03,dl_dst:12:34:56:78:03:03,dl_vlan:65535,dl_vlan_pcp:0,dl_type:2048,nw_tos:0,nw_proto:1,nw_src:10.1.3.2/32,nw_dst:10.3.3.2/32,tp_src:0,tp_dst:0,in_port:None][1;m
[1;35m[1;41m00:35.810 00:10.299 Event timed out ControlMessageReceive:i193 c c1 -> s 3 [ofp_flow_mod: hard_timeout=30, out_port=65535, priority=32768, idle_timeout=10, command=add, actions=(u'output(2)',), flags=0, match=dl_src:12:34:56:78:01:03,dl_dst:12:34:56:78:03:03,dl_vlan:65535,dl_vlan_pcp:0,dl_type:2048,nw_tos:0,nw_proto:1,nw_src:10.1.3.2/32,nw_dst:10.3.3.2/32,tp_src:0,tp_dst:0,in_port:None][1;m
[1;35m[1;41m00:36.366 00:10.300 Event timed out ControlMessageReceive:i194 c c1 -> s 2 [ofp_flow_mod: hard_timeout=30, out_port=65535, priority=32768, idle_timeout=10, command=add, actions=(u'output(1)',), flags=0, match=dl_src:12:34:56:78:01:03,dl_dst:12:34:56:78:03:03,dl_vlan:65535,dl_vlan_pcp:0,dl_type:2048,nw_tos:0,nw_proto:1,nw_src:10.1.3.2/32,nw_dst:10.3.3.2/32,tp_src:0,tp_dst:0,in_port:None][1;m
[1;36m[1;44m00:36.368 00:10.301 Successfully matched event ControlMessageReceive:i195 c c1 -> s 1 [ofp_packet_out: actions=(u'output(3)',), data={u'class': u'lldp'}, in_port=65535][1;m
[1;36m[1;44m00:36.369 00:10.302 Successfully matched event ControlMessageSend:i196 c 3 -> s c1 [ofp_packet_in: data={u'dl_dst': u'12:34:56:78:01:03', u'nw_src': u'10.3.3.2', u'dl_src': u'12:34:56:78:03:03', u'nw_dst': u'10.1.3.2'}, in_port=3][1;m
[1;42m[1;37mNo correctness violations![1;m
[1;36m[1;44m00:36.385 00:10.303 Successfully matched event CheckInvariants:e197[1;m
[1;41m[1;33m[c1] DEBUG:forwarding.l2_multi_broken_floyd:Learned 12:34:56:78:03:03 at 00-00-00-00-00-03.3[1;m

[1;41m[1;33m[c1] WARNING:forwarding.l2_multi_broken_floyd:Can't get from 12:34:56:78:03:03 to 12:34:56:78:01:03[1;m

[1;41m[1;33m[c1] DEBUG:forwarding.l2_multi_broken_floyd:Dest unreachable (12:34:56:78:03:03 -> 12:34:56:78:01:03)[1;m

[1;36m[1;44m00:37.386 00:10.333 Successfully matched event WaitTime:e199[1;m
[1;36m[1;36mRound -1[1;37m[1;m
[1;42m[1;37mNo correctness violations![1;m
[1;36m[1;44mEvent Stats: Events matched: 132, timed out: 46
Matches per event type:
  WaitTime 1
  LinkFailure 1
  ConnectToControllers 1
  LinkRecovery 1
  TrafficInjection 5
  CheckInvariants 12
  DataplanePermit 21
  ControlMessageSend 26
  ControlMessageReceive 64
Timeouts per event type:
  ControlMessageSend 7
  ControlMessageReceive 18
  DataplanePermit 21
[1;m
[1;36mKilling controller c1 (pid 58951)[1;m
Terminating child controllers... OK
