[1;33m[c1] INFO:core:POX 0.1.0 (betta) is up.[1;m

connect_socket_with_backoff ('127.0.0.1', 6633)
connect_socket_with_backoff ('127.0.0.1', 6633)
connect_socket_with_backoff ('127.0.0.1', 6633)
[1;36m[1;44m00:00.505 00:00.000 Successfully matched event ConnectToControllers:e1[1;m
[1;33m[c1] INFO:openflow.of_01:[00-00-00-00-00-01 1] connected[1;m

[1;33m[c1] INFO:openflow.of_01:[00-00-00-00-00-02 2] connected[1;m

[1;33m[c1] INFO:openflow.of_01:[00-00-00-00-00-03 3] connected[1;m

[1;41m[1;33m[c1] DEBUG:pyretic.core.runtime.DEBUG_TOPO_DISCOVERY: handle_switch_joins[1;m

[1;41m[1;33m[c1] INFO:pyretic.core.runtime.ConcreteNetwork: OpenFlow switch 1 connected[1;m

[1;41m[1;33m[c1] DEBUG:pyretic.core.runtime.DEBUG_TOPO_DISCOVERY: ---------------------------------------------[1;m

[1;41m[1;33m[c1] switch  |  switch edges    |  egress ports  |[1;m

[1;41m[1;33m[c1] ---------------------------------------------[1;m

[1;41m[1;33m[c1] 1       |                  |                |[1;m

[1;41m[1;33m[c1] ---------------------------------------------[1;m

[1;41m[1;33m[c1] DEBUG:pyretic.core.runtime.DEBUG_TOPO_DISCOVERY: handle_port_joins 1:1:True:True[1;m

[1;41m[1;33m[c1] DEBUG:pyretic.core.runtime.DEBUG_TOPO_DISCOVERY: ---------------------------------------------[1;m

[1;41m[1;33m[c1] switch  |  switch edges    |  egress ports  |[1;m

[1;41m[1;33m[c1] ---------------------------------------------[1;m

[1;41m[1;33m[c1] 1       |                  |  1[1]---       |[1;m

[1;41m[1;33m[c1] ---------------------------------------------[1;m

[1;41m[1;33m[c1] DEBUG:pyretic.core.runtime.DEBUG_TOPO_DISCOVERY: handle_port_joins 1:2:True:True[1;m

[1;41m[1;33m[c1] DEBUG:pyretic.core.runtime.DEBUG_TOPO_DISCOVERY: -------------------------------------------------[1;m

[1;41m[1;33m[c1] switch  |  switch edges    |  egress ports      |[1;m

[1;41m[1;33m[c1] -------------------------------------------------[1;m

[1;41m[1;33m[c1] 1       |                  |  1[2]---, 1[1]---  |[1;m

[1;41m[1;33m[c1] -------------------------------------------------[1;m

[1;41m[1;33m[c1] DEBUG:pyretic.core.runtime.DEBUG_TOPO_DISCOVERY: handle_port_joins 1:3:True:True[1;m

[1;41m[1;33m[c1] DEBUG:pyretic.core.runtime.DEBUG_TOPO_DISCOVERY: ----------------------------------------------------------[1;m

[1;41m[1;33m[c1] switch  |  switch edges    |   egress ports              |[1;m

[1;41m[1;33m[c1] ----------------------------------------------------------[1;m

[1;41m[1;33m[c1] 1       |                  |  1[2]---, 1[3]---, 1[1]---  |[1;m

[1;41m[1;33m[c1] ----------------------------------------------------------[1;m

[1;41m[1;33m[c1] DEBUG:pyretic.core.runtime.DEBUG_TOPO_DISCOVERY: handle_switch_joins[1;m

[1;41m[1;33m[c1] INFO:pyretic.core.runtime.ConcreteNetwork: OpenFlow switch 2 connected[1;m

[1;41m[1;33m[c1] DEBUG:pyretic.core.runtime.DEBUG_TOPO_DISCOVERY: ----------------------------------------------------------[1;m

[1;41m[1;33m[c1] switch  |  switch edges    |   egress ports              |[1;m

[1;41m[1;33m[c1] ----------------------------------------------------------[1;m

[1;41m[1;33m[c1] 1       |                  |  1[2]---, 1[3]---, 1[1]---  |[1;m

[1;41m[1;33m[c1] 2       |                  |                             |[1;m

[1;41m[1;33m[c1] ----------------------------------------------------------[1;m

[1;41m[1;33m[c1] DEBUG:pyretic.core.runtime.DEBUG_TOPO_DISCOVERY: handle_port_joins 2:1:True:True[1;m

[1;41m[1;33m[c1] DEBUG:pyretic.core.runtime.DEBUG_TOPO_DISCOVERY: ----------------------------------------------------------[1;m

[1;41m[1;33m[c1] switch  |  switch edges    |   egress ports              |[1;m

[1;41m[1;33m[c1] ----------------------------------------------------------[1;m

[1;41m[1;33m[c1] 1       |                  |  1[2]---, 1[3]---, 1[1]---  |[1;m

[1;41m[1;33m[c1] 2       |                  |  2[1]---                    |[1;m

[1;41m[1;33m[c1] ----------------------------------------------------------[1;m

[1;41m[1;33m[c1] DEBUG:pyretic.core.runtime.DEBUG_TOPO_DISCOVERY: handle_port_joins 2:2:True:True[1;m

[1;41m[1;33m[c1] DEBUG:pyretic.core.runtime.DEBUG_TOPO_DISCOVERY: ----------------------------------------------------------[1;m

[1;41m[1;33m[c1] switch  |  switch edges    |   egress ports              |[1;m

[1;41m[1;33m[c1] ----------------------------------------------------------[1;m

[1;41m[1;33m[c1] 1       |                  |  1[2]---, 1[3]---, 1[1]---  |[1;m

[1;41m[1;33m[c1] 2       |                  |  2[1]---, 2[2]---           |[1;m

[1;41m[1;33m[c1] ----------------------------------------------------------[1;m

[1;41m[1;33m[c1] DEBUG:pyretic.core.runtime.DEBUG_TOPO_DISCOVERY: handle_port_joins 2:3:True:True[1;m

[1;41m[1;33m[c1] DEBUG:pyretic.core.runtime.DEBUG_TOPO_DISCOVERY: ----------------------------------------------------------[1;m

[1;41m[1;33m[c1] switch  |  switch edges    |   egress ports              |[1;m

[1;41m[1;33m[c1] ----------------------------------------------------------[1;m

[1;41m[1;33m[c1] 1       |                  |  1[2]---, 1[3]---, 1[1]---  |[1;m

[1;41m[1;33m[c1] 2       |                  |  2[3]---, 2[1]---, 2[2]---  |[1;m

[1;41m[1;33m[c1] ----------------------------------------------------------[1;m

[1;41m[1;33m[c1] DEBUG:pyretic.core.runtime.DEBUG_TOPO_DISCOVERY: handle_switch_joins[1;m

[1;41m[1;33m[c1] INFO:pyretic.core.runtime.ConcreteNetwork: OpenFlow switch 3 connected[1;m

[1;41m[1;33m[c1] DEBUG:pyretic.core.runtime.DEBUG_TOPO_DISCOVERY: ----------------------------------------------------------[1;m

[1;41m[1;33m[c1] switch  |  switch edges    |   egress ports              |[1;m

[1;41m[1;33m[c1] ----------------------------------------------------------[1;m

[1;41m[1;33m[c1] 1       |                  |  1[2]---, 1[3]---, 1[1]---  |[1;m

[1;41m[1;33m[c1] 2       |                  |  2[3]---, 2[1]---, 2[2]---  |[1;m

[1;41m[1;33m[c1] 3       |                  |                             |[1;m

[1;41m[1;33m[c1] ----------------------------------------------------------[1;m

[1;41m[1;33m[c1] DEBUG:pyretic.core.runtime.DEBUG_TOPO_DISCOVERY: handle_port_joins 3:1:True:True[1;m

[1;41m[1;33m[c1] DEBUG:pyretic.core.runtime.DEBUG_TOPO_DISCOVERY: ----------------------------------------------------------[1;m

[1;41m[1;33m[c1] switch  |  switch edges    |   egress ports              |[1;m

[1;41m[1;33m[c1] ----------------------------------------------------------[1;m

[1;41m[1;33m[c1] 1       |                  |  1[2]---, 1[3]---, 1[1]---  |[1;m

[1;41m[1;33m[c1] 2       |                  |  2[3]---, 2[1]---, 2[2]---  |[1;m

[1;41m[1;33m[c1] 3       |                  |  3[1]---                    |[1;m

[1;41m[1;33m[c1] ----------------------------------------------------------[1;m

[1;41m[1;33m[c1] DEBUG:pyretic.core.runtime.DEBUG_TOPO_DISCOVERY: handle_port_joins 3:2:True:True[1;m

[1;41m[1;33m[c1] DEBUG:pyretic.core.runtime.DEBUG_TOPO_DISCOVERY: ----------------------------------------------------------[1;m

[1;41m[1;33m[c1] switch  |  switch edges    |   egress ports              |[1;m

[1;41m[1;33m[c1] ----------------------------------------------------------[1;m

[1;41m[1;33m[c1] 1       |                  |  1[2]---, 1[3]---, 1[1]---  |[1;m

[1;41m[1;33m[c1] 2       |                  |  2[3]---, 2[1]---, 2[2]---  |[1;m

[1;41m[1;33m[c1] 3       |                  |  3[2]---, 3[1]---           |[1;m

[1;41m[1;33m[c1] ----------------------------------------------------------[1;m

[1;41m[1;33m[c1] DEBUG:pyretic.core.runtime.DEBUG_TOPO_DISCOVERY: handle_port_joins 3:3:True:True[1;m

[1;41m[1;33m[c1] DEBUG:pyretic.core.runtime.DEBUG_TOPO_DISCOVERY: ----------------------------------------------------------[1;m

[1;41m[1;33m[c1] switch  |  switch edges    |   egress ports              |[1;m

[1;41m[1;33m[c1] ----------------------------------------------------------[1;m

[1;41m[1;33m[c1] 1       |                  |  1[2]---, 1[3]---, 1[1]---  |[1;m

[1;41m[1;33m[c1] 2       |                  |  2[3]---, 2[1]---, 2[2]---  |[1;m

[1;41m[1;33m[c1] 3       |                  |  3[2]---, 3[1]---, 3[3]---  |[1;m

[1;41m[1;33m[c1] ----------------------------------------------------------[1;m

[1;41m[1;33m[c1] DEBUG:pyretic.core.runtime.Runtime: |2014-05-25 19:01:14.075344|[1;m

[1;41m[1;33m[c1] 	generate classifier[1;m

[1;41m[1;33m[c1] 	policy=flood on:[1;m

[1;41m[1;33m[c1] ----------------------------------------------------------[1;m

[1;41m[1;33m[c1] switch  |  switch edges    |   egress ports              |[1;m

[1;41m[1;33m[c1] ----------------------------------------------------------[1;m

[1;41m[1;33m[c1] 1       |                  |  1[2]---, 1[3]---, 1[1]---  |[1;m

[1;41m[1;33m[c1] 2       |                  |  2[3]---, 2[1]---, 2[2]---  |[1;m

[1;41m[1;33m[c1] 3       |                  |  3[2]---, 3[1]---, 3[3]---  |[1;m

[1;41m[1;33m[c1] ----------------------------------------------------------[1;m

[1;41m[1;33m[c1] 	classifier=match: ('switch', 1) ('inport', 1)[1;m

[1;41m[1;33m[c1]   -> [modify: ('outport', 2), modify: ('outport', 3)][1;m

[1;41m[1;33m[c1]  match: ('switch', 1) ('inport', 2)[1;m

[1;41m[1;33m[c1]   -> [modify: ('outport', 1), modify: ('outport', 3)][1;m

[1;41m[1;33m[c1]  match: ('switch', 1) ('inport', 3)[1;m

[1;41m[1;33m[c1]   -> [modify: ('outport', 1), modify: ('outport', 2)][1;m

[1;41m[1;33m[c1]  match: ('switch', 1)[1;m

[1;41m[1;33m[c1]   -> [modify: ('outport', 1), modify: ('outport', 2), modify: ('outport', 3)][1;m

[1;41m[1;33m[c1]  match: ('switch', 2) ('inport', 1)[1;m

[1;41m[1;33m[c1]   -> [modify: ('outport', 2), modify: ('outport', 3)][1;m

[1;41m[1;33m[c1]  match: ('switch', 2) ('inport', 2)[1;m

[1;41m[1;33m[c1]   -> [modify: ('outport', 1), modify: ('outport', 3)][1;m

[1;41m[1;33m[c1]  match: ('switch', 2) ('inport', 3)[1;m

[1;41m[1;33m[c1]   -> [modify: ('outport', 1), modify: ('outport', 2)][1;m

[1;41m[1;33m[c1]  match: ('switch', 2)[1;m

[1;41m[1;33m[c1]   -> [modify: ('outport', 1), modify: ('outport', 2), modify: ('outport', 3)][1;m

[1;41m[1;33m[c1]  match: ('switch', 3) ('inport', 1)[1;m

[1;41m[1;33m[c1]   -> [modify: ('outport', 2), modify: ('outport', 3)][1;m

[1;41m[1;33m[c1]  match: ('switch', 3) ('inport', 2)[1;m

[1;41m[1;33m[c1]   -> [modify: ('outport', 1), modify: ('outport', 3)][1;m

[1;41m[1;33m[c1]  match: ('switch', 3) ('inport', 3)[1;m

[1;41m[1;33m[c1]   -> [modify: ('outport', 1), modify: ('outport', 2)][1;m

[1;41m[1;33m[c1]  match: ('switch', 3)[1;m

[1;41m[1;33m[c1]   -> [modify: ('outport', 1), modify: ('outport', 2), modify: ('outport', 3)][1;m

[1;41m[1;33m[c1]  identity[1;m

[1;41m[1;33m[c1]   -> [drop][1;m

[1;41m[1;33m[c1] [1;m

[1;41m[1;33m[c1] DEBUG:pyretic.core.runtime.Runtime: |2014-05-25 19:01:14.085176|[1;m

[1;41m[1;33m[c1] 	sending openflow rule:[1;m

[1;41m[1;33m[c1] 	0 {'switch': 1} [{'outport': 65533}][1;m

[1;41m[1;33m[c1] [1;m

[1;41m[1;33m[c1] DEBUG:pyretic.core.runtime.Runtime: |2014-05-25 19:01:14.086360|[1;m

[1;41m[1;33m[c1] 	sending openflow rule:[1;m

[1;41m[1;33m[c1] 	0 {'switch': 2} [{'outport': 65533}][1;m

[1;41m[1;33m[c1] [1;m

[1;41m[1;33m[c1] DEBUG:pyretic.core.runtime.Runtime: |2014-05-25 19:01:14.086591|[1;m

[1;41m[1;33m[c1] 	sending openflow rule:[1;m

[1;41m[1;33m[c1] 	0 {'switch': 3} [{'outport': 65533}][1;m

[1;41m[1;33m[c1] [1;m

[1;41m[1;33m[c1] DEBUG:pyretic.core.runtime.Runtime: |2014-05-25 19:01:14.086699|[1;m

[1;41m[1;33m[c1] 	sending openflow rule:[1;m

[1;41m[1;33m[c1] 	60000 {'switch': 1, 'vlan_pcp': 0, 'vlan_id': 65535, 'ethtype': 35020} [{'outport': 65533}][1;m

[1;41m[1;33m[c1] [1;m

[1;41m[1;33m[c1] DEBUG:pyretic.core.runtime.Runtime: |2014-05-25 19:01:14.086803|[1;m

[1;41m[1;33m[c1] 	sending openflow rule:[1;m

[1;41m[1;33m[c1] 	60000 {'switch': 2, 'vlan_pcp': 0, 'vlan_id': 65535, 'ethtype': 35020} [{'outport': 65533}][1;m

[1;41m[1;33m[c1] [1;m

[1;41m[1;33m[c1] DEBUG:pyretic.core.runtime.Runtime: |2014-05-25 19:01:14.086925|[1;m

[1;41m[1;33m[c1] 	sending openflow rule:[1;m

[1;41m[1;33m[c1] 	60000 {'switch': 3, 'vlan_pcp': 0, 'vlan_id': 65535, 'ethtype': 35020} [{'outport': 65533}][1;m

[1;41m[1;33m[c1] [1;m

[1;41m[1;33m[c1] DEBUG:pyretic.core.runtime.Runtime: |2014-05-25 19:01:14.087026|[1;m

[1;41m[1;33m[c1] 	sending openflow rule:[1;m

[1;41m[1;33m[c1] 	59999 {'switch': 1, 'vlan_pcp': 0, 'vlan_id': 65535, 'inport': 1} [{'outport': 2}, {'outport': 3}][1;m

[1;41m[1;33m[c1] [1;m

[1;41m[1;33m[c1] DEBUG:pyretic.core.runtime.Runtime: |2014-05-25 19:01:14.087147|[1;m

[1;41m[1;33m[c1] 	sending openflow rule:[1;m

[1;41m[1;33m[c1] 	59998 {'switch': 1, 'vlan_pcp': 0, 'vlan_id': 65535, 'inport': 2} [{'outport': 1}, {'outport': 3}][1;m

[1;41m[1;33m[c1] [1;m

[1;41m[1;33m[c1] DEBUG:pyretic.core.runtime.Runtime: |2014-05-25 19:01:14.087267|[1;m

[1;41m[1;33m[c1] 	sending openflow rule:[1;m

[1;41m[1;33m[c1] 	59997 {'switch': 1, 'vlan_pcp': 0, 'vlan_id': 65535, 'inport': 3} [{'outport': 1}, {'outport': 2}][1;m

[1;41m[1;33m[c1] [1;m

[1;41m[1;33m[c1] DEBUG:pyretic.core.runtime.Runtime: |2014-05-25 19:01:14.087363|[1;m

[1;41m[1;33m[c1] 	sending openflow rule:[1;m

[1;41m[1;33m[c1] 	59996 {'switch': 1, 'vlan_pcp': 0, 'inport': 1, 'vlan_id': 65535} [{'outport': 65528}, {'outport': 2}, {'outport': 3}][1;m

[1;41m[1;33m[c1] [1;m

[1;41m[1;33m[c1] DEBUG:pyretic.core.runtime.Runtime: |2014-05-25 19:01:14.087588|[1;m

[1;41m[1;33m[c1] 	sending openflow rule:[1;m

[1;41m[1;33m[c1] 	59995 {'switch': 1, 'vlan_pcp': 0, 'inport': 2, 'vlan_id': 65535} [{'outport': 1}, {'outport': 65528}, {'outport': 3}][1;m

[1;41m[1;33m[c1] [1;m

[1;41m[1;33m[c1] DEBUG:pyretic.core.runtime.Runtime: |2014-05-25 19:01:14.087742|[1;m

[1;41m[1;33m[c1] 	sending openflow rule:[1;m

[1;41m[1;33m[c1] 	59994 {'switch': 1, 'vlan_pcp': 0, 'inport': 3, 'vlan_id': 65535} [{'outport': 1}, {'outport': 2}, {'outport': 65528}][1;m

[1;41m[1;33m[c1] [1;m

[1;41m[1;33m[c1] DEBUG:pyretic.core.runtime.Runtime: |2014-05-25 19:01:14.087852|[1;m

[1;41m[1;33m[c1] 	sending openflow rule:[1;m

[1;41m[1;33m[c1] 	59993 {'switch': 1, 'vlan_pcp': 0, 'vlan_id': 65535} [{'outport': 1}, {'outport': 2}, {'outport': 3}][1;m

[1;41m[1;33m[c1] [1;m

[1;41m[1;33m[c1] DEBUG:pyretic.core.runtime.Runtime: |2014-05-25 19:01:14.087956|[1;m

[1;41m[1;33m[c1] 	sending openflow rule:[1;m

[1;41m[1;33m[c1] 	59999 {'switch': 2, 'vlan_pcp': 0, 'vlan_id': 65535, 'inport': 1} [{'outport': 2}, {'outport': 3}][1;m

[1;41m[1;33m[c1] [1;m

[1;41m[1;33m[c1] DEBUG:pyretic.core.runtime.Runtime: |2014-05-25 19:01:14.088039|[1;m

[1;41m[1;33m[c1] 	sending openflow rule:[1;m

[1;41m[1;33m[c1] 	59998 {'switch': 2, 'vlan_pcp': 0, 'vlan_id': 65535, 'inport': 2} [{'outport': 1}, {'outport': 3}][1;m

[1;41m[1;33m[c1] [1;m

[1;41m[1;33m[c1] DEBUG:pyretic.core.runtime.Runtime: |2014-05-25 19:01:14.088114|[1;m

[1;41m[1;33m[c1] 	sending openflow rule:[1;m

[1;41m[1;33m[c1] 	59997 {'switch': 2, 'vlan_pcp': 0, 'vlan_id': 65535, 'inport': 3} [{'outport': 1}, {'outport': 2}][1;m

[1;41m[1;33m[c1] [1;m

[1;41m[1;33m[c1] DEBUG:pyretic.core.runtime.Runtime: |2014-05-25 19:01:14.088206|[1;m

[1;41m[1;33m[c1] 	sending openflow rule:[1;m

[1;41m[1;33m[c1] 	59996 {'switch': 2, 'vlan_pcp': 0, 'inport': 1, 'vlan_id': 65535} [{'outport': 65528}, {'outport': 2}, {'outport': 3}][1;m

[1;41m[1;33m[c1] [1;m

[1;41m[1;33m[c1] DEBUG:pyretic.core.runtime.Runtime: |2014-05-25 19:01:14.088327|[1;m

[1;41m[1;33m[c1] 	sending openflow rule:[1;m

[1;41m[1;33m[c1] 	59995 {'switch': 2, 'vlan_pcp': 0, 'inport': 2, 'vlan_id': 65535} [{'outport': 1}, {'outport': 65528}, {'outport': 3}][1;m

[1;41m[1;33m[c1] [1;m

[1;41m[1;33m[c1] DEBUG:pyretic.core.runtime.Runtime: |2014-05-25 19:01:14.088405|[1;m

[1;41m[1;33m[c1] 	sending openflow rule:[1;m

[1;41m[1;33m[c1] 	59994 {'switch': 2, 'vlan_pcp': 0, 'inport': 3, 'vlan_id': 65535} [{'outport': 1}, {'outport': 2}, {'outport': 65528}][1;m

[1;41m[1;33m[c1] [1;m

[1;41m[1;33m[c1] DEBUG:pyretic.core.runtime.Runtime: |2014-05-25 19:01:14.088500|[1;m

[1;41m[1;33m[c1] 	sending openflow rule:[1;m

[1;41m[1;33m[c1] 	59993 {'switch': 2, 'vlan_pcp': 0, 'vlan_id': 65535} [{'outport': 1}, {'outport': 2}, {'outport': 3}][1;m

[1;41m[1;33m[c1] [1;m

[1;41m[1;33m[c1] DEBUG:pyretic.core.runtime.Runtime: |2014-05-25 19:01:14.088577|[1;m

[1;41m[1;33m[c1] 	sending openflow rule:[1;m

[1;41m[1;33m[c1] 	59999 {'switch': 3, 'vlan_pcp': 0, 'vlan_id': 65535, 'inport': 1} [{'outport': 2}, {'outport': 3}][1;m

[1;41m[1;33m[c1] [1;m

[1;41m[1;33m[c1] DEBUG:pyretic.core.runtime.Runtime: |2014-05-25 19:01:14.088777|[1;m

[1;41m[1;33m[c1] 	sending openflow rule:[1;m

[1;41m[1;33m[c1] 	59998 {'switch': 3, 'vlan_pcp': 0, 'vlan_id': 65535, 'inport': 2} [{'outport': 1}, {'outport': 3}][1;m

[1;41m[1;33m[c1] [1;m

[1;41m[1;33m[c1] DEBUG:pyretic.core.runtime.Runtime: |2014-05-25 19:01:14.088883|[1;m

[1;41m[1;33m[c1] 	sending openflow rule:[1;m

[1;41m[1;33m[c1] 	59997 {'switch': 3, 'vlan_pcp': 0, 'vlan_id': 65535, 'inport': 3} [{'outport': 1}, {'outport': 2}][1;m

[1;41m[1;33m[c1] [1;m

[1;41m[1;33m[c1] DEBUG:pyretic.core.runtime.Runtime: |2014-05-25 19:01:14.088961|[1;m

[1;41m[1;33m[c1] 	sending openflow rule:[1;m

[1;41m[1;33m[c1] 	59996 {'switch': 3, 'vlan_pcp': 0, 'inport': 1, 'vlan_id': 65535} [{'outport': 65528}, {'outport': 2}, {'outport': 3}][1;m

[1;41m[1;33m[c1] [1;m

[1;41m[1;33m[c1] DEBUG:pyretic.core.runtime.Runtime: |2014-05-25 19:01:14.089052|[1;m

[1;41m[1;33m[c1] 	sending openflow rule:[1;m

[1;41m[1;33m[c1] 	59995 {'switch': 3, 'vlan_pcp': 0, 'inport': 2, 'vlan_id': 65535} [{'outport': 1}, {'outport': 65528}, {'outport': 3}][1;m

[1;41m[1;33m[c1] [1;m

[1;41m[1;33m[c1] DEBUG:pyretic.core.runtime.Runtime: |2014-05-25 19:01:14.089134|[1;m

[1;41m[1;33m[c1] 	sending openflow rule:[1;m

[1;41m[1;33m[c1] 	59994 {'switch': 3, 'vlan_pcp': 0, 'inport': 3, 'vlan_id': 65535} [{'outport': 1}, {'outport': 2}, {'outport': 65528}][1;m

[1;41m[1;33m[c1] [1;m

[1;41m[1;33m[c1] DEBUG:pyretic.core.runtime.Runtime: |2014-05-25 19:01:14.089209|[1;m

[1;41m[1;33m[c1] 	sending openflow rule:[1;m

[1;41m[1;33m[c1] 	59993 {'switch': 3, 'vlan_pcp': 0, 'vlan_id': 65535} [{'outport': 1}, {'outport': 2}, {'outport': 3}][1;m

[1;41m[1;33m[c1] [1;m

[1;41m[1;33m[c1] DEBUG:pyretic.core.runtime.Runtime: |2014-05-25 19:01:14.089308|[1;m

[1;41m[1;33m[c1] 	sending openflow rule:[1;m

[1;41m[1;33m[c1] 	59992 {'switch': 1, 'vlan_pcp': 0, 'vlan_id': 65535} [][1;m

[1;41m[1;33m[c1] [1;m

[1;41m[1;33m[c1] DEBUG:pyretic.core.runtime.Runtime: |2014-05-25 19:01:14.089379|[1;m

[1;41m[1;33m[c1] 	sending openflow rule:[1;m

[1;41m[1;33m[c1] 	59992 {'switch': 2, 'vlan_pcp': 0, 'vlan_id': 65535} [][1;m

[1;41m[1;33m[c1] [1;m

[1;41m[1;33m[c1] DEBUG:pyretic.core.runtime.Runtime: |2014-05-25 19:01:14.089441|[1;m

[1;41m[1;33m[c1] 	sending openflow rule:[1;m

[1;41m[1;33m[c1] 	59992 {'switch': 3, 'vlan_pcp': 0, 'vlan_id': 65535} [][1;m

[1;41m[1;33m[c1] [1;m

[1;41m[1;37mThe following correctness violations have occurred: ["{'hs_history': [(x^L) - ([]), (dl_vlan:65535,dl_vlan_pcp:0) - ([]), (dl_vlan:65535,dl_vlan_pcp:0) - ([])], 'hdr': (dl_vlan:65535,dl_vlan_pcp:0) - ([]), 'visits': [100001, 200002, 300001], 'port': 100001}", "{'hs_history': [(x^L) - ([]), (dl_vlan:65535,dl_vlan_pcp:0) - ([]), (dl_vlan:65535,dl_vlan_pcp:0) - ([])], 'hdr': (dl_vlan:65535,dl_vlan_pcp:0) - ([]), 'visits': [100002, 300002, 200001], 'port': 100002}", "{'hs_history': [(x^L) - ([]), (dl_vlan:65535,dl_vlan_pcp:0) - ([]), (dl_vlan:65535,dl_vlan_pcp:0) - ([]), (dl_vlan:65535,dl_vlan_pcp:0) - ([])], 'hdr': (dl_vlan:65535,dl_vlan_pcp:0) - ([]), 'visits': [300003, 200001, 100002, 300002], 'port': 200001}", "{'hs_history': [(x^L) - ([]), (dl_vlan:65535,dl_vlan_pcp:0) - ([]), (dl_vlan:65535,dl_vlan_pcp:0) - ([]), (dl_vlan:65535,dl_vlan_pcp:0) - ([])], 'hdr': (dl_vlan:65535,dl_vlan_pcp:0) - ([]), 'visits': [300003, 100001, 200002, 300001], 'port': 100001}", "{'hs_history': [(x^L) - ([]), (dl_vlan:65535,dl_vlan_pcp:0) - ([]), (dl_vlan:65535,dl_vlan_pcp:0) - ([])], 'hdr': (dl_vlan:65535,dl_vlan_pcp:0) - ([]), 'visits': [300001, 100001, 200002], 'port': 300001}", "{'hs_history': [(x^L) - ([]), (dl_vlan:65535,dl_vlan_pcp:0) - ([]), (dl_vlan:65535,dl_vlan_pcp:0) - ([])], 'hdr': (dl_vlan:65535,dl_vlan_pcp:0) - ([]), 'visits': [200002, 300001, 100001], 'port': 200002}", "{'hs_history': [(x^L) - ([]), (dl_vlan:65535,dl_vlan_pcp:0) - ([]), (dl_vlan:65535,dl_vlan_pcp:0) - ([])], 'hdr': (dl_vlan:65535,dl_vlan_pcp:0) - ([]), 'visits': [200001, 100002, 300002], 'port': 200001}", "{'hs_history': [(x^L) - ([]), (dl_vlan:65535,dl_vlan_pcp:0) - ([]), (dl_vlan:65535,dl_vlan_pcp:0) - ([]), (dl_vlan:65535,dl_vlan_pcp:0) - ([])], 'hdr': (dl_vlan:65535,dl_vlan_pcp:0) - ([]), 'visits': [100003, 300002, 200001, 100002], 'port': 300002}", "{'hs_history': [(x^L) - ([]), (dl_vlan:65535,dl_vlan_pcp:0) - ([]), (dl_vlan:65535,dl_vlan_pcp:0) - ([]), (dl_vlan:65535,dl_vlan_pcp:0) - ([])], 'hdr': (dl_vlan:65535,dl_vlan_pcp:0) - ([]), 'visits': [200003, 100002, 300002, 200001], 'port': 100002}", "{'hs_history': [(x^L) - ([]), (dl_vlan:65535,dl_vlan_pcp:0) - ([]), (dl_vlan:65535,dl_vlan_pcp:0) - ([]), (dl_vlan:65535,dl_vlan_pcp:0) - ([])], 'hdr': (dl_vlan:65535,dl_vlan_pcp:0) - ([]), 'visits': [100003, 200002, 300001, 100001], 'port': 200002}", "{'hs_history': [(x^L) - ([]), (dl_vlan:65535,dl_vlan_pcp:0) - ([]), (dl_vlan:65535,dl_vlan_pcp:0) - ([])], 'hdr': (dl_vlan:65535,dl_vlan_pcp:0) - ([]), 'visits': [300002, 200001, 100002], 'port': 300002}", "{'hs_history': [(x^L) - ([]), (dl_vlan:65535,dl_vlan_pcp:0) - ([]), (dl_vlan:65535,dl_vlan_pcp:0) - ([]), (dl_vlan:65535,dl_vlan_pcp:0) - ([])], 'hdr': (dl_vlan:65535,dl_vlan_pcp:0) - ([]), 'visits': [200003, 300001, 100001, 200002], 'port': 300001}"][1;m
[1;41m[1;37mPersistent violations detected!: ["{'hs_history': [(x^L) - ([]), (dl_vlan:65535,dl_vlan_pcp:0) - ([]), (dl_vlan:65535,dl_vlan_pcp:0) - ([])], 'hdr': (dl_vlan:65535,dl_vlan_pcp:0) - ([]), 'visits': [200001, 100002, 300002], 'port': 200001}", "{'hs_history': [(x^L) - ([]), (dl_vlan:65535,dl_vlan_pcp:0) - ([]), (dl_vlan:65535,dl_vlan_pcp:0) - ([])], 'hdr': (dl_vlan:65535,dl_vlan_pcp:0) - ([]), 'visits': [100002, 300002, 200001], 'port': 100002}", "{'hs_history': [(x^L) - ([]), (dl_vlan:65535,dl_vlan_pcp:0) - ([]), (dl_vlan:65535,dl_vlan_pcp:0) - ([]), (dl_vlan:65535,dl_vlan_pcp:0) - ([])], 'hdr': (dl_vlan:65535,dl_vlan_pcp:0) - ([]), 'visits': [300003, 100001, 200002, 300001], 'port': 100001}", "{'hs_history': [(x^L) - ([]), (dl_vlan:65535,dl_vlan_pcp:0) - ([]), (dl_vlan:65535,dl_vlan_pcp:0) - ([]), (dl_vlan:65535,dl_vlan_pcp:0) - ([])], 'hdr': (dl_vlan:65535,dl_vlan_pcp:0) - ([]), 'visits': [300003, 200001, 100002, 300002], 'port': 200001}", "{'hs_history': [(x^L) - ([]), (dl_vlan:65535,dl_vlan_pcp:0) - ([]), (dl_vlan:65535,dl_vlan_pcp:0) - ([]), (dl_vlan:65535,dl_vlan_pcp:0) - ([])], 'hdr': (dl_vlan:65535,dl_vlan_pcp:0) - ([]), 'visits': [200003, 100002, 300002, 200001], 'port': 100002}", "{'hs_history': [(x^L) - ([]), (dl_vlan:65535,dl_vlan_pcp:0) - ([]), (dl_vlan:65535,dl_vlan_pcp:0) - ([])], 'hdr': (dl_vlan:65535,dl_vlan_pcp:0) - ([]), 'visits': [200002, 300001, 100001], 'port': 200002}", "{'hs_history': [(x^L) - ([]), (dl_vlan:65535,dl_vlan_pcp:0) - ([]), (dl_vlan:65535,dl_vlan_pcp:0) - ([])], 'hdr': (dl_vlan:65535,dl_vlan_pcp:0) - ([]), 'visits': [100001, 200002, 300001], 'port': 100001}", "{'hs_history': [(x^L) - ([]), (dl_vlan:65535,dl_vlan_pcp:0) - ([]), (dl_vlan:65535,dl_vlan_pcp:0) - ([]), (dl_vlan:65535,dl_vlan_pcp:0) - ([])], 'hdr': (dl_vlan:65535,dl_vlan_pcp:0) - ([]), 'visits': [100003, 300002, 200001, 100002], 'port': 300002}", "{'hs_history': [(x^L) - ([]), (dl_vlan:65535,dl_vlan_pcp:0) - ([]), (dl_vlan:65535,dl_vlan_pcp:0) - ([])], 'hdr': (dl_vlan:65535,dl_vlan_pcp:0) - ([]), 'visits': [300001, 100001, 200002], 'port': 300001}", "{'hs_history': [(x^L) - ([]), (dl_vlan:65535,dl_vlan_pcp:0) - ([]), (dl_vlan:65535,dl_vlan_pcp:0) - ([]), (dl_vlan:65535,dl_vlan_pcp:0) - ([])], 'hdr': (dl_vlan:65535,dl_vlan_pcp:0) - ([]), 'visits': [100003, 200002, 300001, 100001], 'port': 200002}", "{'hs_history': [(x^L) - ([]), (dl_vlan:65535,dl_vlan_pcp:0) - ([]), (dl_vlan:65535,dl_vlan_pcp:0) - ([])], 'hdr': (dl_vlan:65535,dl_vlan_pcp:0) - ([]), 'visits': [300002, 200001, 100002], 'port': 300002}", "{'hs_history': [(x^L) - ([]), (dl_vlan:65535,dl_vlan_pcp:0) - ([]), (dl_vlan:65535,dl_vlan_pcp:0) - ([]), (dl_vlan:65535,dl_vlan_pcp:0) - ([])], 'hdr': (dl_vlan:65535,dl_vlan_pcp:0) - ([]), 'visits': [200003, 300001, 100001, 200002], 'port': 300001}"][1;m
[1;36m[1;44m00:02.785 00:02.249 Successfully matched event CheckInvariants:e111[1;m
[1;36m[1;36mRound 12[1;37m[1;m
[1;36mForwarding dataplane event[1;m
[1;36mForwarding dataplane event[1;m
[1;36mForwarding dataplane event[1;m
[1;36mForwarding dataplane event[1;m
[1;36mForwarding dataplane event[1;m
[1;36mForwarding dataplane event[1;m
[1;36mForwarding dataplane event[1;m
[1;36mForwarding dataplane event[1;m
[1;36mForwarding dataplane event[1;m
[1;41m[1;33m[c1] DEBUG:pyretic.core.runtime.DEBUG_TOPO_DISCOVERY: handle_link_updates[1;m

[1;41m[1;33m[c1] DEBUG:pyretic.core.runtime.DEBUG_TOPO_DISCOVERY: ----------------------------------------------------------[1;m

[1;41m[1;33m[c1] switch  |  switch edges    |   egress ports              |[1;m

[1;41m[1;33m[c1] ----------------------------------------------------------[1;m

[1;41m[1;33m[c1] 1       |  1[2] --- 2[2]   |  1[3]---, 1[1]---           |[1;m

[1;41m[1;33m[c1] 2       |  1[2] --- 2[2]   |  2[3]---, 2[1]---           |[1;m

[1;41m[1;33m[c1] 3       |                  |  3[2]---, 3[1]---, 3[3]---  |[1;m

[1;41m[1;33m[c1] ----------------------------------------------------------[1;m

[1;41m[1;33m[c1] DEBUG:pyretic.core.runtime.DEBUG_TOPO_DISCOVERY: handle_link_updates[1;m

[1;41m[1;33m[c1] DEBUG:pyretic.core.runtime.DEBUG_TOPO_DISCOVERY: ---------------------------------------------------------------[1;m

[1;41m[1;33m[c1] switch  |     switch edges               |  egress ports      |[1;m

[1;41m[1;33m[c1] ---------------------------------------------------------------[1;m

[1;41m[1;33m[c1] 1       |  1[2] --- 2[2], 1[1] --- 3[2]  |  1[3]---           |[1;m

[1;41m[1;33m[c1] 2       |  1[2] --- 2[2]                 |  2[3]---, 2[1]---  |[1;m

[1;41m[1;33m[c1] 3       |  1[1] --- 3[2]                 |  3[1]---, 3[3]---  |[1;m

[1;41m[1;33m[c1] ---------------------------------------------------------------[1;m

[1;41m[1;33m[c1] DEBUG:pyretic.core.runtime.DEBUG_TOPO_DISCOVERY: handle_link_updates[1;m

[1;41m[1;33m[c1] DEBUG:pyretic.core.runtime.DEBUG_TOPO_DISCOVERY: nothing to do[1;m

[1;41m[1;33m[c1] DEBUG:pyretic.core.runtime.DEBUG_TOPO_DISCOVERY: handle_link_updates[1;m

[1;41m[1;33m[c1] DEBUG:pyretic.core.runtime.DEBUG_TOPO_DISCOVERY: -----------------------------------------------------------[1;m

[1;41m[1;33m[c1] switch  |     switch edges               |  egress ports  |[1;m

[1;41m[1;33m[c1] -----------------------------------------------------------[1;m

[1;41m[1;33m[c1] 1       |  1[2] --- 2[2], 1[1] --- 3[2]  |  1[3]---       |[1;m

[1;41m[1;33m[c1] 2       |  1[2] --- 2[2], 2[1] --- 3[1]  |  2[3]---       |[1;m

[1;41m[1;33m[c1] 3       |  1[1] --- 3[2], 2[1] --- 3[1]  |  3[3]---       |[1;m

[1;41m[1;33m[c1] -----------------------------------------------------------[1;m

[1;41m[1;33m[c1] DEBUG:pyretic.core.runtime.DEBUG_TOPO_DISCOVERY: handle_link_updates[1;m

[1;41m[1;33m[c1] DEBUG:pyretic.core.runtime.DEBUG_TOPO_DISCOVERY: nothing to do[1;m

[1;41m[1;33m[c1] DEBUG:pyretic.core.runtime.DEBUG_TOPO_DISCOVERY: handle_link_updates[1;m

[1;41m[1;33m[c1] DEBUG:pyretic.core.runtime.DEBUG_TOPO_DISCOVERY: nothing to do[1;m

[1;36mCutting link (1:1) -> (3:2)[1;m
[1;36m[1;44m00:03.193 00:02.656 Successfully matched event LinkFailure:e114[1;m
[1;36m[1;36mRound 15[1;37m[1;m
[1;36m[1;36mRound 20[1;37m[1;m
[1;41m[1;33m[c1] DEBUG:pyretic.core.runtime.DEBUG_TOPO_DISCOVERY: handle_port_mods 1:1:True:False[1;m

[1;41m[1;33m[c1] DEBUG:pyretic.core.runtime.DEBUG_TOPO_DISCOVERY: port_down 1:1:double_check=True[1;m

[1;41m[1;33m[c1] DEBUG:pyretic.core.runtime.DEBUG_TOPO_DISCOVERY: ---------------------------------------------------------------[1;m

[1;41m[1;33m[c1] switch  |     switch edges               |  egress ports      |[1;m

[1;41m[1;33m[c1] ---------------------------------------------------------------[1;m

[1;41m[1;33m[c1] 1       |  1[2] --- 2[2]                 |  1[3]---, 1[1]---  |[1;m

[1;41m[1;33m[c1] 2       |  1[2] --- 2[2], 2[1] --- 3[1]  |  2[3]---           |[1;m

[1;41m[1;33m[c1] 3       |  2[1] --- 3[1]                 |  3[2]---, 3[3]---  |[1;m

[1;41m[1;33m[c1] ---------------------------------------------------------------[1;m

[1;41m[1;33m[c1] DEBUG:pyretic.core.runtime.Runtime: |2014-05-25 19:01:16.704281|[1;m

[1;41m[1;33m[c1] 	generate classifier[1;m

[1;41m[1;33m[c1] 	policy=flood on:[1;m

[1;41m[1;33m[c1] ---------------------------------------------------------------[1;m

[1;41m[1;33m[c1] switch  |     switch edges               |  egress ports      |[1;m

[1;41m[1;33m[c1] ---------------------------------------------------------------[1;m

[1;41m[1;33m[c1] 1       |  1[2] --- 2[2]                 |  1[3]---, 1[1]---  |[1;m

[1;41m[1;33m[c1] 2       |  1[2] --- 2[2], 2[1] --- 3[1]  |  2[3]---           |[1;m

[1;41m[1;33m[c1] 3       |  2[1] --- 3[1]                 |  3[2]---, 3[3]---  |[1;m

[1;41m[1;33m[c1] ---------------------------------------------------------------[1;m

[1;41m[1;33m[c1] 	classifier=match: ('switch', 1) ('inport', 1)[1;m

[1;41m[1;33m[c1]   -> [modify: ('outport', 2), modify: ('outport', 3)][1;m

[1;41m[1;33m[c1]  match: ('switch', 1) ('inport', 2)[1;m

[1;41m[1;33m[c1]   -> [modify: ('outport', 1), modify: ('outport', 3)][1;m

[1;41m[1;33m[c1]  match: ('switch', 1) ('inport', 3)[1;m

[1;41m[1;33m[c1]   -> [modify: ('outport', 1), modify: ('outport', 2)][1;m

[1;41m[1;33m[c1]  match: ('switch', 1)[1;m

[1;41m[1;33m[c1]   -> [modify: ('outport', 1), modify: ('outport', 2), modify: ('outport', 3)][1;m

[1;41m[1;33m[c1]  match: ('switch', 2) ('inport', 1)[1;m

[1;41m[1;33m[c1]   -> [modify: ('outport', 2), modify: ('outport', 3)][1;m

[1;41m[1;33m[c1]  match: ('switch', 2) ('inport', 2)[1;m

[1;41m[1;33m[c1]   -> [modify: ('outport', 1), modify: ('outport', 3)][1;m

[1;41m[1;33m[c1]  match: ('switch', 2) ('inport', 3)[1;m

[1;41m[1;33m[c1]   -> [modify: ('outport', 1), modify: ('outport', 2)][1;m

[1;41m[1;33m[c1]  match: ('switch', 2)[1;m

[1;41m[1;33m[c1]   -> [modify: ('outport', 1), modify: ('outport', 2), modify: ('outport', 3)][1;m

[1;41m[1;33m[c1]  match: ('switch', 3) ('inport', 1)[1;m

[1;41m[1;33m[c1]   -> [modify: ('outport', 2), modify: ('outport', 3)][1;m

[1;41m[1;33m[c1]  match: ('switch', 3) ('inport', 2)[1;m

[1;41m[1;33m[c1]   -> [modify: ('outport', 1), modify: ('outport', 3)][1;m

[1;41m[1;33m[c1]  match: ('switch', 3) ('inport', 3)[1;m

[1;41m[1;33m[c1]   -> [modify: ('outport', 1), modify: ('outport', 2)][1;m

[1;41m[1;33m[c1]  match: ('switch', 3)[1;m

[1;41m[1;33m[c1]   -> [modify: ('outport', 1), modify: ('outport', 2), modify: ('outport', 3)][1;m

[1;41m[1;33m[c1]  identity[1;m

[1;41m[1;33m[c1]   -> [drop][1;m

[1;41m[1;33m[c1] [1;m

[1;41m[1;33m[c1] DEBUG:pyretic.core.runtime.Runtime: |2014-05-25 19:01:16.714171|[1;m

[1;41m[1;33m[c1] 	sending openflow rule:[1;m

[1;41m[1;33m[c1] 	0 {'switch': 1} [{'outport': 65533}][1;m

[1;41m[1;33m[c1] [1;m

[1;41m[1;33m[c1] DEBUG:pyretic.core.runtime.Runtime: |2014-05-25 19:01:16.715407|[1;m

[1;41m[1;33m[c1] 	sending openflow rule:[1;m

[1;41m[1;33m[c1] 	0 {'switch': 2} [{'outport': 65533}][1;m

[1;41m[1;33m[c1] [1;m

[1;41m[1;33m[c1] DEBUG:pyretic.core.runtime.Runtime: |2014-05-25 19:01:16.715735|[1;m

[1;41m[1;33m[c1] 	sending openflow rule:[1;m

[1;41m[1;33m[c1] 	0 {'switch': 3} [{'outport': 65533}][1;m

[1;41m[1;33m[c1] [1;m

[1;41m[1;33m[c1] DEBUG:pyretic.core.runtime.Runtime: |2014-05-25 19:01:16.715921|[1;m

[1;41m[1;33m[c1] 	sending openflow rule:[1;m

[1;41m[1;33m[c1] 	60000 {'switch': 1, 'vlan_pcp': 0, 'vlan_id': 65535, 'ethtype': 35020} [{'outport': 65533}][1;m

[1;41m[1;33m[c1] [1;m

[1;41m[1;33m[c1] DEBUG:pyretic.core.runtime.Runtime: |2014-05-25 19:01:16.716089|[1;m

[1;41m[1;33m[c1] 	sending openflow rule:[1;m

[1;41m[1;33m[c1] 	60000 {'switch': 2, 'vlan_pcp': 0, 'vlan_id': 65535, 'ethtype': 35020} [{'outport': 65533}][1;m

[1;41m[1;33m[c1] [1;m

[1;41m[1;33m[c1] DEBUG:pyretic.core.runtime.Runtime: |2014-05-25 19:01:16.716285|[1;m

[1;41m[1;33m[c1] 	sending openflow rule:[1;m

[1;41m[1;33m[c1] 	60000 {'switch': 3, 'vlan_pcp': 0, 'vlan_id': 65535, 'ethtype': 35020} [{'outport': 65533}][1;m

[1;41m[1;33m[c1] [1;m

[1;41m[1;33m[c1] DEBUG:pyretic.core.runtime.Runtime: |2014-05-25 19:01:16.716475|[1;m

[1;41m[1;33m[c1] 	sending openflow rule:[1;m

[1;41m[1;33m[c1] 	59999 {'switch': 1, 'vlan_pcp': 0, 'vlan_id': 65535, 'inport': 1} [{'outport': 2}, {'outport': 3}][1;m

[1;41m[1;33m[c1] [1;m

[1;41m[1;33m[c1] DEBUG:pyretic.core.runtime.Runtime: |2014-05-25 19:01:16.716665|[1;m

[1;41m[1;33m[c1] 	sending openflow rule:[1;m

[1;41m[1;33m[c1] 	59998 {'switch': 1, 'vlan_pcp': 0, 'vlan_id': 65535, 'inport': 2} [{'outport': 1}, {'outport': 3}][1;m

[1;41m[1;33m[c1] [1;m

[1;41m[1;33m[c1] DEBUG:pyretic.core.runtime.Runtime: |2014-05-25 19:01:16.716824|[1;m

[1;41m[1;33m[c1] 	sending openflow rule:[1;m

[1;41m[1;33m[c1] 	59997 {'switch': 1, 'vlan_pcp': 0, 'vlan_id': 65535, 'inport': 3} [{'outport': 1}, {'outport': 2}][1;m

[1;41m[1;33m[c1] [1;m

[1;41m[1;33m[c1] DEBUG:pyretic.core.runtime.Runtime: |2014-05-25 19:01:16.716982|[1;m

[1;41m[1;33m[c1] 	sending openflow rule:[1;m

[1;41m[1;33m[c1] 	59996 {'switch': 1, 'vlan_pcp': 0, 'inport': 1, 'vlan_id': 65535} [{'outport': 65528}, {'outport': 2}, {'outport': 3}][1;m

[1;41m[1;33m[c1] [1;m

[1;41m[1;33m[c1] DEBUG:pyretic.core.runtime.Runtime: |2014-05-25 19:01:16.717160|[1;m

[1;41m[1;33m[c1] 	sending openflow rule:[1;m

[1;41m[1;33m[c1] 	59995 {'switch': 1, 'vlan_pcp': 0, 'inport': 2, 'vlan_id': 65535} [{'outport': 1}, {'outport': 65528}, {'outport': 3}][1;m

[1;41m[1;33m[c1] [1;m

[1;41m[1;33m[c1] DEBUG:pyretic.core.runtime.Runtime: |2014-05-25 19:01:16.717329|[1;m

[1;41m[1;33m[c1] 	sending openflow rule:[1;m

[1;41m[1;33m[c1] 	59994 {'switch': 1, 'vlan_pcp': 0, 'inport': 3, 'vlan_id': 65535} [{'outport': 1}, {'outport': 2}, {'outport': 65528}][1;m

[1;41m[1;33m[c1] [1;m

[1;41m[1;33m[c1] DEBUG:pyretic.core.runtime.Runtime: |2014-05-25 19:01:16.717470|[1;m

[1;41m[1;33m[c1] 	sending openflow rule:[1;m

[1;41m[1;33m[c1] 	59993 {'switch': 1, 'vlan_pcp': 0, 'vlan_id': 65535} [{'outport': 1}, {'outport': 2}, {'outport': 3}][1;m

[1;41m[1;33m[c1] [1;m

[1;41m[1;33m[c1] DEBUG:pyretic.core.runtime.Runtime: |2014-05-25 19:01:16.717610|[1;m

[1;41m[1;33m[c1] 	sending openflow rule:[1;m

[1;41m[1;33m[c1] 	59999 {'switch': 2, 'vlan_pcp': 0, 'vlan_id': 65535, 'inport': 1} [{'outport': 2}, {'outport': 3}][1;m

[1;41m[1;33m[c1] [1;m

[1;41m[1;33m[c1] DEBUG:pyretic.core.runtime.Runtime: |2014-05-25 19:01:16.717754|[1;m

[1;41m[1;33m[c1] 	sending openflow rule:[1;m

[1;41m[1;33m[c1] 	59998 {'switch': 2, 'vlan_pcp': 0, 'vlan_id': 65535, 'inport': 2} [{'outport': 1}, {'outport': 3}][1;m

[1;41m[1;33m[c1] [1;m

[1;41m[1;33m[c1] DEBUG:pyretic.core.runtime.Runtime: |2014-05-25 19:01:16.717890|[1;m

[1;41m[1;33m[c1] 	sending openflow rule:[1;m

[1;41m[1;33m[c1] 	59997 {'switch': 2, 'vlan_pcp': 0, 'vlan_id': 65535, 'inport': 3} [{'outport': 1}, {'outport': 2}][1;m

[1;41m[1;33m[c1] [1;m

[1;41m[1;33m[c1] DEBUG:pyretic.core.runtime.Runtime: |2014-05-25 19:01:16.718012|[1;m

[1;41m[1;33m[c1] 	sending openflow rule:[1;m

[1;41m[1;33m[c1] 	59996 {'switch': 2, 'vlan_pcp': 0, 'inport': 1, 'vlan_id': 65535} [{'outport': 65528}, {'outport': 2}, {'outport': 3}][1;m

[1;41m[1;33m[c1] [1;m

[1;41m[1;33m[c1] DEBUG:pyretic.core.runtime.Runtime: |2014-05-25 19:01:16.718161|[1;m

[1;41m[1;33m[c1] 	sending openflow rule:[1;m

[1;41m[1;33m[c1] 	59995 {'switch': 2, 'vlan_pcp': 0, 'inport': 2, 'vlan_id': 65535} [{'outport': 1}, {'outport': 65528}, {'outport': 3}][1;m

[1;41m[1;33m[c1] [1;m

[1;41m[1;33m[c1] DEBUG:pyretic.core.runtime.Runtime: |2014-05-25 19:01:16.718283|[1;m

[1;41m[1;33m[c1] 	sending openflow rule:[1;m

[1;41m[1;33m[c1] 	59994 {'switch': 2, 'vlan_pcp': 0, 'inport': 3, 'vlan_id': 65535} [{'outport': 1}, {'outport': 2}, {'outport': 65528}][1;m

[1;41m[1;33m[c1] [1;m

[1;41m[1;33m[c1] DEBUG:pyretic.core.runtime.Runtime: |2014-05-25 19:01:16.718371|[1;m

[1;41m[1;33m[c1] 	sending openflow rule:[1;m

[1;41m[1;33m[c1] 	59993 {'switch': 2, 'vlan_pcp': 0, 'vlan_id': 65535} [{'outport': 1}, {'outport': 2}, {'outport': 3}][1;m

[1;41m[1;33m[c1] [1;m

[1;41m[1;33m[c1] DEBUG:pyretic.core.runtime.Runtime: |2014-05-25 19:01:16.718461|[1;m

[1;41m[1;33m[c1] 	sending openflow rule:[1;m

[1;41m[1;33m[c1] 	59999 {'switch': 3, 'vlan_pcp': 0, 'vlan_id': 65535, 'inport': 1} [{'outport': 2}, {'outport': 3}][1;m

[1;41m[1;33m[c1] [1;m

[1;41m[1;33m[c1] DEBUG:pyretic.core.runtime.Runtime: |2014-05-25 19:01:16.718539|[1;m

[1;41m[1;33m[c1] 	sending openflow rule:[1;m

[1;41m[1;33m[c1] 	59998 {'switch': 3, 'vlan_pcp': 0, 'vlan_id': 65535, 'inport': 2} [{'outport': 1}, {'outport': 3}][1;m

[1;41m[1;33m[c1] [1;m

[1;41m[1;33m[c1] DEBUG:pyretic.core.runtime.Runtime: |2014-05-25 19:01:16.718610|[1;m

[1;41m[1;33m[c1] 	sending openflow rule:[1;m

[1;41m[1;33m[c1] 	59997 {'switch': 3, 'vlan_pcp': 0, 'vlan_id': 65535, 'inport': 3} [{'outport': 1}, {'outport': 2}][1;m

[1;41m[1;33m[c1] [1;m

[1;41m[1;33m[c1] DEBUG:pyretic.core.runtime.Runtime: |2014-05-25 19:01:16.718704|[1;m

[1;41m[1;33m[c1] 	sending openflow rule:[1;m

[1;41m[1;33m[c1] 	59996 {'switch': 3, 'vlan_pcp': 0, 'inport': 1, 'vlan_id': 65535} [{'outport': 65528}, {'outport': 2}, {'outport': 3}][1;m

[1;41m[1;33m[c1] [1;m

[1;41m[1;33m[c1] DEBUG:pyretic.core.runtime.Runtime: |2014-05-25 19:01:16.718812|[1;m

[1;41m[1;33m[c1] 	sending openflow rule:[1;m

[1;41m[1;33m[c1] 	59995 {'switch': 3, 'vlan_pcp': 0, 'inport': 2, 'vlan_id': 65535} [{'outport': 1}, {'outport': 65528}, {'outport': 3}][1;m

[1;41m[1;33m[c1] [1;m

[1;41m[1;33m[c1] DEBUG:pyretic.core.runtime.Runtime: |2014-05-25 19:01:16.718906|[1;m

[1;41m[1;33m[c1] 	sending openflow rule:[1;m

[1;41m[1;33m[c1] 	59994 {'switch': 3, 'vlan_pcp': 0, 'inport': 3, 'vlan_id': 65535} [{'outport': 1}, {'outport': 2}, {'outport': 65528}][1;m

[1;41m[1;33m[c1] [1;m

[1;41m[1;33m[c1] DEBUG:pyretic.core.runtime.Runtime: |2014-05-25 19:01:16.718986|[1;m

[1;41m[1;33m[c1] 	sending openflow rule:[1;m

[1;41m[1;33m[c1] 	59993 {'switch': 3, 'vlan_pcp': 0, 'vlan_id': 65535} [{'outport': 1}, {'outport': 2}, {'outport': 3}][1;m

[1;41m[1;33m[c1] [1;m

[1;41m[1;33m[c1] DEBUG:pyretic.core.runtime.Runtime: |2014-05-25 19:01:16.719060|[1;m

[1;41m[1;33m[c1] 	sending openflow rule:[1;m

[1;41m[1;33m[c1] 	59992 {'switch': 1, 'vlan_pcp': 0, 'vlan_id': 65535} [][1;m

[1;41m[1;33m[c1] [1;m

[1;41m[1;33m[c1] DEBUG:pyretic.core.runtime.Runtime: |2014-05-25 19:01:16.719142|[1;m

[1;41m[1;33m[c1] 	sending openflow rule:[1;m

[1;41m[1;33m[c1] 	59992 {'switch': 2, 'vlan_pcp': 0, 'vlan_id': 65535} [][1;m

[1;41m[1;33m[c1] [1;m

[1;41m[1;33m[c1] DEBUG:pyretic.core.runtime.Runtime: |2014-05-25 19:01:16.719208|[1;m

[1;41m[1;33m[c1] 	sending openflow rule:[1;m

[1;41m[1;33m[c1] 	59992 {'switch': 3, 'vlan_pcp': 0, 'vlan_id': 65535} [][1;m

[1;41m[1;33m[c1] [1;m

[1;41m[1;37mViolations at end of trace: ["{'hs_history': [(x^L) - ([]), (dl_vlan:65535,dl_vlan_pcp:0) - ([]), (dl_vlan:65535,dl_vlan_pcp:0) - ([])], 'hdr': (dl_vlan:65535,dl_vlan_pcp:0) - ([]), 'visits': [100001, 200002, 300001], 'port': 100001}", "{'hs_history': [(x^L) - ([]), (dl_vlan:65535,dl_vlan_pcp:0) - ([]), (dl_vlan:65535,dl_vlan_pcp:0) - ([])], 'hdr': (dl_vlan:65535,dl_vlan_pcp:0) - ([]), 'visits': [100002, 300002, 200001], 'port': 100002}", "{'hs_history': [(x^L) - ([]), (dl_vlan:65535,dl_vlan_pcp:0) - ([]), (dl_vlan:65535,dl_vlan_pcp:0) - ([]), (dl_vlan:65535,dl_vlan_pcp:0) - ([])], 'hdr': (dl_vlan:65535,dl_vlan_pcp:0) - ([]), 'visits': [300003, 200001, 100002, 300002], 'port': 200001}", "{'hs_history': [(x^L) - ([]), (dl_vlan:65535,dl_vlan_pcp:0) - ([]), (dl_vlan:65535,dl_vlan_pcp:0) - ([]), (dl_vlan:65535,dl_vlan_pcp:0) - ([])], 'hdr': (dl_vlan:65535,dl_vlan_pcp:0) - ([]), 'visits': [300003, 100001, 200002, 300001], 'port': 100001}", "{'hs_history': [(x^L) - ([]), (dl_vlan:65535,dl_vlan_pcp:0) - ([]), (dl_vlan:65535,dl_vlan_pcp:0) - ([])], 'hdr': (dl_vlan:65535,dl_vlan_pcp:0) - ([]), 'visits': [300001, 100001, 200002], 'port': 300001}", "{'hs_history': [(x^L) - ([]), (dl_vlan:65535,dl_vlan_pcp:0) - ([]), (dl_vlan:65535,dl_vlan_pcp:0) - ([])], 'hdr': (dl_vlan:65535,dl_vlan_pcp:0) - ([]), 'visits': [200002, 300001, 100001], 'port': 200002}", "{'hs_history': [(x^L) - ([]), (dl_vlan:65535,dl_vlan_pcp:0) - ([]), (dl_vlan:65535,dl_vlan_pcp:0) - ([])], 'hdr': (dl_vlan:65535,dl_vlan_pcp:0) - ([]), 'visits': [200001, 100002, 300002], 'port': 200001}", "{'hs_history': [(x^L) - ([]), (dl_vlan:65535,dl_vlan_pcp:0) - ([]), (dl_vlan:65535,dl_vlan_pcp:0) - ([]), (dl_vlan:65535,dl_vlan_pcp:0) - ([])], 'hdr': (dl_vlan:65535,dl_vlan_pcp:0) - ([]), 'visits': [100003, 300002, 200001, 100002], 'port': 300002}", "{'hs_history': [(x^L) - ([]), (dl_vlan:65535,dl_vlan_pcp:0) - ([]), (dl_vlan:65535,dl_vlan_pcp:0) - ([]), (dl_vlan:65535,dl_vlan_pcp:0) - ([])], 'hdr': (dl_vlan:65535,dl_vlan_pcp:0) - ([]), 'visits': [200003, 100002, 300002, 200001], 'port': 100002}", "{'hs_history': [(x^L) - ([]), (dl_vlan:65535,dl_vlan_pcp:0) - ([]), (dl_vlan:65535,dl_vlan_pcp:0) - ([]), (dl_vlan:65535,dl_vlan_pcp:0) - ([])], 'hdr': (dl_vlan:65535,dl_vlan_pcp:0) - ([]), 'visits': [100003, 200002, 300001, 100001], 'port': 200002}", "{'hs_history': [(x^L) - ([]), (dl_vlan:65535,dl_vlan_pcp:0) - ([]), (dl_vlan:65535,dl_vlan_pcp:0) - ([])], 'hdr': (dl_vlan:65535,dl_vlan_pcp:0) - ([]), 'visits': [300002, 200001, 100002], 'port': 300002}", "{'hs_history': [(x^L) - ([]), (dl_vlan:65535,dl_vlan_pcp:0) - ([]), (dl_vlan:65535,dl_vlan_pcp:0) - ([]), (dl_vlan:65535,dl_vlan_pcp:0) - ([])], 'hdr': (dl_vlan:65535,dl_vlan_pcp:0) - ([]), 'visits': [200003, 300001, 100001, 200002], 'port': 300001}"][1;m
[1;42m[1;37mViolation found {'hs_history': [(x^L) - ([]), (dl_vlan:65535,dl_vlan_pcp:0) - ([]), (dl_vlan:65535,dl_vlan_pcp:0) - ([])], 'hdr': (dl_vlan:65535,dl_vlan_pcp:0) - ([]), 'visits': [100001, 200002, 300001], 'port': 100001}[1;m
[1;36m[1;44mEvent Stats: Events matched: 3, timed out: 0
Matches per event type:
  ConnectToControllers 1
  CheckInvariants 1
  LinkFailure 1
Timeouts per event type:
[1;m
[1;36m[1;44mDataplaneDrop Stats: Expected drops (0), Actual drops (0)
Missed Drops (expected if TrafficInjections pruned):[1;m
[1;36mKilling controller c1 (pid 2959)[1;m
Terminating child controllers...close() called on stdout during concurrent operation
close() called on stderr during concurrent operation
 OK
