Sleeping 0 seconds after run
Violation reproduced successfully! Proceeding with pruning
Subsets:
l/0: e731 e732 e733 e734 e735 e736 e737 e738 e739 e740 e741 e742 e743 e744 e745 e746 e747 e748 e749 e750 e751 e752 e753 e754 e755 e756 e757 e758 e759 e760 e761 e762 e763 e764 e765 e766 e767 e768 e769 e770 e771 e772 e773 e774 e775 e776 e777 e778 e779 e780 e781 e782 e783 e784 e785 e786 e787 e788 e789 e790 e791 e792 e793 e794 e795 e796 e797 e798 e799 e800 e801 e802 e803 e804 e805 e806 e807 e808 e809 e810 e811 e812 e813 e814 e815 e816 e817 e818 e819 e820 e821 e822 e823 e824 e825 e826 e827 e828 e829 e830 e831 e832 e833 e834 e835 e836 e837 e838 e839 e840 e841 e842 e843 e844 e845 e846 e847 e848 e849 e850 e851 e852 e853 e854 e855 e856 e857 e858 e24680 e24681 e24682 e24683 e24684 e24685 e24686 e24687 e24688 e24689 e24690 e24691 e24692 e24693 e24694 e24695 e24696 e24697 e24698 e24699 e24700 e24701 e24702 e24703
r/0: e24704 e24705 e24706 e24707 e24708 e24709 e24710 e24711 e24712 e24713 e24714 e24715 e24716 e24717 e24718 e24719 e24720 e24721 e24722 e24723 e24724 e24725 e24726 e24727 e24728 e24729 e24730 e24731 e24732 e24733 e24734 e24735 e24736 e24737 e24738 e24739 e24740 e24741 e24742 e24743 e24744 e24745 e24746 e24747 e24748 e24749 e24750 e24751 e24752 e24753 e24754 e24755 e24756 e24757 e24758 e24759 e24760 e24761 e24762 e24763 e24764 e24765 e24766 e24767 e24768 e24769 e24770 e24771 e24772 e24773 e24774 e24775 e24776 e24777 e24778 e24779 e24780 e24781 e24782 e24783 e24784 e24785 e24786 e24787 e24788 e24789 e24790 e24791 e24792 e24793 e24794 e24795 e24796 e24797 e24798 e24799 e24800 e24801 e24802 e24803 e24804 e24805 e24806 e24807 e24945 e24946 e26622 e26623 e26624 e26631 e26646 e26665 e26667 e26668 e26709 e26736 e26755 e26764 e26934 e26944 e26948 e26953 e26954 e26958 e26969 e26971 e26974 e26978 e26989 e26991 e26995 e27012 e27016 e27018 e27025 e27030 e27038 e27041 e27055 e27076 e27080 e27308 e27313 e27520 e27530 e27531 e27562 e27581 e27726 e27740 e27745 e28256
Current subset: l/0: e731 e732 e733 e734 e735 e736 e737 e738 e739 e740 e741 e742 e743 e744 e745 e746 e747 e748 e749 e750 e751 e752 e753 e754 e755 e756 e757 e758 e759 e760 e761 e762 e763 e764 e765 e766 e767 e768 e769 e770 e771 e772 e773 e774 e775 e776 e777 e778 e779 e780 e781 e782 e783 e784 e785 e786 e787 e788 e789 e790 e791 e792 e793 e794 e795 e796 e797 e798 e799 e800 e801 e802 e803 e804 e805 e806 e807 e808 e809 e810 e811 e812 e813 e814 e815 e816 e817 e818 e819 e820 e821 e822 e823 e824 e825 e826 e827 e828 e829 e830 e831 e832 e833 e834 e835 e836 e837 e838 e839 e840 e841 e842 e843 e844 e845 e846 e847 e848 e849 e850 e851 e852 e853 e854 e855 e856 e857 e858 e24680 e24681 e24682 e24683 e24684 e24685 e24686 e24687 e24688 e24689 e24690 e24691 e24692 e24693 e24694 e24695 e24696 e24697 e24698 e24699 e24700 e24701 e24702 e24703
Sleeping 0 seconds after run
No violation in 0'th...
Current subset: r/0: e24704 e24705 e24706 e24707 e24708 e24709 e24710 e24711 e24712 e24713 e24714 e24715 e24716 e24717 e24718 e24719 e24720 e24721 e24722 e24723 e24724 e24725 e24726 e24727 e24728 e24729 e24730 e24731 e24732 e24733 e24734 e24735 e24736 e24737 e24738 e24739 e24740 e24741 e24742 e24743 e24744 e24745 e24746 e24747 e24748 e24749 e24750 e24751 e24752 e24753 e24754 e24755 e24756 e24757 e24758 e24759 e24760 e24761 e24762 e24763 e24764 e24765 e24766 e24767 e24768 e24769 e24770 e24771 e24772 e24773 e24774 e24775 e24776 e24777 e24778 e24779 e24780 e24781 e24782 e24783 e24784 e24785 e24786 e24787 e24788 e24789 e24790 e24791 e24792 e24793 e24794 e24795 e24796 e24797 e24798 e24799 e24800 e24801 e24802 e24803 e24804 e24805 e24806 e24807 e24945 e24946 e26622 e26623 e26624 e26631 e26646 e26665 e26667 e26668 e26709 e26736 e26755 e26764 e26934 e26944 e26948 e26953 e26954 e26958 e26969 e26971 e26974 e26978 e26989 e26991 e26995 e27012 e27016 e27018 e27025 e27030 e27038 e27041 e27055 e27076 e27080 e27308 e27313 e27520 e27530 e27531 e27562 e27581 e27726 e27740 e27745 e28256
Sleeping 0 seconds after run
No violation in 1'th...
Interference
Recursing on left half
Subsets:
il/0.l/1: e731 e732 e733 e734 e735 e736 e737 e738 e739 e740 e741 e742 e743 e744 e745 e746 e747 e748 e749 e750 e751 e752 e753 e754 e755 e756 e757 e758 e759 e760 e761 e762 e763 e764 e765 e766 e767 e768 e769 e770 e771 e772 e773 e774 e775 e776 e777 e778 e779 e780 e781 e782 e783 e784 e785 e786 e787 e788 e789 e790 e791 e792 e793 e794 e795 e796 e797 e798 e799 e800 e801 e802 e803 e804 e805 e806
il/0.r/1: e807 e808 e809 e810 e811 e812 e813 e814 e815 e816 e817 e818 e819 e820 e821 e822 e823 e824 e825 e826 e827 e828 e829 e830 e831 e832 e833 e834 e835 e836 e837 e838 e839 e840 e841 e842 e843 e844 e845 e846 e847 e848 e849 e850 e851 e852 e853 e854 e855 e856 e857 e858 e24680 e24681 e24682 e24683 e24684 e24685 e24686 e24687 e24688 e24689 e24690 e24691 e24692 e24693 e24694 e24695 e24696 e24697 e24698 e24699 e24700 e24701 e24702 e24703
Current subset: il/0.l/1: e731 e732 e733 e734 e735 e736 e737 e738 e739 e740 e741 e742 e743 e744 e745 e746 e747 e748 e749 e750 e751 e752 e753 e754 e755 e756 e757 e758 e759 e760 e761 e762 e763 e764 e765 e766 e767 e768 e769 e770 e771 e772 e773 e774 e775 e776 e777 e778 e779 e780 e781 e782 e783 e784 e785 e786 e787 e788 e789 e790 e791 e792 e793 e794 e795 e796 e797 e798 e799 e800 e801 e802 e803 e804 e805 e806
Sleeping 0 seconds after run
Violation! Considering 0'th
Violation found in 0th half. Recursing
Subsets:
il/0.l/1.l/2: e731 e732 e733 e734 e735 e736 e737 e738 e739 e740 e741 e742 e743 e744 e745 e746 e747 e748 e749 e750 e751 e752 e753 e754 e755 e756 e757 e758 e759 e760 e761 e762 e763 e764 e765 e766 e767 e768
il/0.l/1.r/2: e769 e770 e771 e772 e773 e774 e775 e776 e777 e778 e779 e780 e781 e782 e783 e784 e785 e786 e787 e788 e789 e790 e791 e792 e793 e794 e795 e796 e797 e798 e799 e800 e801 e802 e803 e804 e805 e806
Current subset: il/0.l/1.l/2: e731 e732 e733 e734 e735 e736 e737 e738 e739 e740 e741 e742 e743 e744 e745 e746 e747 e748 e749 e750 e751 e752 e753 e754 e755 e756 e757 e758 e759 e760 e761 e762 e763 e764 e765 e766 e767 e768
Sleeping 0 seconds after run
Violation! Considering 0'th
Violation found in 0th half. Recursing
Subsets:
il/0.l/1.l/2.l/3: e731 e732 e733 e734 e735 e736 e737 e738 e739 e740 e741 e742 e743 e744 e745 e746 e747 e748 e749
il/0.l/1.l/2.r/3: e750 e751 e752 e753 e754 e755 e756 e757 e758 e759 e760 e761 e762 e763 e764 e765 e766 e767 e768
Current subset: il/0.l/1.l/2.l/3: e731 e732 e733 e734 e735 e736 e737 e738 e739 e740 e741 e742 e743 e744 e745 e746 e747 e748 e749
Sleeping 0 seconds after run
Violation! Considering 0'th
Violation found in 0th half. Recursing
Subsets:
il/0.l/1.l/2.l/3.l/4: e731 e732 e733 e734 e735 e736 e737 e738 e739 e740
il/0.l/1.l/2.l/3.r/4: e741 e742 e743 e744 e745 e746 e747 e748 e749
Current subset: il/0.l/1.l/2.l/3.l/4: e731 e732 e733 e734 e735 e736 e737 e738 e739 e740
Sleeping 0 seconds after run
Violation! Considering 0'th
Violation found in 0th half. Recursing
Subsets:
il/0.l/1.l/2.l/3.l/4.l/5: e731 e732 e733 e734 e735
il/0.l/1.l/2.l/3.l/4.r/5: e736 e737 e738 e739 e740
Current subset: il/0.l/1.l/2.l/3.l/4.l/5: e731 e732 e733 e734 e735
Sleeping 0 seconds after run
Violation! Considering 0'th
Violation found in 0th half. Recursing
Subsets:
il/0.l/1.l/2.l/3.l/4.l/5.l/6: e731 e732 e733
il/0.l/1.l/2.l/3.l/4.l/5.r/6: e734 e735
Current subset: il/0.l/1.l/2.l/3.l/4.l/5.l/6: e731 e732 e733
Sleeping 0 seconds after run
Violation! Considering 0'th
Violation found in 0th half. Recursing
Subsets:
il/0.l/1.l/2.l/3.l/4.l/5.l/6.l/7: e731 e732
il/0.l/1.l/2.l/3.l/4.l/5.l/6.r/7: e733
Current subset: il/0.l/1.l/2.l/3.l/4.l/5.l/6.l/7: e731 e732
Sleeping 0 seconds after run
Violation! Considering 0'th
Violation found in 0th half. Recursing
Subsets:
il/0.l/1.l/2.l/3.l/4.l/5.l/6.l/7.l/8: e731
il/0.l/1.l/2.l/3.l/4.l/5.l/6.l/7.r/8: e732
Current subset: il/0.l/1.l/2.l/3.l/4.l/5.l/6.l/7.l/8: e731
Sleeping 0 seconds after run
Violation! Considering 0'th
Violation found in 0th half. Recursing
Base case [TrafficInjection:e731]
Recursing on right half
Subsets:
ir/0.l/1: e24704 e24705 e24706 e24707 e24708 e24709 e24710 e24711 e24712 e24713 e24714 e24715 e24716 e24717 e24718 e24719 e24720 e24721 e24722 e24723 e24724 e24725 e24726 e24727 e24728 e24729 e24730 e24731 e24732 e24733 e24734 e24735 e24736 e24737 e24738 e24739 e24740 e24741 e24742 e24743 e24744 e24745 e24746 e24747 e24748 e24749 e24750 e24751 e24752 e24753 e24754 e24755 e24756 e24757 e24758 e24759 e24760 e24761 e24762 e24763 e24764 e24765 e24766 e24767 e24768 e24769 e24770 e24771 e24772 e24773 e24774 e24775 e24776 e24777 e24778 e24779
ir/0.r/1: e24780 e24781 e24782 e24783 e24784 e24785 e24786 e24787 e24788 e24789 e24790 e24791 e24792 e24793 e24794 e24795 e24796 e24797 e24798 e24799 e24800 e24801 e24802 e24803 e24804 e24805 e24806 e24807 e24945 e24946 e26622 e26623 e26624 e26631 e26646 e26665 e26667 e26668 e26709 e26736 e26755 e26764 e26934 e26944 e26948 e26953 e26954 e26958 e26969 e26971 e26974 e26978 e26989 e26991 e26995 e27012 e27016 e27018 e27025 e27030 e27038 e27041 e27055 e27076 e27080 e27308 e27313 e27520 e27530 e27531 e27562 e27581 e27726 e27740 e27745 e28256
Current subset: ir/0.l/1: e24704 e24705 e24706 e24707 e24708 e24709 e24710 e24711 e24712 e24713 e24714 e24715 e24716 e24717 e24718 e24719 e24720 e24721 e24722 e24723 e24724 e24725 e24726 e24727 e24728 e24729 e24730 e24731 e24732 e24733 e24734 e24735 e24736 e24737 e24738 e24739 e24740 e24741 e24742 e24743 e24744 e24745 e24746 e24747 e24748 e24749 e24750 e24751 e24752 e24753 e24754 e24755 e24756 e24757 e24758 e24759 e24760 e24761 e24762 e24763 e24764 e24765 e24766 e24767 e24768 e24769 e24770 e24771 e24772 e24773 e24774 e24775 e24776 e24777 e24778 e24779
Sleeping 0 seconds after run
No violation in 0'th...
Current subset: ir/0.r/1: e24780 e24781 e24782 e24783 e24784 e24785 e24786 e24787 e24788 e24789 e24790 e24791 e24792 e24793 e24794 e24795 e24796 e24797 e24798 e24799 e24800 e24801 e24802 e24803 e24804 e24805 e24806 e24807 e24945 e24946 e26622 e26623 e26624 e26631 e26646 e26665 e26667 e26668 e26709 e26736 e26755 e26764 e26934 e26944 e26948 e26953 e26954 e26958 e26969 e26971 e26974 e26978 e26989 e26991 e26995 e27012 e27016 e27018 e27025 e27030 e27038 e27041 e27055 e27076 e27080 e27308 e27313 e27520 e27530 e27531 e27562 e27581 e27726 e27740 e27745 e28256
Sleeping 0 seconds after run
Violation! Considering 1'th
Violation found in 1th half. Recursing
Subsets:
ir/0.r/1.l/2: e24780 e24781 e24782 e24783 e24784 e24785 e24786 e24787 e24788 e24789 e24790 e24791 e24792 e24793 e24794 e24795 e24796 e24797 e24798 e24799 e24800 e24801 e24802 e24803 e24804 e24805 e24806 e24807 e24945 e24946 e26622 e26623 e26624 e26631 e26646 e26665 e26667 e26668
ir/0.r/1.r/2: e26709 e26736 e26755 e26764 e26934 e26944 e26948 e26953 e26954 e26958 e26969 e26971 e26974 e26978 e26989 e26991 e26995 e27012 e27016 e27018 e27025 e27030 e27038 e27041 e27055 e27076 e27080 e27308 e27313 e27520 e27530 e27531 e27562 e27581 e27726 e27740 e27745 e28256
Current subset: ir/0.r/1.l/2: e24780 e24781 e24782 e24783 e24784 e24785 e24786 e24787 e24788 e24789 e24790 e24791 e24792 e24793 e24794 e24795 e24796 e24797 e24798 e24799 e24800 e24801 e24802 e24803 e24804 e24805 e24806 e24807 e24945 e24946 e26622 e26623 e26624 e26631 e26646 e26665 e26667 e26668
Sleeping 0 seconds after run
Violation! Considering 0'th
Violation found in 0th half. Recursing
Subsets:
ir/0.r/1.l/2.l/3: e24780 e24781 e24782 e24783 e24784 e24785 e24786 e24787 e24788 e24789 e24790 e24791 e24792 e24793 e24794 e24795 e24796 e24797 e24798
ir/0.r/1.l/2.r/3: e24799 e24800 e24801 e24802 e24803 e24804 e24805 e24806 e24807 e24945 e24946 e26622 e26623 e26624 e26631 e26646 e26665 e26667 e26668
Current subset: ir/0.r/1.l/2.l/3: e24780 e24781 e24782 e24783 e24784 e24785 e24786 e24787 e24788 e24789 e24790 e24791 e24792 e24793 e24794 e24795 e24796 e24797 e24798
Sleeping 0 seconds after run
No violation in 0'th...
Current subset: ir/0.r/1.l/2.r/3: e24799 e24800 e24801 e24802 e24803 e24804 e24805 e24806 e24807 e24945 e24946 e26622 e26623 e26624 e26631 e26646 e26665 e26667 e26668
Sleeping 0 seconds after run
Violation! Considering 1'th
Violation found in 1th half. Recursing
Subsets:
ir/0.r/1.l/2.r/3.l/4: e24799 e24800 e24801 e24802 e24803 e24804 e24805 e24806 e24807 e24945
ir/0.r/1.l/2.r/3.r/4: e24946 e26622 e26623 e26624 e26631 e26646 e26665 e26667 e26668
Current subset: ir/0.r/1.l/2.r/3.l/4: e24799 e24800 e24801 e24802 e24803 e24804 e24805 e24806 e24807 e24945
Sleeping 0 seconds after run
Violation! Considering 0'th
Violation found in 0th half. Recursing
Subsets:
ir/0.r/1.l/2.r/3.l/4.l/5: e24799 e24800 e24801 e24802 e24803
ir/0.r/1.l/2.r/3.l/4.r/5: e24804 e24805 e24806 e24807 e24945
Current subset: ir/0.r/1.l/2.r/3.l/4.l/5: e24799 e24800 e24801 e24802 e24803
Sleeping 0 seconds after run
No violation in 0'th...
Current subset: ir/0.r/1.l/2.r/3.l/4.r/5: e24804 e24805 e24806 e24807 e24945
Sleeping 0 seconds after run
Violation! Considering 1'th
Violation found in 1th half. Recursing
Subsets:
ir/0.r/1.l/2.r/3.l/4.r/5.l/6: e24804 e24805 e24806
ir/0.r/1.l/2.r/3.l/4.r/5.r/6: e24807 e24945
Current subset: ir/0.r/1.l/2.r/3.l/4.r/5.l/6: e24804 e24805 e24806
Sleeping 0 seconds after run
No violation in 0'th...
Current subset: ir/0.r/1.l/2.r/3.l/4.r/5.r/6: e24807 e24945
Sleeping 0 seconds after run
Violation! Considering 1'th
Violation found in 1th half. Recursing
Subsets:
ir/0.r/1.l/2.r/3.l/4.r/5.r/6.l/7: e24807
ir/0.r/1.l/2.r/3.l/4.r/5.r/6.r/7: e24945
Current subset: ir/0.r/1.l/2.r/3.l/4.r/5.r/6.l/7: e24807
Sleeping 0 seconds after run
No violation in 0'th...
Current subset: ir/0.r/1.l/2.r/3.l/4.r/5.r/6.r/7: e24945
Sleeping 0 seconds after run
Violation! Considering 1'th
Violation found in 1th half. Recursing
Base case [HostMigration:e24945:('HostMigration', 1, 1, 24, 9, u"host:[IPAddr('123.0.0.1')]")]
Final MCS (2 elements):
 - TrafficInjection:e731
 - HostMigration:e24945
=== Total replays: 0 ===
