[1;36mStarting POX controller c1[1;m
connect_socket_with_backoff ('127.0.0.1', 6633)
Error connecting.  -- [Errno 111] Connection refused. Backing off 1 seconds ...
[1;33m[c1] POX 0.0.0 / Copyright 2011 James McCauley[1;m

[1;41m[1;33m[c1] DEBUG:core:POX 0.0.0 going up...[1;m

[1;41m[1;33m[c1] DEBUG:core:Running on CPython (2.7.3/Sep 26 2013 20:03:06)[1;m

[1;41m[1;33m[c1] INFO:core:POX 0.0.0 is up.[1;m

[1;41m[1;33m[c1] DEBUG:openflow.of_01:Listening for connections on ('127.0.0.1', 6633)[1;m

[1;33m[c1] Incoming true socket connected[1;m

connect_socket_with_backoff ('127.0.0.1', 6633)
connect_socket_with_backoff ('127.0.0.1', 6633)[1;33m[c1] Incoming MockSocket connection [u'127.0.0.1', 51894][1;m


connect_socket_with_backoff ('127.0.0.1', 6633)
[1;33m[c1] Incoming MockSocket connection [u'127.0.0.1', 51894][1;m
[1;36m[1;44m00:00.503 00:00.000 Successfully matched event ConnectToControllers:e1[1;m

[1;33m[c1] Incoming MockSocket connection [u'127.0.0.1', 51894][1;m
[1;36m[1;44m00:00.505 00:00.001 Successfully matched event ControlMessageReceive:i2 c c1 -> s 3 [ofp_hello: ][1;m

[1;36m[1;36mRound 1[1;37m[1;m
[1;36m[1;44m00:00.506 00:00.002 Successfully matched event ControlMessageReceive:i3 c c1 -> s 2 [ofp_hello: ][1;m
[1;36m[1;44m00:00.507 00:00.003 Successfully matched event ControlMessageReceive:i4 c c1 -> s 1 [ofp_hello: ][1;m
[1;36m[1;44m00:00.508 00:00.003 Successfully matched event ControlMessageSend:i5 c 3 -> s c1 [ofp_hello: ][1;m
[1;36m[1;44m00:00.508 00:00.003 Successfully matched event ControlMessageSend:i6 c 2 -> s c1 [ofp_hello: ][1;m
[1;36m[1;44m00:00.509 00:00.004 Successfully matched event ControlMessageSend:i7 c 1 -> s c1 [ofp_hello: ][1;m
[1;36m[1;44m00:00.511 00:00.105 Successfully matched event ControlMessageReceive:i8 c c1 -> s 3 [ofp_features_request: ][1;m
[1;36m[1;36mRound 2[1;37m[1;m
[1;36m[1;44m00:00.513 00:00.105 Successfully matched event ControlMessageReceive:i9 c c1 -> s 2 [ofp_features_request: ][1;m
[1;36m[1;44m00:00.551 00:00.106 Successfully matched event ControlMessageReceive:i10 c c1 -> s 1 [ofp_features_request: ][1;m
[1;36m[1;44m00:00.552 00:00.106 Successfully matched event ControlMessageSend:i11 c 3 -> s c1 [ofp_features_reply: datapath_id=3][1;m
[1;36m[1;44m00:00.553 00:00.107 Successfully matched event ControlMessageSend:i12 c 2 -> s c1 [ofp_features_reply: datapath_id=2][1;m
[1;36m[1;44m00:00.554 00:00.107 Successfully matched event ControlMessageSend:i13 c 1 -> s c1 [ofp_features_reply: datapath_id=1][1;m
[1;36m[1;44m00:00.596 00:00.208 Successfully matched event ControlMessageReceive:i14 c c1 -> s 1 [ofp_set_config: ][1;m
[1;36m[1;36mRound 3[1;37m[1;m
[1;36m[1;44m00:00.597 00:00.208 Successfully matched event ControlMessageReceive:i15 c c1 -> s 3 [ofp_barrier_request: ][1;m
[1;36m[1;44m00:00.599 00:00.208 Successfully matched event ControlMessageReceive:i16 c c1 -> s 1 [ofp_flow_mod: hard_timeout=0, out_port=65535, priority=32768, idle_timeout=0, command=delete, actions=(), flags=0, match=x^L,in_port:None][1;m
[1;36m[1;44m00:00.600 00:00.209 Successfully matched event ControlMessageReceive:i17 c c1 -> s 2 [ofp_set_config: ][1;m
[1;36m[1;44m00:00.601 00:00.210 Successfully matched event ControlMessageReceive:i18 c c1 -> s 2 [ofp_flow_mod: hard_timeout=0, out_port=65535, priority=32768, idle_timeout=0, command=delete, actions=(), flags=0, match=x^L,in_port:None][1;m
[1;36m[1;44m00:00.602 00:00.210 Successfully matched event ControlMessageReceive:i19 c c1 -> s 2 [ofp_barrier_request: ][1;m
[1;36m[1;44m00:00.603 00:00.211 Successfully matched event ControlMessageReceive:i20 c c1 -> s 1 [ofp_barrier_request: ][1;m
[1;36m[1;44m00:00.604 00:00.212 Successfully matched event ControlMessageReceive:i21 c c1 -> s 3 [ofp_flow_mod: hard_timeout=0, out_port=65535, priority=32768, idle_timeout=0, command=delete, actions=(), flags=0, match=x^L,in_port:None][1;m
[1;36m[1;44m00:00.605 00:00.212 Successfully matched event ControlMessageReceive:i22 c c1 -> s 3 [ofp_set_config: ][1;m
[1;36m[1;44m00:00.605 00:00.213 Successfully matched event ControlMessageSend:i23 c 3 -> s c1 [ofp_barrier_reply: ][1;m
[1;36m[1;44m00:00.606 00:00.213 Successfully matched event ControlMessageSend:i24 c 2 -> s c1 [ofp_barrier_reply: ][1;m
[1;36m[1;44m00:00.607 00:00.213 Successfully matched event ControlMessageSend:i25 c 1 -> s c1 [ofp_barrier_reply: ][1;m
[1;41m[1;33m[c1] INFO:openflow.of_01:of_01 [Con 3/3] Connected to 00-00-00-00-00-03[1;m

[1;41m[1;33m[c1] DEBUG:forwarding.l2_multi:Connect [Con 3/3][1;m

[1;41m[1;33m[c1] DEBUG:openflow.discovery:Installing flow for 00-00-00-00-00-03[1;m

[1;41m[1;33m[c1] INFO:openflow.of_01:of_01 [Con 2/2] Connected to 00-00-00-00-00-02[1;m

[1;41m[1;33m[c1] DEBUG:forwarding.l2_multi:Connect [Con 2/2][1;m

[1;41m[1;33m[c1] DEBUG:openflow.discovery:Installing flow for 00-00-00-00-00-02[1;m

[1;36m[1;44m00:00.613 00:00.314 Successfully matched event ControlMessageReceive:i26 c c1 -> s 2 [ofp_flow_mod: hard_timeout=0, out_port=65535, priority=32768, idle_timeout=0, command=add, actions=(u'output(65533)',), flags=0, match=dl_dst:01:23:20:00:00:01,dl_type:35020,in_port:None][1;m[1;41m[1;33m[c1] INFO:openflow.of_01:of_01 [Con 1/1] Connected to 00-00-00-00-00-01[1;m


[1;36m[1;36mRound 4[1;37m[1;m[1;41m[1;33m[c1] DEBUG:forwarding.l2_multi:Connect [Con 1/1][1;m


[1;41m[1;33m[c1] DEBUG:openflow.discovery:Installing flow for 00-00-00-00-00-01[1;m

[1;36m[1;44m00:00.652 00:00.314 Successfully matched event ControlMessageReceive:i27 c c1 -> s 1 [ofp_flow_mod: hard_timeout=0, out_port=65535, priority=32768, idle_timeout=0, command=add, actions=(u'output(65533)',), flags=0, match=dl_dst:01:23:20:00:00:01,dl_type:35020,in_port:None][1;m
[1;36m[1;44m00:00.654 00:00.315 Successfully matched event ControlMessageReceive:i28 c c1 -> s 3 [ofp_flow_mod: hard_timeout=0, out_port=65535, priority=32768, idle_timeout=0, command=add, actions=(u'output(65533)',), flags=0, match=dl_dst:01:23:20:00:00:01,dl_type:35020,in_port:None][1;m
[1;36m[1;44m00:00.756 00:00.416 Successfully matched event TrafficInjection:e29[1;m
[1;36m[1;36mRound 5[1;37m[1;m
[1;36mForwarding dataplane event[1;m
[1;36m[1;44m00:00.758 00:00.417 Successfully matched event TrafficInjection:e30[1;m
[1;36mForwarding dataplane event[1;m
[1;36m[1;44m00:00.758 00:00.417 Successfully matched event TrafficInjection:e31[1;m
[1;36mForwarding dataplane event[1;m
[1;36m[1;44m00:00.759 00:00.420 Successfully matched event DataplanePermit:i32[1;m
[1;36m[1;44m00:00.759 00:00.420 Successfully matched event DataplanePermit:i33[1;m
[1;36m[1;44m00:00.760 00:00.420 Successfully matched event DataplanePermit:i34[1;m
[1;36m[1;44m00:00.760 00:00.521 Successfully matched event ControlMessageSend:i35 c 1 -> s c1 [ofp_packet_in: data={u'class': u'arp'}, in_port=3][1;m
[1;36m[1;36mRound 6[1;37m[1;m
[1;36m[1;44m00:00.760 00:00.521 Successfully matched event ControlMessageSend:i36 c 2 -> s c1 [ofp_packet_in: data={u'class': u'arp'}, in_port=3][1;m
[1;36m[1;44m00:00.761 00:00.521 Successfully matched event ControlMessageSend:i37 c 3 -> s c1 [ofp_packet_in: data={u'class': u'arp'}, in_port=3][1;m
[1;41m[1;33m[c1] DEBUG:forwarding.l2_multi:Learned 12:34:56:78:03:03 at 00-00-00-00-00-03.3[1;m

[1;41m[1;33m[c1] DEBUG:forwarding.l2_multi:Flood multicast from 12:34:56:78:03:03[1;m
[1;36m[1;44m00:00.763 00:00.622 Successfully matched event ControlMessageReceive:i38 c c1 -> s 3 [ofp_packet_out: actions=(u'output(65531)',), data=(), in_port=3][1;m

[1;36m[1;36mRound 7[1;37m[1;m[1;41m[1;33m[c1] DEBUG:forwarding.l2_multi:Learned 12:34:56:78:02:03 at 00-00-00-00-00-02.3[1;m


[1;36mForwarding dataplane event[1;m
[1;36mForwarding dataplane event[1;m[1;41m[1;33m[c1] DEBUG:forwarding.l2_multi:Flood multicast from 12:34:56:78:02:03[1;m


[1;41m[1;33m[c1] DEBUG:forwarding.l2_multi:Learned 12:34:56:78:01:03 at 00-00-00-00-00-01.3[1;m

[1;41m[1;33m[c1] DEBUG:forwarding.l2_multi:Flood multicast from 12:34:56:78:01:03[1;m

[1;36m[1;44m00:00.803 00:00.623 Successfully matched event ControlMessageReceive:i39 c c1 -> s 1 [ofp_packet_out: actions=(u'output(65531)',), data=(), in_port=3][1;m
[1;36mForwarding dataplane event[1;m
[1;36mForwarding dataplane event[1;m
[1;36m[1;44m00:00.804 00:00.624 Successfully matched event ControlMessageReceive:i40 c c1 -> s 2 [ofp_packet_out: actions=(u'output(65531)',), data=(), in_port=3][1;m
[1;36mForwarding dataplane event[1;m
[1;36mForwarding dataplane event[1;m
[1;36m[1;44m00:00.805 00:00.625 Successfully matched event DataplanePermit:i41[1;m
[1;36m[1;44m00:00.805 00:00.626 Successfully matched event DataplanePermit:i42[1;m
[1;36m[1;44m00:00.806 00:00.627 Successfully matched event DataplanePermit:i43[1;m
[1;36m[1;44m00:00.806 00:00.628 Successfully matched event DataplanePermit:i44[1;m
[1;36m[1;44m00:00.806 00:00.629 Successfully matched event DataplanePermit:i45[1;m
[1;36m[1;44m00:00.806 00:00.629 Successfully matched event DataplanePermit:i46[1;m
[1;36m[1;44m00:00.806 00:00.730 Successfully matched event ControlMessageSend:i47 c 2 -> s c1 [ofp_packet_in: data={u'class': u'arp'}, in_port=1][1;m
[1;36m[1;36mRound 8[1;37m[1;m
[1;36m[1;44m00:00.807 00:00.731 Successfully matched event ControlMessageSend:i48 c 3 -> s c1 [ofp_packet_in: data={u'class': u'arp'}, in_port=1][1;m
[1;36m[1;44m00:00.807 00:00.731 Successfully matched event ControlMessageSend:i49 c 1 -> s c1 [ofp_packet_in: data={u'class': u'arp'}, in_port=2][1;m
[1;36m[1;44m00:00.808 00:00.732 Successfully matched event ControlMessageSend:i50 c 3 -> s c1 [ofp_packet_in: data={u'class': u'arp'}, in_port=2][1;m
[1;36m[1;44m00:00.808 00:00.732 Successfully matched event ControlMessageSend:i51 c 2 -> s c1 [ofp_packet_in: data={u'class': u'arp'}, in_port=2][1;m
[1;36m[1;44m00:00.808 00:00.733 Successfully matched event ControlMessageSend:i52 c 1 -> s c1 [ofp_packet_in: data={u'class': u'arp'}, in_port=1][1;m
[1;41m[1;33m[c1] DEBUG:forwarding.l2_multi:12:34:56:78:02:03 moved from 00-00-00-00-00-02.3 to 00-00-00-00-00-03.1?[1;m

[1;41m[1;33m[c1] DEBUG:forwarding.l2_multi:Learned 12:34:56:78:02:03 at 00-00-00-00-00-03.1[1;m

[1;41m[1;33m[c1] DEBUG:forwarding.l2_multi:Flood multicast from 12:34:56:78:02:03[1;m

[1;41m[1;33m[c1] DEBUG:forwarding.l2_multi:12:34:56:78:01:03 moved from 00-00-00-00-00-01.3 to 00-00-00-00-00-03.2?[1;m

[1;41m[1;33m[c1] DEBUG:forwarding.l2_multi:Learned 12:34:56:78:01:03 at 00-00-00-00-00-03.2[1;m

[1;41m[1;33m[c1] DEBUG:forwarding.l2_multi:Flood multicast from 12:34:56:78:01:03[1;m

[1;41m[1;33m[c1] DEBUG:forwarding.l2_multi:12:34:56:78:03:03 moved from 00-00-00-00-00-03.3 to 00-00-00-00-00-02.1?[1;m

[1;41m[1;33m[c1] DEBUG:forwarding.l2_multi:Learned 12:34:56:78:03:03 at 00-00-00-00-00-02.1[1;m

[1;41m[1;33m[c1] DEBUG:forwarding.l2_multi:Flood multicast from 12:34:56:78:03:03[1;m

[1;41m[1;33m[c1] DEBUG:forwarding.l2_multi:12:34:56:78:01:03 moved from 00-00-00-00-00-03.2 to 00-00-00-00-00-02.2?[1;m

[1;41m[1;33m[c1] DEBUG:forwarding.l2_multi:Learned 12:34:56:78:01:03 at 00-00-00-00-00-02.2[1;m

[1;41m[1;33m[c1] DEBUG:forwarding.l2_multi:Flood multicast from 12:34:56:78:01:03[1;m

[1;41m[1;33m[c1] DEBUG:forwarding.l2_multi:12:34:56:78:02:03 moved from 00-00-00-00-00-03.1 to 00-00-00-00-00-01.2?[1;m

[1;41m[1;33m[c1] DEBUG:forwarding.l2_multi:Learned 12:34:56:78:02:03 at 00-00-00-00-00-01.2[1;m

[1;41m[1;33m[c1] DEBUG:forwarding.l2_multi:Flood multicast from 12:34:56:78:02:03[1;m

[1;41m[1;33m[c1] DEBUG:forwarding.l2_multi:12:34:56:78:03:03 moved from 00-00-00-00-00-02.1 to 00-00-00-00-00-01.1?[1;m

[1;41m[1;33m[c1] DEBUG:forwarding.l2_multi:Learned 12:34:56:78:03:03 at 00-00-00-00-00-01.1[1;m

[1;41m[1;33m[c1] DEBUG:forwarding.l2_multi:Flood multicast from 12:34:56:78:03:03[1;m

[1;36m[1;44m00:00.847 00:00.834 Successfully matched event ControlMessageReceive:i53 c c1 -> s 1 [ofp_packet_out: actions=(u'output(65531)',), data=(), in_port=1][1;m
[1;36m[1;36mRound 9[1;37m[1;m
[1;36mForwarding dataplane event[1;m
[1;36mForwarding dataplane event[1;m
[1;36m[1;44m00:00.849 00:00.834 Successfully matched event ControlMessageReceive:i54 c c1 -> s 3 [ofp_packet_out: actions=(u'output(65531)',), data=(), in_port=2][1;m
[1;36mForwarding dataplane event[1;m
[1;36mForwarding dataplane event[1;m
[1;36m[1;44m00:00.850 00:00.835 Successfully matched event ControlMessageReceive:i55 c c1 -> s 1 [ofp_packet_out: actions=(u'output(65531)',), data=(), in_port=2][1;m
[1;36mForwarding dataplane event[1;m
[1;36mForwarding dataplane event[1;m
[1;36m[1;44m00:00.851 00:00.836 Successfully matched event ControlMessageReceive:i56 c c1 -> s 3 [ofp_packet_out: actions=(u'output(65531)',), data=(), in_port=1][1;m
[1;36mForwarding dataplane event[1;m
[1;36mForwarding dataplane event[1;m
[1;36m[1;44m00:00.852 00:00.836 Successfully matched event ControlMessageReceive:i57 c c1 -> s 2 [ofp_packet_out: actions=(u'output(65531)',), data=(), in_port=2][1;m
[1;36mForwarding dataplane event[1;m
[1;36mForwarding dataplane event[1;m
[1;36m[1;44m00:00.853 00:00.837 Successfully matched event ControlMessageReceive:i58 c c1 -> s 2 [ofp_packet_out: actions=(u'output(65531)',), data=(), in_port=1][1;m
[1;36mForwarding dataplane event[1;m
[1;36mForwarding dataplane event[1;m
[1;36m[1;44m00:01.171 00:00.838 Successfully matched event ControlMessageReceive:i59 c c1 -> s 3 [ofp_packet_out: actions=(u'output(1)',), data={u'class': u'lldp'}, in_port=65535][1;m
[1;36mForwarding dataplane event[1;m
[1;36m[1;44m00:01.173 00:00.839 Successfully matched event DataplanePermit:i60[1;m
[1;36m[1;44m00:01.174 00:00.840 Successfully matched event DataplanePermit:i61[1;m
[1;36m[1;44m00:01.174 00:00.840 Successfully matched event DataplanePermit:i62[1;m
[1;36m[1;44m00:01.175 00:00.841 Successfully matched event DataplanePermit:i63[1;m
[1;36m[1;44m00:01.175 00:00.842 Successfully matched event DataplanePermit:i64[1;m
[1;36m[1;44m00:01.175 00:00.843 Successfully matched event DataplanePermit:i65[1;m
[1;36m[1;44m00:01.175 00:00.844 Successfully matched event DataplanePermit:i66[1;m
[1;36m[1;44m00:01.175 00:00.844 Successfully matched event DataplanePermit:i67[1;m
[1;36m[1;44m00:01.176 00:00.845 Successfully matched event DataplanePermit:i68[1;m
[1;36m[1;44m00:01.176 00:00.846 Successfully matched event DataplanePermit:i69[1;m
[1;36m[1;44m00:01.176 00:00.847 Successfully matched event DataplanePermit:i70[1;m
[1;36m[1;44m00:01.176 00:00.848 Successfully matched event DataplanePermit:i71[1;m
[1;36m[1;44m00:01.176 00:00.848 Successfully matched event DataplanePermit:i72[1;m
[1;36m[1;44m00:01.177 00:00.949 Successfully matched event ControlMessageSend:i73 c 2 -> s c1 [ofp_packet_in: data={u'class': u'lldp'}, in_port=1][1;m
[1;36m[1;36mRound 10[1;37m[1;m
[1;36m[1;44m00:01.177 00:00.949 Successfully matched event ControlMessageSend:i74 c 3 -> s c1 [ofp_packet_in: data={u'class': u'arp'}, in_port=1][1;m
[1;36m[1;44m00:01.177 00:00.949 Successfully matched event ControlMessageSend:i75 c 1 -> s c1 [ofp_packet_in: data={u'class': u'arp'}, in_port=2][1;m
[1;36m[1;44m00:01.178 00:00.950 Successfully matched event ControlMessageSend:i76 c 2 -> s c1 [ofp_packet_in: data={u'class': u'arp'}, in_port=1][1;m
[1;36m[1;44m00:01.178 00:00.950 Successfully matched event ControlMessageSend:i77 c 3 -> s c1 [ofp_packet_in: data={u'class': u'arp'}, in_port=2][1;m
[1;36m[1;44m00:01.179 00:00.950 Successfully matched event ControlMessageSend:i78 c 2 -> s c1 [ofp_packet_in: data={u'class': u'arp'}, in_port=2][1;m
[1;36m[1;44m00:01.179 00:00.950 Successfully matched event ControlMessageSend:i79 c 1 -> s c1 [ofp_packet_in: data={u'class': u'arp'}, in_port=1][1;m
[1;41m[1;33m[c1] DEBUG:forwarding.l2_multi:12:34:56:78:01:03 moved from 00-00-00-00-00-02.2 to 00-00-00-00-00-03.1?[1;m

[1;41m[1;33m[c1] DEBUG:forwarding.l2_multi:Learned 12:34:56:78:01:03 at 00-00-00-00-00-03.1[1;m

[1;41m[1;33m[c1] DEBUG:forwarding.l2_multi:Flood multicast from 12:34:56:78:01:03[1;m

[1;41m[1;33m[c1] DEBUG:forwarding.l2_multi:12:34:56:78:02:03 moved from 00-00-00-00-00-01.2 to 00-00-00-00-00-03.2?[1;m

[1;41m[1;33m[c1] DEBUG:forwarding.l2_multi:Learned 12:34:56:78:02:03 at 00-00-00-00-00-03.2[1;m

[1;41m[1;33m[c1] DEBUG:forwarding.l2_multi:Flood multicast from 12:34:56:78:02:03[1;m

[1;41m[1;33m[c1] INFO:openflow.discovery:link detected: 00-00-00-00-00-03.1 -> 00-00-00-00-00-02.1[1;m

[1;41m[1;33m[c1] DEBUG:forwarding.l2_multi:Unlearned 12:34:56:78:01:03[1;m

[1;41m[1;33m[c1] DEBUG:forwarding.l2_multi:Learned 12:34:56:78:01:03 at 00-00-00-00-00-02.1[1;m

[1;41m[1;33m[c1] DEBUG:forwarding.l2_multi:Flood multicast from 12:34:56:78:01:03[1;m

[1;41m[1;33m[c1] DEBUG:forwarding.l2_multi:12:34:56:78:03:03 moved from 00-00-00-00-00-01.1 to 00-00-00-00-00-02.2?[1;m

[1;41m[1;33m[c1] DEBUG:forwarding.l2_multi:Learned 12:34:56:78:03:03 at 00-00-00-00-00-02.2[1;m

[1;41m[1;33m[c1] DEBUG:forwarding.l2_multi:Flood multicast from 12:34:56:78:03:03[1;m

[1;41m[1;33m[c1] DEBUG:forwarding.l2_multi:12:34:56:78:03:03 moved from 00-00-00-00-00-02.2 to 00-00-00-00-00-01.2?[1;m

[1;41m[1;33m[c1] DEBUG:forwarding.l2_multi:Learned 12:34:56:78:03:03 at 00-00-00-00-00-01.2[1;m

[1;41m[1;33m[c1] DEBUG:forwarding.l2_multi:Flood multicast from 12:34:56:78:03:03[1;m

[1;41m[1;33m[c1] DEBUG:forwarding.l2_multi:12:34:56:78:02:03 moved from 00-00-00-00-00-03.2 to 00-00-00-00-00-01.1?[1;m

[1;41m[1;33m[c1] DEBUG:forwarding.l2_multi:Learned 12:34:56:78:02:03 at 00-00-00-00-00-01.1[1;m

[1;41m[1;33m[c1] DEBUG:forwarding.l2_multi:Flood multicast from 12:34:56:78:02:03[1;m

[1;36m[1;44m00:01.221 00:01.051 Successfully matched event ControlMessageReceive:i80 c c1 -> s 2 [ofp_flow_mod: hard_timeout=0, out_port=65535, priority=32768, idle_timeout=0, command=delete, actions=(), flags=0, match=x^L,in_port:None][1;m
[1;36m[1;36mRound 11[1;37m[1;m
[1;36m[1;44m00:01.222 00:01.052 Successfully matched event ControlMessageReceive:i81 c c1 -> s 1 [ofp_flow_mod: hard_timeout=0, out_port=65535, priority=32768, idle_timeout=0, command=delete, actions=(), flags=0, match=x^L,in_port:None][1;m
[1;36m[1;44m00:01.225 00:01.053 Successfully matched event ControlMessageReceive:i82 c c1 -> s 1 [ofp_packet_out: actions=(u'output(65531)',), data=(), in_port=1][1;m
[1;36mForwarding dataplane event[1;m
[1;36mForwarding dataplane event[1;m
[1;36m[1;44m00:01.227 00:01.054 Successfully matched event ControlMessageReceive:i83 c c1 -> s 3 [ofp_packet_out: actions=(u'output(65531)',), data=(), in_port=2][1;m
[1;36mForwarding dataplane event[1;m
[1;36mForwarding dataplane event[1;m
[1;36m[1;44m00:01.229 00:01.055 Successfully matched event ControlMessageReceive:i84 c c1 -> s 1 [ofp_packet_out: actions=(u'output(65531)',), data=(), in_port=2][1;m
[1;36mForwarding dataplane event[1;m
[1;36mForwarding dataplane event[1;m
[1;36m[1;44m00:01.231 00:01.055 Successfully matched event ControlMessageReceive:i85 c c1 -> s 2 [ofp_packet_out: actions=(), data=(), in_port=1][1;m
[1;36m[1;44m00:01.232 00:01.056 Successfully matched event ControlMessageReceive:i86 c c1 -> s 3 [ofp_packet_out: actions=(u'output(65531)',), data=(), in_port=1][1;m
[1;36mForwarding dataplane event[1;m
[1;36mForwarding dataplane event[1;m
[1;36m[1;44m00:01.234 00:01.057 Successfully matched event ControlMessageReceive:i87 c c1 -> s 3 [ofp_flow_mod: hard_timeout=0, out_port=65535, priority=32768, idle_timeout=0, command=delete, actions=(), flags=0, match=x^L,in_port:None][1;m
[1;36m[1;44m00:01.235 00:01.057 Successfully matched event ControlMessageReceive:i88 c c1 -> s 2 [ofp_packet_out: actions=(u'output(65531)',), data=(), in_port=1][1;m
[1;36mForwarding dataplane event[1;m
[1;36mForwarding dataplane event[1;m
[1;36m[1;44m00:01.236 00:01.058 Successfully matched event ControlMessageReceive:i89 c c1 -> s 2 [ofp_packet_out: actions=(u'output(65531)',), data=(), in_port=2][1;m
[1;36mForwarding dataplane event[1;m
[1;36mForwarding dataplane event[1;m
[1;36m[1;44m00:01.237 00:01.059 Successfully matched event DataplanePermit:i90[1;m
[1;36m[1;44m00:01.237 00:01.060 Successfully matched event DataplanePermit:i91[1;m
[1;36m[1;44m00:01.237 00:01.061 Successfully matched event DataplanePermit:i92[1;m
[1;36m[1;44m00:01.238 00:01.061 Successfully matched event DataplanePermit:i93[1;m
[1;36m[1;44m00:01.238 00:01.062 Successfully matched event DataplanePermit:i94[1;m
[1;36m[1;44m00:01.238 00:01.063 Successfully matched event DataplanePermit:i95[1;m
[1;36m[1;44m00:01.238 00:01.063 Successfully matched event DataplanePermit:i96[1;m
[1;36m[1;44m00:01.238 00:01.064 Successfully matched event DataplanePermit:i97[1;m
[1;36m[1;44m00:01.238 00:01.065 Successfully matched event DataplanePermit:i98[1;m
[1;36m[1;44m00:01.239 00:01.065 Successfully matched event DataplanePermit:i99[1;m
[1;36m[1;44m00:01.239 00:01.065 Successfully matched event DataplanePermit:i100[1;m
[1;36m[1;44m00:01.239 00:01.066 Successfully matched event DataplanePermit:i101[1;m
[1;36m[1;44m00:01.239 00:01.166 Successfully matched event ControlMessageSend:i102 c 2 -> s c1 [ofp_packet_in: data={u'class': u'arp'}, in_port=1][1;m
[1;36m[1;36mRound 12[1;37m[1;m
[1;36m[1;44m00:01.240 00:01.167 Successfully matched event ControlMessageSend:i103 c 3 -> s c1 [ofp_packet_in: data={u'class': u'arp'}, in_port=1][1;m
[1;36m[1;44m00:01.240 00:01.167 Successfully matched event ControlMessageSend:i104 c 1 -> s c1 [ofp_packet_in: data={u'class': u'arp'}, in_port=2][1;m
[1;36m[1;44m00:01.241 00:01.167 Successfully matched event ControlMessageSend:i105 c 3 -> s c1 [ofp_packet_in: data={u'class': u'arp'}, in_port=2][1;m
[1;36m[1;44m00:01.241 00:01.167 Successfully matched event ControlMessageSend:i106 c 2 -> s c1 [ofp_packet_in: data={u'class': u'arp'}, in_port=2][1;m
[1;36m[1;44m00:01.241 00:01.167 Successfully matched event ControlMessageSend:i107 c 1 -> s c1 [ofp_packet_in: data={u'class': u'arp'}, in_port=1][1;m
[1;41m[1;33m[c1] DEBUG:forwarding.l2_multi:12:34:56:78:03:03 moved from 00-00-00-00-00-01.2 to 00-00-00-00-00-03.1?[1;m

[1;41m[1;33m[c1] DEBUG:forwarding.l2_multi:Learned 12:34:56:78:03:03 at 00-00-00-00-00-03.1[1;m

[1;41m[1;33m[c1] DEBUG:forwarding.l2_multi:Flood multicast from 12:34:56:78:03:03[1;m

[1;41m[1;33m[c1] DEBUG:forwarding.l2_multi:12:34:56:78:03:03 moved from 00-00-00-00-00-03.1 to 00-00-00-00-00-03.2?[1;m

[1;41m[1;33m[c1] DEBUG:forwarding.l2_multi:Learned 12:34:56:78:03:03 at 00-00-00-00-00-03.2[1;m

[1;41m[1;33m[c1] DEBUG:forwarding.l2_multi:Flood multicast from 12:34:56:78:03:03[1;m

[1;41m[1;33m[c1] DEBUG:forwarding.l2_multi:12:34:56:78:02:03 moved from 00-00-00-00-00-01.1 to 00-00-00-00-00-02.1?[1;m

[1;41m[1;33m[c1] DEBUG:forwarding.l2_multi:Learned 12:34:56:78:02:03 at 00-00-00-00-00-02.1[1;m

[1;41m[1;33m[c1] DEBUG:forwarding.l2_multi:Flood multicast from 12:34:56:78:02:03[1;m

[1;41m[1;33m[c1] DEBUG:forwarding.l2_multi:12:34:56:78:02:03 moved from 00-00-00-00-00-02.1 to 00-00-00-00-00-02.2?[1;m

[1;41m[1;33m[c1] DEBUG:forwarding.l2_multi:Learned 12:34:56:78:02:03 at 00-00-00-00-00-02.2[1;m

[1;41m[1;33m[c1] DEBUG:forwarding.l2_multi:Flood multicast from 12:34:56:78:02:03[1;m

[1;41m[1;33m[c1] DEBUG:forwarding.l2_multi:12:34:56:78:01:03 moved from 00-00-00-00-00-02.1 to 00-00-00-00-00-01.2?[1;m

[1;41m[1;33m[c1] DEBUG:forwarding.l2_multi:Learned 12:34:56:78:01:03 at 00-00-00-00-00-01.2[1;m

[1;41m[1;33m[c1] DEBUG:forwarding.l2_multi:Flood multicast from 12:34:56:78:01:03[1;m

[1;41m[1;33m[c1] DEBUG:forwarding.l2_multi:12:34:56:78:01:03 moved from 00-00-00-00-00-01.2 to 00-00-00-00-00-01.1?[1;m

[1;41m[1;33m[c1] DEBUG:forwarding.l2_multi:Learned 12:34:56:78:01:03 at 00-00-00-00-00-01.1[1;m

[1;41m[1;33m[c1] DEBUG:forwarding.l2_multi:Flood multicast from 12:34:56:78:01:03[1;m

[1;36m[1;44m00:01.284 00:01.268 Successfully matched event ControlMessageReceive:i108 c c1 -> s 1 [ofp_packet_out: actions=(u'output(65531)',), data=(), in_port=1][1;m
[1;36m[1;36mRound 13[1;37m[1;m
[1;36mForwarding dataplane event[1;m
[1;36mForwarding dataplane event[1;m
[1;36m[1;44m00:01.287 00:01.269 Successfully matched event ControlMessageReceive:i109 c c1 -> s 3 [ofp_packet_out: actions=(u'output(65531)',), data=(), in_port=2][1;m
[1;36mForwarding dataplane event[1;m
[1;36mForwarding dataplane event[1;m
[1;36mForwarding dataplane event[1;m
[1;36m[1;44m00:01.290 00:01.270 Successfully matched event ControlMessageReceive:i110 c c1 -> s 1 [ofp_packet_out: actions=(u'output(65531)',), data=(), in_port=2][1;m
[1;36mForwarding dataplane event[1;m
[1;36mForwarding dataplane event[1;m
[1;36mForwarding dataplane event[1;m
[1;36m[1;44m00:01.293 00:01.270 Successfully matched event ControlMessageReceive:i111 c c1 -> s 3 [ofp_packet_out: actions=(u'output(65531)',), data=(), in_port=1][1;m
[1;36mForwarding dataplane event[1;m
[1;36mForwarding dataplane event[1;m
[1;36mForwarding dataplane event[1;m
[1;36m[1;44m00:01.295 00:01.271 Successfully matched event ControlMessageReceive:i112 c c1 -> s 2 [ofp_packet_out: actions=(u'output(65531)',), data=(), in_port=2][1;m
[1;36mForwarding dataplane event[1;m
[1;36mForwarding dataplane event[1;m
[1;36mForwarding dataplane event[1;m
[1;36m[1;44m00:01.297 00:01.272 Successfully matched event ControlMessageReceive:i113 c c1 -> s 2 [ofp_packet_out: actions=(u'output(65531)',), data=(), in_port=1][1;m
[1;36mForwarding dataplane event[1;m
[1;36mForwarding dataplane event[1;m
[1;36mForwarding dataplane event[1;m
[1;36m[1;44m00:01.298 00:01.273 Successfully matched event DataplanePermit:i114[1;m
[1;36mForwarding dataplane event[1;m
[1;36m[1;44m00:01.299 00:01.274 Successfully matched event DataplanePermit:i115[1;m
[1;36m[1;44m00:01.299 00:01.275 Successfully matched event DataplanePermit:i116[1;m
[1;36m[1;44m00:01.299 00:01.276 Successfully matched event DataplanePermit:i117[1;m
[1;36m[1;44m00:01.299 00:01.277 Successfully matched event DataplanePermit:i118[1;m
[1;36m[1;44m00:01.299 00:01.278 Successfully matched event DataplanePermit:i119[1;m
[1;36m[1;44m00:01.300 00:01.279 Successfully matched event DataplanePermit:i120[1;m
[1;36m[1;44m00:01.300 00:01.280 Successfully matched event DataplanePermit:i121[1;m
[1;36m[1;44m00:01.300 00:01.281 Successfully matched event DataplanePermit:i122[1;m
[1;36m[1;44m00:01.300 00:01.281 Successfully matched event DataplanePermit:i123[1;m
[1;36m[1;44m00:01.300 00:01.281 Successfully matched event DataplanePermit:i124[1;m
[1;36m[1;44m00:01.301 00:01.282 Successfully matched event DataplanePermit:i125[1;m
[1;36m[1;44m00:01.727 00:01.382 Successfully matched event ControlMessageReceive:i126 c c1 -> s 3 [ofp_packet_out: actions=(u'output(2)',), data={u'class': u'lldp'}, in_port=65535][1;m
[1;36m[1;36mRound 14[1;37m[1;m
[1;36mForwarding dataplane event[1;m
[1;36m[1;44m00:01.729 00:01.383 Successfully matched event ControlMessageSend:i127 c 2 -> s c1 [ofp_packet_in: data={u'class': u'arp'}, in_port=1][1;m
[1;36m[1;44m00:01.730 00:01.383 Successfully matched event ControlMessageSend:i128 c 3 -> s c1 [ofp_packet_in: data={u'class': u'arp'}, in_port=1][1;m
[1;36m[1;44m00:01.731 00:01.383 Successfully matched event ControlMessageSend:i129 c 1 -> s c1 [ofp_packet_in: data={u'class': u'arp'}, in_port=2][1;m
[1;36m[1;44m00:01.731 00:01.383 Successfully matched event ControlMessageSend:i130 c 3 -> s c1 [ofp_packet_in: data={u'class': u'arp'}, in_port=2][1;m
[1;36m[1;44m00:01.732 00:01.384 Successfully matched event ControlMessageSend:i131 c 2 -> s c1 [ofp_packet_in: data={u'class': u'arp'}, in_port=2][1;m
[1;36m[1;44m00:01.733 00:01.384 Successfully matched event ControlMessageSend:i132 c 1 -> s c1 [ofp_packet_in: data={u'class': u'arp'}, in_port=1][1;m
[1;36m[1;44m00:01.734 00:01.384 Successfully matched event DataplanePermit:i133[1;m
[1;36m[1;44m00:01.734 00:01.385 Successfully matched event DataplanePermit:i134[1;m
[1;36m[1;44m00:01.735 00:01.386 Successfully matched event DataplanePermit:i135[1;m
[1;36m[1;44m00:01.735 00:01.386 Successfully matched event DataplanePermit:i136[1;m
[1;36m[1;44m00:01.735 00:01.387 Successfully matched event DataplanePermit:i137[1;m
[1;36m[1;44m00:01.736 00:01.388 Successfully matched event DataplanePermit:i138[1;m
[1;36m[1;44m00:01.736 00:01.389 Successfully matched event DataplanePermit:i139[1;m
[1;41m[1;33m[c1] DEBUG:forwarding.l2_multi:12:34:56:78:02:03 moved from 00-00-00-00-00-02.2 to 00-00-00-00-00-03.1?[1;m

[1;41m[1;33m[c1] DEBUG:forwarding.l2_multi:Learned 12:34:56:78:02:03 at 00-00-00-00-00-03.1[1;m

[1;41m[1;33m[c1] DEBUG:forwarding.l2_multi:Flood multicast from 12:34:56:78:02:03[1;m

[1;41m[1;33m[c1] DEBUG:forwarding.l2_multi:12:34:56:78:01:03 moved from 00-00-00-00-00-01.1 to 00-00-00-00-00-03.2?[1;m

[1;41m[1;33m[c1] DEBUG:forwarding.l2_multi:Learned 12:34:56:78:01:03 at 00-00-00-00-00-03.2[1;m

[1;41m[1;33m[c1] DEBUG:forwarding.l2_multi:Flood multicast from 12:34:56:78:01:03[1;m

[1;41m[1;33m[c1] DEBUG:forwarding.l2_multi:12:34:56:78:03:03 moved from 00-00-00-00-00-03.2 to 00-00-00-00-00-02.1?[1;m

[1;41m[1;33m[c1] DEBUG:forwarding.l2_multi:Learned 12:34:56:78:03:03 at 00-00-00-00-00-02.1[1;m

[1;41m[1;33m[c1] DEBUG:forwarding.l2_multi:Flood multicast from 12:34:56:78:03:03[1;m

[1;41m[1;33m[c1] DEBUG:forwarding.l2_multi:12:34:56:78:01:03 moved from 00-00-00-00-00-03.2 to 00-00-00-00-00-02.2?[1;m

[1;41m[1;33m[c1] DEBUG:forwarding.l2_multi:Learned 12:34:56:78:01:03 at 00-00-00-00-00-02.2[1;m

[1;41m[1;33m[c1] DEBUG:forwarding.l2_multi:Flood multicast from 12:34:56:78:01:03[1;m

[1;41m[1;33m[c1] DEBUG:forwarding.l2_multi:12:34:56:78:02:03 moved from 00-00-00-00-00-03.1 to 00-00-00-00-00-01.2?[1;m

[1;41m[1;33m[c1] DEBUG:forwarding.l2_multi:Learned 12:34:56:78:02:03 at 00-00-00-00-00-01.2[1;m

[1;41m[1;33m[c1] DEBUG:forwarding.l2_multi:Flood multicast from 12:34:56:78:02:03[1;m

[1;41m[1;33m[c1] DEBUG:forwarding.l2_multi:12:34:56:78:03:03 moved from 00-00-00-00-00-02.1 to 00-00-00-00-00-01.1?[1;m

[1;41m[1;33m[c1] DEBUG:forwarding.l2_multi:Learned 12:34:56:78:03:03 at 00-00-00-00-00-01.1[1;m

[1;41m[1;33m[c1] DEBUG:forwarding.l2_multi:Flood multicast from 12:34:56:78:03:03[1;m

[1;36m[1;44m00:01.780 00:01.489 Successfully matched event ControlMessageReceive:i140 c c1 -> s 1 [ofp_packet_out: actions=(u'output(65531)',), data=(), in_port=1][1;m
[1;36m[1;36mRound 15[1;37m[1;m
[1;36mForwarding dataplane event[1;m
[1;36mForwarding dataplane event[1;m
[1;36m[1;44m00:01.782 00:01.490 Successfully matched event ControlMessageReceive:i141 c c1 -> s 3 [ofp_packet_out: actions=(u'output(65531)',), data=(), in_port=2][1;m
[1;36mForwarding dataplane event[1;m
[1;36mForwarding dataplane event[1;m
[1;36m[1;44m00:01.785 00:01.491 Successfully matched event ControlMessageReceive:i142 c c1 -> s 1 [ofp_packet_out: actions=(u'output(65531)',), data=(), in_port=2][1;m
[1;36mForwarding dataplane event[1;m
[1;36mForwarding dataplane event[1;m
[1;36m[1;44m00:01.787 00:01.491 Successfully matched event ControlMessageReceive:i143 c c1 -> s 3 [ofp_packet_out: actions=(u'output(65531)',), data=(), in_port=1][1;m
[1;36mForwarding dataplane event[1;m
[1;36mForwarding dataplane event[1;m
[1;36m[1;44m00:01.789 00:01.492 Successfully matched event ControlMessageReceive:i144 c c1 -> s 2 [ofp_packet_out: actions=(u'output(65531)',), data=(), in_port=2][1;m
[1;36mForwarding dataplane event[1;m
[1;36mForwarding dataplane event[1;m
[1;36m[1;44m00:01.791 00:01.493 Successfully matched event ControlMessageReceive:i145 c c1 -> s 2 [ofp_packet_out: actions=(u'output(65531)',), data=(), in_port=1][1;m
[1;36mForwarding dataplane event[1;m
[1;36mForwarding dataplane event[1;m
[1;36m[1;44m00:01.793 00:01.493 Successfully matched event ControlMessageSend:i146 c 2 -> s c1 [ofp_packet_in: data={u'class': u'arp'}, in_port=3][1;m
[1;36m[1;44m00:01.794 00:01.494 Successfully matched event ControlMessageSend:i147 c 3 -> s c1 [ofp_packet_in: data={u'class': u'arp'}, in_port=3][1;m
[1;36m[1;44m00:01.795 00:01.494 Successfully matched event ControlMessageSend:i148 c 1 -> s c1 [ofp_packet_in: data={u'class': u'arp'}, in_port=3][1;m
[1;36m[1;44m00:01.796 00:01.495 Successfully matched event ControlMessageSend:i149 c 1 -> s c1 [ofp_packet_in: data={u'class': u'lldp'}, in_port=1][1;m
[1;36m[1;44m00:01.797 00:01.496 Successfully matched event TrafficInjection:e150[1;m
[1;36mForwarding dataplane event[1;m
[1;36m[1;44m00:01.799 00:01.497 Successfully matched event TrafficInjection:e151[1;m
[1;36mForwarding dataplane event[1;m
[1;36m[1;44m00:01.799 00:01.498 Successfully matched event DataplanePermit:i153[1;m
[1;36m[1;44m00:01.800 00:01.498 Successfully matched event DataplanePermit:i154[1;m
[1;36m[1;44m00:01.800 00:01.498 Successfully matched event DataplanePermit:i155[1;m
[1;36m[1;44m00:01.800 00:01.499 Successfully matched event DataplanePermit:i156[1;m
[1;36m[1;44m00:01.800 00:01.499 Successfully matched event DataplanePermit:i157[1;m
[1;36m[1;44m00:01.800 00:01.499 Successfully matched event DataplanePermit:i158[1;m
[1;36m[1;44m00:01.800 00:01.500 Successfully matched event DataplanePermit:i159[1;m
[1;36m[1;44m00:01.801 00:01.500 Successfully matched event DataplanePermit:i160[1;m
[1;36m[1;44m00:01.801 00:01.500 Successfully matched event DataplanePermit:i161[1;m
[1;36m[1;44m00:01.801 00:01.501 Successfully matched event DataplanePermit:i162[1;m
[1;36m[1;44m00:01.801 00:01.501 Successfully matched event DataplanePermit:i163[1;m
[1;36m[1;44m00:01.801 00:01.501 Successfully matched event DataplanePermit:i164[1;m
[1;36m[1;44m00:01.802 00:01.502 Successfully matched event DataplanePermit:i165[1;m
[1;36m[1;44m00:01.802 00:01.502 Successfully matched event DataplanePermit:i166[1;m
[1;36m[1;44m00:01.802 00:01.502 Successfully matched event DataplanePermit:i167[1;m
[1;41m[1;33m[c1] DEBUG:forwarding.l2_multi:12:34:56:78:03:03 moved from 00-00-00-00-00-01.1 to 00-00-00-00-00-03.3?[1;m

[1;41m[1;33m[c1] DEBUG:forwarding.l2_multi:Learned 12:34:56:78:03:03 at 00-00-00-00-00-03.3[1;m

[1;36m[1;44m00:01.806 00:01.604 Successfully matched event ControlMessageReceive:i168 c c1 -> s 3 [ofp_flow_mod: hard_timeout=30, out_port=65535, priority=32768, idle_timeout=10, command=add, actions=(u'output(3)',), flags=0, match=dl_src:12:34:56:78:03:03,dl_dst:12:34:56:78:03:03,dl_vlan:65535,dl_vlan_pcp:0,dl_type:2054,nw_proto:2,nw_src:10.3.3.2/32,nw_dst:10.3.3.2/32,in_port:None][1;m[1;41m[1;33m[c1] DEBUG:forwarding.l2_multi:Installing path for 12:34:56:78:03:03 -> 12:34:56:78:03:03 0806 (1 hops)[1;m

[1;36m[1;36mRound 16[1;37m[1;m

[1;41m[1;33m[c1] DEBUG:forwarding.l2_multi:12:34:56:78:02:03 moved from 00-00-00-00-00-01.2 to 00-00-00-00-00-02.3?[1;m

[1;41m[1;33m[c1] DEBUG:forwarding.l2_multi:Learned 12:34:56:78:02:03 at 00-00-00-00-00-02.3[1;m

[1;41m[1;33m[c1] DEBUG:forwarding.l2_multi:Installing path for 12:34:56:78:02:03 -> 12:34:56:78:02:03 0806 (1 hops)[1;m

[1;41m[1;33m[c1] DEBUG:forwarding.l2_multi:12:34:56:78:01:03 moved from 00-00-00-00-00-02.2 to 00-00-00-00-00-01.3?[1;m

[1;41m[1;33m[c1] DEBUG:forwarding.l2_multi:Learned 12:34:56:78:01:03 at 00-00-00-00-00-01.3[1;m

[1;41m[1;33m[c1] DEBUG:forwarding.l2_multi:Installing path for 12:34:56:78:01:03 -> 12:34:56:78:01:03 0806 (1 hops)[1;m

[1;41m[1;33m[c1] INFO:openflow.discovery:link detected: 00-00-00-00-00-03.2 -> 00-00-00-00-00-01.1[1;m

[1;36m[1;44m00:01.847 00:01.605 Successfully matched event ControlMessageReceive:i169 c c1 -> s 1 [ofp_flow_mod: hard_timeout=0, out_port=65535, priority=32768, idle_timeout=0, command=delete, actions=(), flags=0, match=x^L,in_port:None][1;m
[1;36m[1;44m00:01.848 00:01.606 Successfully matched event ControlMessageReceive:i170 c c1 -> s 2 [ofp_flow_mod: hard_timeout=0, out_port=65535, priority=32768, idle_timeout=0, command=delete, actions=(), flags=0, match=x^L,in_port:None][1;m
[1;36m[1;44m00:01.850 00:01.607 Successfully matched event ControlMessageReceive:i171 c c1 -> s 2 [ofp_flow_mod: hard_timeout=30, out_port=65535, priority=32768, idle_timeout=10, command=add, actions=(u'output(3)',), flags=0, match=dl_src:12:34:56:78:02:03,dl_dst:12:34:56:78:02:03,dl_vlan:65535,dl_vlan_pcp:0,dl_type:2054,nw_proto:2,nw_src:10.2.3.2/32,nw_dst:10.2.3.2/32,in_port:None][1;m
[1;36m[1;44m00:01.851 00:01.609 Successfully matched event ControlMessageReceive:i172 c c1 -> s 1 [ofp_flow_mod: hard_timeout=30, out_port=65535, priority=32768, idle_timeout=10, command=add, actions=(u'output(3)',), flags=0, match=dl_src:12:34:56:78:01:03,dl_dst:12:34:56:78:01:03,dl_vlan:65535,dl_vlan_pcp:0,dl_type:2054,nw_proto:2,nw_src:10.1.3.2/32,nw_dst:10.1.3.2/32,in_port:None][1;m
[1;36m[1;44m00:01.853 00:01.609 Successfully matched event ControlMessageReceive:i173 c c1 -> s 1 [ofp_packet_out: actions=(), data=(), in_port=1][1;m
[1;36m[1;44m00:01.854 00:01.610 Successfully matched event ControlMessageReceive:i174 c c1 -> s 1 [ofp_flow_mod: hard_timeout=0, out_port=65535, priority=123, idle_timeout=0, command=add, actions=(), flags=0, match=x^L,in_port:None][1;m
[1;36m[1;44m00:01.855 00:01.611 Successfully matched event ControlMessageReceive:i175 c c1 -> s 3 [ofp_flow_mod: hard_timeout=0, out_port=65535, priority=32768, idle_timeout=0, command=delete, actions=(), flags=0, match=x^L,in_port:None][1;m
[1;36m[1;44m00:01.856 00:01.612 Successfully matched event ControlMessageSend:i176 c 2 -> s c1 [ofp_packet_in: data={u'class': u'arp'}, in_port=1][1;m
[1;36m[1;44m00:01.857 00:01.613 Successfully matched event ControlMessageSend:i177 c 3 -> s c1 [ofp_packet_in: data={u'class': u'arp'}, in_port=1][1;m
[1;36m[1;44m00:01.858 00:01.613 Successfully matched event ControlMessageSend:i178 c 2 -> s c1 [ofp_packet_in: data={u'class': u'arp'}, in_port=3][1;m
[1;36m[1;44m00:01.859 00:01.614 Successfully matched event ControlMessageSend:i179 c 3 -> s c1 [ofp_packet_in: data={u'class': u'arp'}, in_port=3][1;m
[1;36m[1;44m00:01.859 00:01.614 Successfully matched event ControlMessageSend:i180 c 2 -> s c1 [ofp_packet_in: data={u'class': u'arp'}, in_port=2][1;m
[1;36m[1;44m00:01.859 00:01.615 Successfully matched event ControlMessageSend:i181 c 3 -> s c1 [ofp_packet_in: data={u'class': u'arp'}, in_port=2][1;m
[1;36m[1;44m00:01.860 00:01.615 Successfully matched event ControlMessageSend:i182 c 1 -> s c1 [ofp_packet_in: data={u'class': u'arp'}, in_port=3][1;m
[1;36m[1;44m00:01.860 00:01.615 Successfully matched event ControlMessageSend:i183 c 1 -> s c1 [ofp_packet_in: data={u'class': u'arp'}, in_port=1][1;m
[1;36m[1;44m00:01.861 00:01.616 Successfully matched event ControlMessageSend:i184 c 1 -> s c1 [ofp_packet_in: data={u'class': u'arp'}, in_port=2][1;m
[1;41m[1;33m[c1] DEBUG:forwarding.l2_multi:12:34:56:78:01:03 moved from 00-00-00-00-00-01.3 to 00-00-00-00-00-03.1?[1;m

[1;41m[1;33m[c1] DEBUG:forwarding.l2_multi:Learned 12:34:56:78:01:03 at 00-00-00-00-00-03.1[1;m

[1;41m[1;33m[c1] DEBUG:forwarding.l2_multi:Flood multicast from 12:34:56:78:01:03[1;m

[1;41m[1;33m[c1] DEBUG:forwarding.l2_multi:Installing path for 12:34:56:78:03:03 -> 12:34:56:78:03:03 0806 (1 hops)[1;m

[1;36m[1;44m00:01.866 00:01.717 Successfully matched event ControlMessageReceive:i185 c c1 -> s 3 [ofp_flow_mod: hard_timeout=30, out_port=65535, priority=32768, idle_timeout=10, command=add, actions=(u'output(3)',), flags=0, match=dl_src:12:34:56:78:03:03,dl_dst:12:34:56:78:03:03,dl_vlan:65535,dl_vlan_pcp:0,dl_type:2054,nw_proto:2,nw_src:10.3.3.2/32,nw_dst:10.3.3.2/32,in_port:None][1;m
[1;36m[1;36mRound 17[1;37m[1;m[1;41m[1;33m[c1] DEBUG:forwarding.l2_multi:12:34:56:78:02:03 moved from 00-00-00-00-00-02.3 to 00-00-00-00-00-03.2?[1;m


[1;41m[1;33m[c1] DEBUG:forwarding.l2_multi:Learned 12:34:56:78:02:03 at 00-00-00-00-00-03.2[1;m

[1;41m[1;33m[c1] DEBUG:forwarding.l2_multi:Flood multicast from 12:34:56:78:02:03[1;m

[1;41m[1;33m[c1] DEBUG:forwarding.l2_multi:12:34:56:78:01:03 moved from 00-00-00-00-00-03.1 to 00-00-00-00-00-02.1?[1;m

[1;41m[1;33m[c1] DEBUG:forwarding.l2_multi:Learned 12:34:56:78:01:03 at 00-00-00-00-00-02.1[1;m

[1;41m[1;33m[c1] DEBUG:forwarding.l2_multi:Flood multicast from 12:34:56:78:01:03[1;m

[1;41m[1;33m[c1] DEBUG:forwarding.l2_multi:12:34:56:78:02:03 moved from 00-00-00-00-00-03.2 to 00-00-00-00-00-02.3?[1;m

[1;41m[1;33m[c1] DEBUG:forwarding.l2_multi:Learned 12:34:56:78:02:03 at 00-00-00-00-00-02.3[1;m

[1;41m[1;33m[c1] DEBUG:forwarding.l2_multi:Installing path for 12:34:56:78:02:03 -> 12:34:56:78:02:03 0806 (1 hops)[1;m

[1;41m[1;33m[c1] DEBUG:forwarding.l2_multi:12:34:56:78:03:03 moved from 00-00-00-00-00-03.3 to 00-00-00-00-00-02.2?[1;m

[1;41m[1;33m[c1] DEBUG:forwarding.l2_multi:Learned 12:34:56:78:03:03 at 00-00-00-00-00-02.2[1;m

[1;41m[1;33m[c1] DEBUG:forwarding.l2_multi:Flood multicast from 12:34:56:78:03:03[1;m

[1;41m[1;33m[c1] DEBUG:forwarding.l2_multi:12:34:56:78:01:03 moved from 00-00-00-00-00-02.1 to 00-00-00-00-00-01.3?[1;m

[1;41m[1;33m[c1] DEBUG:forwarding.l2_multi:Learned 12:34:56:78:01:03 at 00-00-00-00-00-01.3[1;m

[1;41m[1;33m[c1] DEBUG:forwarding.l2_multi:Installing path for 12:34:56:78:01:03 -> 12:34:56:78:01:03 0806 (1 hops)[1;m

[1;41m[1;33m[c1] DEBUG:forwarding.l2_multi:12:34:56:78:02:03 moved from 00-00-00-00-00-02.3 to 00-00-00-00-00-01.1?[1;m

[1;41m[1;33m[c1] DEBUG:forwarding.l2_multi:Learned 12:34:56:78:02:03 at 00-00-00-00-00-01.1[1;m

[1;41m[1;33m[c1] DEBUG:forwarding.l2_multi:Flood multicast from 12:34:56:78:02:03[1;m

[1;41m[1;33m[c1] DEBUG:forwarding.l2_multi:12:34:56:78:03:03 moved from 00-00-00-00-00-02.2 to 00-00-00-00-00-01.2?[1;m

[1;41m[1;33m[c1] DEBUG:forwarding.l2_multi:Learned 12:34:56:78:03:03 at 00-00-00-00-00-01.2[1;m

[1;41m[1;33m[c1] DEBUG:forwarding.l2_multi:Flood multicast from 12:34:56:78:03:03[1;m

[1;36m[1;44m00:01.908 00:01.718 Successfully matched event ControlMessageReceive:i186 c c1 -> s 1 [ofp_packet_out: actions=(u'output(65531)',), data=(), in_port=1][1;m
[1;36mForwarding dataplane event[1;m
[1;36mForwarding dataplane event[1;m
[1;36m[1;44m00:01.910 00:01.718 Successfully matched event ControlMessageReceive:i187 c c1 -> s 3 [ofp_packet_out: actions=(u'output(65531)',), data=(), in_port=2][1;m
[1;36mForwarding dataplane event[1;m
[1;36mForwarding dataplane event[1;m
[1;36m[1;44m00:01.912 00:01.718 Successfully matched event ControlMessageReceive:i188 c c1 -> s 1 [ofp_packet_out: actions=(u'output(65531)',), data=(), in_port=2][1;m
[1;36mForwarding dataplane event[1;m
[1;36mForwarding dataplane event[1;m
[1;36m[1;44m00:01.915 00:01.719 Successfully matched event ControlMessageReceive:i189 c c1 -> s 2 [ofp_flow_mod: hard_timeout=30, out_port=65535, priority=32768, idle_timeout=10, command=add, actions=(u'output(3)',), flags=0, match=dl_src:12:34:56:78:02:03,dl_dst:12:34:56:78:02:03,dl_vlan:65535,dl_vlan_pcp:0,dl_type:2054,nw_proto:2,nw_src:10.2.3.2/32,nw_dst:10.2.3.2/32,in_port:None][1;m
[1;36m[1;44m00:01.917 00:01.720 Successfully matched event ControlMessageReceive:i190 c c1 -> s 1 [ofp_flow_mod: hard_timeout=30, out_port=65535, priority=32768, idle_timeout=10, command=add, actions=(u'output(3)',), flags=0, match=dl_src:12:34:56:78:01:03,dl_dst:12:34:56:78:01:03,dl_vlan:65535,dl_vlan_pcp:0,dl_type:2054,nw_proto:2,nw_src:10.1.3.2/32,nw_dst:10.1.3.2/32,in_port:None][1;m
[1;36m[1;44m00:01.918 00:01.720 Successfully matched event ControlMessageReceive:i191 c c1 -> s 3 [ofp_packet_out: actions=(u'output(65531)',), data=(), in_port=1][1;m
[1;36mForwarding dataplane event[1;m
[1;36mForwarding dataplane event[1;m
[1;36m[1;44m00:01.919 00:01.721 Successfully matched event ControlMessageReceive:i192 c c1 -> s 1 [ofp_flow_mod: hard_timeout=0, out_port=65535, priority=123, idle_timeout=0, command=add, actions=(), flags=0, match=x^L,in_port:None][1;m
[1;36m[1;44m00:01.920 00:01.721 Successfully matched event ControlMessageReceive:i193 c c1 -> s 2 [ofp_packet_out: actions=(u'output(65531)',), data=(), in_port=2][1;m
[1;36mForwarding dataplane event[1;m
[1;36mForwarding dataplane event[1;m
[1;36m[1;44m00:01.921 00:01.721 Successfully matched event ControlMessageReceive:i194 c c1 -> s 2 [ofp_packet_out: actions=(u'output(65531)',), data=(), in_port=1][1;m
[1;36mForwarding dataplane event[1;m
[1;36mForwarding dataplane event[1;m
[1;36m[1;44m00:01.922 00:01.721 Successfully matched event ControlMessageSend:i195 c 2 -> s c1 [ofp_packet_in: data={u'class': u'arp'}, in_port=3][1;m
[1;41m[1;33m[c1] DEBUG:forwarding.l2_multi:12:34:56:78:02:03 moved from 00-00-00-00-00-01.1 to 00-00-00-00-00-02.3?[1;m

[1;41m[1;33m[c1] DEBUG:forwarding.l2_multi:Learned 12:34:56:78:02:03 at 00-00-00-00-00-02.3[1;m

[1;41m[1;33m[c1] DEBUG:forwarding.l2_multi:Flood multicast from 12:34:56:78:02:03[1;m

[1;35m[1;41m00:02.483 00:01.722 Event timed out ControlMessageSend:i196 c 3 -> s c1 [ofp_packet_in: data={u'class': u'arp'}, in_port=3][1;m
[1;36m[1;44m00:02.484 00:01.722 Successfully matched event ControlMessageSend:i197 c 1 -> s c1 [ofp_packet_in: data={u'class': u'arp'}, in_port=3][1;m
[1;36m[1;44m00:02.485 00:01.722 Successfully matched event DataplanePermit:i198[1;m
[1;36m[1;44m00:02.485 00:01.723 Successfully matched event DataplanePermit:i199[1;m
[1;36m[1;44m00:02.486 00:01.723 Successfully matched event DataplanePermit:i200[1;m
[1;36m[1;44m00:02.486 00:01.724 Successfully matched event DataplanePermit:i201[1;m
[1;36m[1;44m00:02.487 00:01.724 Successfully matched event DataplanePermit:i202[1;m
[1;36m[1;44m00:02.487 00:01.724 Successfully matched event DataplanePermit:i203[1;m
[1;36m[1;44m00:02.487 00:01.725 Successfully matched event DataplanePermit:i204[1;m
[1;36m[1;44m00:02.488 00:01.725 Successfully matched event DataplanePermit:i205[1;m
[1;36m[1;44m00:02.488 00:01.725 Successfully matched event DataplanePermit:i206[1;m
[1;36m[1;44m00:02.489 00:01.726 Successfully matched event DataplanePermit:i207[1;m
[1;36m[1;44m00:02.489 00:01.726 Successfully matched event DataplanePermit:i208[1;m
[1;36m[1;44m00:02.489 00:01.726 Successfully matched event DataplanePermit:i209[1;m
[1;41m[1;33m[c1] DEBUG:forwarding.l2_multi:Flood multicast from 12:34:56:78:01:03[1;m

[1;35m[1;41m00:03.239 00:01.827 Event timed out ControlMessageReceive:i210 c c1 -> s 3 [ofp_packet_out: actions=(u'output(65531)',), data=(), in_port=3][1;m
[1;36m[1;36mRound 18[1;37m[1;m
[1;36m[1;44m00:03.241 00:01.827 Successfully matched event ControlMessageReceive:i211 c c1 -> s 1 [ofp_packet_out: actions=(u'output(65531)',), data=(), in_port=3][1;m
[1;36mForwarding dataplane event[1;m
[1;36mForwarding dataplane event[1;m
[1;36m[1;44m00:03.243 00:01.828 Successfully matched event ControlMessageReceive:i212 c c1 -> s 2 [ofp_packet_out: actions=(u'output(65531)',), data=(), in_port=3][1;m
[1;36mForwarding dataplane event[1;m
[1;36mForwarding dataplane event[1;m
[1;36m[1;44m00:03.245 00:01.828 Successfully matched event ControlMessageSend:i213 c 2 -> s c1 [ofp_packet_in: data={u'class': u'arp'}, in_port=1][1;m
[1;36m[1;44m00:03.246 00:01.828 Successfully matched event ControlMessageSend:i214 c 3 -> s c1 [ofp_packet_in: data={u'class': u'arp'}, in_port=1][1;m
[1;36m[1;44m00:03.247 00:01.828 Successfully matched event ControlMessageSend:i215 c 3 -> s c1 [ofp_packet_in: data={u'class': u'arp'}, in_port=2][1;m
[1;36m[1;44m00:03.248 00:01.829 Successfully matched event ControlMessageSend:i216 c 2 -> s c1 [ofp_packet_in: data={u'class': u'arp'}, in_port=2][1;m
[1;36m[1;44m00:03.248 00:01.829 Successfully matched event DataplanePermit:i217[1;m
[1;36m[1;44m00:03.249 00:01.830 Successfully matched event DataplanePermit:i218[1;m
[1;36m[1;44m00:03.249 00:01.830 Successfully matched event DataplanePermit:i219[1;m
[1;36m[1;44m00:03.250 00:01.830 Successfully matched event DataplanePermit:i220[1;m
[1;36m[1;44m00:03.250 00:01.831 Successfully matched event DataplanePermit:i221[1;m
[1;36m[1;44m00:03.250 00:01.831 Successfully matched event DataplanePermit:i222[1;m
[1;36m[1;44m00:03.251 00:01.932 Successfully matched event ControlMessageReceive:i223 c c1 -> s 3 [ofp_packet_out: actions=(u'output(3)',), data={u'class': u'lldp'}, in_port=65535][1;m
[1;36m[1;36mRound 19[1;37m[1;m
[1;36mForwarding dataplane event[1;m
[1;41m[1;33m[c1] DEBUG:forwarding.l2_multi:12:34:56:78:03:03 moved from 00-00-00-00-00-01.2 to 00-00-00-00-00-03.1?[1;m

[1;41m[1;33m[c1] DEBUG:forwarding.l2_multi:Learned 12:34:56:78:03:03 at 00-00-00-00-00-03.1[1;m

[1;41m[1;33m[c1] DEBUG:forwarding.l2_multi:Flood multicast from 12:34:56:78:03:03[1;m

[1;41m[1;33m[c1] DEBUG:forwarding.l2_multi:12:34:56:78:03:03 moved from 00-00-00-00-00-03.1 to 00-00-00-00-00-03.2?[1;m

[1;41m[1;33m[c1] DEBUG:forwarding.l2_multi:Learned 12:34:56:78:03:03 at 00-00-00-00-00-03.2[1;m

[1;36m[1;44m00:03.255 00:01.932 Successfully matched event ControlMessageReceive:i224 c c1 -> s 3 [ofp_packet_out: actions=(u'output(65531)',), data=(), in_port=2][1;m
[1;36mForwarding dataplane event[1;m[1;41m[1;33m[c1] DEBUG:forwarding.l2_multi:Flood multicast from 12:34:56:78:03:03[1;m


[1;41m[1;33m[c1] DEBUG:forwarding.l2_multi:12:34:56:78:02:03 moved from 00-00-00-00-00-02.3 to 00-00-00-00-00-02.1?[1;m
[1;36mForwarding dataplane event[1;m

[1;36m[1;44m00:03.258 00:01.933 Successfully matched event ControlMessageReceive:i225 c c1 -> s 3 [ofp_packet_out: actions=(u'output(65531)',), data=(), in_port=1][1;m[1;41m[1;33m[c1] DEBUG:forwarding.l2_multi:Learned 12:34:56:78:02:03 at 00-00-00-00-00-02.1[1;m

[1;36mForwarding dataplane event[1;m

[1;41m[1;33m[c1] DEBUG:forwarding.l2_multi:Flood multicast from 12:34:56:78:02:03[1;m

[1;36mForwarding dataplane event[1;m[1;41m[1;33m[c1] DEBUG:forwarding.l2_multi:12:34:56:78:02:03 moved from 00-00-00-00-00-02.1 to 00-00-00-00-00-02.2?[1;m


[1;36mForwarding dataplane event[1;m
[1;41m[1;33m[c1] DEBUG:forwarding.l2_multi:Learned 12:34:56:78:02:03 at 00-00-00-00-00-02.2[1;m

[1;41m[1;33m[c1] DEBUG:forwarding.l2_multi:Flood multicast from 12:34:56:78:02:03[1;m

[1;36m[1;44m00:03.292 00:01.933 Successfully matched event ControlMessageReceive:i226 c c1 -> s 2 [ofp_packet_out: actions=(u'output(65531)',), data=(), in_port=2][1;m
[1;36mForwarding dataplane event[1;m
[1;36mForwarding dataplane event[1;m
[1;36mForwarding dataplane event[1;m
[1;36m[1;44m00:03.295 00:01.933 Successfully matched event ControlMessageReceive:i227 c c1 -> s 2 [ofp_packet_out: actions=(u'output(65531)',), data=(), in_port=1][1;m
[1;36mForwarding dataplane event[1;m
[1;36mForwarding dataplane event[1;m
[1;36mForwarding dataplane event[1;m
[1;36m[1;44m00:03.298 00:01.933 Successfully matched event ControlMessageSend:i228 c 2 -> s c1 [ofp_packet_in: data={u'class': u'arp'}, in_port=1][1;m
[1;36mForwarding dataplane event[1;m
[1;36m[1;44m00:03.299 00:01.934 Successfully matched event ControlMessageSend:i229 c 3 -> s c1 [ofp_packet_in: data={u'class': u'arp'}, in_port=1][1;m
[1;36m[1;44m00:03.300 00:01.934 Successfully matched event ControlMessageSend:i230 c 3 -> s c1 [ofp_packet_in: data={u'class': u'arp'}, in_port=2][1;m
[1;36m[1;44m00:03.300 00:01.934 Successfully matched event ControlMessageSend:i231 c 2 -> s c1 [ofp_packet_in: data={u'class': u'arp'}, in_port=2][1;m
[1;36m[1;44m00:03.300 00:01.935 Successfully matched event DataplanePermit:i232[1;m
[1;36m[1;44m00:03.300 00:01.935 Successfully matched event DataplanePermit:i233[1;m
[1;36m[1;44m00:03.301 00:01.936 Successfully matched event DataplanePermit:i234[1;m
[1;36m[1;44m00:03.301 00:01.936 Successfully matched event DataplanePermit:i235[1;m
[1;36m[1;44m00:03.301 00:01.937 Successfully matched event DataplanePermit:i236[1;m
[1;36m[1;44m00:03.301 00:01.937 Successfully matched event DataplanePermit:i237[1;m
[1;36m[1;44m00:03.301 00:01.937 Successfully matched event DataplanePermit:i238[1;m
[1;36m[1;44m00:03.302 00:01.938 Successfully matched event DataplanePermit:i239[1;m
[1;36m[1;44m00:03.302 00:01.938 Successfully matched event DataplanePermit:i240[1;m
[1;41m[1;33m[c1] DEBUG:forwarding.l2_multi:12:34:56:78:02:03 moved from 00-00-00-00-00-02.2 to 00-00-00-00-00-03.1?[1;m

[1;41m[1;33m[c1] DEBUG:forwarding.l2_multi:Learned 12:34:56:78:02:03 at 00-00-00-00-00-03.1[1;m

[1;41m[1;33m[c1] DEBUG:forwarding.l2_multi:Flood multicast from 12:34:56:78:02:03[1;m

[1;41m[1;33m[c1] DEBUG:forwarding.l2_multi:12:34:56:78:01:03 moved from 00-00-00-00-00-01.3 to 00-00-00-00-00-03.2?[1;m

[1;41m[1;33m[c1] DEBUG:forwarding.l2_multi:Learned 12:34:56:78:01:03 at 00-00-00-00-00-03.2[1;m

[1;41m[1;33m[c1] DEBUG:forwarding.l2_multi:Flood multicast from 12:34:56:78:01:03[1;m
[1;36m[1;44m00:03.305 00:02.039 Successfully matched event ControlMessageReceive:i241 c c1 -> s 3 [ofp_packet_out: actions=(u'output(65531)',), data=(), in_port=2][1;m

[1;36m[1;36mRound 20[1;37m[1;m[1;41m[1;33m[c1] DEBUG:forwarding.l2_multi:12:34:56:78:03:03 moved from 00-00-00-00-00-03.2 to 00-00-00-00-00-02.1?[1;m

[1;36mForwarding dataplane event[1;m

[1;41m[1;33m[c1] DEBUG:forwarding.l2_multi:Learned 12:34:56:78:03:03 at 00-00-00-00-00-02.1[1;m

[1;36mForwarding dataplane event[1;m
[1;36m[1;44m00:03.309 00:02.040 Successfully matched event ControlMessageReceive:i242 c c1 -> s 3 [ofp_packet_out: actions=(u'output(65531)',), data=(), in_port=1][1;m[1;41m[1;33m[c1] DEBUG:forwarding.l2_multi:Flood multicast from 12:34:56:78:03:03[1;m

[1;36mForwarding dataplane event[1;m

[1;41m[1;33m[c1] DEBUG:forwarding.l2_multi:12:34:56:78:01:03 moved from 00-00-00-00-00-03.2 to 00-00-00-00-00-02.2?[1;m

[1;36mForwarding dataplane event[1;m[1;41m[1;33m[c1] DEBUG:forwarding.l2_multi:Learned 12:34:56:78:01:03 at 00-00-00-00-00-02.2[1;m

[1;36mForwarding dataplane event[1;m

[1;41m[1;33m[c1] DEBUG:forwarding.l2_multi:Flood multicast from 12:34:56:78:01:03[1;m

[1;36m[1;44m00:03.344 00:02.040 Successfully matched event ControlMessageReceive:i243 c c1 -> s 2 [ofp_packet_out: actions=(u'output(65531)',), data=(), in_port=2][1;m
[1;36mForwarding dataplane event[1;m
[1;36mForwarding dataplane event[1;m
[1;36mForwarding dataplane event[1;m
[1;36m[1;44m00:03.347 00:02.041 Successfully matched event ControlMessageReceive:i244 c c1 -> s 2 [ofp_packet_out: actions=(u'output(65531)',), data=(), in_port=1][1;m
[1;36mForwarding dataplane event[1;m
[1;36mForwarding dataplane event[1;m
[1;36m[1;44m00:03.349 00:02.042 Successfully matched event ControlMessageSend:i245 c 2 -> s c1 [ofp_packet_in: data={u'class': u'arp'}, in_port=1][1;m
[1;36m[1;44m00:03.350 00:02.042 Successfully matched event ControlMessageSend:i246 c 3 -> s c1 [ofp_packet_in: data={u'class': u'arp'}, in_port=1][1;m
[1;36m[1;44m00:03.351 00:02.044 Successfully matched event TrafficInjection:e248[1;m
[1;36mForwarding dataplane event[1;m
[1;36m[1;44m00:03.352 00:02.047 Successfully matched event DataplanePermit:i250[1;m
[1;36m[1;44m00:03.353 00:02.048 Successfully matched event DataplanePermit:i251[1;m
[1;36m[1;44m00:03.353 00:02.049 Successfully matched event DataplanePermit:i252[1;m
[1;36m[1;44m00:03.353 00:02.049 Successfully matched event DataplanePermit:i253[1;m
[1;36m[1;44m00:03.354 00:02.049 Successfully matched event DataplanePermit:i254[1;m
[1;36m[1;44m00:03.354 00:02.050 Successfully matched event DataplanePermit:i255[1;m
[1;36m[1;44m00:03.355 00:02.050 Successfully matched event DataplanePermit:i256[1;m
[1;36m[1;44m00:03.355 00:02.051 Successfully matched event DataplanePermit:i257[1;m
[1;36m[1;44m00:03.355 00:02.051 Successfully matched event DataplanePermit:i258[1;m
[1;36m[1;44m00:03.356 00:02.052 Successfully matched event DataplanePermit:i259[1;m
[1;36m[1;44m00:03.356 00:02.052 Successfully matched event DataplanePermit:i260[1;m
[1;36m[1;44m00:03.357 00:02.052 Successfully matched event DataplanePermit:i261[1;m
[1;36m[1;44m00:03.357 00:02.053 Successfully matched event DataplanePermit:i262[1;m
[1;36m[1;44m00:03.357 00:02.053 Successfully matched event DataplanePermit:i263[1;m
[1;36m[1;44m00:03.358 00:02.053 Successfully matched event DataplanePermit:i264[1;m
[1;41m[1;33m[c1] DEBUG:forwarding.l2_multi:Flood multicast from 12:34:56:78:02:03[1;m

[1;36m[1;44m00:03.360 00:02.154 Successfully matched event ControlMessageReceive:i265 c c1 -> s 3 [ofp_packet_out: actions=(u'output(65531)',), data=(), in_port=1][1;m
[1;36m[1;36mRound 21[1;37m[1;m[1;41m[1;33m[c1] DEBUG:forwarding.l2_multi:12:34:56:78:01:03 moved from 00-00-00-00-00-02.2 to 00-00-00-00-00-02.1?[1;m

[1;36mForwarding dataplane event[1;m

[1;36mForwarding dataplane event[1;m[1;41m[1;33m[c1] DEBUG:forwarding.l2_multi:Learned 12:34:56:78:01:03 at 00-00-00-00-00-02.1[1;m


[1;36m[1;44m00:03.363 00:02.155 Successfully matched event ControlMessageReceive:i266 c c1 -> s 2 [ofp_packet_out: actions=(u'output(65531)',), data=(), in_port=1][1;m
 [1;36mForwarding dataplane event[1;m[1;41m[1;33m[c1] DEBUG:forwarding.l2_multi:Flood multicast from 12:34:56:78:01:03[1;m


[1;36mForwarding dataplane event[1;m
[1;35m[1;41m00:03.951 00:02.155 Event timed out ControlMessageSend:i267 c 2 -> s c1 [ofp_packet_in: data={u'class': u'arp'}, in_port=1][1;m
[1;36m[1;44m00:03.952 00:02.156 Successfully matched event ControlMessageSend:i268 c 3 -> s c1 [ofp_packet_in: data={u'class': u'arp'}, in_port=1][1;m
[1;36m[1;44m00:03.953 00:02.156 Successfully matched event ControlMessageSend:i269 c 2 -> s c1 [ofp_packet_in: data={u'class': u'arp'}, in_port=3][1;m
[1;36m[1;44m00:03.954 00:02.157 Successfully matched event ControlMessageSend:i270 c 3 -> s c1 [ofp_packet_in: data={u'class': u'arp'}, in_port=3][1;m
[1;36m[1;44m00:03.955 00:02.158 Successfully matched event DataplanePermit:i271[1;m
[1;36m[1;44m00:03.955 00:02.158 Successfully matched event DataplanePermit:i272[1;m
[1;36m[1;44m00:03.955 00:02.159 Successfully matched event DataplanePermit:i273[1;m
[1;36m[1;44m00:03.956 00:02.160 Successfully matched event DataplanePermit:i274[1;m
[1;36m[1;44m00:03.956 00:02.161 Successfully matched event DataplanePermit:i275[1;m
[1;36m[1;44m00:03.957 00:02.161 Successfully matched event DataplanePermit:i276[1;m
[1;41m[1;33m[c1] DEBUG:forwarding.l2_multi:12:34:56:78:01:03 moved from 00-00-00-00-00-02.1 to 00-00-00-00-00-03.1?[1;m

[1;41m[1;33m[c1] DEBUG:forwarding.l2_multi:Learned 12:34:56:78:01:03 at 00-00-00-00-00-03.1[1;m

[1;41m[1;33m[c1] DEBUG:forwarding.l2_multi:Flood multicast from 12:34:56:78:01:03[1;m

[1;41m[1;33m[c1] DEBUG:forwarding.l2_multi:12:34:56:78:03:03 moved from 00-00-00-00-00-02.1 to 00-00-00-00-00-03.3?[1;m

[1;41m[1;33m[c1] DEBUG:forwarding.l2_multi:Learned 12:34:56:78:03:03 at 00-00-00-00-00-03.3[1;m

[1;41m[1;33m[c1] DEBUG:forwarding.l2_multi:Installing path for 12:34:56:78:03:03 -> 12:34:56:78:01:03 0806 (1 hops)[1;m

[1;41m[1;33m[c1] DEBUG:forwarding.l2_multi:12:34:56:78:02:03 moved from 00-00-00-00-00-03.1 to 00-00-00-00-00-02.3?[1;m

[1;41m[1;33m[c1] DEBUG:forwarding.l2_multi:Learned 12:34:56:78:02:03 at 00-00-00-00-00-02.3[1;m

[1;41m[1;33m[c1] DEBUG:forwarding.l2_multi:Flood multicast from 12:34:56:78:02:03[1;m

[1;35m[1;41m00:04.708 00:02.262 Event timed out ControlMessageReceive:i277 c c1 -> s 3 [ofp_packet_out: actions=(u'output(65531)',), data=(), in_port=3][1;m
[1;36m[1;36mRound 22[1;37m[1;m
[1;36m[1;44m00:04.709 00:02.263 Successfully matched event ControlMessageReceive:i278 c c1 -> s 3 [ofp_packet_out: actions=(u'output(65531)',), data=(), in_port=1][1;m
[1;36mForwarding dataplane event[1;m
[1;36mForwarding dataplane event[1;m
[1;36m[1;44m00:04.712 00:02.263 Successfully matched event ControlMessageReceive:i279 c c1 -> s 2 [ofp_packet_out: actions=(u'output(65531)',), data=(), in_port=3][1;m
[1;36mForwarding dataplane event[1;m
[1;36mForwarding dataplane event[1;m
[1;36mForwarding dataplane event[1;m
[1;35m[1;41m00:05.263 00:02.264 Event timed out ControlMessageReceive:i280 c c1 -> s 2 [ofp_packet_out: actions=(u'output(65531)',), data=(), in_port=1][1;m
[1;36m[1;44m00:05.264 00:02.265 Successfully matched event ControlMessageSend:i281 c 3 -> s c1 [ofp_packet_in: data={u'class': u'arp'}, in_port=3][1;m
[1;36m[1;44m00:05.264 00:02.266 Successfully matched event DataplanePermit:i282[1;m
[1;36m[1;44m00:05.264 00:02.267 Successfully matched event DataplanePermit:i283[1;m
[1;36m[1;44m00:05.265 00:02.268 Successfully matched event DataplanePermit:i284[1;m
[1;36m[1;44m00:05.265 00:02.268 Successfully matched event DataplanePermit:i285[1;m
[1;36m[1;44m00:05.265 00:02.269 Successfully matched event DataplanePermit:i286[1;m
[1;36m[1;44m00:05.265 00:02.270 Successfully matched event DataplanePermit:i287[1;m
[1;36m[1;44m00:05.265 00:02.270 Successfully matched event DataplanePermit:i288[1;m
[1;36m[1;44m00:05.265 00:02.271 Successfully matched event DataplanePermit:i289[1;m
[1;41m[1;33m[c1] WARNING:forwarding.l2_multi:Can't get from 12:34:56:78:03:03 to 12:34:56:78:02:03[1;m

[1;35m[1;41m00:06.020 00:02.372 Event timed out ControlMessageSend:i290 c 2 -> s c1 [ofp_packet_in: data={u'class': u'arp'}, in_port=1][1;m
[1;36m[1;36mRound 23[1;37m[1;m
[1;36m[1;44m00:06.022 00:02.372 Successfully matched event ControlMessageSend:i291 c 3 -> s c1 [ofp_packet_in: data={u'class': u'arp'}, in_port=1][1;m
[1;36m[1;44m00:06.022 00:02.373 Successfully matched event ControlMessageSend:i292 c 3 -> s c1 [ofp_packet_in: data={u'class': u'arp'}, in_port=3][1;m
[1;36m[1;44m00:06.023 00:02.374 Successfully matched event DataplanePermit:i293[1;m
[1;41m[1;33m[c1] DEBUG:forwarding.l2_multi:12:34:56:78:02:03 moved from 00-00-00-00-00-02.3 to 00-00-00-00-00-03.1?[1;m

[1;41m[1;33m[c1] DEBUG:forwarding.l2_multi:Learned 12:34:56:78:02:03 at 00-00-00-00-00-03.1[1;m

[1;41m[1;33m[c1] DEBUG:forwarding.l2_multi:Flood multicast from 12:34:56:78:02:03[1;m

[1;41m[1;33m[c1] DEBUG:forwarding.l2_multi:Installing path for 12:34:56:78:03:03 -> 12:34:56:78:01:03 0806 (1 hops)[1;m

[1;35m[1;41m00:06.732 00:02.475 Event timed out ControlMessageReceive:i294 c c1 -> s 3 [ofp_flow_mod: hard_timeout=30, out_port=65535, priority=32768, idle_timeout=10, command=add, actions=(u'output(1)',), flags=0, match=dl_src:12:34:56:78:03:03,dl_dst:12:34:56:78:02:03,dl_vlan:65535,dl_vlan_pcp:0,dl_type:2054,nw_proto:2,nw_src:10.3.3.2/32,nw_dst:10.2.3.2/32,in_port:None][1;m
[1;36m[1;36mRound 24[1;37m[1;m
[1;36m[1;44m00:06.734 00:02.476 Successfully matched event ControlMessageReceive:i295 c c1 -> s 3 [ofp_packet_out: actions=(u'output(65531)',), data=(), in_port=1][1;m
[1;36mForwarding dataplane event[1;m
[1;36mForwarding dataplane event[1;m
[1;36m[1;44m00:06.736 00:02.477 Successfully matched event ControlMessageReceive:i296 c c1 -> s 2 [ofp_packet_out: actions=(u'output(1)',), data={u'class': u'lldp'}, in_port=65535][1;m
[1;36mForwarding dataplane event[1;m
[1;35m[1;41m00:07.288 00:02.478 Event timed out ControlMessageReceive:i297 c c1 -> s 2 [ofp_packet_out: actions=(u'output(65531)',), data=(), in_port=1][1;m
[1;35m[1;41m00:07.845 00:02.478 Event timed out ControlMessageSend:i298 c 3 -> s c1 [ofp_packet_in: data={u'class': u'arp'}, in_port=3][1;m
[1;36m[1;44m00:07.846 00:02.479 Successfully matched event DataplanePermit:i299[1;m
[1;36m[1;44m00:07.846 00:02.480 Successfully matched event DataplanePermit:i300[1;m
[1;36m[1;44m00:07.846 00:02.481 Successfully matched event DataplanePermit:i301[1;m
[1;36m[1;44m00:07.847 00:02.481 Successfully matched event DataplanePermit:i302[1;m
[1;36m[1;44m00:07.847 00:02.481 Successfully matched event DataplanePermit:i303[1;m
[1;36m[1;44m00:07.848 00:02.482 Successfully matched event DataplanePermit:i304[1;m
[1;35m[1;41m00:08.601 00:02.582 Event timed out ControlMessageSend:i305 c 2 -> s c1 [ofp_packet_in: data={u'class': u'arp'}, in_port=1][1;m
[1;36m[1;36mRound 25[1;37m[1;m
[1;36m[1;44m00:08.603 00:02.583 Successfully matched event ControlMessageSend:i306 c 3 -> s c1 [ofp_packet_in: data={u'class': u'lldp'}, in_port=1][1;m
[1;36m[1;44m00:08.603 00:02.587 Successfully matched event DataplanePermit:i310[1;m
[1;36m[1;44m00:08.604 00:02.588 Successfully matched event DataplanePermit:i311[1;m
[1;36m[1;44m00:08.604 00:02.589 Successfully matched event DataplanePermit:i312[1;m
[1;41m[1;33m[c1] INFO:openflow.discovery:link detected: 00-00-00-00-00-02.1 -> 00-00-00-00-00-03.1[1;m

[1;41m[1;33m[c1] DEBUG:forwarding.l2_multi:Unlearned 12:34:56:78:02:03[1;m
[1;36m[1;44m00:08.609 00:02.689 Successfully matched event ControlMessageReceive:i313 c c1 -> s 3 [ofp_packet_out: actions=(), data=(), in_port=1][1;m

[1;36m[1;36mRound 26[1;37m[1;m[1;41m[1;33m[c1] DEBUG:forwarding.l2_multi:Unlearned 12:34:56:78:01:03[1;m


[1;36m[1;44m00:08.611 00:02.690 Successfully matched event ControlMessageReceive:i314 c c1 -> s 1 [ofp_flow_mod: hard_timeout=0, out_port=65535, priority=32768, idle_timeout=0, command=delete, actions=(), flags=0, match=x^L,in_port:None][1;m
[1;36m[1;44m00:08.612 00:02.691 Successfully matched event ControlMessageReceive:i315 c c1 -> s 2 [ofp_flow_mod: hard_timeout=0, out_port=65535, priority=32768, idle_timeout=0, command=delete, actions=(), flags=0, match=x^L,in_port:None][1;m
[1;36m[1;44m00:08.614 00:02.692 Successfully matched event ControlMessageReceive:i316 c c1 -> s 3 [ofp_flow_mod: hard_timeout=0, out_port=65535, priority=32768, idle_timeout=0, command=delete, actions=(), flags=0, match=x^L,in_port:None][1;m
[1;35m[1;41m00:09.157 00:02.693 Event timed out ControlMessageReceive:i317 c c1 -> s 2 [ofp_packet_out: actions=(u'output(65531)',), data=(), in_port=1][1;m
[1;35m[1;41m00:09.714 00:02.694 Event timed out ControlMessageSend:i318 c 2 -> s c1 [ofp_packet_in: data={u'class': u'arp'}, in_port=3][1;m
[1;35m[1;41m00:10.270 00:02.694 Event timed out ControlMessageSend:i319 c 3 -> s c1 [ofp_packet_in: data={u'class': u'arp'}, in_port=3][1;m
[1;36m[1;44m00:10.271 00:02.695 Successfully matched event DataplanePermit:i320[1;m
[1;36m[1;44m00:10.271 00:02.696 Successfully matched event DataplanePermit:i321[1;m
[1;35m[1;41m00:11.027 00:02.797 Event timed out ControlMessageReceive:i322 c c1 -> s 3 [ofp_packet_out: actions=(u'output(65531)',), data=(), in_port=3][1;m
[1;36m[1;36mRound 27[1;37m[1;m
[1;35m[1;41m00:11.583 00:02.798 Event timed out ControlMessageReceive:i323 c c1 -> s 2 [ofp_packet_out: actions=(u'output(65531)',), data=(), in_port=3][1;m
[1;35m[1;41m00:12.139 00:02.798 Event timed out ControlMessageSend:i324 c 1 -> s c1 [ofp_packet_in: data={u'class': u'arp'}, in_port=2][1;m
[1;36m[1;44m00:12.140 00:02.799 Successfully matched event DataplanePermit:i325[1;m
[1;36m[1;44m00:12.141 00:02.800 Successfully matched event DataplanePermit:i326[1;m
[1;36m[1;44m00:12.141 00:02.801 Successfully matched event DataplanePermit:i327[1;m
[1;36m[1;44m00:12.141 00:02.802 Successfully matched event DataplanePermit:i328[1;m
[1;35m[1;41m00:12.851 00:02.902 Event timed out ControlMessageSend:i329 c 2 -> s c1 [ofp_packet_in: data={u'class': u'arp'}, in_port=1][1;m
[1;36m[1;36mRound 28[1;37m[1;m
[1;35m[1;41m00:13.407 00:02.903 Event timed out ControlMessageSend:i330 c 3 -> s c1 [ofp_packet_in: data={u'class': u'arp'}, in_port=1][1;m
[1;35m[1;41m00:13.964 00:02.903 Event timed out ControlMessageSend:i331 c 1 -> s c1 [ofp_packet_in: data={u'class': u'arp'}, in_port=2][1;m
[1;35m[1;41m00:14.520 00:02.904 Event timed out ControlMessageSend:i332 c 1 -> s c1 [ofp_packet_in: data={u'class': u'arp'}, in_port=1][1;m
[1;41m[1;33m[c1] INFO:openflow.discovery:link timeout: 00-00-00-00-00-03.1 -> 00-00-00-00-00-02.1[1;m

[1;41m[1;33m[c1] INFO:openflow.discovery:link timeout: 00-00-00-00-00-03.2 -> 00-00-00-00-00-01.1[1;m

[1;35m[1;41m00:15.276 00:02.998 Event timed out ControlMessageReceive:i333 c c1 -> s 1 [ofp_packet_out: actions=(u'output(65531)',), data=(), in_port=1][1;m
[1;36m[1;36mRound 29[1;37m[1;m
[1;35m[1;41m00:15.832 00:02.998 Event timed out ControlMessageReceive:i334 c c1 -> s 1 [ofp_packet_out: actions=(u'output(65531)',), data=(), in_port=2][1;m
[1;35m[1;41m00:16.388 00:02.999 Event timed out ControlMessageReceive:i335 c c1 -> s 3 [ofp_packet_out: actions=(u'output(65531)',), data=(), in_port=1][1;m
[1;36m[1;44m00:16.390 00:02.999 Successfully matched event ControlMessageReceive:i336 c c1 -> s 2 [ofp_packet_out: actions=(u'output(2)',), data={u'class': u'lldp'}, in_port=65535][1;m
[1;36mForwarding dataplane event[1;m
[1;35m[1;41m00:16.945 00:02.999 Event timed out ControlMessageReceive:i337 c c1 -> s 2 [ofp_packet_out: actions=(u'output(65531)',), data=(), in_port=1][1;m
[1;36m[1;44m00:16.946 00:03.000 Successfully matched event DataplanePermit:i338[1;m
[1;36m[1;44m00:16.946 00:03.000 Successfully matched event DataplanePermit:i339[1;m
[1;36m[1;44m00:16.947 00:03.001 Successfully matched event DataplanePermit:i340[1;m
[1;36m[1;44m00:16.947 00:03.002 Successfully matched event DataplanePermit:i341[1;m
[1;36m[1;44m00:16.947 00:03.003 Successfully matched event DataplanePermit:i342[1;m
[1;36m[1;44m00:16.948 00:03.004 Successfully matched event DataplanePermit:i343[1;m
[1;36m[1;44m00:16.948 00:03.005 Successfully matched event DataplanePermit:i344[1;m
[1;36m[1;44m00:16.949 00:03.006 Successfully matched event DataplanePermit:i345[1;m
[1;36m[1;44m00:16.949 00:03.006 Successfully matched event DataplanePermit:i346[1;m
[1;35m[1;41m00:17.701 00:03.107 Event timed out ControlMessageSend:i347 c 1 -> s c1 [ofp_packet_in: data={u'class': u'arp'}, in_port=2][1;m
[1;36m[1;36mRound 30[1;37m[1;m
[1;35m[1;41m00:18.258 00:03.108 Event timed out ControlMessageSend:i348 c 3 -> s c1 [ofp_packet_in: data={u'class': u'arp'}, in_port=2][1;m
[1;35m[1;41m00:18.814 00:03.108 Event timed out ControlMessageSend:i349 c 2 -> s c1 [ofp_packet_in: data={u'class': u'arp'}, in_port=2][1;m
[1;35m[1;41m00:19.370 00:03.109 Event timed out ControlMessageSend:i350 c 1 -> s c1 [ofp_packet_in: data={u'class': u'arp'}, in_port=1][1;m
[1;36m[1;44m00:19.371 00:03.109 Successfully matched event ControlMessageSend:i351 c 1 -> s c1 [ofp_packet_in: data={u'class': u'lldp'}, in_port=2][1;m
[1;36m[1;44m00:19.371 00:03.114 Successfully matched event DataplanePermit:i355[1;m
[1;36m[1;44m00:19.371 00:03.114 Successfully matched event DataplanePermit:i356[1;m
[1;36m[1;44m00:19.372 00:03.115 Successfully matched event DataplanePermit:i357[1;m
[1;36m[1;44m00:19.372 00:03.116 Successfully matched event DataplanePermit:i358[1;m
[1;36m[1;44m00:19.372 00:03.117 Successfully matched event DataplanePermit:i359[1;m
[1;36m[1;44m00:19.372 00:03.217 Successfully matched event ControlMessageReceive:i360 c c1 -> s 2 [ofp_flow_mod: hard_timeout=0, out_port=65535, priority=32768, idle_timeout=0, command=delete, actions=(), flags=0, match=x^L,in_port:None][1;m
[1;36m[1;36mRound 31[1;37m[1;m
[1;36m[1;44m00:19.373 00:03.218 Successfully matched event ControlMessageReceive:i361 c c1 -> s 1 [ofp_flow_mod: hard_timeout=0, out_port=65535, priority=32768, idle_timeout=0, command=delete, actions=(), flags=0, match=x^L,in_port:None][1;m
[1;41m[1;33m[c1] INFO:openflow.discovery:link detected: 00-00-00-00-00-02.2 -> 00-00-00-00-00-01.2[1;m

[1;35m[1;41m00:19.926 00:03.218 Event timed out ControlMessageReceive:i362 c c1 -> s 1 [ofp_packet_out: actions=(u'output(65531)',), data=(), in_port=1][1;m
[1;41m[1;33m[c1] INFO:openflow.discovery:link timeout: 00-00-00-00-00-02.1 -> 00-00-00-00-00-03.1[1;m

[1;35m[1;41m00:20.482 00:03.219 Event timed out ControlMessageReceive:i363 c c1 -> s 3 [ofp_packet_out: actions=(u'output(65531)',), data=(), in_port=2][1;m
[1;35m[1;41m00:21.039 00:03.219 Event timed out ControlMessageReceive:i364 c c1 -> s 1 [ofp_packet_out: actions=(u'output(65531)',), data=(), in_port=2][1;m
[1;36m[1;44m00:21.040 00:03.219 Successfully matched event ControlMessageReceive:i365 c c1 -> s 1 [ofp_packet_out: actions=(), data=(), in_port=2][1;m
[1;35m[1;41m00:21.595 00:03.220 Event timed out ControlMessageReceive:i366 c c1 -> s 2 [ofp_packet_out: actions=(u'output(65531)',), data=(), in_port=2][1;m
[1;36m[1;44m00:21.596 00:03.220 Successfully matched event ControlMessageReceive:i367 c c1 -> s 3 [ofp_flow_mod: hard_timeout=0, out_port=65535, priority=32768, idle_timeout=0, command=delete, actions=(), flags=0, match=x^L,in_port:None][1;m
[1;35m[1;41m00:22.151 00:03.220 Event timed out ControlMessageSend:i368 c 2 -> s c1 [ofp_packet_in: data={u'class': u'arp'}, in_port=3][1;m
[1;35m[1;41m00:22.707 00:03.221 Event timed out ControlMessageSend:i369 c 3 -> s c1 [ofp_packet_in: data={u'class': u'arp'}, in_port=3][1;m
[1;35m[1;41m00:23.264 00:03.221 Event timed out ControlMessageSend:i370 c 1 -> s c1 [ofp_packet_in: data={u'class': u'arp'}, in_port=3][1;m
[1;36m[1;44m00:23.265 00:03.322 Successfully matched event DataplanePermit:i372[1;m
[1;36m[1;36mRound 32[1;37m[1;m
[1;36m[1;44m00:23.266 00:03.323 Successfully matched event DataplanePermit:i373[1;m
[1;36m[1;44m00:23.266 00:03.323 Successfully matched event DataplanePermit:i374[1;m
[1;36m[1;44m00:23.267 00:03.324 Successfully matched event DataplanePermit:i375[1;m
[1;36m[1;44m00:23.267 00:03.324 Successfully matched event DataplanePermit:i376[1;m
[1;36m[1;44m00:23.268 00:03.325 Successfully matched event DataplanePermit:i377[1;m
[1;36m[1;44m00:23.268 00:03.325 Successfully matched event DataplanePermit:i378[1;m
[1;36m[1;44m00:23.268 00:03.325 Successfully matched event DataplanePermit:i379[1;m
[1;35m[1;41m00:23.820 00:03.326 Event timed out ControlMessageReceive:i380 c c1 -> s 3 [ofp_packet_out: actions=(u'output(65531)',), data=(), in_port=3][1;m
[1;35m[1;41m00:24.377 00:03.326 Event timed out ControlMessageReceive:i381 c c1 -> s 1 [ofp_flow_mod: hard_timeout=0, out_port=65535, priority=123, idle_timeout=0, command=add, actions=(), flags=0, match=x^L,in_port:None][1;m
[1;35m[1;41m00:24.932 00:03.327 Event timed out ControlMessageReceive:i382 c c1 -> s 2 [ofp_packet_out: actions=(u'output(65531)',), data=(), in_port=3][1;m
[1;35m[1;41m00:25.488 00:03.327 Event timed out ControlMessageSend:i383 c 2 -> s c1 [ofp_packet_in: data={u'class': u'arp'}, in_port=1][1;m
[1;35m[1;41m00:26.045 00:03.327 Event timed out ControlMessageSend:i384 c 3 -> s c1 [ofp_packet_in: data={u'class': u'arp'}, in_port=1][1;m
[1;35m[1;41m00:26.601 00:03.327 Event timed out ControlMessageSend:i385 c 2 -> s c1 [ofp_packet_in: data={u'class': u'arp'}, in_port=2][1;m
[1;35m[1;41m00:27.158 00:03.328 Event timed out ControlMessageSend:i386 c 3 -> s c1 [ofp_packet_in: data={u'class': u'arp'}, in_port=2][1;m
[1;35m[1;41m00:27.714 00:03.328 Event timed out ControlMessageSend:i387 c 1 -> s c1 [ofp_packet_in: data={u'class': u'arp'}, in_port=3][1;m
[1;42m[1;37mNo correctness violations![1;m
[1;36m[1;44mEvent Stats: Events matched: 334, timed out: 43
Matches per event type:
  ConnectToControllers 1
  TrafficInjection 6
  ControlMessageSend 70
  ControlMessageReceive 95
  DataplanePermit 162
Timeouts per event type:
  ControlMessageReceive 19
  ControlMessageSend 24
[1;m
[1;36m[1;44mDataplaneDrop Stats: Expected drops (0), Actual drops (0)
Missed Drops (expected if TrafficInjections pruned):[1;m
[1;36mKilling controller c1[1;m
Terminating child controllers...close() called on stdout during concurrent operation
close() called on stderr during concurrent operation
 OK
