(lp0
ccopy_reg
_reconstructor
p1
(csts.dataplane_traces.trace
DataplaneEvent
p2
c__builtin__
object
p3
Ntp4
Rp5
(dp6
S'interface'
p7
g1
(csts.entities
HostInterface
p8
g3
Ntp9
Rp10
(dp11
S'hw_addr'
p12
g1
(cpox.lib.addresses
EthAddr
p13
g3
Ntp14
Rp15
(dp16
S'value'
p17
S'\x124Vx\x02\x03'
p18
sbsS'ips'
p19
(lp20
g1
(cpox.lib.addresses
IPAddr
p21
g3
Ntp22
Rp23
(dp24
g17
I50494331
sbasS'name'
p25
S'eth2'
p26
sbsS'packet'
p27
g1
(cpox.lib.packet.ethernet
ethernet
p28
g3
Ntp29
Rp30
(dp31
S'src'
p32
g15
sS'dst'
p33
g1
(g13
g3
Ntp34
Rp35
(dp36
g17
S'\x124Vx\x01\x03'
p37
sbsS'next'
p38
g1
(cpox.lib.packet.ipv4
ipv4
p39
g3
Ntp40
Rp41
(dp42
S'frag'
p43
I0
sS'csum'
p44
I4329
sS'dstip'
p45
g1
(g21
g3
Ntp46
Rp47
(dp48
g17
I50428795
sbsS'protocol'
p49
I1
sS'srcip'
p50
g23
sS'tos'
p51
I0
sS'ttl'
p52
I64
sS'iplen'
p53
I72
sg38
g1
(cpox.lib.packet.icmp
icmp
p54
g3
Ntp55
Rp56
(dp57
S'code'
p58
I0
sg44
I3639
sS'prev'
p59
g41
sS'type'
p60
I0
sg38
S'PingPingPingPingPingPingPingPingPingPingPingPing'
p61
sbsS'raw'
p62
NsS'flags'
p63
I0
sS'hl'
p64
I5
sS'v'
p65
I4
sS'id'
p66
I28624
sg59
g30
sS'parsed'
p67
I00
sbsg62
Nsg59
Nsg60
I2048
sg67
I00
sbsbag1
(g2
g3
Ntp68
Rp69
(dp70
g7
g1
(g8
g3
Ntp71
Rp72
(dp73
g12
g1
(g13
g3
Ntp74
Rp75
(dp76
g17
S'\x124Vx\x03\x03'
p77
sbsg19
(lp78
g1
(g21
g3
Ntp79
Rp80
(dp81
g17
I50559867
sbasg25
S'eth3'
p82
sbsg27
g1
(g28
g3
Ntp83
Rp84
(dp85
g32
g75
sg33
g35
sg38
g1
(g39
g3
Ntp86
Rp87
(dp88
g43
I0
sg44
I4072
sg45
g47
sg49
I1
sg50
g80
sg51
I0
sg52
I64
sg53
I72
sg38
g1
(g54
g3
Ntp89
Rp90
(dp91
g58
I0
sg44
I1591
sg59
g87
sg60
I8
sg38
S'PingPingPingPingPingPingPingPingPingPingPingPing'
p92
sbsg62
Nsg63
I0
sg64
I5
sg65
I4
sg66
I28625
sg59
g84
sg67
I00
sbsg62
Nsg59
Nsg60
I2048
sg67
I00
sbsbag1
(g2
g3
Ntp93
Rp94
(dp95
g7
g72
sg27
g1
(g28
g3
Ntp96
Rp97
(dp98
g32
g75
sg33
g15
sg38
g1
(g39
g3
Ntp99
Rp100
(dp101
g43
I0
sg44
I0
sg45
g23
sg49
I1
sg50
g80
sg51
I0
sg52
I64
sg53
I20
sg38
g1
(g54
g3
Ntp102
Rp103
(dp104
g58
I0
sg44
I0
sg59
g100
sg60
I8
sg38
S'PingPingPingPingPingPingPingPingPingPingPingPing'
p105
sbsg62
Nsg63
I0
sg64
I5
sg65
I4
sg66
I28626
sg59
g97
sg67
I00
sbsg62
Nsg59
Nsg60
I2048
sg67
I00
sbsbag1
(g2
g3
Ntp106
Rp107
(dp108
g7
g1
(g8
g3
Ntp109
Rp110
(dp111
g12
g35
sg19
(lp112
g47
asg25
S'eth1'
p113
sbsg27
g1
(g28
g3
Ntp114
Rp115
(dp116
g32
g35
sg33
g15
sg38
g1
(g39
g3
Ntp117
Rp118
(dp119
g43
I0
sg44
I4326
sg45
g23
sg49
I1
sg50
g47
sg51
I0
sg52
I64
sg53
I72
sg38
g1
(g54
g3
Ntp120
Rp121
(dp122
g58
I0
sg44
I3639
sg59
g118
sg60
I0
sg38
S'PingPingPingPingPingPingPingPingPingPingPingPing'
p123
sbsg62
Nsg63
I0
sg64
I5
sg65
I4
sg66
I28627
sg59
g115
sg67
I00
sbsg62
Nsg59
Nsg60
I2048
sg67
I00
sbsbag1
(g2
g3
Ntp124
Rp125
(dp126
g7
g110
sg27
g1
(g28
g3
Ntp127
Rp128
(dp129
g32
g35
sg33
g75
sg38
g1
(g39
g3
Ntp130
Rp131
(dp132
g43
I0
sg44
I4069
sg45
g80
sg49
I1
sg50
g47
sg51
I0
sg52
I64
sg53
I72
sg38
g1
(g54
g3
Ntp133
Rp134
(dp135
g58
I0
sg44
I1591
sg59
g131
sg60
I8
sg38
S'PingPingPingPingPingPingPingPingPingPingPingPing'
p136
sbsg62
Nsg63
I0
sg64
I5
sg65
I4
sg66
I28628
sg59
g128
sg67
I00
sbsg62
Nsg59
Nsg60
I2048
sg67
I00
sbsbag1
(g2
g3
Ntp137
Rp138
(dp139
g7
g110
sg27
g1
(g28
g3
Ntp140
Rp141
(dp142
g32
g35
sg33
g15
sg38
g1
(g39
g3
Ntp143
Rp144
(dp145
g43
I0
sg44
I4316
sg45
g23
sg49
I1
sg50
g47
sg51
I0
sg52
I64
sg53
I72
sg38
g1
(g54
g3
Ntp146
Rp147
(dp148
g58
I0
sg44
I1591
sg59
g144
sg60
I8
sg38
S'PingPingPingPingPingPingPingPingPingPingPingPing'
p149
sbsg62
Nsg63
I0
sg64
I5
sg65
I4
sg66
I28637
sg59
g141
sg67
I00
sbsg62
Nsg59
Nsg60
I2048
sg67
I00
sbsbag1
(g2
g3
Ntp150
Rp151
(dp152
g7
g110
sg27
g1
(g28
g3
Ntp153
Rp154
(dp155
g32
g35
sg33
g75
sg38
g1
(g39
g3
Ntp156
Rp157
(dp158
g43
I0
sg44
I4055
sg45
g80
sg49
I1
sg50
g47
sg51
I0
sg52
I64
sg53
I72
sg38
g1
(g54
g3
Ntp159
Rp160
(dp161
g58
I0
sg44
I1591
sg59
g157
sg60
I8
sg38
S'PingPingPingPingPingPingPingPingPingPingPingPing'
p162
sbsg62
Nsg63
I0
sg64
I5
sg65
I4
sg66
I28642
sg59
g154
sg67
I00
sbsg62
Nsg59
Nsg60
I2048
sg67
I00
sbsbag1
(g2
g3
Ntp163
Rp164
(dp165
g7
g72
sg27
g1
(g28
g3
Ntp166
Rp167
(dp168
g32
g75
sg33
g35
sg38
g1
(g39
g3
Ntp169
Rp170
(dp171
g43
I0
sg44
I4050
sg45
g47
sg49
I1
sg50
g80
sg51
I0
sg52
I64
sg53
I72
sg38
g1
(g54
g3
Ntp172
Rp173
(dp174
g58
I0
sg44
I1591
sg59
g170
sg60
I8
sg38
S'PingPingPingPingPingPingPingPingPingPingPingPing'
p175
sbsg62
Nsg63
I0
sg64
I5
sg65
I4
sg66
I28647
sg59
g167
sg67
I00
sbsg62
Nsg59
Nsg60
I2048
sg67
I00
sbsbag1
(g2
g3
Ntp176
Rp177
(dp178
g7
g110
sg27
g1
(g28
g3
Ntp179
Rp180
(dp181
g32
g35
sg33
g15
sg38
g1
(g39
g3
Ntp182
Rp183
(dp184
g43
I0
sg44
I4305
sg45
g23
sg49
I1
sg50
g47
sg51
I0
sg52
I64
sg53
I72
sg38
g1
(g54
g3
Ntp185
Rp186
(dp187
g58
I0
sg44
I1591
sg59
g183
sg60
I8
sg38
S'PingPingPingPingPingPingPingPingPingPingPingPing'
p188
sbsg62
Nsg63
I0
sg64
I5
sg65
I4
sg66
I28648
sg59
g180
sg67
I00
sbsg62
Nsg59
Nsg60
I2048
sg67
I00
sbsbag1
(g2
g3
Ntp189
Rp190
(dp191
g7
g10
sg27
g1
(g28
g3
Ntp192
Rp193
(dp194
g32
g15
sg33
g75
sg38
g1
(g39
g3
Ntp195
Rp196
(dp197
g43
I0
sg44
I3792
sg45
g80
sg49
I1
sg50
g23
sg51
I0
sg52
I64
sg53
I72
sg38
g1
(g54
g3
Ntp198
Rp199
(dp200
g58
I0
sg44
I3639
sg59
g196
sg60
I0
sg38
S'PingPingPingPingPingPingPingPingPingPingPingPing'
p201
sbsg62
Nsg63
I0
sg64
I5
sg65
I4
sg66
I28649
sg59
g193
sg67
I00
sbsg62
Nsg59
Nsg60
I2048
sg67
I00
sbsbag1
(g2
g3
Ntp202
Rp203
(dp204
g7
g72
sg27
g1
(g28
g3
Ntp205
Rp206
(dp207
g32
g75
sg33
g15
sg38
g1
(g39
g3
Ntp208
Rp209
(dp210
g43
I0
sg44
I3791
sg45
g23
sg49
I1
sg50
g80
sg51
I0
sg52
I64
sg53
I72
sg38
g1
(g54
g3
Ntp211
Rp212
(dp213
g58
I0
sg44
I1591
sg59
g209
sg60
I8
sg38
S'PingPingPingPingPingPingPingPingPingPingPingPing'
p214
sbsg62
Nsg63
I0
sg64
I5
sg65
I4
sg66
I28650
sg59
g206
sg67
I00
sbsg62
Nsg59
Nsg60
I2048
sg67
I00
sbsbag1
(g2
g3
Ntp215
Rp216
(dp217
g7
g10
sg27
g1
(g28
g3
Ntp218
Rp219
(dp220
g32
g15
sg33
g35
sg38
g1
(g39
g3
Ntp221
Rp222
(dp223
g43
I0
sg44
I4300
sg45
g47
sg49
I1
sg50
g23
sg51
I0
sg52
I64
sg53
I72
sg38
g1
(g54
g3
Ntp224
Rp225
(dp226
g58
I0
sg44
I1591
sg59
g222
sg60
I8
sg38
S'PingPingPingPingPingPingPingPingPingPingPingPing'
p227
sbsg62
Nsg63
I0
sg64
I5
sg65
I4
sg66
I28653
sg59
g219
sg67
I00
sbsg62
Nsg59
Nsg60
I2048
sg67
I00
sbsbag1
(g2
g3
Ntp228
Rp229
(dp230
g7
g110
sg27
g1
(g28
g3
Ntp231
Rp232
(dp233
g32
g35
sg33
g75
sg38
g1
(g39
g3
Ntp234
Rp235
(dp236
g43
I0
sg44
I0
sg45
g80
sg49
I1
sg50
g47
sg51
I0
sg52
I64
sg53
I20
sg38
g1
(g54
g3
Ntp237
Rp238
(dp239
g58
I0
sg44
I0
sg59
g235
sg60
I0
sg38
S'PingPingPingPingPingPingPingPingPingPingPingPing'
p240
sbsg62
Nsg63
I0
sg64
I5
sg65
I4
sg66
I28664
sg59
g232
sg67
I00
sbsg62
Nsg59
Nsg60
I2048
sg67
I00
sbsbag1
(g2
g3
Ntp241
Rp242
(dp243
g7
g10
sg27
g1
(g28
g3
Ntp244
Rp245
(dp246
g32
g15
sg33
g75
sg38
g1
(g39
g3
Ntp247
Rp248
(dp249
g43
I0
sg44
I0
sg45
g80
sg49
I1
sg50
g23
sg51
I0
sg52
I64
sg53
I20
sg38
g1
(g54
g3
Ntp250
Rp251
(dp252
g58
I0
sg44
I0
sg59
g248
sg60
I8
sg38
S'PingPingPingPingPingPingPingPingPingPingPingPing'
p253
sbsg62
Nsg63
I0
sg64
I5
sg65
I4
sg66
I28665
sg59
g245
sg67
I00
sbsg62
Nsg59
Nsg60
I2048
sg67
I00
sbsbag1
(g2
g3
Ntp254
Rp255
(dp256
g7
g10
sg27
g1
(g28
g3
Ntp257
Rp258
(dp259
g32
g15
sg33
g35
sg38
g1
(g39
g3
Ntp260
Rp261
(dp262
g43
I0
sg44
I4285
sg45
g47
sg49
I1
sg50
g23
sg51
I0
sg52
I64
sg53
I72
sg38
g1
(g54
g3
Ntp263
Rp264
(dp265
g58
I0
sg44
I3639
sg59
g261
sg60
I0
sg38
S'PingPingPingPingPingPingPingPingPingPingPingPing'
p266
sbsg62
Nsg63
I0
sg64
I5
sg65
I4
sg66
I28668
sg59
g258
sg67
I00
sbsg62
Nsg59
Nsg60
I2048
sg67
I00
sbsbag1
(g2
g3
Ntp267
Rp268
(dp269
g7
g10
sg27
g1
(g28
g3
Ntp270
Rp271
(dp272
g32
g15
sg33
g75
sg38
g1
(g39
g3
Ntp273
Rp274
(dp275
g43
I0
sg44
I3760
sg45
g80
sg49
I1
sg50
g23
sg51
I0
sg52
I64
sg53
I72
sg38
g1
(g54
g3
Ntp276
Rp277
(dp278
g58
I0
sg44
I1591
sg59
g274
sg60
I8
sg38
S'PingPingPingPingPingPingPingPingPingPingPingPing'
p279
sbsg62
Nsg63
I0
sg64
I5
sg65
I4
sg66
I28681
sg59
g271
sg67
I00
sbsg62
Nsg59
Nsg60
I2048
sg67
I00
sbsbag1
(g2
g3
Ntp280
Rp281
(dp282
g7
g72
sg27
g1
(g28
g3
Ntp283
Rp284
(dp285
g32
g75
sg33
g35
sg38
g1
(g39
g3
Ntp286
Rp287
(dp288
g43
I0
sg44
I4015
sg45
g47
sg49
I1
sg50
g80
sg51
I0
sg52
I64
sg53
I72
sg38
g1
(g54
g3
Ntp289
Rp290
(dp291
g58
I0
sg44
I3639
sg59
g287
sg60
I0
sg38
S'PingPingPingPingPingPingPingPingPingPingPingPing'
p292
sbsg62
Nsg63
I0
sg64
I5
sg65
I4
sg66
I28682
sg59
g284
sg67
I00
sbsg62
Nsg59
Nsg60
I2048
sg67
I00
sbsbag1
(g2
g3
Ntp293
Rp294
(dp295
g7
g72
sg27
g1
(g28
g3
Ntp296
Rp297
(dp298
g32
g75
sg33
g15
sg38
g1
(g39
g3
Ntp299
Rp300
(dp301
g43
I0
sg44
I3756
sg45
g23
sg49
I1
sg50
g80
sg51
I0
sg52
I64
sg53
I72
sg38
g1
(g54
g3
Ntp302
Rp303
(dp304
g58
I0
sg44
I1591
sg59
g300
sg60
I8
sg38
S'PingPingPingPingPingPingPingPingPingPingPingPing'
p305
sbsg62
Nsg63
I0
sg64
I5
sg65
I4
sg66
I28685
sg59
g297
sg67
I00
sbsg62
Nsg59
Nsg60
I2048
sg67
I00
sbsbag1
(g2
g3
Ntp306
Rp307
(dp308
g7
g10
sg27
g1
(g28
g3
Ntp309
Rp310
(dp311
g32
g15
sg33
g35
sg38
g1
(g39
g3
Ntp312
Rp313
(dp314
g43
I0
sg44
I0
sg45
g47
sg49
I1
sg50
g23
sg51
I0
sg52
I64
sg53
I20
sg38
g1
(g54
g3
Ntp315
Rp316
(dp317
g58
I0
sg44
I0
sg59
g313
sg60
I0
sg38
S'PingPingPingPingPingPingPingPingPingPingPingPing'
p318
sbsg62
Nsg63
I0
sg64
I5
sg65
I4
sg66
I28686
sg59
g310
sg67
I00
sbsg62
Nsg59
Nsg60
I2048
sg67
I00
sbsbag1
(g2
g3
Ntp319
Rp320
(dp321
g7
g72
sg27
g1
(g28
g3
Ntp322
Rp323
(dp324
g32
g75
sg33
g35
sg38
g1
(g39
g3
Ntp325
Rp326
(dp327
g43
I0
sg44
I0
sg45
g47
sg49
I1
sg50
g80
sg51
I0
sg52
I64
sg53
I20
sg38
g1
(g54
g3
Ntp328
Rp329
(dp330
g58
I0
sg44
I0
sg59
g326
sg60
I8
sg38
S'PingPingPingPingPingPingPingPingPingPingPingPing'
p331
sbsg62
Nsg63
I0
sg64
I5
sg65
I4
sg66
I28687
sg59
g323
sg67
I00
sbsg62
Nsg59
Nsg60
I2048
sg67
I00
sbsbag1
(g2
g3
Ntp332
Rp333
(dp334
g7
g10
sg27
g1
(g28
g3
Ntp335
Rp336
(dp337
g32
g15
sg33
g75
sg38
g1
(g39
g3
Ntp338
Rp339
(dp340
g43
I0
sg44
I0
sg45
g80
sg49
I1
sg50
g23
sg51
I0
sg52
I64
sg53
I20
sg38
g1
(g54
g3
Ntp341
Rp342
(dp343
g58
I0
sg44
I0
sg59
g339
sg60
I0
sg38
S'PingPingPingPingPingPingPingPingPingPingPingPing'
p344
sbsg62
Nsg63
I0
sg64
I5
sg65
I4
sg66
I28688
sg59
g336
sg67
I00
sbsg62
Nsg59
Nsg60
I2048
sg67
I00
sbsbag1
(g2
g3
Ntp345
Rp346
(dp347
g7
g72
sg27
g1
(g28
g3
Ntp348
Rp349
(dp350
g32
g75
sg33
g15
sg38
g1
(g39
g3
Ntp351
Rp352
(dp353
g43
I0
sg44
I3752
sg45
g23
sg49
I1
sg50
g80
sg51
I0
sg52
I64
sg53
I72
sg38
g1
(g54
g3
Ntp354
Rp355
(dp356
g58
I0
sg44
I1591
sg59
g352
sg60
I8
sg38
S'PingPingPingPingPingPingPingPingPingPingPingPing'
p357
sbsg62
Nsg63
I0
sg64
I5
sg65
I4
sg66
I28689
sg59
g349
sg67
I00
sbsg62
Nsg59
Nsg60
I2048
sg67
I00
sbsbag1
(g2
g3
Ntp358
Rp359
(dp360
g7
g72
sg27
g1
(g28
g3
Ntp361
Rp362
(dp363
g32
g75
sg33
g35
sg38
g1
(g39
g3
Ntp364
Rp365
(dp366
g43
I0
sg44
I4007
sg45
g47
sg49
I1
sg50
g80
sg51
I0
sg52
I64
sg53
I72
sg38
g1
(g54
g3
Ntp367
Rp368
(dp369
g58
I0
sg44
I3639
sg59
g365
sg60
I0
sg38
S'PingPingPingPingPingPingPingPingPingPingPingPing'
p370
sbsg62
Nsg63
I0
sg64
I5
sg65
I4
sg66
I28690
sg59
g362
sg67
I00
sbsg62
Nsg59
Nsg60
I2048
sg67
I00
sbsbag1
(g2
g3
Ntp371
Rp372
(dp373
g7
g72
sg27
g1
(g28
g3
Ntp374
Rp375
(dp376
g32
g75
sg33
g15
sg38
g1
(g39
g3
Ntp377
Rp378
(dp379
g43
I0
sg44
I3750
sg45
g23
sg49
I1
sg50
g80
sg51
I0
sg52
I64
sg53
I72
sg38
g1
(g54
g3
Ntp380
Rp381
(dp382
g58
I0
sg44
I3639
sg59
g378
sg60
I0
sg38
S'PingPingPingPingPingPingPingPingPingPingPingPing'
p383
sbsg62
Nsg63
I0
sg64
I5
sg65
I4
sg66
I28691
sg59
g375
sg67
I00
sbsg62
Nsg59
Nsg60
I2048
sg67
I00
sbsbag1
(g2
g3
Ntp384
Rp385
(dp386
g7
g10
sg27
g1
(g28
g3
Ntp387
Rp388
(dp389
g32
g15
sg33
g35
sg38
g1
(g39
g3
Ntp390
Rp391
(dp392
g43
I0
sg44
I4261
sg45
g47
sg49
I1
sg50
g23
sg51
I0
sg52
I64
sg53
I72
sg38
g1
(g54
g3
Ntp393
Rp394
(dp395
g58
I0
sg44
I1591
sg59
g391
sg60
I8
sg38
S'PingPingPingPingPingPingPingPingPingPingPingPing'
p396
sbsg62
Nsg63
I0
sg64
I5
sg65
I4
sg66
I28692
sg59
g388
sg67
I00
sbsg62
Nsg59
Nsg60
I2048
sg67
I00
sbsbag1
(g2
g3
Ntp397
Rp398
(dp399
g7
g72
sg27
g1
(g28
g3
Ntp400
Rp401
(dp402
g32
g75
sg33
g35
sg38
g1
(g39
g3
Ntp403
Rp404
(dp405
g43
I0
sg44
I4004
sg45
g47
sg49
I1
sg50
g80
sg51
I0
sg52
I64
sg53
I72
sg38
g1
(g54
g3
Ntp406
Rp407
(dp408
g58
I0
sg44
I3639
sg59
g404
sg60
I0
sg38
S'PingPingPingPingPingPingPingPingPingPingPingPing'
p409
sbsg62
Nsg63
I0
sg64
I5
sg65
I4
sg66
I28693
sg59
g401
sg67
I00
sbsg62
Nsg59
Nsg60
I2048
sg67
I00
sbsbag1
(g2
g3
Ntp410
Rp411
(dp412
g7
g10
sg27
g1
(g28
g3
Ntp413
Rp414
(dp415
g32
g15
sg33
g75
sg38
g1
(g39
g3
Ntp416
Rp417
(dp418
g43
I0
sg44
I3747
sg45
g80
sg49
I1
sg50
g23
sg51
I0
sg52
I64
sg53
I72
sg38
g1
(g54
g3
Ntp419
Rp420
(dp421
g58
I0
sg44
I3639
sg59
g417
sg60
I0
sg38
S'PingPingPingPingPingPingPingPingPingPingPingPing'
p422
sbsg62
Nsg63
I0
sg64
I5
sg65
I4
sg66
I28694
sg59
g414
sg67
I00
sbsg62
Nsg59
Nsg60
I2048
sg67
I00
sbsbag1
(g2
g3
Ntp423
Rp424
(dp425
g7
g10
sg27
g1
(g28
g3
Ntp426
Rp427
(dp428
g32
g15
sg33
g35
sg38
g1
(g39
g3
Ntp429
Rp430
(dp431
g43
I0
sg44
I4258
sg45
g47
sg49
I1
sg50
g23
sg51
I0
sg52
I64
sg53
I72
sg38
g1
(g54
g3
Ntp432
Rp433
(dp434
g58
I0
sg44
I1591
sg59
g430
sg60
I8
sg38
S'PingPingPingPingPingPingPingPingPingPingPingPing'
p435
sbsg62
Nsg63
I0
sg64
I5
sg65
I4
sg66
I28695
sg59
g427
sg67
I00
sbsg62
Nsg59
Nsg60
I2048
sg67
I00
sbsbag1
(g2
g3
Ntp436
Rp437
(dp438
g7
g110
sg27
g1
(g28
g3
Ntp439
Rp440
(dp441
g32
g35
sg33
g15
sg38
g1
(g39
g3
Ntp442
Rp443
(dp444
g43
I0
sg44
I4257
sg45
g23
sg49
I1
sg50
g47
sg51
I0
sg52
I64
sg53
I72
sg38
g1
(g54
g3
Ntp445
Rp446
(dp447
g58
I0
sg44
I3639
sg59
g443
sg60
I0
sg38
S'PingPingPingPingPingPingPingPingPingPingPingPing'
p448
sbsg62
Nsg63
I0
sg64
I5
sg65
I4
sg66
I28696
sg59
g440
sg67
I00
sbsg62
Nsg59
Nsg60
I2048
sg67
I00
sbsbag1
(g2
g3
Ntp449
Rp450
(dp451
g7
g10
sg27
g1
(g28
g3
Ntp452
Rp453
(dp454
g32
g15
sg33
g75
sg38
g1
(g39
g3
Ntp455
Rp456
(dp457
g43
I0
sg44
I3744
sg45
g80
sg49
I1
sg50
g23
sg51
I0
sg52
I64
sg53
I72
sg38
g1
(g54
g3
Ntp458
Rp459
(dp460
g58
I0
sg44
I3639
sg59
g456
sg60
I0
sg38
S'PingPingPingPingPingPingPingPingPingPingPingPing'
p461
sbsg62
Nsg63
I0
sg64
I5
sg65
I4
sg66
I28697
sg59
g453
sg67
I00
sbsg62
Nsg59
Nsg60
I2048
sg67
I00
sbsbag1
(g2
g3
Ntp462
Rp463
(dp464
g7
g10
sg27
g1
(g28
g3
Ntp465
Rp466
(dp467
g32
g15
sg33
g35
sg38
g1
(g39
g3
Ntp468
Rp469
(dp470
g43
I0
sg44
I4255
sg45
g47
sg49
I1
sg50
g23
sg51
I0
sg52
I64
sg53
I72
sg38
g1
(g54
g3
Ntp471
Rp472
(dp473
g58
I0
sg44
I3639
sg59
g469
sg60
I0
sg38
S'PingPingPingPingPingPingPingPingPingPingPingPing'
p474
sbsg62
Nsg63
I0
sg64
I5
sg65
I4
sg66
I28698
sg59
g466
sg67
I00
sbsg62
Nsg59
Nsg60
I2048
sg67
I00
sbsbag1
(g2
g3
Ntp475
Rp476
(dp477
g7
g10
sg27
g1
(g28
g3
Ntp478
Rp479
(dp480
g32
g15
sg33
g75
sg38
g1
(g39
g3
Ntp481
Rp482
(dp483
g43
I0
sg44
I3742
sg45
g80
sg49
I1
sg50
g23
sg51
I0
sg52
I64
sg53
I72
sg38
g1
(g54
g3
Ntp484
Rp485
(dp486
g58
I0
sg44
I1591
sg59
g482
sg60
I8
sg38
S'PingPingPingPingPingPingPingPingPingPingPingPing'
p487
sbsg62
Nsg63
I0
sg64
I5
sg65
I4
sg66
I28699
sg59
g479
sg67
I00
sbsg62
Nsg59
Nsg60
I2048
sg67
I00
sbsbag1
(g2
g3
Ntp488
Rp489
(dp490
g7
g10
sg27
g1
(g28
g3
Ntp491
Rp492
(dp493
g32
g15
sg33
g35
sg38
g1
(g39
g3
Ntp494
Rp495
(dp496
g43
I0
sg44
I4253
sg45
g47
sg49
I1
sg50
g23
sg51
I0
sg52
I64
sg53
I72
sg38
g1
(g54
g3
Ntp497
Rp498
(dp499
g58
I0
sg44
I3639
sg59
g495
sg60
I0
sg38
S'PingPingPingPingPingPingPingPingPingPingPingPing'
p500
sbsg62
Nsg63
I0
sg64
I5
sg65
I4
sg66
I28700
sg59
g492
sg67
I00
sbsg62
Nsg59
Nsg60
I2048
sg67
I00
sbsbag1
(g2
g3
Ntp501
Rp502
(dp503
g7
g72
sg27
g1
(g28
g3
Ntp504
Rp505
(dp506
g32
g75
sg33
g15
sg38
g1
(g39
g3
Ntp507
Rp508
(dp509
g43
I0
sg44
I3740
sg45
g23
sg49
I1
sg50
g80
sg51
I0
sg52
I64
sg53
I72
sg38
g1
(g54
g3
Ntp510
Rp511
(dp512
g58
I0
sg44
I1591
sg59
g508
sg60
I8
sg38
S'PingPingPingPingPingPingPingPingPingPingPingPing'
p513
sbsg62
Nsg63
I0
sg64
I5
sg65
I4
sg66
I28701
sg59
g505
sg67
I00
sbsg62
Nsg59
Nsg60
I2048
sg67
I00
sbsbag1
(g2
g3
Ntp514
Rp515
(dp516
g7
g110
sg27
g1
(g28
g3
Ntp517
Rp518
(dp519
g32
g35
sg33
g75
sg38
g1
(g39
g3
Ntp520
Rp521
(dp522
g43
I0
sg44
I3995
sg45
g80
sg49
I1
sg50
g47
sg51
I0
sg52
I64
sg53
I72
sg38
g1
(g54
g3
Ntp523
Rp524
(dp525
g58
I0
sg44
I3639
sg59
g521
sg60
I0
sg38
S'PingPingPingPingPingPingPingPingPingPingPingPing'
p526
sbsg62
Nsg63
I0
sg64
I5
sg65
I4
sg66
I28702
sg59
g518
sg67
I00
sbsg62
Nsg59
Nsg60
I2048
sg67
I00
sbsbag1
(g2
g3
Ntp527
Rp528
(dp529
g7
g10
sg27
g1
(g28
g3
Ntp530
Rp531
(dp532
g32
g15
sg33
g75
sg38
g1
(g39
g3
Ntp533
Rp534
(dp535
g43
I0
sg44
I3738
sg45
g80
sg49
I1
sg50
g23
sg51
I0
sg52
I64
sg53
I72
sg38
g1
(g54
g3
Ntp536
Rp537
(dp538
g58
I0
sg44
I1591
sg59
g534
sg60
I8
sg38
S'PingPingPingPingPingPingPingPingPingPingPingPing'
p539
sbsg62
Nsg63
I0
sg64
I5
sg65
I4
sg66
I28703
sg59
g531
sg67
I00
sbsg62
Nsg59
Nsg60
I2048
sg67
I00
sbsbag1
(g2
g3
Ntp540
Rp541
(dp542
g7
g72
sg27
g1
(g28
g3
Ntp543
Rp544
(dp545
g32
g75
sg33
g35
sg38
g1
(g39
g3
Ntp546
Rp547
(dp548
g43
I0
sg44
I0
sg45
g47
sg49
I1
sg50
g80
sg51
I0
sg52
I64
sg53
I20
sg38
g1
(g54
g3
Ntp549
Rp550
(dp551
g58
I0
sg44
I0
sg59
g547
sg60
I8
sg38
S'PingPingPingPingPingPingPingPingPingPingPingPing'
p552
sbsg62
Nsg63
I0
sg64
I5
sg65
I4
sg66
I28704
sg59
g544
sg67
I00
sbsg62
Nsg59
Nsg60
I2048
sg67
I00
sbsbag1
(g2
g3
Ntp553
Rp554
(dp555
g7
g72
sg27
g1
(g28
g3
Ntp556
Rp557
(dp558
g32
g75
sg33
g15
sg38
g1
(g39
g3
Ntp559
Rp560
(dp561
g43
I0
sg44
I3736
sg45
g23
sg49
I1
sg50
g80
sg51
I0
sg52
I64
sg53
I72
sg38
g1
(g54
g3
Ntp562
Rp563
(dp564
g58
I0
sg44
I3639
sg59
g560
sg60
I0
sg38
S'PingPingPingPingPingPingPingPingPingPingPingPing'
p565
sbsg62
Nsg63
I0
sg64
I5
sg65
I4
sg66
I28705
sg59
g557
sg67
I00
sbsg62
Nsg59
Nsg60
I2048
sg67
I00
sbsbag1
(g2
g3
Ntp566
Rp567
(dp568
g7
g110
sg27
g1
(g28
g3
Ntp569
Rp570
(dp571
g32
g35
sg33
g15
sg38
g1
(g39
g3
Ntp572
Rp573
(dp574
g43
I0
sg44
I4245
sg45
g23
sg49
I1
sg50
g47
sg51
I0
sg52
I64
sg53
I72
sg38
g1
(g54
g3
Ntp575
Rp576
(dp577
g58
I0
sg44
I3639
sg59
g573
sg60
I0
sg38
S'PingPingPingPingPingPingPingPingPingPingPingPing'
p578
sbsg62
Nsg63
I0
sg64
I5
sg65
I4
sg66
I28708
sg59
g570
sg67
I00
sbsg62
Nsg59
Nsg60
I2048
sg67
I00
sbsbag1
(g2
g3
Ntp579
Rp580
(dp581
g7
g110
sg27
g1
(g28
g3
Ntp582
Rp583
(dp584
g32
g35
sg33
g75
sg38
g1
(g39
g3
Ntp585
Rp586
(dp587
g43
I0
sg44
I3988
sg45
g80
sg49
I1
sg50
g47
sg51
I0
sg52
I64
sg53
I72
sg38
g1
(g54
g3
Ntp588
Rp589
(dp590
g58
I0
sg44
I1591
sg59
g586
sg60
I8
sg38
S'PingPingPingPingPingPingPingPingPingPingPingPing'
p591
sbsg62
Nsg63
I0
sg64
I5
sg65
I4
sg66
I28709
sg59
g583
sg67
I00
sbsg62
Nsg59
Nsg60
I2048
sg67
I00
sbsbag1
(g2
g3
Ntp592
Rp593
(dp594
g7
g110
sg27
g1
(g28
g3
Ntp595
Rp596
(dp597
g32
g35
sg33
g15
sg38
g1
(g39
g3
Ntp598
Rp599
(dp600
g43
I0
sg44
I4243
sg45
g23
sg49
I1
sg50
g47
sg51
I0
sg52
I64
sg53
I72
sg38
g1
(g54
g3
Ntp601
Rp602
(dp603
g58
I0
sg44
I3639
sg59
g599
sg60
I0
sg38
S'PingPingPingPingPingPingPingPingPingPingPingPing'
p604
sbsg62
Nsg63
I0
sg64
I5
sg65
I4
sg66
I28710
sg59
g596
sg67
I00
sbsg62
Nsg59
Nsg60
I2048
sg67
I00
sbsbag1
(g2
g3
Ntp605
Rp606
(dp607
g7
g72
sg27
g1
(g28
g3
Ntp608
Rp609
(dp610
g32
g75
sg33
g35
sg38
g1
(g39
g3
Ntp611
Rp612
(dp613
g43
I0
sg44
I3986
sg45
g47
sg49
I1
sg50
g80
sg51
I0
sg52
I64
sg53
I72
sg38
g1
(g54
g3
Ntp614
Rp615
(dp616
g58
I0
sg44
I1591
sg59
g612
sg60
I8
sg38
S'PingPingPingPingPingPingPingPingPingPingPingPing'
p617
sbsg62
Nsg63
I0
sg64
I5
sg65
I4
sg66
I28711
sg59
g609
sg67
I00
sbsg62
Nsg59
Nsg60
I2048
sg67
I00
sbsbag1
(g2
g3
Ntp618
Rp619
(dp620
g7
g10
sg27
g1
(g28
g3
Ntp621
Rp622
(dp623
g32
g15
sg33
g35
sg38
g1
(g39
g3
Ntp624
Rp625
(dp626
g43
I0
sg44
I4238
sg45
g47
sg49
I1
sg50
g23
sg51
I0
sg52
I64
sg53
I72
sg38
g1
(g54
g3
Ntp627
Rp628
(dp629
g58
I0
sg44
I1591
sg59
g625
sg60
I8
sg38
S'PingPingPingPingPingPingPingPingPingPingPingPing'
p630
sbsg62
Nsg63
I0
sg64
I5
sg65
I4
sg66
I28715
sg59
g622
sg67
I00
sbsg62
Nsg59
Nsg60
I2048
sg67
I00
sbsbag1
(g2
g3
Ntp631
Rp632
(dp633
g7
g72
sg27
g1
(g28
g3
Ntp634
Rp635
(dp636
g32
g75
sg33
g15
sg38
g1
(g39
g3
Ntp637
Rp638
(dp639
g43
I0
sg44
I3720
sg45
g23
sg49
I1
sg50
g80
sg51
I0
sg52
I64
sg53
I72
sg38
g1
(g54
g3
Ntp640
Rp641
(dp642
g58
I0
sg44
I1591
sg59
g638
sg60
I8
sg38
S'PingPingPingPingPingPingPingPingPingPingPingPing'
p643
sbsg62
Nsg63
I0
sg64
I5
sg65
I4
sg66
I28721
sg59
g635
sg67
I00
sbsg62
Nsg59
Nsg60
I2048
sg67
I00
sbsbag1
(g2
g3
Ntp644
Rp645
(dp646
g7
g110
sg27
g1
(g28
g3
Ntp647
Rp648
(dp649
g32
g35
sg33
g75
sg38
g1
(g39
g3
Ntp650
Rp651
(dp652
g43
I0
sg44
I3975
sg45
g80
sg49
I1
sg50
g47
sg51
I0
sg52
I64
sg53
I72
sg38
g1
(g54
g3
Ntp653
Rp654
(dp655
g58
I0
sg44
I1591
sg59
g651
sg60
I8
sg38
S'PingPingPingPingPingPingPingPingPingPingPingPing'
p656
sbsg62
Nsg63
I0
sg64
I5
sg65
I4
sg66
I28722
sg59
g648
sg67
I00
sbsg62
Nsg59
Nsg60
I2048
sg67
I00
sbsbag1
(g2
g3
Ntp657
Rp658
(dp659
g7
g72
sg27
g1
(g28
g3
Ntp660
Rp661
(dp662
g32
g75
sg33
g35
sg38
g1
(g39
g3
Ntp663
Rp664
(dp665
g43
I0
sg44
I0
sg45
g47
sg49
I1
sg50
g80
sg51
I0
sg52
I64
sg53
I20
sg38
g1
(g54
g3
Ntp666
Rp667
(dp668
g58
I0
sg44
I0
sg59
g664
sg60
I0
sg38
S'PingPingPingPingPingPingPingPingPingPingPingPing'
p669
sbsg62
Nsg63
I0
sg64
I5
sg65
I4
sg66
I28723
sg59
g661
sg67
I00
sbsg62
Nsg59
Nsg60
I2048
sg67
I00
sbsbag1
(g2
g3
Ntp670
Rp671
(dp672
g7
g72
sg27
g1
(g28
g3
Ntp673
Rp674
(dp675
g32
g75
sg33
g15
sg38
g1
(g39
g3
Ntp676
Rp677
(dp678
g43
I0
sg44
I3713
sg45
g23
sg49
I1
sg50
g80
sg51
I0
sg52
I64
sg53
I72
sg38
g1
(g54
g3
Ntp679
Rp680
(dp681
g58
I0
sg44
I1591
sg59
g677
sg60
I8
sg38
S'PingPingPingPingPingPingPingPingPingPingPingPing'
p682
sbsg62
Nsg63
I0
sg64
I5
sg65
I4
sg66
I28728
sg59
g674
sg67
I00
sbsg62
Nsg59
Nsg60
I2048
sg67
I00
sbsbag1
(g2
g3
Ntp683
Rp684
(dp685
g7
g10
sg27
g1
(g28
g3
Ntp686
Rp687
(dp688
g32
g15
sg33
g75
sg38
g1
(g39
g3
Ntp689
Rp690
(dp691
g43
I0
sg44
I3710
sg45
g80
sg49
I1
sg50
g23
sg51
I0
sg52
I64
sg53
I72
sg38
g1
(g54
g3
Ntp692
Rp693
(dp694
g58
I0
sg44
I1591
sg59
g690
sg60
I8
sg38
S'PingPingPingPingPingPingPingPingPingPingPingPing'
p695
sbsg62
Nsg63
I0
sg64
I5
sg65
I4
sg66
I28731
sg59
g687
sg67
I00
sbsg62
Nsg59
Nsg60
I2048
sg67
I00
sbsbag1
(g2
g3
Ntp696
Rp697
(dp698
g7
g10
sg27
g1
(g28
g3
Ntp699
Rp700
(dp701
g32
g15
sg33
g35
sg38
g1
(g39
g3
Ntp702
Rp703
(dp704
g43
I0
sg44
I4221
sg45
g47
sg49
I1
sg50
g23
sg51
I0
sg52
I64
sg53
I72
sg38
g1
(g54
g3
Ntp705
Rp706
(dp707
g58
I0
sg44
I3639
sg59
g703
sg60
I0
sg38
S'PingPingPingPingPingPingPingPingPingPingPingPing'
p708
sbsg62
Nsg63
I0
sg64
I5
sg65
I4
sg66
I28732
sg59
g700
sg67
I00
sbsg62
Nsg59
Nsg60
I2048
sg67
I00
sbsbag1
(g2
g3
Ntp709
Rp710
(dp711
g7
g72
sg27
g1
(g28
g3
Ntp712
Rp713
(dp714
g32
g75
sg33
g35
sg38
g1
(g39
g3
Ntp715
Rp716
(dp717
g43
I0
sg44
I3964
sg45
g47
sg49
I1
sg50
g80
sg51
I0
sg52
I64
sg53
I72
sg38
g1
(g54
g3
Ntp718
Rp719
(dp720
g58
I0
sg44
I1591
sg59
g716
sg60
I8
sg38
S'PingPingPingPingPingPingPingPingPingPingPingPing'
p721
sbsg62
Nsg63
I0
sg64
I5
sg65
I4
sg66
I28733
sg59
g713
sg67
I00
sbsg62
Nsg59
Nsg60
I2048
sg67
I00
sbsbag1
(g2
g3
Ntp722
Rp723
(dp724
g7
g110
sg27
g1
(g28
g3
Ntp725
Rp726
(dp727
g32
g35
sg33
g15
sg38
g1
(g39
g3
Ntp728
Rp729
(dp730
g43
I0
sg44
I4219
sg45
g23
sg49
I1
sg50
g47
sg51
I0
sg52
I64
sg53
I72
sg38
g1
(g54
g3
Ntp731
Rp732
(dp733
g58
I0
sg44
I3639
sg59
g729
sg60
I0
sg38
S'PingPingPingPingPingPingPingPingPingPingPingPing'
p734
sbsg62
Nsg63
I0
sg64
I5
sg65
I4
sg66
I28734
sg59
g726
sg67
I00
sbsg62
Nsg59
Nsg60
I2048
sg67
I00
sbsbag1
(g2
g3
Ntp735
Rp736
(dp737
g7
g110
sg27
g1
(g28
g3
Ntp738
Rp739
(dp740
g32
g35
sg33
g75
sg38
g1
(g39
g3
Ntp741
Rp742
(dp743
g43
I0
sg44
I0
sg45
g80
sg49
I1
sg50
g47
sg51
I0
sg52
I64
sg53
I20
sg38
g1
(g54
g3
Ntp744
Rp745
(dp746
g58
I0
sg44
I0
sg59
g742
sg60
I8
sg38
S'PingPingPingPingPingPingPingPingPingPingPingPing'
p747
sbsg62
Nsg63
I0
sg64
I5
sg65
I4
sg66
I28735
sg59
g739
sg67
I00
sbsg62
Nsg59
Nsg60
I2048
sg67
I00
sbsbag1
(g2
g3
Ntp748
Rp749
(dp750
g7
g10
sg27
g1
(g28
g3
Ntp751
Rp752
(dp753
g32
g15
sg33
g75
sg38
g1
(g39
g3
Ntp754
Rp755
(dp756
g43
I0
sg44
I3705
sg45
g80
sg49
I1
sg50
g23
sg51
I0
sg52
I64
sg53
I72
sg38
g1
(g54
g3
Ntp757
Rp758
(dp759
g58
I0
sg44
I3639
sg59
g755
sg60
I0
sg38
S'PingPingPingPingPingPingPingPingPingPingPingPing'
p760
sbsg62
Nsg63
I0
sg64
I5
sg65
I4
sg66
I28736
sg59
g752
sg67
I00
sbsg62
Nsg59
Nsg60
I2048
sg67
I00
sbsbag1
(g2
g3
Ntp761
Rp762
(dp763
g7
g72
sg27
g1
(g28
g3
Ntp764
Rp765
(dp766
g32
g75
sg33
g15
sg38
g1
(g39
g3
Ntp767
Rp768
(dp769
g43
I0
sg44
I3704
sg45
g23
sg49
I1
sg50
g80
sg51
I0
sg52
I64
sg53
I72
sg38
g1
(g54
g3
Ntp770
Rp771
(dp772
g58
I0
sg44
I1591
sg59
g768
sg60
I8
sg38
S'PingPingPingPingPingPingPingPingPingPingPingPing'
p773
sbsg62
Nsg63
I0
sg64
I5
sg65
I4
sg66
I28737
sg59
g765
sg67
I00
sbsg62
Nsg59
Nsg60
I2048
sg67
I00
sbsbag1
(g2
g3
Ntp774
Rp775
(dp776
g7
g110
sg27
g1
(g28
g3
Ntp777
Rp778
(dp779
g32
g35
sg33
g15
sg38
g1
(g39
g3
Ntp780
Rp781
(dp782
g43
I0
sg44
I4215
sg45
g23
sg49
I1
sg50
g47
sg51
I0
sg52
I64
sg53
I72
sg38
g1
(g54
g3
Ntp783
Rp784
(dp785
g58
I0
sg44
I1591
sg59
g781
sg60
I8
sg38
S'PingPingPingPingPingPingPingPingPingPingPingPing'
p786
sbsg62
Nsg63
I0
sg64
I5
sg65
I4
sg66
I28738
sg59
g778
sg67
I00
sbsg62
Nsg59
Nsg60
I2048
sg67
I00
sbsbag1
(g2
g3
Ntp787
Rp788
(dp789
g7
g110
sg27
g1
(g28
g3
Ntp790
Rp791
(dp792
g32
g35
sg33
g75
sg38
g1
(g39
g3
Ntp793
Rp794
(dp795
g43
I0
sg44
I3958
sg45
g80
sg49
I1
sg50
g47
sg51
I0
sg52
I64
sg53
I72
sg38
g1
(g54
g3
Ntp796
Rp797
(dp798
g58
I0
sg44
I1591
sg59
g794
sg60
I8
sg38
S'PingPingPingPingPingPingPingPingPingPingPingPing'
p799
sbsg62
Nsg63
I0
sg64
I5
sg65
I4
sg66
I28739
sg59
g791
sg67
I00
sbsg62
Nsg59
Nsg60
I2048
sg67
I00
sbsbag1
(g2
g3
Ntp800
Rp801
(dp802
g7
g10
sg27
g1
(g28
g3
Ntp803
Rp804
(dp805
g32
g15
sg33
g35
sg38
g1
(g39
g3
Ntp806
Rp807
(dp808
g43
I0
sg44
I0
sg45
g47
sg49
I1
sg50
g23
sg51
I0
sg52
I64
sg53
I20
sg38
g1
(g54
g3
Ntp809
Rp810
(dp811
g58
I0
sg44
I0
sg59
g807
sg60
I8
sg38
S'PingPingPingPingPingPingPingPingPingPingPingPing'
p812
sbsg62
Nsg63
I0
sg64
I5
sg65
I4
sg66
I28740
sg59
g804
sg67
I00
sbsg62
Nsg59
Nsg60
I2048
sg67
I00
sbsbag1
(g2
g3
Ntp813
Rp814
(dp815
g7
g110
sg27
g1
(g28
g3
Ntp816
Rp817
(dp818
g32
g35
sg33
g15
sg38
g1
(g39
g3
Ntp819
Rp820
(dp821
g43
I0
sg44
I4208
sg45
g23
sg49
I1
sg50
g47
sg51
I0
sg52
I64
sg53
I72
sg38
g1
(g54
g3
Ntp822
Rp823
(dp824
g58
I0
sg44
I1591
sg59
g820
sg60
I8
sg38
S'PingPingPingPingPingPingPingPingPingPingPingPing'
p825
sbsg62
Nsg63
I0
sg64
I5
sg65
I4
sg66
I28745
sg59
g817
sg67
I00
sbsg62
Nsg59
Nsg60
I2048
sg67
I00
sbsbag1
(g2
g3
Ntp826
Rp827
(dp828
g7
g72
sg27
g1
(g28
g3
Ntp829
Rp830
(dp831
g32
g75
sg33
g35
sg38
g1
(g39
g3
Ntp832
Rp833
(dp834
g43
I0
sg44
I3951
sg45
g47
sg49
I1
sg50
g80
sg51
I0
sg52
I64
sg53
I72
sg38
g1
(g54
g3
Ntp835
Rp836
(dp837
g58
I0
sg44
I3639
sg59
g833
sg60
I0
sg38
S'PingPingPingPingPingPingPingPingPingPingPingPing'
p838
sbsg62
Nsg63
I0
sg64
I5
sg65
I4
sg66
I28746
sg59
g830
sg67
I00
sbsg62
Nsg59
Nsg60
I2048
sg67
I00
sbsbag1
(g2
g3
Ntp839
Rp840
(dp841
g7
g110
sg27
g1
(g28
g3
Ntp842
Rp843
(dp844
g32
g35
sg33
g75
sg38
g1
(g39
g3
Ntp845
Rp846
(dp847
g43
I0
sg44
I3950
sg45
g80
sg49
I1
sg50
g47
sg51
I0
sg52
I64
sg53
I72
sg38
g1
(g54
g3
Ntp848
Rp849
(dp850
g58
I0
sg44
I3639
sg59
g846
sg60
I0
sg38
S'PingPingPingPingPingPingPingPingPingPingPingPing'
p851
sbsg62
Nsg63
I0
sg64
I5
sg65
I4
sg66
I28747
sg59
g843
sg67
I00
sbsg62
Nsg59
Nsg60
I2048
sg67
I00
sbsbag1
(g2
g3
Ntp852
Rp853
(dp854
g7
g10
sg27
g1
(g28
g3
Ntp855
Rp856
(dp857
g32
g15
sg33
g75
sg38
g1
(g39
g3
Ntp858
Rp859
(dp860
g43
I0
sg44
I3693
sg45
g80
sg49
I1
sg50
g23
sg51
I0
sg52
I64
sg53
I72
sg38
g1
(g54
g3
Ntp861
Rp862
(dp863
g58
I0
sg44
I1591
sg59
g859
sg60
I8
sg38
S'PingPingPingPingPingPingPingPingPingPingPingPing'
p864
sbsg62
Nsg63
I0
sg64
I5
sg65
I4
sg66
I28748
sg59
g856
sg67
I00
sbsg62
Nsg59
Nsg60
I2048
sg67
I00
sbsbag1
(g2
g3
Ntp865
Rp866
(dp867
g7
g72
sg27
g1
(g28
g3
Ntp868
Rp869
(dp870
g32
g75
sg33
g15
sg38
g1
(g39
g3
Ntp871
Rp872
(dp873
g43
I0
sg44
I3692
sg45
g23
sg49
I1
sg50
g80
sg51
I0
sg52
I64
sg53
I72
sg38
g1
(g54
g3
Ntp874
Rp875
(dp876
g58
I0
sg44
I3639
sg59
g872
sg60
I0
sg38
S'PingPingPingPingPingPingPingPingPingPingPingPing'
p877
sbsg62
Nsg63
I0
sg64
I5
sg65
I4
sg66
I28749
sg59
g869
sg67
I00
sbsg62
Nsg59
Nsg60
I2048
sg67
I00
sbsbag1
(g2
g3
Ntp878
Rp879
(dp880
g7
g10
sg27
g1
(g28
g3
Ntp881
Rp882
(dp883
g32
g15
sg33
g35
sg38
g1
(g39
g3
Ntp884
Rp885
(dp886
g43
I0
sg44
I4203
sg45
g47
sg49
I1
sg50
g23
sg51
I0
sg52
I64
sg53
I72
sg38
g1
(g54
g3
Ntp887
Rp888
(dp889
g58
I0
sg44
I1591
sg59
g885
sg60
I8
sg38
S'PingPingPingPingPingPingPingPingPingPingPingPing'
p890
sbsg62
Nsg63
I0
sg64
I5
sg65
I4
sg66
I28750
sg59
g882
sg67
I00
sbsg62
Nsg59
Nsg60
I2048
sg67
I00
sbsbag1
(g2
g3
Ntp891
Rp892
(dp893
g7
g72
sg27
g1
(g28
g3
Ntp894
Rp895
(dp896
g32
g75
sg33
g35
sg38
g1
(g39
g3
Ntp897
Rp898
(dp899
g43
I0
sg44
I0
sg45
g47
sg49
I1
sg50
g80
sg51
I0
sg52
I64
sg53
I20
sg38
g1
(g54
g3
Ntp900
Rp901
(dp902
g58
I0
sg44
I0
sg59
g898
sg60
I8
sg38
S'PingPingPingPingPingPingPingPingPingPingPingPing'
p903
sbsg62
Nsg63
I0
sg64
I5
sg65
I4
sg66
I28751
sg59
g895
sg67
I00
sbsg62
Nsg59
Nsg60
I2048
sg67
I00
sbsbag1
(g2
g3
Ntp904
Rp905
(dp906
g7
g110
sg27
g1
(g28
g3
Ntp907
Rp908
(dp909
g32
g35
sg33
g15
sg38
g1
(g39
g3
Ntp910
Rp911
(dp912
g43
I0
sg44
I0
sg45
g23
sg49
I1
sg50
g47
sg51
I0
sg52
I64
sg53
I20
sg38
g1
(g54
g3
Ntp913
Rp914
(dp915
g58
I0
sg44
I0
sg59
g911
sg60
I0
sg38
S'PingPingPingPingPingPingPingPingPingPingPingPing'
p916
sbsg62
Nsg63
I0
sg64
I5
sg65
I4
sg66
I28752
sg59
g908
sg67
I00
sbsg62
Nsg59
Nsg60
I2048
sg67
I00
sbsbag1
(g2
g3
Ntp917
Rp918
(dp919
g7
g10
sg27
g1
(g28
g3
Ntp920
Rp921
(dp922
g32
g15
sg33
g75
sg38
g1
(g39
g3
Ntp923
Rp924
(dp925
g43
I0
sg44
I0
sg45
g80
sg49
I1
sg50
g23
sg51
I0
sg52
I64
sg53
I20
sg38
g1
(g54
g3
Ntp926
Rp927
(dp928
g58
I0
sg44
I0
sg59
g924
sg60
I0
sg38
S'PingPingPingPingPingPingPingPingPingPingPingPing'
p929
sbsg62
Nsg63
I0
sg64
I5
sg65
I4
sg66
I28753
sg59
g921
sg67
I00
sbsg62
Nsg59
Nsg60
I2048
sg67
I00
sbsbag1
(g2
g3
Ntp930
Rp931
(dp932
g7
g10
sg27
g1
(g28
g3
Ntp933
Rp934
(dp935
g32
g15
sg33
g35
sg38
g1
(g39
g3
Ntp936
Rp937
(dp938
g43
I0
sg44
I4199
sg45
g47
sg49
I1
sg50
g23
sg51
I0
sg52
I64
sg53
I72
sg38
g1
(g54
g3
Ntp939
Rp940
(dp941
g58
I0
sg44
I3639
sg59
g937
sg60
I0
sg38
S'PingPingPingPingPingPingPingPingPingPingPingPing'
p942
sbsg62
Nsg63
I0
sg64
I5
sg65
I4
sg66
I28754
sg59
g934
sg67
I00
sbsg62
Nsg59
Nsg60
I2048
sg67
I00
sbsbag1
(g2
g3
Ntp943
Rp944
(dp945
g7
g10
sg27
g1
(g28
g3
Ntp946
Rp947
(dp948
g32
g15
sg33
g75
sg38
g1
(g39
g3
Ntp949
Rp950
(dp951
g43
I0
sg44
I0
sg45
g80
sg49
I1
sg50
g23
sg51
I0
sg52
I64
sg53
I20
sg38
g1
(g54
g3
Ntp952
Rp953
(dp954
g58
I0
sg44
I0
sg59
g950
sg60
I0
sg38
S'PingPingPingPingPingPingPingPingPingPingPingPing'
p955
sbsg62
Nsg63
I0
sg64
I5
sg65
I4
sg66
I28755
sg59
g947
sg67
I00
sbsg62
Nsg59
Nsg60
I2048
sg67
I00
sbsbag1
(g2
g3
Ntp956
Rp957
(dp958
g7
g110
sg27
g1
(g28
g3
Ntp959
Rp960
(dp961
g32
g35
sg33
g75
sg38
g1
(g39
g3
Ntp962
Rp963
(dp964
g43
I0
sg44
I3941
sg45
g80
sg49
I1
sg50
g47
sg51
I0
sg52
I64
sg53
I72
sg38
g1
(g54
g3
Ntp965
Rp966
(dp967
g58
I0
sg44
I1591
sg59
g963
sg60
I8
sg38
S'PingPingPingPingPingPingPingPingPingPingPingPing'
p968
sbsg62
Nsg63
I0
sg64
I5
sg65
I4
sg66
I28756
sg59
g960
sg67
I00
sbsg62
Nsg59
Nsg60
I2048
sg67
I00
sbsbag1
(g2
g3
Ntp969
Rp970
(dp971
g7
g10
sg27
g1
(g28
g3
Ntp972
Rp973
(dp974
g32
g15
sg33
g35
sg38
g1
(g39
g3
Ntp975
Rp976
(dp977
g43
I0
sg44
I4196
sg45
g47
sg49
I1
sg50
g23
sg51
I0
sg52
I64
sg53
I72
sg38
g1
(g54
g3
Ntp978
Rp979
(dp980
g58
I0
sg44
I3639
sg59
g976
sg60
I0
sg38
S'PingPingPingPingPingPingPingPingPingPingPingPing'
p981
sbsg62
Nsg63
I0
sg64
I5
sg65
I4
sg66
I28757
sg59
g973
sg67
I00
sbsg62
Nsg59
Nsg60
I2048
sg67
I00
sbsbag1
(g2
g3
Ntp982
Rp983
(dp984
g7
g72
sg27
g1
(g28
g3
Ntp985
Rp986
(dp987
g32
g75
sg33
g15
sg38
g1
(g39
g3
Ntp988
Rp989
(dp990
g43
I0
sg44
I3683
sg45
g23
sg49
I1
sg50
g80
sg51
I0
sg52
I64
sg53
I72
sg38
g1
(g54
g3
Ntp991
Rp992
(dp993
g58
I0
sg44
I1591
sg59
g989
sg60
I8
sg38
S'PingPingPingPingPingPingPingPingPingPingPingPing'
p994
sbsg62
Nsg63
I0
sg64
I5
sg65
I4
sg66
I28758
sg59
g986
sg67
I00
sbsg62
Nsg59
Nsg60
I2048
sg67
I00
sbsbag1
(g2
g3
Ntp995
Rp996
(dp997
g7
g10
sg27
g1
(g28
g3
Ntp998
Rp999
(dp1000
g32
g15
sg33
g75
sg38
g1
(g39
g3
Ntp1001
Rp1002
(dp1003
g43
I0
sg44
I0
sg45
g80
sg49
I1
sg50
g23
sg51
I0
sg52
I64
sg53
I20
sg38
g1
(g54
g3
Ntp1004
Rp1005
(dp1006
g58
I0
sg44
I0
sg59
g1002
sg60
I8
sg38
S'PingPingPingPingPingPingPingPingPingPingPingPing'
p1007
sbsg62
Nsg63
I0
sg64
I5
sg65
I4
sg66
I28759
sg59
g999
sg67
I00
sbsg62
Nsg59
Nsg60
I2048
sg67
I00
sbsbag1
(g2
g3
Ntp1008
Rp1009
(dp1010
g7
g110
sg27
g1
(g28
g3
Ntp1011
Rp1012
(dp1013
g32
g35
sg33
g15
sg38
g1
(g39
g3
Ntp1014
Rp1015
(dp1016
g43
I0
sg44
I4193
sg45
g23
sg49
I1
sg50
g47
sg51
I0
sg52
I64
sg53
I72
sg38
g1
(g54
g3
Ntp1017
Rp1018
(dp1019
g58
I0
sg44
I1591
sg59
g1015
sg60
I8
sg38
S'PingPingPingPingPingPingPingPingPingPingPingPing'
p1020
sbsg62
Nsg63
I0
sg64
I5
sg65
I4
sg66
I28760
sg59
g1012
sg67
I00
sbsg62
Nsg59
Nsg60
I2048
sg67
I00
sbsbag1
(g2
g3
Ntp1021
Rp1022
(dp1023
g7
g110
sg27
g1
(g28
g3
Ntp1024
Rp1025
(dp1026
g32
g35
sg33
g75
sg38
g1
(g39
g3
Ntp1027
Rp1028
(dp1029
g43
I0
sg44
I3936
sg45
g80
sg49
I1
sg50
g47
sg51
I0
sg52
I64
sg53
I72
sg38
g1
(g54
g3
Ntp1030
Rp1031
(dp1032
g58
I0
sg44
I1591
sg59
g1028
sg60
I8
sg38
S'PingPingPingPingPingPingPingPingPingPingPingPing'
p1033
sbsg62
Nsg63
I0
sg64
I5
sg65
I4
sg66
I28761
sg59
g1025
sg67
I00
sbsg62
Nsg59
Nsg60
I2048
sg67
I00
sbsbag1
(g2
g3
Ntp1034
Rp1035
(dp1036
g7
g72
sg27
g1
(g28
g3
Ntp1037
Rp1038
(dp1039
g32
g75
sg33
g35
sg38
g1
(g39
g3
Ntp1040
Rp1041
(dp1042
g43
I0
sg44
I3935
sg45
g47
sg49
I1
sg50
g80
sg51
I0
sg52
I64
sg53
I72
sg38
g1
(g54
g3
Ntp1043
Rp1044
(dp1045
g58
I0
sg44
I3639
sg59
g1041
sg60
I0
sg38
S'PingPingPingPingPingPingPingPingPingPingPingPing'
p1046
sbsg62
Nsg63
I0
sg64
I5
sg65
I4
sg66
I28762
sg59
g1038
sg67
I00
sbsg62
Nsg59
Nsg60
I2048
sg67
I00
sbsbag1
(g2
g3
Ntp1047
Rp1048
(dp1049
g7
g10
sg27
g1
(g28
g3
Ntp1050
Rp1051
(dp1052
g32
g15
sg33
g35
sg38
g1
(g39
g3
Ntp1053
Rp1054
(dp1055
g43
I0
sg44
I4188
sg45
g47
sg49
I1
sg50
g23
sg51
I0
sg52
I64
sg53
I72
sg38
g1
(g54
g3
Ntp1056
Rp1057
(dp1058
g58
I0
sg44
I3639
sg59
g1054
sg60
I0
sg38
S'PingPingPingPingPingPingPingPingPingPingPingPing'
p1059
sbsg62
Nsg63
I0
sg64
I5
sg65
I4
sg66
I28765
sg59
g1051
sg67
I00
sbsg62
Nsg59
Nsg60
I2048
sg67
I00
sbsbag1
(g2
g3
Ntp1060
Rp1061
(dp1062
g7
g110
sg27
g1
(g28
g3
Ntp1063
Rp1064
(dp1065
g32
g35
sg33
g15
sg38
g1
(g39
g3
Ntp1066
Rp1067
(dp1068
g43
I0
sg44
I4187
sg45
g23
sg49
I1
sg50
g47
sg51
I0
sg52
I64
sg53
I72
sg38
g1
(g54
g3
Ntp1069
Rp1070
(dp1071
g58
I0
sg44
I3639
sg59
g1067
sg60
I0
sg38
S'PingPingPingPingPingPingPingPingPingPingPingPing'
p1072
sbsg62
Nsg63
I0
sg64
I5
sg65
I4
sg66
I28766
sg59
g1064
sg67
I00
sbsg62
Nsg59
Nsg60
I2048
sg67
I00
sbsbag1
(g2
g3
Ntp1073
Rp1074
(dp1075
g7
g72
sg27
g1
(g28
g3
Ntp1076
Rp1077
(dp1078
g32
g75
sg33
g15
sg38
g1
(g39
g3
Ntp1079
Rp1080
(dp1081
g43
I0
sg44
I0
sg45
g23
sg49
I1
sg50
g80
sg51
I0
sg52
I64
sg53
I20
sg38
g1
(g54
g3
Ntp1082
Rp1083
(dp1084
g58
I0
sg44
I0
sg59
g1080
sg60
I8
sg38
S'PingPingPingPingPingPingPingPingPingPingPingPing'
p1085
sbsg62
Nsg63
I0
sg64
I5
sg65
I4
sg66
I28767
sg59
g1077
sg67
I00
sbsg62
Nsg59
Nsg60
I2048
sg67
I00
sbsbag1
(g2
g3
Ntp1086
Rp1087
(dp1088
g7
g72
sg27
g1
(g28
g3
Ntp1089
Rp1090
(dp1091
g32
g75
sg33
g35
sg38
g1
(g39
g3
Ntp1092
Rp1093
(dp1094
g43
I0
sg44
I3927
sg45
g47
sg49
I1
sg50
g80
sg51
I0
sg52
I64
sg53
I72
sg38
g1
(g54
g3
Ntp1095
Rp1096
(dp1097
g58
I0
sg44
I3639
sg59
g1093
sg60
I0
sg38
S'PingPingPingPingPingPingPingPingPingPingPingPing'
p1098
sbsg62
Nsg63
I0
sg64
I5
sg65
I4
sg66
I28770
sg59
g1090
sg67
I00
sbsg62
Nsg59
Nsg60
I2048
sg67
I00
sbsbag1
(g2
g3
Ntp1099
Rp1100
(dp1101
g7
g110
sg27
g1
(g28
g3
Ntp1102
Rp1103
(dp1104
g32
g35
sg33
g75
sg38
g1
(g39
g3
Ntp1105
Rp1106
(dp1107
g43
I0
sg44
I3926
sg45
g80
sg49
I1
sg50
g47
sg51
I0
sg52
I64
sg53
I72
sg38
g1
(g54
g3
Ntp1108
Rp1109
(dp1110
g58
I0
sg44
I3639
sg59
g1106
sg60
I0
sg38
S'PingPingPingPingPingPingPingPingPingPingPingPing'
p1111
sbsg62
Nsg63
I0
sg64
I5
sg65
I4
sg66
I28771
sg59
g1103
sg67
I00
sbsg62
Nsg59
Nsg60
I2048
sg67
I00
sbsbag1
(g2
g3
Ntp1112
Rp1113
(dp1114
g7
g72
sg27
g1
(g28
g3
Ntp1115
Rp1116
(dp1117
g32
g75
sg33
g15
sg38
g1
(g39
g3
Ntp1118
Rp1119
(dp1120
g43
I0
sg44
I3669
sg45
g23
sg49
I1
sg50
g80
sg51
I0
sg52
I64
sg53
I72
sg38
g1
(g54
g3
Ntp1121
Rp1122
(dp1123
g58
I0
sg44
I1591
sg59
g1119
sg60
I8
sg38
S'PingPingPingPingPingPingPingPingPingPingPingPing'
p1124
sbsg62
Nsg63
I0
sg64
I5
sg65
I4
sg66
I28772
sg59
g1116
sg67
I00
sbsg62
Nsg59
Nsg60
I2048
sg67
I00
sbsbag1
(g2
g3
Ntp1125
Rp1126
(dp1127
g7
g110
sg27
g1
(g28
g3
Ntp1128
Rp1129
(dp1130
g32
g35
sg33
g15
sg38
g1
(g39
g3
Ntp1131
Rp1132
(dp1133
g43
I0
sg44
I0
sg45
g23
sg49
I1
sg50
g47
sg51
I0
sg52
I64
sg53
I20
sg38
g1
(g54
g3
Ntp1134
Rp1135
(dp1136
g58
I0
sg44
I0
sg59
g1132
sg60
I8
sg38
S'PingPingPingPingPingPingPingPingPingPingPingPing'
p1137
sbsg62
Nsg63
I0
sg64
I5
sg65
I4
sg66
I28775
sg59
g1129
sg67
I00
sbsg62
Nsg59
Nsg60
I2048
sg67
I00
sbsbag1
(g2
g3
Ntp1138
Rp1139
(dp1140
g7
g110
sg27
g1
(g28
g3
Ntp1141
Rp1142
(dp1143
g32
g35
sg33
g75
sg38
g1
(g39
g3
Ntp1144
Rp1145
(dp1146
g43
I0
sg44
I0
sg45
g80
sg49
I1
sg50
g47
sg51
I0
sg52
I64
sg53
I20
sg38
g1
(g54
g3
Ntp1147
Rp1148
(dp1149
g58
I0
sg44
I0
sg59
g1145
sg60
I8
sg38
S'PingPingPingPingPingPingPingPingPingPingPingPing'
p1150
sbsg62
Nsg63
I0
sg64
I5
sg65
I4
sg66
I28776
sg59
g1142
sg67
I00
sbsg62
Nsg59
Nsg60
I2048
sg67
I00
sbsbag1
(g2
g3
Ntp1151
Rp1152
(dp1153
g7
g10
sg27
g1
(g28
g3
Ntp1154
Rp1155
(dp1156
g32
g15
sg33
g75
sg38
g1
(g39
g3
Ntp1157
Rp1158
(dp1159
g43
I0
sg44
I3664
sg45
g80
sg49
I1
sg50
g23
sg51
I0
sg52
I64
sg53
I72
sg38
g1
(g54
g3
Ntp1160
Rp1161
(dp1162
g58
I0
sg44
I3639
sg59
g1158
sg60
I0
sg38
S'PingPingPingPingPingPingPingPingPingPingPingPing'
p1163
sbsg62
Nsg63
I0
sg64
I5
sg65
I4
sg66
I28777
sg59
g1155
sg67
I00
sbsg62
Nsg59
Nsg60
I2048
sg67
I00
sbsbag1
(g2
g3
Ntp1164
Rp1165
(dp1166
g7
g72
sg27
g1
(g28
g3
Ntp1167
Rp1168
(dp1169
g32
g75
sg33
g35
sg38
g1
(g39
g3
Ntp1170
Rp1171
(dp1172
g43
I0
sg44
I3919
sg45
g47
sg49
I1
sg50
g80
sg51
I0
sg52
I64
sg53
I72
sg38
g1
(g54
g3
Ntp1173
Rp1174
(dp1175
g58
I0
sg44
I1591
sg59
g1171
sg60
I8
sg38
S'PingPingPingPingPingPingPingPingPingPingPingPing'
p1176
sbsg62
Nsg63
I0
sg64
I5
sg65
I4
sg66
I28778
sg59
g1168
sg67
I00
sbsg62
Nsg59
Nsg60
I2048
sg67
I00
sbsbag1
(g2
g3
Ntp1177
Rp1178
(dp1179
g7
g110
sg27
g1
(g28
g3
Ntp1180
Rp1181
(dp1182
g32
g35
sg33
g15
sg38
g1
(g39
g3
Ntp1183
Rp1184
(dp1185
g43
I0
sg44
I0
sg45
g23
sg49
I1
sg50
g47
sg51
I0
sg52
I64
sg53
I20
sg38
g1
(g54
g3
Ntp1186
Rp1187
(dp1188
g58
I0
sg44
I0
sg59
g1184
sg60
I0
sg38
S'PingPingPingPingPingPingPingPingPingPingPingPing'
p1189
sbsg62
Nsg63
I0
sg64
I5
sg65
I4
sg66
I28779
sg59
g1181
sg67
I00
sbsg62
Nsg59
Nsg60
I2048
sg67
I00
sbsbag1
(g2
g3
Ntp1190
Rp1191
(dp1192
g7
g10
sg27
g1
(g28
g3
Ntp1193
Rp1194
(dp1195
g32
g15
sg33
g35
sg38
g1
(g39
g3
Ntp1196
Rp1197
(dp1198
g43
I0
sg44
I0
sg45
g47
sg49
I1
sg50
g23
sg51
I0
sg52
I64
sg53
I20
sg38
g1
(g54
g3
Ntp1199
Rp1200
(dp1201
g58
I0
sg44
I0
sg59
g1197
sg60
I0
sg38
S'PingPingPingPingPingPingPingPingPingPingPingPing'
p1202
sbsg62
Nsg63
I0
sg64
I5
sg65
I4
sg66
I28780
sg59
g1194
sg67
I00
sbsg62
Nsg59
Nsg60
I2048
sg67
I00
sbsbag1
(g2
g3
Ntp1203
Rp1204
(dp1205
g7
g10
sg27
g1
(g28
g3
Ntp1206
Rp1207
(dp1208
g32
g15
sg33
g75
sg38
g1
(g39
g3
Ntp1209
Rp1210
(dp1211
g43
I0
sg44
I0
sg45
g80
sg49
I1
sg50
g23
sg51
I0
sg52
I64
sg53
I20
sg38
g1
(g54
g3
Ntp1212
Rp1213
(dp1214
g58
I0
sg44
I0
sg59
g1210
sg60
I0
sg38
S'PingPingPingPingPingPingPingPingPingPingPingPing'
p1215
sbsg62
Nsg63
I0
sg64
I5
sg65
I4
sg66
I28781
sg59
g1207
sg67
I00
sbsg62
Nsg59
Nsg60
I2048
sg67
I00
sbsbag1
(g2
g3
Ntp1216
Rp1217
(dp1218
g7
g110
sg27
g1
(g28
g3
Ntp1219
Rp1220
(dp1221
g32
g35
sg33
g75
sg38
g1
(g39
g3
Ntp1222
Rp1223
(dp1224
g43
I0
sg44
I0
sg45
g80
sg49
I1
sg50
g47
sg51
I0
sg52
I64
sg53
I20
sg38
g1
(g54
g3
Ntp1225
Rp1226
(dp1227
g58
I0
sg44
I0
sg59
g1223
sg60
I8
sg38
S'PingPingPingPingPingPingPingPingPingPingPingPing'
p1228
sbsg62
Nsg63
I0
sg64
I5
sg65
I4
sg66
I28782
sg59
g1220
sg67
I00
sbsg62
Nsg59
Nsg60
I2048
sg67
I00
sbsbag1
(g2
g3
Ntp1229
Rp1230
(dp1231
g7
g10
sg27
g1
(g28
g3
Ntp1232
Rp1233
(dp1234
g32
g15
sg33
g35
sg38
g1
(g39
g3
Ntp1235
Rp1236
(dp1237
g43
I0
sg44
I0
sg45
g47
sg49
I1
sg50
g23
sg51
I0
sg52
I64
sg53
I20
sg38
g1
(g54
g3
Ntp1238
Rp1239
(dp1240
g58
I0
sg44
I0
sg59
g1236
sg60
I8
sg38
S'PingPingPingPingPingPingPingPingPingPingPingPing'
p1241
sbsg62
Nsg63
I0
sg64
I5
sg65
I4
sg66
I28783
sg59
g1233
sg67
I00
sbsg62
Nsg59
Nsg60
I2048
sg67
I00
sbsba.