[1;36mStarting POX controller c1[1;m
connect_socket_with_backoff ('127.0.0.1', 6633)
Error connecting.  -- [Errno 61] Connection refused. Backing off 1 seconds ...
[1;33m[c1] POX 0.0.0 / Copyright 2011 James McCauley[1;m

[1;41m[1;33m[c1] DEBUG:core:POX 0.0.0 going up...[1;m

[1;41m[1;33m[c1] DEBUG:core:Running on CPython (2.7.5/Mar 9 2014 22:15:05)[1;m

[1;41m[1;33m[c1] INFO:core:POX 0.0.0 is up.[1;m

[1;41m[1;33m[c1] DEBUG:openflow.of_01:Listening for connections on ('127.0.0.1', 6633)[1;m

[1;33m[c1] Incoming true socket connected[1;m

connect_socket_with_backoff ('127.0.0.1', 6633)
connect_socket_with_backoff ('127.0.0.1', 6633)[1;33m[c1] Incoming MockSocket connection [u'127.0.0.1', 54436][1;m


[1;36m[1;44m00:00.502 00:00.000 Successfully matched event ConnectToControllers:e1[1;m
[1;33m[c1] Incoming MockSocket connection [u'127.0.0.1', 54436][1;m

[1;41m[1;33m[c1] INFO:openflow.of_01:of_01 [Con 2/2] Connected to 00-00-00-00-00-02[1;m

[1;41m[1;33m[c1] DEBUG:forwarding.l2_multi:Connect [Con 2/2][1;m

[1;41m[1;33m[c1] DEBUG:openflow.discovery:Installing flow for 00-00-00-00-00-02[1;m

[1;41m[1;33m[c1] INFO:openflow.of_01:of_01 [Con 1/1] Connected to 00-00-00-00-00-01[1;m

[1;41m[1;33m[c1] DEBUG:forwarding.l2_multi:Connect [Con 1/1][1;m

[1;41m[1;33m[c1] DEBUG:openflow.discovery:Installing flow for 00-00-00-00-00-01[1;m

[1;36m[1;44m00:05.578 00:05.074 Successfully matched event TrafficInjection:e34[1;m
[1;36m[1;36mRound 51[1;37m[1;m
[1;36mForwarding dataplane event[1;m
[1;36mForwarding dataplane event[1;m
[1;36mForwarding dataplane event[1;m
[1;36mForwarding dataplane event[1;m
[1;36mForwarding dataplane event[1;m
[1;36m[1;44m00:05.582 00:05.074 Successfully matched event TrafficInjection:e35[1;m
[1;36mForwarding dataplane event[1;m
[1;41m[1;33m[c1] INFO:openflow.discovery:link detected: 00-00-00-00-00-01.1 -> 00-00-00-00-00-02.1[1;m

[1;41m[1;33m[c1] DEBUG:forwarding.l2_multi:Learned 12:34:56:78:02:02 at 00-00-00-00-00-02.2[1;m

[1;41m[1;33m[c1] DEBUG:forwarding.l2_multi:Installing path for 12:34:56:78:02:02 -> 12:34:56:78:02:02 0800 (1 hops)[1;m

[1;41m[1;33m[c1] INFO:openflow.discovery:link detected: 00-00-00-00-00-02.1 -> 00-00-00-00-00-01.1[1;m

[1;41m[1;33m[c1] DEBUG:forwarding.l2_multi:Learned 12:34:56:78:01:02 at 00-00-00-00-00-01.2[1;m

[1;41m[1;33m[c1] DEBUG:forwarding.l2_multi:Installing path for 12:34:56:78:01:02 -> 12:34:56:78:01:02 0800 (1 hops)[1;m

[1;42m[1;37mNo correctness violations![1;m
[1;36m[1;44m00:05.687 00:05.179 Successfully matched event CheckInvariants:e40[1;m
[1;36m[1;36mRound 52[1;37m[1;m
[1;42m[1;37mNo correctness violations![1;m
[1;36m[1;44m00:05.793 00:05.283 Successfully matched event CheckInvariants:e44[1;m
[1;36m[1;36mRound 53[1;37m[1;m
[1;42m[1;37mNo correctness violations![1;m
[1;36m[1;44m00:05.897 00:05.385 Successfully matched event CheckInvariants:e46[1;m
[1;36m[1;36mRound 54[1;37m[1;m
[1;42m[1;37mNo correctness violations![1;m
[1;36m[1;44m00:06.000 00:05.486 Successfully matched event CheckInvariants:e47[1;m
[1;36m[1;36mRound 55[1;37m[1;m
[1;42m[1;37mNo correctness violations![1;m
[1;36m[1;44m00:06.103 00:05.588 Successfully matched event CheckInvariants:e48[1;m
[1;36m[1;36mRound 56[1;37m[1;m
[1;42m[1;37mNo correctness violations![1;m
[1;36m[1;44m00:06.206 00:05.689 Successfully matched event CheckInvariants:e49[1;m
[1;36m[1;36mRound 57[1;37m[1;m
[1;42m[1;37mNo correctness violations![1;m
[1;36m[1;44m00:06.309 00:05.791 Successfully matched event CheckInvariants:e50[1;m
[1;36m[1;36mRound 58[1;37m[1;m
[1;42m[1;37mNo correctness violations![1;m
[1;36m[1;44m00:06.412 00:05.892 Successfully matched event CheckInvariants:e51[1;m
[1;36m[1;36mRound 59[1;37m[1;m
[1;42m[1;37mNo correctness violations![1;m
[1;36m[1;44m00:06.516 00:05.994 Successfully matched event CheckInvariants:e52[1;m
[1;36m[1;36mRound 60[1;37m[1;m
[1;42m[1;37mNo correctness violations![1;m
[1;36m[1;44m00:06.619 00:06.096 Successfully matched event CheckInvariants:e53[1;m
[1;36m[1;36mRound 61[1;37m[1;m
[1;42m[1;37mNo correctness violations![1;m
[1;36m[1;44m00:06.722 00:06.197 Successfully matched event CheckInvariants:e54[1;m
[1;36m[1;36mRound 62[1;37m[1;m
[1;42m[1;37mNo correctness violations![1;m
[1;36m[1;44m00:06.826 00:06.299 Successfully matched event CheckInvariants:e55[1;m
[1;36m[1;36mRound 63[1;37m[1;m
[1;36mForwarding dataplane event[1;m
[1;36m[1;36mRound 74[1;37m[1;m
[1;42m[1;37mNo correctness violations![1;m
[1;36m[1;44mEvent Stats: Events matched: 15, timed out: 0
Matches per event type:
  ConnectToControllers 1
  TrafficInjection 2
  CheckInvariants 12
Timeouts per event type:
[1;m
[1;36m[1;44mDataplaneDrop Stats: Expected drops (0), Actual drops (0)
Missed Drops (expected if TrafficInjections pruned):[1;m
[1;36mKilling controller c1 (pid 1980)[1;m
Terminating child controllers... OK
