Violation reproduced successfully! Proceeding with pruning
Subsets:
l/0: e15 e16 e32 e65 e70 e89 e98 e113 e116 e137
r/0: e158 e161 e182 e185 a(e194,[u'e220']) e211 e229 e279 e307 e309
Current subset: l/0: e15 e16 e32 e65 e70 e89 e98 e113 e116 e137
No violation in 0'th...
Current subset: r/0: e158 e161 e182 e185 a(e194,[u'e220']) e211 e229 e279 e307 e309
Violation! Considering 1'th
Violation found in 1th half. Recursing
Subsets:
r/0.l/1: e158 e161 e182 e185 a(e194,[u'e220'])
r/0.r/1: e211 e229 e279 e307 e309
Current subset: r/0.l/1: e158 e161 e182 e185 a(e194,[u'e220'])
No violation in 0'th...
Current subset: r/0.r/1: e211 e229 e279 e307 e309
No violation in 1'th...
Interference
Recursing on left half
Subsets:
r/0.il/1.l/2: e158 e161 e182
r/0.il/1.r/2: e185 a(e194,[u'e220'])
Current subset: r/0.il/1.l/2: e158 e161 e182
No violation in 0'th...
Current subset: r/0.il/1.r/2: e185 a(e194,[u'e220'])
Violation! Considering 1'th
Violation found in 1th half. Recursing
Subsets:
r/0.il/1.r/2.l/3: e185
r/0.il/1.r/2.r/3: a(e194,[u'e220'])
Current subset: r/0.il/1.r/2.l/3: e185
No violation in 0'th...
Current subset: r/0.il/1.r/2.r/3: a(e194,[u'e220'])
Violation! Considering 1'th
Violation found in 1th half. Recursing
Base case [ControllerFailure:e194:('ControllerFailure', u'c1'), ControllerRecovery:e220:('ControllerRecovery', u'c1')]
Recursing on right half
Subsets:
r/0.ir/1.l/2: e211 e229 e279
r/0.ir/1.r/2: e307 e309
Current subset: r/0.ir/1.l/2: e211 e229 e279
Violation! Considering 0'th
Violation found in 0th half. Recursing
Subsets:
r/0.ir/1.l/2.l/3: e211 e229
r/0.ir/1.l/2.r/3: e279
Current subset: r/0.ir/1.l/2.l/3: e211 e229
Violation! Considering 0'th
Violation found in 0th half. Recursing
Subsets:
r/0.ir/1.l/2.l/3.l/4: e211
r/0.ir/1.l/2.l/3.r/4: e229
Current subset: r/0.ir/1.l/2.l/3.l/4: e211
No violation in 0'th...
Current subset: r/0.ir/1.l/2.l/3.r/4: e229
Violation! Considering 1'th
Violation found in 1th half. Recursing
Base case [CheckInvariants:e229:('CheckInvariants',)]
=== Total replays: 14 ===
Final MCS (3 elements):
 - ControllerFailure:e194
 - ControllerRecovery:e220
 - CheckInvariants:e229
