[1;36mStarting controller ('127.0.0.1', 6633)[1;m
[1;33m[c1] POX 0.0.0 / Copyright 2011 James McCauley[1;m
[1;41m[1;33m[c1] INFO:pox_syncer:starting sts sync for spec: ptcp:0.0.0.0:18899[1;m
[1;41m[1;33m[c1] INFO:pox_syncer:waiting for sts_sync connection on 0.0.0.0:18899[1;m
[1;41m[1;33m[c1] INFO:pox_syncer:sts_sync connected[1;m
[1;41m[1;33m[c1] DEBUG:core:POX 0.0.0 going up...[1;m
[1;41m[1;33m[c1] DEBUG:core:Running on CPython (2.7.2+/Jul 20 2012 22:15:08)[1;m
[1;41m[1;33m[c1] INFO:core:POX 0.0.0 is up.[1;m
[1;41m[1;33m[c1] DEBUG:openflow.of_01:Listening for connections on ('127.0.0.1', 6633)[1;m
[1;33m[c1] Incoming true socket connected[1;m
[1;33m[c1] Incoming MockSocket connection [u'127.0.0.1', 46971][1;m
[1;36mRound 1 completed.[1;m[1;33m[c1] Incoming MockSocket connection [u'127.0.0.1', 46971][1;m

[1;36mRound 2 completed.[1;m
[1;36mRound 3 completed.[1;m
[1;41m[1;33m[c1] INFO:openflow.of_01:of_01 [Con 1/1] Connected to 00-00-00-00-00-01[1;m
[1;41m[1;33m[c1] DEBUG:forwarding.l2_multi:Connect [Con 1/1][1;m
[1;41m[1;33m[c1] DEBUG:openflow.discovery:Installing flow for 00-00-00-00-00-01[1;m
[1;36mRound 4 completed.[1;m
[1;41m[1;33m[c1] INFO:openflow.of_01:of_01 [Con 2/2] Connected to 00-00-00-00-00-02[1;m
[1;41m[1;33m[c1] DEBUG:forwarding.l2_multi:Connect [Con 2/2][1;m
[1;41m[1;33m[c1] DEBUG:openflow.discovery:Installing flow for 00-00-00-00-00-02[1;m
[1;36mRound 5 completed.[1;m
[1;36mRound 6 completed.[1;m
[1;36mRound 7 completed.[1;m
[1;36mRound 8 completed.[1;m
[1;36mRound 9 completed.[1;m
[1;36mRound 10 completed.[1;m
[1;36mForwarding dataplane event[1;m
[1;36mRound 11 completed.[1;m
[1;41m[1;33m[c1] DEBUG:forwarding.l2_multi:Learned 12:34:56:78:02:02 at 00-00-00-00-00-02.2[1;m
[1;41m[1;33m[c1] DEBUG:forwarding.l2_multi:Flood multicast from 12:34:56:78:02:02[1;m
[1;36mRound 12 completed.[1;m
[1;36mForwarding dataplane event[1;m
[1;36mRound 13 completed.[1;m
[1;41m[1;33m[c1] DEBUG:forwarding.l2_multi:12:34:56:78:02:02 moved from 00-00-00-00-00-02.2 to 00-00-00-00-00-01.1?[1;m
[1;41m[1;33m[c1] DEBUG:forwarding.l2_multi:Learned 12:34:56:78:02:02 at 00-00-00-00-00-01.1[1;m
[1;41m[1;33m[c1] DEBUG:forwarding.l2_multi:Flood multicast from 12:34:56:78:02:02[1;m
[1;36mRound 14 completed.[1;m
[1;36mDropping dataplane event[1;m
[1;36mRound 15 completed.[1;m
[1;36mRound 16 completed.[1;m
[1;36mRound 17 completed.[1;m
[1;36mForwarding dataplane event[1;m
[1;36mRound 18 completed.[1;m
[1;41m[1;33m[c1] INFO:openflow.discovery:link detected: 00-00-00-00-00-01.1 -> 00-00-00-00-00-02.1[1;m
[1;41m[1;33m[c1] DEBUG:forwarding.l2_multi:Unlearned 12:34:56:78:02:02[1;m
[1;36mRound 19 completed.[1;m
[1;36mRound 20 completed.[1;m
[1;41m[1;37mNot all 2 pairs are connected! (2 missing)[1;m
[1;37mNo correctness violations![1;m
[1;36mDelaying dataplane event[1;m
[1;36mRound 21 completed.[1;m
[1;36mForwarding dataplane event[1;m
[1;36mRound 22 completed.[1;m
[1;41m[1;33m[c1] DEBUG:forwarding.l2_multi:Learned 12:34:56:78:01:02 at 00-00-00-00-00-01.2[1;m
[1;41m[1;33m[c1] DEBUG:forwarding.l2_multi:12:34:56:78:02:02 unknown -- flooding[1;m
[1;36mRound 23 completed.[1;m
[1;36mDelaying dataplane event[1;m
[1;36mRound 24 completed.[1;m
[1;36mForwarding dataplane event[1;m
[1;36mRound 25 completed.[1;m
[1;41m[1;33m[c1] DEBUG:forwarding.l2_multi:12:34:56:78:01:02 moved from 00-00-00-00-00-01.2 to 00-00-00-00-00-02.1?[1;m
[1;41m[1;33m[c1] DEBUG:forwarding.l2_multi:Learned 12:34:56:78:01:02 at 00-00-00-00-00-02.1[1;m
[1;41m[1;33m[c1] DEBUG:forwarding.l2_multi:12:34:56:78:02:02 unknown -- flooding[1;m
[1;36mRound 26 completed.[1;m
[1;36mForwarding dataplane event[1;m
[1;36mRound 27 completed.[1;m
[1;36mRound 28 completed.[1;m
[1;36mRound 29 completed.[1;m
[1;36mDropping dataplane event[1;m
[1;36mRound 30 completed.[1;m
[1;36mForwarding dataplane event[1;m
[1;36mRound 31 completed.[1;m
[1;41m[1;33m[c1] DEBUG:forwarding.l2_multi:Learned 12:34:56:78:02:02 at 00-00-00-00-00-02.2[1;m
[1;41m[1;33m[c1] DEBUG:forwarding.l2_multi:Installing path for 12:34:56:78:02:02 -> 12:34:56:78:01:02 0800 (1 hops)[1;m
[1;36mRound 32 completed.[1;m
[1;36mForwarding dataplane event[1;m
[1;36mRound 33 completed.[1;m
[1;41m[1;33m[c1] DEBUG:forwarding.l2_multi:12:34:56:78:02:02 moved from 00-00-00-00-00-02.2 to 00-00-00-00-00-01.1?[1;m
[1;41m[1;33m[c1] DEBUG:forwarding.l2_multi:Learned 12:34:56:78:02:02 at 00-00-00-00-00-01.1[1;m
[1;41m[1;33m[c1] WARNING:forwarding.l2_multi:Can't get from 12:34:56:78:02:02 to 12:34:56:78:01:02[1;m
[1;41m[1;33m[c1] DEBUG:forwarding.l2_multi:Dest unreachable (12:34:56:78:02:02 -> 12:34:56:78:01:02)[1;m
[1;36mRound 34 completed.[1;m
[1;36mForwarding dataplane event[1;m
[1;36mRound 35 completed.[1;m
[1;41m[1;33m[c1] DEBUG:forwarding.l2_multi:Learned 00:00:00:00:00:01 at 00-00-00-00-00-02.1[1;m
[1;41m[1;33m[c1] WARNING:forwarding.l2_multi:Can't get from 00:00:00:00:00:01 to 12:34:56:78:02:02[1;m
[1;41m[1;33m[c1] DEBUG:forwarding.l2_multi:Dest unreachable (00:00:00:00:00:01 -> 12:34:56:78:02:02)[1;m
[1;36mRound 36 completed.[1;m
[1;36mDropping dataplane event[1;m
[1;36mRound 37 completed.[1;m
[1;36mRound 38 completed.[1;m
[1;36mRound 39 completed.[1;m
[1;36mRound 40 completed.[1;m
[1;41m[1;37mNot all 2 pairs are connected! (2 missing)[1;m
[1;37mNo correctness violations![1;m
[1;36mForwarding dataplane event[1;m
[1;36mRound 41 completed.[1;m
[1;41m[1;33m[c1] DEBUG:forwarding.l2_multi:12:34:56:78:01:02 moved from 00-00-00-00-00-02.1 to 00-00-00-00-00-01.2?[1;m
[1;41m[1;33m[c1] DEBUG:forwarding.l2_multi:Learned 12:34:56:78:01:02 at 00-00-00-00-00-01.2[1;m
[1;41m[1;33m[c1] DEBUG:forwarding.l2_multi:Installing path for 12:34:56:78:01:02 -> 12:34:56:78:02:02 0800 (1 hops)[1;m
[1;36mRound 42 completed.[1;m
[1;36mForwarding dataplane event[1;m
[1;36mDropping dataplane event[1;m
[1;36mRound 43 completed.[1;m
[1;41m[1;33m[c1] DEBUG:forwarding.l2_multi:12:34:56:78:01:02 moved from 00-00-00-00-00-01.2 to 00-00-00-00-00-02.1?[1;m
[1;41m[1;33m[c1] DEBUG:forwarding.l2_multi:Learned 12:34:56:78:01:02 at 00-00-00-00-00-02.1[1;m
[1;41m[1;33m[c1] WARNING:forwarding.l2_multi:Can't get from 12:34:56:78:01:02 to 12:34:56:78:02:02[1;m
[1;41m[1;33m[c1] DEBUG:forwarding.l2_multi:Dest unreachable (12:34:56:78:01:02 -> 12:34:56:78:02:02)[1;m
[1;36mRound 44 completed.[1;m
[1;36mDropping dataplane event[1;m
[1;36mRound 45 completed.[1;m
[1;36mRound 46 completed.[1;m
[1;36mRound 47 completed.[1;m
[1;36mRound 48 completed.[1;m
[1;36mRound 49 completed.[1;m
[1;36mRound 50 completed.[1;m
[1;36mForwarding dataplane event[1;m
[1;36mRound 51 completed.[1;m
[1;41m[1;33m[c1] DEBUG:forwarding.l2_multi:12:34:56:78:02:02 moved from 00-00-00-00-00-01.1 to 00-00-00-00-00-02.2?[1;m
[1;41m[1;33m[c1] DEBUG:forwarding.l2_multi:Learned 12:34:56:78:02:02 at 00-00-00-00-00-02.2[1;m
[1;41m[1;33m[c1] DEBUG:forwarding.l2_multi:Flood multicast from 12:34:56:78:02:02[1;m
[1;36mRound 52 completed.[1;m
[1;36mForwarding dataplane event[1;m
[1;36mRound 53 completed.[1;m
[1;41m[1;33m[c1] DEBUG:forwarding.l2_multi:12:34:56:78:02:02 moved from 00-00-00-00-00-02.2 to 00-00-00-00-00-01.1?[1;m
[1;41m[1;33m[c1] DEBUG:forwarding.l2_multi:Learned 12:34:56:78:02:02 at 00-00-00-00-00-01.1[1;m
[1;41m[1;33m[c1] DEBUG:forwarding.l2_multi:Flood multicast from 12:34:56:78:02:02[1;m
[1;36mRound 54 completed.[1;m
[1;36mDropping dataplane event[1;m
[1;36mForwarding dataplane event[1;m
[1;36mRound 55 completed.[1;m
[1;36mRound 56 completed.[1;m
[1;36mRound 57 completed.[1;m
[1;36mRound 58 completed.[1;m
[1;36mRound 59 completed.[1;m
[1;36mRound 60 completed.[1;m
[1;41m[1;37mNot all 2 pairs are connected! (2 missing)[1;m
[1;37mNo correctness violations![1;m
[1;36mDelaying dataplane event[1;m
[1;36mRound 61 completed.[1;m
[1;36mDelaying dataplane event[1;m
[1;36mRound 62 completed.[1;m
[1;36mDelaying dataplane event[1;m
[1;36mRound 63 completed.[1;m
[1;36mForwarding dataplane event[1;m
[1;36mRound 64 completed.[1;m
[1;41m[1;33m[c1] DEBUG:forwarding.l2_multi:12:34:56:78:01:02 moved from 00-00-00-00-00-02.1 to 00-00-00-00-00-01.2?[1;m
[1;41m[1;33m[c1] DEBUG:forwarding.l2_multi:Learned 12:34:56:78:01:02 at 00-00-00-00-00-01.2[1;m
[1;41m[1;33m[c1] DEBUG:forwarding.l2_multi:Installing path for 12:34:56:78:01:02 -> 12:34:56:78:02:02 0806 (1 hops)[1;m
[1;36mRound 65 completed.[1;m
[1;36mForwarding dataplane event[1;m
[1;36mRound 66 completed.[1;m
[1;41m[1;33m[c1] DEBUG:forwarding.l2_multi:12:34:56:78:01:02 moved from 00-00-00-00-00-01.2 to 00-00-00-00-00-02.1?[1;m
[1;41m[1;33m[c1] DEBUG:forwarding.l2_multi:Learned 12:34:56:78:01:02 at 00-00-00-00-00-02.1[1;m
[1;41m[1;33m[c1] WARNING:forwarding.l2_multi:Can't get from 12:34:56:78:01:02 to 12:34:56:78:02:02[1;m
[1;36mDropping dataplane event[1;m
[1;36mRound 67 completed.[1;m
[1;36mRound 68 completed.[1;m
[1;36mRound 69 completed.[1;m
[1;36mRound 70 completed.[1;m
[1;36mDelaying dataplane event[1;m
[1;36mRound 71 completed.[1;m
[1;36mForwarding dataplane event[1;m
[1;36mRound 72 completed.[1;m
[1;36mDelaying dataplane event[1;m
[1;36mRound 73 completed.[1;m
[1;36mForwarding dataplane event[1;m
[1;36mRound 74 completed.[1;m
[1;41m[1;33m[c1] WARNING:forwarding.l2_multi:Can't get from 12:34:56:78:02:02 to 12:34:56:78:01:02[1;m
[1;41m[1;33m[c1] DEBUG:forwarding.l2_multi:Dest unreachable (12:34:56:78:02:02 -> 12:34:56:78:01:02)[1;m
[1;36mRound 75 completed.[1;m
[1;36mDelaying dataplane event[1;m
[1;36mRound 76 completed.[1;m
[1;36mDelaying dataplane event[1;m
[1;36mRound 77 completed.[1;m
[1;36mDelaying dataplane event[1;m
[1;36mRound 78 completed.[1;m
[1;36mForwarding dataplane event[1;m
[1;36mRound 79 completed.[1;m
[1;41m[1;33m[c1] WARNING:forwarding.l2_multi:Can't get from 00:00:00:00:00:01 to 12:34:56:78:02:02[1;m
[1;41m[1;33m[c1] DEBUG:forwarding.l2_multi:Dest unreachable (00:00:00:00:00:01 -> 12:34:56:78:02:02)[1;m
[1;36mForwarding dataplane event[1;m
[1;36mRound 80 completed.[1;m
[1;41m[1;37mNot all 2 pairs are connected! (2 missing)[1;m
[1;37mNo correctness violations![1;m
[1;36mForwarding dataplane event[1;m
[1;36mForwarding dataplane event[1;m
[1;36mRound 81 completed.[1;m
[1;41m[1;33m[c1] DEBUG:forwarding.l2_multi:Learned 00:00:00:00:00:02 at 00-00-00-00-00-01.1[1;m
[1;41m[1;33m[c1] WARNING:forwarding.l2_multi:Can't get from 00:00:00:00:00:02 to 00:00:00:00:00:01[1;m
[1;41m[1;33m[c1] DEBUG:forwarding.l2_multi:Dest unreachable (00:00:00:00:00:02 -> 00:00:00:00:00:01)[1;m
[1;36mForwarding dataplane event[1;m
[1;36mRound 82 completed.[1;m
[1;41m[1;33m[c1] WARNING:forwarding.l2_multi:Can't get from 12:34:56:78:01:02 to 12:34:56:78:02:02[1;m
[1;41m[1;33m[c1] DEBUG:forwarding.l2_multi:Dest unreachable (12:34:56:78:01:02 -> 12:34:56:78:02:02)[1;m
[1;36mDropping dataplane event[1;m
[1;36mRound 83 completed.[1;m
[1;36mForwarding dataplane event[1;m
[1;36mRound 84 completed.[1;m
[1;41m[1;33m[c1] WARNING:forwarding.l2_multi:Can't get from 00:00:00:00:00:02 to 12:34:56:78:01:02[1;m
[1;41m[1;33m[c1] DEBUG:forwarding.l2_multi:Dest unreachable (00:00:00:00:00:02 -> 12:34:56:78:01:02)[1;m
[1;36mRound 85 completed.[1;m
[1;36mDelaying dataplane event[1;m
[1;36mRound 86 completed.[1;m
[1;36mDelaying dataplane event[1;m
[1;36mRound 87 completed.[1;m
[1;36mForwarding dataplane event[1;m
[1;36mRound 88 completed.[1;m
[1;41m[1;33m[c1] WARNING:forwarding.l2_multi:Can't get from 00:00:00:00:00:01 to 00:00:00:00:00:02[1;m
[1;41m[1;33m[c1] DEBUG:forwarding.l2_multi:Dest unreachable (00:00:00:00:00:01 -> 00:00:00:00:00:02)[1;m
[1;36mRound 89 completed.[1;m
[1;36mForwarding dataplane event[1;m
[1;36mRound 90 completed.[1;m
[1;41m[1;33m[c1] WARNING:forwarding.l2_multi:Can't get from 00:00:00:00:00:02 to 00:00:00:00:00:01[1;m
[1;41m[1;33m[c1] DEBUG:forwarding.l2_multi:Dest unreachable (00:00:00:00:00:02 -> 00:00:00:00:00:01)[1;m
[1;36mForwarding dataplane event[1;m
[1;36mRound 91 completed.[1;m
[1;41m[1;33m[c1] DEBUG:forwarding.l2_multi:12:34:56:78:02:02 moved from 00-00-00-00-00-01.1 to 00-00-00-00-00-02.2?[1;m
[1;41m[1;33m[c1] DEBUG:forwarding.l2_multi:Learned 12:34:56:78:02:02 at 00-00-00-00-00-02.2[1;m
[1;41m[1;33m[c1] DEBUG:forwarding.l2_multi:Flood multicast from 12:34:56:78:02:02[1;m
[1;36mForwarding dataplane event[1;m
[1;36mForwarding dataplane event[1;m
[1;36mRound 92 completed.[1;m
[1;41m[1;33m[c1] DEBUG:sync_connection:Spent 3.30 milliseconds waiting on SyncMessage(type='REQUEST', messageClass='DeterministicValue', time=SyncTime(seconds=1359491893, microSeconds=504244), xid=248, name='gettimeofday', value=None, fingerPrint=None)[1;m
[1;41m[1;33m[c1] WARNING:forwarding.l2_multi:Can't get from 00:00:00:00:00:01 to 00:00:00:00:00:02[1;m
[1;41m[1;33m[c1] DEBUG:forwarding.l2_multi:Dest unreachable (00:00:00:00:00:01 -> 00:00:00:00:00:02)[1;m
[1;41m[1;33m[c1] INFO:openflow.discovery:link detected: 00-00-00-00-00-02.1 -> 00-00-00-00-00-01.1[1;m
[1;41m[1;33m[c1] DEBUG:forwarding.l2_multi:Unlearned 00:00:00:00:00:01[1;m
[1;41m[1;33m[c1] DEBUG:forwarding.l2_multi:Unlearned 00:00:00:00:00:02[1;m
[1;41m[1;33m[c1] DEBUG:forwarding.l2_multi:Unlearned 12:34:56:78:01:02[1;m
[1;36mDelaying dataplane event[1;m
[1;36mRound 93 completed.[1;m
[1;36mForwarding dataplane event[1;m
[1;36mForwarding dataplane event[1;m
[1;36mRound 94 completed.[1;m
[1;41m[1;33m[c1] DEBUG:forwarding.l2_multi:Flood multicast from 12:34:56:78:02:02[1;m
[1;41m[1;33m[c1] DEBUG:forwarding.l2_multi:Learned 00:00:00:00:00:02 at 00-00-00-00-00-01.1[1;m
[1;41m[1;33m[c1] DEBUG:forwarding.l2_multi:00:00:00:00:00:01 unknown -- flooding[1;m
[1;36mRound 95 completed.[1;m
[1;36mForwarding dataplane event[1;m
[1;36mRound 96 completed.[1;m
[1;36mForwarding dataplane event[1;m
[1;36mRound 97 completed.[1;m
[1;36mRound 98 completed.[1;m
[1;36mRound 99 completed.[1;m
[1;36mRound 100 completed.[1;m
[1;41m[1;37mNot all 2 pairs are connected! (2 missing)[1;m
[1;37mNo correctness violations![1;m
[1;36mDelaying dataplane event[1;m
[1;36mRound 101 completed.[1;m
[1;36mForwarding dataplane event[1;m
[1;36mRound 102 completed.[1;m
[1;36mForwarding dataplane event[1;m
[1;36mRound 103 completed.[1;m
[1;41m[1;33m[c1] DEBUG:forwarding.l2_multi:Learned 12:34:56:78:01:02 at 00-00-00-00-00-02.1[1;m
[1;41m[1;33m[c1] DEBUG:forwarding.l2_multi:Installing path for 12:34:56:78:01:02 -> 12:34:56:78:02:02 0806 (1 hops)[1;m
[1;36mDelaying dataplane event[1;m
[1;36mRound 104 completed.[1;m
[1;36mForwarding dataplane event[1;m
[1;36mDelaying dataplane event[1;m
[1;36mRound 105 completed.[1;m
[1;36mForwarding dataplane event[1;m
[1;36mRound 106 completed.[1;m
[1;36mRound 107 completed.[1;m
[1;36mRound 108 completed.[1;m
[1;36mRound 109 completed.[1;m
[1;36mRound 110 completed.[1;m
[1;36mDelaying dataplane event[1;m
[1;36mRound 111 completed.[1;m
[1;36mForwarding dataplane event[1;m
[1;36mRound 112 completed.[1;m
[1;36mForwarding dataplane event[1;m
[1;36mRound 113 completed.[1;m
[1;41m[1;33m[c1] WARNING:forwarding.l2_multi:Packet from 12:34:56:78:02:02 arrived at 00-00-00-00-00-01.1 without flow[1;m
[1;41m[1;33m[c1] DEBUG:forwarding.l2_multi:Installing path for 12:34:56:78:02:02 -> 12:34:56:78:01:02 0800 (2 hops)[1;m
[1;36mRound 114 completed.[1;m
[1;36mForwarding dataplane event[1;m
[1;36mRound 115 completed.[1;m
[1;36mForwarding dataplane event[1;m
[1;36mForwarding dataplane event[1;m
[1;36mRound 116 completed.[1;m
[1;36mDropping dataplane event[1;m
[1;36mRound 117 completed.[1;m
[1;36mRound 118 completed.[1;m
[1;36mRound 119 completed.[1;m
[1;36mRound 120 completed.[1;m
[1;41m[1;37mThe following controllers had correctness violations!: [{'hs_history': [x^L, dl_src:12:34:56:78:02:02,dl_dst:12:34:56:78:01:02,dl_vlan:65535,dl_vlan_pcp:0,dl_type:2048,nw_tos:0,nw_proto:1,nw_src:123.123.2.2/32,nw_dst:123.123.1.2/32,tp_src:8,tp_dst:0], 'hdr': dl_src:12:34:56:78:02:02,dl_dst:12:34:56:78:01:02,dl_vlan:65535,dl_vlan_pcp:0,dl_type:2048,nw_tos:0,nw_proto:1,nw_src:123.123.2.2/32,nw_dst:123.123.1.2/32,tp_src:8,tp_dst:0, 'visits': [100001, 200001], 'port': 100001}, {'hs_history': [x^L, dl_src:12:34:56:78:02:02,dl_dst:12:34:56:78:01:02,dl_vlan:65535,dl_vlan_pcp:0,dl_type:2048,nw_tos:0,nw_proto:1,nw_src:123.123.2.2/32,nw_dst:123.123.1.2/32,tp_src:8,tp_dst:0], 'hdr': dl_src:12:34:56:78:02:02,dl_dst:12:34:56:78:01:02,dl_vlan:65535,dl_vlan_pcp:0,dl_type:2048,nw_tos:0,nw_proto:1,nw_src:123.123.2.2/32,nw_dst:123.123.1.2/32,tp_src:8,tp_dst:0, 'visits': [200001, 100001], 'port': 200001}][1;m
[1;36mKilling controller ('127.0.0.1', 6633)[1;m
Closing true_io_worker after empty read
