[1;41m[1;33m[c1] start: Job is already running: floodlight[1;m

[1;41m[1;33m[c1] initctl: Unknown instance:[1;m

[1;33m[c1] Start process (10.192.5.196):[1;m

[1;41m[1;33m[c1] start: Job is already running: floodlight[1;m

[1;41m[1;33m[c1] initctl: Unknown instance:[1;m

[1;33m[c1] Start process (10.192.5.197):[1;m

[1;33m[c1] 10.192.5.196 10.192.5.197 10.192.5.198[1;m

connect_socket_with_backoff ('10.192.5.196', 6633)
connect_socket_with_backoff ('10.192.5.197', 6633)
connect_socket_with_backoff ('10.192.5.196', 6633)
connect_socket_with_backoff ('10.192.5.197', 6633)
connect_socket_with_backoff ('10.192.5.196', 6633)
connect_socket_with_backoff ('10.192.5.197', 6633)
[1;36mCutting link (1:1) -> (3:2)[1;m
[1;36minjecting a random packet[1;m
[1;36minjecting a random packet[1;m
[1;36mRound 1 completed.[1;m
[1;36mForwarding dataplane event[1;m
[1;36mForwarding dataplane event[1;m
[1;36mRestoring link (1:1) -> (3:2)[1;m
[1;36minjecting a random packet[1;m
[1;36mRound 2 completed.[1;m
[1;36mForwarding dataplane event[1;m
[1;36mBlocking connection [Con 2][1;m
[1;36mUnblocking connection [Con 2][1;m
[1;36mRound 3 completed.[1;m
[1;36mBlocking connection [Con 2][1;m
[1;36mUnblocking connection [Con 2][1;m
[1;36minjecting a random packet[1;m
[1;36minjecting a random packet[1;m
[1;36mRound 4 completed.[1;m
[1;36mDropping dataplane event[1;m
[1;36mForwarding dataplane event[1;m
[1;36minjecting a random packet[1;m
[1;41m[1;37mFound 3 unconnected pairs: set([(300003, 100003), (100003, 300003), (200003, 300003)])[1;m
[1;41m[1;37mThe following correctness violations have occurred: ['(200003, 300003)', '(100003, 300003)', '(300003, 100003)'][1;m
[1;36mRound 5 completed.[1;m
[1;36mForwarding dataplane event[1;m
[1;36mRound 6 completed.[1;m
[1;36mForwarding dataplane event[1;m
[1;36mForwarding dataplane event[1;m
[1;36mForwarding dataplane event[1;m
[1;36mForwarding dataplane event[1;m
[1;36mForwarding dataplane event[1;m
[1;36mForwarding dataplane event[1;m
[1;36mForwarding dataplane event[1;m
[1;36mDropping dataplane event[1;m
[1;36mForwarding dataplane event[1;m
[1;36mForwarding dataplane event[1;m
[1;36mForwarding dataplane event[1;m
[1;36mForwarding dataplane event[1;m
[1;36mCutting link (2:1) -> (3:1)[1;m
[1;36minjecting a random packet[1;m
[1;36mRound 7 completed.[1;m
[1;36mForwarding dataplane event[1;m
[1;36mForwarding dataplane event[1;m
[1;36mForwarding dataplane event[1;m
[1;36mForwarding dataplane event[1;m
[1;36mForwarding dataplane event[1;m
[1;36mForwarding dataplane event[1;m
[1;36mForwarding dataplane event[1;m
[1;36mRestoring link (2:1) -> (3:1)[1;m
[1;36minjecting a random packet[1;m
[1;36minjecting a random packet[1;m
[1;36mRound 8 completed.[1;m
[1;36mDropping dataplane event[1;m
[1;36mDropping dataplane event[1;m
[1;36mForwarding dataplane event[1;m
[1;36mForwarding dataplane event[1;m
[1;36mForwarding dataplane event[1;m
[1;36mForwarding dataplane event[1;m
[1;36mForwarding dataplane event[1;m
[1;36mDropping dataplane event[1;m
[1;36mForwarding dataplane event[1;m
[1;36mForwarding dataplane event[1;m
[1;36mForwarding dataplane event[1;m
[1;36mForwarding dataplane event[1;m
[1;36mForwarding dataplane event[1;m
[1;36mForwarding dataplane event[1;m
[1;36mForwarding dataplane event[1;m
[1;36mForwarding dataplane event[1;m
[1;36mForwarding dataplane event[1;m
[1;36mForwarding dataplane event[1;m
[1;36mForwarding dataplane event[1;m
[1;36mForwarding dataplane event[1;m
[1;36mBlocking connection [Con 4][1;m
[1;36mUnblocking connection [Con 4][1;m
[1;36mCrashing software_switch SoftwareSwitch(dpid=1, num_ports=3)[1;m
[1;36minjecting a random packet[1;m
[1;36mRound 9 completed.[1;m
[1;36mForwarding dataplane event[1;m
[1;36mForwarding dataplane event[1;m
[1;36mForwarding dataplane event[1;m
[1;36mForwarding dataplane event[1;m
[1;36mBlocking connection [Con 5][1;m
[1;36mUnblocking connection [Con 5][1;m
[1;36mRebooting software_switch SoftwareSwitch(dpid=1, num_ports=3)[1;m
connect_socket_with_backoff ('10.192.5.196', 6633)
connect_socket_with_backoff ('10.192.5.197', 6633)
[1;36minjecting a random packet[1;m
[1;41m[1;37mFound 4 unconnected pairs: set([(300003, 100003), (300003, 200003), (100003, 200003), (100003, 300003)])[1;m
[1;42m[1;37mViolation (200003, 300003) turns out to be transient![1;m
[1;41m[1;37mViolation encountered again after 5 steps: (100003, 300003)[1;m
[1;41m[1;37mViolation encountered again after 5 steps: (300003, 100003)[1;m
[1;41m[1;37mThe following correctness violations have occurred: ['(300003, 200003)', '(100003, 200003)', '(100003, 300003)', '(300003, 100003)'][1;m
[1;36mRound 10 completed.[1;m
[1;36mForwarding dataplane event[1;m
[1;36mForwarding dataplane event[1;m
[1;36mForwarding dataplane event[1;m
[1;36mBlocking connection [Con 3][1;m
[1;36mUnblocking connection [Con 3][1;m
[1;36minjecting a random packet[1;m
[1;36minjecting a random packet[1;m
[1;36mRound 11 completed.[1;m
[1;36mForwarding dataplane event[1;m
[1;36mForwarding dataplane event[1;m
[1;36mDropping dataplane event[1;m
[1;36mForwarding dataplane event[1;m
[1;36mForwarding dataplane event[1;m
[1;36mBlocking connection [Con 7][1;m
[1;36mBlocking connection [Con 3][1;m
[1;36mUnblocking connection [Con 7][1;m
[1;36mUnblocking connection [Con 3][1;m
[1;36mRound 12 completed.[1;m
[1;36mForwarding dataplane event[1;m
[1;36mDropping dataplane event[1;m
[1;36mForwarding dataplane event[1;m
[1;36mForwarding dataplane event[1;m
[1;36mRound 13 completed.[1;m
[1;36mCutting link (1:2) -> (2:2)[1;m
[1;36minjecting a random packet[1;m
[1;36mRound 14 completed.[1;m
[1;36mDropping dataplane event[1;m
[1;36mForwarding dataplane event[1;m
[1;36mDropping dataplane event[1;m
[1;36mDropping dataplane event[1;m
[1;36mForwarding dataplane event[1;m
[1;41m[1;37mFound 2 unconnected pairs: set([(300003, 100003), (200003, 100003)])[1;m
[1;42m[1;37mViolation (300003, 200003) turns out to be transient![1;m
[1;42m[1;37mViolation (100003, 200003) turns out to be transient![1;m
[1;42m[1;37mViolation (100003, 300003) turns out to be transient![1;m
[1;41m[1;37mViolation encountered again after 10 steps: (300003, 100003)[1;m
[1;41m[1;37mThe following correctness violations have occurred: ['(200003, 100003)', '(300003, 100003)'][1;m
[1;36mRound 15 completed.[1;m
[1;36mRound 16 completed.[1;m
[1;36mForwarding dataplane event[1;m
[1;36mForwarding dataplane event[1;m
[1;36mForwarding dataplane event[1;m
[1;36mForwarding dataplane event[1;m
[1;36mBlocking connection [Con 3][1;m
[1;36mUnblocking connection [Con 3][1;m
[1;36minjecting a random packet[1;m
[1;36minjecting a random packet[1;m
[1;36mRound 17 completed.[1;m
[1;36mForwarding dataplane event[1;m
[1;36mDropping dataplane event[1;m
[1;36mBlocking connection [Con 8][1;m
[1;36mBlocking connection [Con 4][1;m
[1;36mUnblocking connection [Con 8][1;m
[1;36mUnblocking connection [Con 4][1;m
[1;36mRound 18 completed.[1;m
[1;36mForwarding dataplane event[1;m
[1;36mBlocking connection [Con 8][1;m
[1;36mUnblocking connection [Con 8][1;m
[1;36mCrashing software_switch SoftwareSwitch(dpid=1, num_ports=3)[1;m
[1;36mRestoring link (1:2) -> (2:2)[1;m
[1;36minjecting a random packet[1;m
[1;36minjecting a random packet[1;m
[1;36mRound 19 completed.[1;m
[1;36mForwarding dataplane event[1;m
[1;36mForwarding dataplane event[1;m
[1;36mDropping dataplane event[1;m
[1;36mBlocking connection [Con 6][1;m
[1;36mUnblocking connection [Con 6][1;m
[1;36mRebooting software_switch SoftwareSwitch(dpid=1, num_ports=3)[1;m
connect_socket_with_backoff ('10.192.5.196', 6633)
connect_socket_with_backoff ('10.192.5.197', 6633)
[1;36minjecting a random packet[1;m
[1;36minjecting a random packet[1;m
[1;41m[1;37mFound 2 unconnected pairs: set([(100003, 300003), (300003, 200003)])[1;m
[1;42m[1;37mViolation (200003, 100003) turns out to be transient![1;m
[1;42m[1;37mViolation (300003, 100003) turns out to be transient![1;m
[1;41m[1;37mThe following correctness violations have occurred: ['(300003, 200003)', '(100003, 300003)'][1;m
[1;36mRound 20 completed.[1;m
[1;36mDropping dataplane event[1;m
[1;36mDropping dataplane event[1;m
[1;36mRound 21 completed.[1;m
[1;36mForwarding dataplane event[1;m
[1;36minjecting a random packet[1;m
[1;36minjecting a random packet[1;m
[1;36mRound 22 completed.[1;m
[1;36mForwarding dataplane event[1;m
[1;36mDropping dataplane event[1;m
[1;36mForwarding dataplane event[1;m
[1;36mBlocking connection [Con 3][1;m
[1;36mUnblocking connection [Con 3][1;m
[1;36minjecting a random packet[1;m
[1;36mRound 23 completed.[1;m
[1;36mDropping dataplane event[1;m
[1;36mCrashing software_switch SoftwareSwitch(dpid=1, num_ports=3)[1;m
[1;36minjecting a random packet[1;m
[1;36minjecting a random packet[1;m
[1;36mRound 24 completed.[1;m
[1;36mForwarding dataplane event[1;m
[1;36mForwarding dataplane event[1;m
[1;36mDropping dataplane event[1;m
[1;36mForwarding dataplane event[1;m
[1;36mForwarding dataplane event[1;m
[1;36mRebooting software_switch SoftwareSwitch(dpid=1, num_ports=3)[1;m
connect_socket_with_backoff ('10.192.5.196', 6633)
connect_socket_with_backoff ('10.192.5.197', 6633)
[1;41m[1;37mFound 1 unconnected pair: set([(200003, 100003)])[1;m
[1;42m[1;37mViolation (300003, 200003) turns out to be transient![1;m
[1;42m[1;37mViolation (100003, 300003) turns out to be transient![1;m
[1;41m[1;37mThe following correctness violations have occurred: ['(200003, 100003)'][1;m
[1;36mRound 25 completed.[1;m
[1;36mForwarding dataplane event[1;m
[1;36mRound 26 completed.[1;m
[1;36mForwarding dataplane event[1;m
[1;36mRound 27 completed.[1;m
[1;36mForwarding dataplane event[1;m
[1;36mBlocking connection [Con 12][1;m
[1;36mUnblocking connection [Con 12][1;m
[1;36minjecting a random packet[1;m
[1;36mRound 28 completed.[1;m
[1;36mDropping dataplane event[1;m
[1;36mBlocking connection [Con 3][1;m
[1;36mBlocking connection [Con 4][1;m
[1;36mBlocking connection [Con 6][1;m
[1;36mUnblocking connection [Con 3][1;m
[1;36mUnblocking connection [Con 4][1;m
[1;36mUnblocking connection [Con 6][1;m
[1;36minjecting a random packet[1;m
[1;36mRound 29 completed.[1;m
[1;36mForwarding dataplane event[1;m
[1;36minjecting a random packet[1;m
[1;42m[1;37mFully connected![1;m
[1;42m[1;37mViolation (200003, 100003) turns out to be transient![1;m
[1;37mNo correctness violations![1;m
[1;36mRound 30 completed.[1;m
[1;36mForwarding dataplane event[1;m
[1;36mForwarding dataplane event[1;m
[1;36mForwarding dataplane event[1;m
[1;36mForwarding dataplane event[1;m
[1;36mForwarding dataplane event[1;m
[1;36mForwarding dataplane event[1;m
[1;36mForwarding dataplane event[1;m
[1;36mForwarding dataplane event[1;m
[1;36mBlocking connection [Con 3][1;m
[1;36mUnblocking connection [Con 3][1;m
[1;36minjecting a random packet[1;m
[1;36minjecting a random packet[1;m
[1;36mRound 31 completed.[1;m
[1;36mForwarding dataplane event[1;m
[1;36mForwarding dataplane event[1;m
[1;36mDropping dataplane event[1;m
[1;36mForwarding dataplane event[1;m
[1;36mForwarding dataplane event[1;m
[1;36mForwarding dataplane event[1;m
[1;36mDropping dataplane event[1;m
[1;36mForwarding dataplane event[1;m
[1;36mForwarding dataplane event[1;m
[1;36mForwarding dataplane event[1;m
[1;36mForwarding dataplane event[1;m
[1;36mForwarding dataplane event[1;m
[1;36mForwarding dataplane event[1;m
[1;36mForwarding dataplane event[1;m
[1;36mForwarding dataplane event[1;m
[1;36mForwarding dataplane event[1;m
[1;36minjecting a random packet[1;m
[1;36mRound 32 completed.[1;m
[1;36mForwarding dataplane event[1;m
[1;36mForwarding dataplane event[1;m
[1;36mForwarding dataplane event[1;m
[1;36mForwarding dataplane event[1;m
[1;36mCutting link (1:2) -> (2:2)[1;m
[1;36minjecting a random packet[1;m
[1;36minjecting a random packet[1;m
[1;36mRound 33 completed.[1;m
[1;36mForwarding dataplane event[1;m
[1;36mForwarding dataplane event[1;m
[1;36mForwarding dataplane event[1;m
[1;36mDropping dataplane event[1;m
[1;36mForwarding dataplane event[1;m
[1;36mDropping dataplane event[1;m
[1;36mBlocking connection [Con 6][1;m
[1;36mUnblocking connection [Con 6][1;m
[1;36mCutting link (3:1) -> (2:1)[1;m
[1;36mRound 34 completed.[1;m
[1;36mForwarding dataplane event[1;m
[1;36mDropping dataplane event[1;m
[1;36mForwarding dataplane event[1;m
Duration: 1 nsec: 48544883
[1;36mRestoring link (3:1) -> (2:1)[1;m
[1;36mRestoring link (1:2) -> (2:2)[1;m
[1;36minjecting a random packet[1;m
[1;41m[1;37mFound 1 unconnected pair: set([(100003, 300003)])[1;m
[1;41m[1;37mThe following correctness violations have occurred: ['(100003, 300003)', '(200002, [100003, 100002])'][1;m
[1;36mRound 35 completed.[1;m
[1;36mForwarding dataplane event[1;m
[1;36mForwarding dataplane event[1;m
[1;36mBlocking connection [Con 11][1;m
[1;36mBlocking connection [Con 4][1;m
[1;36mUnblocking connection [Con 11][1;m
[1;36mUnblocking connection [Con 4][1;m
Duration: 2 nsec: 284792900
Duration: 12 nsec: 193575143
Duration: 10 nsec: 237260103
[1;36mRound 36 completed.[1;m
[1;36mBlocking connection [Con 12][1;m
[1;36mUnblocking connection [Con 12][1;m
[1;36minjecting a random packet[1;m
[1;36mRound 37 completed.[1;m
[1;36mDropping dataplane event[1;m
[1;36mForwarding dataplane event[1;m
[1;36mForwarding dataplane event[1;m
[1;36mBlocking connection [Con 4][1;m
[1;36mUnblocking connection [Con 4][1;m
[1;36minjecting a random packet[1;m
[1;36mRound 38 completed.[1;m
[1;36mForwarding dataplane event[1;m
[1;36minjecting a random packet[1;m
[1;36minjecting a random packet[1;m
[1;36mRound 39 completed.[1;m
[1;36mDropping dataplane event[1;m
[1;36mForwarding dataplane event[1;m
[1;36mForwarding dataplane event[1;m
[1;36mForwarding dataplane event[1;m
[1;36mForwarding dataplane event[1;m
[1;36mForwarding dataplane event[1;m
[1;36mCutting link (3:2) -> (1:1)[1;m
[1;36minjecting a random packet[1;m
[1;41m[1;37mFound 2 unconnected pairs: set([(200003, 100003), (100003, 300003)])[1;m
[1;41m[1;37mViolation encountered again after 5 steps: (100003, 300003)[1;m
[1;41m[1;37mViolation encountered again after 5 steps: (200002, [100003, 100002])[1;m
[1;41m[1;37mThe following correctness violations have occurred: ['(100003, 300003)', '(200003, 100003)', '(200002, [100003, 100002])'][1;m
[1;36mRound 40 completed.[1;m
[1;36mDropping dataplane event[1;m
[1;36mDropping dataplane event[1;m
[1;36mRound 41 completed.[1;m
[1;36mForwarding dataplane event[1;m
[1;36mForwarding dataplane event[1;m
[1;36mBlocking connection [Con 4][1;m
[1;36mUnblocking connection [Con 4][1;m
[1;36minjecting a random packet[1;m
[1;36minjecting a random packet[1;m
[1;36mRound 42 completed.[1;m
[1;36mDropping dataplane event[1;m
[1;36mForwarding dataplane event[1;m
[1;36mForwarding dataplane event[1;m
[1;36mForwarding dataplane event[1;m
[1;36mBlocking connection [Con 6][1;m
[1;36mUnblocking connection [Con 6][1;m
Duration: 16 nsec: 576689004
[1;36mCutting link (1:1) -> (3:2)[1;m
[1;36mRestoring link (3:2) -> (1:1)[1;m
[1;36minjecting a random packet[1;m
[1;36minjecting a random packet[1;m
[1;36mRound 43 completed.[1;m
[1;36mForwarding dataplane event[1;m
[1;36mForwarding dataplane event[1;m
[1;36mBlocking connection [Con 4][1;m
[1;36mUnblocking connection [Con 4][1;m
[1;36mRestoring link (1:1) -> (3:2)[1;m
[1;36minjecting a random packet[1;m
[1;36minjecting a random packet[1;m
[1;36mRound 44 completed.[1;m
[1;36mForwarding dataplane event[1;m
[1;36mDropping dataplane event[1;m
[1;36mForwarding dataplane event[1;m
[1;36mForwarding dataplane event[1;m
[1;36mForwarding dataplane event[1;m
[1;36mForwarding dataplane event[1;m
[1;36mBlocking connection [Con 12][1;m
[1;36mUnblocking connection [Con 12][1;m
[1;36minjecting a random packet[1;m
[1;36minjecting a random packet[1;m
[1;41m[1;37mFound 1 unconnected pair: set([(300003, 100003)])[1;m
[1;42m[1;37mViolation (200003, 100003) turns out to be transient![1;m
[1;42m[1;37mViolation (100003, 300003) turns out to be transient![1;m
[1;41m[1;37mViolation encountered again after 10 steps: (200002, [100003, 100002])[1;m
[1;41m[1;37mThe following correctness violations have occurred: ['(200002, [100003, 100002])', '(300003, 100003)'][1;m
[1;36mRound 45 completed.[1;m
[1;36mForwarding dataplane event[1;m
[1;36mForwarding dataplane event[1;m
[1;36mForwarding dataplane event[1;m
[1;36mDropping dataplane event[1;m
[1;36mForwarding dataplane event[1;m
[1;36mBlocking connection [Con 12][1;m
[1;36mUnblocking connection [Con 12][1;m
[1;36mRound 46 completed.[1;m
[1;36mForwarding dataplane event[1;m
[1;36mForwarding dataplane event[1;m
[1;36mForwarding dataplane event[1;m
[1;36mForwarding dataplane event[1;m
[1;36mBlocking connection [Con 5][1;m
[1;36mUnblocking connection [Con 5][1;m
[1;36minjecting a random packet[1;m
[1;36mRound 47 completed.[1;m
[1;36mDropping dataplane event[1;m
[1;36mDropping dataplane event[1;m
[1;36mBlocking connection [Con 11][1;m
[1;36mBlocking connection [Con 6][1;m
[1;36mUnblocking connection [Con 11][1;m
[1;36mUnblocking connection [Con 6][1;m
[1;36minjecting a random packet[1;m
[1;36mRound 48 completed.[1;m
[1;36mForwarding dataplane event[1;m
[1;36mForwarding dataplane event[1;m
[1;36mForwarding dataplane event[1;m
[1;36mBlocking connection [Con 11][1;m
[1;36mUnblocking connection [Con 11][1;m
[1;36minjecting a random packet[1;m
[1;36minjecting a random packet[1;m
[1;36minjecting a random packet[1;m
[1;36mRound 49 completed.[1;m
[1;36mForwarding dataplane event[1;m
[1;36mForwarding dataplane event[1;m
[1;36mDropping dataplane event[1;m
[1;36mForwarding dataplane event[1;m
[1;36mBlocking connection [Con 3][1;m
[1;36mUnblocking connection [Con 3][1;m
[1;41m[1;37mFound 1 unconnected pair: set([(300003, 100003)])[1;m
[1;41m[1;37mViolation encountered again after 15 steps: (200002, [100003, 100002])[1;m
[1;41m[1;37mViolation encountered again after 5 steps: (300003, 100003)[1;m
[1;41m[1;37mThe following correctness violations have occurred: ['(200002, [100003, 100002])', '(300003, 100003)'][1;m
[1;36mRound 50 completed.[1;m
[1;36mForwarding dataplane event[1;m
[1;36mForwarding dataplane event[1;m
[1;36mForwarding dataplane event[1;m
[1;36mForwarding dataplane event[1;m
[1;36mBlocking connection [Con 6][1;m
[1;36mUnblocking connection [Con 6][1;m
[1;36minjecting a random packet[1;m
[1;36minjecting a random packet[1;m
[1;36mRound 51 completed.[1;m
[1;36mDropping dataplane event[1;m
[1;36mForwarding dataplane event[1;m
[1;36mDropping dataplane event[1;m
[1;36mDropping dataplane event[1;m
[1;36mBlocking connection [Con 12][1;m
[1;36mUnblocking connection [Con 12][1;m
[1;36minjecting a random packet[1;m
[1;36mRound 52 completed.[1;m
[1;36mDropping dataplane event[1;m
[1;36mForwarding dataplane event[1;m
[1;36mForwarding dataplane event[1;m
[1;36mForwarding dataplane event[1;m
[1;36mForwarding dataplane event[1;m
[1;36mForwarding dataplane event[1;m
[1;36mForwarding dataplane event[1;m
[1;36mForwarding dataplane event[1;m
[1;36mForwarding dataplane event[1;m
[1;36mForwarding dataplane event[1;m
[1;36mForwarding dataplane event[1;m
[1;36mForwarding dataplane event[1;m
[1;36mDropping dataplane event[1;m
[1;36mForwarding dataplane event[1;m
[1;36mDropping dataplane event[1;m
[1;36mForwarding dataplane event[1;m
[1;36mForwarding dataplane event[1;m
[1;36mDropping dataplane event[1;m
[1;36mForwarding dataplane event[1;m
[1;36mCutting link (2:1) -> (3:1)[1;m
[1;36minjecting a random packet[1;m
[1;36mRound 53 completed.[1;m
[1;36mDropping dataplane event[1;m
[1;36mForwarding dataplane event[1;m
[1;36mBlocking connection [Con 12][1;m
[1;36mUnblocking connection [Con 12][1;m
[1;36mCrashing software_switch SoftwareSwitch(dpid=3, num_ports=3)[1;m
[1;36minjecting a random packet[1;m
[1;36mRound 54 completed.[1;m
[1;36mForwarding dataplane event[1;m
[1;36mForwarding dataplane event[1;m
[1;36mForwarding dataplane event[1;m
[1;36mForwarding dataplane event[1;m
[1;36mDropping dataplane event[1;m
[1;36mRebooting software_switch SoftwareSwitch(dpid=3, num_ports=3)[1;m
connect_socket_with_backoff ('10.192.5.196', 6633)
connect_socket_with_backoff ('10.192.5.197', 6633)
[1;41m[1;37mFound 2 unconnected pairs: set([(200003, 300003), (100003, 300003)])[1;m
[1;42m[1;37mViolation (300003, 100003) turns out to be transient![1;m
[1;41m[1;37mViolation encountered again after 20 steps: (200002, [100003, 100002])[1;m
[1;41m[1;37mThe following correctness violations have occurred: ['(200003, 300003)', '(100003, 300003)', '(200001, [300003, 300001])', '(200002, [100003, 100002])'][1;m
[1;36mRound 55 completed.[1;m
[1;36mDropping dataplane event[1;m
[1;36mBlocking connection [Con 13][1;m
[1;36mUnblocking connection [Con 13][1;m
[1;36minjecting a random packet[1;m
[1;36mRound 56 completed.[1;m
[1;36mForwarding dataplane event[1;m
[1;36mForwarding dataplane event[1;m
[1;36mForwarding dataplane event[1;m
[1;36mForwarding dataplane event[1;m
[1;36minjecting a random packet[1;m
[1;36minjecting a random packet[1;m
[1;36mRound 57 completed.[1;m
[1;36mForwarding dataplane event[1;m
[1;36mDropping dataplane event[1;m
[1;36mDropping dataplane event[1;m
[1;36mBlocking connection [Con 12][1;m
[1;36mUnblocking connection [Con 12][1;m
Duration: 26 nsec: 855157136
[1;36minjecting a random packet[1;m
[1;36mRound 58 completed.[1;m
[1;36mForwarding dataplane event[1;m
[1;36mDropping dataplane event[1;m
[1;36mBlocking connection [Con 11][1;m
[1;36mUnblocking connection [Con 11][1;m
[1;36mRestoring link (2:1) -> (3:1)[1;m
[1;36mRound 59 completed.[1;m
[1;36mForwarding dataplane event[1;m
Duration: 17 nsec: 994939088
[1;36minjecting a random packet[1;m
[1;41m[1;37mFound 1 unconnected pair: set([(300003, 100003)])[1;m
[1;42m[1;37mViolation (200003, 300003) turns out to be transient![1;m
[1;42m[1;37mViolation (100003, 300003) turns out to be transient![1;m
[1;41m[1;37mViolation encountered again after 5 steps: (200001, [300003, 300001])[1;m
[1;41m[1;37mViolation encountered again after 25 steps: (200002, [100003, 100002])[1;m
[1;41m[1;37mThe following correctness violations have occurred: ['(200001, [300003, 300001])', '(200002, [100003, 100002])', '(300003, 100003)'][1;m
[1;36mRound 60 completed.[1;m
[1;36mForwarding dataplane event[1;m
[1;36mDropping dataplane event[1;m
[1;36mBlocking connection [Con 3][1;m
[1;36mUnblocking connection [Con 3][1;m
[1;36minjecting a random packet[1;m
[1;36mRound 61 completed.[1;m
[1;36mForwarding dataplane event[1;m
[1;36mForwarding dataplane event[1;m
[1;36minjecting a random packet[1;m
[1;36mRound 62 completed.[1;m
[1;36mForwarding dataplane event[1;m
[1;36mForwarding dataplane event[1;m
[1;36mForwarding dataplane event[1;m
[1;36mForwarding dataplane event[1;m
[1;36mDropping dataplane event[1;m
[1;36mForwarding dataplane event[1;m
[1;36mDropping dataplane event[1;m
[1;36mDropping dataplane event[1;m
[1;36mForwarding dataplane event[1;m
[1;36mBlocking connection [Con 4][1;m
[1;36mUnblocking connection [Con 4][1;m
[1;36minjecting a random packet[1;m
[1;36mRound 63 completed.[1;m
[1;36mForwarding dataplane event[1;m
[1;36mForwarding dataplane event[1;m
[1;36minjecting a random packet[1;m
[1;36minjecting a random packet[1;m
[1;36mRound 64 completed.[1;m
[1;36mForwarding dataplane event[1;m
[1;36mForwarding dataplane event[1;m
[1;36mForwarding dataplane event[1;m
[1;36mForwarding dataplane event[1;m
[1;36mForwarding dataplane event[1;m
[1;36mBlocking connection [Con 14][1;m
[1;36mUnblocking connection [Con 14][1;m
[1;36minjecting a random packet[1;m
[1;42m[1;37mFully connected![1;m
[1;42m[1;37mViolation (300003, 100003) turns out to be transient![1;m
[1;41m[1;37mViolation encountered again after 10 steps: (200001, [300003, 300001])[1;m
[1;41m[1;37mViolation encountered again after 30 steps: (200002, [100003, 100002])[1;m
[1;41m[1;37mThe following correctness violations have occurred: ['(200001, [300003, 300001])', '(200002, [100003, 100002])'][1;m
[1;36mRound 65 completed.[1;m
[1;36mDropping dataplane event[1;m
[1;36mForwarding dataplane event[1;m
[1;36mForwarding dataplane event[1;m
[1;36mDropping dataplane event[1;m
[1;36mCutting link (1:2) -> (2:2)[1;m
[1;36minjecting a random packet[1;m
[1;36minjecting a random packet[1;m
[1;36mRound 66 completed.[1;m
[1;36mForwarding dataplane event[1;m
[1;36mForwarding dataplane event[1;m
[1;36mForwarding dataplane event[1;m
[1;36mForwarding dataplane event[1;m
[1;36mRestoring link (1:2) -> (2:2)[1;m
[1;36mRound 67 completed.[1;m
[1;36mForwarding dataplane event[1;m
[1;36mForwarding dataplane event[1;m
Duration: 23 nsec: 596771001
[1;36minjecting a random packet[1;m
[1;36mRound 68 completed.[1;m
[1;36mForwarding dataplane event[1;m
[1;36mForwarding dataplane event[1;m
[1;36mBlocking connection [Con 3][1;m
[1;36mUnblocking connection [Con 3][1;m
[1;36minjecting a random packet[1;m
[1;36mRound 69 completed.[1;m
[1;36mForwarding dataplane event[1;m
[1;36mForwarding dataplane event[1;m
[1;36mForwarding dataplane event[1;m
[1;36mForwarding dataplane event[1;m
[1;36mDropping dataplane event[1;m
[1;36mForwarding dataplane event[1;m
[1;36minjecting a random packet[1;m
[1;36minjecting a random packet[1;m
[1;36minjecting a random packet[1;m
[1;41m[1;37mFound 1 unconnected pair: set([(100003, 300003)])[1;m
[1;41m[1;37mViolation encountered again after 15 steps: (200001, [300003, 300001])[1;m
[1;41m[1;37mViolation encountered again after 35 steps: (200002, [100003, 100002])[1;m
[1;41m[1;37mThe following correctness violations have occurred: ['(100003, 300003)', '(200001, [300003, 300001])', '(200002, [100003, 100002])'][1;m
[1;36mRound 70 completed.[1;m
[1;36mForwarding dataplane event[1;m
[1;36mDropping dataplane event[1;m
[1;36mForwarding dataplane event[1;m
[1;36mForwarding dataplane event[1;m
[1;36mBlocking connection [Con 11][1;m
[1;36mUnblocking connection [Con 11][1;m
[1;36minjecting a random packet[1;m
[1;36mRound 71 completed.[1;m
[1;36mDropping dataplane event[1;m
[1;36mDropping dataplane event[1;m
[1;36mForwarding dataplane event[1;m
[1;36mCutting link (2:2) -> (1:2)[1;m
[1;36minjecting a random packet[1;m
[1;36mRound 72 completed.[1;m
[1;36mDropping dataplane event[1;m
[1;36mDropping dataplane event[1;m
[1;36minjecting a random packet[1;m
[1;36minjecting a random packet[1;m
[1;36mRound 73 completed.[1;m
[1;36mForwarding dataplane event[1;m
[1;36mForwarding dataplane event[1;m
[1;36mCutting link (2:1) -> (3:1)[1;m
[1;36mRestoring link (2:2) -> (1:2)[1;m
[1;36mRound 74 completed.[1;m
[1;36mForwarding dataplane event[1;m
[1;36mForwarding dataplane event[1;m
[1;36mRestoring link (2:1) -> (3:1)[1;m
[1;36minjecting a random packet[1;m
[1;41m[1;37mFound 2 unconnected pairs: set([(200003, 100003), (300003, 100003)])[1;m
[1;42m[1;37mViolation (100003, 300003) turns out to be transient![1;m
[1;41m[1;37mViolation encountered again after 20 steps: (200001, [300003, 300001])[1;m
[1;41m[1;37mViolation encountered again after 40 steps: (200002, [100003, 100002])[1;m
[1;41m[1;37mThe following correctness violations have occurred: ['(300003, 100003)', '(200001, [300003, 300001])', '(100002, [200003, 200002])', '(200002, [100003, 100002])', '(200003, 100003)'][1;m
[1;36mRound 75 completed.[1;m
[1;36mForwarding dataplane event[1;m
[1;36mForwarding dataplane event[1;m
[1;36mForwarding dataplane event[1;m
[1;36mForwarding dataplane event[1;m
[1;36mForwarding dataplane event[1;m
[1;36mForwarding dataplane event[1;m
[1;36mForwarding dataplane event[1;m
[1;36mForwarding dataplane event[1;m
[1;36mForwarding dataplane event[1;m
[1;36mForwarding dataplane event[1;m
[1;36mForwarding dataplane event[1;m
[1;36mForwarding dataplane event[1;m
[1;36mForwarding dataplane event[1;m
[1;36mForwarding dataplane event[1;m
[1;36mDropping dataplane event[1;m
[1;36mForwarding dataplane event[1;m
[1;36mForwarding dataplane event[1;m
[1;36mForwarding dataplane event[1;m
[1;36mBlocking connection [Con 12][1;m
[1;36mBlocking connection [Con 4][1;m
[1;36mUnblocking connection [Con 12][1;m
[1;36mUnblocking connection [Con 4][1;m
Duration: 39 nsec: 141726970
Duration: 37 nsec: 185442924
Duration: 16 nsec: 916432857
[1;36mRound 76 completed.[1;m
[1;36mForwarding dataplane event[1;m
[1;36mForwarding dataplane event[1;m
[1;36mForwarding dataplane event[1;m
[1;36mForwarding dataplane event[1;m
[1;36mBlocking connection [Con 3][1;m
[1;36mBlocking connection [Con 13][1;m
[1;36mUnblocking connection [Con 3][1;m
[1;36mUnblocking connection [Con 13][1;m
Duration: 29 nsec: 764778852
[1;36minjecting a random packet[1;m
[1;36mRound 77 completed.[1;m
[1;36mForwarding dataplane event[1;m
[1;36mForwarding dataplane event[1;m
[1;36mForwarding dataplane event[1;m
[1;36mBlocking connection [Con 4][1;m
[1;36mBlocking connection [Con 13][1;m
[1;36mUnblocking connection [Con 4][1;m
[1;36mUnblocking connection [Con 13][1;m
[1;36minjecting a random packet[1;m
[1;36mRound 78 completed.[1;m
[1;36mForwarding dataplane event[1;m
[1;36mForwarding dataplane event[1;m
[1;36mForwarding dataplane event[1;m
[1;36mForwarding dataplane event[1;m
[1;36mRound 79 completed.[1;m
[1;36mDropping dataplane event[1;m
[1;36mForwarding dataplane event[1;m
[1;36mBlocking connection [Con 12][1;m
[1;36mUnblocking connection [Con 12][1;m
Duration: 31 nsec: 338361978
[1;41m[1;37mFound 1 unconnected pair: set([(300003, 100003)])[1;m
[1;42m[1;37mViolation (200003, 100003) turns out to be transient![1;m
[1;41m[1;37mViolation encountered again after 25 steps: (200001, [300003, 300001])[1;m
[1;41m[1;37mViolation encountered again after 5 steps: (100002, [200003, 200002])[1;m
[1;41m[1;37mViolation encountered again after 45 steps: (200002, [100003, 100002])[1;m
[1;41m[1;37mViolation encountered again after 5 steps: (300003, 100003)[1;m
[1;41m[1;37mThe following correctness violations have occurred: ['(200001, [300003, 300001])', '(100002, [200003, 200002])', '(200002, [100003, 100002])', '(300003, 100003)'][1;m
[1;36mRound 80 completed.[1;m
[1;36mForwarding dataplane event[1;m
[1;36mBlocking connection [Con 4][1;m
[1;36mBlocking connection [Con 13][1;m
[1;36mUnblocking connection [Con 4][1;m
[1;36mUnblocking connection [Con 13][1;m
[1;36mCutting link (2:2) -> (1:2)[1;m
[1;36minjecting a random packet[1;m
[1;36mRound 81 completed.[1;m
[1;36mForwarding dataplane event[1;m
[1;36mDropping dataplane event[1;m
[1;36mRestoring link (2:2) -> (1:2)[1;m
[1;36mRound 82 completed.[1;m
[1;36mForwarding dataplane event[1;m
Duration: 7 nsec: 219026803
Duration: 33 nsec: 622464895
[1;36mRound 83 completed.[1;m
[1;36mDropping dataplane event[1;m
[1;36minjecting a random packet[1;m
[1;36minjecting a random packet[1;m
[1;36mRound 84 completed.[1;m
[1;36mForwarding dataplane event[1;m
[1;36mDropping dataplane event[1;m
[1;36mBlocking connection [Con 3][1;m
[1;36mBlocking connection [Con 4][1;m
[1;36mBlocking connection [Con 13][1;m
[1;36mUnblocking connection [Con 3][1;m
[1;36mUnblocking connection [Con 4][1;m
[1;36mUnblocking connection [Con 13][1;m
[1;36minjecting a random packet[1;m
[1;36minjecting a random packet[1;m
[1;41m[1;37mFound 1 unconnected pair: set([(100003, 300003)])[1;m
[1;42m[1;37mViolation (300003, 100003) turns out to be transient![1;m
[1;41m[1;37mViolation encountered again after 30 steps: (200001, [300003, 300001])[1;m
[1;41m[1;37mViolation encountered again after 10 steps: (100002, [200003, 200002])[1;m
[1;41m[1;37mViolation encountered again after 50 steps: (200002, [100003, 100002])[1;m
[1;41m[1;37mThe following correctness violations have occurred: ['(100003, 300003)', '(200001, [300003, 300001])', '(100002, [200003, 200002])', '(200002, [100003, 100002])'][1;m
[1;36mRound 85 completed.[1;m
[1;36mDropping dataplane event[1;m
[1;36mDropping dataplane event[1;m
[1;36mForwarding dataplane event[1;m
[1;36minjecting a random packet[1;m
[1;36mRound 86 completed.[1;m
[1;36mForwarding dataplane event[1;m
[1;36mBlocking connection [Con 13][1;m
[1;36mUnblocking connection [Con 13][1;m
[1;36minjecting a random packet[1;m
[1;36mRound 87 completed.[1;m
[1;36mForwarding dataplane event[1;m
[1;36mForwarding dataplane event[1;m
[1;36mDropping dataplane event[1;m
[1;36mForwarding dataplane event[1;m
[1;36mForwarding dataplane event[1;m
[1;36mForwarding dataplane event[1;m
[1;36mRound 88 completed.[1;m
[1;36mForwarding dataplane event[1;m
[1;36mBlocking connection [Con 14][1;m
[1;36mUnblocking connection [Con 14][1;m
[1;36minjecting a random packet[1;m
[1;36mRound 89 completed.[1;m
[1;36mForwarding dataplane event[1;m
[1;36mDropping dataplane event[1;m
[1;36minjecting a random packet[1;m
[1;36minjecting a random packet[1;m
[1;36minjecting a random packet[1;m
[1;41m[1;37mFound 2 unconnected pairs: set([(200003, 100003), (300003, 100003)])[1;m
[1;42m[1;37mViolation (100003, 300003) turns out to be transient![1;m
[1;42m[1;37mViolation (100002, [200003, 200002]) turns out to be transient![1;m
[1;41m[1;37mViolation encountered again after 35 steps: (200001, [300003, 300001])[1;m
[1;41m[1;37mViolation encountered again after 55 steps: (200002, [100003, 100002])[1;m
[1;41m[1;37mThe following correctness violations have occurred: ['(300003, 100003)', '(200001, [300003, 300001])', "(200003, ['-> Port: 200003', '-> Port: 100002', '-> Port: 300002', '-> Port: 200001', '-> Port: 100002'], (dl_src:12:34:56:78:02:03,dl_dst:12:34:56:78:01:03,dl_vlan:65535,dl_type:2048) - ([]))", '(200002, [100003, 100002])', '(200003, 100003)'][1;m
[1;41m[1;37mPersistent violations detected!: ['(200002, [100003, 100002])'][1;m