[1;33m[c1] INFO:core:POX 0.1.0 (betta) is up.[1;m

connect_socket_with_backoff ('127.0.0.1', 6633)
connect_socket_with_backoff ('127.0.0.1', 6633)
connect_socket_with_backoff ('127.0.0.1', 6633)
[1;36m[1;44m00:00.502 00:00.000 Successfully matched event ConnectToControllers:e1[1;m
[1;36m[1;44m00:00.515 00:01.026 Successfully matched event ControlMessageReceive:i2 c c1 -> s 1 [ofp_hello: ][1;m
[1;36m[1;36mRound 1[1;37m[1;m
[1;36m[1;44m00:00.516 00:01.026 Successfully matched event ControlMessageSend:i3 c 1 -> s c1 [ofp_hello: ][1;m
[1;36m[1;44m00:00.518 00:01.131 Successfully matched event ControlMessageReceive:i5 c c1 -> s 3 [ofp_hello: ][1;m
[1;36m[1;36mRound 2[1;37m[1;m
[1;36m[1;44m00:00.519 00:01.131 Successfully matched event ControlMessageReceive:i6 c c1 -> s 2 [ofp_hello: ][1;m
[1;36m[1;44m00:00.520 00:01.132 Successfully matched event ControlMessageReceive:i7 c c1 -> s 1 [ofp_features_request: ][1;m
[1;36m[1;44m00:00.520 00:01.132 Successfully matched event ControlMessageSend:i8 c 3 -> s c1 [ofp_hello: ][1;m
[1;36m[1;44m00:00.521 00:01.132 Successfully matched event ControlMessageSend:i9 c 2 -> s c1 [ofp_hello: ][1;m
[1;36m[1;44m00:00.521 00:01.132 Successfully matched event ControlMessageSend:i10 c 1 -> s c1 [ofp_features_reply: datapath_id=1][1;m
[1;36m[1;44m00:00.574 00:01.235 Successfully matched event ControlMessageReceive:i12 c c1 -> s 1 [ofp_barrier_request: ][1;m
[1;36m[1;36mRound 3[1;37m[1;m
[1;36m[1;44m00:00.575 00:01.235 Successfully matched event ControlMessageReceive:i13 c c1 -> s 1 [ofp_set_config: ][1;m
[1;36m[1;44m00:00.576 00:01.236 Successfully matched event ControlMessageReceive:i14 c c1 -> s 3 [ofp_features_request: ][1;m
[1;36m[1;44m00:00.577 00:01.236 Successfully matched event ControlMessageReceive:i15 c c1 -> s 2 [ofp_features_request: ][1;m
[1;36m[1;44m00:00.578 00:01.236 Successfully matched event ControlMessageReceive:i16 c c1 -> s 1 [ofp_flow_mod: hard_timeout=0, out_port=65535, priority=32768, idle_timeout=0, command=delete, actions=(), flags=0, match=x^L,in_port:None][1;m
[1;36m[1;44m00:00.579 00:01.237 Successfully matched event ControlMessageSend:i17 c 3 -> s c1 [ofp_features_reply: datapath_id=3][1;m
[1;36m[1;44m00:00.579 00:01.238 Successfully matched event ControlMessageSend:i18 c 1 -> s c1 [ofp_barrier_reply: ][1;m
[1;36m[1;44m00:00.580 00:01.238 Successfully matched event ControlMessageSend:i19 c 2 -> s c1 [ofp_features_reply: datapath_id=2][1;m
[1;33m[c1] INFO:openflow.of_01:[00-00-00-00-00-01 1] connected[1;m

[1;41m[1;33m[c1] DEBUG:pyretic.core.runtime.DEBUG_TOPO_DISCOVERY: handle_switch_joins[1;m

[1;41m[1;33m[c1] INFO:pyretic.core.runtime.ConcreteNetwork: OpenFlow switch 1 connected[1;m

[1;41m[1;33m[c1] DEBUG:pyretic.core.runtime.DEBUG_TOPO_DISCOVERY: ---------------------------------------------[1;m

[1;41m[1;33m[c1] switch  |  switch edges    |  egress ports  |[1;m

[1;41m[1;33m[c1] ---------------------------------------------[1;m

[1;41m[1;33m[c1] 1       |                  |                |[1;m

[1;41m[1;33m[c1] ---------------------------------------------[1;m

[1;41m[1;33m[c1] DEBUG:pyretic.core.runtime.DEBUG_TOPO_DISCOVERY: handle_port_joins 1:1:True:True[1;m

[1;41m[1;33m[c1] DEBUG:pyretic.core.runtime.DEBUG_TOPO_DISCOVERY: ---------------------------------------------[1;m

[1;41m[1;33m[c1] switch  |  switch edges    |  egress ports  |[1;m

[1;41m[1;33m[c1] ---------------------------------------------[1;m

[1;41m[1;33m[c1] 1       |                  |  1[1]---       |[1;m

[1;41m[1;33m[c1] ---------------------------------------------[1;m

[1;41m[1;33m[c1] DEBUG:pyretic.core.runtime.DEBUG_TOPO_DISCOVERY: handle_port_joins 1:2:True:True[1;m

[1;41m[1;33m[c1] DEBUG:pyretic.core.runtime.DEBUG_TOPO_DISCOVERY: -------------------------------------------------[1;m

[1;41m[1;33m[c1] switch  |  switch edges    |  egress ports      |[1;m

[1;41m[1;33m[c1] -------------------------------------------------[1;m

[1;41m[1;33m[c1] 1       |                  |  1[2]---, 1[1]---  |[1;m

[1;41m[1;33m[c1] -------------------------------------------------[1;m

[1;41m[1;33m[c1] DEBUG:pyretic.core.runtime.DEBUG_TOPO_DISCOVERY: handle_port_joins 1:3:True:True[1;m

[1;41m[1;33m[c1] DEBUG:pyretic.core.runtime.DEBUG_TOPO_DISCOVERY: ----------------------------------------------------------[1;m

[1;41m[1;33m[c1] switch  |  switch edges    |   egress ports              |[1;m

[1;41m[1;33m[c1] ----------------------------------------------------------[1;m

[1;41m[1;33m[c1] 1       |                  |  1[2]---, 1[3]---, 1[1]---  |[1;m

[1;41m[1;33m[c1] ----------------------------------------------------------[1;m

[1;36m[1;44m00:00.625 00:01.341 Successfully matched event ControlMessageReceive:i21 c c1 -> s 1 [ofp_packet_out: actions=(u'output(1)',), data={u'class': u'lldp'}, in_port=65535][1;m
[1;36m[1;36mRound 4[1;37m[1;m
[1;36mForwarding dataplane event[1;m
[1;36m[1;44m00:00.627 00:01.342 Successfully matched event ControlMessageReceive:i22 c c1 -> s 2 [ofp_barrier_request: ][1;m
[1;36m[1;44m00:00.628 00:01.343 Successfully matched event ControlMessageReceive:i23 c c1 -> s 3 [ofp_barrier_request: ][1;m
[1;36m[1;44m00:00.629 00:01.343 Successfully matched event ControlMessageReceive:i24 c c1 -> s 1 [ofp_flow_mod: hard_timeout=0, out_port=65535, priority=32768, idle_timeout=0, command=add, actions=(u'output(65533)',), flags=0, match=x^L,in_port:None][1;m
[1;36m[1;44m00:00.630 00:01.344 Successfully matched event ControlMessageReceive:i25 c c1 -> s 2 [ofp_set_config: ][1;m
[1;36m[1;44m00:00.631 00:01.344 Successfully matched event ControlMessageReceive:i26 c c1 -> s 1 [ofp_packet_out: actions=(u'output(3)',), data={u'class': u'lldp'}, in_port=65535][1;m
[1;36mForwarding dataplane event[1;m
[1;36m[1;44m00:00.632 00:01.345 Successfully matched event ControlMessageReceive:i27 c c1 -> s 3 [ofp_flow_mod: hard_timeout=0, out_port=65535, priority=32768, idle_timeout=0, command=delete, actions=(), flags=0, match=x^L,in_port:None][1;m
[1;36m[1;44m00:00.633 00:01.345 Successfully matched event ControlMessageReceive:i28 c c1 -> s 2 [ofp_flow_mod: hard_timeout=0, out_port=65535, priority=32768, idle_timeout=0, command=delete, actions=(), flags=0, match=x^L,in_port:None][1;m
[1;36m[1;44m00:00.634 00:01.346 Successfully matched event ControlMessageReceive:i29 c c1 -> s 1 [ofp_packet_out: actions=(u'output(2)',), data={u'class': u'lldp'}, in_port=65535][1;m
[1;36mForwarding dataplane event[1;m
[1;36m[1;44m00:00.636 00:01.346 Successfully matched event ControlMessageReceive:i30 c c1 -> s 3 [ofp_set_config: ][1;m
[1;36m[1;44m00:00.636 00:01.346 Successfully matched event ControlMessageSend:i31 c 3 -> s c1 [ofp_barrier_reply: ][1;m
[1;36m[1;44m00:00.637 00:01.346 Successfully matched event ControlMessageSend:i32 c 2 -> s c1 [ofp_barrier_reply: ][1;m
[1;36m[1;44m00:00.637 00:01.461 Successfully matched event DataplanePermit:i34[1;m
[1;36m[1;36mRound 5[1;37m[1;m
[1;36m[1;44m00:00.638 00:01.463 Successfully matched event DataplanePermit:i35[1;m
[1;36m[1;44m00:00.638 00:01.464 Successfully matched event DataplanePermit:i36[1;m
[1;33m[c1] INFO:openflow.of_01:[00-00-00-00-00-02 2] connected[1;m

[1;33m[c1] INFO:openflow.of_01:[00-00-00-00-00-03 3] connected[1;m

[1;41m[1;33m[c1] DEBUG:pyretic.core.runtime.DEBUG_TOPO_DISCOVERY: handle_switch_joins[1;m

[1;41m[1;33m[c1] INFO:pyretic.core.runtime.ConcreteNetwork: OpenFlow switch 2 connected[1;m

[1;41m[1;33m[c1] DEBUG:pyretic.core.runtime.DEBUG_TOPO_DISCOVERY: ----------------------------------------------------------[1;m

[1;41m[1;33m[c1] switch  |  switch edges    |   egress ports              |[1;m

[1;41m[1;33m[c1] ----------------------------------------------------------[1;m

[1;41m[1;33m[c1] 1       |                  |  1[2]---, 1[3]---, 1[1]---  |[1;m

[1;41m[1;33m[c1] 2       |                  |                             |[1;m

[1;41m[1;33m[c1] ----------------------------------------------------------[1;m

[1;41m[1;33m[c1] DEBUG:pyretic.core.runtime.DEBUG_TOPO_DISCOVERY: handle_port_joins 2:1:True:True[1;m

[1;41m[1;33m[c1] DEBUG:pyretic.core.runtime.DEBUG_TOPO_DISCOVERY: ----------------------------------------------------------[1;m

[1;41m[1;33m[c1] switch  |  switch edges    |   egress ports              |[1;m

[1;41m[1;33m[c1] ----------------------------------------------------------[1;m

[1;41m[1;33m[c1] 1       |                  |  1[2]---, 1[3]---, 1[1]---  |[1;m

[1;41m[1;33m[c1] 2       |                  |  2[1]---                    |[1;m

[1;41m[1;33m[c1] ----------------------------------------------------------[1;m

[1;41m[1;33m[c1] DEBUG:pyretic.core.runtime.DEBUG_TOPO_DISCOVERY: handle_port_joins 2:2:True:True[1;m

[1;41m[1;33m[c1] DEBUG:pyretic.core.runtime.DEBUG_TOPO_DISCOVERY: ----------------------------------------------------------[1;m

[1;41m[1;33m[c1] switch  |  switch edges    |   egress ports              |[1;m

[1;41m[1;33m[c1] ----------------------------------------------------------[1;m

[1;41m[1;33m[c1] 1       |                  |  1[2]---, 1[3]---, 1[1]---  |[1;m

[1;41m[1;33m[c1] 2       |                  |  2[1]---, 2[2]---           |[1;m

[1;41m[1;33m[c1] ----------------------------------------------------------[1;m

[1;41m[1;33m[c1] DEBUG:pyretic.core.runtime.DEBUG_TOPO_DISCOVERY: handle_port_joins 2:3:True:True[1;m

[1;41m[1;33m[c1] DEBUG:pyretic.core.runtime.DEBUG_TOPO_DISCOVERY: ----------------------------------------------------------[1;m

[1;41m[1;33m[c1] switch  |  switch edges    |   egress ports              |[1;m

[1;41m[1;33m[c1] ----------------------------------------------------------[1;m

[1;41m[1;33m[c1] 1       |                  |  1[2]---, 1[3]---, 1[1]---  |[1;m

[1;41m[1;33m[c1] 2       |                  |  2[3]---, 2[1]---, 2[2]---  |[1;m

[1;41m[1;33m[c1] ----------------------------------------------------------[1;m

[1;41m[1;33m[c1] DEBUG:pyretic.core.runtime.DEBUG_TOPO_DISCOVERY: handle_switch_joins[1;m

[1;41m[1;33m[c1] INFO:pyretic.core.runtime.ConcreteNetwork: OpenFlow switch 3 connected[1;m

[1;41m[1;33m[c1] DEBUG:pyretic.core.runtime.DEBUG_TOPO_DISCOVERY: ----------------------------------------------------------[1;m

[1;41m[1;33m[c1] switch  |  switch edges    |   egress ports              |[1;m

[1;41m[1;33m[c1] ----------------------------------------------------------[1;m

[1;36m[1;44m00:00.740 00:01.464 Successfully matched event ControlMessageReceive:i37 c c1 -> s 3 [ofp_packet_out: actions=(u'output(3)',), data={u'class': u'lldp'}, in_port=65535][1;m[1;41m[1;33m[c1] 1       |                  |  1[2]---, 1[3]---, 1[1]---  |[1;m

[1;36mForwarding dataplane event[1;m

[1;36m[1;44m00:00.743 00:01.465 Successfully matched event ControlMessageReceive:i38 c c1 -> s 2 [ofp_packet_out: actions=(u'output(3)',), data={u'class': u'lldp'}, in_port=65535][1;m[1;41m[1;33m[c1] 2       |                  |  2[3]---, 2[1]---, 2[2]---  |[1;m

[1;36mForwarding dataplane event[1;m

[1;41m[1;33m[c1] 3       |                  |                             |[1;m

[1;41m[1;33m[c1] ----------------------------------------------------------[1;m

[1;41m[1;33m[c1] DEBUG:pyretic.core.runtime.DEBUG_TOPO_DISCOVERY: handle_port_joins 3:1:True:True[1;m

[1;41m[1;33m[c1] DEBUG:pyretic.core.runtime.DEBUG_TOPO_DISCOVERY: ----------------------------------------------------------[1;m

[1;41m[1;33m[c1] switch  |  switch edges    |   egress ports              |[1;m

[1;41m[1;33m[c1] ----------------------------------------------------------[1;m

[1;36m[1;44m00:00.746 00:01.465 Successfully matched event ControlMessageReceive:i39 c c1 -> s 2 [ofp_packet_out: actions=(u'output(1)',), data={u'class': u'lldp'}, in_port=65535][1;m[1;41m[1;33m[c1] 1       |                  |  1[2]---, 1[3]---, 1[1]---  |[1;m


[1;36mForwarding dataplane event[1;m 
[1;36m[1;44m00:00.748 00:01.465 Successfully matched event ControlMessageReceive:i40 c c1 -> s 3 [ofp_packet_out: actions=(u'output(2)',), data={u'class': u'lldp'}, in_port=65535][1;m[1;41m[1;33m[c1] 2       |                  |  2[3]---, 2[1]---, 2[2]---  |[1;m


[1;36mForwarding dataplane event[1;m[1;41m[1;33m[c1] 3       |                  |  3[1]---                    |[1;m

[1;36m[1;44m00:00.752 00:01.466 Successfully matched event ControlMessageReceive:i41 c c1 -> s 3 [ofp_flow_mod: hard_timeout=0, out_port=65535, priority=32768, idle_timeout=0, command=add, actions=(u'output(65533)',), flags=0, match=x^L,in_port:None][1;m

[1;36m[1;44m00:00.753 00:01.466 Successfully matched event ControlMessageReceive:i42 c c1 -> s 2 [ofp_flow_mod: hard_timeout=0, out_port=65535, priority=32768, idle_timeout=0, command=add, actions=(u'output(65533)',), flags=0, match=x^L,in_port:None][1;m
[1;36m[1;44m00:00.755 00:01.467 Successfully matched event ControlMessageReceive:i43 c c1 -> s 3 [ofp_packet_out: actions=(u'output(1)',), data={u'class': u'lldp'}, in_port=65535][1;m[1;41m[1;33m[c1] ----------------------------------------------------------[1;m

[1;36mForwarding dataplane event[1;m

[1;36m[1;44m00:00.758 00:01.467 Successfully matched event ControlMessageReceive:i44 c c1 -> s 2 [ofp_packet_out: actions=(u'output(2)',), data={u'class': u'lldp'}, in_port=65535][1;m
 [1;36mForwarding dataplane event[1;m[1;41m[1;33m[c1] DEBUG:pyretic.core.runtime.DEBUG_TOPO_DISCOVERY: handle_port_joins 3:2:True:True[1;m

[1;41m[1;33m[c1] DEBUG:pyretic.core.runtime.DEBUG_TOPO_DISCOVERY: ----------------------------------------------------------[1;m

[1;36m[1;44m00:00.760 00:01.468 Successfully matched event ControlMessageSend:i45 c 3 -> s c1 [ofp_packet_in: data={u'class': u'lldp'}, in_port=2][1;m

[1;36m[1;44m00:00.762 00:01.468 Successfully matched event ControlMessageSend:i46 c 2 -> s c1 [ofp_packet_in: data={u'class': u'lldp'}, in_port=2][1;m
[1;36m[1;44m00:00.763 00:01.570 Successfully matched event DataplanePermit:i48[1;m 
[1;36m[1;36mRound 6[1;37m[1;m[1;41m[1;33m[c1] switch  |  switch edges    |   egress ports              |[1;m

[1;41m[1;33m[c1] ----------------------------------------------------------[1;m

[1;36m[1;44m00:00.765 00:01.571 Successfully matched event DataplanePermit:i49[1;m

[1;36m[1;44m00:00.767 00:01.572 Successfully matched event DataplanePermit:i50[1;m[1;41m[1;33m[c1] 1       |                  |  1[2]---, 1[3]---, 1[1]---  |[1;m


[1;36m[1;44m00:00.768 00:01.573 Successfully matched event DataplanePermit:i51[1;m
[1;36m[1;44m00:00.769 00:01.573 Successfully matched event DataplanePermit:i52[1;m 
[1;36m[1;44m00:00.770 00:01.574 Successfully matched event DataplanePermit:i53[1;m[1;41m[1;33m[c1] 2       |                  |  2[3]---, 2[1]---, 2[2]---  |[1;m


[1;36m[1;44m00:00.770 00:01.575 Successfully matched event ControlMessageSend:i54 c 2 -> s c1 [ofp_packet_in: data={u'class': u'lldp'}, in_port=1][1;m [1;41m[1;33m[c1] 3       |                  |  3[2]---, 3[1]---           |[1;m


[1;36m[1;44m00:00.772 00:01.576 Successfully matched event ControlMessageSend:i55 c 3 -> s c1 [ofp_packet_in: data={u'class': u'lldp'}, in_port=1][1;m
 [1;36m[1;44m00:00.773 00:01.576 Successfully matched event ControlMessageSend:i56 c 1 -> s c1 [ofp_packet_in: data={u'class': u'lldp'}, in_port=2][1;m
[1;41m[1;33m[c1] ----------------------------------------------------------[1;m
[1;36m[1;44m00:00.774 00:01.576 Successfully matched event ControlMessageSend:i57 c 1 -> s c1 [ofp_packet_in: data={u'class': u'lldp'}, in_port=1][1;m
[1;41m[1;33m[c1] DEBUG:pyretic.core.runtime.DEBUG_TOPO_DISCOVERY: handle_port_joins 3:3:True:True[1;m


[1;41m[1;33m[c1] DEBUG:pyretic.core.runtime.DEBUG_TOPO_DISCOVERY: ----------------------------------------------------------[1;m

[1;41m[1;33m[c1] switch  |  switch edges    |   egress ports              |[1;m

[1;41m[1;33m[c1] ----------------------------------------------------------[1;m

[1;41m[1;33m[c1] 1       |                  |  1[2]---, 1[3]---, 1[1]---  |[1;m

[1;41m[1;33m[c1] 2       |                  |  2[3]---, 2[1]---, 2[2]---  |[1;m

[1;41m[1;33m[c1] 3       |                  |  3[2]---, 3[1]---, 3[3]---  |[1;m

[1;41m[1;33m[c1] ----------------------------------------------------------[1;m

[1;41m[1;33m[c1] DEBUG:pyretic.core.runtime.DEBUG_TOPO_DISCOVERY: handle_link_updates[1;m

[1;41m[1;33m[c1] DEBUG:pyretic.core.runtime.DEBUG_TOPO_DISCOVERY: ----------------------------------------------------------[1;m

[1;41m[1;33m[c1] switch  |  switch edges    |   egress ports              |[1;m

[1;41m[1;33m[c1] ----------------------------------------------------------[1;m

[1;41m[1;33m[c1] 1       |  1[2] --- 2[2]   |  1[3]---, 1[1]---           |[1;m

[1;41m[1;33m[c1] 2       |  1[2] --- 2[2]   |  2[3]---, 2[1]---           |[1;m

[1;41m[1;33m[c1] 3       |                  |  3[2]---, 3[1]---, 3[3]---  |[1;m

[1;41m[1;33m[c1] ----------------------------------------------------------[1;m

[1;41m[1;33m[c1] DEBUG:pyretic.core.runtime.DEBUG_TOPO_DISCOVERY: handle_link_updates[1;m

[1;41m[1;33m[c1] DEBUG:pyretic.core.runtime.DEBUG_TOPO_DISCOVERY: ---------------------------------------------------------------[1;m

[1;41m[1;33m[c1] switch  |     switch edges               |  egress ports      |[1;m

[1;41m[1;33m[c1] ---------------------------------------------------------------[1;m

[1;41m[1;33m[c1] 1       |  1[2] --- 2[2], 1[1] --- 3[2]  |  1[3]---           |[1;m

[1;41m[1;33m[c1] 2       |  1[2] --- 2[2]                 |  2[3]---, 2[1]---  |[1;m

[1;41m[1;33m[c1] 3       |  1[1] --- 3[2]                 |  3[1]---, 3[3]---  |[1;m

[1;41m[1;33m[c1] ---------------------------------------------------------------[1;m

[1;41m[1;33m[c1] DEBUG:pyretic.core.runtime.DEBUG_TOPO_DISCOVERY: handle_link_updates[1;m

[1;41m[1;33m[c1] DEBUG:pyretic.core.runtime.DEBUG_TOPO_DISCOVERY: nothing to do[1;m

[1;41m[1;33m[c1] DEBUG:pyretic.core.runtime.DEBUG_TOPO_DISCOVERY: handle_link_updates[1;m

[1;41m[1;33m[c1] DEBUG:pyretic.core.runtime.DEBUG_TOPO_DISCOVERY: -----------------------------------------------------------[1;m

[1;41m[1;33m[c1] switch  |     switch edges               |  egress ports  |[1;m

[1;41m[1;33m[c1] -----------------------------------------------------------[1;m

[1;41m[1;33m[c1] 1       |  1[2] --- 2[2], 1[1] --- 3[2]  |  1[3]---       |[1;m

[1;41m[1;33m[c1] 2       |  1[2] --- 2[2], 2[1] --- 3[1]  |  2[3]---       |[1;m

[1;41m[1;33m[c1] 3       |  1[1] --- 3[2], 2[1] --- 3[1]  |  3[3]---       |[1;m

[1;41m[1;33m[c1] -----------------------------------------------------------[1;m

[1;41m[1;33m[c1] DEBUG:pyretic.core.runtime.DEBUG_TOPO_DISCOVERY: handle_link_updates[1;m

[1;41m[1;33m[c1] DEBUG:pyretic.core.runtime.DEBUG_TOPO_DISCOVERY: nothing to do[1;m

[1;41m[1;33m[c1] DEBUG:pyretic.core.runtime.DEBUG_TOPO_DISCOVERY: handle_link_updates[1;m

[1;41m[1;33m[c1] DEBUG:pyretic.core.runtime.DEBUG_TOPO_DISCOVERY: nothing to do[1;m

[1;41m[1;33m[c1] DEBUG:pyretic.core.runtime.Runtime: |2014-01-26 16:06:37.132719|[1;m

[1;41m[1;33m[c1] 	generate classifier[1;m

[1;41m[1;33m[c1] 	policy=flood on:[1;m

[1;41m[1;33m[c1] -----------------------------------------------------------[1;m

[1;41m[1;33m[c1] switch  |     switch edges               |  egress ports  |[1;m

[1;41m[1;33m[c1] -----------------------------------------------------------[1;m

[1;41m[1;33m[c1] 1       |  1[2] --- 2[2], 1[1] --- 3[2]  |  1[3]---       |[1;m

[1;41m[1;33m[c1] 2       |  1[2] --- 2[2]                 |  2[3]---       |[1;m

[1;41m[1;33m[c1] 3       |  1[1] --- 3[2]                 |  3[3]---       |[1;m

[1;41m[1;33m[c1] -----------------------------------------------------------[1;m

[1;41m[1;33m[c1] 	classifier=match: ('switch', 1) ('inport', 1)[1;m

[1;41m[1;33m[c1]   -> [modify: ('outport', 2), modify: ('outport', 3)][1;m

[1;41m[1;33m[c1]  match: ('switch', 1) ('inport', 2)[1;m

[1;41m[1;33m[c1]   -> [modify: ('outport', 1), modify: ('outport', 3)][1;m

[1;41m[1;33m[c1]  match: ('switch', 1) ('inport', 3)[1;m

[1;41m[1;33m[c1]   -> [modify: ('outport', 1), modify: ('outport', 2)][1;m

[1;41m[1;33m[c1]  match: ('switch', 1)[1;m

[1;41m[1;33m[c1]   -> [modify: ('outport', 1), modify: ('outport', 2), modify: ('outport', 3)][1;m

[1;41m[1;33m[c1]  match: ('switch', 2) ('inport', 2)[1;m

[1;41m[1;33m[c1]   -> [modify: ('outport', 3)][1;m

[1;41m[1;33m[c1]  match: ('switch', 2) ('inport', 3)[1;m

[1;41m[1;33m[c1]   -> [modify: ('outport', 2)][1;m

[1;41m[1;33m[c1]  match: ('switch', 2)[1;m

[1;41m[1;33m[c1]   -> [modify: ('outport', 2), modify: ('outport', 3)][1;m

[1;41m[1;33m[c1]  match: ('switch', 3) ('inport', 2)[1;m

[1;41m[1;33m[c1]   -> [modify: ('outport', 3)][1;m

[1;41m[1;33m[c1]  match: ('switch', 3) ('inport', 3)[1;m

[1;41m[1;33m[c1]   -> [modify: ('outport', 2)][1;m

[1;41m[1;33m[c1]  match: ('switch', 3)[1;m

[1;41m[1;33m[c1]   -> [modify: ('outport', 2), modify: ('outport', 3)][1;m

[1;41m[1;33m[c1]  identity[1;m

[1;41m[1;33m[c1]   -> [drop][1;m

[1;41m[1;33m[c1] [1;m

[1;41m[1;33m[c1] DEBUG:pyretic.core.runtime.Runtime: |2014-01-26 16:06:37.146320|[1;m

[1;41m[1;33m[c1] 	sending openflow rule:[1;m

[1;41m[1;33m[c1] 	0 {'switch': 1} [{'outport': 65533}][1;m

[1;41m[1;33m[c1] [1;m

[1;41m[1;33m[c1] DEBUG:pyretic.core.runtime.Runtime: |2014-01-26 16:06:37.148639|[1;m

[1;41m[1;33m[c1] 	sending openflow rule:[1;m

[1;41m[1;33m[c1] 	0 {'switch': 2} [{'outport': 65533}][1;m

[1;41m[1;33m[c1] [1;m

[1;41m[1;33m[c1] DEBUG:pyretic.core.runtime.Runtime: |2014-01-26 16:06:37.149039|[1;m

[1;41m[1;33m[c1] 	sending openflow rule:[1;m

[1;41m[1;33m[c1] 	0 {'switch': 3} [{'outport': 65533}][1;m

[1;41m[1;33m[c1] [1;m

[1;41m[1;33m[c1] DEBUG:pyretic.core.runtime.Runtime: |2014-01-26 16:06:37.149251|[1;m

[1;41m[1;33m[c1] 	sending openflow rule:[1;m

[1;41m[1;33m[c1] 	60000 {'switch': 1, 'vlan_pcp': 0, 'vlan_id': 65535, 'ethtype': 35020} [{'outport': 65533}][1;m

[1;41m[1;33m[c1] [1;m

[1;41m[1;33m[c1] DEBUG:pyretic.core.runtime.Runtime: |2014-01-26 16:06:37.151803|[1;m

[1;41m[1;33m[c1] 	sending openflow rule:[1;m

[1;41m[1;33m[c1] 	60000 {'switch': 2, 'vlan_pcp': 0, 'vlan_id': 65535, 'ethtype': 35020} [{'outport': 65533}][1;m

[1;41m[1;33m[c1] [1;m

[1;36m[1;44m00:01.161 00:01.896 Successfully matched event ControlMessageReceive:i61 c c1 -> s 1 [ofp_flow_mod: hard_timeout=0, out_port=65535, priority=59997, idle_timeout=0, command=add, actions=(u'output(1)', u'output(2)'), flags=0, match=dl_vlan:65535,dl_vlan_pcp:0,in_port:3][1;m [1;41m[1;33m[c1] DEBUG:pyretic.core.runtime.Runtime: |2014-01-26 16:06:37.152019|[1;m

[1;41m[1;33m[c1] 	sending openflow rule:[1;m

[1;41m[1;33m[c1] 	60000 {'switch': 3, 'vlan_pcp': 0, 'vlan_id': 65535, 'ethtype': 35020} [{'outport': 65533}][1;m

[1;41m[1;33m[c1] [1;m

[1;41m[1;33m[c1] DEBUG:pyretic.core.runtime.Runtime: |2014-01-26 16:06:37.152218|[1;m

[1;41m[1;33m[c1] 	sending openflow rule:[1;m

[1;41m[1;33m[c1] 	59999 {'switch': 1, 'vlan_pcp': 0, 'vlan_id': 65535, 'inport': 1} [{'outport': 2}, {'outport': 3}][1;m

[1;41m[1;33m[c1] [1;m

[1;41m[1;33m[c1] DEBUG:pyretic.core.runtime.Runtime: |2014-01-26 16:06:37.152413|[1;m

[1;41m[1;33m[c1] 	sending openflow rule:[1;m

[1;41m[1;33m[c1] 	59998 {'switch': 1, 'vlan_pcp': 0, 'vlan_id': 65535, 'inport': 2} [{'outport': 1}, {'outport': 3}][1;m

[1;41m[1;33m[c1] [1;m

[1;41m[1;33m[c1] DEBUG:pyretic.core.runtime.Runtime: |2014-01-26 16:06:37.152584|[1;m

[1;41m[1;33m[c1] 	sending openflow rule:[1;m

[1;41m[1;33m[c1] 	59997 {'switch': 1, 'vlan_pcp': 0, 'vlan_id': 65535, 'inport': 3} [{'outport': 1}, {'outport': 2}][1;m

[1;41m[1;33m[c1] [1;m

[1;41m[1;33m[c1] DEBUG:pyretic.core.runtime.Runtime: |2014-01-26 16:06:37.152782|[1;m

[1;41m[1;33m[c1] 	sending openflow rule:[1;m

[1;41m[1;33m[c1] 	59996 {'switch': 1, 'vlan_pcp': 0, 'inport': 1, 'vlan_id': 65535} [{'outport': 65528}, {'outport': 2}, {'outport': 3}][1;m

[1;41m[1;33m[c1] [1;m

[1;41m[1;33m[c1] DEBUG:pyretic.core.runtime.Runtime: |2014-01-26 16:06:37.153030|[1;m

[1;41m[1;33m[c1] 	sending openflow rule:[1;m

[1;41m[1;33m[c1] 	59995 {'switch': 1, 'vlan_pcp': 0, 'inport': 2, 'vlan_id': 65535} [{'outport': 1}, {'outport': 65528}, {'outport': 3}][1;m

[1;41m[1;33m[c1] [1;m

[1;41m[1;33m[c1] DEBUG:pyretic.core.runtime.Runtime: |2014-01-26 16:06:37.153204|[1;m

[1;41m[1;33m[c1] 	sending openflow rule:[1;m

[1;41m[1;33m[c1] 	59994 {'switch': 1, 'vlan_pcp': 0, 'inport': 3, 'vlan_id': 65535} [{'outport': 1}, {'outport': 2}, {'outport': 65528}][1;m

[1;41m[1;33m[c1] [1;m

[1;41m[1;33m[c1] DEBUG:pyretic.core.runtime.Runtime: |2014-01-26 16:06:37.153344|[1;m


[1;41m[1;33m[c1] 	sending openflow rule:[1;m

[1;41m[1;33m[c1] 	59993 {'switch': 1, 'vlan_pcp': 0, 'vlan_id': 65535} [{'outport': 1}, {'outport': 2}, {'outport': 3}][1;m

[1;41m[1;33m[c1] [1;m

[1;41m[1;33m[c1] DEBUG:pyretic.core.runtime.Runtime: |2014-01-26 16:06:37.153499|[1;m

[1;41m[1;33m[c1] 	sending openflow rule:[1;m

[1;41m[1;33m[c1] 	59999 {'switch': 2, 'vlan_pcp': 0, 'vlan_id': 65535, 'inport': 2} [{'outport': 3}][1;m

[1;41m[1;33m[c1] [1;m

[1;41m[1;33m[c1] DEBUG:pyretic.core.runtime.Runtime: |2014-01-26 16:06:37.153632|[1;m

[1;41m[1;33m[c1] 	sending openflow rule:[1;m

[1;41m[1;33m[c1] 	59998 {'switch': 2, 'vlan_pcp': 0, 'vlan_id': 65535, 'inport': 3} [{'outport': 2}][1;m

[1;41m[1;33m[c1] [1;m

[1;41m[1;33m[c1] DEBUG:pyretic.core.runtime.Runtime: |2014-01-26 16:06:37.153804|[1;m

[1;41m[1;33m[c1] 	sending openflow rule:[1;m

[1;41m[1;33m[c1] 	59997 {'switch': 2, 'vlan_pcp': 0, 'inport': 2, 'vlan_id': 65535} [{'outport': 65528}, {'outport': 3}][1;m

[1;41m[1;33m[c1] [1;m

[1;41m[1;33m[c1] DEBUG:pyretic.core.runtime.Runtime: |2014-01-26 16:06:37.153967|[1;m

[1;41m[1;33m[c1] 	sending openflow rule:[1;m

[1;41m[1;33m[c1] 	59996 {'switch': 2, 'vlan_pcp': 0, 'inport': 3, 'vlan_id': 65535} [{'outport': 2}, {'outport': 65528}][1;m

[1;41m[1;33m[c1] [1;m

[1;41m[1;33m[c1] DEBUG:pyretic.core.runtime.Runtime: |2014-01-26 16:06:37.154104|[1;m

[1;41m[1;33m[c1] 	sending openflow rule:[1;m

[1;41m[1;33m[c1] 	59995 {'switch': 2, 'vlan_pcp': 0, 'vlan_id': 65535} [{'outport': 2}, {'outport': 3}][1;m

[1;41m[1;33m[c1] [1;m

[1;41m[1;33m[c1] DEBUG:pyretic.core.runtime.Runtime: |2014-01-26 16:06:37.154230|[1;m

[1;41m[1;33m[c1] 	sending openflow rule:[1;m

[1;41m[1;33m[c1] 	59999 {'switch': 3, 'vlan_pcp': 0, 'vlan_id': 65535, 'inport': 2} [{'outport': 3}][1;m

[1;41m[1;33m[c1] [1;m

[1;41m[1;33m[c1] DEBUG:pyretic.core.runtime.Runtime: |2014-01-26 16:06:37.154399|[1;m

[1;41m[1;33m[c1] 	sending openflow rule:[1;m

[1;41m[1;33m[c1] 	59998 {'switch': 3, 'vlan_pcp': 0, 'vlan_id': 65535, 'inport': 3} [{'outport': 2}][1;m

[1;41m[1;33m[c1] [1;m

[1;41m[1;33m[c1] DEBUG:pyretic.core.runtime.Runtime: |2014-01-26 16:06:37.154497|[1;m

[1;41m[1;33m[c1] 	sending openflow rule:[1;m

[1;41m[1;33m[c1] 	59997 {'switch': 3, 'vlan_pcp': 0, 'inport': 2, 'vlan_id': 65535} [{'outport': 65528}, {'outport': 3}][1;m

[1;41m[1;33m[c1] [1;m

[1;36m[1;36mRound 9[1;37m[1;m
[1;36m[1;44m00:01.171 00:01.897 Successfully matched event ControlMessageReceive:i62 c c1 -> s 1 [ofp_flow_mod: hard_timeout=0, out_port=65535, priority=0, idle_timeout=0, command=add, actions=(u'output(65533)',), flags=0, match=x^L,in_port:None][1;m
[1;36m[1;44m00:01.171 00:01.897 Successfully matched event ControlMessageReceive:i63 c c1 -> s 1 [ofp_flow_mod: hard_timeout=0, out_port=65535, priority=59998, idle_timeout=0, command=add, actions=(u'output(1)', u'output(3)'), flags=0, match=dl_vlan:65535,dl_vlan_pcp:0,in_port:2][1;m
[1;36m[1;44m00:01.173 00:01.898 Successfully matched event ControlMessageReceive:i64 c c1 -> s 2 [ofp_flow_mod: hard_timeout=0, out_port=65535, priority=32768, idle_timeout=0, command=delete, actions=(), flags=0, match=x^L,in_port:None][1;m
[1;36m[1;44m00:01.178 00:01.898 Successfully matched event ControlMessageReceive:i65 c c1 -> s 2 [ofp_flow_mod: hard_timeout=0, out_port=65535, priority=59999, idle_timeout=0, command=add, actions=(u'output(3)',), flags=0, match=dl_vlan:65535,dl_vlan_pcp:0,in_port:2][1;m
[1;36m[1;44m00:01.180 00:01.899 Successfully matched event ControlMessageReceive:i66 c c1 -> s 1 [ofp_flow_mod: hard_timeout=0, out_port=65535, priority=59996, idle_timeout=0, command=add, actions=(u'output(65528)', u'output(2)', u'output(3)'), flags=0, match=dl_vlan:65535,dl_vlan_pcp:0,in_port:1][1;m [1;41m[1;33m[c1] DEBUG:pyretic.core.runtime.Runtime: |2014-01-26 16:06:37.154581|[1;m


[1;36m[1;44m00:01.182 00:01.900 Successfully matched event ControlMessageReceive:i67 c c1 -> s 1 [ofp_barrier_request: ][1;m[1;41m[1;33m[c1] 	sending openflow rule:[1;m


[1;36m[1;44m00:01.183 00:01.900 Successfully matched event ControlMessageReceive:i68 c c1 -> s 1 [ofp_flow_mod: hard_timeout=0, out_port=65535, priority=60000, idle_timeout=0, command=add, actions=(u'output(65533)',), flags=0, match=dl_vlan:65535,dl_vlan_pcp:0,dl_type:35020,in_port:None][1;m
[1;41m[1;33m[c1] 	59996 {'switch': 3, 'vlan_pcp': 0, 'inport': 3, 'vlan_id': 65535} [{'outport': 2}, {'outport': 65528}][1;m

[1;41m[1;33m[c1] [1;m

[1;41m[1;33m[c1] DEBUG:pyretic.core.runtime.Runtime: |2014-01-26 16:06:37.154672|[1;m

[1;41m[1;33m[c1] 	sending openflow rule:[1;m

[1;41m[1;33m[c1] 	59995 {'switch': 3, 'vlan_pcp': 0, 'vlan_id': 65535} [{'outport': 2}, {'outport': 3}][1;m

[1;41m[1;33m[c1] [1;m

[1;41m[1;33m[c1] DEBUG:pyretic.core.runtime.Runtime: |2014-01-26 16:06:37.154828|[1;m

[1;41m[1;33m[c1] 	sending openflow rule:[1;m

[1;41m[1;33m[c1] 	59992 {'switch': 1, 'vlan_pcp': 0, 'vlan_id': 65535} [][1;m

[1;41m[1;33m[c1] [1;m

[1;41m[1;33m[c1] DEBUG:pyretic.core.runtime.Runtime: |2014-01-26 16:06:37.154913|[1;m

[1;41m[1;33m[c1] 	sending openflow rule:[1;m

[1;41m[1;33m[c1] 	59994 {'switch': 2, 'vlan_pcp': 0, 'vlan_id': 65535} [][1;m

[1;41m[1;33m[c1] [1;m

[1;41m[1;33m[c1] DEBUG:pyretic.core.runtime.Runtime: |2014-01-26 16:06:37.154985|[1;m

[1;41m[1;33m[c1] 	sending openflow rule:[1;m

[1;41m[1;33m[c1] 	59994 {'switch': 3, 'vlan_pcp': 0, 'vlan_id': 65535} [][1;m

[1;41m[1;33m[c1] [1;m

[1;36m[1;44m00:01.200 00:01.901 Successfully matched event ControlMessageReceive:i69 c c1 -> s 3 [ofp_flow_mod: hard_timeout=0, out_port=65535, priority=60000, idle_timeout=0, command=add, actions=(u'output(65533)',), flags=0, match=dl_vlan:65535,dl_vlan_pcp:0,dl_type:35020,in_port:None][1;m
[1;36m[1;44m00:01.201 00:01.902 Successfully matched event ControlMessageReceive:i70 c c1 -> s 1 [ofp_flow_mod: hard_timeout=0, out_port=65535, priority=59995, idle_timeout=0, command=add, actions=(u'output(1)', u'output(65528)', u'output(3)'), flags=0, match=dl_vlan:65535,dl_vlan_pcp:0,in_port:2][1;m
[1;36m[1;44m00:01.203 00:01.902 Successfully matched event ControlMessageReceive:i71 c c1 -> s 3 [ofp_flow_mod: hard_timeout=0, out_port=65535, priority=32768, idle_timeout=0, command=delete, actions=(), flags=0, match=x^L,in_port:None][1;m
[1;36m[1;44m00:01.204 00:01.904 Successfully matched event ControlMessageReceive:i72 c c1 -> s 1 [ofp_flow_mod: hard_timeout=0, out_port=65535, priority=59999, idle_timeout=0, command=add, actions=(u'output(2)', u'output(3)'), flags=0, match=dl_vlan:65535,dl_vlan_pcp:0,in_port:1][1;m
[1;36m[1;44m00:01.205 00:01.904 Successfully matched event ControlMessageReceive:i73 c c1 -> s 3 [ofp_barrier_request: ][1;m
[1;36m[1;44m00:01.206 00:01.905 Successfully matched event ControlMessageReceive:i74 c c1 -> s 1 [ofp_flow_mod: hard_timeout=0, out_port=65535, priority=32768, idle_timeout=0, command=delete, actions=(), flags=0, match=x^L,in_port:None][1;m
[1;36m[1;44m00:01.207 00:01.906 Successfully matched event ControlMessageReceive:i75 c c1 -> s 2 [ofp_flow_mod: hard_timeout=0, out_port=65535, priority=0, idle_timeout=0, command=add, actions=(u'output(65533)',), flags=0, match=x^L,in_port:None][1;m
[1;36m[1;44m00:01.208 00:01.907 Successfully matched event ControlMessageReceive:i76 c c1 -> s 2 [ofp_flow_mod: hard_timeout=0, out_port=65535, priority=60000, idle_timeout=0, command=add, actions=(u'output(65533)',), flags=0, match=dl_vlan:65535,dl_vlan_pcp:0,dl_type:35020,in_port:None][1;m
[1;36m[1;44m00:01.209 00:01.908 Successfully matched event ControlMessageReceive:i77 c c1 -> s 1 [ofp_flow_mod: hard_timeout=0, out_port=65535, priority=59994, idle_timeout=0, command=add, actions=(u'output(1)', u'output(2)', u'output(65528)'), flags=0, match=dl_vlan:65535,dl_vlan_pcp:0,in_port:3][1;m
[1;36m[1;44m00:01.210 00:01.909 Successfully matched event ControlMessageReceive:i78 c c1 -> s 2 [ofp_barrier_request: ][1;m
[1;36m[1;44m00:01.211 00:01.910 Successfully matched event ControlMessageReceive:i79 c c1 -> s 3 [ofp_flow_mod: hard_timeout=0, out_port=65535, priority=0, idle_timeout=0, command=add, actions=(u'output(65533)',), flags=0, match=x^L,in_port:None][1;m
[1;36m[1;44m00:01.211 00:01.911 Successfully matched event ControlMessageReceive:i80 c c1 -> s 1 [ofp_flow_mod: hard_timeout=0, out_port=65535, priority=59993, idle_timeout=0, command=add, actions=(u'output(1)', u'output(2)', u'output(3)'), flags=0, match=dl_vlan:65535,dl_vlan_pcp:0,in_port:None][1;m
[1;36m[1;44m00:01.212 00:01.912 Successfully matched event ControlMessageSend:i81 c 3 -> s c1 [ofp_barrier_reply: ][1;m
[1;36m[1;44m00:01.213 00:01.912 Successfully matched event ControlMessageSend:i82 c 2 -> s c1 [ofp_barrier_reply: ][1;m
[1;36m[1;44m00:01.213 00:01.912 Successfully matched event ControlMessageSend:i83 c 1 -> s c1 [ofp_barrier_reply: ][1;m
[1;36m[1;44m00:01.215 00:02.018 Successfully matched event ControlMessageReceive:i85 c c1 -> s 2 [ofp_flow_mod: hard_timeout=0, out_port=65535, priority=59994, idle_timeout=0, command=add, actions=(), flags=0, match=dl_vlan:65535,dl_vlan_pcp:0,in_port:None][1;m
[1;36m[1;36mRound 10[1;37m[1;m
[1;36m[1;44m00:01.216 00:02.018 Successfully matched event ControlMessageReceive:i86 c c1 -> s 3 [ofp_flow_mod: hard_timeout=0, out_port=65535, priority=59995, idle_timeout=0, command=add, actions=(u'output(2)', u'output(3)'), flags=0, match=dl_vlan:65535,dl_vlan_pcp:0,in_port:None][1;m
[1;36m[1;44m00:01.217 00:02.020 Successfully matched event ControlMessageReceive:i87 c c1 -> s 3 [ofp_flow_mod: hard_timeout=0, out_port=65535, priority=59996, idle_timeout=0, command=add, actions=(u'output(2)', u'output(65528)'), flags=0, match=dl_vlan:65535,dl_vlan_pcp:0,in_port:3][1;m
[1;36m[1;44m00:01.218 00:02.020 Successfully matched event ControlMessageReceive:i88 c c1 -> s 3 [ofp_flow_mod: hard_timeout=0, out_port=65535, priority=59994, idle_timeout=0, command=add, actions=(), flags=0, match=dl_vlan:65535,dl_vlan_pcp:0,in_port:None][1;m
[1;36m[1;44m00:01.219 00:02.021 Successfully matched event ControlMessageReceive:i89 c c1 -> s 3 [ofp_flow_mod: hard_timeout=0, out_port=65535, priority=59999, idle_timeout=0, command=add, actions=(u'output(3)',), flags=0, match=dl_vlan:65535,dl_vlan_pcp:0,in_port:2][1;m
[1;36m[1;44m00:01.220 00:02.021 Successfully matched event ControlMessageReceive:i90 c c1 -> s 1 [ofp_flow_mod: hard_timeout=0, out_port=65535, priority=59992, idle_timeout=0, command=add, actions=(), flags=0, match=dl_vlan:65535,dl_vlan_pcp:0,in_port:None][1;m
[1;36m[1;44m00:01.221 00:02.022 Successfully matched event ControlMessageReceive:i91 c c1 -> s 2 [ofp_flow_mod: hard_timeout=0, out_port=65535, priority=59995, idle_timeout=0, command=add, actions=(u'output(2)', u'output(3)'), flags=0, match=dl_vlan:65535,dl_vlan_pcp:0,in_port:None][1;m
[1;36m[1;44m00:01.222 00:02.023 Successfully matched event ControlMessageReceive:i92 c c1 -> s 2 [ofp_flow_mod: hard_timeout=0, out_port=65535, priority=59996, idle_timeout=0, command=add, actions=(u'output(2)', u'output(65528)'), flags=0, match=dl_vlan:65535,dl_vlan_pcp:0,in_port:3][1;m
[1;36m[1;44m00:01.223 00:02.023 Successfully matched event ControlMessageReceive:i93 c c1 -> s 2 [ofp_flow_mod: hard_timeout=0, out_port=65535, priority=59997, idle_timeout=0, command=add, actions=(u'output(65528)', u'output(3)'), flags=0, match=dl_vlan:65535,dl_vlan_pcp:0,in_port:2][1;m
[1;36m[1;44m00:01.224 00:02.024 Successfully matched event ControlMessageReceive:i94 c c1 -> s 1 [ofp_barrier_request: ][1;m
[1;36m[1;44m00:01.225 00:02.024 Successfully matched event ControlMessageReceive:i95 c c1 -> s 2 [ofp_flow_mod: hard_timeout=0, out_port=65535, priority=59998, idle_timeout=0, command=add, actions=(u'output(2)',), flags=0, match=dl_vlan:65535,dl_vlan_pcp:0,in_port:3][1;m
[1;36m[1;44m00:01.226 00:02.025 Successfully matched event ControlMessageReceive:i96 c c1 -> s 3 [ofp_barrier_request: ][1;m
[1;36m[1;44m00:01.226 00:02.025 Successfully matched event ControlMessageReceive:i97 c c1 -> s 2 [ofp_barrier_request: ][1;m
[1;36m[1;44m00:01.227 00:02.026 Successfully matched event ControlMessageReceive:i98 c c1 -> s 3 [ofp_flow_mod: hard_timeout=0, out_port=65535, priority=59998, idle_timeout=0, command=add, actions=(u'output(2)',), flags=0, match=dl_vlan:65535,dl_vlan_pcp:0,in_port:3][1;m
[1;36m[1;44m00:01.228 00:02.026 Successfully matched event ControlMessageReceive:i99 c c1 -> s 3 [ofp_flow_mod: hard_timeout=0, out_port=65535, priority=59997, idle_timeout=0, command=add, actions=(u'output(65528)', u'output(3)'), flags=0, match=dl_vlan:65535,dl_vlan_pcp:0,in_port:2][1;m
[1;36m[1;44m00:01.229 00:02.027 Successfully matched event ControlMessageSend:i100 c 3 -> s c1 [ofp_barrier_reply: ][1;m
[1;36m[1;44m00:01.229 00:02.027 Successfully matched event ControlMessageSend:i101 c 2 -> s c1 [ofp_barrier_reply: ][1;m
[1;36m[1;44m00:01.230 00:02.027 Successfully matched event ControlMessageSend:i102 c 1 -> s c1 [ofp_barrier_reply: ][1;m
[1;36m[1;44m00:01.230 00:02.136 Successfully matched event ControlMessageReceive:i104 c c1 -> s 1 [ofp_barrier_request: ][1;m
[1;36m[1;36mRound 11[1;37m[1;m
[1;36m[1;44m00:01.231 00:02.137 Successfully matched event ControlMessageReceive:i105 c c1 -> s 3 [ofp_barrier_request: ][1;m
[1;36m[1;44m00:01.231 00:02.137 Successfully matched event ControlMessageReceive:i106 c c1 -> s 2 [ofp_barrier_request: ][1;m
[1;36m[1;44m00:01.232 00:02.137 Successfully matched event ControlMessageSend:i107 c 3 -> s c1 [ofp_barrier_reply: ][1;m
[1;36m[1;44m00:01.232 00:02.138 Successfully matched event ControlMessageSend:i108 c 2 -> s c1 [ofp_barrier_reply: ][1;m
[1;36m[1;44m00:01.233 00:02.138 Successfully matched event ControlMessageSend:i109 c 1 -> s c1 [ofp_barrier_reply: ][1;m
[1;42m[1;37mNo correctness violations![1;m
[1;36m[1;44m00:01.355 00:02.249 Successfully matched event CheckInvariants:e111[1;m
[1;36m[1;36mRound 12[1;37m[1;m
[1;42m[1;37mNo correctness violations![1;m
[1;36m[1;44m00:01.519 00:02.403 Successfully matched event CheckInvariants:e112[1;m
[1;36m[1;36mRound 13[1;37m[1;m
[1;42m[1;37mNo correctness violations![1;m
[1;36m[1;44m00:01.655 00:02.531 Successfully matched event CheckInvariants:e113[1;m
[1;36m[1;36mRound 14[1;37m[1;m
[1;35m[1;41m00:02.472 00:02.766 Event timed out ControlMessageSend:i116 c 1 -> s c1 [ofp_port_status: reason=2, desc=(1, u'00:00:00:00:01:01')][1;m
[1;36m[1;36mRound 16[1;37m[1;m
[1;35m[1;41m00:03.078 00:02.877 Event timed out ControlMessageReceive:i118 c c1 -> s 1 [ofp_packet_out: actions=(u'output(1)',), data={u'class': u'lldp'}, in_port=65535][1;m
[1;36m[1;36mRound 17[1;37m[1;m
[1;35m[1;41m00:03.888 00:03.097 Event timed out ControlMessageReceive:i121 c c1 -> s 1 [ofp_flow_mod: hard_timeout=0, out_port=65535, priority=59997, idle_timeout=0, command=add, actions=(u'output(1)', u'output(2)'), flags=0, match=dl_vlan:65535,dl_vlan_pcp:0,in_port:3][1;m
[1;36m[1;36mRound 19[1;37m[1;m
[1;35m[1;41m00:04.489 00:03.098 Event timed out ControlMessageReceive:i122 c c1 -> s 1 [ofp_flow_mod: hard_timeout=0, out_port=65535, priority=0, idle_timeout=0, command=add, actions=(u'output(65533)',), flags=0, match=x^L,in_port:None][1;m
[1;35m[1;41m00:05.092 00:03.099 Event timed out ControlMessageReceive:i123 c c1 -> s 2 [ofp_flow_mod: hard_timeout=0, out_port=65535, priority=59992, idle_timeout=0, command=add, actions=(), flags=0, match=dl_vlan:65535,dl_vlan_pcp:0,in_port:None][1;m
[1;35m[1;41m00:05.695 00:03.100 Event timed out ControlMessageReceive:i124 c c1 -> s 1 [ofp_flow_mod: hard_timeout=0, out_port=65535, priority=59998, idle_timeout=0, command=add, actions=(u'output(1)', u'output(3)'), flags=0, match=dl_vlan:65535,dl_vlan_pcp:0,in_port:2][1;m
[1;33m[c1] INFO:openflow.of_01:[00-00-00-00-00-03 5] connected[1;m

[1;33m[c1] ERROR:core:Exception while handling OpenFlowNexus!ConnectionUp...[1;m

[1;33m[c1] Traceback (most recent call last):[1;m

[1;33m[c1]   File "/home/mininet/pox/pox/lib/revent/revent.py", line 234, in raiseEventNoErrors[1;m

[1;33m[c1]     return self.raiseEvent(event, *args, **kw)[1;m

[1;33m[c1]   File "/home/mininet/pox/pox/lib/revent/revent.py", line 281, in raiseEvent[1;m

[1;33m[c1]     rv = event._invoke(handler, *args, **kw)[1;m

[1;33m[c1]   File "/home/mininet/pox/pox/lib/revent/revent.py", line 159, in _invoke[1;m

[1;33m[c1]     return handler(self, *args, **kw)[1;m

[1;33m[c1]   File "/home/mininet/pyretic/of_client/pox_client.py", line 512, in _handle_ConnectionUp[1;m

[1;33m[c1]     assert event.dpid not in self.switches[1;m

[1;33m[c1] AssertionError[1;m

[1;33m[c1] INFO:openflow.of_01:[00-00-00-00-00-04 4] connected[1;m

[1;41m[1;33m[c1] DEBUG:pyretic.core.runtime.DEBUG_TOPO_DISCOVERY: handle_switch_joins[1;m

[1;41m[1;33m[c1] INFO:pyretic.core.runtime.ConcreteNetwork: OpenFlow switch 4 connected[1;m

[1;41m[1;33m[c1] DEBUG:pyretic.core.runtime.DEBUG_TOPO_DISCOVERY: -----------------------------------------------------------[1;m

[1;41m[1;33m[c1] switch  |     switch edges               |  egress ports  |[1;m

[1;41m[1;33m[c1] -----------------------------------------------------------[1;m

[1;41m[1;33m[c1] 1       |  1[2] --- 2[2], 1[1] --- 3[2]  |  1[3]---       |[1;m

[1;41m[1;33m[c1] 2       |  1[2] --- 2[2], 2[1] --- 3[1]  |  2[3]---       |[1;m

[1;41m[1;33m[c1] 3       |  1[1] --- 3[2], 2[1] --- 3[1]  |  3[3]---       |[1;m

[1;41m[1;33m[c1] 4       |                                |                |[1;m

[1;41m[1;33m[c1] -----------------------------------------------------------[1;m

[1;35m[1;41m00:06.298 00:03.101 Event timed out ControlMessageReceive:i125 c c1 -> s 2 [ofp_flow_mod: hard_timeout=0, out_port=65535, priority=32768, idle_timeout=0, command=delete, actions=(), flags=0, match=x^L,in_port:None][1;m
[1;35m[1;41m00:06.902 00:03.103 Event timed out ControlMessageReceive:i126 c c1 -> s 1 [ofp_flow_mod: hard_timeout=0, out_port=65535, priority=59996, idle_timeout=0, command=add, actions=(u'output(65528)', u'output(2)', u'output(3)'), flags=0, match=dl_vlan:65535,dl_vlan_pcp:0,in_port:1][1;m
[1;35m[1;41m00:07.505 00:03.104 Event timed out ControlMessageReceive:i127 c c1 -> s 3 [ofp_flow_mod: hard_timeout=0, out_port=65535, priority=60000, idle_timeout=0, command=add, actions=(u'output(65533)',), flags=0, match=dl_vlan:65535,dl_vlan_pcp:0,dl_type:35020,in_port:None][1;m
[1;35m[1;41m00:08.110 00:03.105 Event timed out ControlMessageReceive:i128 c c1 -> s 1 [ofp_flow_mod: hard_timeout=0, out_port=65535, priority=60000, idle_timeout=0, command=add, actions=(u'output(65533)',), flags=0, match=dl_vlan:65535,dl_vlan_pcp:0,dl_type:35020,in_port:None][1;m
[1;35m[1;41m00:08.716 00:03.106 Event timed out ControlMessageReceive:i129 c c1 -> s 1 [ofp_barrier_request: ][1;m
[1;35m[1;41m00:09.321 00:03.106 Event timed out ControlMessageReceive:i130 c c1 -> s 2 [ofp_flow_mod: hard_timeout=0, out_port=65535, priority=59999, idle_timeout=0, command=add, actions=(u'output(2)', u'output(3)'), flags=0, match=dl_vlan:65535,dl_vlan_pcp:0,in_port:1][1;m
[1;35m[1;41m00:09.926 00:03.108 Event timed out ControlMessageReceive:i131 c c1 -> s 3 [ofp_flow_mod: hard_timeout=0, out_port=65535, priority=32768, idle_timeout=0, command=delete, actions=(), flags=0, match=x^L,in_port:None][1;m
[1;35m[1;41m00:10.532 00:03.109 Event timed out ControlMessageReceive:i132 c c1 -> s 2 [ofp_flow_mod: hard_timeout=0, out_port=65535, priority=59998, idle_timeout=0, command=add, actions=(u'output(1)', u'output(3)'), flags=0, match=dl_vlan:65535,dl_vlan_pcp:0,in_port:2][1;m
[1;35m[1;41m00:11.135 00:03.110 Event timed out ControlMessageReceive:i133 c c1 -> s 1 [ofp_flow_mod: hard_timeout=0, out_port=65535, priority=59999, idle_timeout=0, command=add, actions=(u'output(2)', u'output(3)'), flags=0, match=dl_vlan:65535,dl_vlan_pcp:0,in_port:1][1;m
[1;35m[1;41m00:11.753 00:03.111 Event timed out ControlMessageReceive:i134 c c1 -> s 3 [ofp_barrier_request: ][1;m
[1;35m[1;41m00:12.464 00:03.112 Event timed out ControlMessageReceive:i135 c c1 -> s 1 [ofp_flow_mod: hard_timeout=0, out_port=65535, priority=32768, idle_timeout=0, command=delete, actions=(), flags=0, match=x^L,in_port:None][1;m
[1;35m[1;41m00:13.087 00:03.113 Event timed out ControlMessageReceive:i136 c c1 -> s 2 [ofp_flow_mod: hard_timeout=0, out_port=65535, priority=0, idle_timeout=0, command=add, actions=(u'output(65533)',), flags=0, match=x^L,in_port:None][1;m
[1;35m[1;41m00:13.708 00:03.113 Event timed out ControlMessageReceive:i137 c c1 -> s 2 [ofp_flow_mod: hard_timeout=0, out_port=65535, priority=59995, idle_timeout=0, command=add, actions=(u'output(1)', u'output(65528)', u'output(3)'), flags=0, match=dl_vlan:65535,dl_vlan_pcp:0,in_port:2][1;m
[1;35m[1;41m00:14.324 00:03.114 Event timed out ControlMessageReceive:i138 c c1 -> s 2 [ofp_flow_mod: hard_timeout=0, out_port=65535, priority=59994, idle_timeout=0, command=add, actions=(u'output(1)', u'output(2)', u'output(65528)'), flags=0, match=dl_vlan:65535,dl_vlan_pcp:0,in_port:3][1;m
[1;35m[1;41m00:14.931 00:03.115 Event timed out ControlMessageReceive:i139 c c1 -> s 2 [ofp_flow_mod: hard_timeout=0, out_port=65535, priority=60000, idle_timeout=0, command=add, actions=(u'output(65533)',), flags=0, match=dl_vlan:65535,dl_vlan_pcp:0,dl_type:35020,in_port:None][1;m
[1;35m[1;41m00:15.579 00:03.115 Event timed out ControlMessageReceive:i140 c c1 -> s 1 [ofp_flow_mod: hard_timeout=0, out_port=65535, priority=59994, idle_timeout=0, command=add, actions=(u'output(1)', u'output(2)', u'output(65528)'), flags=0, match=dl_vlan:65535,dl_vlan_pcp:0,in_port:3][1;m
[1;35m[1;41m00:16.227 00:03.116 Event timed out ControlMessageReceive:i141 c c1 -> s 2 [ofp_barrier_request: ][1;m
[1;35m[1;41m00:16.833 00:03.116 Event timed out ControlMessageReceive:i142 c c1 -> s 1 [ofp_flow_mod: hard_timeout=0, out_port=65535, priority=59995, idle_timeout=0, command=add, actions=(u'output(1)', u'output(65528)', u'output(3)'), flags=0, match=dl_vlan:65535,dl_vlan_pcp:0,in_port:2][1;m
[1;35m[1;41m00:17.437 00:03.116 Event timed out ControlMessageReceive:i143 c c1 -> s 2 [ofp_flow_mod: hard_timeout=0, out_port=65535, priority=59993, idle_timeout=0, command=add, actions=(u'output(1)', u'output(2)', u'output(3)'), flags=0, match=dl_vlan:65535,dl_vlan_pcp:0,in_port:None][1;m
[1;35m[1;41m00:18.041 00:03.117 Event timed out ControlMessageReceive:i144 c c1 -> s 3 [ofp_flow_mod: hard_timeout=0, out_port=65535, priority=0, idle_timeout=0, command=add, actions=(u'output(65533)',), flags=0, match=x^L,in_port:None][1;m
[1;35m[1;41m00:18.645 00:03.118 Event timed out ControlMessageReceive:i145 c c1 -> s 2 [ofp_flow_mod: hard_timeout=0, out_port=65535, priority=59996, idle_timeout=0, command=add, actions=(u'output(65528)', u'output(2)', u'output(3)'), flags=0, match=dl_vlan:65535,dl_vlan_pcp:0,in_port:1][1;m
[1;35m[1;41m00:19.249 00:03.118 Event timed out ControlMessageReceive:i146 c c1 -> s 1 [ofp_flow_mod: hard_timeout=0, out_port=65535, priority=59993, idle_timeout=0, command=add, actions=(u'output(1)', u'output(2)', u'output(3)'), flags=0, match=dl_vlan:65535,dl_vlan_pcp:0,in_port:None][1;m
[1;35m[1;41m00:19.855 00:03.119 Event timed out ControlMessageReceive:i147 c c1 -> s 2 [ofp_flow_mod: hard_timeout=0, out_port=65535, priority=59997, idle_timeout=0, command=add, actions=(u'output(1)', u'output(2)'), flags=0, match=dl_vlan:65535,dl_vlan_pcp:0,in_port:3][1;m
[1;35m[1;41m00:20.457 00:03.119 Event timed out ControlMessageSend:i148 c 3 -> s c1 [ofp_barrier_reply: ][1;m
[1;35m[1;41m00:21.059 00:03.120 Event timed out ControlMessageSend:i149 c 2 -> s c1 [ofp_barrier_reply: ][1;m
[1;35m[1;41m00:21.662 00:03.120 Event timed out ControlMessageSend:i150 c 1 -> s c1 [ofp_barrier_reply: ][1;m
[1;35m[1;41m00:22.472 00:03.228 Event timed out ControlMessageReceive:i152 c c1 -> s 3 [ofp_flow_mod: hard_timeout=0, out_port=65535, priority=59994, idle_timeout=0, command=add, actions=(u'output(1)', u'output(2)', u'output(65528)'), flags=0, match=dl_vlan:65535,dl_vlan_pcp:0,in_port:3][1;m
[1;36m[1;36mRound 20[1;37m[1;m
[1;35m[1;41m00:23.075 00:03.229 Event timed out ControlMessageReceive:i153 c c1 -> s 3 [ofp_flow_mod: hard_timeout=0, out_port=65535, priority=59995, idle_timeout=0, command=add, actions=(u'output(1)', u'output(65528)', u'output(3)'), flags=0, match=dl_vlan:65535,dl_vlan_pcp:0,in_port:2][1;m
[1;35m[1;41m00:23.682 00:03.230 Event timed out ControlMessageReceive:i154 c c1 -> s 1 [ofp_flow_mod: hard_timeout=0, out_port=65535, priority=59992, idle_timeout=0, command=add, actions=(), flags=0, match=dl_vlan:65535,dl_vlan_pcp:0,in_port:None][1;m
[1;35m[1;41m00:24.290 00:03.230 Event timed out ControlMessageReceive:i155 c c1 -> s 3 [ofp_flow_mod: hard_timeout=0, out_port=65535, priority=59996, idle_timeout=0, command=add, actions=(u'output(65528)', u'output(2)', u'output(3)'), flags=0, match=dl_vlan:65535,dl_vlan_pcp:0,in_port:1][1;m
[1;35m[1;41m00:24.916 00:03.231 Event timed out ControlMessageReceive:i156 c c1 -> s 3 [ofp_flow_mod: hard_timeout=0, out_port=65535, priority=59992, idle_timeout=0, command=add, actions=(), flags=0, match=dl_vlan:65535,dl_vlan_pcp:0,in_port:None][1;m
[1;35m[1;41m00:25.556 00:03.231 Event timed out ControlMessageReceive:i157 c c1 -> s 3 [ofp_flow_mod: hard_timeout=0, out_port=65535, priority=59998, idle_timeout=0, command=add, actions=(u'output(1)', u'output(3)'), flags=0, match=dl_vlan:65535,dl_vlan_pcp:0,in_port:2][1;m
[1;35m[1;41m00:26.159 00:03.232 Event timed out ControlMessageReceive:i158 c c1 -> s 3 [ofp_flow_mod: hard_timeout=0, out_port=65535, priority=59997, idle_timeout=0, command=add, actions=(u'output(1)', u'output(2)'), flags=0, match=dl_vlan:65535,dl_vlan_pcp:0,in_port:3][1;m
[1;35m[1;41m00:26.785 00:03.233 Event timed out ControlMessageReceive:i159 c c1 -> s 1 [ofp_barrier_request: ][1;m
[1;35m[1;41m00:27.514 00:03.233 Event timed out ControlMessageReceive:i160 c c1 -> s 3 [ofp_flow_mod: hard_timeout=0, out_port=65535, priority=59999, idle_timeout=0, command=add, actions=(u'output(2)', u'output(3)'), flags=0, match=dl_vlan:65535,dl_vlan_pcp:0,in_port:1][1;m
[1;35m[1;41m00:28.127 00:03.234 Event timed out ControlMessageReceive:i161 c c1 -> s 3 [ofp_barrier_request: ][1;m
[1;35m[1;41m00:28.742 00:03.234 Event timed out ControlMessageReceive:i162 c c1 -> s 2 [ofp_barrier_request: ][1;m
[1;35m[1;41m00:29.352 00:03.234 Event timed out ControlMessageReceive:i163 c c1 -> s 3 [ofp_flow_mod: hard_timeout=0, out_port=65535, priority=59993, idle_timeout=0, command=add, actions=(u'output(1)', u'output(2)', u'output(3)'), flags=0, match=dl_vlan:65535,dl_vlan_pcp:0,in_port:None][1;m
[1;35m[1;41m00:29.956 00:03.235 Event timed out ControlMessageSend:i164 c 3 -> s c1 [ofp_barrier_reply: ][1;m
[1;35m[1;41m00:30.595 00:03.235 Event timed out ControlMessageSend:i165 c 2 -> s c1 [ofp_barrier_reply: ][1;m
[1;35m[1;41m00:31.202 00:03.236 Event timed out ControlMessageSend:i166 c 1 -> s c1 [ofp_barrier_reply: ][1;m
[1;42m[1;37mNo correctness violations![1;m
[1;36m[1;44mEvent Stats: Events matched: 102, timed out: 47
Matches per event type:
  ConnectToControllers 1
  CheckInvariants 3
  DataplanePermit 9
  ControlMessageSend 24
  ControlMessageReceive 65
Timeouts per event type:
  ControlMessageSend 7
  ControlMessageReceive 40
[1;m
[1;36m[1;44mDataplaneDrop Stats: Expected drops (0), Actual drops (0)
Missed Drops (expected if TrafficInjections pruned):[1;m
[1;36mKilling controller c1 (pid 6630)[1;m
Terminating child controllers...close() called on stdout during concurrent operation
close() called on stderr during concurrent operation
 OK
