No DataplaneDrops to replay. We suggest you set Replayer's default_dp_permit=True 
[1;36mStarting POX controller c1[1;m
[1;33m[c1] POX 0.0.0 / Copyright 2011 James McCauley[1;m

[1;41m[1;33m[c1] DEBUG:core:POX 0.0.0 going up...[1;m

[1;41m[1;33m[c1] DEBUG:core:Running on CPython (2.7.3/Sep 26 2013 20:03:06)[1;m

[1;41m[1;33m[c1] INFO:core:POX 0.0.0 is up.[1;m

[1;41m[1;33m[c1] DEBUG:openflow.of_01:Listening for connections on ('127.0.0.1', 6633)[1;m

connect_socket_with_backoff ('127.0.0.1', 6633)
connect_socket_with_backoff ('127.0.0.1', 6633)
connect_socket_with_backoff ('127.0.0.1', 6633)
[1;36m[1;44m00:00.501 00:00.000 Successfully matched event ConnectToControllers:e1[1;m
[1;36m[1;44m00:00.503 00:00.002 Successfully matched event ControlMessageReceive:i2 c c1 -> s 1 [ofp_hello: ][1;m
[1;36m[1;36mRound -1[1;37m[1;m
[1;36m[1;44m00:00.503 00:00.003 Successfully matched event ControlMessageSend:i3 c 1 -> s c1 [ofp_hello: ][1;m
[1;36m[1;44m00:00.503 00:00.007 Successfully matched event ControlMessageReceive:i4 c c1 -> s 2 [ofp_hello: ][1;m
[1;36m[1;44m00:00.504 00:00.007 Successfully matched event ControlMessageSend:i5 c 2 -> s c1 [ofp_hello: ][1;m
[1;36m[1;44m00:00.504 00:00.007 Successfully matched event ControlMessageReceive:i6 c c1 -> s 3 [ofp_hello: ][1;m
[1;36m[1;44m00:00.504 00:00.008 Successfully matched event ControlMessageSend:i7 c 3 -> s c1 [ofp_hello: ][1;m
[1;36m[1;44m00:00.505 00:00.008 Successfully matched event ControlMessageReceive:i8 c c1 -> s 1 [ofp_features_request: ][1;m
[1;36m[1;44m00:00.506 00:00.009 Successfully matched event ControlMessageSend:i9 c 1 -> s c1 [ofp_features_reply: datapath_id=1][1;m
[1;36m[1;44m00:00.507 00:00.010 Successfully matched event ControlMessageReceive:i10 c c1 -> s 2 [ofp_features_request: ][1;m
[1;36m[1;44m00:00.507 00:00.010 Successfully matched event ControlMessageSend:i11 c 2 -> s c1 [ofp_features_reply: datapath_id=2][1;m
[1;36m[1;44m00:00.507 00:00.011 Successfully matched event ControlMessageReceive:i12 c c1 -> s 3 [ofp_features_request: ][1;m
[1;36m[1;44m00:00.508 00:00.012 Successfully matched event ControlMessageSend:i13 c 3 -> s c1 [ofp_features_reply: datapath_id=3][1;m
[1;36m[1;44m00:00.508 00:00.013 Successfully matched event ControlMessageReceive:i14 c c1 -> s 1 [ofp_set_config: ][1;m
[1;36m[1;44m00:00.509 00:00.014 Successfully matched event ControlMessageReceive:i15 c c1 -> s 3 [ofp_set_config: ][1;m
[1;36m[1;44m00:00.509 00:00.015 Successfully matched event ControlMessageReceive:i16 c c1 -> s 2 [ofp_set_config: ][1;m
[1;36m[1;44m00:00.548 00:00.052 Successfully matched event ControlMessageReceive:i17 c c1 -> s 1 [ofp_flow_mod: hard_timeout=0, out_port=65535, priority=32768, idle_timeout=0, command=delete, actions=(), flags=0, match=x^L,in_port:None][1;m
[1;36m[1;44m00:00.550 00:00.053 Successfully matched event ControlMessageReceive:i18 c c1 -> s 1 [ofp_barrier_request: ][1;m
[1;36m[1;44m00:00.550 00:00.054 Successfully matched event ControlMessageSend:i19 c 1 -> s c1 [ofp_barrier_reply: ][1;m
[1;36m[1;44m00:00.551 00:00.055 Successfully matched event ControlMessageReceive:i20 c c1 -> s 2 [ofp_flow_mod: hard_timeout=0, out_port=65535, priority=32768, idle_timeout=0, command=delete, actions=(), flags=0, match=x^L,in_port:None][1;m
[1;36m[1;44m00:00.553 00:00.056 Successfully matched event ControlMessageReceive:i21 c c1 -> s 2 [ofp_barrier_request: ][1;m
[1;36m[1;44m00:00.553 00:00.056 Successfully matched event ControlMessageSend:i22 c 2 -> s c1 [ofp_barrier_reply: ][1;m
[1;36m[1;44m00:00.554 00:00.057 Successfully matched event ControlMessageReceive:i23 c c1 -> s 3 [ofp_flow_mod: hard_timeout=0, out_port=65535, priority=32768, idle_timeout=0, command=delete, actions=(), flags=0, match=x^L,in_port:None][1;m
[1;36m[1;44m00:00.555 00:00.058 Successfully matched event ControlMessageReceive:i24 c c1 -> s 3 [ofp_barrier_request: ][1;m
[1;36m[1;44m00:00.556 00:00.059 Successfully matched event ControlMessageSend:i25 c 3 -> s c1 [ofp_barrier_reply: ][1;m
[1;41m[1;33m[c1] INFO:openflow.of_01:of_01 [Con 1/1] Connected to 00-00-00-00-00-01[1;m

[1;41m[1;33m[c1] DEBUG:forwarding.l2_multi_syn_mem_corruption:Connect [Con 1/1][1;m

[1;41m[1;33m[c1] DEBUG:openflow.discovery:Installing flow for 00-00-00-00-00-01[1;m

[1;36m[1;44m00:00.560 00:00.062 Successfully matched event ControlMessageReceive:i26 c c1 -> s 1 [ofp_flow_mod: hard_timeout=0, out_port=65535, priority=32768, idle_timeout=0, command=add, actions=(u'output(65533)',), flags=0, match=dl_dst:01:23:20:00:00:01,dl_type:35020,in_port:None][1;m 
[1;41m[1;33m[c1] INFO:openflow.of_01:of_01 [Con 2/2] Connected to 00-00-00-00-00-02[1;m
[1;36m[1;44m00:00.564 00:00.064 Successfully matched event ControlMessageReceive:i27 c c1 -> s 3 [ofp_flow_mod: hard_timeout=0, out_port=65535, priority=32768, idle_timeout=0, command=add, actions=(u'output(65533)',), flags=0, match=dl_dst:01:23:20:00:00:01,dl_type:35020,in_port:None][1;m

[1;36m[1;44m00:00.566 00:00.067 Successfully matched event ControlMessageReceive:i28 c c1 -> s 2 [ofp_flow_mod: hard_timeout=0, out_port=65535, priority=32768, idle_timeout=0, command=add, actions=(u'output(65533)',), flags=0, match=dl_dst:01:23:20:00:00:01,dl_type:35020,in_port:None][1;m[1;41m[1;33m[c1] DEBUG:forwarding.l2_multi_syn_mem_corruption:Connect [Con 2/2][1;m


[1;41m[1;33m[c1] DEBUG:openflow.discovery:Installing flow for 00-00-00-00-00-02[1;m

[1;41m[1;33m[c1] INFO:openflow.of_01:of_01 [Con 3/3] Connected to 00-00-00-00-00-03[1;m

[1;41m[1;33m[c1] DEBUG:forwarding.l2_multi_syn_mem_corruption:Connect [Con 3/3][1;m

[1;41m[1;33m[c1] DEBUG:openflow.discovery:Installing flow for 00-00-00-00-00-03[1;m

[1;36m[1;44m00:01.120 00:00.622 Successfully matched event ControlMessageReceive:i29 c c1 -> s 1 [ofp_packet_out: actions=(u'output(1)',), data={u'class': u'lldp'}, in_port=65535][1;m
[1;36m[1;44m00:01.675 00:01.178 Successfully matched event ControlMessageReceive:i30 c c1 -> s 1 [ofp_packet_out: actions=(u'output(2)',), data={u'class': u'lldp'}, in_port=65535][1;m
[1;36m[1;44m00:02.231 00:01.734 Successfully matched event ControlMessageReceive:i31 c c1 -> s 1 [ofp_packet_out: actions=(u'output(3)',), data={u'class': u'lldp'}, in_port=65535][1;m
[1;35m[1;41m00:03.899 00:02.290 Event timed out ControlMessageReceive:i32 c c1 -> s 3 [ofp_packet_out: actions=(u'output(1)',), data={u'class': u'lldp'}, in_port=65535][1;m
[1;36m[1;44m00:05.011 00:02.846 Successfully matched event ControlMessageReceive:i33 c c1 -> s 3 [ofp_packet_out: actions=(u'output(2)',), data={u'class': u'lldp'}, in_port=65535][1;m
[1;36m[1;44m00:05.568 00:03.402 Successfully matched event ControlMessageReceive:i34 c c1 -> s 3 [ofp_packet_out: actions=(u'output(3)',), data={u'class': u'lldp'}, in_port=65535][1;m
[1;36m[1;44m00:05.569 00:03.959 Successfully matched event ControlMessageReceive:i35 c c1 -> s 2 [ofp_packet_out: actions=(u'output(1)',), data={u'class': u'lldp'}, in_port=65535][1;m
[1;36mForwarding dataplane event[1;m
[1;36m[1;44m00:05.571 00:04.267 Successfully matched event DataplanePermit:i36[1;m
[1;36m[1;36mRound 1[1;37m[1;m
[1;36m[1;44m00:05.572 00:04.269 Successfully matched event ControlMessageSend:i37 c 3 -> s c1 [ofp_packet_in: data={u'class': u'lldp'}, in_port=2][1;m
[1;36m[1;36mRound -1[1;37m[1;m
[1;41m[1;33m[c1] INFO:openflow.discovery:link detected: 00-00-00-00-00-01.1 -> 00-00-00-00-00-03.2[1;m

[1;36m[1;44m00:05.575 00:04.272 Successfully matched event ControlMessageReceive:i38 c c1 -> s 1 [ofp_flow_mod: hard_timeout=0, out_port=65535, priority=32768, idle_timeout=0, command=delete, actions=(), flags=0, match=x^L,in_port:None][1;m
[1;36m[1;44m00:05.577 00:04.273 Successfully matched event ControlMessageReceive:i39 c c1 -> s 2 [ofp_flow_mod: hard_timeout=0, out_port=65535, priority=32768, idle_timeout=0, command=delete, actions=(), flags=0, match=x^L,in_port:None][1;m
[1;36m[1;44m00:05.579 00:04.275 Successfully matched event ControlMessageReceive:i40 c c1 -> s 3 [ofp_flow_mod: hard_timeout=0, out_port=65535, priority=32768, idle_timeout=0, command=delete, actions=(), flags=0, match=x^L,in_port:None][1;m
[1;36m[1;44m00:05.614 00:04.276 Successfully matched event ControlMessageReceive:i41 c c1 -> s 3 [ofp_packet_out: actions=(), data=(), in_port=2][1;m
[1;36m[1;44m00:05.615 00:04.515 Successfully matched event ControlMessageReceive:i42 c c1 -> s 2 [ofp_packet_out: actions=(u'output(2)',), data={u'class': u'lldp'}, in_port=65535][1;m
[1;36mForwarding dataplane event[1;m
[1;36m[1;44m00:05.616 00:04.590 Successfully matched event DataplanePermit:i43[1;m
[1;36m[1;36mRound 2[1;37m[1;m
[1;36m[1;44m00:05.617 00:04.591 Successfully matched event ControlMessageSend:i44 c 1 -> s c1 [ofp_packet_in: data={u'class': u'lldp'}, in_port=2][1;m
[1;36m[1;36mRound -1[1;37m[1;m
[1;41m[1;33m[c1] INFO:openflow.discovery:link detected: 00-00-00-00-00-02.2 -> 00-00-00-00-00-01.2[1;m

[1;36m[1;44m00:05.620 00:04.593 Successfully matched event ControlMessageReceive:i45 c c1 -> s 1 [ofp_flow_mod: hard_timeout=0, out_port=65535, priority=32768, idle_timeout=0, command=delete, actions=(), flags=0, match=x^L,in_port:None][1;m
[1;36m[1;44m00:05.622 00:04.594 Successfully matched event ControlMessageReceive:i46 c c1 -> s 1 [ofp_packet_out: actions=(), data=(), in_port=2][1;m
[1;36m[1;44m00:05.623 00:04.596 Successfully matched event ControlMessageReceive:i47 c c1 -> s 2 [ofp_flow_mod: hard_timeout=0, out_port=65535, priority=32768, idle_timeout=0, command=delete, actions=(), flags=0, match=x^L,in_port:None][1;m
[1;36m[1;44m00:05.624 00:04.597 Successfully matched event ControlMessageReceive:i48 c c1 -> s 3 [ofp_flow_mod: hard_timeout=0, out_port=65535, priority=32768, idle_timeout=0, command=delete, actions=(), flags=0, match=x^L,in_port:None][1;m
[1;36mForwarding dataplane event[1;m
[1;36m[1;44m00:05.626 00:04.782 Successfully matched event DataplanePermit:i49[1;m
[1;36m[1;36mRound 3[1;37m[1;m
[1;36mForwarding dataplane event[1;m
[1;36m[1;44m00:05.627 00:04.964 Successfully matched event DataplanePermit:i50[1;m
[1;36m[1;36mRound 4[1;37m[1;m
[1;36m[1;44m00:05.627 00:04.965 Successfully matched event ControlMessageSend:i51 c 2 -> s c1 [ofp_packet_in: data={u'class': u'lldp'}, in_port=2][1;m
[1;36m[1;36mRound -1[1;37m[1;m
[1;41m[1;33m[c1] INFO:openflow.discovery:link detected: 00-00-00-00-00-01.2 -> 00-00-00-00-00-02.2[1;m

[1;36m[1;44m00:05.629 00:04.968 Successfully matched event ControlMessageReceive:i52 c c1 -> s 1 [ofp_flow_mod: hard_timeout=0, out_port=65535, priority=32768, idle_timeout=0, command=delete, actions=(), flags=0, match=x^L,in_port:None][1;m
[1;36m[1;44m00:05.632 00:04.970 Successfully matched event ControlMessageReceive:i53 c c1 -> s 2 [ofp_flow_mod: hard_timeout=0, out_port=65535, priority=32768, idle_timeout=0, command=delete, actions=(), flags=0, match=x^L,in_port:None][1;m
[1;36m[1;44m00:05.666 00:04.971 Successfully matched event ControlMessageReceive:i54 c c1 -> s 2 [ofp_packet_out: actions=(), data=(), in_port=2][1;m
[1;36m[1;44m00:05.666 00:04.972 Successfully matched event ControlMessageReceive:i55 c c1 -> s 3 [ofp_flow_mod: hard_timeout=0, out_port=65535, priority=32768, idle_timeout=0, command=delete, actions=(), flags=0, match=x^L,in_port:None][1;m
[1;36m[1;44m00:05.667 00:05.070 Successfully matched event ControlMessageReceive:i56 c c1 -> s 2 [ofp_packet_out: actions=(u'output(3)',), data={u'class': u'lldp'}, in_port=65535][1;m
[1;36mForwarding dataplane event[1;m
[1;36m[1;44m00:05.668 00:05.126 Successfully matched event DataplanePermit:i57[1;m
[1;36m[1;36mRound 5[1;37m[1;m
[1;35m[1;41m00:06.879 00:05.286 Event timed out DataplanePermit:i58[1;m
[1;36m[1;36mRound 6[1;37m[1;m
[1;35m[1;41m00:07.992 00:05.286 Event timed out ControlMessageSend:i59 c 2 -> s c1 [ofp_packet_in: data={u'class': u'lldp'}, in_port=1][1;m
[1;36m[1;36mRound -1[1;37m[1;m
[1;35m[1;41m00:09.105 00:05.289 Event timed out ControlMessageReceive:i60 c c1 -> s 1 [ofp_flow_mod: hard_timeout=0, out_port=65535, priority=32768, idle_timeout=0, command=delete, actions=(), flags=0, match=x^L,in_port:None][1;m
[1;35m[1;41m00:10.217 00:05.290 Event timed out ControlMessageReceive:i61 c c1 -> s 2 [ofp_flow_mod: hard_timeout=0, out_port=65535, priority=32768, idle_timeout=0, command=delete, actions=(), flags=0, match=x^L,in_port:None][1;m
[1;35m[1;41m00:11.330 00:05.292 Event timed out ControlMessageReceive:i62 c c1 -> s 2 [ofp_packet_out: actions=(), data=(), in_port=1][1;m
[1;35m[1;41m00:12.442 00:05.293 Event timed out ControlMessageReceive:i63 c c1 -> s 3 [ofp_flow_mod: hard_timeout=0, out_port=65535, priority=32768, idle_timeout=0, command=delete, actions=(), flags=0, match=x^L,in_port:None][1;m
[1;36mForwarding dataplane event[1;m
[1;36m[1;44m00:12.445 00:05.454 Successfully matched event DataplanePermit:i64[1;m
[1;36m[1;36mRound 7[1;37m[1;m
[1;36m[1;44m00:12.445 00:05.455 Successfully matched event ControlMessageSend:i65 c 1 -> s c1 [ofp_packet_in: data={u'class': u'lldp'}, in_port=1][1;m
[1;36m[1;36mRound -1[1;37m[1;m
[1;41m[1;33m[c1] INFO:openflow.discovery:link detected: 00-00-00-00-00-03.2 -> 00-00-00-00-00-01.1[1;m

[1;36m[1;44m00:12.448 00:05.457 Successfully matched event ControlMessageReceive:i66 c c1 -> s 1 [ofp_flow_mod: hard_timeout=0, out_port=65535, priority=32768, idle_timeout=0, command=delete, actions=(), flags=0, match=x^L,in_port:None][1;m
[1;36m[1;44m00:12.451 00:05.458 Successfully matched event ControlMessageReceive:i67 c c1 -> s 1 [ofp_packet_out: actions=(), data=(), in_port=1][1;m
[1;36m[1;44m00:12.452 00:05.460 Successfully matched event ControlMessageReceive:i68 c c1 -> s 2 [ofp_flow_mod: hard_timeout=0, out_port=65535, priority=32768, idle_timeout=0, command=delete, actions=(), flags=0, match=x^L,in_port:None][1;m
[1;36m[1;44m00:12.453 00:05.461 Successfully matched event ControlMessageReceive:i69 c c1 -> s 3 [ofp_flow_mod: hard_timeout=0, out_port=65535, priority=32768, idle_timeout=0, command=delete, actions=(), flags=0, match=x^L,in_port:None][1;m
[1;36m[1;44m00:12.454 00:05.626 Successfully matched event ControlMessageReceive:i70 c c1 -> s 1 [ofp_packet_out: actions=(u'output(1)',), data={u'class': u'lldp'}, in_port=65535][1;m
[1;36mForwarding dataplane event[1;m
[1;36m[1;44m00:12.456 00:05.628 Successfully matched event DataplanePermit:i71[1;m
[1;36m[1;36mRound 8[1;37m[1;m
[1;36m[1;44m00:12.457 00:05.628 Successfully matched event ControlMessageSend:i72 c 3 -> s c1 [ofp_packet_in: data={u'class': u'lldp'}, in_port=2][1;m
[1;36m[1;36mRound -1[1;37m[1;m
[1;36m[1;44m00:12.458 00:05.630 Successfully matched event ControlMessageReceive:i73 c c1 -> s 3 [ofp_packet_out: actions=(), data=(), in_port=2][1;m
[1;36mForwarding dataplane event[1;m
[1;36m[1;44m00:12.460 00:05.798 Successfully matched event DataplanePermit:i74[1;m
[1;36m[1;36mRound 9[1;37m[1;m
[1;36mForwarding dataplane event[1;m
[1;36m[1;44m00:12.461 00:05.998 Successfully matched event DataplanePermit:i75[1;m
[1;36m[1;36mRound 10[1;37m[1;m
[1;36m[1;44m00:12.462 00:05.999 Successfully matched event ControlMessageSend:i76 c 3 -> s c1 [ofp_packet_in: data={u'class': u'lldp'}, in_port=1][1;m
[1;36m[1;36mRound -1[1;37m[1;m
[1;41m[1;33m[c1] INFO:openflow.discovery:link detected: 00-00-00-00-00-02.1 -> 00-00-00-00-00-03.1[1;m

[1;36m[1;44m00:12.464 00:06.001 Successfully matched event ControlMessageReceive:i77 c c1 -> s 1 [ofp_flow_mod: hard_timeout=0, out_port=65535, priority=32768, idle_timeout=0, command=delete, actions=(), flags=0, match=x^L,in_port:None][1;m
[1;36m[1;44m00:12.467 00:06.003 Successfully matched event ControlMessageReceive:i78 c c1 -> s 2 [ofp_flow_mod: hard_timeout=0, out_port=65535, priority=32768, idle_timeout=0, command=delete, actions=(), flags=0, match=x^L,in_port:None][1;m
[1;36m[1;44m00:12.468 00:06.005 Successfully matched event ControlMessageReceive:i79 c c1 -> s 3 [ofp_flow_mod: hard_timeout=0, out_port=65535, priority=32768, idle_timeout=0, command=delete, actions=(), flags=0, match=x^L,in_port:None][1;m
[1;36m[1;44m00:12.502 00:06.006 Successfully matched event ControlMessageReceive:i80 c c1 -> s 3 [ofp_packet_out: actions=(), data=(), in_port=1][1;m
[1;36m[1;44m00:12.503 00:06.182 Successfully matched event ControlMessageReceive:i81 c c1 -> s 1 [ofp_packet_out: actions=(u'output(2)',), data={u'class': u'lldp'}, in_port=65535][1;m
[1;36m[1;44m00:12.504 00:06.738 Successfully matched event ControlMessageReceive:i82 c c1 -> s 1 [ofp_packet_out: actions=(u'output(3)',), data={u'class': u'lldp'}, in_port=65535][1;m
[1;36mForwarding dataplane event[1;m
[1;36m[1;44m00:12.506 00:06.761 Successfully matched event DataplanePermit:i83[1;m
[1;36m[1;36mRound 11[1;37m[1;m
[1;36m[1;44m00:12.507 00:06.762 Successfully matched event ControlMessageSend:i84 c 2 -> s c1 [ofp_packet_in: data={u'class': u'lldp'}, in_port=2][1;m
[1;36m[1;36mRound -1[1;37m[1;m
[1;36m[1;44m00:12.509 00:06.764 Successfully matched event ControlMessageReceive:i85 c c1 -> s 2 [ofp_packet_out: actions=(), data=(), in_port=2][1;m
[1;36mForwarding dataplane event[1;m
[1;36m[1;44m00:12.510 00:06.934 Successfully matched event DataplanePermit:i86[1;m
[1;36m[1;36mRound 12[1;37m[1;m
[1;36m[1;44m00:12.511 00:07.295 Successfully matched event ControlMessageReceive:i87 c c1 -> s 3 [ofp_packet_out: actions=(u'output(1)',), data={u'class': u'lldp'}, in_port=65535][1;m
[1;36m[1;36mRound -1[1;37m[1;m
[1;36mForwarding dataplane event[1;m
[1;36m[1;44m00:12.512 00:07.545 Successfully matched event DataplanePermit:i88[1;m
[1;36m[1;36mRound 13[1;37m[1;m
[1;36m[1;44m00:12.513 00:07.546 Successfully matched event ControlMessageSend:i89 c 2 -> s c1 [ofp_packet_in: data={u'class': u'lldp'}, in_port=1][1;m
[1;36m[1;36mRound -1[1;37m[1;m
[1;41m[1;33m[c1] INFO:openflow.discovery:link detected: 00-00-00-00-00-03.1 -> 00-00-00-00-00-02.1[1;m

[1;36m[1;44m00:12.554 00:07.547 Successfully matched event ControlMessageReceive:i90 c c1 -> s 2 [ofp_packet_out: actions=(), data=(), in_port=1][1;m
[1;36m[1;44m00:12.555 00:07.851 Successfully matched event ControlMessageReceive:i91 c c1 -> s 3 [ofp_packet_out: actions=(u'output(2)',), data={u'class': u'lldp'}, in_port=65535][1;m
[1;36mForwarding dataplane event[1;m
[1;36m[1;44m00:12.556 00:07.882 Successfully matched event DataplanePermit:i92[1;m
[1;36m[1;36mRound 16[1;37m[1;m
[1;36m[1;44m00:12.557 00:07.883 Successfully matched event ControlMessageSend:i93 c 1 -> s c1 [ofp_packet_in: data={u'class': u'lldp'}, in_port=1][1;m
[1;36m[1;36mRound -1[1;37m[1;m
[1;36m[1;44m00:12.559 00:07.885 Successfully matched event ControlMessageReceive:i94 c c1 -> s 1 [ofp_packet_out: actions=(), data=(), in_port=1][1;m
[1;36m[1;44m00:12.560 00:08.407 Successfully matched event ControlMessageReceive:i95 c c1 -> s 3 [ofp_packet_out: actions=(u'output(3)',), data={u'class': u'lldp'}, in_port=65535][1;m
[1;36mForwarding dataplane event[1;m
[1;36m[1;44m00:12.561 00:08.629 Successfully matched event DataplanePermit:i96[1;m
[1;36m[1;36mRound 19[1;37m[1;m
[1;36m[1;44m00:12.562 00:08.963 Successfully matched event ControlMessageReceive:i97 c c1 -> s 2 [ofp_packet_out: actions=(u'output(1)',), data={u'class': u'lldp'}, in_port=65535][1;m
[1;36m[1;36mRound -1[1;37m[1;m
[1;36mForwarding dataplane event[1;m
[1;36m[1;44m00:12.564 00:08.965 Successfully matched event DataplanePermit:i98[1;m
[1;36m[1;36mRound 20[1;37m[1;m
[1;36m[1;44m00:12.564 00:08.966 Successfully matched event ControlMessageSend:i99 c 3 -> s c1 [ofp_packet_in: data={u'class': u'lldp'}, in_port=1][1;m
[1;36m[1;36mRound -1[1;37m[1;m
[1;36m[1;44m00:12.566 00:08.968 Successfully matched event ControlMessageReceive:i100 c c1 -> s 3 [ofp_packet_out: actions=(), data=(), in_port=1][1;m
[1;36m[1;44m00:12.568 00:09.519 Successfully matched event ControlMessageReceive:i101 c c1 -> s 2 [ofp_packet_out: actions=(u'output(2)',), data={u'class': u'lldp'}, in_port=65535][1;m
[1;36mForwarding dataplane event[1;m
[1;36m[1;44m00:12.569 00:09.596 Successfully matched event DataplanePermit:i102[1;m
[1;36m[1;36mRound 23[1;37m[1;m
[1;36m[1;44m00:12.570 00:09.597 Successfully matched event ControlMessageSend:i103 c 1 -> s c1 [ofp_packet_in: data={u'class': u'lldp'}, in_port=2][1;m
[1;36m[1;36mRound -1[1;37m[1;m
[1;36m[1;44m00:12.572 00:09.599 Successfully matched event ControlMessageReceive:i104 c c1 -> s 1 [ofp_packet_out: actions=(), data=(), in_port=2][1;m
[1;36m[1;44m00:12.573 00:10.075 Successfully matched event ControlMessageReceive:i105 c c1 -> s 2 [ofp_packet_out: actions=(u'output(3)',), data={u'class': u'lldp'}, in_port=65535][1;m
[1;36mForwarding dataplane event[1;m
[1;36m[1;44m00:12.574 00:10.118 Successfully matched event DataplanePermit:i106[1;m
[1;36m[1;36mRound 26[1;37m[1;m
[1;36m[1;44m00:12.575 00:10.632 Successfully matched event ControlMessageReceive:i107 c c1 -> s 1 [ofp_packet_out: actions=(u'output(1)',), data={u'class': u'lldp'}, in_port=65535][1;m
[1;36m[1;36mRound -1[1;37m[1;m
[1;36mForwarding dataplane event[1;m
[1;36m[1;44m00:12.576 00:10.700 Successfully matched event DataplanePermit:i108[1;m
[1;36m[1;36mRound 29[1;37m[1;m
[1;36m[1;44m00:12.577 00:10.700 Successfully matched event ControlMessageSend:i109 c 3 -> s c1 [ofp_packet_in: data={u'class': u'lldp'}, in_port=2][1;m
[1;36m[1;36mRound -1[1;37m[1;m
[1;36m[1;44m00:12.579 00:10.702 Successfully matched event ControlMessageReceive:i110 c c1 -> s 3 [ofp_packet_out: actions=(), data=(), in_port=2][1;m
[1;36m[1;44m00:12.580 00:11.188 Successfully matched event ControlMessageReceive:i111 c c1 -> s 1 [ofp_packet_out: actions=(u'output(2)',), data={u'class': u'lldp'}, in_port=65535][1;m
[1;36mForwarding dataplane event[1;m
[1;36m[1;44m00:12.582 00:11.190 Successfully matched event DataplanePermit:i112[1;m
[1;36m[1;36mRound 30[1;37m[1;m
[1;36m[1;44m00:12.582 00:11.191 Successfully matched event ControlMessageSend:i113 c 2 -> s c1 [ofp_packet_in: data={u'class': u'lldp'}, in_port=2][1;m
[1;36m[1;36mRound -1[1;37m[1;m
[1;36m[1;44m00:12.584 00:11.192 Successfully matched event ControlMessageReceive:i114 c c1 -> s 2 [ofp_packet_out: actions=(), data=(), in_port=2][1;m
[1;36m[1;44m00:12.586 00:11.744 Successfully matched event ControlMessageReceive:i115 c c1 -> s 1 [ofp_packet_out: actions=(u'output(3)',), data={u'class': u'lldp'}, in_port=65535][1;m
[1;36mForwarding dataplane event[1;m
[1;36m[1;44m00:12.587 00:11.859 Successfully matched event DataplanePermit:i116[1;m
[1;36m[1;36mRound 33[1;37m[1;m
[1;36m[1;44m00:12.588 00:12.300 Successfully matched event ControlMessageReceive:i117 c c1 -> s 3 [ofp_packet_out: actions=(u'output(1)',), data={u'class': u'lldp'}, in_port=65535][1;m
[1;36m[1;36mRound -1[1;37m[1;m
[1;36mForwarding dataplane event[1;m
[1;36m[1;44m00:12.589 00:12.316 Successfully matched event DataplanePermit:i118[1;m
[1;36m[1;36mRound 35[1;37m[1;m
[1;36m[1;44m00:12.590 00:12.317 Successfully matched event ControlMessageSend:i119 c 2 -> s c1 [ofp_packet_in: data={u'class': u'lldp'}, in_port=1][1;m
[1;36m[1;36mRound -1[1;37m[1;m
[1;36m[1;44m00:12.592 00:12.318 Successfully matched event ControlMessageReceive:i120 c c1 -> s 2 [ofp_packet_out: actions=(), data=(), in_port=1][1;m
[1;35m[1;41m00:14.311 00:12.857 Event timed out ControlMessageReceive:i121 c c1 -> s 3 [ofp_packet_out: actions=(u'output(2)',), data={u'class': u'lldp'}, in_port=65535][1;m
[1;35m[1;41m00:15.423 00:12.858 Event timed out DataplanePermit:i122[1;m
[1;36m[1;36mRound 38[1;37m[1;m
[1;35m[1;41m00:16.536 00:12.858 Event timed out ControlMessageSend:i123 c 1 -> s c1 [ofp_packet_in: data={u'class': u'lldp'}, in_port=1][1;m
[1;36m[1;36mRound -1[1;37m[1;m
[1;35m[1;41m00:17.648 00:12.860 Event timed out ControlMessageReceive:i124 c c1 -> s 1 [ofp_packet_out: actions=(), data=(), in_port=1][1;m
[1;36m[1;44m00:17.650 00:13.413 Successfully matched event ControlMessageReceive:i125 c c1 -> s 3 [ofp_packet_out: actions=(u'output(3)',), data={u'class': u'lldp'}, in_port=65535][1;m
[1;36mForwarding dataplane event[1;m
[1;36m[1;44m00:17.651 00:13.419 Successfully matched event DataplanePermit:i126[1;m
[1;36m[1;36mRound 41[1;37m[1;m
[1;36m[1;44m00:17.652 00:13.969 Successfully matched event ControlMessageReceive:i127 c c1 -> s 2 [ofp_packet_out: actions=(u'output(1)',), data={u'class': u'lldp'}, in_port=65535][1;m
[1;36m[1;36mRound -1[1;37m[1;m
[1;36mForwarding dataplane event[1;m
[1;36m[1;44m00:17.653 00:14.060 Successfully matched event DataplanePermit:i128[1;m
[1;36m[1;36mRound 44[1;37m[1;m
[1;36m[1;44m00:17.654 00:14.060 Successfully matched event ControlMessageSend:i129 c 3 -> s c1 [ofp_packet_in: data={u'class': u'lldp'}, in_port=1][1;m
[1;36m[1;36mRound -1[1;37m[1;m
[1;36m[1;44m00:17.656 00:14.062 Successfully matched event ControlMessageReceive:i130 c c1 -> s 3 [ofp_packet_out: actions=(), data=(), in_port=1][1;m
[1;36m[1;44m00:17.657 00:14.525 Successfully matched event ControlMessageReceive:i131 c c1 -> s 2 [ofp_packet_out: actions=(u'output(2)',), data={u'class': u'lldp'}, in_port=65535][1;m
[1;36mForwarding dataplane event[1;m
[1;36m[1;44m00:17.659 00:14.549 Successfully matched event DataplanePermit:i132[1;m
[1;36m[1;36mRound 46[1;37m[1;m
[1;36m[1;44m00:17.659 00:14.550 Successfully matched event ControlMessageSend:i133 c 1 -> s c1 [ofp_packet_in: data={u'class': u'lldp'}, in_port=2][1;m
[1;36m[1;36mRound -1[1;37m[1;m
[1;36m[1;44m00:17.661 00:14.551 Successfully matched event ControlMessageReceive:i134 c c1 -> s 1 [ofp_packet_out: actions=(), data=(), in_port=2][1;m
[1;36m[1;44m00:17.662 00:15.081 Successfully matched event ControlMessageReceive:i135 c c1 -> s 2 [ofp_packet_out: actions=(u'output(3)',), data={u'class': u'lldp'}, in_port=65535][1;m
[1;36mForwarding dataplane event[1;m
[1;36m[1;44m00:17.662 00:15.101 Successfully matched event DataplanePermit:i136[1;m
[1;36m[1;36mRound 49[1;37m[1;m
[1;36m[1;44m00:17.663 00:15.637 Successfully matched event ControlMessageReceive:i137 c c1 -> s 1 [ofp_packet_out: actions=(u'output(1)',), data={u'class': u'lldp'}, in_port=65535][1;m
[1;36m[1;36mRound -1[1;37m[1;m
[1;36mForwarding dataplane event[1;m
[1;36m[1;44m00:17.663 00:15.699 Successfully matched event DataplanePermit:i138[1;m
[1;36m[1;36mRound 52[1;37m[1;m
[1;36m[1;44m00:17.664 00:15.700 Successfully matched event ControlMessageSend:i139 c 3 -> s c1 [ofp_packet_in: data={u'class': u'lldp'}, in_port=2][1;m
[1;36m[1;36mRound -1[1;37m[1;m
[1;36m[1;44m00:17.665 00:15.701 Successfully matched event ControlMessageReceive:i140 c c1 -> s 3 [ofp_packet_out: actions=(), data=(), in_port=2][1;m
[1;36m[1;44m00:17.665 00:16.193 Successfully matched event ControlMessageReceive:i141 c c1 -> s 1 [ofp_packet_out: actions=(u'output(2)',), data={u'class': u'lldp'}, in_port=65535][1;m
[1;36mForwarding dataplane event[1;m
[1;36m[1;44m00:17.666 00:16.260 Successfully matched event DataplanePermit:i142[1;m
[1;36m[1;36mRound 54[1;37m[1;m
[1;36m[1;44m00:17.666 00:16.261 Successfully matched event ControlMessageSend:i143 c 2 -> s c1 [ofp_packet_in: data={u'class': u'lldp'}, in_port=2][1;m
[1;36m[1;36mRound -1[1;37m[1;m
[1;36m[1;44m00:17.668 00:16.263 Successfully matched event ControlMessageReceive:i144 c c1 -> s 2 [ofp_packet_out: actions=(), data=(), in_port=2][1;m
[1;36m[1;44m00:17.668 00:16.750 Successfully matched event ControlMessageReceive:i145 c c1 -> s 1 [ofp_packet_out: actions=(u'output(3)',), data={u'class': u'lldp'}, in_port=65535][1;m
[1;36m[1;44m00:17.669 00:17.306 Successfully matched event ControlMessageReceive:i146 c c1 -> s 3 [ofp_packet_out: actions=(u'output(1)',), data={u'class': u'lldp'}, in_port=65535][1;m
[1;36mForwarding dataplane event[1;m
[1;36m[1;44m00:17.669 00:17.480 Successfully matched event DataplanePermit:i147[1;m
[1;36m[1;36mRound 55[1;37m[1;m
[1;36m[1;44m00:17.670 00:17.862 Successfully matched event ControlMessageReceive:i148 c c1 -> s 3 [ofp_packet_out: actions=(u'output(2)',), data={u'class': u'lldp'}, in_port=65535][1;m
[1;36m[1;36mRound -1[1;37m[1;m
[1;36mForwarding dataplane event[1;m
[1;36m[1;44m00:17.670 00:17.912 Successfully matched event DataplanePermit:i149[1;m
[1;36m[1;36mRound 56[1;37m[1;m
[1;36m[1;44m00:17.671 00:17.913 Successfully matched event ControlMessageSend:i150 c 1 -> s c1 [ofp_packet_in: data={u'class': u'lldp'}, in_port=1][1;m
[1;36m[1;36mRound -1[1;37m[1;m
[1;36m[1;44m00:17.672 00:17.915 Successfully matched event ControlMessageReceive:i151 c c1 -> s 1 [ofp_packet_out: actions=(), data=(), in_port=1][1;m
[1;36mForwarding dataplane event[1;m
[1;36m[1;44m00:17.673 00:18.094 Successfully matched event DataplanePermit:i152[1;m
[1;36m[1;36mRound 57[1;37m[1;m
[1;36m[1;44m00:17.673 00:18.095 Successfully matched event ControlMessageSend:i153 c 2 -> s c1 [ofp_packet_in: data={u'class': u'lldp'}, in_port=1][1;m
[1;36m[1;36mRound -1[1;37m[1;m
[1;36m[1;44m00:17.674 00:18.097 Successfully matched event ControlMessageReceive:i154 c c1 -> s 2 [ofp_packet_out: actions=(), data=(), in_port=1][1;m
[1;35m[1;41m00:19.116 00:18.418 Event timed out ControlMessageReceive:i155 c c1 -> s 3 [ofp_packet_out: actions=(u'output(3)',), data={u'class': u'lldp'}, in_port=65535][1;m
[1;35m[1;41m00:20.229 00:18.431 Event timed out DataplanePermit:i156[1;m
[1;36m[1;36mRound 59[1;37m[1;m
[1;36m[1;44m00:20.230 00:18.974 Successfully matched event ControlMessageReceive:i157 c c1 -> s 2 [ofp_packet_out: actions=(u'output(1)',), data={u'class': u'lldp'}, in_port=65535][1;m
[1;36m[1;36mRound -1[1;37m[1;m
[1;36mForwarding dataplane event[1;m
[1;36m[1;44m00:20.231 00:19.353 Successfully matched event DataplanePermit:i158[1;m
[1;36m[1;36mRound 62[1;37m[1;m
[1;36m[1;44m00:20.231 00:19.354 Successfully matched event ControlMessageSend:i159 c 3 -> s c1 [ofp_packet_in: data={u'class': u'lldp'}, in_port=1][1;m
[1;36m[1;36mRound -1[1;37m[1;m
[1;36m[1;44m00:20.232 00:19.357 Successfully matched event ControlMessageReceive:i160 c c1 -> s 3 [ofp_packet_out: actions=(), data=(), in_port=1][1;m
[1;36m[1;44m00:20.233 00:19.530 Successfully matched event ControlMessageReceive:i161 c c1 -> s 2 [ofp_packet_out: actions=(u'output(2)',), data={u'class': u'lldp'}, in_port=65535][1;m
[1;36mForwarding dataplane event[1;m
[1;36m[1;44m00:20.233 00:19.533 Successfully matched event DataplanePermit:i162[1;m
[1;36m[1;36mRound 63[1;37m[1;m
[1;36m[1;44m00:20.234 00:19.533 Successfully matched event ControlMessageSend:i163 c 1 -> s c1 [ofp_packet_in: data={u'class': u'lldp'}, in_port=2][1;m
[1;36m[1;36mRound -1[1;37m[1;m
[1;36m[1;44m00:20.235 00:19.536 Successfully matched event ControlMessageReceive:i164 c c1 -> s 1 [ofp_packet_out: actions=(), data=(), in_port=2][1;m
[1;36m[1;44m00:20.235 00:20.086 Successfully matched event ControlMessageReceive:i165 c c1 -> s 2 [ofp_packet_out: actions=(u'output(3)',), data={u'class': u'lldp'}, in_port=65535][1;m
[1;36mForwarding dataplane event[1;m
[1;36m[1;44m00:20.236 00:20.112 Successfully matched event DataplanePermit:i166[1;m
[1;36m[1;36mRound 68[1;37m[1;m
[1;36m[1;44m00:21.141 00:20.643 Successfully matched event ControlMessageReceive:i167 c c1 -> s 1 [ofp_packet_out: actions=(u'output(1)',), data={u'class': u'lldp'}, in_port=65535][1;m
[1;36m[1;36mRound -1[1;37m[1;m
[1;36m[1;44m00:21.697 00:21.199 Successfully matched event ControlMessageReceive:i168 c c1 -> s 1 [ofp_packet_out: actions=(u'output(2)',), data={u'class': u'lldp'}, in_port=65535][1;m
[1;36m[1;44m00:22.253 00:21.755 Successfully matched event ControlMessageReceive:i169 c c1 -> s 1 [ofp_packet_out: actions=(u'output(3)',), data={u'class': u'lldp'}, in_port=65535][1;m
[1;36m[1;44m00:22.254 00:22.311 Successfully matched event ControlMessageReceive:i170 c c1 -> s 3 [ofp_packet_out: actions=(u'output(1)',), data={u'class': u'lldp'}, in_port=65535][1;m
[1;36mForwarding dataplane event[1;m
[1;36m[1;44m00:22.256 00:22.536 Successfully matched event DataplanePermit:i171[1;m
[1;36m[1;36mRound 69[1;37m[1;m
[1;36m[1;44m00:22.257 00:22.537 Successfully matched event ControlMessageSend:i172 c 3 -> s c1 [ofp_packet_in: data={u'class': u'lldp'}, in_port=2][1;m
[1;36m[1;36mRound -1[1;37m[1;m
[1;36m[1;44m00:22.259 00:22.539 Successfully matched event ControlMessageReceive:i173 c c1 -> s 3 [ofp_packet_out: actions=(), data=(), in_port=2][1;m
[1;36mForwarding dataplane event[1;m
[1;36m[1;44m00:22.260 00:22.694 Successfully matched event DataplanePermit:i174[1;m
[1;36m[1;36mRound 70[1;37m[1;m
[1;36m[1;44m00:22.261 00:22.695 Successfully matched event ControlMessageSend:i175 c 2 -> s c1 [ofp_packet_in: data={u'class': u'lldp'}, in_port=2][1;m
[1;36m[1;36mRound -1[1;37m[1;m
[1;36m[1;44m00:22.263 00:22.697 Successfully matched event ControlMessageReceive:i176 c c1 -> s 2 [ofp_packet_out: actions=(), data=(), in_port=2][1;m
[1;36mForwarding dataplane event[1;m
[1;36m[1;44m00:22.264 00:22.848 Successfully matched event DataplanePermit:i177[1;m
[1;36m[1;36mRound 71[1;37m[1;m
[1;36m[1;44m00:22.266 00:22.867 Successfully matched event ControlMessageReceive:i178 c c1 -> s 3 [ofp_packet_out: actions=(u'output(2)',), data={u'class': u'lldp'}, in_port=65535][1;m
[1;36m[1;36mRound -1[1;37m[1;m
[1;36m[1;44m00:22.267 00:23.423 Successfully matched event ControlMessageReceive:i179 c c1 -> s 3 [ofp_packet_out: actions=(u'output(3)',), data={u'class': u'lldp'}, in_port=65535][1;m
[1;35m[1;41m00:23.922 00:23.972 Event timed out ControlMessageSend:i181 c 1 -> s c1 [ofp_port_status: reason=2, desc=(2, u'00:00:00:00:01:02')][1;m
[1;36m[1;44m00:23.923 00:23.979 Successfully matched event ControlMessageReceive:i182 c c1 -> s 2 [ofp_packet_out: actions=(u'output(1)',), data={u'class': u'lldp'}, in_port=65535][1;m
[1;36mForwarding dataplane event[1;m
[1;36m[1;44m00:23.924 00:24.360 Successfully matched event DataplanePermit:i183[1;m
[1;36m[1;36mRound 72[1;37m[1;m
[1;36mForwarding dataplane event[1;m
[1;36m[1;44m00:23.925 00:24.526 Successfully matched event DataplanePermit:i184[1;m
[1;36m[1;36mRound 73[1;37m[1;m
[1;36m[1;44m00:23.926 00:24.527 Successfully matched event ControlMessageSend:i185 c 1 -> s c1 [ofp_packet_in: data={u'class': u'lldp'}, in_port=1][1;m
[1;36m[1;36mRound -1[1;37m[1;m
[1;36m[1;44m00:23.927 00:24.529 Successfully matched event ControlMessageReceive:i186 c c1 -> s 1 [ofp_packet_out: actions=(), data=(), in_port=1][1;m
[1;36m[1;44m00:23.928 00:24.535 Successfully matched event ControlMessageReceive:i187 c c1 -> s 2 [ofp_packet_out: actions=(u'output(2)',), data={u'class': u'lldp'}, in_port=65535][1;m
[1;36mForwarding dataplane event[1;m
[1;36m[1;44m00:23.928 00:24.686 Successfully matched event DataplanePermit:i188[1;m
[1;36m[1;36mRound 74[1;37m[1;m
[1;36m[1;44m00:23.929 00:24.687 Successfully matched event ControlMessageSend:i189 c 1 -> s c1 [ofp_packet_in: data={u'class': u'lldp'}, in_port=2][1;m
[1;36m[1;36mRound -1[1;37m[1;m
[1;36m[1;44m00:23.930 00:24.689 Successfully matched event ControlMessageReceive:i190 c c1 -> s 1 [ofp_packet_out: actions=(), data=(), in_port=2][1;m
[1;36mForwarding dataplane event[1;m
[1;36m[1;44m00:23.931 00:24.838 Successfully matched event DataplanePermit:i191[1;m
[1;36m[1;36mRound 75[1;37m[1;m
[1;36m[1;44m00:23.932 00:24.839 Successfully matched event ControlMessageSend:i192 c 2 -> s c1 [ofp_packet_in: data={u'class': u'lldp'}, in_port=1][1;m
[1;36m[1;36mRound -1[1;37m[1;m
[1;36m[1;44m00:23.934 00:24.840 Successfully matched event ControlMessageReceive:i193 c c1 -> s 2 [ofp_packet_out: actions=(), data=(), in_port=1][1;m
[1;36m[1;44m00:23.935 00:25.091 Successfully matched event ControlMessageReceive:i194 c c1 -> s 2 [ofp_packet_out: actions=(u'output(3)',), data={u'class': u'lldp'}, in_port=65535][1;m
[1;36mForwarding dataplane event[1;m
[1;36m[1;44m00:23.936 00:25.339 Successfully matched event DataplanePermit:i195[1;m
[1;36m[1;36mRound 76[1;37m[1;m
[1;36mForwarding dataplane event[1;m
[1;36m[1;44m00:23.938 00:25.442 Successfully matched event DataplanePermit:i196[1;m
[1;36m[1;36mRound 77[1;37m[1;m
[1;36m[1;44m00:23.938 00:25.443 Successfully matched event ControlMessageSend:i197 c 3 -> s c1 [ofp_packet_in: data={u'class': u'lldp'}, in_port=1][1;m
[1;36m[1;36mRound -1[1;37m[1;m
[1;36m[1;44m00:23.940 00:25.445 Successfully matched event ControlMessageReceive:i198 c c1 -> s 3 [ofp_packet_out: actions=(), data=(), in_port=1][1;m
[1;35m[1;41m00:25.235 00:25.646 Event timed out ControlMessageReceive:i199 c c1 -> s 1 [ofp_packet_out: actions=(u'output(1)',), data={u'class': u'lldp'}, in_port=65535][1;m
[1;35m[1;41m00:26.346 00:25.648 Event timed out DataplanePermit:i200[1;m
[1;36m[1;36mRound 79[1;37m[1;m
[1;35m[1;41m00:27.459 00:25.648 Event timed out ControlMessageSend:i201 c 3 -> s c1 [ofp_packet_in: data={u'class': u'lldp'}, in_port=2][1;m
[1;36m[1;36mRound -1[1;37m[1;m
[1;35m[1;41m00:28.572 00:25.650 Event timed out ControlMessageReceive:i202 c c1 -> s 3 [ofp_packet_out: actions=(), data=(), in_port=2][1;m
[1;36m[1;44m00:28.573 00:26.203 Successfully matched event ControlMessageReceive:i203 c c1 -> s 1 [ofp_packet_out: actions=(u'output(2)',), data={u'class': u'lldp'}, in_port=65535][1;m
[1;36m[1;44m00:28.574 00:26.759 Successfully matched event ControlMessageReceive:i204 c c1 -> s 1 [ofp_packet_out: actions=(u'output(3)',), data={u'class': u'lldp'}, in_port=65535][1;m
[1;36m[1;44m00:28.575 00:27.315 Successfully matched event ControlMessageReceive:i205 c c1 -> s 3 [ofp_packet_out: actions=(u'output(1)',), data={u'class': u'lldp'}, in_port=65535][1;m
[1;36m[1;44m00:28.575 00:27.871 Successfully matched event ControlMessageReceive:i206 c c1 -> s 3 [ofp_packet_out: actions=(u'output(2)',), data={u'class': u'lldp'}, in_port=65535][1;m
[1;36m[1;44m00:28.576 00:28.428 Successfully matched event ControlMessageReceive:i207 c c1 -> s 3 [ofp_packet_out: actions=(u'output(3)',), data={u'class': u'lldp'}, in_port=65535][1;m
[1;36m[1;44m00:28.576 00:28.984 Successfully matched event ControlMessageReceive:i208 c c1 -> s 2 [ofp_packet_out: actions=(u'output(1)',), data={u'class': u'lldp'}, in_port=65535][1;m
[1;36m[1;44m00:28.577 00:29.540 Successfully matched event ControlMessageReceive:i209 c c1 -> s 2 [ofp_packet_out: actions=(u'output(2)',), data={u'class': u'lldp'}, in_port=65535][1;m
[1;36mForwarding dataplane event[1;m
[1;36m[1;44m00:28.577 00:29.889 Successfully matched event DataplanePermit:i210[1;m
[1;36m[1;36mRound 85[1;37m[1;m
[1;36mForwarding dataplane event[1;m
[1;36m[1;44m00:28.578 00:30.062 Successfully matched event DataplanePermit:i211[1;m
[1;36m[1;36mRound 86[1;37m[1;m
[1;36m[1;44m00:28.579 00:30.063 Successfully matched event ControlMessageSend:i212 c 1 -> s c1 [ofp_packet_in: data={u'class': u'lldp'}, in_port=2][1;m
[1;36m[1;36mRound -1[1;37m[1;m
[1;36m[1;44m00:28.581 00:30.065 Successfully matched event ControlMessageReceive:i213 c c1 -> s 1 [ofp_packet_out: actions=(), data=(), in_port=2][1;m
[1;36m[1;44m00:28.928 00:30.096 Successfully matched event ControlMessageReceive:i214 c c1 -> s 2 [ofp_packet_out: actions=(u'output(3)',), data={u'class': u'lldp'}, in_port=65535][1;m
[1;36m[1;44m00:28.930 00:30.652 Successfully matched event ControlMessageReceive:i215 c c1 -> s 1 [ofp_packet_out: actions=(u'output(1)',), data={u'class': u'lldp'}, in_port=65535][1;m
[1;36mForwarding dataplane event[1;m
[1;36m[1;44m00:28.931 00:30.710 Successfully matched event DataplanePermit:i216[1;m
[1;36m[1;36mRound 90[1;37m[1;m
[1;36m[1;44m00:28.932 00:30.711 Successfully matched event ControlMessageSend:i217 c 3 -> s c1 [ofp_packet_in: data={u'class': u'lldp'}, in_port=2][1;m
[1;36m[1;36mRound -1[1;37m[1;m
[1;36m[1;44m00:28.934 00:30.713 Successfully matched event ControlMessageReceive:i218 c c1 -> s 3 [ofp_packet_out: actions=(), data=(), in_port=2][1;m
[1;35m[1;41m00:30.441 00:31.208 Event timed out ControlMessageReceive:i219 c c1 -> s 1 [ofp_packet_out: actions=(u'output(2)',), data={u'class': u'lldp'}, in_port=65535][1;m
[1;35m[1;41m00:32.110 00:31.764 Event timed out ControlMessageReceive:i220 c c1 -> s 1 [ofp_packet_out: actions=(u'output(3)',), data={u'class': u'lldp'}, in_port=65535][1;m
[1;36m[1;44m00:32.111 00:32.320 Successfully matched event ControlMessageReceive:i221 c c1 -> s 3 [ofp_packet_out: actions=(u'output(1)',), data={u'class': u'lldp'}, in_port=65535][1;m
[1;36m[1;44m00:32.113 00:32.877 Successfully matched event ControlMessageReceive:i222 c c1 -> s 3 [ofp_packet_out: actions=(u'output(2)',), data={u'class': u'lldp'}, in_port=65535][1;m
[1;35m[1;41m00:33.779 00:33.428 Event timed out ControlMessageSend:i224 c 1 -> s c1 [ofp_port_status: reason=2, desc=(2, u'00:00:00:00:01:02')][1;m
[1;36m[1;44m00:33.780 00:33.432 Successfully matched event ControlMessageReceive:i225 c c1 -> s 3 [ofp_packet_out: actions=(u'output(3)',), data={u'class': u'lldp'}, in_port=65535][1;m
[1;36mForwarding dataplane event[1;m
[1;36m[1;44m00:33.780 00:33.856 Successfully matched event DataplanePermit:i226[1;m
[1;36m[1;36mRound 100[1;37m[1;m
[1;36m[1;44m00:33.781 00:33.989 Successfully matched event ControlMessageReceive:i227 c c1 -> s 2 [ofp_packet_out: actions=(u'output(1)',), data={u'class': u'lldp'}, in_port=65535][1;m
[1;36m[1;36mRound -1[1;37m[1;m
[1;36mForwarding dataplane event[1;m
[1;36m[1;44m00:33.782 00:34.041 Successfully matched event DataplanePermit:i228[1;m
[1;36m[1;36mRound 101[1;37m[1;m
[1;36m[1;44m00:33.782 00:34.041 Successfully matched event ControlMessageSend:i229 c 2 -> s c1 [ofp_packet_in: data={u'class': u'lldp'}, in_port=2][1;m
[1;36m[1;36mRound -1[1;37m[1;m
[1;36m[1;44m00:33.783 00:34.043 Successfully matched event ControlMessageReceive:i230 c c1 -> s 2 [ofp_packet_out: actions=(), data=(), in_port=2][1;m
[1;35m[1;41m00:35.046 00:34.198 Event timed out DataplanePermit:i231[1;m
[1;36m[1;36mRound 102[1;37m[1;m
[1;41m[1;33m[c1] INFO:openflow.discovery:link timeout: 00-00-00-00-00-03.1 -> 00-00-00-00-00-02.1[1;m

[1;41m[1;33m[c1] INFO:openflow.discovery:link timeout: 00-00-00-00-00-02.1 -> 00-00-00-00-00-03.1[1;m

[1;41m[1;33m[c1] INFO:openflow.discovery:link timeout: 00-00-00-00-00-03.2 -> 00-00-00-00-00-01.1[1;m

[1;35m[1;41m00:36.158 00:34.199 Event timed out ControlMessageSend:i232 c 2 -> s c1 [ofp_packet_in: data={u'class': u'lldp'}, in_port=2][1;m
[1;36m[1;36mRound -1[1;37m[1;m
[1;35m[1;41m00:37.271 00:34.201 Event timed out ControlMessageReceive:i233 c c1 -> s 2 [ofp_packet_out: actions=(), data=(), in_port=2][1;m
[1;36mForwarding dataplane event[1;m
[1;36m[1;44m00:37.273 00:34.366 Successfully matched event DataplanePermit:i234[1;m
[1;36m[1;36mRound 103[1;37m[1;m
[1;35m[1;41m00:38.584 00:34.535 Event timed out DataplanePermit:i235[1;m
[1;36m[1;36mRound 104[1;37m[1;m
[1;36m[1;44m00:38.586 00:34.545 Successfully matched event ControlMessageReceive:i236 c c1 -> s 2 [ofp_packet_out: actions=(u'output(2)',), data={u'class': u'lldp'}, in_port=65535][1;m
[1;36m[1;36mRound -1[1;37m[1;m
[1;36mForwarding dataplane event[1;m
[1;36m[1;44m00:38.587 00:34.697 Successfully matched event DataplanePermit:i237[1;m
[1;36m[1;36mRound 105[1;37m[1;m
[1;36m[1;44m00:38.588 00:34.697 Successfully matched event ControlMessageSend:i238 c 1 -> s c1 [ofp_packet_in: data={u'class': u'lldp'}, in_port=2][1;m
[1;36m[1;36mRound -1[1;37m[1;m
[1;36m[1;44m00:38.590 00:34.699 Successfully matched event ControlMessageReceive:i239 c c1 -> s 1 [ofp_packet_out: actions=(), data=(), in_port=2][1;m
[1;36mForwarding dataplane event[1;m
[1;36m[1;44m00:38.592 00:34.851 Successfully matched event DataplanePermit:i240[1;m
[1;36m[1;36mRound 106[1;37m[1;m
[1;36mForwarding dataplane event[1;m
[1;36m[1;44m00:38.593 00:35.071 Successfully matched event DataplanePermit:i241[1;m
[1;36m[1;36mRound 107[1;37m[1;m
[1;36m[1;44m00:38.594 00:35.071 Successfully matched event ControlMessageSend:i242 c 1 -> s c1 [ofp_packet_in: data={u'class': u'lldp'}, in_port=1][1;m
[1;36m[1;36mRound -1[1;37m[1;m
[1;41m[1;33m[c1] INFO:openflow.discovery:link detected: 00-00-00-00-00-03.2 -> 00-00-00-00-00-01.1[1;m

[1;36m[1;44m00:38.634 00:35.073 Successfully matched event ControlMessageReceive:i243 c c1 -> s 1 [ofp_packet_out: actions=(), data=(), in_port=1][1;m
[1;36m[1;44m00:38.635 00:35.100 Successfully matched event ControlMessageReceive:i244 c c1 -> s 2 [ofp_packet_out: actions=(u'output(3)',), data={u'class': u'lldp'}, in_port=65535][1;m
[1;36mForwarding dataplane event[1;m
[1;36m[1;44m00:38.636 00:35.222 Successfully matched event DataplanePermit:i245[1;m
[1;36m[1;36mRound 108[1;37m[1;m
[1;36mForwarding dataplane event[1;m
[1;36m[1;44m00:38.637 00:35.375 Successfully matched event DataplanePermit:i246[1;m
[1;36m[1;36mRound 109[1;37m[1;m
[1;36m[1;44m00:38.638 00:35.375 Successfully matched event ControlMessageSend:i247 c 1 -> s c1 [ofp_packet_in: data={u'class': u'lldp'}, in_port=1][1;m
[1;36m[1;36mRound -1[1;37m[1;m
[1;36m[1;44m00:38.640 00:35.377 Successfully matched event ControlMessageReceive:i248 c c1 -> s 1 [ofp_packet_out: actions=(), data=(), in_port=1][1;m
[1;36mForwarding dataplane event[1;m
[1;36m[1;44m00:38.641 00:35.526 Successfully matched event DataplanePermit:i249[1;m
[1;36m[1;36mRound 110[1;37m[1;m
[1;36m[1;44m00:38.642 00:35.527 Successfully matched event ControlMessageSend:i250 c 2 -> s c1 [ofp_packet_in: data={u'class': u'lldp'}, in_port=1][1;m
[1;36m[1;36mRound -1[1;37m[1;m
[1;41m[1;33m[c1] INFO:openflow.discovery:link detected: 00-00-00-00-00-03.1 -> 00-00-00-00-00-02.1[1;m

[1;36m[1;44m00:38.645 00:35.529 Successfully matched event ControlMessageReceive:i251 c c1 -> s 2 [ofp_packet_out: actions=(), data=(), in_port=1][1;m
[1;36m[1;44m00:38.647 00:35.656 Successfully matched event ControlMessageReceive:i252 c c1 -> s 1 [ofp_packet_out: actions=(u'output(1)',), data={u'class': u'lldp'}, in_port=65535][1;m
[1;36mForwarding dataplane event[1;m
[1;36m[1;44m00:38.648 00:35.695 Successfully matched event DataplanePermit:i253[1;m
[1;36m[1;36mRound 111[1;37m[1;m
[1;36m[1;44m00:38.649 00:35.695 Successfully matched event ControlMessageSend:i254 c 3 -> s c1 [ofp_packet_in: data={u'class': u'lldp'}, in_port=2][1;m
[1;36m[1;36mRound -1[1;37m[1;m
[1;36m[1;44m00:38.651 00:35.697 Successfully matched event ControlMessageReceive:i255 c c1 -> s 3 [ofp_packet_out: actions=(), data=(), in_port=2][1;m
[1;36mForwarding dataplane event[1;m
[1;36m[1;44m00:38.652 00:35.858 Successfully matched event DataplanePermit:i256[1;m
[1;36m[1;36mRound 112[1;37m[1;m
[1;36m[1;44m00:38.653 00:35.859 Successfully matched event ControlMessageSend:i257 c 2 -> s c1 [ofp_packet_in: data={u'class': u'lldp'}, in_port=1][1;m
[1;36m[1;36mRound -1[1;37m[1;m
[1;36m[1;44m00:38.655 00:35.861 Successfully matched event ControlMessageReceive:i258 c c1 -> s 2 [ofp_packet_out: actions=(), data=(), in_port=1][1;m
[1;36mForwarding dataplane event[1;m
[1;36m[1;44m00:38.656 00:36.006 Successfully matched event DataplanePermit:i259[1;m
[1;36m[1;36mRound 113[1;37m[1;m
[1;36m[1;44m00:38.657 00:36.007 Successfully matched event ControlMessageSend:i260 c 3 -> s c1 [ofp_packet_in: data={u'class': u'lldp'}, in_port=1][1;m
[1;36m[1;36mRound -1[1;37m[1;m
[1;41m[1;33m[c1] INFO:openflow.discovery:link detected: 00-00-00-00-00-02.1 -> 00-00-00-00-00-03.1[1;m

[1;36m[1;44m00:38.698 00:36.009 Successfully matched event ControlMessageReceive:i261 c c1 -> s 3 [ofp_packet_out: actions=(), data=(), in_port=1][1;m
[1;36mForwarding dataplane event[1;m
[1;36m[1;44m00:38.699 00:36.152 Successfully matched event DataplanePermit:i262[1;m
[1;36m[1;36mRound 114[1;37m[1;m
[1;36m[1;44m00:38.700 00:36.152 Successfully matched event ControlMessageSend:i263 c 3 -> s c1 [ofp_packet_in: data={u'class': u'lldp'}, in_port=1][1;m
[1;36m[1;36mRound -1[1;37m[1;m
[1;36m[1;44m00:38.702 00:36.154 Successfully matched event ControlMessageReceive:i264 c c1 -> s 3 [ofp_packet_out: actions=(), data=(), in_port=1][1;m
[1;36m[1;44m00:38.703 00:36.212 Successfully matched event ControlMessageReceive:i265 c c1 -> s 1 [ofp_packet_out: actions=(u'output(2)',), data={u'class': u'lldp'}, in_port=65535][1;m
[1;36m[1;44m00:38.704 00:36.768 Successfully matched event ControlMessageReceive:i266 c c1 -> s 1 [ofp_packet_out: actions=(u'output(3)',), data={u'class': u'lldp'}, in_port=65535][1;m
[1;36m[1;44m00:38.705 00:37.324 Successfully matched event ControlMessageReceive:i267 c c1 -> s 3 [ofp_packet_out: actions=(u'output(1)',), data={u'class': u'lldp'}, in_port=65535][1;m
[1;36m[1;44m00:38.706 00:37.881 Successfully matched event ControlMessageReceive:i268 c c1 -> s 3 [ofp_packet_out: actions=(u'output(2)',), data={u'class': u'lldp'}, in_port=65535][1;m
[1;36mForwarding dataplane event[1;m
[1;36m[1;44m00:38.708 00:38.287 Successfully matched event DataplanePermit:i269[1;m
[1;36m[1;36mRound 115[1;37m[1;m
[1;36m[1;44m00:38.708 00:38.288 Successfully matched event ControlMessageSend:i270 c 2 -> s c1 [ofp_packet_in: data={u'class': u'lldp'}, in_port=2][1;m
[1;36m[1;36mRound -1[1;37m[1;m
[1;36m[1;44m00:38.710 00:38.290 Successfully matched event ControlMessageReceive:i271 c c1 -> s 2 [ofp_packet_out: actions=(), data=(), in_port=2][1;m
[1;36m[1;44m00:38.711 00:38.437 Successfully matched event ControlMessageReceive:i272 c c1 -> s 3 [ofp_packet_out: actions=(u'output(3)',), data={u'class': u'lldp'}, in_port=65535][1;m
[1;36mForwarding dataplane event[1;m
[1;36m[1;44m00:38.713 00:38.471 Successfully matched event DataplanePermit:i273[1;m
[1;36m[1;36mRound 116[1;37m[1;m
[1;36mForwarding dataplane event[1;m
[1;36m[1;44m00:38.714 00:38.622 Successfully matched event DataplanePermit:i274[1;m
[1;36m[1;36mRound 117[1;37m[1;m
[1;36m[1;44m00:38.715 00:38.993 Successfully matched event ControlMessageReceive:i275 c c1 -> s 2 [ofp_packet_out: actions=(u'output(1)',), data={u'class': u'lldp'}, in_port=65535][1;m
[1;36m[1;36mRound -1[1;37m[1;m
[1;36m[1;44m00:38.716 00:39.549 Successfully matched event ControlMessageReceive:i276 c c1 -> s 2 [ofp_packet_out: actions=(u'output(2)',), data={u'class': u'lldp'}, in_port=65535][1;m
[1;36mCutting link (1:1) -> (3:2)[1;m
[1;36m[1;44m00:38.852 00:39.684 Successfully matched event LinkFailure:e277[1;m
[1;36m[1;36mRound 117[1;37m[1;m
[1;36m[1;44m00:38.853 00:39.685 Successfully matched event ControlMessageSend:i278 c 1 -> s c1 [ofp_port_status: reason=2, desc=(1, u'00:00:00:00:01:01')][1;m
[1;36m[1;36mRound -1[1;37m[1;m
[1;41m[1;33m[c1] WARNING:forwarding.l2_multi_syn_mem_corruption:Port down event, triggering synthetic memory corruption[1;m

[1;36m[1;44m00:38.940 00:40.105 Successfully matched event ControlMessageReceive:i279 c c1 -> s 2 [ofp_packet_out: actions=(u'output(3)',), data={u'class': u'lldp'}, in_port=65535][1;m
[1;36mForwarding dataplane event[1;m
[1;36m[1;44m00:38.941 00:40.162 Successfully matched event DataplanePermit:i280[1;m
[1;36m[1;36mRound 118[1;37m[1;m
[1;36mForwarding dataplane event[1;m
[1;36m[1;44m00:38.942 00:40.334 Successfully matched event DataplanePermit:i281[1;m
[1;36m[1;36mRound 119[1;37m[1;m
[1;36m[1;44m00:38.943 00:40.335 Successfully matched event ControlMessageSend:i282 c 1 -> s c1 [ofp_packet_in: data={u'class': u'lldp'}, in_port=2][1;m
[1;36m[1;36mRound -1[1;37m[1;m
[1;36m[1;44m00:38.945 00:40.338 Successfully matched event ControlMessageReceive:i283 c c1 -> s 1 [ofp_packet_out: actions=(), data=(), in_port=2][1;m
[1;36mForwarding dataplane event[1;m
[1;36m[1;44m00:38.946 00:40.511 Successfully matched event DataplanePermit:i284[1;m
[1;36m[1;36mRound 120[1;37m[1;m
[1;36m[1;44m00:38.947 00:40.512 Successfully matched event ControlMessageSend:i285 c 1 -> s c1 [ofp_packet_in: data={u'class': u'lldp'}, in_port=1][1;m
[1;36m[1;36mRound -1[1;37m[1;m
[1;36m[1;44m00:38.949 00:40.513 Successfully matched event ControlMessageReceive:i286 c c1 -> s 1 [ofp_packet_out: actions=(), data=(), in_port=1][1;m
[1;36m[1;44m00:38.950 00:40.661 Successfully matched event ControlMessageReceive:i287 c c1 -> s 1 [ofp_packet_out: actions=(u'output(1)',), data={u'class': u'lldp'}, in_port=65535][1;m
[1;36m[1;44m00:38.951 00:41.217 Successfully matched event ControlMessageReceive:i288 c c1 -> s 1 [ofp_packet_out: actions=(u'output(2)',), data={u'class': u'lldp'}, in_port=65535][1;m
[1;36m[1;44m00:38.952 00:41.773 Successfully matched event ControlMessageReceive:i289 c c1 -> s 1 [ofp_packet_out: actions=(u'output(3)',), data={u'class': u'lldp'}, in_port=65535][1;m
[1;36m[1;44m00:39.496 00:42.329 Successfully matched event ControlMessageReceive:i290 c c1 -> s 3 [ofp_packet_out: actions=(u'output(1)',), data={u'class': u'lldp'}, in_port=65535][1;m
[1;36m[1;44m00:40.052 00:42.886 Successfully matched event ControlMessageReceive:i291 c c1 -> s 3 [ofp_packet_out: actions=(u'output(2)',), data={u'class': u'lldp'}, in_port=65535][1;m
[1;36m[1;44m00:40.608 00:43.442 Successfully matched event ControlMessageReceive:i292 c c1 -> s 3 [ofp_packet_out: actions=(u'output(3)',), data={u'class': u'lldp'}, in_port=65535][1;m
[1;35m[1;41m00:42.277 00:43.998 Event timed out ControlMessageReceive:i293 c c1 -> s 2 [ofp_packet_out: actions=(u'output(1)',), data={u'class': u'lldp'}, in_port=65535][1;m
[1;36m[1;44m00:43.389 00:44.554 Successfully matched event ControlMessageReceive:i294 c c1 -> s 2 [ofp_packet_out: actions=(u'output(2)',), data={u'class': u'lldp'}, in_port=65535][1;m
[1;36m[1;44m00:43.946 00:45.110 Successfully matched event ControlMessageReceive:i295 c c1 -> s 2 [ofp_packet_out: actions=(u'output(3)',), data={u'class': u'lldp'}, in_port=65535][1;m
[1;36m[1;44m00:43.948 00:45.666 Successfully matched event ControlMessageReceive:i296 c c1 -> s 1 [ofp_packet_out: actions=(u'output(1)',), data={u'class': u'lldp'}, in_port=65535][1;m
[1;36mRestoring link (1:1) -> (3:2)[1;m
[1;36m[1;44m00:44.327 00:46.044 Successfully matched event LinkRecovery:e297[1;m
[1;36m[1;36mRound 136[1;37m[1;m
[1;36m[1;44m00:44.328 00:46.045 Successfully matched event ControlMessageSend:i298 c 1 -> s c1 [ofp_port_status: reason=2, desc=(1, u'00:00:00:00:01:01')][1;m
[1;36m[1;36mRound -1[1;37m[1;m
[1;36mForwarding dataplane event[1;m
[1;36m[1;44m00:44.329 00:46.593 Successfully matched event DataplanePermit:i299[1;m
[1;36m[1;36mRound 137[1;37m[1;m
[1;36m[1;44m00:44.330 00:46.594 Successfully matched event ControlMessageSend:i300 c 3 -> s c1 [ofp_packet_in: data={u'class': u'lldp'}, in_port=2][1;m
[1;36m[1;36mRound -1[1;37m[1;m
[1;36mForwarding dataplane event[1;m
[1;36m[1;44m00:44.331 00:46.799 Successfully matched event DataplanePermit:i301[1;m
[1;36m[1;36mRound 138[1;37m[1;m
[1;36m[1;44m00:44.332 00:46.800 Successfully matched event ControlMessageSend:i302 c 3 -> s c1 [ofp_packet_in: data={u'class': u'lldp'}, in_port=2][1;m
[1;36m[1;36mRound -1[1;37m[1;m
[1;36mForwarding dataplane event[1;m
[1;36m[1;44m00:44.336 00:47.425 Successfully matched event DataplanePermit:i303[1;m
[1;36m[1;36mRound 139[1;37m[1;m
[1;36m[1;44m00:44.337 00:47.425 Successfully matched event ControlMessageSend:i304 c 1 -> s c1 [ofp_packet_in: data={u'class': u'lldp'}, in_port=2][1;m
[1;36m[1;36mRound -1[1;37m[1;m
[1;36mForwarding dataplane event[1;m
[1;36m[1;44m00:44.338 00:47.615 Successfully matched event DataplanePermit:i305[1;m
[1;36m[1;36mRound 140[1;37m[1;m
[1;36mForwarding dataplane event[1;m
[1;36m[1;44m00:44.338 00:47.775 Successfully matched event DataplanePermit:i306[1;m
[1;36m[1;36mRound 141[1;37m[1;m
[1;36m[1;44m00:44.338 00:47.775 Successfully matched event ControlMessageSend:i307 c 2 -> s c1 [ofp_packet_in: data={u'class': u'lldp'}, in_port=2][1;m
[1;36m[1;36mRound -1[1;37m[1;m
[1;36mForwarding dataplane event[1;m
[1;36m[1;44m00:44.339 00:47.935 Successfully matched event DataplanePermit:i308[1;m
[1;36m[1;36mRound 142[1;37m[1;m
[1;36mForwarding dataplane event[1;m
[1;36m[1;44m00:44.339 00:48.102 Successfully matched event DataplanePermit:i309[1;m
[1;36m[1;36mRound 143[1;37m[1;m
[1;36mForwarding dataplane event[1;m
[1;36m[1;44m00:44.340 00:48.269 Successfully matched event DataplanePermit:i310[1;m
[1;36m[1;36mRound 144[1;37m[1;m
[1;36m[1;44m00:44.340 00:48.270 Successfully matched event ControlMessageSend:i311 c 1 -> s c1 [ofp_packet_in: data={u'class': u'lldp'}, in_port=1][1;m
[1;36m[1;36mRound -1[1;37m[1;m
[1;36mForwarding dataplane event[1;m
[1;36m[1;44m00:44.341 00:48.438 Successfully matched event DataplanePermit:i312[1;m
[1;36m[1;36mRound 145[1;37m[1;m
[1;36m[1;44m00:44.341 00:48.439 Successfully matched event ControlMessageSend:i313 c 2 -> s c1 [ofp_packet_in: data={u'class': u'lldp'}, in_port=1][1;m
[1;36m[1;36mRound -1[1;37m[1;m
[1;36mForwarding dataplane event[1;m
[1;36m[1;44m00:44.342 00:48.591 Successfully matched event DataplanePermit:i314[1;m
[1;36m[1;36mRound 146[1;37m[1;m
[1;36m[1;44m00:44.342 00:48.592 Successfully matched event ControlMessageSend:i315 c 2 -> s c1 [ofp_packet_in: data={u'class': u'lldp'}, in_port=1][1;m
[1;36m[1;36mRound -1[1;37m[1;m
[1;36mForwarding dataplane event[1;m
[1;36m[1;44m00:44.343 00:48.751 Successfully matched event DataplanePermit:i316[1;m
[1;36m[1;36mRound 147[1;37m[1;m
[1;36m[1;44m00:44.343 00:48.752 Successfully matched event ControlMessageSend:i317 c 3 -> s c1 [ofp_packet_in: data={u'class': u'lldp'}, in_port=1][1;m
[1;36m[1;36mRound -1[1;37m[1;m
[1;41m[1;33m[c1] WARNING:forwarding.l2_multi_syn_mem_corruption:Invoking controller crash aaaaaargh[1;m

[1;35m[1;41m00:45.550 00:48.903 Event timed out DataplanePermit:i318[1;m
[1;36m[1;36mRound 148[1;37m[1;m
[1;35m[1;41m00:46.553 00:48.904 Event timed out ControlMessageSend:i319 c 3 -> s c1 [ofp_packet_in: data={u'class': u'lldp'}, in_port=1][1;m
[1;36m[1;36mRound -1[1;37m[1;m
[1;36m[1;36mRound 151[1;37m[1;m
[1;41m[1;37mViolations at end of trace: ['c1'][1;m
[1;42m[1;37mViolation found c1[1;m
[1;36m[1;44mEvent Stats: Events matched: 289, timed out: 28
Matches per event type:
  LinkFailure 1
  ConnectToControllers 1
  LinkRecovery 1
  ControlMessageSend 61
  DataplanePermit 75
  ControlMessageReceive 150
Timeouts per event type:
  ControlMessageSend 7
  DataplanePermit 7
  ControlMessageReceive 14
[1;m
