[1;33m[c1] INFO:core:POX 0.1.0 (betta) is up.[1;m

connect_socket_with_backoff ('127.0.0.1', 6633)
connect_socket_with_backoff ('127.0.0.1', 6633)
connect_socket_with_backoff ('127.0.0.1', 6633)
[1;36m[1;44m00:00.503 00:00.000 Successfully matched event ConnectToControllers:e1[1;m
[1;33m[c1] INFO:openflow.of_01:[00-00-00-00-00-01 1] connected[1;m

[1;33m[c1] INFO:openflow.of_01:[00-00-00-00-00-02 2] connected[1;m

[1;33m[c1] INFO:openflow.of_01:[00-00-00-00-00-03 3] connected[1;m

[1;41m[1;33m[c1] DEBUG:pyretic.core.runtime.DEBUG_TOPO_DISCOVERY: handle_switch_joins[1;m

[1;41m[1;33m[c1] INFO:pyretic.core.runtime.ConcreteNetwork: OpenFlow switch 1 connected[1;m

[1;41m[1;33m[c1] DEBUG:pyretic.core.runtime.DEBUG_TOPO_DISCOVERY: ---------------------------------------------[1;m

[1;41m[1;33m[c1] switch  |  switch edges    |  egress ports  |[1;m

[1;41m[1;33m[c1] ---------------------------------------------[1;m

[1;41m[1;33m[c1] 1       |                  |                |[1;m

[1;41m[1;33m[c1] ---------------------------------------------[1;m

[1;41m[1;33m[c1] DEBUG:pyretic.core.runtime.DEBUG_TOPO_DISCOVERY: handle_port_joins 1:1:True:True[1;m

[1;41m[1;33m[c1] DEBUG:pyretic.core.runtime.DEBUG_TOPO_DISCOVERY: ---------------------------------------------[1;m

[1;41m[1;33m[c1] switch  |  switch edges    |  egress ports  |[1;m

[1;41m[1;33m[c1] ---------------------------------------------[1;m

[1;41m[1;33m[c1] 1       |                  |  1[1]---       |[1;m

[1;41m[1;33m[c1] ---------------------------------------------[1;m

[1;41m[1;33m[c1] DEBUG:pyretic.core.runtime.DEBUG_TOPO_DISCOVERY: handle_port_joins 1:2:True:True[1;m

[1;41m[1;33m[c1] DEBUG:pyretic.core.runtime.DEBUG_TOPO_DISCOVERY: -------------------------------------------------[1;m

[1;41m[1;33m[c1] switch  |  switch edges    |  egress ports      |[1;m

[1;41m[1;33m[c1] -------------------------------------------------[1;m

[1;41m[1;33m[c1] 1       |                  |  1[2]---, 1[1]---  |[1;m

[1;41m[1;33m[c1] -------------------------------------------------[1;m

[1;41m[1;33m[c1] DEBUG:pyretic.core.runtime.DEBUG_TOPO_DISCOVERY: handle_port_joins 1:3:True:True[1;m

[1;41m[1;33m[c1] DEBUG:pyretic.core.runtime.DEBUG_TOPO_DISCOVERY: ----------------------------------------------------------[1;m

[1;41m[1;33m[c1] switch  |  switch edges    |   egress ports              |[1;m

[1;41m[1;33m[c1] ----------------------------------------------------------[1;m

[1;41m[1;33m[c1] 1       |                  |  1[2]---, 1[3]---, 1[1]---  |[1;m

[1;41m[1;33m[c1] ----------------------------------------------------------[1;m

[1;41m[1;33m[c1] DEBUG:pyretic.core.runtime.DEBUG_TOPO_DISCOVERY: handle_switch_joins[1;m

[1;41m[1;33m[c1] INFO:pyretic.core.runtime.ConcreteNetwork: OpenFlow switch 2 connected[1;m

[1;41m[1;33m[c1] DEBUG:pyretic.core.runtime.DEBUG_TOPO_DISCOVERY: ----------------------------------------------------------[1;m

[1;41m[1;33m[c1] switch  |  switch edges    |   egress ports              |[1;m

[1;41m[1;33m[c1] ----------------------------------------------------------[1;m

[1;41m[1;33m[c1] 1       |                  |  1[2]---, 1[3]---, 1[1]---  |[1;m

[1;41m[1;33m[c1] 2       |                  |                             |[1;m

[1;41m[1;33m[c1] ----------------------------------------------------------[1;m

[1;41m[1;33m[c1] DEBUG:pyretic.core.runtime.DEBUG_TOPO_DISCOVERY: handle_port_joins 2:1:True:True[1;m

[1;41m[1;33m[c1] DEBUG:pyretic.core.runtime.DEBUG_TOPO_DISCOVERY: ----------------------------------------------------------[1;m

[1;41m[1;33m[c1] switch  |  switch edges    |   egress ports              |[1;m

[1;41m[1;33m[c1] ----------------------------------------------------------[1;m

[1;41m[1;33m[c1] 1       |                  |  1[2]---, 1[3]---, 1[1]---  |[1;m

[1;41m[1;33m[c1] 2       |                  |  2[1]---                    |[1;m

[1;41m[1;33m[c1] ----------------------------------------------------------[1;m

[1;41m[1;33m[c1] DEBUG:pyretic.core.runtime.DEBUG_TOPO_DISCOVERY: handle_port_joins 2:2:True:True[1;m

[1;41m[1;33m[c1] DEBUG:pyretic.core.runtime.DEBUG_TOPO_DISCOVERY: ----------------------------------------------------------[1;m

[1;41m[1;33m[c1] switch  |  switch edges    |   egress ports              |[1;m

[1;41m[1;33m[c1] ----------------------------------------------------------[1;m

[1;41m[1;33m[c1] 1       |                  |  1[2]---, 1[3]---, 1[1]---  |[1;m

[1;41m[1;33m[c1] 2       |                  |  2[1]---, 2[2]---           |[1;m

[1;41m[1;33m[c1] ----------------------------------------------------------[1;m

[1;41m[1;33m[c1] DEBUG:pyretic.core.runtime.DEBUG_TOPO_DISCOVERY: handle_port_joins 2:3:True:True[1;m

[1;41m[1;33m[c1] DEBUG:pyretic.core.runtime.DEBUG_TOPO_DISCOVERY: ----------------------------------------------------------[1;m

[1;41m[1;33m[c1] switch  |  switch edges    |   egress ports              |[1;m

[1;41m[1;33m[c1] ----------------------------------------------------------[1;m

[1;41m[1;33m[c1] 1       |                  |  1[2]---, 1[3]---, 1[1]---  |[1;m

[1;41m[1;33m[c1] 2       |                  |  2[3]---, 2[1]---, 2[2]---  |[1;m

[1;41m[1;33m[c1] ----------------------------------------------------------[1;m

[1;41m[1;33m[c1] DEBUG:pyretic.core.runtime.DEBUG_TOPO_DISCOVERY: handle_switch_joins[1;m

[1;41m[1;33m[c1] INFO:pyretic.core.runtime.ConcreteNetwork: OpenFlow switch 3 connected[1;m

[1;41m[1;33m[c1] DEBUG:pyretic.core.runtime.DEBUG_TOPO_DISCOVERY: ----------------------------------------------------------[1;m

[1;41m[1;33m[c1] switch  |  switch edges    |   egress ports              |[1;m

[1;41m[1;33m[c1] ----------------------------------------------------------[1;m

[1;41m[1;33m[c1] 1       |                  |  1[2]---, 1[3]---, 1[1]---  |[1;m

[1;41m[1;33m[c1] 2       |                  |  2[3]---, 2[1]---, 2[2]---  |[1;m

[1;41m[1;33m[c1] 3       |                  |                             |[1;m

[1;41m[1;33m[c1] ----------------------------------------------------------[1;m

[1;41m[1;33m[c1] DEBUG:pyretic.core.runtime.DEBUG_TOPO_DISCOVERY: handle_port_joins 3:1:True:True[1;m

[1;41m[1;33m[c1] DEBUG:pyretic.core.runtime.DEBUG_TOPO_DISCOVERY: ----------------------------------------------------------[1;m

[1;41m[1;33m[c1] switch  |  switch edges    |   egress ports              |[1;m

[1;41m[1;33m[c1] ----------------------------------------------------------[1;m

[1;41m[1;33m[c1] 1       |                  |  1[2]---, 1[3]---, 1[1]---  |[1;m

[1;41m[1;33m[c1] 2       |                  |  2[3]---, 2[1]---, 2[2]---  |[1;m

[1;41m[1;33m[c1] 3       |                  |  3[1]---                    |[1;m

[1;41m[1;33m[c1] ----------------------------------------------------------[1;m

[1;41m[1;33m[c1] DEBUG:pyretic.core.runtime.DEBUG_TOPO_DISCOVERY: handle_port_joins 3:2:True:True[1;m

[1;41m[1;33m[c1] DEBUG:pyretic.core.runtime.DEBUG_TOPO_DISCOVERY: ----------------------------------------------------------[1;m

[1;41m[1;33m[c1] switch  |  switch edges    |   egress ports              |[1;m

[1;41m[1;33m[c1] ----------------------------------------------------------[1;m

[1;41m[1;33m[c1] 1       |                  |  1[2]---, 1[3]---, 1[1]---  |[1;m

[1;41m[1;33m[c1] 2       |                  |  2[3]---, 2[1]---, 2[2]---  |[1;m

[1;41m[1;33m[c1] 3       |                  |  3[2]---, 3[1]---           |[1;m

[1;41m[1;33m[c1] ----------------------------------------------------------[1;m

[1;41m[1;33m[c1] DEBUG:pyretic.core.runtime.DEBUG_TOPO_DISCOVERY: handle_port_joins 3:3:True:True[1;m

[1;41m[1;33m[c1] DEBUG:pyretic.core.runtime.DEBUG_TOPO_DISCOVERY: ----------------------------------------------------------[1;m

[1;41m[1;33m[c1] switch  |  switch edges    |   egress ports              |[1;m

[1;41m[1;33m[c1] ----------------------------------------------------------[1;m

[1;41m[1;33m[c1] 1       |                  |  1[2]---, 1[3]---, 1[1]---  |[1;m

[1;41m[1;33m[c1] 2       |                  |  2[3]---, 2[1]---, 2[2]---  |[1;m

[1;41m[1;33m[c1] 3       |                  |  3[2]---, 3[1]---, 3[3]---  |[1;m

[1;41m[1;33m[c1] ----------------------------------------------------------[1;m

[1;41m[1;33m[c1] DEBUG:pyretic.core.runtime.Runtime: |2014-05-25 19:00:32.276713|[1;m

[1;41m[1;33m[c1] 	generate classifier[1;m

[1;41m[1;33m[c1] 	policy=flood on:[1;m

[1;41m[1;33m[c1] ----------------------------------------------------------[1;m

[1;41m[1;33m[c1] switch  |  switch edges    |   egress ports              |[1;m

[1;41m[1;33m[c1] ----------------------------------------------------------[1;m

[1;41m[1;33m[c1] 1       |                  |  1[2]---, 1[3]---, 1[1]---  |[1;m

[1;41m[1;33m[c1] 2       |                  |  2[3]---, 2[1]---, 2[2]---  |[1;m

[1;41m[1;33m[c1] 3       |                  |  3[2]---, 3[1]---, 3[3]---  |[1;m

[1;41m[1;33m[c1] ----------------------------------------------------------[1;m

[1;41m[1;33m[c1] 	classifier=match: ('switch', 1) ('inport', 1)[1;m

[1;41m[1;33m[c1]   -> [modify: ('outport', 2), modify: ('outport', 3)][1;m

[1;41m[1;33m[c1]  match: ('switch', 1) ('inport', 2)[1;m

[1;41m[1;33m[c1]   -> [modify: ('outport', 1), modify: ('outport', 3)][1;m

[1;41m[1;33m[c1]  match: ('switch', 1) ('inport', 3)[1;m

[1;41m[1;33m[c1]   -> [modify: ('outport', 1), modify: ('outport', 2)][1;m

[1;41m[1;33m[c1]  match: ('switch', 1)[1;m

[1;41m[1;33m[c1]   -> [modify: ('outport', 1), modify: ('outport', 2), modify: ('outport', 3)][1;m

[1;41m[1;33m[c1]  match: ('switch', 2) ('inport', 1)[1;m

[1;41m[1;33m[c1]   -> [modify: ('outport', 2), modify: ('outport', 3)][1;m

[1;41m[1;33m[c1]  match: ('switch', 2) ('inport', 2)[1;m

[1;41m[1;33m[c1]   -> [modify: ('outport', 1), modify: ('outport', 3)][1;m

[1;41m[1;33m[c1]  match: ('switch', 2) ('inport', 3)[1;m

[1;41m[1;33m[c1]   -> [modify: ('outport', 1), modify: ('outport', 2)][1;m

[1;41m[1;33m[c1]  match: ('switch', 2)[1;m

[1;41m[1;33m[c1]   -> [modify: ('outport', 1), modify: ('outport', 2), modify: ('outport', 3)][1;m

[1;41m[1;33m[c1]  match: ('switch', 3) ('inport', 1)[1;m

[1;41m[1;33m[c1]   -> [modify: ('outport', 2), modify: ('outport', 3)][1;m

[1;41m[1;33m[c1]  match: ('switch', 3) ('inport', 2)[1;m

[1;41m[1;33m[c1]   -> [modify: ('outport', 1), modify: ('outport', 3)][1;m

[1;41m[1;33m[c1]  match: ('switch', 3) ('inport', 3)[1;m

[1;41m[1;33m[c1]   -> [modify: ('outport', 1), modify: ('outport', 2)][1;m

[1;41m[1;33m[c1]  match: ('switch', 3)[1;m

[1;41m[1;33m[c1]   -> [modify: ('outport', 1), modify: ('outport', 2), modify: ('outport', 3)][1;m

[1;41m[1;33m[c1]  identity[1;m

[1;41m[1;33m[c1]   -> [drop][1;m

[1;41m[1;33m[c1] [1;m

[1;41m[1;33m[c1] DEBUG:pyretic.core.runtime.Runtime: |2014-05-25 19:00:32.287216|[1;m

[1;41m[1;33m[c1] 	sending openflow rule:[1;m

[1;41m[1;33m[c1] 	0 {'switch': 1} [{'outport': 65533}][1;m

[1;41m[1;33m[c1] [1;m

[1;41m[1;33m[c1] DEBUG:pyretic.core.runtime.Runtime: |2014-05-25 19:00:32.288834|[1;m

[1;41m[1;33m[c1] 	sending openflow rule:[1;m

[1;41m[1;33m[c1] 	0 {'switch': 2} [{'outport': 65533}][1;m

[1;41m[1;33m[c1] [1;m

[1;41m[1;33m[c1] DEBUG:pyretic.core.runtime.Runtime: |2014-05-25 19:00:32.289130|[1;m

[1;41m[1;33m[c1] 	sending openflow rule:[1;m

[1;41m[1;33m[c1] 	0 {'switch': 3} [{'outport': 65533}][1;m

[1;41m[1;33m[c1] [1;m

[1;41m[1;33m[c1] DEBUG:pyretic.core.runtime.Runtime: |2014-05-25 19:00:32.289293|[1;m

[1;41m[1;33m[c1] 	sending openflow rule:[1;m

[1;41m[1;33m[c1] 	60000 {'switch': 1, 'vlan_pcp': 0, 'vlan_id': 65535, 'ethtype': 35020} [{'outport': 65533}][1;m

[1;41m[1;33m[c1] [1;m

[1;41m[1;33m[c1] DEBUG:pyretic.core.runtime.Runtime: |2014-05-25 19:00:32.289495|[1;m

[1;41m[1;33m[c1] 	sending openflow rule:[1;m

[1;41m[1;33m[c1] 	60000 {'switch': 2, 'vlan_pcp': 0, 'vlan_id': 65535, 'ethtype': 35020} [{'outport': 65533}][1;m

[1;41m[1;33m[c1] [1;m

[1;41m[1;33m[c1] DEBUG:pyretic.core.runtime.Runtime: |2014-05-25 19:00:32.289684|[1;m

[1;41m[1;33m[c1] 	sending openflow rule:[1;m

[1;41m[1;33m[c1] 	60000 {'switch': 3, 'vlan_pcp': 0, 'vlan_id': 65535, 'ethtype': 35020} [{'outport': 65533}][1;m

[1;41m[1;33m[c1] [1;m

[1;41m[1;33m[c1] DEBUG:pyretic.core.runtime.Runtime: |2014-05-25 19:00:32.289836|[1;m

[1;41m[1;33m[c1] 	sending openflow rule:[1;m

[1;41m[1;33m[c1] 	59999 {'switch': 1, 'vlan_pcp': 0, 'vlan_id': 65535, 'inport': 1} [{'outport': 2}, {'outport': 3}][1;m

[1;41m[1;33m[c1] [1;m

[1;41m[1;33m[c1] DEBUG:pyretic.core.runtime.Runtime: |2014-05-25 19:00:32.290019|[1;m

[1;41m[1;33m[c1] 	sending openflow rule:[1;m

[1;41m[1;33m[c1] 	59998 {'switch': 1, 'vlan_pcp': 0, 'vlan_id': 65535, 'inport': 2} [{'outport': 1}, {'outport': 3}][1;m

[1;41m[1;33m[c1] [1;m

[1;41m[1;33m[c1] DEBUG:pyretic.core.runtime.Runtime: |2014-05-25 19:00:32.290193|[1;m

[1;41m[1;33m[c1] 	sending openflow rule:[1;m

[1;41m[1;33m[c1] 	59997 {'switch': 1, 'vlan_pcp': 0, 'vlan_id': 65535, 'inport': 3} [{'outport': 1}, {'outport': 2}][1;m

[1;41m[1;33m[c1] [1;m

[1;41m[1;33m[c1] DEBUG:pyretic.core.runtime.Runtime: |2014-05-25 19:00:32.290397|[1;m

[1;41m[1;33m[c1] 	sending openflow rule:[1;m

[1;41m[1;33m[c1] 	59996 {'switch': 1, 'vlan_pcp': 0, 'inport': 1, 'vlan_id': 65535} [{'outport': 65528}, {'outport': 2}, {'outport': 3}][1;m

[1;41m[1;33m[c1] [1;m

[1;41m[1;33m[c1] DEBUG:pyretic.core.runtime.Runtime: |2014-05-25 19:00:32.290621|[1;m

[1;41m[1;33m[c1] 	sending openflow rule:[1;m

[1;41m[1;33m[c1] 	59995 {'switch': 1, 'vlan_pcp': 0, 'inport': 2, 'vlan_id': 65535} [{'outport': 1}, {'outport': 65528}, {'outport': 3}][1;m

[1;41m[1;33m[c1] [1;m

[1;41m[1;33m[c1] DEBUG:pyretic.core.runtime.Runtime: |2014-05-25 19:00:32.290721|[1;m

[1;41m[1;33m[c1] 	sending openflow rule:[1;m

[1;41m[1;33m[c1] 	59994 {'switch': 1, 'vlan_pcp': 0, 'inport': 3, 'vlan_id': 65535} [{'outport': 1}, {'outport': 2}, {'outport': 65528}][1;m

[1;41m[1;33m[c1] [1;m

[1;41m[1;33m[c1] DEBUG:pyretic.core.runtime.Runtime: |2014-05-25 19:00:32.290807|[1;m

[1;41m[1;33m[c1] 	sending openflow rule:[1;m

[1;41m[1;33m[c1] 	59993 {'switch': 1, 'vlan_pcp': 0, 'vlan_id': 65535} [{'outport': 1}, {'outport': 2}, {'outport': 3}][1;m

[1;41m[1;33m[c1] [1;m

[1;41m[1;33m[c1] DEBUG:pyretic.core.runtime.Runtime: |2014-05-25 19:00:32.290909|[1;m

[1;41m[1;33m[c1] 	sending openflow rule:[1;m

[1;41m[1;33m[c1] 	59999 {'switch': 2, 'vlan_pcp': 0, 'vlan_id': 65535, 'inport': 1} [{'outport': 2}, {'outport': 3}][1;m

[1;41m[1;33m[c1] [1;m

[1;41m[1;33m[c1] DEBUG:pyretic.core.runtime.Runtime: |2014-05-25 19:00:32.290993|[1;m

[1;41m[1;33m[c1] 	sending openflow rule:[1;m

[1;41m[1;33m[c1] 	59998 {'switch': 2, 'vlan_pcp': 0, 'vlan_id': 65535, 'inport': 2} [{'outport': 1}, {'outport': 3}][1;m

[1;41m[1;33m[c1] [1;m

[1;41m[1;33m[c1] DEBUG:pyretic.core.runtime.Runtime: |2014-05-25 19:00:32.291072|[1;m

[1;41m[1;33m[c1] 	sending openflow rule:[1;m

[1;41m[1;33m[c1] 	59997 {'switch': 2, 'vlan_pcp': 0, 'vlan_id': 65535, 'inport': 3} [{'outport': 1}, {'outport': 2}][1;m

[1;41m[1;33m[c1] [1;m

[1;41m[1;33m[c1] DEBUG:pyretic.core.runtime.Runtime: |2014-05-25 19:00:32.291174|[1;m

[1;41m[1;33m[c1] 	sending openflow rule:[1;m

[1;41m[1;33m[c1] 	59996 {'switch': 2, 'vlan_pcp': 0, 'inport': 1, 'vlan_id': 65535} [{'outport': 65528}, {'outport': 2}, {'outport': 3}][1;m

[1;41m[1;33m[c1] [1;m

[1;41m[1;33m[c1] DEBUG:pyretic.core.runtime.Runtime: |2014-05-25 19:00:32.291265|[1;m

[1;41m[1;33m[c1] 	sending openflow rule:[1;m

[1;41m[1;33m[c1] 	59995 {'switch': 2, 'vlan_pcp': 0, 'inport': 2, 'vlan_id': 65535} [{'outport': 1}, {'outport': 65528}, {'outport': 3}][1;m

[1;41m[1;33m[c1] [1;m

[1;41m[1;33m[c1] DEBUG:pyretic.core.runtime.Runtime: |2014-05-25 19:00:32.291349|[1;m

[1;41m[1;33m[c1] 	sending openflow rule:[1;m

[1;41m[1;33m[c1] 	59994 {'switch': 2, 'vlan_pcp': 0, 'inport': 3, 'vlan_id': 65535} [{'outport': 1}, {'outport': 2}, {'outport': 65528}][1;m

[1;41m[1;33m[c1] [1;m

[1;41m[1;33m[c1] DEBUG:pyretic.core.runtime.Runtime: |2014-05-25 19:00:32.291450|[1;m

[1;41m[1;33m[c1] 	sending openflow rule:[1;m

[1;41m[1;33m[c1] 	59993 {'switch': 2, 'vlan_pcp': 0, 'vlan_id': 65535} [{'outport': 1}, {'outport': 2}, {'outport': 3}][1;m

[1;41m[1;33m[c1] [1;m

[1;41m[1;33m[c1] DEBUG:pyretic.core.runtime.Runtime: |2014-05-25 19:00:32.291535|[1;m

[1;41m[1;33m[c1] 	sending openflow rule:[1;m

[1;41m[1;33m[c1] 	59999 {'switch': 3, 'vlan_pcp': 0, 'vlan_id': 65535, 'inport': 1} [{'outport': 2}, {'outport': 3}][1;m

[1;41m[1;33m[c1] [1;m

[1;41m[1;33m[c1] DEBUG:pyretic.core.runtime.Runtime: |2014-05-25 19:00:32.291613|[1;m

[1;41m[1;33m[c1] 	sending openflow rule:[1;m

[1;41m[1;33m[c1] 	59998 {'switch': 3, 'vlan_pcp': 0, 'vlan_id': 65535, 'inport': 2} [{'outport': 1}, {'outport': 3}][1;m

[1;41m[1;33m[c1] [1;m

[1;41m[1;33m[c1] DEBUG:pyretic.core.runtime.Runtime: |2014-05-25 19:00:32.291705|[1;m

[1;41m[1;33m[c1] 	sending openflow rule:[1;m

[1;41m[1;33m[c1] 	59997 {'switch': 3, 'vlan_pcp': 0, 'vlan_id': 65535, 'inport': 3} [{'outport': 1}, {'outport': 2}][1;m

[1;41m[1;33m[c1] [1;m

[1;41m[1;33m[c1] DEBUG:pyretic.core.runtime.Runtime: |2014-05-25 19:00:32.291791|[1;m

[1;41m[1;33m[c1] 	sending openflow rule:[1;m

[1;41m[1;33m[c1] 	59996 {'switch': 3, 'vlan_pcp': 0, 'inport': 1, 'vlan_id': 65535} [{'outport': 65528}, {'outport': 2}, {'outport': 3}][1;m

[1;41m[1;33m[c1] [1;m

[1;41m[1;33m[c1] DEBUG:pyretic.core.runtime.Runtime: |2014-05-25 19:00:32.291873|[1;m

[1;41m[1;33m[c1] 	sending openflow rule:[1;m

[1;41m[1;33m[c1] 	59995 {'switch': 3, 'vlan_pcp': 0, 'inport': 2, 'vlan_id': 65535} [{'outport': 1}, {'outport': 65528}, {'outport': 3}][1;m

[1;41m[1;33m[c1] [1;m

[1;41m[1;33m[c1] DEBUG:pyretic.core.runtime.Runtime: |2014-05-25 19:00:32.292004|[1;m

[1;41m[1;33m[c1] 	sending openflow rule:[1;m

[1;41m[1;33m[c1] 	59994 {'switch': 3, 'vlan_pcp': 0, 'inport': 3, 'vlan_id': 65535} [{'outport': 1}, {'outport': 2}, {'outport': 65528}][1;m

[1;41m[1;33m[c1] [1;m

[1;41m[1;33m[c1] DEBUG:pyretic.core.runtime.Runtime: |2014-05-25 19:00:32.292092|[1;m

[1;41m[1;33m[c1] 	sending openflow rule:[1;m

[1;41m[1;33m[c1] 	59993 {'switch': 3, 'vlan_pcp': 0, 'vlan_id': 65535} [{'outport': 1}, {'outport': 2}, {'outport': 3}][1;m

[1;41m[1;33m[c1] [1;m

[1;41m[1;33m[c1] DEBUG:pyretic.core.runtime.Runtime: |2014-05-25 19:00:32.292246|[1;m

[1;41m[1;33m[c1] 	sending openflow rule:[1;m

[1;41m[1;33m[c1] 	59992 {'switch': 1, 'vlan_pcp': 0, 'vlan_id': 65535} [][1;m

[1;41m[1;33m[c1] [1;m

[1;41m[1;33m[c1] DEBUG:pyretic.core.runtime.Runtime: |2014-05-25 19:00:32.292363|[1;m

[1;41m[1;33m[c1] 	sending openflow rule:[1;m

[1;41m[1;33m[c1] 	59992 {'switch': 2, 'vlan_pcp': 0, 'vlan_id': 65535} [][1;m

[1;41m[1;33m[c1] [1;m

[1;41m[1;33m[c1] DEBUG:pyretic.core.runtime.Runtime: |2014-05-25 19:00:32.292467|[1;m

[1;41m[1;33m[c1] 	sending openflow rule:[1;m

[1;41m[1;33m[c1] 	59992 {'switch': 3, 'vlan_pcp': 0, 'vlan_id': 65535} [][1;m

[1;41m[1;33m[c1] [1;m

[1;33m[c1] INFO:openflow.of_01:[00-00-00-00-00-03 5] connected[1;m

[1;33m[c1] ERROR:core:Exception while handling OpenFlowNexus!ConnectionUp...[1;m

[1;33m[c1] Traceback (most recent call last):[1;m

[1;33m[c1]   File "/home/mininet/pox/pox/lib/revent/revent.py", line 234, in raiseEventNoErrors[1;m

[1;33m[c1]     return self.raiseEvent(event, *args, **kw)[1;m

[1;33m[c1]   File "/home/mininet/pox/pox/lib/revent/revent.py", line 281, in raiseEvent[1;m

[1;33m[c1]     rv = event._invoke(handler, *args, **kw)[1;m

[1;33m[c1]   File "/home/mininet/pox/pox/lib/revent/revent.py", line 159, in _invoke[1;m

[1;33m[c1]     return handler(self, *args, **kw)[1;m

[1;33m[c1]   File "/home/mininet/pyretic/of_client/pox_client.py", line 512, in _handle_ConnectionUp[1;m

[1;33m[c1]     assert event.dpid not in self.switches[1;m

[1;33m[c1] AssertionError[1;m

[1;33m[c1] INFO:openflow.of_01:[00-00-00-00-00-04 4] connected[1;m

[1;41m[1;33m[c1] DEBUG:pyretic.core.runtime.DEBUG_TOPO_DISCOVERY: handle_switch_joins[1;m

[1;41m[1;33m[c1] INFO:pyretic.core.runtime.ConcreteNetwork: OpenFlow switch 4 connected[1;m

[1;41m[1;33m[c1] DEBUG:pyretic.core.runtime.DEBUG_TOPO_DISCOVERY: ----------------------------------------------------------[1;m

[1;41m[1;33m[c1] switch  |  switch edges    |   egress ports              |[1;m

[1;41m[1;33m[c1] ----------------------------------------------------------[1;m

[1;41m[1;33m[c1] 1       |                  |  1[2]---, 1[3]---, 1[1]---  |[1;m

[1;41m[1;33m[c1] 2       |                  |  2[3]---, 2[1]---, 2[2]---  |[1;m

[1;41m[1;33m[c1] 3       |                  |  3[2]---, 3[1]---, 3[3]---  |[1;m

[1;41m[1;33m[c1] 4       |                  |                             |[1;m

[1;41m[1;33m[c1] ----------------------------------------------------------[1;m

[1;41m[1;37mThe following correctness violations have occurred: ["{'hs_history': [(x^L) - ([]), (dl_vlan:65535,dl_vlan_pcp:0) - ([]), (dl_vlan:65535,dl_vlan_pcp:0) - ([])], 'hdr': (dl_vlan:65535,dl_vlan_pcp:0) - ([]), 'visits': [200001, 100002, 300002], 'port': 200001}", "{'hs_history': [(x^L) - ([]), (dl_vlan:65535,dl_vlan_pcp:0) - ([]), (dl_vlan:65535,dl_vlan_pcp:0) - ([])], 'hdr': (dl_vlan:65535,dl_vlan_pcp:0) - ([]), 'visits': [100002, 300002, 200001], 'port': 100002}", "{'hs_history': [(x^L) - ([]), (dl_vlan:65535,dl_vlan_pcp:0) - ([]), (dl_vlan:65535,dl_vlan_pcp:0) - ([]), (dl_vlan:65535,dl_vlan_pcp:0) - ([])], 'hdr': (dl_vlan:65535,dl_vlan_pcp:0) - ([]), 'visits': [300003, 100001, 200002, 300001], 'port': 100001}", "{'hs_history': [(x^L) - ([]), (dl_vlan:65535,dl_vlan_pcp:0) - ([]), (dl_vlan:65535,dl_vlan_pcp:0) - ([]), (dl_vlan:65535,dl_vlan_pcp:0) - ([])], 'hdr': (dl_vlan:65535,dl_vlan_pcp:0) - ([]), 'visits': [300003, 200001, 100002, 300002], 'port': 200001}", "{'hs_history': [(x^L) - ([]), (dl_vlan:65535,dl_vlan_pcp:0) - ([]), (dl_vlan:65535,dl_vlan_pcp:0) - ([]), (dl_vlan:65535,dl_vlan_pcp:0) - ([])], 'hdr': (dl_vlan:65535,dl_vlan_pcp:0) - ([]), 'visits': [200003, 100002, 300002, 200001], 'port': 100002}", "{'hs_history': [(x^L) - ([]), (dl_vlan:65535,dl_vlan_pcp:0) - ([]), (dl_vlan:65535,dl_vlan_pcp:0) - ([])], 'hdr': (dl_vlan:65535,dl_vlan_pcp:0) - ([]), 'visits': [200002, 300001, 100001], 'port': 200002}", "{'hs_history': [(x^L) - ([]), (dl_vlan:65535,dl_vlan_pcp:0) - ([]), (dl_vlan:65535,dl_vlan_pcp:0) - ([])], 'hdr': (dl_vlan:65535,dl_vlan_pcp:0) - ([]), 'visits': [100001, 200002, 300001], 'port': 100001}", "{'hs_history': [(x^L) - ([]), (dl_vlan:65535,dl_vlan_pcp:0) - ([]), (dl_vlan:65535,dl_vlan_pcp:0) - ([]), (dl_vlan:65535,dl_vlan_pcp:0) - ([])], 'hdr': (dl_vlan:65535,dl_vlan_pcp:0) - ([]), 'visits': [100003, 300002, 200001, 100002], 'port': 300002}", "{'hs_history': [(x^L) - ([]), (dl_vlan:65535,dl_vlan_pcp:0) - ([]), (dl_vlan:65535,dl_vlan_pcp:0) - ([])], 'hdr': (dl_vlan:65535,dl_vlan_pcp:0) - ([]), 'visits': [300001, 100001, 200002], 'port': 300001}", "{'hs_history': [(x^L) - ([]), (dl_vlan:65535,dl_vlan_pcp:0) - ([]), (dl_vlan:65535,dl_vlan_pcp:0) - ([]), (dl_vlan:65535,dl_vlan_pcp:0) - ([])], 'hdr': (dl_vlan:65535,dl_vlan_pcp:0) - ([]), 'visits': [100003, 200002, 300001, 100001], 'port': 200002}", "{'hs_history': [(x^L) - ([]), (dl_vlan:65535,dl_vlan_pcp:0) - ([]), (dl_vlan:65535,dl_vlan_pcp:0) - ([])], 'hdr': (dl_vlan:65535,dl_vlan_pcp:0) - ([]), 'visits': [300002, 200001, 100002], 'port': 300002}", "{'hs_history': [(x^L) - ([]), (dl_vlan:65535,dl_vlan_pcp:0) - ([]), (dl_vlan:65535,dl_vlan_pcp:0) - ([]), (dl_vlan:65535,dl_vlan_pcp:0) - ([])], 'hdr': (dl_vlan:65535,dl_vlan_pcp:0) - ([]), 'visits': [200003, 300001, 100001, 200002], 'port': 300001}"][1;m
[1;41m[1;37mPersistent violations detected!: ["{'hs_history': [(x^L) - ([]), (dl_vlan:65535,dl_vlan_pcp:0) - ([]), (dl_vlan:65535,dl_vlan_pcp:0) - ([])], 'hdr': (dl_vlan:65535,dl_vlan_pcp:0) - ([]), 'visits': [100001, 200002, 300001], 'port': 100001}", "{'hs_history': [(x^L) - ([]), (dl_vlan:65535,dl_vlan_pcp:0) - ([]), (dl_vlan:65535,dl_vlan_pcp:0) - ([])], 'hdr': (dl_vlan:65535,dl_vlan_pcp:0) - ([]), 'visits': [100002, 300002, 200001], 'port': 100002}", "{'hs_history': [(x^L) - ([]), (dl_vlan:65535,dl_vlan_pcp:0) - ([]), (dl_vlan:65535,dl_vlan_pcp:0) - ([]), (dl_vlan:65535,dl_vlan_pcp:0) - ([])], 'hdr': (dl_vlan:65535,dl_vlan_pcp:0) - ([]), 'visits': [300003, 200001, 100002, 300002], 'port': 200001}", "{'hs_history': [(x^L) - ([]), (dl_vlan:65535,dl_vlan_pcp:0) - ([]), (dl_vlan:65535,dl_vlan_pcp:0) - ([]), (dl_vlan:65535,dl_vlan_pcp:0) - ([])], 'hdr': (dl_vlan:65535,dl_vlan_pcp:0) - ([]), 'visits': [300003, 100001, 200002, 300001], 'port': 100001}", "{'hs_history': [(x^L) - ([]), (dl_vlan:65535,dl_vlan_pcp:0) - ([]), (dl_vlan:65535,dl_vlan_pcp:0) - ([])], 'hdr': (dl_vlan:65535,dl_vlan_pcp:0) - ([]), 'visits': [300001, 100001, 200002], 'port': 300001}", "{'hs_history': [(x^L) - ([]), (dl_vlan:65535,dl_vlan_pcp:0) - ([]), (dl_vlan:65535,dl_vlan_pcp:0) - ([])], 'hdr': (dl_vlan:65535,dl_vlan_pcp:0) - ([]), 'visits': [200002, 300001, 100001], 'port': 200002}", "{'hs_history': [(x^L) - ([]), (dl_vlan:65535,dl_vlan_pcp:0) - ([]), (dl_vlan:65535,dl_vlan_pcp:0) - ([])], 'hdr': (dl_vlan:65535,dl_vlan_pcp:0) - ([]), 'visits': [200001, 100002, 300002], 'port': 200001}", "{'hs_history': [(x^L) - ([]), (dl_vlan:65535,dl_vlan_pcp:0) - ([]), (dl_vlan:65535,dl_vlan_pcp:0) - ([]), (dl_vlan:65535,dl_vlan_pcp:0) - ([])], 'hdr': (dl_vlan:65535,dl_vlan_pcp:0) - ([]), 'visits': [100003, 300002, 200001, 100002], 'port': 300002}", "{'hs_history': [(x^L) - ([]), (dl_vlan:65535,dl_vlan_pcp:0) - ([]), (dl_vlan:65535,dl_vlan_pcp:0) - ([]), (dl_vlan:65535,dl_vlan_pcp:0) - ([])], 'hdr': (dl_vlan:65535,dl_vlan_pcp:0) - ([]), 'visits': [200003, 100002, 300002, 200001], 'port': 100002}", "{'hs_history': [(x^L) - ([]), (dl_vlan:65535,dl_vlan_pcp:0) - ([]), (dl_vlan:65535,dl_vlan_pcp:0) - ([]), (dl_vlan:65535,dl_vlan_pcp:0) - ([])], 'hdr': (dl_vlan:65535,dl_vlan_pcp:0) - ([]), 'visits': [100003, 200002, 300001, 100001], 'port': 200002}", "{'hs_history': [(x^L) - ([]), (dl_vlan:65535,dl_vlan_pcp:0) - ([]), (dl_vlan:65535,dl_vlan_pcp:0) - ([])], 'hdr': (dl_vlan:65535,dl_vlan_pcp:0) - ([]), 'visits': [300002, 200001, 100002], 'port': 300002}", "{'hs_history': [(x^L) - ([]), (dl_vlan:65535,dl_vlan_pcp:0) - ([]), (dl_vlan:65535,dl_vlan_pcp:0) - ([]), (dl_vlan:65535,dl_vlan_pcp:0) - ([])], 'hdr': (dl_vlan:65535,dl_vlan_pcp:0) - ([]), 'visits': [200003, 300001, 100001, 200002], 'port': 300001}"][1;m
[1;36m[1;44m00:02.777 00:02.249 Successfully matched event CheckInvariants:e111[1;m
[1;36m[1;36mRound 12[1;37m[1;m
[1;36mForwarding dataplane event[1;m
[1;36mForwarding dataplane event[1;m
[1;36mForwarding dataplane event[1;m
[1;36mForwarding dataplane event[1;m
[1;36mForwarding dataplane event[1;m
[1;36mForwarding dataplane event[1;m
[1;36mForwarding dataplane event[1;m
[1;36mForwarding dataplane event[1;m
[1;36mForwarding dataplane event[1;m
[1;41m[1;33m[c1] DEBUG:pyretic.core.runtime.DEBUG_TOPO_DISCOVERY: handle_link_updates[1;m

[1;41m[1;33m[c1] DEBUG:pyretic.core.runtime.DEBUG_TOPO_DISCOVERY: ----------------------------------------------------------[1;m

[1;41m[1;33m[c1] switch  |  switch edges    |   egress ports              |[1;m

[1;41m[1;33m[c1] ----------------------------------------------------------[1;m

[1;41m[1;33m[c1] 1       |  1[1] --- 3[2]   |  1[2]---, 1[3]---           |[1;m

[1;41m[1;33m[c1] 2       |                  |  2[3]---, 2[1]---, 2[2]---  |[1;m

[1;41m[1;33m[c1] 3       |  1[1] --- 3[2]   |  3[1]---, 3[3]---           |[1;m

[1;41m[1;33m[c1] 4       |                  |                             |[1;m

[1;41m[1;33m[c1] ----------------------------------------------------------[1;m

[1;41m[1;33m[c1] DEBUG:pyretic.core.runtime.DEBUG_TOPO_DISCOVERY: handle_link_updates[1;m

[1;41m[1;33m[c1] DEBUG:pyretic.core.runtime.DEBUG_TOPO_DISCOVERY: ---------------------------------------------------------------[1;m

[1;41m[1;33m[c1] switch  |     switch edges               |  egress ports      |[1;m

[1;41m[1;33m[c1] ---------------------------------------------------------------[1;m

[1;41m[1;33m[c1] 1       |  1[1] --- 3[2]                 |  1[2]---, 1[3]---  |[1;m

[1;41m[1;33m[c1] 2       |  2[1] --- 3[1]                 |  2[3]---, 2[2]---  |[1;m

[1;41m[1;33m[c1] 3       |  1[1] --- 3[2], 2[1] --- 3[1]  |  3[3]---           |[1;m

[1;41m[1;33m[c1] 4       |                                |                    |[1;m

[1;41m[1;33m[c1] ---------------------------------------------------------------[1;m

[1;41m[1;33m[c1] DEBUG:pyretic.core.runtime.DEBUG_TOPO_DISCOVERY: handle_link_updates[1;m

[1;41m[1;33m[c1] DEBUG:pyretic.core.runtime.DEBUG_TOPO_DISCOVERY: -----------------------------------------------------------[1;m

[1;41m[1;33m[c1] switch  |     switch edges               |  egress ports  |[1;m

[1;41m[1;33m[c1] -----------------------------------------------------------[1;m

[1;41m[1;33m[c1] 1       |  1[2] --- 2[2], 1[1] --- 3[2]  |  1[3]---       |[1;m

[1;41m[1;33m[c1] 2       |  1[2] --- 2[2], 2[1] --- 3[1]  |  2[3]---       |[1;m

[1;41m[1;33m[c1] 3       |  1[1] --- 3[2], 2[1] --- 3[1]  |  3[3]---       |[1;m

[1;41m[1;33m[c1] 4       |                                |                |[1;m

[1;41m[1;33m[c1] -----------------------------------------------------------[1;m

[1;41m[1;33m[c1] DEBUG:pyretic.core.runtime.DEBUG_TOPO_DISCOVERY: handle_link_updates[1;m

[1;41m[1;33m[c1] DEBUG:pyretic.core.runtime.DEBUG_TOPO_DISCOVERY: nothing to do[1;m

[1;41m[1;33m[c1] DEBUG:pyretic.core.runtime.DEBUG_TOPO_DISCOVERY: handle_link_updates[1;m

[1;41m[1;33m[c1] DEBUG:pyretic.core.runtime.DEBUG_TOPO_DISCOVERY: nothing to do[1;m

[1;41m[1;33m[c1] DEBUG:pyretic.core.runtime.DEBUG_TOPO_DISCOVERY: handle_link_updates[1;m

[1;41m[1;33m[c1] DEBUG:pyretic.core.runtime.DEBUG_TOPO_DISCOVERY: nothing to do[1;m

[1;41m[1;37mViolation encountered again after 1 steps: {'hs_history': [(x^L) - ([]), (dl_vlan:65535,dl_vlan_pcp:0) - ([]), (dl_vlan:65535,dl_vlan_pcp:0) - ([])], 'hdr': (dl_vlan:65535,dl_vlan_pcp:0) - ([]), 'visits': [200001, 100002, 300002], 'port': 200001}[1;m
[1;41m[1;37mViolation encountered again after 1 steps: {'hs_history': [(x^L) - ([]), (dl_vlan:65535,dl_vlan_pcp:0) - ([]), (dl_vlan:65535,dl_vlan_pcp:0) - ([])], 'hdr': (dl_vlan:65535,dl_vlan_pcp:0) - ([]), 'visits': [100002, 300002, 200001], 'port': 100002}[1;m
[1;41m[1;37mViolation encountered again after 1 steps: {'hs_history': [(x^L) - ([]), (dl_vlan:65535,dl_vlan_pcp:0) - ([]), (dl_vlan:65535,dl_vlan_pcp:0) - ([]), (dl_vlan:65535,dl_vlan_pcp:0) - ([])], 'hdr': (dl_vlan:65535,dl_vlan_pcp:0) - ([]), 'visits': [300003, 100001, 200002, 300001], 'port': 100001}[1;m
[1;41m[1;37mViolation encountered again after 1 steps: {'hs_history': [(x^L) - ([]), (dl_vlan:65535,dl_vlan_pcp:0) - ([]), (dl_vlan:65535,dl_vlan_pcp:0) - ([]), (dl_vlan:65535,dl_vlan_pcp:0) - ([])], 'hdr': (dl_vlan:65535,dl_vlan_pcp:0) - ([]), 'visits': [300003, 200001, 100002, 300002], 'port': 200001}[1;m
[1;41m[1;37mViolation encountered again after 1 steps: {'hs_history': [(x^L) - ([]), (dl_vlan:65535,dl_vlan_pcp:0) - ([]), (dl_vlan:65535,dl_vlan_pcp:0) - ([]), (dl_vlan:65535,dl_vlan_pcp:0) - ([])], 'hdr': (dl_vlan:65535,dl_vlan_pcp:0) - ([]), 'visits': [200003, 100002, 300002, 200001], 'port': 100002}[1;m
[1;41m[1;37mViolation encountered again after 1 steps: {'hs_history': [(x^L) - ([]), (dl_vlan:65535,dl_vlan_pcp:0) - ([]), (dl_vlan:65535,dl_vlan_pcp:0) - ([])], 'hdr': (dl_vlan:65535,dl_vlan_pcp:0) - ([]), 'visits': [200002, 300001, 100001], 'port': 200002}[1;m
[1;41m[1;37mViolation encountered again after 1 steps: {'hs_history': [(x^L) - ([]), (dl_vlan:65535,dl_vlan_pcp:0) - ([]), (dl_vlan:65535,dl_vlan_pcp:0) - ([])], 'hdr': (dl_vlan:65535,dl_vlan_pcp:0) - ([]), 'visits': [100001, 200002, 300001], 'port': 100001}[1;m
[1;41m[1;37mViolation encountered again after 1 steps: {'hs_history': [(x^L) - ([]), (dl_vlan:65535,dl_vlan_pcp:0) - ([]), (dl_vlan:65535,dl_vlan_pcp:0) - ([]), (dl_vlan:65535,dl_vlan_pcp:0) - ([])], 'hdr': (dl_vlan:65535,dl_vlan_pcp:0) - ([]), 'visits': [100003, 300002, 200001, 100002], 'port': 300002}[1;m
[1;41m[1;37mViolation encountered again after 1 steps: {'hs_history': [(x^L) - ([]), (dl_vlan:65535,dl_vlan_pcp:0) - ([]), (dl_vlan:65535,dl_vlan_pcp:0) - ([])], 'hdr': (dl_vlan:65535,dl_vlan_pcp:0) - ([]), 'visits': [300001, 100001, 200002], 'port': 300001}[1;m
[1;41m[1;37mViolation encountered again after 1 steps: {'hs_history': [(x^L) - ([]), (dl_vlan:65535,dl_vlan_pcp:0) - ([]), (dl_vlan:65535,dl_vlan_pcp:0) - ([]), (dl_vlan:65535,dl_vlan_pcp:0) - ([])], 'hdr': (dl_vlan:65535,dl_vlan_pcp:0) - ([]), 'visits': [100003, 200002, 300001, 100001], 'port': 200002}[1;m
[1;41m[1;37mViolation encountered again after 1 steps: {'hs_history': [(x^L) - ([]), (dl_vlan:65535,dl_vlan_pcp:0) - ([]), (dl_vlan:65535,dl_vlan_pcp:0) - ([])], 'hdr': (dl_vlan:65535,dl_vlan_pcp:0) - ([]), 'visits': [300002, 200001, 100002], 'port': 300002}[1;m
[1;41m[1;37mViolation encountered again after 1 steps: {'hs_history': [(x^L) - ([]), (dl_vlan:65535,dl_vlan_pcp:0) - ([]), (dl_vlan:65535,dl_vlan_pcp:0) - ([]), (dl_vlan:65535,dl_vlan_pcp:0) - ([])], 'hdr': (dl_vlan:65535,dl_vlan_pcp:0) - ([]), 'visits': [200003, 300001, 100001, 200002], 'port': 300001}[1;m
[1;41m[1;37mThe following correctness violations have occurred: ["{'hs_history': [(x^L) - ([]), (dl_vlan:65535,dl_vlan_pcp:0) - ([]), (dl_vlan:65535,dl_vlan_pcp:0) - ([])], 'hdr': (dl_vlan:65535,dl_vlan_pcp:0) - ([]), 'visits': [200001, 100002, 300002], 'port': 200001}", "{'hs_history': [(x^L) - ([]), (dl_vlan:65535,dl_vlan_pcp:0) - ([]), (dl_vlan:65535,dl_vlan_pcp:0) - ([])], 'hdr': (dl_vlan:65535,dl_vlan_pcp:0) - ([]), 'visits': [100002, 300002, 200001], 'port': 100002}", "{'hs_history': [(x^L) - ([]), (dl_vlan:65535,dl_vlan_pcp:0) - ([]), (dl_vlan:65535,dl_vlan_pcp:0) - ([]), (dl_vlan:65535,dl_vlan_pcp:0) - ([])], 'hdr': (dl_vlan:65535,dl_vlan_pcp:0) - ([]), 'visits': [300003, 100001, 200002, 300001], 'port': 100001}", "{'hs_history': [(x^L) - ([]), (dl_vlan:65535,dl_vlan_pcp:0) - ([]), (dl_vlan:65535,dl_vlan_pcp:0) - ([]), (dl_vlan:65535,dl_vlan_pcp:0) - ([])], 'hdr': (dl_vlan:65535,dl_vlan_pcp:0) - ([]), 'visits': [300003, 200001, 100002, 300002], 'port': 200001}", "{'hs_history': [(x^L) - ([]), (dl_vlan:65535,dl_vlan_pcp:0) - ([]), (dl_vlan:65535,dl_vlan_pcp:0) - ([]), (dl_vlan:65535,dl_vlan_pcp:0) - ([])], 'hdr': (dl_vlan:65535,dl_vlan_pcp:0) - ([]), 'visits': [200003, 100002, 300002, 200001], 'port': 100002}", "{'hs_history': [(x^L) - ([]), (dl_vlan:65535,dl_vlan_pcp:0) - ([]), (dl_vlan:65535,dl_vlan_pcp:0) - ([])], 'hdr': (dl_vlan:65535,dl_vlan_pcp:0) - ([]), 'visits': [200002, 300001, 100001], 'port': 200002}", "{'hs_history': [(x^L) - ([]), (dl_vlan:65535,dl_vlan_pcp:0) - ([]), (dl_vlan:65535,dl_vlan_pcp:0) - ([])], 'hdr': (dl_vlan:65535,dl_vlan_pcp:0) - ([]), 'visits': [100001, 200002, 300001], 'port': 100001}", "{'hs_history': [(x^L) - ([]), (dl_vlan:65535,dl_vlan_pcp:0) - ([]), (dl_vlan:65535,dl_vlan_pcp:0) - ([]), (dl_vlan:65535,dl_vlan_pcp:0) - ([])], 'hdr': (dl_vlan:65535,dl_vlan_pcp:0) - ([]), 'visits': [100003, 300002, 200001, 100002], 'port': 300002}", "{'hs_history': [(x^L) - ([]), (dl_vlan:65535,dl_vlan_pcp:0) - ([]), (dl_vlan:65535,dl_vlan_pcp:0) - ([])], 'hdr': (dl_vlan:65535,dl_vlan_pcp:0) - ([]), 'visits': [300001, 100001, 200002], 'port': 300001}", "{'hs_history': [(x^L) - ([]), (dl_vlan:65535,dl_vlan_pcp:0) - ([]), (dl_vlan:65535,dl_vlan_pcp:0) - ([]), (dl_vlan:65535,dl_vlan_pcp:0) - ([])], 'hdr': (dl_vlan:65535,dl_vlan_pcp:0) - ([]), 'visits': [100003, 200002, 300001, 100001], 'port': 200002}", "{'hs_history': [(x^L) - ([]), (dl_vlan:65535,dl_vlan_pcp:0) - ([]), (dl_vlan:65535,dl_vlan_pcp:0) - ([])], 'hdr': (dl_vlan:65535,dl_vlan_pcp:0) - ([]), 'visits': [300002, 200001, 100002], 'port': 300002}", "{'hs_history': [(x^L) - ([]), (dl_vlan:65535,dl_vlan_pcp:0) - ([]), (dl_vlan:65535,dl_vlan_pcp:0) - ([]), (dl_vlan:65535,dl_vlan_pcp:0) - ([])], 'hdr': (dl_vlan:65535,dl_vlan_pcp:0) - ([]), 'visits': [200003, 300001, 100001, 200002], 'port': 300001}"][1;m
[1;41m[1;37mPersistent violations detected!: ["{'hs_history': [(x^L) - ([]), (dl_vlan:65535,dl_vlan_pcp:0) - ([]), (dl_vlan:65535,dl_vlan_pcp:0) - ([])], 'hdr': (dl_vlan:65535,dl_vlan_pcp:0) - ([]), 'visits': [100001, 200002, 300001], 'port': 100001}", "{'hs_history': [(x^L) - ([]), (dl_vlan:65535,dl_vlan_pcp:0) - ([]), (dl_vlan:65535,dl_vlan_pcp:0) - ([])], 'hdr': (dl_vlan:65535,dl_vlan_pcp:0) - ([]), 'visits': [100002, 300002, 200001], 'port': 100002}", "{'hs_history': [(x^L) - ([]), (dl_vlan:65535,dl_vlan_pcp:0) - ([]), (dl_vlan:65535,dl_vlan_pcp:0) - ([]), (dl_vlan:65535,dl_vlan_pcp:0) - ([])], 'hdr': (dl_vlan:65535,dl_vlan_pcp:0) - ([]), 'visits': [300003, 200001, 100002, 300002], 'port': 200001}", "{'hs_history': [(x^L) - ([]), (dl_vlan:65535,dl_vlan_pcp:0) - ([]), (dl_vlan:65535,dl_vlan_pcp:0) - ([]), (dl_vlan:65535,dl_vlan_pcp:0) - ([])], 'hdr': (dl_vlan:65535,dl_vlan_pcp:0) - ([]), 'visits': [300003, 100001, 200002, 300001], 'port': 100001}", "{'hs_history': [(x^L) - ([]), (dl_vlan:65535,dl_vlan_pcp:0) - ([]), (dl_vlan:65535,dl_vlan_pcp:0) - ([])], 'hdr': (dl_vlan:65535,dl_vlan_pcp:0) - ([]), 'visits': [300001, 100001, 200002], 'port': 300001}", "{'hs_history': [(x^L) - ([]), (dl_vlan:65535,dl_vlan_pcp:0) - ([]), (dl_vlan:65535,dl_vlan_pcp:0) - ([])], 'hdr': (dl_vlan:65535,dl_vlan_pcp:0) - ([]), 'visits': [200002, 300001, 100001], 'port': 200002}", "{'hs_history': [(x^L) - ([]), (dl_vlan:65535,dl_vlan_pcp:0) - ([]), (dl_vlan:65535,dl_vlan_pcp:0) - ([])], 'hdr': (dl_vlan:65535,dl_vlan_pcp:0) - ([]), 'visits': [200001, 100002, 300002], 'port': 200001}", "{'hs_history': [(x^L) - ([]), (dl_vlan:65535,dl_vlan_pcp:0) - ([]), (dl_vlan:65535,dl_vlan_pcp:0) - ([]), (dl_vlan:65535,dl_vlan_pcp:0) - ([])], 'hdr': (dl_vlan:65535,dl_vlan_pcp:0) - ([]), 'visits': [100003, 300002, 200001, 100002], 'port': 300002}", "{'hs_history': [(x^L) - ([]), (dl_vlan:65535,dl_vlan_pcp:0) - ([]), (dl_vlan:65535,dl_vlan_pcp:0) - ([]), (dl_vlan:65535,dl_vlan_pcp:0) - ([])], 'hdr': (dl_vlan:65535,dl_vlan_pcp:0) - ([]), 'visits': [200003, 100002, 300002, 200001], 'port': 100002}", "{'hs_history': [(x^L) - ([]), (dl_vlan:65535,dl_vlan_pcp:0) - ([]), (dl_vlan:65535,dl_vlan_pcp:0) - ([]), (dl_vlan:65535,dl_vlan_pcp:0) - ([])], 'hdr': (dl_vlan:65535,dl_vlan_pcp:0) - ([]), 'visits': [100003, 200002, 300001, 100001], 'port': 200002}", "{'hs_history': [(x^L) - ([]), (dl_vlan:65535,dl_vlan_pcp:0) - ([]), (dl_vlan:65535,dl_vlan_pcp:0) - ([])], 'hdr': (dl_vlan:65535,dl_vlan_pcp:0) - ([]), 'visits': [300002, 200001, 100002], 'port': 300002}", "{'hs_history': [(x^L) - ([]), (dl_vlan:65535,dl_vlan_pcp:0) - ([]), (dl_vlan:65535,dl_vlan_pcp:0) - ([]), (dl_vlan:65535,dl_vlan_pcp:0) - ([])], 'hdr': (dl_vlan:65535,dl_vlan_pcp:0) - ([]), 'visits': [200003, 300001, 100001, 200002], 'port': 300001}"][1;m
[1;36m[1;44m00:02.952 00:02.403 Successfully matched event CheckInvariants:e112[1;m
[1;36m[1;36mRound 13[1;37m[1;m
[1;41m[1;33m[c1] DEBUG:pyretic.core.runtime.Runtime: |2014-05-25 19:00:34.480935|[1;m

[1;41m[1;33m[c1] 	generate classifier[1;m

[1;41m[1;33m[c1] 	policy=flood on:[1;m

[1;41m[1;33m[c1] -----------------------------------------------------------[1;m

[1;41m[1;33m[c1] switch  |     switch edges               |  egress ports  |[1;m

[1;41m[1;33m[c1] -----------------------------------------------------------[1;m

[1;41m[1;33m[c1] 1       |  1[2] --- 2[2], 1[1] --- 3[2]  |  1[3]---       |[1;m

[1;41m[1;33m[c1] 2       |  1[2] --- 2[2]                 |  2[3]---       |[1;m

[1;41m[1;33m[c1] 3       |  1[1] --- 3[2]                 |  3[3]---       |[1;m

[1;41m[1;33m[c1] 4       |                                |                |[1;m

[1;41m[1;33m[c1] -----------------------------------------------------------[1;m

[1;41m[1;33m[c1] 	classifier=match: ('switch', 1) ('inport', 1)[1;m

[1;41m[1;33m[c1]   -> [modify: ('outport', 2), modify: ('outport', 3)][1;m

[1;41m[1;33m[c1]  match: ('switch', 1) ('inport', 2)[1;m

[1;41m[1;33m[c1]   -> [modify: ('outport', 1), modify: ('outport', 3)][1;m

[1;41m[1;33m[c1]  match: ('switch', 1) ('inport', 3)[1;m

[1;41m[1;33m[c1]   -> [modify: ('outport', 1), modify: ('outport', 2)][1;m

[1;41m[1;33m[c1]  match: ('switch', 1)[1;m

[1;41m[1;33m[c1]   -> [modify: ('outport', 1), modify: ('outport', 2), modify: ('outport', 3)][1;m

[1;41m[1;33m[c1]  match: ('switch', 2) ('inport', 2)[1;m

[1;41m[1;33m[c1]   -> [modify: ('outport', 3)][1;m

[1;41m[1;33m[c1]  match: ('switch', 2) ('inport', 3)[1;m

[1;41m[1;33m[c1]   -> [modify: ('outport', 2)][1;m

[1;41m[1;33m[c1]  match: ('switch', 2)[1;m

[1;41m[1;33m[c1]   -> [modify: ('outport', 2), modify: ('outport', 3)][1;m

[1;41m[1;33m[c1]  match: ('switch', 3) ('inport', 2)[1;m

[1;41m[1;33m[c1]   -> [modify: ('outport', 3)][1;m

[1;41m[1;33m[c1]  match: ('switch', 3) ('inport', 3)[1;m

[1;41m[1;33m[c1]   -> [modify: ('outport', 2)][1;m

[1;41m[1;33m[c1]  match: ('switch', 3)[1;m

[1;41m[1;33m[c1]   -> [modify: ('outport', 2), modify: ('outport', 3)][1;m

[1;41m[1;33m[c1]  match: ('switch', 4)[1;m

[1;41m[1;33m[c1]   -> [drop][1;m

[1;41m[1;33m[c1]  identity[1;m

[1;41m[1;33m[c1]   -> [drop][1;m

[1;41m[1;33m[c1] [1;m

[1;41m[1;33m[c1] DEBUG:pyretic.core.runtime.Runtime: |2014-05-25 19:00:34.490263|[1;m

[1;41m[1;33m[c1] 	sending openflow rule:[1;m

[1;41m[1;33m[c1] 	0 {'switch': 1} [{'outport': 65533}][1;m

[1;41m[1;33m[c1] [1;m

[1;41m[1;33m[c1] DEBUG:pyretic.core.runtime.Runtime: |2014-05-25 19:00:34.493184|[1;m

[1;41m[1;33m[c1] 	sending openflow rule:[1;m

[1;41m[1;33m[c1] 	0 {'switch': 2} [{'outport': 65533}][1;m

[1;41m[1;33m[c1] [1;m

[1;41m[1;33m[c1] DEBUG:pyretic.core.runtime.Runtime: |2014-05-25 19:00:34.494023|[1;m

[1;41m[1;33m[c1] 	sending openflow rule:[1;m

[1;41m[1;33m[c1] 	0 {'switch': 3} [{'outport': 65533}][1;m

[1;41m[1;33m[c1] [1;m

[1;41m[1;33m[c1] DEBUG:pyretic.core.runtime.Runtime: |2014-05-25 19:00:34.494234|[1;m

[1;41m[1;33m[c1] 	sending openflow rule:[1;m

[1;41m[1;33m[c1] 	0 {'switch': 4} [{'outport': 65533}][1;m

[1;41m[1;33m[c1] [1;m

[1;41m[1;33m[c1] DEBUG:pyretic.core.runtime.Runtime: |2014-05-25 19:00:34.494335|[1;m

[1;41m[1;33m[c1] 	sending openflow rule:[1;m

[1;41m[1;33m[c1] 	60000 {'switch': 1, 'vlan_pcp': 0, 'vlan_id': 65535, 'ethtype': 35020} [{'outport': 65533}][1;m

[1;41m[1;33m[c1] [1;m

[1;41m[1;33m[c1] DEBUG:pyretic.core.runtime.Runtime: |2014-05-25 19:00:34.494438|[1;m

[1;41m[1;33m[c1] 	sending openflow rule:[1;m

[1;41m[1;33m[c1] 	60000 {'switch': 2, 'vlan_pcp': 0, 'vlan_id': 65535, 'ethtype': 35020} [{'outport': 65533}][1;m

[1;41m[1;33m[c1] [1;m

[1;41m[1;33m[c1] DEBUG:pyretic.core.runtime.Runtime: |2014-05-25 19:00:34.494528|[1;m

[1;41m[1;33m[c1] 	sending openflow rule:[1;m

[1;41m[1;33m[c1] 	60000 {'switch': 3, 'vlan_pcp': 0, 'vlan_id': 65535, 'ethtype': 35020} [{'outport': 65533}][1;m

[1;41m[1;33m[c1] [1;m

[1;41m[1;33m[c1] DEBUG:pyretic.core.runtime.Runtime: |2014-05-25 19:00:34.495664|[1;m

[1;41m[1;33m[c1] 	sending openflow rule:[1;m

[1;41m[1;33m[c1] 	60000 {'switch': 4, 'vlan_pcp': 0, 'vlan_id': 65535, 'ethtype': 35020} [{'outport': 65533}][1;m

[1;41m[1;33m[c1] [1;m

[1;41m[1;33m[c1] DEBUG:pyretic.core.runtime.Runtime: |2014-05-25 19:00:34.495934|[1;m

[1;41m[1;33m[c1] 	sending openflow rule:[1;m

[1;41m[1;33m[c1] 	59999 {'switch': 1, 'vlan_pcp': 0, 'vlan_id': 65535, 'inport': 1} [{'outport': 2}, {'outport': 3}][1;m

[1;41m[1;33m[c1] [1;m

[1;41m[1;33m[c1] DEBUG:pyretic.core.runtime.Runtime: |2014-05-25 19:00:34.496136|[1;m

[1;41m[1;33m[c1] 	sending openflow rule:[1;m

[1;41m[1;33m[c1] 	59998 {'switch': 1, 'vlan_pcp': 0, 'vlan_id': 65535, 'inport': 2} [{'outport': 1}, {'outport': 3}][1;m

[1;41m[1;33m[c1] [1;m

[1;41m[1;33m[c1] DEBUG:pyretic.core.runtime.Runtime: |2014-05-25 19:00:34.496280|[1;m

[1;41m[1;33m[c1] 	sending openflow rule:[1;m

[1;41m[1;33m[c1] 	59997 {'switch': 1, 'vlan_pcp': 0, 'vlan_id': 65535, 'inport': 3} [{'outport': 1}, {'outport': 2}][1;m

[1;41m[1;33m[c1] [1;m

[1;41m[1;33m[c1] DEBUG:pyretic.core.runtime.Runtime: |2014-05-25 19:00:34.496461|[1;m

[1;41m[1;33m[c1] 	sending openflow rule:[1;m

[1;41m[1;33m[c1] 	59996 {'switch': 1, 'vlan_pcp': 0, 'inport': 1, 'vlan_id': 65535} [{'outport': 65528}, {'outport': 2}, {'outport': 3}][1;m

[1;41m[1;37mViolation encountered again after 2 steps: {'hs_history': [(x^L) - ([]), (dl_vlan:65535,dl_vlan_pcp:0) - ([]), (dl_vlan:65535,dl_vlan_pcp:0) - ([])], 'hdr': (dl_vlan:65535,dl_vlan_pcp:0) - ([]), 'visits': [200001, 100002, 300002], 'port': 200001}[1;m[1;41m[1;33m[c1] [1;m

[1;41m[1;37mViolation encountered again after 2 steps: {'hs_history': [(x^L) - ([]), (dl_vlan:65535,dl_vlan_pcp:0) - ([]), (dl_vlan:65535,dl_vlan_pcp:0) - ([])], 'hdr': (dl_vlan:65535,dl_vlan_pcp:0) - ([]), 'visits': [100002, 300002, 200001], 'port': 100002}[1;m

[1;41m[1;37mViolation encountered again after 2 steps: {'hs_history': [(x^L) - ([]), (dl_vlan:65535,dl_vlan_pcp:0) - ([]), (dl_vlan:65535,dl_vlan_pcp:0) - ([]), (dl_vlan:65535,dl_vlan_pcp:0) - ([])], 'hdr': (dl_vlan:65535,dl_vlan_pcp:0) - ([]), 'visits': [300003, 100001, 200002, 300001], 'port': 100001}[1;m
[1;41m[1;37mViolation encountered again after 2 steps: {'hs_history': [(x^L) - ([]), (dl_vlan:65535,dl_vlan_pcp:0) - ([]), (dl_vlan:65535,dl_vlan_pcp:0) - ([]), (dl_vlan:65535,dl_vlan_pcp:0) - ([])], 'hdr': (dl_vlan:65535,dl_vlan_pcp:0) - ([]), 'visits': [300003, 200001, 100002, 300002], 'port': 200001}[1;m
[1;41m[1;37mViolation encountered again after 2 steps: {'hs_history': [(x^L) - ([]), (dl_vlan:65535,dl_vlan_pcp:0) - ([]), (dl_vlan:65535,dl_vlan_pcp:0) - ([]), (dl_vlan:65535,dl_vlan_pcp:0) - ([])], 'hdr': (dl_vlan:65535,dl_vlan_pcp:0) - ([]), 'visits': [200003, 100002, 300002, 200001], 'port': 100002}[1;m
[1;41m[1;37mViolation encountered again after 2 steps: {'hs_history': [(x^L) - ([]), (dl_vlan:65535,dl_vlan_pcp:0) - ([]), (dl_vlan:65535,dl_vlan_pcp:0) - ([])], 'hdr': (dl_vlan:65535,dl_vlan_pcp:0) - ([]), 'visits': [200002, 300001, 100001], 'port': 200002}[1;m
[1;41m[1;37mViolation encountered again after 2 steps: {'hs_history': [(x^L) - ([]), (dl_vlan:65535,dl_vlan_pcp:0) - ([]), (dl_vlan:65535,dl_vlan_pcp:0) - ([])], 'hdr': (dl_vlan:65535,dl_vlan_pcp:0) - ([]), 'visits': [100001, 200002, 300001], 'port': 100001}[1;m
[1;41m[1;37mViolation encountered again after 2 steps: {'hs_history': [(x^L) - ([]), (dl_vlan:65535,dl_vlan_pcp:0) - ([]), (dl_vlan:65535,dl_vlan_pcp:0) - ([]), (dl_vlan:65535,dl_vlan_pcp:0) - ([])], 'hdr': (dl_vlan:65535,dl_vlan_pcp:0) - ([]), 'visits': [100003, 300002, 200001, 100002], 'port': 300002}[1;m
[1;41m[1;37mViolation encountered again after 2 steps: {'hs_history': [(x^L) - ([]), (dl_vlan:65535,dl_vlan_pcp:0) - ([]), (dl_vlan:65535,dl_vlan_pcp:0) - ([])], 'hdr': (dl_vlan:65535,dl_vlan_pcp:0) - ([]), 'visits': [300001, 100001, 200002], 'port': 300001}[1;m
[1;41m[1;37mViolation encountered again after 2 steps: {'hs_history': [(x^L) - ([]), (dl_vlan:65535,dl_vlan_pcp:0) - ([]), (dl_vlan:65535,dl_vlan_pcp:0) - ([]), (dl_vlan:65535,dl_vlan_pcp:0) - ([])], 'hdr': (dl_vlan:65535,dl_vlan_pcp:0) - ([]), 'visits': [100003, 200002, 300001, 100001], 'port': 200002}[1;m
[1;41m[1;37mViolation encountered again after 2 steps: {'hs_history': [(x^L) - ([]), (dl_vlan:65535,dl_vlan_pcp:0) - ([]), (dl_vlan:65535,dl_vlan_pcp:0) - ([])], 'hdr': (dl_vlan:65535,dl_vlan_pcp:0) - ([]), 'visits': [300002, 200001, 100002], 'port': 300002}[1;m
[1;41m[1;37mViolation encountered again after 2 steps: {'hs_history': [(x^L) - ([]), (dl_vlan:65535,dl_vlan_pcp:0) - ([]), (dl_vlan:65535,dl_vlan_pcp:0) - ([]), (dl_vlan:65535,dl_vlan_pcp:0) - ([])], 'hdr': (dl_vlan:65535,dl_vlan_pcp:0) - ([]), 'visits': [200003, 300001, 100001, 200002], 'port': 300001}[1;m
[1;41m[1;37mThe following correctness violations have occurred: ["{'hs_history': [(x^L) - ([]), (dl_vlan:65535,dl_vlan_pcp:0) - ([]), (dl_vlan:65535,dl_vlan_pcp:0) - ([])], 'hdr': (dl_vlan:65535,dl_vlan_pcp:0) - ([]), 'visits': [200001, 100002, 300002], 'port': 200001}", "{'hs_history': [(x^L) - ([]), (dl_vlan:65535,dl_vlan_pcp:0) - ([]), (dl_vlan:65535,dl_vlan_pcp:0) - ([])], 'hdr': (dl_vlan:65535,dl_vlan_pcp:0) - ([]), 'visits': [100002, 300002, 200001], 'port': 100002}", "{'hs_history': [(x^L) - ([]), (dl_vlan:65535,dl_vlan_pcp:0) - ([]), (dl_vlan:65535,dl_vlan_pcp:0) - ([]), (dl_vlan:65535,dl_vlan_pcp:0) - ([])], 'hdr': (dl_vlan:65535,dl_vlan_pcp:0) - ([]), 'visits': [300003, 100001, 200002, 300001], 'port': 100001}", "{'hs_history': [(x^L) - ([]), (dl_vlan:65535,dl_vlan_pcp:0) - ([]), (dl_vlan:65535,dl_vlan_pcp:0) - ([]), (dl_vlan:65535,dl_vlan_pcp:0) - ([])], 'hdr': (dl_vlan:65535,dl_vlan_pcp:0) - ([]), 'visits': [300003, 200001, 100002, 300002], 'port': 200001}", "{'hs_history': [(x^L) - ([]), (dl_vlan:65535,dl_vlan_pcp:0) - ([]), (dl_vlan:65535,dl_vlan_pcp:0) - ([]), (dl_vlan:65535,dl_vlan_pcp:0) - ([])], 'hdr': (dl_vlan:65535,dl_vlan_pcp:0) - ([]), 'visits': [200003, 100002, 300002, 200001], 'port': 100002}", "{'hs_history': [(x^L) - ([]), (dl_vlan:65535,dl_vlan_pcp:0) - ([]), (dl_vlan:65535,dl_vlan_pcp:0) - ([])], 'hdr': (dl_vlan:65535,dl_vlan_pcp:0) - ([]), 'visits': [200002, 300001, 100001], 'port': 200002}", "{'hs_history': [(x^L) - ([]), (dl_vlan:65535,dl_vlan_pcp:0) - ([]), (dl_vlan:65535,dl_vlan_pcp:0) - ([])], 'hdr': (dl_vlan:65535,dl_vlan_pcp:0) - ([]), 'visits': [100001, 200002, 300001], 'port': 100001}", "{'hs_history': [(x^L) - ([]), (dl_vlan:65535,dl_vlan_pcp:0) - ([]), (dl_vlan:65535,dl_vlan_pcp:0) - ([]), (dl_vlan:65535,dl_vlan_pcp:0) - ([])], 'hdr': (dl_vlan:65535,dl_vlan_pcp:0) - ([]), 'visits': [100003, 300002, 200001, 100002], 'port': 300002}", "{'hs_history': [(x^L) - ([]), (dl_vlan:65535,dl_vlan_pcp:0) - ([]), (dl_vlan:65535,dl_vlan_pcp:0) - ([])], 'hdr': (dl_vlan:65535,dl_vlan_pcp:0) - ([]), 'visits': [300001, 100001, 200002], 'port': 300001}", "{'hs_history': [(x^L) - ([]), (dl_vlan:65535,dl_vlan_pcp:0) - ([]), (dl_vlan:65535,dl_vlan_pcp:0) - ([]), (dl_vlan:65535,dl_vlan_pcp:0) - ([])], 'hdr': (dl_vlan:65535,dl_vlan_pcp:0) - ([]), 'visits': [100003, 200002, 300001, 100001], 'port': 200002}", "{'hs_history': [(x^L) - ([]), (dl_vlan:65535,dl_vlan_pcp:0) - ([]), (dl_vlan:65535,dl_vlan_pcp:0) - ([])], 'hdr': (dl_vlan:65535,dl_vlan_pcp:0) - ([]), 'visits': [300002, 200001, 100002], 'port': 300002}", "{'hs_history': [(x^L) - ([]), (dl_vlan:65535,dl_vlan_pcp:0) - ([]), (dl_vlan:65535,dl_vlan_pcp:0) - ([]), (dl_vlan:65535,dl_vlan_pcp:0) - ([])], 'hdr': (dl_vlan:65535,dl_vlan_pcp:0) - ([]), 'visits': [200003, 300001, 100001, 200002], 'port': 300001}"][1;m
[1;41m[1;37mPersistent violations detected!: ["{'hs_history': [(x^L) - ([]), (dl_vlan:65535,dl_vlan_pcp:0) - ([]), (dl_vlan:65535,dl_vlan_pcp:0) - ([])], 'hdr': (dl_vlan:65535,dl_vlan_pcp:0) - ([]), 'visits': [100001, 200002, 300001], 'port': 100001}", "{'hs_history': [(x^L) - ([]), (dl_vlan:65535,dl_vlan_pcp:0) - ([]), (dl_vlan:65535,dl_vlan_pcp:0) - ([])], 'hdr': (dl_vlan:65535,dl_vlan_pcp:0) - ([]), 'visits': [100002, 300002, 200001], 'port': 100002}", "{'hs_history': [(x^L) - ([]), (dl_vlan:65535,dl_vlan_pcp:0) - ([]), (dl_vlan:65535,dl_vlan_pcp:0) - ([]), (dl_vlan:65535,dl_vlan_pcp:0) - ([])], 'hdr': (dl_vlan:65535,dl_vlan_pcp:0) - ([]), 'visits': [300003, 200001, 100002, 300002], 'port': 200001}", "{'hs_history': [(x^L) - ([]), (dl_vlan:65535,dl_vlan_pcp:0) - ([]), (dl_vlan:65535,dl_vlan_pcp:0) - ([]), (dl_vlan:65535,dl_vlan_pcp:0) - ([])], 'hdr': (dl_vlan:65535,dl_vlan_pcp:0) - ([]), 'visits': [300003, 100001, 200002, 300001], 'port': 100001}", "{'hs_history': [(x^L) - ([]), (dl_vlan:65535,dl_vlan_pcp:0) - ([]), (dl_vlan:65535,dl_vlan_pcp:0) - ([])], 'hdr': (dl_vlan:65535,dl_vlan_pcp:0) - ([]), 'visits': [300001, 100001, 200002], 'port': 300001}", "{'hs_history': [(x^L) - ([]), (dl_vlan:65535,dl_vlan_pcp:0) - ([]), (dl_vlan:65535,dl_vlan_pcp:0) - ([])], 'hdr': (dl_vlan:65535,dl_vlan_pcp:0) - ([]), 'visits': [200002, 300001, 100001], 'port': 200002}", "{'hs_history': [(x^L) - ([]), (dl_vlan:65535,dl_vlan_pcp:0) - ([]), (dl_vlan:65535,dl_vlan_pcp:0) - ([])], 'hdr': (dl_vlan:65535,dl_vlan_pcp:0) - ([]), 'visits': [200001, 100002, 300002], 'port': 200001}", "{'hs_history': [(x^L) - ([]), (dl_vlan:65535,dl_vlan_pcp:0) - ([]), (dl_vlan:65535,dl_vlan_pcp:0) - ([]), (dl_vlan:65535,dl_vlan_pcp:0) - ([])], 'hdr': (dl_vlan:65535,dl_vlan_pcp:0) - ([]), 'visits': [100003, 300002, 200001, 100002], 'port': 300002}", "{'hs_history': [(x^L) - ([]), (dl_vlan:65535,dl_vlan_pcp:0) - ([]), (dl_vlan:65535,dl_vlan_pcp:0) - ([]), (dl_vlan:65535,dl_vlan_pcp:0) - ([])], 'hdr': (dl_vlan:65535,dl_vlan_pcp:0) - ([]), 'visits': [200003, 100002, 300002, 200001], 'port': 100002}", "{'hs_history': [(x^L) - ([]), (dl_vlan:65535,dl_vlan_pcp:0) - ([]), (dl_vlan:65535,dl_vlan_pcp:0) - ([]), (dl_vlan:65535,dl_vlan_pcp:0) - ([])], 'hdr': (dl_vlan:65535,dl_vlan_pcp:0) - ([]), 'visits': [100003, 200002, 300001, 100001], 'port': 200002}", "{'hs_history': [(x^L) - ([]), (dl_vlan:65535,dl_vlan_pcp:0) - ([]), (dl_vlan:65535,dl_vlan_pcp:0) - ([])], 'hdr': (dl_vlan:65535,dl_vlan_pcp:0) - ([]), 'visits': [300002, 200001, 100002], 'port': 300002}", "{'hs_history': [(x^L) - ([]), (dl_vlan:65535,dl_vlan_pcp:0) - ([]), (dl_vlan:65535,dl_vlan_pcp:0) - ([]), (dl_vlan:65535,dl_vlan_pcp:0) - ([])], 'hdr': (dl_vlan:65535,dl_vlan_pcp:0) - ([]), 'visits': [200003, 300001, 100001, 200002], 'port': 300001}"][1;m
[1;36m[1;44m00:03.124 00:02.531 Successfully matched event CheckInvariants:e113[1;m
[1;36m[1;36mRound 14[1;37m[1;m
[1;41m[1;33m[c1] DEBUG:pyretic.core.runtime.Runtime: |2014-05-25 19:00:34.496727|[1;m

[1;41m[1;33m[c1] 	sending openflow rule:[1;m

[1;41m[1;33m[c1] 	59995 {'switch': 1, 'vlan_pcp': 0, 'inport': 2, 'vlan_id': 65535} [{'outport': 1}, {'outport': 65528}, {'outport': 3}][1;m

[1;41m[1;33m[c1] [1;m

[1;41m[1;33m[c1] DEBUG:pyretic.core.runtime.Runtime: |2014-05-25 19:00:34.496886|[1;m

[1;41m[1;33m[c1] 	sending openflow rule:[1;m

[1;41m[1;33m[c1] 	59994 {'switch': 1, 'vlan_pcp': 0, 'inport': 3, 'vlan_id': 65535} [{'outport': 1}, {'outport': 2}, {'outport': 65528}][1;m

[1;41m[1;33m[c1] [1;m

[1;41m[1;33m[c1] DEBUG:pyretic.core.runtime.Runtime: |2014-05-25 19:00:34.497028|[1;m

[1;41m[1;33m[c1] 	sending openflow rule:[1;m

[1;41m[1;33m[c1] 	59993 {'switch': 1, 'vlan_pcp': 0, 'vlan_id': 65535} [{'outport': 1}, {'outport': 2}, {'outport': 3}][1;m

[1;41m[1;33m[c1] [1;m

[1;41m[1;33m[c1] DEBUG:pyretic.core.runtime.Runtime: |2014-05-25 19:00:34.497160|[1;m

[1;41m[1;33m[c1] 	sending openflow rule:[1;m

[1;41m[1;33m[c1] 	59999 {'switch': 2, 'vlan_pcp': 0, 'vlan_id': 65535, 'inport': 2} [{'outport': 3}][1;m

[1;41m[1;33m[c1] [1;m

[1;41m[1;33m[c1] DEBUG:pyretic.core.runtime.Runtime: |2014-05-25 19:00:34.497277|[1;m

[1;41m[1;33m[c1] 	sending openflow rule:[1;m

[1;41m[1;33m[c1] 	59998 {'switch': 2, 'vlan_pcp': 0, 'vlan_id': 65535, 'inport': 3} [{'outport': 2}][1;m

[1;41m[1;33m[c1] [1;m

[1;41m[1;33m[c1] DEBUG:pyretic.core.runtime.Runtime: |2014-05-25 19:00:34.497403|[1;m

[1;41m[1;33m[c1] 	sending openflow rule:[1;m

[1;41m[1;33m[c1] 	59997 {'switch': 2, 'vlan_pcp': 0, 'inport': 2, 'vlan_id': 65535} [{'outport': 65528}, {'outport': 3}][1;m

[1;41m[1;33m[c1] [1;m

[1;41m[1;33m[c1] DEBUG:pyretic.core.runtime.Runtime: |2014-05-25 19:00:34.497527|[1;m

[1;41m[1;33m[c1] 	sending openflow rule:[1;m

[1;41m[1;33m[c1] 	59996 {'switch': 2, 'vlan_pcp': 0, 'inport': 3, 'vlan_id': 65535} [{'outport': 2}, {'outport': 65528}][1;m

[1;41m[1;33m[c1] [1;m

[1;41m[1;33m[c1] DEBUG:pyretic.core.runtime.Runtime: |2014-05-25 19:00:34.497649|[1;m

[1;41m[1;33m[c1] 	sending openflow rule:[1;m

[1;41m[1;33m[c1] 	59995 {'switch': 2, 'vlan_pcp': 0, 'vlan_id': 65535} [{'outport': 2}, {'outport': 3}][1;m

[1;41m[1;33m[c1] [1;m

[1;41m[1;33m[c1] DEBUG:pyretic.core.runtime.Runtime: |2014-05-25 19:00:34.497774|[1;m

[1;41m[1;33m[c1] 	sending openflow rule:[1;m

[1;41m[1;33m[c1] 	59999 {'switch': 3, 'vlan_pcp': 0, 'vlan_id': 65535, 'inport': 2} [{'outport': 3}][1;m

[1;41m[1;33m[c1] [1;m

[1;41m[1;33m[c1] DEBUG:pyretic.core.runtime.Runtime: |2014-05-25 19:00:34.497889|[1;m

[1;41m[1;33m[c1] 	sending openflow rule:[1;m

[1;41m[1;33m[c1] 	59998 {'switch': 3, 'vlan_pcp': 0, 'vlan_id': 65535, 'inport': 3} [{'outport': 2}][1;m

[1;41m[1;33m[c1] [1;m

[1;41m[1;33m[c1] DEBUG:pyretic.core.runtime.Runtime: |2014-05-25 19:00:34.498004|[1;m

[1;41m[1;33m[c1] 	sending openflow rule:[1;m

[1;41m[1;33m[c1] 	59997 {'switch': 3, 'vlan_pcp': 0, 'inport': 2, 'vlan_id': 65535} [{'outport': 65528}, {'outport': 3}][1;m

[1;41m[1;33m[c1] [1;m

[1;41m[1;33m[c1] DEBUG:pyretic.core.runtime.Runtime: |2014-05-25 19:00:34.498129|[1;m

[1;41m[1;33m[c1] 	sending openflow rule:[1;m

[1;41m[1;33m[c1] 	59996 {'switch': 3, 'vlan_pcp': 0, 'inport': 3, 'vlan_id': 65535} [{'outport': 2}, {'outport': 65528}][1;m

[1;41m[1;33m[c1] [1;m

[1;41m[1;33m[c1] DEBUG:pyretic.core.runtime.Runtime: |2014-05-25 19:00:34.498248|[1;m

[1;41m[1;33m[c1] 	sending openflow rule:[1;m

[1;41m[1;33m[c1] 	59995 {'switch': 3, 'vlan_pcp': 0, 'vlan_id': 65535} [{'outport': 2}, {'outport': 3}][1;m

[1;41m[1;33m[c1] [1;m

[1;41m[1;33m[c1] DEBUG:pyretic.core.runtime.Runtime: |2014-05-25 19:00:34.498364|[1;m

[1;41m[1;33m[c1] 	sending openflow rule:[1;m

[1;41m[1;33m[c1] 	59999 {'switch': 4, 'vlan_pcp': 0, 'vlan_id': 65535} [][1;m

[1;41m[1;33m[c1] [1;m

[1;41m[1;33m[c1] DEBUG:pyretic.core.runtime.Runtime: |2014-05-25 19:00:34.498473|[1;m

[1;41m[1;33m[c1] 	sending openflow rule:[1;m

[1;41m[1;33m[c1] 	59992 {'switch': 1, 'vlan_pcp': 0, 'vlan_id': 65535} [][1;m

[1;41m[1;33m[c1] [1;m

[1;41m[1;33m[c1] DEBUG:pyretic.core.runtime.Runtime: |2014-05-25 19:00:34.498626|[1;m

[1;41m[1;33m[c1] 	sending openflow rule:[1;m

[1;41m[1;33m[c1] 	59994 {'switch': 2, 'vlan_pcp': 0, 'vlan_id': 65535} [][1;m

[1;41m[1;33m[c1] [1;m

[1;41m[1;33m[c1] DEBUG:pyretic.core.runtime.Runtime: |2014-05-25 19:00:34.498741|[1;m

[1;41m[1;33m[c1] 	sending openflow rule:[1;m

[1;41m[1;33m[c1] 	59994 {'switch': 3, 'vlan_pcp': 0, 'vlan_id': 65535} [][1;m

[1;41m[1;33m[c1] [1;m

[1;41m[1;33m[c1] DEBUG:pyretic.core.runtime.Runtime: |2014-05-25 19:00:34.498887|[1;m

[1;41m[1;33m[c1] 	sending openflow rule:[1;m

[1;41m[1;33m[c1] 	59998 {'switch': 4, 'vlan_pcp': 0, 'vlan_id': 65535} [][1;m

[1;41m[1;33m[c1] [1;m

[1;36mCutting link (1:1) -> (3:2)[1;m
[1;36m[1;44m00:03.251 00:02.656 Successfully matched event LinkFailure:e114[1;m
[1;36m[1;36mRound 15[1;37m[1;m
[1;42m[1;37mViolation {'hs_history': [(x^L) - ([]), (dl_vlan:65535,dl_vlan_pcp:0) - ([]), (dl_vlan:65535,dl_vlan_pcp:0) - ([])], 'hdr': (dl_vlan:65535,dl_vlan_pcp:0) - ([]), 'visits': [100001, 200002, 300001], 'port': 100001} turns out to be transient![1;m
[1;42m[1;37mViolation {'hs_history': [(x^L) - ([]), (dl_vlan:65535,dl_vlan_pcp:0) - ([]), (dl_vlan:65535,dl_vlan_pcp:0) - ([])], 'hdr': (dl_vlan:65535,dl_vlan_pcp:0) - ([]), 'visits': [100002, 300002, 200001], 'port': 100002} turns out to be transient![1;m
[1;42m[1;37mViolation {'hs_history': [(x^L) - ([]), (dl_vlan:65535,dl_vlan_pcp:0) - ([]), (dl_vlan:65535,dl_vlan_pcp:0) - ([]), (dl_vlan:65535,dl_vlan_pcp:0) - ([])], 'hdr': (dl_vlan:65535,dl_vlan_pcp:0) - ([]), 'visits': [300003, 200001, 100002, 300002], 'port': 200001} turns out to be transient![1;m
[1;42m[1;37mViolation {'hs_history': [(x^L) - ([]), (dl_vlan:65535,dl_vlan_pcp:0) - ([]), (dl_vlan:65535,dl_vlan_pcp:0) - ([]), (dl_vlan:65535,dl_vlan_pcp:0) - ([])], 'hdr': (dl_vlan:65535,dl_vlan_pcp:0) - ([]), 'visits': [300003, 100001, 200002, 300001], 'port': 100001} turns out to be transient![1;m
[1;42m[1;37mViolation {'hs_history': [(x^L) - ([]), (dl_vlan:65535,dl_vlan_pcp:0) - ([]), (dl_vlan:65535,dl_vlan_pcp:0) - ([])], 'hdr': (dl_vlan:65535,dl_vlan_pcp:0) - ([]), 'visits': [300001, 100001, 200002], 'port': 300001} turns out to be transient![1;m
[1;42m[1;37mViolation {'hs_history': [(x^L) - ([]), (dl_vlan:65535,dl_vlan_pcp:0) - ([]), (dl_vlan:65535,dl_vlan_pcp:0) - ([])], 'hdr': (dl_vlan:65535,dl_vlan_pcp:0) - ([]), 'visits': [200002, 300001, 100001], 'port': 200002} turns out to be transient![1;m
[1;42m[1;37mViolation {'hs_history': [(x^L) - ([]), (dl_vlan:65535,dl_vlan_pcp:0) - ([]), (dl_vlan:65535,dl_vlan_pcp:0) - ([])], 'hdr': (dl_vlan:65535,dl_vlan_pcp:0) - ([]), 'visits': [200001, 100002, 300002], 'port': 200001} turns out to be transient![1;m
[1;42m[1;37mViolation {'hs_history': [(x^L) - ([]), (dl_vlan:65535,dl_vlan_pcp:0) - ([]), (dl_vlan:65535,dl_vlan_pcp:0) - ([]), (dl_vlan:65535,dl_vlan_pcp:0) - ([])], 'hdr': (dl_vlan:65535,dl_vlan_pcp:0) - ([]), 'visits': [100003, 300002, 200001, 100002], 'port': 300002} turns out to be transient![1;m
[1;42m[1;37mViolation {'hs_history': [(x^L) - ([]), (dl_vlan:65535,dl_vlan_pcp:0) - ([]), (dl_vlan:65535,dl_vlan_pcp:0) - ([]), (dl_vlan:65535,dl_vlan_pcp:0) - ([])], 'hdr': (dl_vlan:65535,dl_vlan_pcp:0) - ([]), 'visits': [200003, 100002, 300002, 200001], 'port': 100002} turns out to be transient![1;m
[1;42m[1;37mViolation {'hs_history': [(x^L) - ([]), (dl_vlan:65535,dl_vlan_pcp:0) - ([]), (dl_vlan:65535,dl_vlan_pcp:0) - ([]), (dl_vlan:65535,dl_vlan_pcp:0) - ([])], 'hdr': (dl_vlan:65535,dl_vlan_pcp:0) - ([]), 'visits': [100003, 200002, 300001, 100001], 'port': 200002} turns out to be transient![1;m
[1;42m[1;37mViolation {'hs_history': [(x^L) - ([]), (dl_vlan:65535,dl_vlan_pcp:0) - ([]), (dl_vlan:65535,dl_vlan_pcp:0) - ([])], 'hdr': (dl_vlan:65535,dl_vlan_pcp:0) - ([]), 'visits': [300002, 200001, 100002], 'port': 300002} turns out to be transient![1;m
[1;42m[1;37mViolation {'hs_history': [(x^L) - ([]), (dl_vlan:65535,dl_vlan_pcp:0) - ([]), (dl_vlan:65535,dl_vlan_pcp:0) - ([]), (dl_vlan:65535,dl_vlan_pcp:0) - ([])], 'hdr': (dl_vlan:65535,dl_vlan_pcp:0) - ([]), 'visits': [200003, 300001, 100001, 200002], 'port': 300001} turns out to be transient![1;m
[1;42m[1;37mNo correctness violations![1;m
[1;36m[1;44m00:03.262 00:02.657 Successfully matched event CheckInvariants:e115[1;m
[1;41m[1;33m[c1] DEBUG:pyretic.core.runtime.DEBUG_TOPO_DISCOVERY: handle_port_mods 1:1:True:False[1;m

[1;41m[1;33m[c1] DEBUG:pyretic.core.runtime.DEBUG_TOPO_DISCOVERY: port_down 1:1:double_check=True[1;m

[1;41m[1;33m[c1] DEBUG:pyretic.core.runtime.DEBUG_TOPO_DISCOVERY: ---------------------------------------------------------------[1;m

[1;41m[1;33m[c1] switch  |     switch edges               |  egress ports      |[1;m

[1;41m[1;33m[c1] ---------------------------------------------------------------[1;m

[1;41m[1;33m[c1] 1       |  1[2] --- 2[2]                 |  1[3]---, 1[1]---  |[1;m

[1;41m[1;33m[c1] 2       |  1[2] --- 2[2], 2[1] --- 3[1]  |  2[3]---           |[1;m

[1;41m[1;33m[c1] 3       |  2[1] --- 3[1]                 |  3[2]---, 3[3]---  |[1;m

[1;41m[1;33m[c1] 4       |                                |                    |[1;m

[1;41m[1;33m[c1] ---------------------------------------------------------------[1;m

[1;42m[1;37mNo correctness violations![1;m
[1;36m[1;44m00:03.383 00:02.767 Successfully matched event CheckInvariants:e117[1;m
[1;36m[1;36mRound 16[1;37m[1;m
[1;36mForwarding dataplane event[1;m
[1;36m[1;36mRound 20[1;37m[1;m
[1;41m[1;33m[c1] DEBUG:pyretic.core.runtime.Runtime: |2014-05-25 19:00:34.943771|[1;m

[1;41m[1;33m[c1] 	generate classifier[1;m

[1;41m[1;33m[c1] 	policy=flood on:[1;m

[1;41m[1;33m[c1] ---------------------------------------------------------------[1;m

[1;41m[1;33m[c1] switch  |     switch edges               |  egress ports      |[1;m

[1;41m[1;33m[c1] ---------------------------------------------------------------[1;m

[1;41m[1;33m[c1] 1       |  1[2] --- 2[2]                 |  1[3]---, 1[1]---  |[1;m

[1;41m[1;33m[c1] 2       |  1[2] --- 2[2], 2[1] --- 3[1]  |  2[3]---           |[1;m

[1;41m[1;33m[c1] 3       |  2[1] --- 3[1]                 |  3[2]---, 3[3]---  |[1;m

[1;41m[1;33m[c1] 4       |                                |                    |[1;m

[1;41m[1;33m[c1] ---------------------------------------------------------------[1;m

[1;41m[1;33m[c1] 	classifier=match: ('switch', 1) ('inport', 1)[1;m

[1;41m[1;33m[c1]   -> [modify: ('outport', 2), modify: ('outport', 3)][1;m

[1;41m[1;33m[c1]  match: ('switch', 1) ('inport', 2)[1;m

[1;41m[1;33m[c1]   -> [modify: ('outport', 1), modify: ('outport', 3)][1;m

[1;41m[1;33m[c1]  match: ('switch', 1) ('inport', 3)[1;m

[1;41m[1;33m[c1]   -> [modify: ('outport', 1), modify: ('outport', 2)][1;m

[1;41m[1;33m[c1]  match: ('switch', 1)[1;m

[1;41m[1;33m[c1]   -> [modify: ('outport', 1), modify: ('outport', 2), modify: ('outport', 3)][1;m

[1;41m[1;33m[c1]  match: ('switch', 2) ('inport', 1)[1;m

[1;41m[1;33m[c1]   -> [modify: ('outport', 2), modify: ('outport', 3)][1;m

[1;41m[1;33m[c1]  match: ('switch', 2) ('inport', 2)[1;m

[1;41m[1;33m[c1]   -> [modify: ('outport', 1), modify: ('outport', 3)][1;m

[1;41m[1;33m[c1]  match: ('switch', 2) ('inport', 3)[1;m

[1;41m[1;33m[c1]   -> [modify: ('outport', 1), modify: ('outport', 2)][1;m

[1;41m[1;33m[c1]  match: ('switch', 2)[1;m

[1;41m[1;33m[c1]   -> [modify: ('outport', 1), modify: ('outport', 2), modify: ('outport', 3)][1;m

[1;41m[1;33m[c1]  match: ('switch', 3) ('inport', 1)[1;m

[1;41m[1;33m[c1]   -> [modify: ('outport', 2), modify: ('outport', 3)][1;m

[1;41m[1;33m[c1]  match: ('switch', 3) ('inport', 2)[1;m

[1;41m[1;33m[c1]   -> [modify: ('outport', 1), modify: ('outport', 3)][1;m

[1;41m[1;33m[c1]  match: ('switch', 3) ('inport', 3)[1;m

[1;41m[1;33m[c1]   -> [modify: ('outport', 1), modify: ('outport', 2)][1;m

[1;41m[1;33m[c1]  match: ('switch', 3)[1;m

[1;41m[1;33m[c1]   -> [modify: ('outport', 1), modify: ('outport', 2), modify: ('outport', 3)][1;m

[1;41m[1;33m[c1]  match: ('switch', 4)[1;m

[1;41m[1;33m[c1]   -> [drop][1;m

[1;41m[1;33m[c1]  identity[1;m

[1;41m[1;33m[c1]   -> [drop][1;m

[1;41m[1;33m[c1] [1;m

[1;41m[1;33m[c1] DEBUG:pyretic.core.runtime.Runtime: |2014-05-25 19:00:34.956004|[1;m

[1;41m[1;33m[c1] 	sending openflow rule:[1;m

[1;41m[1;33m[c1] 	0 {'switch': 1} [{'outport': 65533}][1;m

[1;41m[1;33m[c1] [1;m

[1;41m[1;33m[c1] DEBUG:pyretic.core.runtime.Runtime: |2014-05-25 19:00:34.957293|[1;m

[1;41m[1;33m[c1] 	sending openflow rule:[1;m

[1;41m[1;33m[c1] 	0 {'switch': 2} [{'outport': 65533}][1;m

[1;41m[1;33m[c1] [1;m

[1;41m[1;33m[c1] DEBUG:pyretic.core.runtime.Runtime: |2014-05-25 19:00:34.957516|[1;m

[1;41m[1;33m[c1] 	sending openflow rule:[1;m

[1;41m[1;33m[c1] 	0 {'switch': 3} [{'outport': 65533}][1;m

[1;41m[1;33m[c1] [1;m

[1;41m[1;33m[c1] DEBUG:pyretic.core.runtime.Runtime: |2014-05-25 19:00:34.957696|[1;m

[1;41m[1;33m[c1] 	sending openflow rule:[1;m

[1;41m[1;33m[c1] 	0 {'switch': 4} [{'outport': 65533}][1;m

[1;41m[1;33m[c1] [1;m

[1;41m[1;33m[c1] DEBUG:pyretic.core.runtime.Runtime: |2014-05-25 19:00:34.957859|[1;m

[1;41m[1;33m[c1] 	sending openflow rule:[1;m

[1;41m[1;33m[c1] 	60000 {'switch': 1, 'vlan_pcp': 0, 'vlan_id': 65535, 'ethtype': 35020} [{'outport': 65533}][1;m

[1;41m[1;33m[c1] [1;m

[1;41m[1;33m[c1] DEBUG:pyretic.core.runtime.Runtime: |2014-05-25 19:00:34.957976|[1;m

[1;41m[1;33m[c1] 	sending openflow rule:[1;m

[1;41m[1;33m[c1] 	60000 {'switch': 2, 'vlan_pcp': 0, 'vlan_id': 65535, 'ethtype': 35020} [{'outport': 65533}][1;m

[1;41m[1;33m[c1] [1;m

[1;41m[1;33m[c1] DEBUG:pyretic.core.runtime.Runtime: |2014-05-25 19:00:34.958063|[1;m

[1;41m[1;33m[c1] 	sending openflow rule:[1;m

[1;41m[1;33m[c1] 	60000 {'switch': 3, 'vlan_pcp': 0, 'vlan_id': 65535, 'ethtype': 35020} [{'outport': 65533}][1;m

[1;41m[1;33m[c1] [1;m

[1;41m[1;33m[c1] DEBUG:pyretic.core.runtime.Runtime: |2014-05-25 19:00:34.958145|[1;m

[1;41m[1;33m[c1] 	sending openflow rule:[1;m

[1;41m[1;33m[c1] 	60000 {'switch': 4, 'vlan_pcp': 0, 'vlan_id': 65535, 'ethtype': 35020} [{'outport': 65533}][1;m

[1;41m[1;33m[c1] [1;m

[1;41m[1;33m[c1] DEBUG:pyretic.core.runtime.Runtime: |2014-05-25 19:00:34.958231|[1;m

[1;41m[1;33m[c1] 	sending openflow rule:[1;m

[1;41m[1;33m[c1] 	59999 {'switch': 1, 'vlan_pcp': 0, 'vlan_id': 65535, 'inport': 1} [{'outport': 2}, {'outport': 3}][1;m

[1;41m[1;33m[c1] [1;m

[1;41m[1;33m[c1] DEBUG:pyretic.core.runtime.Runtime: |2014-05-25 19:00:34.958332|[1;m

[1;41m[1;33m[c1] 	sending openflow rule:[1;m

[1;41m[1;33m[c1] 	59998 {'switch': 1, 'vlan_pcp': 0, 'vlan_id': 65535, 'inport': 2} [{'outport': 1}, {'outport': 3}][1;m

[1;41m[1;33m[c1] [1;m

[1;41m[1;33m[c1] DEBUG:pyretic.core.runtime.Runtime: |2014-05-25 19:00:34.958415|[1;m

[1;41m[1;33m[c1] 	sending openflow rule:[1;m

[1;41m[1;33m[c1] 	59997 {'switch': 1, 'vlan_pcp': 0, 'vlan_id': 65535, 'inport': 3} [{'outport': 1}, {'outport': 2}][1;m

[1;41m[1;33m[c1] [1;m

[1;41m[1;33m[c1] DEBUG:pyretic.core.runtime.Runtime: |2014-05-25 19:00:34.958502|[1;m

[1;41m[1;33m[c1] 	sending openflow rule:[1;m

[1;41m[1;33m[c1] 	59996 {'switch': 1, 'vlan_pcp': 0, 'inport': 1, 'vlan_id': 65535} [{'outport': 65528}, {'outport': 2}, {'outport': 3}][1;m

[1;41m[1;33m[c1] [1;m

[1;41m[1;33m[c1] DEBUG:pyretic.core.runtime.Runtime: |2014-05-25 19:00:34.958614|[1;m

[1;41m[1;33m[c1] 	sending openflow rule:[1;m

[1;41m[1;33m[c1] 	59995 {'switch': 1, 'vlan_pcp': 0, 'inport': 2, 'vlan_id': 65535} [{'outport': 1}, {'outport': 65528}, {'outport': 3}][1;m

[1;41m[1;33m[c1] [1;m

[1;41m[1;33m[c1] DEBUG:pyretic.core.runtime.Runtime: |2014-05-25 19:00:34.958729|[1;m

[1;41m[1;33m[c1] 	sending openflow rule:[1;m

[1;41m[1;33m[c1] 	59994 {'switch': 1, 'vlan_pcp': 0, 'inport': 3, 'vlan_id': 65535} [{'outport': 1}, {'outport': 2}, {'outport': 65528}][1;m

[1;41m[1;33m[c1] [1;m

[1;41m[1;33m[c1] DEBUG:pyretic.core.runtime.Runtime: |2014-05-25 19:00:34.958885|[1;m

[1;41m[1;33m[c1] 	sending openflow rule:[1;m

[1;41m[1;33m[c1] 	59993 {'switch': 1, 'vlan_pcp': 0, 'vlan_id': 65535} [{'outport': 1}, {'outport': 2}, {'outport': 3}][1;m

[1;41m[1;33m[c1] [1;m

[1;41m[1;33m[c1] DEBUG:pyretic.core.runtime.Runtime: |2014-05-25 19:00:34.959016|[1;m

[1;41m[1;33m[c1] 	sending openflow rule:[1;m

[1;41m[1;33m[c1] 	59999 {'switch': 2, 'vlan_pcp': 0, 'vlan_id': 65535, 'inport': 1} [{'outport': 2}, {'outport': 3}][1;m

[1;41m[1;33m[c1] [1;m

[1;41m[1;33m[c1] DEBUG:pyretic.core.runtime.Runtime: |2014-05-25 19:00:34.959250|[1;m

[1;41m[1;33m[c1] 	sending openflow rule:[1;m

[1;41m[1;33m[c1] 	59998 {'switch': 2, 'vlan_pcp': 0, 'vlan_id': 65535, 'inport': 2} [{'outport': 1}, {'outport': 3}][1;m

[1;41m[1;33m[c1] [1;m

[1;41m[1;33m[c1] DEBUG:pyretic.core.runtime.Runtime: |2014-05-25 19:00:34.959390|[1;m

[1;41m[1;33m[c1] 	sending openflow rule:[1;m

[1;41m[1;33m[c1] 	59997 {'switch': 2, 'vlan_pcp': 0, 'vlan_id': 65535, 'inport': 3} [{'outport': 1}, {'outport': 2}][1;m

[1;41m[1;33m[c1] [1;m

[1;41m[1;33m[c1] DEBUG:pyretic.core.runtime.Runtime: |2014-05-25 19:00:34.959513|[1;m

[1;41m[1;33m[c1] 	sending openflow rule:[1;m

[1;41m[1;33m[c1] 	59996 {'switch': 2, 'vlan_pcp': 0, 'inport': 1, 'vlan_id': 65535} [{'outport': 65528}, {'outport': 2}, {'outport': 3}][1;m

[1;41m[1;33m[c1] [1;m

[1;41m[1;33m[c1] DEBUG:pyretic.core.runtime.Runtime: |2014-05-25 19:00:34.959673|[1;m

[1;41m[1;33m[c1] 	sending openflow rule:[1;m

[1;41m[1;33m[c1] 	59995 {'switch': 2, 'vlan_pcp': 0, 'inport': 2, 'vlan_id': 65535} [{'outport': 1}, {'outport': 65528}, {'outport': 3}][1;m

[1;41m[1;33m[c1] [1;m

[1;41m[1;33m[c1] DEBUG:pyretic.core.runtime.Runtime: |2014-05-25 19:00:34.959805|[1;m

[1;41m[1;33m[c1] 	sending openflow rule:[1;m

[1;41m[1;33m[c1] 	59994 {'switch': 2, 'vlan_pcp': 0, 'inport': 3, 'vlan_id': 65535} [{'outport': 1}, {'outport': 2}, {'outport': 65528}][1;m

[1;41m[1;33m[c1] [1;m

[1;41m[1;33m[c1] DEBUG:pyretic.core.runtime.Runtime: |2014-05-25 19:00:34.959931|[1;m

[1;41m[1;33m[c1] 	sending openflow rule:[1;m

[1;41m[1;33m[c1] 	59993 {'switch': 2, 'vlan_pcp': 0, 'vlan_id': 65535} [{'outport': 1}, {'outport': 2}, {'outport': 3}][1;m

[1;41m[1;33m[c1] [1;m

[1;41m[1;33m[c1] DEBUG:pyretic.core.runtime.Runtime: |2014-05-25 19:00:34.960084|[1;m

[1;41m[1;33m[c1] 	sending openflow rule:[1;m

[1;41m[1;33m[c1] 	59999 {'switch': 3, 'vlan_pcp': 0, 'vlan_id': 65535, 'inport': 1} [{'outport': 2}, {'outport': 3}][1;m

[1;41m[1;33m[c1] [1;m

[1;41m[1;33m[c1] DEBUG:pyretic.core.runtime.Runtime: |2014-05-25 19:00:34.960213|[1;m

[1;41m[1;33m[c1] 	sending openflow rule:[1;m

[1;41m[1;33m[c1] 	59998 {'switch': 3, 'vlan_pcp': 0, 'vlan_id': 65535, 'inport': 2} [{'outport': 1}, {'outport': 3}][1;m

[1;41m[1;33m[c1] [1;m

[1;41m[1;33m[c1] DEBUG:pyretic.core.runtime.Runtime: |2014-05-25 19:00:34.960360|[1;m

[1;41m[1;33m[c1] 	sending openflow rule:[1;m

[1;41m[1;33m[c1] 	59997 {'switch': 3, 'vlan_pcp': 0, 'vlan_id': 65535, 'inport': 3} [{'outport': 1}, {'outport': 2}][1;m

[1;41m[1;33m[c1] [1;m

[1;41m[1;33m[c1] DEBUG:pyretic.core.runtime.Runtime: |2014-05-25 19:00:34.960693|[1;m

[1;41m[1;33m[c1] 	sending openflow rule:[1;m

[1;41m[1;33m[c1] 	59996 {'switch': 3, 'vlan_pcp': 0, 'inport': 1, 'vlan_id': 65535} [{'outport': 65528}, {'outport': 2}, {'outport': 3}][1;m

[1;41m[1;33m[c1] [1;m

[1;41m[1;33m[c1] DEBUG:pyretic.core.runtime.Runtime: |2014-05-25 19:00:34.960846|[1;m

[1;41m[1;33m[c1] 	sending openflow rule:[1;m

[1;41m[1;33m[c1] 	59995 {'switch': 3, 'vlan_pcp': 0, 'inport': 2, 'vlan_id': 65535} [{'outport': 1}, {'outport': 65528}, {'outport': 3}][1;m

[1;41m[1;33m[c1] [1;m

[1;41m[1;33m[c1] DEBUG:pyretic.core.runtime.Runtime: |2014-05-25 19:00:34.960949|[1;m

[1;41m[1;33m[c1] 	sending openflow rule:[1;m

[1;41m[1;33m[c1] 	59994 {'switch': 3, 'vlan_pcp': 0, 'inport': 3, 'vlan_id': 65535} [{'outport': 1}, {'outport': 2}, {'outport': 65528}][1;m

[1;41m[1;33m[c1] [1;m

[1;41m[1;33m[c1] DEBUG:pyretic.core.runtime.Runtime: |2014-05-25 19:00:34.961040|[1;m

[1;41m[1;33m[c1] 	sending openflow rule:[1;m

[1;41m[1;33m[c1] 	59993 {'switch': 3, 'vlan_pcp': 0, 'vlan_id': 65535} [{'outport': 1}, {'outport': 2}, {'outport': 3}][1;m

[1;41m[1;33m[c1] [1;m

[1;41m[1;33m[c1] DEBUG:pyretic.core.runtime.Runtime: |2014-05-25 19:00:34.961122|[1;m

[1;41m[1;33m[c1] 	sending openflow rule:[1;m

[1;41m[1;33m[c1] 	59999 {'switch': 4, 'vlan_pcp': 0, 'vlan_id': 65535} [][1;m

[1;41m[1;33m[c1] [1;m

[1;41m[1;33m[c1] DEBUG:pyretic.core.runtime.Runtime: |2014-05-25 19:00:34.961208|[1;m

[1;41m[1;33m[c1] 	sending openflow rule:[1;m

[1;41m[1;33m[c1] 	59992 {'switch': 1, 'vlan_pcp': 0, 'vlan_id': 65535} [][1;m

[1;41m[1;33m[c1] [1;m

[1;41m[1;33m[c1] DEBUG:pyretic.core.runtime.Runtime: |2014-05-25 19:00:34.961300|[1;m

[1;41m[1;33m[c1] 	sending openflow rule:[1;m

[1;41m[1;33m[c1] 	59992 {'switch': 2, 'vlan_pcp': 0, 'vlan_id': 65535} [][1;m

[1;41m[1;33m[c1] [1;m

[1;41m[1;33m[c1] DEBUG:pyretic.core.runtime.Runtime: |2014-05-25 19:00:34.961375|[1;m

[1;41m[1;33m[c1] 	sending openflow rule:[1;m

[1;41m[1;33m[c1] 	59992 {'switch': 3, 'vlan_pcp': 0, 'vlan_id': 65535} [][1;m

[1;41m[1;33m[c1] [1;m

[1;41m[1;33m[c1] DEBUG:pyretic.core.runtime.Runtime: |2014-05-25 19:00:34.961444|[1;m

[1;41m[1;33m[c1] 	sending openflow rule:[1;m

[1;41m[1;33m[c1] 	59998 {'switch': 4, 'vlan_pcp': 0, 'vlan_id': 65535} [][1;m

[1;41m[1;33m[c1] [1;m

[1;41m[1;37mViolations at end of trace: ["{'hs_history': [(x^L) - ([]), (dl_vlan:65535,dl_vlan_pcp:0) - ([]), (dl_vlan:65535,dl_vlan_pcp:0) - ([])], 'hdr': (dl_vlan:65535,dl_vlan_pcp:0) - ([]), 'visits': [200001, 100002, 300002], 'port': 200001}", "{'hs_history': [(x^L) - ([]), (dl_vlan:65535,dl_vlan_pcp:0) - ([]), (dl_vlan:65535,dl_vlan_pcp:0) - ([])], 'hdr': (dl_vlan:65535,dl_vlan_pcp:0) - ([]), 'visits': [100002, 300002, 200001], 'port': 100002}", "{'hs_history': [(x^L) - ([]), (dl_vlan:65535,dl_vlan_pcp:0) - ([]), (dl_vlan:65535,dl_vlan_pcp:0) - ([]), (dl_vlan:65535,dl_vlan_pcp:0) - ([])], 'hdr': (dl_vlan:65535,dl_vlan_pcp:0) - ([]), 'visits': [300003, 100001, 200002, 300001], 'port': 100001}", "{'hs_history': [(x^L) - ([]), (dl_vlan:65535,dl_vlan_pcp:0) - ([]), (dl_vlan:65535,dl_vlan_pcp:0) - ([]), (dl_vlan:65535,dl_vlan_pcp:0) - ([])], 'hdr': (dl_vlan:65535,dl_vlan_pcp:0) - ([]), 'visits': [300003, 200001, 100002, 300002], 'port': 200001}", "{'hs_history': [(x^L) - ([]), (dl_vlan:65535,dl_vlan_pcp:0) - ([]), (dl_vlan:65535,dl_vlan_pcp:0) - ([]), (dl_vlan:65535,dl_vlan_pcp:0) - ([])], 'hdr': (dl_vlan:65535,dl_vlan_pcp:0) - ([]), 'visits': [200003, 100002, 300002, 200001], 'port': 100002}", "{'hs_history': [(x^L) - ([]), (dl_vlan:65535,dl_vlan_pcp:0) - ([]), (dl_vlan:65535,dl_vlan_pcp:0) - ([])], 'hdr': (dl_vlan:65535,dl_vlan_pcp:0) - ([]), 'visits': [200002, 300001, 100001], 'port': 200002}", "{'hs_history': [(x^L) - ([]), (dl_vlan:65535,dl_vlan_pcp:0) - ([]), (dl_vlan:65535,dl_vlan_pcp:0) - ([])], 'hdr': (dl_vlan:65535,dl_vlan_pcp:0) - ([]), 'visits': [100001, 200002, 300001], 'port': 100001}", "{'hs_history': [(x^L) - ([]), (dl_vlan:65535,dl_vlan_pcp:0) - ([]), (dl_vlan:65535,dl_vlan_pcp:0) - ([]), (dl_vlan:65535,dl_vlan_pcp:0) - ([])], 'hdr': (dl_vlan:65535,dl_vlan_pcp:0) - ([]), 'visits': [100003, 300002, 200001, 100002], 'port': 300002}", "{'hs_history': [(x^L) - ([]), (dl_vlan:65535,dl_vlan_pcp:0) - ([]), (dl_vlan:65535,dl_vlan_pcp:0) - ([])], 'hdr': (dl_vlan:65535,dl_vlan_pcp:0) - ([]), 'visits': [300001, 100001, 200002], 'port': 300001}", "{'hs_history': [(x^L) - ([]), (dl_vlan:65535,dl_vlan_pcp:0) - ([]), (dl_vlan:65535,dl_vlan_pcp:0) - ([]), (dl_vlan:65535,dl_vlan_pcp:0) - ([])], 'hdr': (dl_vlan:65535,dl_vlan_pcp:0) - ([]), 'visits': [100003, 200002, 300001, 100001], 'port': 200002}", "{'hs_history': [(x^L) - ([]), (dl_vlan:65535,dl_vlan_pcp:0) - ([]), (dl_vlan:65535,dl_vlan_pcp:0) - ([])], 'hdr': (dl_vlan:65535,dl_vlan_pcp:0) - ([]), 'visits': [300002, 200001, 100002], 'port': 300002}", "{'hs_history': [(x^L) - ([]), (dl_vlan:65535,dl_vlan_pcp:0) - ([]), (dl_vlan:65535,dl_vlan_pcp:0) - ([]), (dl_vlan:65535,dl_vlan_pcp:0) - ([])], 'hdr': (dl_vlan:65535,dl_vlan_pcp:0) - ([]), 'visits': [200003, 300001, 100001, 200002], 'port': 300001}"][1;m
[1;42m[1;37mViolation found {'hs_history': [(x^L) - ([]), (dl_vlan:65535,dl_vlan_pcp:0) - ([]), (dl_vlan:65535,dl_vlan_pcp:0) - ([])], 'hdr': (dl_vlan:65535,dl_vlan_pcp:0) - ([]), 'visits': [100001, 200002, 300001], 'port': 100001}[1;m
[1;36m[1;44mEvent Stats: Events matched: 7, timed out: 0
Matches per event type:
  ConnectToControllers 1
  LinkFailure 1
  CheckInvariants 5
Timeouts per event type:
[1;m
[1;36m[1;44mDataplaneDrop Stats: Expected drops (0), Actual drops (0)
Missed Drops (expected if TrafficInjections pruned):[1;m
[1;36mKilling controller c1 (pid 2455)[1;m
Terminating child controllers...close() called on stdout during concurrent operation
close() called on stderr during concurrent operation
 OK
