[1;41m[1;33m[c1] start: Job is already running: floodlight[1;m

[1;41m[1;33m[c1] initctl: Unknown instance:[1;m

[1;33m[c1] Start process (10.192.5.196):[1;m

[1;41m[1;33m[c1] start: Job is already running: floodlight[1;m

[1;41m[1;33m[c1] initctl: Unknown instance:[1;m

[1;33m[c1] Start process (10.192.5.197):[1;m

[1;33m[c1] 10.192.5.196 10.192.5.197 10.192.5.198[1;m

connect_socket_with_backoff ('10.192.5.196', 6633)
connect_socket_with_backoff ('10.192.5.197', 6633)
connect_socket_with_backoff ('10.192.5.196', 6633)
connect_socket_with_backoff ('10.192.5.197', 6633)
connect_socket_with_backoff ('10.192.5.196', 6633)
connect_socket_with_backoff ('10.192.5.197', 6633)
[1;36minjecting a random packet[1;m
[1;36minjecting a random packet[1;m
[1;36minjecting a random packet[1;m
[1;36mRound 1 completed.[1;m
[1;36mForwarding dataplane event[1;m
[1;36mForwarding dataplane event[1;m
[1;36mDropping dataplane event[1;m
[1;36minjecting a random packet[1;m
[1;36mRound 2 completed.[1;m
[1;36mDropping dataplane event[1;m
[1;36minjecting a random packet[1;m
[1;36mRound 3 completed.[1;m
[1;36mForwarding dataplane event[1;m
[1;36minjecting a random packet[1;m
[1;36minjecting a random packet[1;m
[1;36minjecting a random packet[1;m
[1;36mRound 4 completed.[1;m
[1;36mForwarding dataplane event[1;m
[1;36mForwarding dataplane event[1;m
[1;36mForwarding dataplane event[1;m
[1;36mCutting link (1:2) -> (2:2)[1;m
[1;36minjecting a random packet[1;m
[1;41m[1;37mFound 5 unconnected pairs: set([(300003, 100003), (300003, 200003), (100003, 200003), (100003, 300003), (200003, 100003)])[1;m
[1;41m[1;37mThe following correctness violations have occurred: ['(300003, 200003)', '(100003, 200003)', '(100003, 300003)', '(200003, 100003)', '(300003, 100003)'][1;m
[1;36mRound 5 completed.[1;m
[1;36mForwarding dataplane event[1;m
[1;36minjecting a random packet[1;m
[1;36mRound 6 completed.[1;m
[1;36mForwarding dataplane event[1;m
[1;36mForwarding dataplane event[1;m
[1;36mDropping dataplane event[1;m
[1;36mDropping dataplane event[1;m
[1;36mForwarding dataplane event[1;m
[1;36mDropping dataplane event[1;m
[1;36mForwarding dataplane event[1;m
[1;36mBlocking connection [Con 3][1;m
[1;36mBlocking connection [Con 4][1;m
[1;36mUnblocking connection [Con 3][1;m
[1;36mUnblocking connection [Con 4][1;m
[1;36mRestoring link (1:2) -> (2:2)[1;m
[1;36mRound 7 completed.[1;m
[1;36mForwarding dataplane event[1;m
[1;36mForwarding dataplane event[1;m
[1;36mForwarding dataplane event[1;m
[1;36mForwarding dataplane event[1;m
[1;36mForwarding dataplane event[1;m
[1;36mForwarding dataplane event[1;m
[1;36mForwarding dataplane event[1;m
[1;36mDropping dataplane event[1;m
[1;36mDropping dataplane event[1;m
[1;36mForwarding dataplane event[1;m
[1;36mDropping dataplane event[1;m
[1;36mForwarding dataplane event[1;m
[1;36mForwarding dataplane event[1;m
[1;36minjecting a random packet[1;m
[1;36minjecting a random packet[1;m
[1;36mRound 8 completed.[1;m
[1;36mForwarding dataplane event[1;m
[1;36mForwarding dataplane event[1;m
[1;36mDropping dataplane event[1;m
[1;36mForwarding dataplane event[1;m
[1;36minjecting a random packet[1;m
[1;36minjecting a random packet[1;m
[1;36mRound 9 completed.[1;m
[1;36mForwarding dataplane event[1;m
[1;36mDropping dataplane event[1;m
[1;36mDropping dataplane event[1;m
[1;36mForwarding dataplane event[1;m
[1;36mForwarding dataplane event[1;m
[1;36mBlocking connection [Con 6][1;m
[1;36mUnblocking connection [Con 6][1;m
[1;36minjecting a random packet[1;m
[1;41m[1;37mFound 3 unconnected pairs: set([(300003, 100003), (300003, 200003), (100003, 200003)])[1;m
[1;42m[1;37mViolation (100003, 300003) turns out to be transient![1;m
[1;42m[1;37mViolation (200003, 100003) turns out to be transient![1;m
[1;41m[1;37mViolation encountered again after 5 steps: (300003, 200003)[1;m
[1;41m[1;37mViolation encountered again after 5 steps: (100003, 200003)[1;m
[1;41m[1;37mViolation encountered again after 5 steps: (300003, 100003)[1;m
[1;41m[1;37mThe following correctness violations have occurred: ['(300003, 200003)', '(100003, 200003)', '(300003, 100003)'][1;m
[1;36mRound 10 completed.[1;m
[1;36mForwarding dataplane event[1;m
[1;36mForwarding dataplane event[1;m
[1;36mForwarding dataplane event[1;m
[1;36mForwarding dataplane event[1;m
[1;36mForwarding dataplane event[1;m
[1;36mForwarding dataplane event[1;m
[1;36mForwarding dataplane event[1;m
[1;36mForwarding dataplane event[1;m
[1;36mForwarding dataplane event[1;m
[1;36mForwarding dataplane event[1;m
[1;36mBlocking connection [Con 4][1;m
[1;36mUnblocking connection [Con 4][1;m
[1;36minjecting a random packet[1;m
[1;36mRound 11 completed.[1;m
[1;36mForwarding dataplane event[1;m
[1;36mForwarding dataplane event[1;m
[1;36mForwarding dataplane event[1;m
[1;36mDropping dataplane event[1;m
[1;36mForwarding dataplane event[1;m
[1;36mForwarding dataplane event[1;m
[1;36mBlocking connection [Con 6][1;m
[1;36mUnblocking connection [Con 6][1;m
[1;36minjecting a random packet[1;m
[1;36mRound 12 completed.[1;m
[1;36mForwarding dataplane event[1;m
[1;36mForwarding dataplane event[1;m
[1;36mForwarding dataplane event[1;m
[1;36mDropping dataplane event[1;m
[1;36mDropping dataplane event[1;m
[1;36mForwarding dataplane event[1;m
[1;36mBlocking connection [Con 6][1;m
[1;36mUnblocking connection [Con 6][1;m
[1;36mCrashing software_switch SoftwareSwitch(dpid=1, num_ports=3)[1;m
[1;36minjecting a random packet[1;m
[1;36mRound 13 completed.[1;m
[1;36mForwarding dataplane event[1;m
[1;36mCutting link (3:2) -> (1:1)[1;m
[1;36mRound 14 completed.[1;m
[1;36mForwarding dataplane event[1;m
[1;36mForwarding dataplane event[1;m
[1;36mBlocking connection [Con 5][1;m
[1;36mUnblocking connection [Con 5][1;m
[1;36mRestoring link (3:2) -> (1:1)[1;m
[1;36minjecting a random packet[1;m
[1;41m[1;37mFound 1 unconnected pair: set([(200003, 300003)])[1;m
[1;42m[1;37mViolation (300003, 200003) turns out to be transient![1;m
[1;42m[1;37mViolation (100003, 200003) turns out to be transient![1;m
[1;42m[1;37mViolation (300003, 100003) turns out to be transient![1;m
[1;41m[1;37mThe following correctness violations have occurred: ['(200003, 300003)', '(100002, [200003, 200002])'][1;m
[1;36mRound 15 completed.[1;m
[1;36mForwarding dataplane event[1;m
[1;36mBlocking connection [Con 4][1;m
[1;36mUnblocking connection [Con 4][1;m
[1;36mRound 16 completed.[1;m
[1;36mRound 17 completed.[1;m
[1;36mBlocking connection [Con 4][1;m
[1;36mBlocking connection [Con 5][1;m
[1;36mUnblocking connection [Con 4][1;m
[1;36mUnblocking connection [Con 5][1;m
[1;36mRound 18 completed.[1;m
[1;36mBlocking connection [Con 5][1;m
[1;36mUnblocking connection [Con 5][1;m
[1;36mRebooting software_switch SoftwareSwitch(dpid=1, num_ports=3)[1;m
connect_socket_with_backoff ('10.192.5.196', 6633)
connect_socket_with_backoff ('10.192.5.197', 6633)
[1;36minjecting a random packet[1;m
[1;36mRound 19 completed.[1;m
[1;36mForwarding dataplane event[1;m
[1;36mBlocking connection [Con 6][1;m
[1;36mUnblocking connection [Con 6][1;m
[1;36minjecting a random packet[1;m
[1;41m[1;37mFound 1 unconnected pair: set([(300003, 100003)])[1;m
[1;42m[1;37mViolation (200003, 300003) turns out to be transient![1;m
[1;41m[1;37mViolation encountered again after 5 steps: (100002, [200003, 200002])[1;m
[1;41m[1;37mThe following correctness violations have occurred: ['(100002, [200003, 200002])', '(300003, 100003)'][1;m
[1;36mRound 20 completed.[1;m
[1;36mForwarding dataplane event[1;m
[1;36minjecting a random packet[1;m
[1;36mRound 21 completed.[1;m
[1;36mForwarding dataplane event[1;m
[1;36mForwarding dataplane event[1;m
[1;36mForwarding dataplane event[1;m
[1;36mDropping dataplane event[1;m
[1;36minjecting a random packet[1;m
[1;36mRound 22 completed.[1;m
[1;36mForwarding dataplane event[1;m
[1;36mForwarding dataplane event[1;m
[1;36mForwarding dataplane event[1;m
[1;36mForwarding dataplane event[1;m
[1;36mForwarding dataplane event[1;m
[1;36mForwarding dataplane event[1;m
[1;36mForwarding dataplane event[1;m
[1;36mForwarding dataplane event[1;m
[1;36mDropping dataplane event[1;m
[1;36mForwarding dataplane event[1;m
[1;36mForwarding dataplane event[1;m
[1;36mForwarding dataplane event[1;m
[1;36mForwarding dataplane event[1;m
[1;36mForwarding dataplane event[1;m
[1;36mBlocking connection [Con 7][1;m
[1;36mUnblocking connection [Con 7][1;m
[1;36mCutting link (3:1) -> (2:1)[1;m
[1;36mRound 23 completed.[1;m
[1;36mCrashing software_switch SoftwareSwitch(dpid=1, num_ports=3)[1;m
[1;36mRestoring link (3:1) -> (2:1)[1;m
[1;36minjecting a random packet[1;m
[1;36minjecting a random packet[1;m
[1;36mRound 24 completed.[1;m
[1;36mForwarding dataplane event[1;m
[1;36mForwarding dataplane event[1;m
[1;36mBlocking connection [Con 4][1;m
[1;36mUnblocking connection [Con 4][1;m
[1;36mRebooting software_switch SoftwareSwitch(dpid=1, num_ports=3)[1;m
connect_socket_with_backoff ('10.192.5.196', 6633)
connect_socket_with_backoff ('10.192.5.197', 6633)
[1;36minjecting a random packet[1;m
[1;36minjecting a random packet[1;m
[1;41m[1;37mFound 4 unconnected pairs: set([(300003, 100003), (300003, 200003), (200003, 300003), (200003, 100003)])[1;m
[1;41m[1;37mViolation encountered again after 10 steps: (100002, [200003, 200002])[1;m
[1;41m[1;37mViolation encountered again after 5 steps: (300003, 100003)[1;m
[1;41m[1;37mThe following correctness violations have occurred: ['(300003, 200003)', '(200003, 300003)', '(100002, [200003, 200002])', '(200003, 100003)', '(300003, 100003)'][1;m
[1;36mRound 25 completed.[1;m
[1;36mDropping dataplane event[1;m
[1;36mDropping dataplane event[1;m
[1;36minjecting a random packet[1;m
[1;36minjecting a random packet[1;m
[1;36mRound 26 completed.[1;m
[1;36mForwarding dataplane event[1;m
[1;36mForwarding dataplane event[1;m
[1;36mDropping dataplane event[1;m
[1;36mForwarding dataplane event[1;m
[1;36mDropping dataplane event[1;m
[1;36mBlocking connection [Con 10][1;m
[1;36mUnblocking connection [Con 10][1;m
[1;36minjecting a random packet[1;m
[1;36mRound 27 completed.[1;m
[1;36mForwarding dataplane event[1;m
[1;36mRound 28 completed.[1;m
[1;36mForwarding dataplane event[1;m
[1;36mForwarding dataplane event[1;m
[1;36mBlocking connection [Con 4][1;m
[1;36mUnblocking connection [Con 4][1;m
[1;36minjecting a random packet[1;m
[1;36mRound 29 completed.[1;m
[1;36mForwarding dataplane event[1;m
[1;36mBlocking connection [Con 9][1;m
[1;36mUnblocking connection [Con 9][1;m
[1;36minjecting a random packet[1;m
[1;41m[1;37mFound 4 unconnected pairs: set([(300003, 100003), (100003, 200003), (100003, 300003), (200003, 100003)])[1;m
[1;42m[1;37mViolation (200003, 300003) turns out to be transient![1;m
[1;42m[1;37mViolation (300003, 200003) turns out to be transient![1;m
[1;41m[1;37mViolation encountered again after 15 steps: (100002, [200003, 200002])[1;m
[1;41m[1;37mViolation encountered again after 5 steps: (200003, 100003)[1;m
[1;41m[1;37mViolation encountered again after 10 steps: (300003, 100003)[1;m
[1;41m[1;37mThe following correctness violations have occurred: ['(100003, 200003)', '(100003, 300003)', '(100002, [200003, 200002])', '(200003, 100003)', '(300003, 100003)'][1;m
[1;36mRound 30 completed.[1;m
[1;36mForwarding dataplane event[1;m
[1;36mBlocking connection [Con 10][1;m
[1;36mBlocking connection [Con 3][1;m
[1;36mUnblocking connection [Con 10][1;m
[1;36mUnblocking connection [Con 3][1;m
[1;36mRound 31 completed.[1;m
[1;36mForwarding dataplane event[1;m
[1;36mForwarding dataplane event[1;m
[1;36mDropping dataplane event[1;m
[1;36mForwarding dataplane event[1;m
[1;36mForwarding dataplane event[1;m
[1;36mForwarding dataplane event[1;m
[1;36mForwarding dataplane event[1;m
[1;36mForwarding dataplane event[1;m
[1;36mBlocking connection [Con 9][1;m
[1;36mBlocking connection [Con 3][1;m
[1;36mUnblocking connection [Con 9][1;m
[1;36mUnblocking connection [Con 3][1;m
[1;36minjecting a random packet[1;m
[1;36mRound 32 completed.[1;m
[1;36mForwarding dataplane event[1;m
[1;36mForwarding dataplane event[1;m
[1;36mDropping dataplane event[1;m
[1;36mBlocking connection [Con 3][1;m
[1;36mUnblocking connection [Con 3][1;m
[1;36minjecting a random packet[1;m
[1;36mRound 33 completed.[1;m
[1;36mForwarding dataplane event[1;m
[1;36mForwarding dataplane event[1;m
[1;36mForwarding dataplane event[1;m
[1;36mForwarding dataplane event[1;m
[1;36mForwarding dataplane event[1;m
[1;36mForwarding dataplane event[1;m
[1;36mDropping dataplane event[1;m
[1;36mDropping dataplane event[1;m
[1;36mBlocking connection [Con 9][1;m
[1;36mBlocking connection [Con 4][1;m
[1;36mUnblocking connection [Con 9][1;m
[1;36mUnblocking connection [Con 4][1;m
[1;36minjecting a random packet[1;m
[1;36mRound 34 completed.[1;m
[1;36mForwarding dataplane event[1;m
[1;36mForwarding dataplane event[1;m
[1;36mDropping dataplane event[1;m
[1;36minjecting a random packet[1;m
[1;41m[1;37mFound 2 unconnected pairs: set([(100003, 200003), (200003, 300003)])[1;m
[1;42m[1;37mViolation (200003, 100003) turns out to be transient![1;m
[1;42m[1;37mViolation (100003, 300003) turns out to be transient![1;m
[1;42m[1;37mViolation (300003, 100003) turns out to be transient![1;m
[1;41m[1;37mViolation encountered again after 5 steps: (100003, 200003)[1;m
[1;41m[1;37mViolation encountered again after 20 steps: (100002, [200003, 200002])[1;m
[1;41m[1;37mThe following correctness violations have occurred: ['(200003, 300003)', '(100003, 200003)', '(100002, [200003, 200002])', '(200001, [100003, 100001, 300002, 300001])'][1;m
[1;36mRound 35 completed.[1;m
[1;36mForwarding dataplane event[1;m
[1;36mDropping dataplane event[1;m
[1;36mCutting link (2:1) -> (3:1)[1;m
[1;36minjecting a random packet[1;m
[1;36minjecting a random packet[1;m
[1;36mRound 36 completed.[1;m
[1;36mForwarding dataplane event[1;m
[1;36mForwarding dataplane event[1;m
[1;36mForwarding dataplane event[1;m
[1;36mForwarding dataplane event[1;m
[1;36mForwarding dataplane event[1;m
[1;36mForwarding dataplane event[1;m
[1;36minjecting a random packet[1;m
[1;36minjecting a random packet[1;m
[1;36minjecting a random packet[1;m
[1;36mRound 37 completed.[1;m
[1;36mForwarding dataplane event[1;m
[1;36mForwarding dataplane event[1;m
[1;36mForwarding dataplane event[1;m
[1;36mForwarding dataplane event[1;m
[1;36mForwarding dataplane event[1;m
[1;36mRound 38 completed.[1;m
[1;36mDropping dataplane event[1;m
[1;36mForwarding dataplane event[1;m
[1;36mForwarding dataplane event[1;m
[1;36mForwarding dataplane event[1;m
[1;36mBlocking connection [Con 3][1;m
[1;36mUnblocking connection [Con 3][1;m
[1;36mCutting link (2:2) -> (1:2)[1;m
[1;36mRestoring link (2:1) -> (3:1)[1;m
[1;36mRound 39 completed.[1;m
[1;36mDropping dataplane event[1;m
[1;36mDropping dataplane event[1;m
[1;36mForwarding dataplane event[1;m
[1;36mForwarding dataplane event[1;m
[1;36mDropping dataplane event[1;m
[1;36minjecting a random packet[1;m
[1;41m[1;37mFound 3 unconnected pairs: set([(300003, 100003), (100003, 200003), (200003, 100003)])[1;m
[1;42m[1;37mViolation (200003, 300003) turns out to be transient![1;m
[1;42m[1;37mViolation (100002, [200003, 200002]) turns out to be transient![1;m
[1;41m[1;37mViolation encountered again after 10 steps: (100003, 200003)[1;m
[1;41m[1;37mViolation encountered again after 5 steps: (200001, [100003, 100001, 300002, 300001])[1;m
[1;41m[1;37mThe following correctness violations have occurred: ['(300001, [300003, 300002, 100001, 100002, 200002, 200001])', '(300003, 100003)', '(100003, 200003)', '(200003, 100003)', '(200001, [100003, 100001, 300002, 300001])'][1;m
[1;36mRound 40 completed.[1;m
[1;36mForwarding dataplane event[1;m
[1;36mForwarding dataplane event[1;m
[1;36mForwarding dataplane event[1;m
Duration: 4 nsec: 583956003
Duration: 2 nsec: 289389848
[1;36mRestoring link (2:2) -> (1:2)[1;m
[1;36minjecting a random packet[1;m
[1;36minjecting a random packet[1;m
[1;36mRound 41 completed.[1;m
[1;36mForwarding dataplane event[1;m
[1;36mForwarding dataplane event[1;m
[1;36mDropping dataplane event[1;m
[1;36mBlocking connection [Con 3][1;m
[1;36mBlocking connection [Con 6][1;m
[1;36mUnblocking connection [Con 3][1;m
[1;36mUnblocking connection [Con 6][1;m
[1;36mRound 42 completed.[1;m
[1;36mForwarding dataplane event[1;m
[1;36mForwarding dataplane event[1;m
[1;36mBlocking connection [Con 3][1;m
[1;36mUnblocking connection [Con 3][1;m
[1;36mCrashing software_switch SoftwareSwitch(dpid=2, num_ports=3)[1;m
[1;36mRound 43 completed.[1;m
[1;36mDropping dataplane event[1;m
[1;36mForwarding dataplane event[1;m
[1;36mForwarding dataplane event[1;m
[1;36mForwarding dataplane event[1;m
[1;36mForwarding dataplane event[1;m
[1;36mCrashing software_switch SoftwareSwitch(dpid=3, num_ports=3)[1;m
[1;36mRebooting software_switch SoftwareSwitch(dpid=2, num_ports=3)[1;m
connect_socket_with_backoff ('10.192.5.196', 6633)
connect_socket_with_backoff ('10.192.5.197', 6633)
[1;36mRound 44 completed.[1;m
[1;36mForwarding dataplane event[1;m
[1;36mForwarding dataplane event[1;m
[1;36mForwarding dataplane event[1;m
[1;36mForwarding dataplane event[1;m
[1;36mForwarding dataplane event[1;m
[1;36mForwarding dataplane event[1;m
[1;36mForwarding dataplane event[1;m
[1;36mForwarding dataplane event[1;m
[1;36mForwarding dataplane event[1;m
[1;36mForwarding dataplane event[1;m
[1;36mForwarding dataplane event[1;m
[1;36mForwarding dataplane event[1;m
[1;36mBlocking connection [Con 12][1;m
[1;36mUnblocking connection [Con 12][1;m
Duration: 22 nsec: 194808959
Duration: 4 nsec: 95535039
Duration: 6 nsec: 920658826
Duration: 4 nsec: 93261003
[1;36mCutting link (3:1) -> (2:1)[1;m
[1;36minjecting a random packet[1;m
[1;36minjecting a random packet[1;m
[1;42m[1;37mFully connected![1;m
[1;42m[1;37mViolation (300001, [300003, 300002, 100001, 100002, 200002, 200001]) turns out to be transient![1;m
[1;42m[1;37mViolation (200003, 100003) turns out to be transient![1;m
[1;42m[1;37mViolation (200001, [100003, 100001, 300002, 300001]) turns out to be transient![1;m
[1;42m[1;37mViolation (100003, 200003) turns out to be transient![1;m
[1;42m[1;37mViolation (300003, 100003) turns out to be transient![1;m
[1;41m[1;37mThe following correctness violations have occurred: ['(300002, [100003, 100001])', '(100002, [200003, 200002])'][1;m
[1;36mRound 45 completed.[1;m
[1;36mDropping dataplane event[1;m
[1;36mForwarding dataplane event[1;m
[1;36mRestoring link (3:1) -> (2:1)[1;m
[1;36minjecting a random packet[1;m
[1;36mRound 46 completed.[1;m
[1;36mForwarding dataplane event[1;m
[1;36mForwarding dataplane event[1;m
[1;36mRebooting software_switch SoftwareSwitch(dpid=3, num_ports=3)[1;m
connect_socket_with_backoff ('10.192.5.196', 6633)
connect_socket_with_backoff ('10.192.5.197', 6633)
[1;36mRound 47 completed.[1;m
[1;36mForwarding dataplane event[1;m
[1;36mDropping dataplane event[1;m
[1;36mBlocking connection [Con 10][1;m
[1;36mUnblocking connection [Con 10][1;m
[1;36minjecting a random packet[1;m
[1;36mRound 48 completed.[1;m
[1;36mForwarding dataplane event[1;m
[1;36mBlocking connection [Con 13][1;m
[1;36mUnblocking connection [Con 13][1;m
[1;36minjecting a random packet[1;m
[1;36mRound 49 completed.[1;m
[1;36mForwarding dataplane event[1;m
[1;36mDropping dataplane event[1;m
[1;36minjecting a random packet[1;m
[1;42m[1;37mFully connected![1;m
[1;42m[1;37mViolation (300002, [100003, 100001]) turns out to be transient![1;m
[1;41m[1;37mViolation encountered again after 5 steps: (100002, [200003, 200002])[1;m
[1;41m[1;37mThe following correctness violations have occurred: ['(100002, [200003, 200002])', '(200001, [100003, 100001, 300002, 300001])'][1;m
[1;36mRound 50 completed.[1;m
[1;36mForwarding dataplane event[1;m
[1;36mForwarding dataplane event[1;m
[1;36mForwarding dataplane event[1;m
[1;36mForwarding dataplane event[1;m
[1;36mForwarding dataplane event[1;m
[1;36mForwarding dataplane event[1;m
[1;36mForwarding dataplane event[1;m
[1;36mForwarding dataplane event[1;m
[1;36mBlocking connection [Con 10][1;m
[1;36mUnblocking connection [Con 10][1;m
[1;36minjecting a random packet[1;m
[1;36mRound 51 completed.[1;m
[1;36mForwarding dataplane event[1;m
[1;36mDropping dataplane event[1;m
[1;36mForwarding dataplane event[1;m
[1;36minjecting a random packet[1;m
[1;36mRound 52 completed.[1;m
[1;36mForwarding dataplane event[1;m
[1;36mForwarding dataplane event[1;m
[1;36mCutting link (3:1) -> (2:1)[1;m
[1;36mRound 53 completed.[1;m
[1;36mForwarding dataplane event[1;m
[1;36mDropping dataplane event[1;m
[1;36mForwarding dataplane event[1;m
[1;36mCrashing software_switch SoftwareSwitch(dpid=2, num_ports=3)[1;m
[1;36mRound 54 completed.[1;m
[1;36mForwarding dataplane event[1;m
[1;36mForwarding dataplane event[1;m
[1;36mDropping dataplane event[1;m
[1;36mForwarding dataplane event[1;m
[1;36mForwarding dataplane event[1;m
[1;36mForwarding dataplane event[1;m
[1;36mDropping dataplane event[1;m
[1;36mRestoring link (3:1) -> (2:1)[1;m
[1;41m[1;37mFound 1 unconnected pair: set([(100003, 300003)])[1;m
[1;42m[1;37mViolation (100002, [200003, 200002]) turns out to be transient![1;m
[1;41m[1;37mViolation encountered again after 5 steps: (200001, [100003, 100001, 300002, 300001])[1;m
[1;41m[1;37mThe following correctness violations have occurred: ['(100003, 300003)', '(200001, [100003, 100001, 300002, 300001])'][1;m
[1;36mRound 55 completed.[1;m
[1;36mForwarding dataplane event[1;m
[1;36minjecting a random packet[1;m
[1;36mRound 56 completed.[1;m
[1;36mForwarding dataplane event[1;m
[1;36mBlocking connection [Con 9][1;m
[1;36mUnblocking connection [Con 9][1;m
[1;36mRebooting software_switch SoftwareSwitch(dpid=2, num_ports=3)[1;m
connect_socket_with_backoff ('10.192.5.196', 6633)
connect_socket_with_backoff ('10.192.5.197', 6633)
[1;36minjecting a random packet[1;m
[1;36mRound 57 completed.[1;m
[1;36mForwarding dataplane event[1;m
[1;36mBlocking connection [Con 15][1;m
[1;36mBlocking connection [Con 13][1;m
[1;36mUnblocking connection [Con 15][1;m
[1;36mUnblocking connection [Con 13][1;m
Duration: 16 nsec: 267470121
[1;36minjecting a random packet[1;m
[1;36mRound 58 completed.[1;m
[1;36mForwarding dataplane event[1;m
[1;36mForwarding dataplane event[1;m
[1;36mDropping dataplane event[1;m
[1;36mRound 59 completed.[1;m
[1;36mForwarding dataplane event[1;m
[1;36minjecting a random packet[1;m
[1;41m[1;37mFound 1 unconnected pair: set([(300003, 200003)])[1;m
[1;42m[1;37mViolation (100003, 300003) turns out to be transient![1;m
[1;41m[1;37mViolation encountered again after 10 steps: (200001, [100003, 100001, 300002, 300001])[1;m
[1;41m[1;37mThe following correctness violations have occurred: ['(300003, 200003)', '(100001, [300003, 300002])', '(100002, [200003, 200002])', '(200001, [100003, 100001, 300002, 300001])'][1;m
[1;36mRound 60 completed.[1;m
[1;36mDropping dataplane event[1;m
[1;36mDropping dataplane event[1;m
[1;36mForwarding dataplane event[1;m
[1;36mForwarding dataplane event[1;m
[1;36mDropping dataplane event[1;m
[1;36mForwarding dataplane event[1;m
[1;36mBlocking connection [Con 10][1;m
[1;36mUnblocking connection [Con 10][1;m
[1;36mRound 61 completed.[1;m
[1;36mBlocking connection [Con 14][1;m
[1;36mUnblocking connection [Con 14][1;m
[1;36mRound 62 completed.[1;m
[1;36mRound 63 completed.[1;m
[1;36mForwarding dataplane event[1;m
[1;36mForwarding dataplane event[1;m
[1;36mForwarding dataplane event[1;m
[1;36mDropping dataplane event[1;m
[1;36mForwarding dataplane event[1;m
[1;36mForwarding dataplane event[1;m
[1;36mRound 64 completed.[1;m
Duration: 35 nsec: 935685873
Duration: 17 nsec: 836410045
Duration: 20 nsec: 658528089
[1;36minjecting a random packet[1;m
[1;42m[1;37mFully connected![1;m
[1;42m[1;37mViolation (300003, 200003) turns out to be transient![1;m
[1;41m[1;37mViolation encountered again after 5 steps: (100001, [300003, 300002])[1;m
[1;41m[1;37mViolation encountered again after 5 steps: (100002, [200003, 200002])[1;m
[1;41m[1;37mViolation encountered again after 15 steps: (200001, [100003, 100001, 300002, 300001])[1;m
[1;41m[1;37mThe following correctness violations have occurred: ['(100001, [300003, 300002])', '(100002, [200003, 200002])', '(200001, [100003, 100001, 300002, 300001])'][1;m
[1;36mRound 65 completed.[1;m
[1;36mForwarding dataplane event[1;m
[1;36mForwarding dataplane event[1;m
[1;36minjecting a random packet[1;m
[1;36mRound 66 completed.[1;m
[1;36mForwarding dataplane event[1;m
[1;36mDropping dataplane event[1;m
[1;36mForwarding dataplane event[1;m
[1;36mForwarding dataplane event[1;m
[1;36mForwarding dataplane event[1;m
[1;36mForwarding dataplane event[1;m
[1;36mDropping dataplane event[1;m
[1;36mDropping dataplane event[1;m
[1;36mForwarding dataplane event[1;m
[1;36mForwarding dataplane event[1;m
[1;36mForwarding dataplane event[1;m
[1;36mForwarding dataplane event[1;m
[1;36mForwarding dataplane event[1;m
[1;36mForwarding dataplane event[1;m
[1;36mForwarding dataplane event[1;m
[1;36mForwarding dataplane event[1;m
[1;36mForwarding dataplane event[1;m
[1;36mForwarding dataplane event[1;m
[1;36mForwarding dataplane event[1;m
[1;36mForwarding dataplane event[1;m
Duration: 22 nsec: 449841976
Duration: 19 nsec: 622864007
[1;36mCrashing software_switch SoftwareSwitch(dpid=3, num_ports=3)[1;m
[1;36mRound 67 completed.[1;m
[1;36mForwarding dataplane event[1;m
[1;36mDropping dataplane event[1;m
Duration: 22 nsec: 975345849
Duration: 20 nsec: 678379058
Duration: 22 nsec: 977911949
Duration: 20 nsec: 150563955
[1;36minjecting a random packet[1;m
[1;36mRound 68 completed.[1;m
[1;36mForwarding dataplane event[1;m
[1;36mBlocking connection [Con 9][1;m
[1;36mUnblocking connection [Con 9][1;m
[1;36mRebooting software_switch SoftwareSwitch(dpid=3, num_ports=3)[1;m
connect_socket_with_backoff ('10.192.5.196', 6633)
connect_socket_with_backoff ('10.192.5.197', 6633)
[1;36mRound 69 completed.[1;m
[1;36mForwarding dataplane event[1;m
[1;36mBlocking connection [Con 17][1;m
[1;36mUnblocking connection [Con 17][1;m
[1;36minjecting a random packet[1;m
[1;41m[1;37mFound 2 unconnected pairs: set([(100003, 200003), (300003, 200003)])[1;m
[1;41m[1;37mViolation encountered again after 10 steps: (100001, [300003, 300002])[1;m
[1;41m[1;37mViolation encountered again after 10 steps: (100002, [200003, 200002])[1;m
[1;41m[1;37mViolation encountered again after 20 steps: (200001, [100003, 100001, 300002, 300001])[1;m
[1;41m[1;37mThe following correctness violations have occurred: ['(300003, 200003)', '(100003, 200003)', '(100001, [300003, 300002])', '(100002, [200003, 200002])', '(200001, [100003, 100001, 300002, 300001])'][1;m
[1;36mRound 70 completed.[1;m
[1;36mForwarding dataplane event[1;m
[1;36mForwarding dataplane event[1;m
[1;36mBlocking connection [Con 16][1;m
[1;36mUnblocking connection [Con 16][1;m
[1;36minjecting a random packet[1;m
[1;36mRound 71 completed.[1;m
[1;36mForwarding dataplane event[1;m
[1;36mForwarding dataplane event[1;m
[1;36mCutting link (3:2) -> (1:1)[1;m
[1;36minjecting a random packet[1;m
[1;36minjecting a random packet[1;m
[1;36mRound 72 completed.[1;m
[1;36mForwarding dataplane event[1;m
[1;36mForwarding dataplane event[1;m
[1;36mForwarding dataplane event[1;m
[1;36mDropping dataplane event[1;m
[1;36mDropping dataplane event[1;m
[1;36mForwarding dataplane event[1;m
[1;36mDropping dataplane event[1;m
[1;36mBlocking connection [Con 18][1;m
[1;36mUnblocking connection [Con 18][1;m
[1;36minjecting a random packet[1;m
[1;36minjecting a random packet[1;m
[1;36minjecting a random packet[1;m
[1;36mRound 73 completed.[1;m
[1;36mForwarding dataplane event[1;m
[1;36mDropping dataplane event[1;m
[1;36mForwarding dataplane event[1;m
[1;36mForwarding dataplane event[1;m
[1;36mDropping dataplane event[1;m
[1;36mRestoring link (3:2) -> (1:1)[1;m
[1;36mRound 74 completed.[1;m
[1;36mForwarding dataplane event[1;m
[1;36mForwarding dataplane event[1;m
[1;36mBlocking connection [Con 15][1;m
[1;36mUnblocking connection [Con 15][1;m
[1;36mCutting link (2:1) -> (3:1)[1;m
[1;36minjecting a random packet[1;m
[1;41m[1;37mFound 2 unconnected pairs: set([(100003, 200003), (300003, 200003)])[1;m
[1;41m[1;37mViolation encountered again after 5 steps: (300003, 200003)[1;m
[1;41m[1;37mViolation encountered again after 5 steps: (100003, 200003)[1;m
[1;41m[1;37mViolation encountered again after 15 steps: (100001, [300003, 300002])[1;m
[1;41m[1;37mViolation encountered again after 15 steps: (100002, [200003, 200002])[1;m
[1;41m[1;37mViolation encountered again after 25 steps: (200001, [100003, 100001, 300002, 300001])[1;m
[1;41m[1;37mThe following correctness violations have occurred: ['(300003, 200003)', '(100003, 200003)', '(100001, [300003, 300002])', '(100002, [200003, 200002])', '(200001, [100003, 100001, 300002, 300001])'][1;m
[1;36mRound 75 completed.[1;m
[1;36mForwarding dataplane event[1;m
[1;36mForwarding dataplane event[1;m
[1;36mForwarding dataplane event[1;m
[1;36mForwarding dataplane event[1;m
[1;36mForwarding dataplane event[1;m
[1;36mForwarding dataplane event[1;m
[1;36mRound 76 completed.[1;m
[1;36mForwarding dataplane event[1;m
[1;36mDropping dataplane event[1;m
[1;36mDropping dataplane event[1;m
[1;36mForwarding dataplane event[1;m
Duration: 29 nsec: 354372978
[1;36mRestoring link (2:1) -> (3:1)[1;m
[1;36mRound 77 completed.[1;m
[1;36mDropping dataplane event[1;m
[1;36mForwarding dataplane event[1;m
[1;36mRound 78 completed.[1;m
[1;36mBlocking connection [Con 17][1;m
[1;36mUnblocking connection [Con 17][1;m
Duration: 30 nsec: 401301860
Duration: 28 nsec: 104398965
[1;36mRound 79 completed.[1;m
[1;36mBlocking connection [Con 18][1;m
[1;36mUnblocking connection [Con 18][1;m
[1;36minjecting a random packet[1;m
[1;41m[1;37mFound 1 unconnected pair: set([(100003, 200003)])[1;m
[1;42m[1;37mViolation (300003, 200003) turns out to be transient![1;m
[1;41m[1;37mViolation encountered again after 10 steps: (100003, 200003)[1;m
[1;41m[1;37mViolation encountered again after 20 steps: (100001, [300003, 300002])[1;m
[1;41m[1;37mViolation encountered again after 20 steps: (100002, [200003, 200002])[1;m
[1;41m[1;37mViolation encountered again after 30 steps: (200001, [100003, 100001, 300002, 300001])[1;m
[1;41m[1;37mThe following correctness violations have occurred: ['(100003, 200003)', '(100001, [300003, 300002])', '(100002, [200003, 200002])', '(200001, [100003, 100001, 300002, 300001])'][1;m
[1;36mRound 80 completed.[1;m
[1;36mForwarding dataplane event[1;m
[1;36mBlocking connection [Con 17][1;m
[1;36mUnblocking connection [Con 17][1;m
[1;36minjecting a random packet[1;m
[1;36mRound 81 completed.[1;m
[1;36mForwarding dataplane event[1;m
[1;36mDropping dataplane event[1;m
[1;36mRound 82 completed.[1;m
[1;36mForwarding dataplane event[1;m
[1;36mBlocking connection [Con 16][1;m
[1;36mUnblocking connection [Con 16][1;m
[1;36minjecting a random packet[1;m
[1;36mRound 83 completed.[1;m
[1;36mForwarding dataplane event[1;m
[1;36mBlocking connection [Con 15][1;m
[1;36mUnblocking connection [Con 15][1;m
[1;36minjecting a random packet[1;m
[1;36minjecting a random packet[1;m
[1;36mRound 84 completed.[1;m
[1;36mForwarding dataplane event[1;m
[1;36mForwarding dataplane event[1;m
[1;36mForwarding dataplane event[1;m
[1;36mForwarding dataplane event[1;m
[1;36mForwarding dataplane event[1;m
[1;36mDropping dataplane event[1;m
[1;36mBlocking connection [Con 18][1;m
[1;36mUnblocking connection [Con 18][1;m
[1;41m[1;37mFound 3 unconnected pairs: set([(100003, 200003), (200003, 300003), (300003, 200003)])[1;m
[1;41m[1;37mViolation encountered again after 25 steps: (100001, [300003, 300002])[1;m
[1;41m[1;37mViolation encountered again after 35 steps: (200001, [100003, 100001, 300002, 300001])[1;m
[1;41m[1;37mViolation encountered again after 15 steps: (100003, 200003)[1;m
[1;41m[1;37mViolation encountered again after 25 steps: (100002, [200003, 200002])[1;m
[1;41m[1;37mThe following correctness violations have occurred: ['(100001, [300003, 300002])', '(200001, [100003, 100001, 300002, 300001])', '(100003, 200003)', '(200003, 300003)', '(100002, [200003, 200002])', '(300003, 200003)'][1;m
[1;36mRound 85 completed.[1;m
[1;36mDropping dataplane event[1;m
[1;36mForwarding dataplane event[1;m
[1;36mBlocking connection [Con 18][1;m
[1;36mUnblocking connection [Con 18][1;m
[1;36mCutting link (2:2) -> (1:2)[1;m
[1;36minjecting a random packet[1;m
[1;36minjecting a random packet[1;m
[1;36mRound 86 completed.[1;m
[1;36mForwarding dataplane event[1;m
[1;36mForwarding dataplane event[1;m
[1;36mForwarding dataplane event[1;m
[1;36mForwarding dataplane event[1;m
[1;36mDropping dataplane event[1;m
[1;36minjecting a random packet[1;m
[1;36mRound 87 completed.[1;m
[1;36mDropping dataplane event[1;m
[1;36mForwarding dataplane event[1;m
[1;36mForwarding dataplane event[1;m
Duration: 51 nsec: 813879013
Duration: 33 nsec: 714701890
Duration: 36 nsec: 537806987
[1;36mRestoring link (2:2) -> (1:2)[1;m
[1;36mRound 88 completed.[1;m
[1;36mForwarding dataplane event[1;m
[1;36mForwarding dataplane event[1;m
[1;36mForwarding dataplane event[1;m
[1;36mDropping dataplane event[1;m
[1;36mDropping dataplane event[1;m
[1;36mForwarding dataplane event[1;m
[1;36mForwarding dataplane event[1;m
[1;36mForwarding dataplane event[1;m
[1;36mForwarding dataplane event[1;m
[1;36mForwarding dataplane event[1;m
[1;36mForwarding dataplane event[1;m
[1;36mDropping dataplane event[1;m
[1;36mForwarding dataplane event[1;m
[1;36mForwarding dataplane event[1;m
[1;36mForwarding dataplane event[1;m
[1;36mForwarding dataplane event[1;m
[1;36mForwarding dataplane event[1;m
[1;36mForwarding dataplane event[1;m
[1;36mForwarding dataplane event[1;m
[1;36mForwarding dataplane event[1;m
[1;36minjecting a random packet[1;m
[1;36minjecting a random packet[1;m
[1;36mRound 89 completed.[1;m
[1;36mForwarding dataplane event[1;m
[1;36mForwarding dataplane event[1;m
[1;36mBlocking connection [Con 10][1;m
[1;36mUnblocking connection [Con 10][1;m
[1;36mCutting link (3:1) -> (2:1)[1;m
[1;41m[1;37mFound 3 unconnected pairs: set([(100003, 200003), (200003, 300003), (300003, 200003)])[1;m
[1;42m[1;37mViolation (200001, [100003, 100001, 300002, 300001]) turns out to be transient![1;m
[1;41m[1;37mViolation encountered again after 5 steps: (200003, 300003)[1;m
[1;41m[1;37mViolation encountered again after 5 steps: (300003, 200003)[1;m
[1;41m[1;37mViolation encountered again after 20 steps: (100003, 200003)[1;m
[1;41m[1;37mViolation encountered again after 30 steps: (100001, [300003, 300002])[1;m
[1;41m[1;37mViolation encountered again after 30 steps: (100002, [200003, 200002])[1;m
[1;41m[1;37mThe following correctness violations have occurred: ['(200003, 300003)', '(300003, 200003)', '(100003, 200003)', '(100001, [300003, 300002])', '(100002, [200003, 200002])'][1;m
[1;36mRound 90 completed.[1;m
[1;36mForwarding dataplane event[1;m
[1;36mForwarding dataplane event[1;m
[1;36mForwarding dataplane event[1;m
[1;36mForwarding dataplane event[1;m
[1;36mDropping dataplane event[1;m
[1;36mForwarding dataplane event[1;m
[1;36mDropping dataplane event[1;m
[1;36mRestoring link (3:1) -> (2:1)[1;m
[1;36mRound 91 completed.[1;m
[1;36mForwarding dataplane event[1;m
[1;36mBlocking connection [Con 16][1;m
[1;36mBlocking connection [Con 17][1;m
[1;36mUnblocking connection [Con 16][1;m
[1;36mUnblocking connection [Con 17][1;m
[1;36minjecting a random packet[1;m
[1;36mRound 92 completed.[1;m
[1;36mForwarding dataplane event[1;m
[1;36minjecting a random packet[1;m
[1;36minjecting a random packet[1;m
[1;36mRound 93 completed.[1;m
[1;36mDropping dataplane event[1;m
[1;36mForwarding dataplane event[1;m
[1;36mDropping dataplane event[1;m
Duration: 40 nsec: 450484991
Duration: 38 nsec: 153573989
Duration: 40 nsec: 454488992
[1;36mRound 94 completed.[1;m
[1;36mForwarding dataplane event[1;m
[1;36mCrashing software_switch SoftwareSwitch(dpid=3, num_ports=3)[1;m
[1;41m[1;37mFound 1 unconnected pair: set([(100003, 200003)])[1;m
[1;42m[1;37mViolation (200003, 300003) turns out to be transient![1;m
[1;42m[1;37mViolation (100001, [300003, 300002]) turns out to be transient![1;m
[1;42m[1;37mViolation (300003, 200003) turns out to be transient![1;m
[1;41m[1;37mViolation encountered again after 25 steps: (100003, 200003)[1;m
[1;41m[1;37mViolation encountered again after 35 steps: (100002, [200003, 200002])[1;m
[1;41m[1;37mThe following correctness violations have occurred: ['(100003, 200003)', '(300002, [100003, 100001])', '(100002, [200003, 200002])'][1;m
[1;36mRound 95 completed.[1;m
[1;36mForwarding dataplane event[1;m
Duration: 42 nsec: 208421945
Duration: 39 nsec: 381129026
[1;36mRebooting software_switch SoftwareSwitch(dpid=3, num_ports=3)[1;m
connect_socket_with_backoff ('10.192.5.196', 6633)
connect_socket_with_backoff ('10.192.5.197', 6633)
[1;36minjecting a random packet[1;m
[1;36minjecting a random packet[1;m
[1;36mRound 96 completed.[1;m
[1;36mForwarding dataplane event[1;m
[1;36mForwarding dataplane event[1;m
[1;36minjecting a random packet[1;m
[1;36minjecting a random packet[1;m
[1;36mRound 97 completed.[1;m
[1;36mForwarding dataplane event[1;m
[1;36mForwarding dataplane event[1;m
[1;36mForwarding dataplane event[1;m
[1;36mForwarding dataplane event[1;m
[1;36mForwarding dataplane event[1;m
[1;36mDropping dataplane event[1;m
[1;36mForwarding dataplane event[1;m
[1;36minjecting a random packet[1;m
[1;36minjecting a random packet[1;m
[1;36mRound 98 completed.[1;m
[1;36mForwarding dataplane event[1;m
[1;36mForwarding dataplane event[1;m
[1;36mForwarding dataplane event[1;m
[1;36mDropping dataplane event[1;m
[1;36mForwarding dataplane event[1;m
[1;36mBlocking connection [Con 19][1;m
[1;36mUnblocking connection [Con 19][1;m
[1;36minjecting a random packet[1;m
[1;36mRound 99 completed.[1;m
[1;36mForwarding dataplane event[1;m
[1;36mForwarding dataplane event[1;m
[1;36mForwarding dataplane event[1;m
[1;36mForwarding dataplane event[1;m
[1;36mBlocking connection [Con 19][1;m
[1;36mUnblocking connection [Con 19][1;m
[1;36minjecting a random packet[1;m
[1;41m[1;37mFound 2 unconnected pairs: set([(100003, 200003), (300003, 200003)])[1;m
[1;42m[1;37mViolation (300002, [100003, 100001]) turns out to be transient![1;m
[1;41m[1;37mViolation encountered again after 30 steps: (100003, 200003)[1;m
[1;41m[1;37mViolation encountered again after 40 steps: (100002, [200003, 200002])[1;m
[1;41m[1;37mThe following correctness violations have occurred: ['(300003, 200003)', '(100003, 200003)', '(100001, [300003, 300002])', '(100002, [200003, 200002])', '(200001, [100003, 100001, 300002, 300001])'][1;m
[1;36mRound 100 completed.[1;m
[1;36mDropping dataplane event[1;m
[1;36mForwarding dataplane event[1;m
[1;36mForwarding dataplane event[1;m
[1;36minjecting a random packet[1;m
[1;36mRound 101 completed.[1;m
[1;36mForwarding dataplane event[1;m
[1;36mDropping dataplane event[1;m
[1;36mBlocking connection [Con 9][1;m
[1;36mUnblocking connection [Con 9][1;m
[1;36minjecting a random packet[1;m
[1;36mRound 102 completed.[1;m
[1;36mForwarding dataplane event[1;m
[1;36mForwarding dataplane event[1;m
[1;36mForwarding dataplane event[1;m
[1;36mForwarding dataplane event[1;m
[1;36mForwarding dataplane event[1;m
[1;36mForwarding dataplane event[1;m
[1;36mForwarding dataplane event[1;m
[1;36mForwarding dataplane event[1;m
[1;36mBlocking connection [Con 10][1;m
[1;36mBlocking connection [Con 20][1;m
[1;36mUnblocking connection [Con 10][1;m
[1;36mUnblocking connection [Con 20][1;m
[1;36minjecting a random packet[1;m
[1;36mRound 103 completed.[1;m
[1;36mForwarding dataplane event[1;m
[1;36mForwarding dataplane event[1;m
Duration: 47 nsec: 347383022
Duration: 44 nsec: 520040035
[1;36minjecting a random packet[1;m
[1;36mRound 104 completed.[1;m
[1;36mForwarding dataplane event[1;m
[1;36mForwarding dataplane event[1;m
[1;36mDropping dataplane event[1;m
[1;36mForwarding dataplane event[1;m
[1;36mForwarding dataplane event[1;m
[1;36mForwarding dataplane event[1;m
[1;36mForwarding dataplane event[1;m
[1;36minjecting a random packet[1;m
[1;41m[1;37mFound 3 unconnected pairs: set([(100003, 200003), (200003, 300003), (300003, 200003)])[1;m
[1;41m[1;37mViolation encountered again after 5 steps: (100001, [300003, 300002])[1;m
[1;41m[1;37mViolation encountered again after 5 steps: (200001, [100003, 100001, 300002, 300001])[1;m
[1;41m[1;37mViolation encountered again after 35 steps: (100003, 200003)[1;m
[1;41m[1;37mViolation encountered again after 45 steps: (100002, [200003, 200002])[1;m
[1;41m[1;37mViolation encountered again after 5 steps: (300003, 200003)[1;m
[1;41m[1;37mThe following correctness violations have occurred: ['(100001, [300003, 300002])', '(200001, [100003, 100001, 300002, 300001])', '(100003, 200003)', '(200003, 300003)', '(100002, [200003, 200002])', '(300003, 200003)'][1;m
[1;36mRound 105 completed.[1;m
[1;36mDropping dataplane event[1;m
[1;36mForwarding dataplane event[1;m
[1;36minjecting a random packet[1;m
[1;36mRound 106 completed.[1;m
[1;36mForwarding dataplane event[1;m
[1;36mForwarding dataplane event[1;m
[1;36mForwarding dataplane event[1;m
[1;36mCutting link (1:2) -> (2:2)[1;m
[1;36minjecting a random packet[1;m
[1;36mRound 107 completed.[1;m
[1;36mForwarding dataplane event[1;m
[1;36mDropping dataplane event[1;m
[1;36mRound 108 completed.[1;m
[1;36mForwarding dataplane event[1;m
Duration: 65 nsec: 957278966
Duration: 47 nsec: 858021974
Duration: 50 nsec: 680220127
[1;36mRestoring link (1:2) -> (2:2)[1;m
[1;36minjecting a random packet[1;m
[1;36mRound 109 completed.[1;m
[1;36mDropping dataplane event[1;m
[1;36mBlocking connection [Con 16][1;m
[1;36mBlocking connection [Con 19][1;m
[1;36mUnblocking connection [Con 16][1;m
[1;36mUnblocking connection [Con 19][1;m
[1;36minjecting a random packet[1;m
[1;41m[1;37mFound 2 unconnected pairs: set([(100003, 200003), (300003, 200003)])[1;m
[1;42m[1;37mViolation (200003, 300003) turns out to be transient![1;m
[1;41m[1;37mViolation encountered again after 10 steps: (300003, 200003)[1;m
[1;41m[1;37mViolation encountered again after 40 steps: (100003, 200003)[1;m
[1;41m[1;37mViolation encountered again after 10 steps: (100001, [300003, 300002])[1;m
[1;41m[1;37mViolation encountered again after 50 steps: (100002, [200003, 200002])[1;m
[1;41m[1;37mViolation encountered again after 10 steps: (200001, [100003, 100001, 300002, 300001])[1;m
[1;41m[1;37mThe following correctness violations have occurred: ['(300003, 200003)', '(100003, 200003)', '(100001, [300003, 300002])', '(100002, [200003, 200002])', '(200001, [100003, 100001, 300002, 300001])'][1;m
[1;36mRound 110 completed.[1;m
[1;36mForwarding dataplane event[1;m
[1;36mDropping dataplane event[1;m
[1;36mDropping dataplane event[1;m
[1;36mForwarding dataplane event[1;m
[1;36mForwarding dataplane event[1;m
[1;36mForwarding dataplane event[1;m
[1;36mForwarding dataplane event[1;m
[1;36mForwarding dataplane event[1;m
[1;36mForwarding dataplane event[1;m
[1;36mForwarding dataplane event[1;m
[1;36mForwarding dataplane event[1;m
[1;36mForwarding dataplane event[1;m
[1;36mDropping dataplane event[1;m
[1;36mForwarding dataplane event[1;m
[1;36mForwarding dataplane event[1;m
[1;36mForwarding dataplane event[1;m
[1;36mForwarding dataplane event[1;m
[1;36mRound 111 completed.[1;m
[1;36mForwarding dataplane event[1;m
[1;36mBlocking connection [Con 9][1;m
[1;36mUnblocking connection [Con 9][1;m
[1;36minjecting a random packet[1;m
[1;36mRound 112 completed.[1;m
[1;36mForwarding dataplane event[1;m
[1;36mForwarding dataplane event[1;m
[1;36mBlocking connection [Con 20][1;m
[1;36mUnblocking connection [Con 20][1;m
[1;36minjecting a random packet[1;m
[1;36mRound 113 completed.[1;m
[1;36mForwarding dataplane event[1;m
[1;36mForwarding dataplane event[1;m
[1;36minjecting a random packet[1;m
[1;36mRound 114 completed.[1;m
[1;36mDropping dataplane event[1;m
[1;36mForwarding dataplane event[1;m
[1;36mBlocking connection [Con 20][1;m
[1;36mUnblocking connection [Con 20][1;m
[1;36minjecting a random packet[1;m
[1;36minjecting a random packet[1;m
[1;36minjecting a random packet[1;m
[1;41m[1;37mFound 2 unconnected pairs: set([(100003, 200003), (300003, 200003)])[1;m
[1;41m[1;37mViolation encountered again after 15 steps: (300003, 200003)[1;m
[1;41m[1;37mViolation encountered again after 45 steps: (100003, 200003)[1;m
[1;41m[1;37mViolation encountered again after 15 steps: (100001, [300003, 300002])[1;m
[1;41m[1;37mViolation encountered again after 55 steps: (100002, [200003, 200002])[1;m
[1;41m[1;37mViolation encountered again after 15 steps: (200001, [100003, 100001, 300002, 300001])[1;m
[1;41m[1;37mThe following correctness violations have occurred: ['(300003, 200003)', '(100003, 200003)', '(100001, [300003, 300002])', '(100002, [200003, 200002])', '(200001, [100003, 100001, 300002, 300001])'][1;m
[1;41m[1;37mPersistent violations detected!: ['(100002, [200003, 200002])'][1;m