xss =  -ea -javaagent:/home/mininet/apache-cassandra-1.2.4/bin/../lib/jamm-0.2.5.jar -XX:+UseThreadPriorities -XX:ThreadPriorityPolicy=42 -Xms1996M -Xmx1996M -Xmn100M -XX:+HeapDumpOnOutOfMemoryError -Xss256k
 INFO 17:05:05,990 Logging initialized
 INFO 17:05:06,002 JVM vendor/version: OpenJDK 64-Bit Server VM/1.7.0_51
 WARN 17:05:06,002 OpenJDK is not recommended. Please upgrade to the newest Oracle Java release
 INFO 17:05:06,002 Heap size: 2082471936/2082471936
 INFO 17:05:06,003 Classpath: /home/mininet/apache-cassandra-1.2.4/bin/../conf:/home/mininet/apache-cassandra-1.2.4/bin/../build/classes/main:/home/mininet/apache-cassandra-1.2.4/bin/../build/classes/thrift:/home/mininet/apache-cassandra-1.2.4/bin/../lib/antlr-3.2.jar:/home/mininet/apache-cassandra-1.2.4/bin/../lib/apache-cassandra-1.2.4.jar:/home/mininet/apache-cassandra-1.2.4/bin/../lib/apache-cassandra-clientutil-1.2.4.jar:/home/mininet/apache-cassandra-1.2.4/bin/../lib/apache-cassandra-thrift-1.2.4.jar:/home/mininet/apache-cassandra-1.2.4/bin/../lib/avro-1.4.0-fixes.jar:/home/mininet/apache-cassandra-1.2.4/bin/../lib/avro-1.4.0-sources-fixes.jar:/home/mininet/apache-cassandra-1.2.4/bin/../lib/commons-cli-1.1.jar:/home/mininet/apache-cassandra-1.2.4/bin/../lib/commons-codec-1.2.jar:/home/mininet/apache-cassandra-1.2.4/bin/../lib/commons-lang-2.6.jar:/home/mininet/apache-cassandra-1.2.4/bin/../lib/compress-lzf-0.8.4.jar:/home/mininet/apache-cassandra-1.2.4/bin/../lib/concurrentlinkedhashmap-lru-1.3.jar:/home/mininet/apache-cassandra-1.2.4/bin/../lib/guava-13.0.1.jar:/home/mininet/apache-cassandra-1.2.4/bin/../lib/high-scale-lib-1.1.2.jar:/home/mininet/apache-cassandra-1.2.4/bin/../lib/jackson-core-asl-1.9.2.jar:/home/mininet/apache-cassandra-1.2.4/bin/../lib/jackson-mapper-asl-1.9.2.jar:/home/mininet/apache-cassandra-1.2.4/bin/../lib/jamm-0.2.5.jar:/home/mininet/apache-cassandra-1.2.4/bin/../lib/jbcrypt-0.3m.jar:/home/mininet/apache-cassandra-1.2.4/bin/../lib/jline-1.0.jar:/home/mininet/apache-cassandra-1.2.4/bin/../lib/json-simple-1.1.jar:/home/mininet/apache-cassandra-1.2.4/bin/../lib/libthrift-0.7.0.jar:/home/mininet/apache-cassandra-1.2.4/bin/../lib/log4j-1.2.16.jar:/home/mininet/apache-cassandra-1.2.4/bin/../lib/lz4-1.1.0.jar:/home/mininet/apache-cassandra-1.2.4/bin/../lib/metrics-core-2.0.3.jar:/home/mininet/apache-cassandra-1.2.4/bin/../lib/netty-3.5.9.Final.jar:/home/mininet/apache-cassandra-1.2.4/bin/../lib/servlet-api-2.5-20081211.jar:/home/mininet/apache-cassandra-1.2.4/bin/../lib/slf4j-api-1.7.2.jar:/home/mininet/apache-cassandra-1.2.4/bin/../lib/slf4j-log4j12-1.7.2.jar:/home/mininet/apache-cassandra-1.2.4/bin/../lib/snakeyaml-1.6.jar:/home/mininet/apache-cassandra-1.2.4/bin/../lib/snappy-java-1.0.4.1.jar:/home/mininet/apache-cassandra-1.2.4/bin/../lib/snaptree-0.1.jar:/home/mininet/apache-cassandra-1.2.4/bin/../lib/jamm-0.2.5.jar
 INFO 17:05:06,005 JNA not found. Native methods will be disabled.
 INFO 17:05:06,015 Loading settings from file:/home/mininet/apache-cassandra-1.2.4/conf/cassandra.yaml
 INFO 17:05:06,474 Data files directories: [/var/lib/cassandra/data]
 INFO 17:05:06,474 Commit log directory: /var/lib/cassandra/commitlog
 INFO 17:05:06,475 DiskAccessMode 'auto' determined to be mmap, indexAccessMode is mmap
 INFO 17:05:06,475 disk_failure_policy is stop
 INFO 17:05:06,483 Global memtable threshold is enabled at 662MB
 INFO 17:05:06,597 Not using multi-threaded compaction
 INFO 17:05:07,719 Initializing key cache with capacity of 99 MBs.
 INFO 17:05:07,742 Scheduling key cache save to each 14400 seconds (going to save all keys).
 INFO 17:05:07,744 Initializing row cache with capacity of 0 MBs and provider org.apache.cassandra.cache.SerializingCacheProvider
 INFO 17:05:07,791 Scheduling row cache save to each 0 seconds (going to save all keys).
 INFO 17:05:08,238 Couldn't detect any schema definitions in local storage.
 INFO 17:05:08,240 To create keyspaces and column families, see 'help create keyspace' in the CLI, or set up a schema using the thrift system_* calls.
 INFO 17:05:08,366 No commitlog files found; skipping replay
 INFO 17:05:08,812 Cassandra version: 1.2.4
 INFO 17:05:08,813 Thrift API version: 19.35.0
 INFO 17:05:08,815 CQL supported versions: 2.0.0,3.0.1 (default: 3.0.1)
 INFO 17:05:08,848 Loading persisted ring state
 INFO 17:05:08,852 Starting up server gossip
 WARN 17:05:08,875 No host ID found, created e1c6b8f0-f600-4d91-a93b-14dfc7f5ad2d (Note: This should happen exactly once per node).
 INFO 17:05:08,911 Enqueuing flush of Memtable-local@1144545164(361/361 serialized/live bytes, 15 ops)
 INFO 17:05:08,926 Writing Memtable-local@1144545164(361/361 serialized/live bytes, 15 ops)
 INFO 17:05:09,030 Completed flushing /var/lib/cassandra/data/system/local/system-local-ib-1-Data.db (352 bytes) for commitlog position ReplayPosition(segmentId=1402358708194, position=50656)
 INFO 17:05:09,337 Starting Messaging Service on port 7000
 INFO 17:05:09,521 Saved token not found. Using [-9223372036854775808] from configuration
 INFO 17:05:09,526 Enqueuing flush of Memtable-local@369795615(84/84 serialized/live bytes, 4 ops)
 INFO 17:05:09,529 Writing Memtable-local@369795615(84/84 serialized/live bytes, 4 ops)
 INFO 17:05:09,552 Completed flushing /var/lib/cassandra/data/system/local/system-local-ib-2-Data.db (120 bytes) for commitlog position ReplayPosition(segmentId=1402358708194, position=50931)
 INFO 17:05:09,569 Enqueuing flush of Memtable-local@236987607(51/51 serialized/live bytes, 2 ops)
 INFO 17:05:09,571 Writing Memtable-local@236987607(51/51 serialized/live bytes, 2 ops)
 INFO 17:05:09,595 Completed flushing /var/lib/cassandra/data/system/local/system-local-ib-3-Data.db (110 bytes) for commitlog position ReplayPosition(segmentId=1402358708194, position=51106)
 INFO 17:05:09,640 Node /192.168.56.11 state jump to normal
 INFO 17:05:09,642 Startup completed! Now serving reads.
 INFO 17:05:09,647 Create new Keyspace: system_auth, rep strategy:SimpleStrategy{}, strategy_options: {replication_factor=1}, durable_writes: true
 INFO 17:05:09,739 Enqueuing flush of Memtable-schema_keyspaces@330853368(389/389 serialized/live bytes, 11 ops)
 INFO 17:05:09,745 Writing Memtable-schema_keyspaces@330853368(389/389 serialized/live bytes, 11 ops)
 INFO 17:05:09,763 Completed flushing /var/lib/cassandra/data/system/schema_keyspaces/system-schema_keyspaces-ib-1-Data.db (261 bytes) for commitlog position ReplayPosition(segmentId=1402358708194, position=51347)
 INFO 17:05:09,769 Enqueuing flush of Memtable-schema_columnfamilies@1842265642(21969/21969 serialized/live bytes, 359 ops)
 INFO 17:05:09,772 Writing Memtable-schema_columnfamilies@1842265642(21969/21969 serialized/live bytes, 359 ops)
 INFO 17:05:09,798 Completed flushing /var/lib/cassandra/data/system/schema_columnfamilies/system-schema_columnfamilies-ib-1-Data.db (4535 bytes) for commitlog position ReplayPosition(segmentId=1402358708194, position=51347)
 INFO 17:05:09,800 Enqueuing flush of Memtable-schema_columns@1433866988(21903/21903 serialized/live bytes, 332 ops)
 INFO 17:05:09,801 Writing Memtable-schema_columns@1433866988(21903/21903 serialized/live bytes, 332 ops)
 INFO 17:05:09,829 Completed flushing /var/lib/cassandra/data/system/schema_columns/system-schema_columns-ib-1-Data.db (3770 bytes) for commitlog position ReplayPosition(segmentId=1402358708194, position=51347)
 INFO 17:05:10,048 Create new ColumnFamily: org.apache.cassandra.config.CFMetaData@770f682f[cfId=473588ad-9c79-38be-8b59-e06c10456ba0,ksName=system_auth,cfName=users,cfType=Standard,comparator=org.apache.cassandra.db.marshal.CompositeType(org.apache.cassandra.db.marshal.UTF8Type),subcolumncomparator=<null>,comment=,readRepairChance=0.1,dclocalReadRepairChance=0.0,replicateOnWrite=true,gcGraceSeconds=7776000,defaultValidator=org.apache.cassandra.db.marshal.BytesType,keyValidator=org.apache.cassandra.db.marshal.UTF8Type,minCompactionThreshold=4,maxCompactionThreshold=32,keyAliases=[java.nio.HeapByteBuffer[pos=0 lim=4 cap=4]],columnAliases=[],valueAlias=<null>,column_metadata={java.nio.HeapByteBuffer[pos=0 lim=5 cap=5]=ColumnDefinition{name=7375706572, validator=org.apache.cassandra.db.marshal.BooleanType, index_type=null, index_name='null', component_index=0}},compactionStrategyClass=class org.apache.cassandra.db.compaction.SizeTieredCompactionStrategy,compactionStrategyOptions={},compressionOptions={sstable_compression=org.apache.cassandra.io.compress.SnappyCompressor},bloomFilterFpChance=0.01,caching=KEYS_ONLY,populateIoCacheOnFlush=false]
 INFO 17:05:10,081 Enqueuing flush of Memtable-schema_columnfamilies@632942286(1097/1097 serialized/live bytes, 20 ops)
 INFO 17:05:10,087 Writing Memtable-schema_columnfamilies@632942286(1097/1097 serialized/live bytes, 20 ops)
 INFO 17:05:10,107 Completed flushing /var/lib/cassandra/data/system/schema_columnfamilies/system-schema_columnfamilies-ib-2-Data.db (698 bytes) for commitlog position ReplayPosition(segmentId=1402358708194, position=53131)
 INFO 17:05:10,108 Enqueuing flush of Memtable-schema_columns@841820874(251/251 serialized/live bytes, 5 ops)
 INFO 17:05:10,109 Writing Memtable-schema_columns@841820874(251/251 serialized/live bytes, 5 ops)
 INFO 17:05:10,126 Completed flushing /var/lib/cassandra/data/system/schema_columns/system-schema_columns-ib-2-Data.db (209 bytes) for commitlog position ReplayPosition(segmentId=1402358708194, position=53131)
