[1;33m[c1] INFO:core:POX 0.1.0 (betta) is up.[1;m

connect_socket_with_backoff ('127.0.0.1', 6633)
connect_socket_with_backoff ('127.0.0.1', 6633)
connect_socket_with_backoff ('127.0.0.1', 6633)
[1;36m[1;44m00:00.542 00:00.000 Successfully matched event ConnectToControllers:e1[1;m
[1;36m[1;44m00:00.558 00:00.012 Successfully matched event ControlMessageReceive:i2 c c1 -> s 1 [ofp_hello: ][1;m
[1;36m[1;36mRound 1[1;37m[1;m
[1;36m[1;44m00:00.559 00:00.012 Successfully matched event ControlMessageSend:i3 c 1 -> s c1 [ofp_hello: ][1;m
[1;42m[1;37mNo correctness violations![1;m
[1;36m[1;44m00:00.563 00:00.012 Successfully matched event CheckInvariants:e4[1;m
[1;36m[1;44m00:00.564 00:00.136 Successfully matched event ControlMessageReceive:i5 c c1 -> s 3 [ofp_hello: ][1;m
[1;36m[1;36mRound 2[1;37m[1;m
[1;36m[1;44m00:00.565 00:00.136 Successfully matched event ControlMessageReceive:i6 c c1 -> s 2 [ofp_hello: ][1;m
[1;36m[1;44m00:00.568 00:00.137 Successfully matched event ControlMessageReceive:i7 c c1 -> s 1 [ofp_features_request: ][1;m
[1;36m[1;44m00:00.570 00:00.137 Successfully matched event ControlMessageSend:i8 c 3 -> s c1 [ofp_hello: ][1;m
[1;36m[1;44m00:00.570 00:00.137 Successfully matched event ControlMessageSend:i9 c 2 -> s c1 [ofp_hello: ][1;m
[1;36m[1;44m00:00.571 00:00.138 Successfully matched event ControlMessageSend:i10 c 1 -> s c1 [ofp_features_reply: datapath_id=1][1;m
[1;42m[1;37mNo correctness violations![1;m
[1;36m[1;44m00:00.572 00:00.138 Successfully matched event CheckInvariants:e11[1;m
[1;36m[1;44m00:00.620 00:00.303 Successfully matched event ControlMessageReceive:i12 c c1 -> s 1 [ofp_barrier_request: ][1;m
[1;36m[1;36mRound 3[1;37m[1;m
[1;36m[1;44m00:00.621 00:00.303 Successfully matched event ControlMessageReceive:i13 c c1 -> s 1 [ofp_set_config: ][1;m
[1;36m[1;44m00:00.622 00:00.304 Successfully matched event ControlMessageReceive:i14 c c1 -> s 3 [ofp_features_request: ][1;m
[1;36m[1;44m00:00.623 00:00.304 Successfully matched event ControlMessageReceive:i15 c c1 -> s 2 [ofp_features_request: ][1;m
[1;36m[1;44m00:00.624 00:00.304 Successfully matched event ControlMessageReceive:i16 c c1 -> s 1 [ofp_flow_mod: hard_timeout=0, out_port=65535, priority=32768, idle_timeout=0, command=delete, actions=(), flags=0, match=x^L,in_port:None][1;m
[1;36m[1;44m00:00.625 00:00.305 Successfully matched event ControlMessageSend:i17 c 3 -> s c1 [ofp_features_reply: datapath_id=3][1;m
[1;36m[1;44m00:00.625 00:00.305 Successfully matched event ControlMessageSend:i18 c 1 -> s c1 [ofp_barrier_reply: ][1;m
[1;36m[1;44m00:00.626 00:00.305 Successfully matched event ControlMessageSend:i19 c 2 -> s c1 [ofp_features_reply: datapath_id=2][1;m
[1;42m[1;37mNo correctness violations![1;m
[1;36m[1;44m00:00.628 00:00.306 Successfully matched event CheckInvariants:e20[1;m
[1;33m[c1] INFO:openflow.of_01:[00-00-00-00-00-01 1] connected[1;m

[1;41m[1;33m[c1] DEBUG:pyretic.core.runtime.DEBUG_TOPO_DISCOVERY: handle_switch_joins[1;m

[1;41m[1;33m[c1] INFO:pyretic.core.runtime.ConcreteNetwork: OpenFlow switch 1 connected[1;m

[1;41m[1;33m[c1] DEBUG:pyretic.core.runtime.DEBUG_TOPO_DISCOVERY: ---------------------------------------------[1;m

[1;41m[1;33m[c1] switch  |  switch edges    |  egress ports  |[1;m

[1;41m[1;33m[c1] ---------------------------------------------[1;m

[1;41m[1;33m[c1] 1       |                  |                |[1;m

[1;41m[1;33m[c1] ---------------------------------------------[1;m

[1;41m[1;33m[c1] DEBUG:pyretic.core.runtime.DEBUG_TOPO_DISCOVERY: handle_port_joins 1:1:True:True[1;m

[1;41m[1;33m[c1] DEBUG:pyretic.core.runtime.DEBUG_TOPO_DISCOVERY: ---------------------------------------------[1;m

[1;41m[1;33m[c1] switch  |  switch edges    |  egress ports  |[1;m

[1;41m[1;33m[c1] ---------------------------------------------[1;m

[1;41m[1;33m[c1] 1       |                  |  1[1]---       |[1;m

[1;41m[1;33m[c1] ---------------------------------------------[1;m

[1;41m[1;33m[c1] DEBUG:pyretic.core.runtime.DEBUG_TOPO_DISCOVERY: handle_port_joins 1:2:True:True[1;m

[1;41m[1;33m[c1] DEBUG:pyretic.core.runtime.DEBUG_TOPO_DISCOVERY: -------------------------------------------------[1;m

[1;41m[1;33m[c1] switch  |  switch edges    |  egress ports      |[1;m

[1;41m[1;33m[c1] -------------------------------------------------[1;m

[1;41m[1;33m[c1] 1       |                  |  1[2]---, 1[1]---  |[1;m

[1;41m[1;33m[c1] -------------------------------------------------[1;m

[1;41m[1;33m[c1] DEBUG:pyretic.core.runtime.DEBUG_TOPO_DISCOVERY: handle_port_joins 1:3:True:True[1;m

[1;41m[1;33m[c1] DEBUG:pyretic.core.runtime.DEBUG_TOPO_DISCOVERY: ----------------------------------------------------------[1;m

[1;41m[1;33m[c1] switch  |  switch edges    |   egress ports              |[1;m

[1;41m[1;33m[c1] ----------------------------------------------------------[1;m

[1;41m[1;33m[c1] 1       |                  |  1[2]---, 1[3]---, 1[1]---  |[1;m

[1;41m[1;33m[c1] ----------------------------------------------------------[1;m

[1;36m[1;44m00:00.688 00:00.410 Successfully matched event ControlMessageReceive:i21 c c1 -> s 1 [ofp_packet_out: actions=(u'output(1)',), data={u'class': u'lldp'}, in_port=65535][1;m
[1;36m[1;36mRound 4[1;37m[1;m
[1;36mForwarding dataplane event[1;m
[1;36m[1;44m00:00.690 00:00.411 Successfully matched event ControlMessageReceive:i22 c c1 -> s 2 [ofp_barrier_request: ][1;m
[1;36m[1;44m00:00.691 00:00.411 Successfully matched event ControlMessageReceive:i23 c c1 -> s 3 [ofp_barrier_request: ][1;m
[1;36m[1;44m00:00.692 00:00.413 Successfully matched event ControlMessageReceive:i24 c c1 -> s 1 [ofp_flow_mod: hard_timeout=0, out_port=65535, priority=32768, idle_timeout=0, command=add, actions=(u'output(65533)',), flags=0, match=x^L,in_port:None][1;m
[1;36m[1;44m00:00.694 00:00.413 Successfully matched event ControlMessageReceive:i25 c c1 -> s 2 [ofp_set_config: ][1;m
[1;36m[1;44m00:00.695 00:00.413 Successfully matched event ControlMessageReceive:i26 c c1 -> s 1 [ofp_packet_out: actions=(u'output(3)',), data={u'class': u'lldp'}, in_port=65535][1;m
[1;36mForwarding dataplane event[1;m
[1;36m[1;44m00:00.697 00:00.414 Successfully matched event ControlMessageReceive:i27 c c1 -> s 3 [ofp_flow_mod: hard_timeout=0, out_port=65535, priority=32768, idle_timeout=0, command=delete, actions=(), flags=0, match=x^L,in_port:None][1;m
[1;36m[1;44m00:00.698 00:00.414 Successfully matched event ControlMessageReceive:i28 c c1 -> s 2 [ofp_flow_mod: hard_timeout=0, out_port=65535, priority=32768, idle_timeout=0, command=delete, actions=(), flags=0, match=x^L,in_port:None][1;m
[1;36m[1;44m00:00.699 00:00.415 Successfully matched event ControlMessageReceive:i29 c c1 -> s 1 [ofp_packet_out: actions=(u'output(2)',), data={u'class': u'lldp'}, in_port=65535][1;m
[1;36mForwarding dataplane event[1;m
[1;36m[1;44m00:00.701 00:00.415 Successfully matched event ControlMessageReceive:i30 c c1 -> s 3 [ofp_set_config: ][1;m
[1;36m[1;44m00:00.701 00:00.415 Successfully matched event ControlMessageSend:i31 c 3 -> s c1 [ofp_barrier_reply: ][1;m
[1;36m[1;44m00:00.702 00:00.416 Successfully matched event ControlMessageSend:i32 c 2 -> s c1 [ofp_barrier_reply: ][1;m
[1;42m[1;37mNo correctness violations![1;m
[1;36m[1;44m00:00.703 00:00.416 Successfully matched event CheckInvariants:e33[1;m
[1;36m[1;44m00:00.704 00:00.519 Successfully matched event DataplanePermit:i34[1;m
[1;36m[1;36mRound 5[1;37m[1;m
[1;36m[1;44m00:00.705 00:00.520 Successfully matched event DataplanePermit:i35[1;m
[1;36m[1;44m00:00.706 00:00.521 Successfully matched event DataplanePermit:i36[1;m
[1;33m[c1] INFO:openflow.of_01:[00-00-00-00-00-02 2] connected[1;m

[1;33m[c1] INFO:openflow.of_01:[00-00-00-00-00-03 3] connected[1;m

[1;41m[1;33m[c1] DEBUG:pyretic.core.runtime.DEBUG_TOPO_DISCOVERY: handle_switch_joins[1;m

[1;41m[1;33m[c1] INFO:pyretic.core.runtime.ConcreteNetwork: OpenFlow switch 2 connected[1;m

[1;41m[1;33m[c1] DEBUG:pyretic.core.runtime.DEBUG_TOPO_DISCOVERY: ----------------------------------------------------------[1;m

[1;41m[1;33m[c1] switch  |  switch edges    |   egress ports              |[1;m

[1;41m[1;33m[c1] ----------------------------------------------------------[1;m

[1;41m[1;33m[c1] 1       |                  |  1[2]---, 1[3]---, 1[1]---  |[1;m

[1;41m[1;33m[c1] 2       |                  |                             |[1;m

[1;41m[1;33m[c1] ----------------------------------------------------------[1;m

[1;41m[1;33m[c1] DEBUG:pyretic.core.runtime.DEBUG_TOPO_DISCOVERY: handle_port_joins 2:1:True:True[1;m

[1;36m[1;44m00:00.765 00:00.521 Successfully matched event ControlMessageReceive:i37 c c1 -> s 2 [ofp_packet_out: actions=(u'output(1)',), data={u'class': u'lldp'}, in_port=65535][1;m
[1;36mForwarding dataplane event[1;m
[1;36m[1;44m00:00.767 00:00.522 Successfully matched event ControlMessageReceive:i38 c c1 -> s 3 [ofp_flow_mod: hard_timeout=0, out_port=65535, priority=32768, idle_timeout=0, command=add, actions=(u'output(65533)',), flags=0, match=x^L,in_port:None][1;m
[1;36m[1;44m00:00.768 00:00.523 Successfully matched event ControlMessageReceive:i39 c c1 -> s 2 [ofp_flow_mod: hard_timeout=0, out_port=65535, priority=32768, idle_timeout=0, command=add, actions=(u'output(65533)',), flags=0, match=x^L,in_port:None][1;m
[1;36m[1;44m00:00.769 00:00.523 Successfully matched event ControlMessageSend:i40 c 3 -> s c1 [ofp_packet_in: data={u'class': u'lldp'}, in_port=2][1;m[1;41m[1;33m[c1] DEBUG:pyretic.core.runtime.DEBUG_TOPO_DISCOVERY: ----------------------------------------------------------[1;m

[1;41m[1;33m[c1] switch  |  switch edges    |   egress ports              |[1;m

[1;41m[1;33m[c1] ----------------------------------------------------------[1;m


[1;36m[1;44m00:00.771 00:00.524 Successfully matched event ControlMessageSend:i41 c 2 -> s c1 [ofp_packet_in: data={u'class': u'lldp'}, in_port=2][1;m[1;41m[1;33m[c1] 1       |                  |  1[2]---, 1[3]---, 1[1]---  |[1;m


[1;41m[1;33m[c1] 2       |                  |  2[1]---                    |[1;m
[1;42m[1;37mNo correctness violations![1;m
[1;36m[1;44m00:00.776 00:00.524 Successfully matched event CheckInvariants:e42[1;m

[1;36m[1;44m00:00.777 00:00.630 Successfully matched event DataplanePermit:i43[1;m [1;41m[1;33m[c1] ----------------------------------------------------------[1;m

[1;36m[1;36mRound 6[1;37m[1;m

[1;41m[1;33m[c1] DEBUG:pyretic.core.runtime.DEBUG_TOPO_DISCOVERY: handle_port_joins 2:2:True:True[1;m

[1;36m[1;44m00:00.781 00:00.631 Successfully matched event ControlMessageReceive:i44 c c1 -> s 3 [ofp_packet_out: actions=(u'output(3)',), data={u'class': u'lldp'}, in_port=65535][1;m
[1;36mForwarding dataplane event[1;m [1;41m[1;33m[c1] DEBUG:pyretic.core.runtime.DEBUG_TOPO_DISCOVERY: ----------------------------------------------------------[1;m


[1;41m[1;33m[c1] switch  |  switch edges    |   egress ports              |[1;m

[1;36m[1;44m00:00.783 00:00.631 Successfully matched event ControlMessageReceive:i45 c c1 -> s 2 [ofp_packet_out: actions=(u'output(3)',), data={u'class': u'lldp'}, in_port=65535][1;m 
[1;36mForwarding dataplane event[1;m[1;41m[1;33m[c1] ----------------------------------------------------------[1;m


[1;36m[1;44m00:00.785 00:00.632 Successfully matched event ControlMessageReceive:i46 c c1 -> s 2 [ofp_packet_out: actions=(u'output(2)',), data={u'class': u'lldp'}, in_port=65535][1;m[1;41m[1;33m[c1] 1       |                  |  1[2]---, 1[3]---, 1[1]---  |[1;m

[1;36mForwarding dataplane event[1;m

[1;36m[1;44m00:00.787 00:00.633 Successfully matched event ControlMessageReceive:i47 c c1 -> s 3 [ofp_packet_out: actions=(u'output(2)',), data={u'class': u'lldp'}, in_port=65535][1;m
[1;36mForwarding dataplane event[1;m [1;41m[1;33m[c1] 2       |                  |  2[1]---, 2[2]---           |[1;m

[1;36m[1;44m00:00.788 00:00.633 Successfully matched event ControlMessageReceive:i48 c c1 -> s 3 [ofp_packet_out: actions=(u'output(1)',), data={u'class': u'lldp'}, in_port=65535][1;m
[1;36mForwarding dataplane event[1;m
[1;36m[1;44m00:00.790 00:00.634 Successfully matched event ControlMessageSend:i49 c 3 -> s c1 [ofp_packet_in: data={u'class': u'lldp'}, in_port=1][1;m

[1;42m[1;37mNo correctness violations![1;m[1;41m[1;33m[c1] ----------------------------------------------------------[1;m


[1;36m[1;44m00:00.792 00:00.634 Successfully matched event CheckInvariants:e50[1;m
[1;36m[1;44m00:00.793 00:00.738 Successfully matched event DataplanePermit:i51[1;m [1;41m[1;33m[c1] DEBUG:pyretic.core.runtime.DEBUG_TOPO_DISCOVERY: handle_port_joins 2:3:True:True[1;m

[1;36m[1;36mRound 7[1;37m[1;m
[1;36m[1;44m00:00.794 00:00.739 Successfully matched event DataplanePermit:i52[1;m

[1;36m[1;44m00:00.795 00:00.740 Successfully matched event DataplanePermit:i53[1;m
[1;36m[1;44m00:00.795 00:00.741 Successfully matched event DataplanePermit:i54[1;m
[1;36m[1;44m00:00.796 00:00.742 Successfully matched event DataplanePermit:i55[1;m
[1;36m[1;44m00:00.796 00:00.742 Successfully matched event ControlMessageSend:i56 c 2 -> s c1 [ofp_packet_in: data={u'class': u'lldp'}, in_port=1][1;m
[1;36m[1;44m00:00.797 00:00.743 Successfully matched event ControlMessageSend:i57 c 1 -> s c1 [ofp_packet_in: data={u'class': u'lldp'}, in_port=2][1;m
[1;36m[1;44m00:00.798 00:00.743 Successfully matched event ControlMessageSend:i58 c 1 -> s c1 [ofp_packet_in: data={u'class': u'lldp'}, in_port=1][1;m [1;41m[1;33m[c1] DEBUG:pyretic.core.runtime.DEBUG_TOPO_DISCOVERY: ----------------------------------------------------------[1;m

[1;41m[1;33m[c1] switch  |  switch edges    |   egress ports              |[1;m

[1;41m[1;33m[c1] ----------------------------------------------------------[1;m

[1;41m[1;33m[c1] 1       |                  |  1[2]---, 1[3]---, 1[1]---  |[1;m

[1;41m[1;33m[c1] 2       |                  |  2[3]---, 2[1]---, 2[2]---  |[1;m

[1;41m[1;33m[c1] ----------------------------------------------------------[1;m

[1;41m[1;33m[c1] DEBUG:pyretic.core.runtime.DEBUG_TOPO_DISCOVERY: handle_switch_joins[1;m

[1;41m[1;33m[c1] INFO:pyretic.core.runtime.ConcreteNetwork: OpenFlow switch 3 connected[1;m

[1;41m[1;33m[c1] DEBUG:pyretic.core.runtime.DEBUG_TOPO_DISCOVERY: ----------------------------------------------------------[1;m

[1;41m[1;33m[c1] switch  |  switch edges    |   egress ports              |[1;m

[1;41m[1;33m[c1] ----------------------------------------------------------[1;m

[1;41m[1;33m[c1] 1       |                  |  1[2]---, 1[3]---, 1[1]---  |[1;m

[1;41m[1;33m[c1] 2       |                  |  2[3]---, 2[1]---, 2[2]---  |[1;m

[1;41m[1;33m[c1] 3       |                  |                             |[1;m

[1;41m[1;33m[c1] ----------------------------------------------------------[1;m

[1;41m[1;33m[c1] DEBUG:pyretic.core.runtime.DEBUG_TOPO_DISCOVERY: handle_port_joins 3:1:True:True[1;m

[1;41m[1;33m[c1] DEBUG:pyretic.core.runtime.DEBUG_TOPO_DISCOVERY: ----------------------------------------------------------[1;m

[1;41m[1;33m[c1] switch  |  switch edges    |   egress ports              |[1;m

[1;41m[1;33m[c1] ----------------------------------------------------------[1;m

[1;41m[1;33m[c1] 1       |                  |  1[2]---, 1[3]---, 1[1]---  |[1;m

[1;41m[1;33m[c1] 2       |                  |  2[3]---, 2[1]---, 2[2]---  |[1;m

[1;41m[1;33m[c1] 3       |                  |  3[1]---                    |[1;m

[1;41m[1;33m[c1] ----------------------------------------------------------[1;m

[1;41m[1;33m[c1] DEBUG:pyretic.core.runtime.DEBUG_TOPO_DISCOVERY: handle_port_joins 3:2:True:True[1;m

[1;41m[1;33m[c1] DEBUG:pyretic.core.runtime.DEBUG_TOPO_DISCOVERY: ----------------------------------------------------------[1;m

[1;41m[1;33m[c1] switch  |  switch edges    |   egress ports              |[1;m

[1;41m[1;33m[c1] ----------------------------------------------------------[1;m

[1;41m[1;33m[c1] 1       |                  |  1[2]---, 1[3]---, 1[1]---  |[1;m

[1;41m[1;33m[c1] 2       |                  |  2[3]---, 2[1]---, 2[2]---  |[1;m

[1;41m[1;33m[c1] 3       |                  |  3[2]---, 3[1]---           |[1;m

[1;41m[1;33m[c1] ----------------------------------------------------------[1;m

[1;41m[1;33m[c1] DEBUG:pyretic.core.runtime.DEBUG_TOPO_DISCOVERY: handle_port_joins 3:3:True:True[1;m

[1;41m[1;33m[c1] DEBUG:pyretic.core.runtime.DEBUG_TOPO_DISCOVERY: ----------------------------------------------------------[1;m

[1;41m[1;33m[c1] switch  |  switch edges    |   egress ports              |[1;m

[1;41m[1;33m[c1] ----------------------------------------------------------[1;m

[1;41m[1;33m[c1] 1       |                  |  1[2]---, 1[3]---, 1[1]---  |[1;m

[1;41m[1;33m[c1] 2       |                  |  2[3]---, 2[1]---, 2[2]---  |[1;m

[1;41m[1;33m[c1] 3       |                  |  3[2]---, 3[1]---, 3[3]---  |[1;m

[1;41m[1;33m[c1] ----------------------------------------------------------[1;m


[1;42m[1;37mNo correctness violations![1;m
[1;36m[1;44m00:00.803 00:00.743 Successfully matched event CheckInvariants:e59[1;m
[1;41m[1;33m[c1] DEBUG:pyretic.core.runtime.DEBUG_TOPO_DISCOVERY: handle_link_updates[1;m

[1;41m[1;33m[c1] DEBUG:pyretic.core.runtime.DEBUG_TOPO_DISCOVERY: ----------------------------------------------------------[1;m

[1;41m[1;33m[c1] switch  |  switch edges    |   egress ports              |[1;m

[1;41m[1;33m[c1] ----------------------------------------------------------[1;m

[1;41m[1;33m[c1] 1       |  1[1] --- 3[2]   |  1[2]---, 1[3]---           |[1;m

[1;41m[1;33m[c1] 2       |                  |  2[3]---, 2[1]---, 2[2]---  |[1;m

[1;41m[1;33m[c1] 3       |  1[1] --- 3[2]   |  3[1]---, 3[3]---           |[1;m

[1;41m[1;33m[c1] ----------------------------------------------------------[1;m

[1;41m[1;33m[c1] DEBUG:pyretic.core.runtime.DEBUG_TOPO_DISCOVERY: handle_link_updates[1;m

[1;41m[1;33m[c1] DEBUG:pyretic.core.runtime.DEBUG_TOPO_DISCOVERY: ---------------------------------------------------------------[1;m

[1;41m[1;33m[c1] switch  |     switch edges               |  egress ports      |[1;m

[1;41m[1;33m[c1] ---------------------------------------------------------------[1;m

[1;41m[1;33m[c1] 1       |  1[2] --- 2[2], 1[1] --- 3[2]  |  1[3]---           |[1;m

[1;41m[1;33m[c1] 2       |  1[2] --- 2[2]                 |  2[3]---, 2[1]---  |[1;m

[1;41m[1;33m[c1] 3       |  1[1] --- 3[2]                 |  3[1]---, 3[3]---  |[1;m

[1;41m[1;33m[c1] ---------------------------------------------------------------[1;m

[1;41m[1;33m[c1] DEBUG:pyretic.core.runtime.DEBUG_TOPO_DISCOVERY: handle_link_updates[1;m

[1;41m[1;33m[c1] DEBUG:pyretic.core.runtime.DEBUG_TOPO_DISCOVERY: nothing to do[1;m

[1;41m[1;33m[c1] DEBUG:pyretic.core.runtime.DEBUG_TOPO_DISCOVERY: handle_link_updates[1;m

[1;41m[1;33m[c1] DEBUG:pyretic.core.runtime.DEBUG_TOPO_DISCOVERY: nothing to do[1;m

[1;41m[1;33m[c1] DEBUG:pyretic.core.runtime.DEBUG_TOPO_DISCOVERY: handle_link_updates[1;m

[1;41m[1;33m[c1] DEBUG:pyretic.core.runtime.DEBUG_TOPO_DISCOVERY: -----------------------------------------------------------[1;m

[1;41m[1;33m[c1] switch  |     switch edges               |  egress ports  |[1;m

[1;41m[1;33m[c1] -----------------------------------------------------------[1;m

[1;41m[1;33m[c1] 1       |  1[2] --- 2[2], 1[1] --- 3[2]  |  1[3]---       |[1;m

[1;41m[1;33m[c1] 2       |  1[2] --- 2[2], 2[1] --- 3[1]  |  2[3]---       |[1;m

[1;41m[1;33m[c1] 3       |  1[1] --- 3[2], 2[1] --- 3[1]  |  3[3]---       |[1;m

[1;41m[1;33m[c1] -----------------------------------------------------------[1;m

[1;41m[1;33m[c1] DEBUG:pyretic.core.runtime.DEBUG_TOPO_DISCOVERY: handle_link_updates[1;m

[1;41m[1;33m[c1] DEBUG:pyretic.core.runtime.DEBUG_TOPO_DISCOVERY: nothing to do[1;m

[1;42m[1;37mNo correctness violations![1;m
[1;36m[1;44m00:00.915 00:00.854 Successfully matched event CheckInvariants:e60[1;m
[1;36m[1;36mRound 8[1;37m[1;m
[1;41m[1;33m[c1] DEBUG:pyretic.core.runtime.Runtime: |2014-01-26 14:47:27.661319|[1;m

[1;41m[1;33m[c1] 	generate classifier[1;m

[1;41m[1;33m[c1] 	policy=flood on:[1;m

[1;41m[1;33m[c1] -----------------------------------------------------------[1;m

[1;41m[1;33m[c1] switch  |     switch edges               |  egress ports  |[1;m

[1;41m[1;33m[c1] -----------------------------------------------------------[1;m

[1;41m[1;33m[c1] 1       |  1[2] --- 2[2], 1[1] --- 3[2]  |  1[3]---       |[1;m

[1;41m[1;33m[c1] 2       |  1[2] --- 2[2]                 |  2[3]---       |[1;m

[1;41m[1;33m[c1] 3       |  1[1] --- 3[2]                 |  3[3]---       |[1;m

[1;41m[1;33m[c1] -----------------------------------------------------------[1;m

[1;41m[1;33m[c1] 	classifier=match: ('switch', 1) ('inport', 1)[1;m

[1;41m[1;33m[c1]   -> [modify: ('outport', 2), modify: ('outport', 3)][1;m

[1;41m[1;33m[c1]  match: ('switch', 1) ('inport', 2)[1;m

[1;41m[1;33m[c1]   -> [modify: ('outport', 1), modify: ('outport', 3)][1;m

[1;41m[1;33m[c1]  match: ('switch', 1) ('inport', 3)[1;m

[1;41m[1;33m[c1]   -> [modify: ('outport', 1), modify: ('outport', 2)][1;m

[1;41m[1;33m[c1]  match: ('switch', 1)[1;m

[1;41m[1;33m[c1]   -> [modify: ('outport', 1), modify: ('outport', 2), modify: ('outport', 3)][1;m

[1;41m[1;33m[c1]  match: ('switch', 2) ('inport', 2)[1;m

[1;41m[1;33m[c1]   -> [modify: ('outport', 3)][1;m

[1;41m[1;33m[c1]  match: ('switch', 2) ('inport', 3)[1;m

[1;41m[1;33m[c1]   -> [modify: ('outport', 2)][1;m

[1;41m[1;33m[c1]  match: ('switch', 2)[1;m

[1;41m[1;33m[c1]   -> [modify: ('outport', 2), modify: ('outport', 3)][1;m

[1;41m[1;33m[c1]  match: ('switch', 3) ('inport', 2)[1;m

[1;41m[1;33m[c1]   -> [modify: ('outport', 3)][1;m

[1;41m[1;33m[c1]  match: ('switch', 3) ('inport', 3)[1;m

[1;41m[1;33m[c1]   -> [modify: ('outport', 2)][1;m

[1;41m[1;33m[c1]  match: ('switch', 3)[1;m

[1;41m[1;33m[c1]   -> [modify: ('outport', 2), modify: ('outport', 3)][1;m

[1;41m[1;33m[c1]  identity[1;m

[1;41m[1;33m[c1]   -> [drop][1;m

[1;41m[1;33m[c1] [1;m

[1;41m[1;33m[c1] DEBUG:pyretic.core.runtime.Runtime: |2014-01-26 14:47:27.670258|[1;m

[1;41m[1;33m[c1] 	sending openflow rule:[1;m

[1;41m[1;33m[c1] 	0 {'switch': 1} [{'outport': 65533}][1;m

[1;41m[1;33m[c1] [1;m

[1;41m[1;33m[c1] DEBUG:pyretic.core.runtime.Runtime: |2014-01-26 14:47:27.672562|[1;m

[1;41m[1;33m[c1] 	sending openflow rule:[1;m

[1;41m[1;33m[c1] 	0 {'switch': 2} [{'outport': 65533}][1;m

[1;41m[1;33m[c1] [1;m

[1;41m[1;33m[c1] DEBUG:pyretic.core.runtime.Runtime: |2014-01-26 14:47:27.672905|[1;m

[1;41m[1;33m[c1] 	sending openflow rule:[1;m

[1;41m[1;33m[c1] 	0 {'switch': 3} [{'outport': 65533}][1;m

[1;41m[1;33m[c1] [1;m

[1;41m[1;33m[c1] DEBUG:pyretic.core.runtime.Runtime: |2014-01-26 14:47:27.673093|[1;m

[1;36m[1;44m00:01.127 00:00.956 Successfully matched event ControlMessageReceive:i61 c c1 -> s 1 [ofp_flow_mod: hard_timeout=0, out_port=65535, priority=59996, idle_timeout=0, command=add, actions=(u'output(65528)', u'output(2)', u'output(3)'), flags=0, match=dl_vlan:65535,dl_vlan_pcp:0,in_port:1][1;m
[1;36m[1;36mRound 9[1;37m[1;m[1;41m[1;33m[c1] 	sending openflow rule:[1;m

[1;41m[1;33m[c1] 	60000 {'switch': 1, 'vlan_pcp': 0, 'vlan_id': 65535, 'ethtype': 35020} [{'outport': 65533}][1;m

[1;41m[1;33m[c1] [1;m

[1;41m[1;33m[c1] DEBUG:pyretic.core.runtime.Runtime: |2014-01-26 14:47:27.673274|[1;m

[1;41m[1;33m[c1] 	sending openflow rule:[1;m

[1;41m[1;33m[c1] 	60000 {'switch': 2, 'vlan_pcp': 0, 'vlan_id': 65535, 'ethtype': 35020} [{'outport': 65533}][1;m

[1;41m[1;33m[c1] [1;m

[1;41m[1;33m[c1] DEBUG:pyretic.core.runtime.Runtime: |2014-01-26 14:47:27.673462|[1;m

[1;41m[1;33m[c1] 	sending openflow rule:[1;m

[1;41m[1;33m[c1] 	60000 {'switch': 3, 'vlan_pcp': 0, 'vlan_id': 65535, 'ethtype': 35020} [{'outport': 65533}][1;m

[1;41m[1;33m[c1] [1;m

[1;41m[1;33m[c1] DEBUG:pyretic.core.runtime.Runtime: |2014-01-26 14:47:27.673636|[1;m

[1;41m[1;33m[c1] 	sending openflow rule:[1;m

[1;41m[1;33m[c1] 	59999 {'switch': 1, 'vlan_pcp': 0, 'vlan_id': 65535, 'inport': 1} [{'outport': 2}, {'outport': 3}][1;m

[1;41m[1;33m[c1] [1;m

[1;41m[1;33m[c1] DEBUG:pyretic.core.runtime.Runtime: |2014-01-26 14:47:27.673820|[1;m

[1;41m[1;33m[c1] 	sending openflow rule:[1;m

[1;41m[1;33m[c1] 	59998 {'switch': 1, 'vlan_pcp': 0, 'vlan_id': 65535, 'inport': 2} [{'outport': 1}, {'outport': 3}][1;m

[1;41m[1;33m[c1] [1;m

[1;41m[1;33m[c1] DEBUG:pyretic.core.runtime.Runtime: |2014-01-26 14:47:27.673972|[1;m

[1;41m[1;33m[c1] 	sending openflow rule:[1;m

[1;41m[1;33m[c1] 	59997 {'switch': 1, 'vlan_pcp': 0, 'vlan_id': 65535, 'inport': 3} [{'outport': 1}, {'outport': 2}][1;m

[1;41m[1;33m[c1] [1;m

[1;41m[1;33m[c1] DEBUG:pyretic.core.runtime.Runtime: |2014-01-26 14:47:27.674122|[1;m

[1;41m[1;33m[c1] 	sending openflow rule:[1;m

[1;41m[1;33m[c1] 	59996 {'switch': 1, 'vlan_pcp': 0, 'inport': 1, 'vlan_id': 65535} [{'outport': 65528}, {'outport': 2}, {'outport': 3}][1;m

[1;41m[1;33m[c1] [1;m

[1;41m[1;33m[c1] DEBUG:pyretic.core.runtime.Runtime: |2014-01-26 14:47:27.674303|[1;m

[1;41m[1;33m[c1] 	sending openflow rule:[1;m

[1;41m[1;33m[c1] 	59995 {'switch': 1, 'vlan_pcp': 0, 'inport': 2, 'vlan_id': 65535} [{'outport': 1}, {'outport': 65528}, {'outport': 3}][1;m

[1;41m[1;33m[c1] [1;m

[1;41m[1;33m[c1] DEBUG:pyretic.core.runtime.Runtime: |2014-01-26 14:47:27.674461|[1;m

[1;41m[1;33m[c1] 	sending openflow rule:[1;m

[1;41m[1;33m[c1] 	59994 {'switch': 1, 'vlan_pcp': 0, 'inport': 3, 'vlan_id': 65535} [{'outport': 1}, {'outport': 2}, {'outport': 65528}][1;m

[1;41m[1;33m[c1] [1;m

[1;41m[1;33m[c1] DEBUG:pyretic.core.runtime.Runtime: |2014-01-26 14:47:27.674601|[1;m

[1;41m[1;33m[c1] 	sending openflow rule:[1;m

[1;41m[1;33m[c1] 	59993 {'switch': 1, 'vlan_pcp': 0, 'vlan_id': 65535} [{'outport': 1}, {'outport': 2}, {'outport': 3}][1;m

[1;41m[1;33m[c1] [1;m

[1;41m[1;33m[c1] DEBUG:pyretic.core.runtime.Runtime: |2014-01-26 14:47:27.674873|[1;m


[1;36m[1;44m00:01.132 00:00.958 Successfully matched event ControlMessageReceive:i62 c c1 -> s 1 [ofp_flow_mod: hard_timeout=0, out_port=65535, priority=0, idle_timeout=0, command=add, actions=(u'output(65533)',), flags=0, match=x^L,in_port:None][1;m
[1;36m[1;44m00:01.137 00:00.959 Successfully matched event ControlMessageReceive:i63 c c1 -> s 1 [ofp_flow_mod: hard_timeout=0, out_port=65535, priority=59994, idle_timeout=0, command=add, actions=(u'output(1)', u'output(2)', u'output(65528)'), flags=0, match=dl_vlan:65535,dl_vlan_pcp:0,in_port:3][1;m [1;41m[1;33m[c1] 	sending openflow rule:[1;m


[1;36m[1;44m00:01.138 00:00.959 Successfully matched event ControlMessageReceive:i64 c c1 -> s 2 [ofp_barrier_request: ][1;m[1;41m[1;33m[c1] 	59999 {'switch': 2, 'vlan_pcp': 0, 'vlan_id': 65535, 'inport': 2} [{'outport': 3}][1;m

[1;41m[1;33m[c1] [1;m

[1;41m[1;33m[c1] DEBUG:pyretic.core.runtime.Runtime: |2014-01-26 14:47:27.675029|[1;m

[1;41m[1;33m[c1] 	sending openflow rule:[1;m

[1;41m[1;33m[c1] 	59998 {'switch': 2, 'vlan_pcp': 0, 'vlan_id': 65535, 'inport': 3} [{'outport': 2}][1;m

[1;41m[1;33m[c1] [1;m

[1;41m[1;33m[c1] DEBUG:pyretic.core.runtime.Runtime: |2014-01-26 14:47:27.675157|[1;m

[1;41m[1;33m[c1] 	sending openflow rule:[1;m


[1;36m[1;44m00:01.140 00:00.959 Successfully matched event ControlMessageReceive:i65 c c1 -> s 3 [ofp_barrier_request: ][1;m[1;41m[1;33m[c1] 	59997 {'switch': 2, 'vlan_pcp': 0, 'inport': 2, 'vlan_id': 65535} [{'outport': 65528}, {'outport': 3}][1;m


[1;36m[1;44m00:01.142 00:00.960 Successfully matched event ControlMessageReceive:i66 c c1 -> s 1 [ofp_flow_mod: hard_timeout=0, out_port=65535, priority=59997, idle_timeout=0, command=add, actions=(u'output(1)', u'output(2)'), flags=0, match=dl_vlan:65535,dl_vlan_pcp:0,in_port:3][1;m[1;41m[1;33m[c1] [1;m


[1;36m[1;44m00:01.143 00:00.961 Successfully matched event ControlMessageReceive:i67 c c1 -> s 1 [ofp_flow_mod: hard_timeout=0, out_port=65535, priority=32768, idle_timeout=0, command=delete, actions=(), flags=0, match=x^L,in_port:None][1;m
[1;41m[1;33m[c1] DEBUG:pyretic.core.runtime.Runtime: |2014-01-26 14:47:27.675282|[1;m

[1;41m[1;33m[c1] 	sending openflow rule:[1;m

[1;41m[1;33m[c1] 	59996 {'switch': 2, 'vlan_pcp': 0, 'inport': 3, 'vlan_id': 65535} [{'outport': 2}, {'outport': 65528}][1;m

[1;41m[1;33m[c1] [1;m

[1;41m[1;33m[c1] DEBUG:pyretic.core.runtime.Runtime: |2014-01-26 14:47:27.675419|[1;m
[1;36m[1;44m00:01.145 00:00.961 Successfully matched event ControlMessageReceive:i68 c c1 -> s 1 [ofp_flow_mod: hard_timeout=0, out_port=65535, priority=60000, idle_timeout=0, command=add, actions=(u'output(65533)',), flags=0, match=dl_vlan:65535,dl_vlan_pcp:0,dl_type:35020,in_port:None][1;m
[1;41m[1;33m[c1] 	sending openflow rule:[1;m


[1;36m[1;44m00:01.147 00:00.962 Successfully matched event ControlMessageReceive:i69 c c1 -> s 1 [ofp_barrier_request: ][1;m
 [1;41m[1;33m[c1] 	59995 {'switch': 2, 'vlan_pcp': 0, 'vlan_id': 65535} [{'outport': 2}, {'outport': 3}][1;m

[1;36m[1;44m00:01.148 00:00.962 Successfully matched event ControlMessageReceive:i70 c c1 -> s 1 [ofp_flow_mod: hard_timeout=0, out_port=65535, priority=59995, idle_timeout=0, command=add, actions=(u'output(1)', u'output(65528)', u'output(3)'), flags=0, match=dl_vlan:65535,dl_vlan_pcp:0,in_port:2][1;m[1;41m[1;33m[c1] [1;m

[1;41m[1;33m[c1] DEBUG:pyretic.core.runtime.Runtime: |2014-01-26 14:47:27.675546|[1;m

[1;41m[1;33m[c1] 	sending openflow rule:[1;m

[1;41m[1;33m[c1] 	59999 {'switch': 3, 'vlan_pcp': 0, 'vlan_id': 65535, 'inport': 2} [{'outport': 3}][1;m

[1;41m[1;33m[c1] [1;m

[1;41m[1;33m[c1] DEBUG:pyretic.core.runtime.Runtime: |2014-01-26 14:47:27.675662|[1;m


[1;36m[1;44m00:01.151 00:00.962 Successfully matched event ControlMessageReceive:i71 c c1 -> s 1 [ofp_flow_mod: hard_timeout=0, out_port=65535, priority=59998, idle_timeout=0, command=add, actions=(u'output(1)', u'output(3)'), flags=0, match=dl_vlan:65535,dl_vlan_pcp:0,in_port:2][1;m[1;41m[1;33m[c1] 	sending openflow rule:[1;m

[1;36m[1;44m00:01.152 00:00.963 Successfully matched event ControlMessageReceive:i72 c c1 -> s 1 [ofp_flow_mod: hard_timeout=0, out_port=65535, priority=59993, idle_timeout=0, command=add, actions=(u'output(1)', u'output(2)', u'output(3)'), flags=0, match=dl_vlan:65535,dl_vlan_pcp:0,in_port:None][1;m

[1;36m[1;44m00:01.154 00:00.964 Successfully matched event ControlMessageReceive:i73 c c1 -> s 1 [ofp_flow_mod: hard_timeout=0, out_port=65535, priority=59999, idle_timeout=0, command=add, actions=(u'output(2)', u'output(3)'), flags=0, match=dl_vlan:65535,dl_vlan_pcp:0,in_port:1][1;m 
[1;41m[1;33m[c1] 	59998 {'switch': 3, 'vlan_pcp': 0, 'vlan_id': 65535, 'inport': 3} [{'outport': 2}][1;m
[1;36m[1;44m00:01.155 00:00.964 Successfully matched event ControlMessageSend:i74 c 3 -> s c1 [ofp_barrier_reply: ][1;m

[1;36m[1;44m00:01.156 00:00.964 Successfully matched event ControlMessageSend:i75 c 2 -> s c1 [ofp_barrier_reply: ][1;m[1;41m[1;33m[c1] [1;m

[1;41m[1;33m[c1] DEBUG:pyretic.core.runtime.Runtime: |2014-01-26 14:47:27.675821|[1;m


[1;41m[1;33m[c1] 	sending openflow rule:[1;m

[1;36m[1;44m00:01.157 00:00.964 Successfully matched event ControlMessageSend:i76 c 1 -> s c1 [ofp_barrier_reply: ][1;m 
[1;42m[1;37mNo correctness violations![1;m[1;41m[1;33m[c1] 	59997 {'switch': 3, 'vlan_pcp': 0, 'inport': 2, 'vlan_id': 65535} [{'outport': 65528}, {'outport': 3}][1;m


[1;36m[1;44m00:01.162 00:00.964 Successfully matched event CheckInvariants:e77[1;m
[1;41m[1;33m[c1] [1;m

[1;41m[1;33m[c1] DEBUG:pyretic.core.runtime.Runtime: |2014-01-26 14:47:27.675976|[1;m

[1;41m[1;33m[c1] 	sending openflow rule:[1;m

[1;36m[1;44m00:01.176 00:01.077 Successfully matched event ControlMessageReceive:i78 c c1 -> s 2 [ofp_flow_mod: hard_timeout=0, out_port=65535, priority=59994, idle_timeout=0, command=add, actions=(), flags=0, match=dl_vlan:65535,dl_vlan_pcp:0,in_port:None][1;m
[1;36m[1;36mRound 10[1;37m[1;m 
[1;36m[1;44m00:01.177 00:01.078 Successfully matched event ControlMessageReceive:i79 c c1 -> s 3 [ofp_flow_mod: hard_timeout=0, out_port=65535, priority=59996, idle_timeout=0, command=add, actions=(u'output(2)', u'output(65528)'), flags=0, match=dl_vlan:65535,dl_vlan_pcp:0,in_port:3][1;m[1;41m[1;33m[c1] 	59996 {'switch': 3, 'vlan_pcp': 0, 'inport': 3, 'vlan_id': 65535} [{'outport': 2}, {'outport': 65528}][1;m


[1;41m[1;33m[c1] [1;m
[1;36m[1;44m00:01.178 00:01.079 Successfully matched event ControlMessageReceive:i80 c c1 -> s 3 [ofp_flow_mod: hard_timeout=0, out_port=65535, priority=59994, idle_timeout=0, command=add, actions=(), flags=0, match=dl_vlan:65535,dl_vlan_pcp:0,in_port:None][1;m
[1;41m[1;33m[c1] DEBUG:pyretic.core.runtime.Runtime: |2014-01-26 14:47:27.676104|[1;m

[1;41m[1;33m[c1] 	sending openflow rule:[1;m


[1;36m[1;44m00:01.181 00:01.080 Successfully matched event ControlMessageReceive:i81 c c1 -> s 2 [ofp_flow_mod: hard_timeout=0, out_port=65535, priority=32768, idle_timeout=0, command=delete, actions=(), flags=0, match=x^L,in_port:None][1;m[1;41m[1;33m[c1] 	59995 {'switch': 3, 'vlan_pcp': 0, 'vlan_id': 65535} [{'outport': 2}, {'outport': 3}][1;m

[1;36m[1;44m00:01.182 00:01.081 Successfully matched event ControlMessageReceive:i82 c c1 -> s 2 [ofp_flow_mod: hard_timeout=0, out_port=65535, priority=59999, idle_timeout=0, command=add, actions=(u'output(3)',), flags=0, match=dl_vlan:65535,dl_vlan_pcp:0,in_port:2][1;m

[1;36m[1;44m00:01.184 00:01.081 Successfully matched event ControlMessageReceive:i83 c c1 -> s 3 [ofp_flow_mod: hard_timeout=0, out_port=65535, priority=59999, idle_timeout=0, command=add, actions=(u'output(3)',), flags=0, match=dl_vlan:65535,dl_vlan_pcp:0,in_port:2][1;m
 [1;36m[1;44m00:01.186 00:01.082 Successfully matched event ControlMessageReceive:i84 c c1 -> s 1 [ofp_flow_mod: hard_timeout=0, out_port=65535, priority=59992, idle_timeout=0, command=add, actions=(), flags=0, match=dl_vlan:65535,dl_vlan_pcp:0,in_port:None][1;m[1;41m[1;33m[c1] [1;m


[1;36m[1;44m00:01.188 00:01.083 Successfully matched event ControlMessageReceive:i85 c c1 -> s 2 [ofp_flow_mod: hard_timeout=0, out_port=65535, priority=59995, idle_timeout=0, command=add, actions=(u'output(2)', u'output(3)'), flags=0, match=dl_vlan:65535,dl_vlan_pcp:0,in_port:None][1;m
[1;36m[1;44m00:01.190 00:01.084 Successfully matched event ControlMessageReceive:i86 c c1 -> s 2 [ofp_flow_mod: hard_timeout=0, out_port=65535, priority=59996, idle_timeout=0, command=add, actions=(u'output(2)', u'output(65528)'), flags=0, match=dl_vlan:65535,dl_vlan_pcp:0,in_port:3][1;m 
[1;36m[1;44m00:01.191 00:01.084 Successfully matched event ControlMessageReceive:i87 c c1 -> s 2 [ofp_flow_mod: hard_timeout=0, out_port=65535, priority=59997, idle_timeout=0, command=add, actions=(u'output(65528)', u'output(3)'), flags=0, match=dl_vlan:65535,dl_vlan_pcp:0,in_port:2][1;m[1;41m[1;33m[c1] DEBUG:pyretic.core.runtime.Runtime: |2014-01-26 14:47:27.676244|[1;m


[1;36m[1;44m00:01.192 00:01.085 Successfully matched event ControlMessageReceive:i88 c c1 -> s 3 [ofp_flow_mod: hard_timeout=0, out_port=65535, priority=59995, idle_timeout=0, command=add, actions=(u'output(2)', u'output(3)'), flags=0, match=dl_vlan:65535,dl_vlan_pcp:0,in_port:None][1;m
[1;36m[1;44m00:01.194 00:01.086 Successfully matched event ControlMessageReceive:i89 c c1 -> s 1 [ofp_barrier_request: ][1;m[1;41m[1;33m[c1] 	sending openflow rule:[1;m


[1;36m[1;44m00:01.195 00:01.086 Successfully matched event ControlMessageReceive:i90 c c1 -> s 3 [ofp_barrier_request: ][1;m
[1;36m[1;44m00:01.196 00:01.086 Successfully matched event ControlMessageReceive:i91 c c1 -> s 3 [ofp_flow_mod: hard_timeout=0, out_port=65535, priority=60000, idle_timeout=0, command=add, actions=(u'output(65533)',), flags=0, match=dl_vlan:65535,dl_vlan_pcp:0,dl_type:35020,in_port:None][1;m 
[1;36m[1;44m00:01.197 00:01.087 Successfully matched event ControlMessageReceive:i92 c c1 -> s 3 [ofp_flow_mod: hard_timeout=0, out_port=65535, priority=32768, idle_timeout=0, command=delete, actions=(), flags=0, match=x^L,in_port:None][1;m[1;41m[1;33m[c1] 	59992 {'switch': 1, 'vlan_pcp': 0, 'vlan_id': 65535} [][1;m


[1;41m[1;33m[c1] [1;m

[1;36m[1;44m00:01.199 00:01.088 Successfully matched event ControlMessageReceive:i93 c c1 -> s 2 [ofp_flow_mod: hard_timeout=0, out_port=65535, priority=59998, idle_timeout=0, command=add, actions=(u'output(2)',), flags=0, match=dl_vlan:65535,dl_vlan_pcp:0,in_port:3][1;m[1;41m[1;33m[c1] DEBUG:pyretic.core.runtime.Runtime: |2014-01-26 14:47:27.676361|[1;m


[1;36m[1;44m00:01.201 00:01.089 Successfully matched event ControlMessageReceive:i94 c c1 -> s 2 [ofp_flow_mod: hard_timeout=0, out_port=65535, priority=0, idle_timeout=0, command=add, actions=(u'output(65533)',), flags=0, match=x^L,in_port:None][1;m[1;41m[1;33m[c1] 	sending openflow rule:[1;m


[1;36m[1;44m00:01.204 00:01.090 Successfully matched event ControlMessageReceive:i95 c c1 -> s 2 [ofp_flow_mod: hard_timeout=0, out_port=65535, priority=60000, idle_timeout=0, command=add, actions=(u'output(65533)',), flags=0, match=dl_vlan:65535,dl_vlan_pcp:0,dl_type:35020,in_port:None][1;m[1;41m[1;33m[c1] 	59994 {'switch': 2, 'vlan_pcp': 0, 'vlan_id': 65535} [][1;m

[1;36m[1;44m00:01.205 00:01.090 Successfully matched event ControlMessageReceive:i96 c c1 -> s 2 [ofp_barrier_request: ][1;m

[1;36m[1;44m00:01.206 00:01.091 Successfully matched event ControlMessageReceive:i97 c c1 -> s 3 [ofp_flow_mod: hard_timeout=0, out_port=65535, priority=59998, idle_timeout=0, command=add, actions=(u'output(2)',), flags=0, match=dl_vlan:65535,dl_vlan_pcp:0,in_port:3][1;m[1;41m[1;33m[c1] [1;m

[1;36m[1;44m00:01.207 00:01.091 Successfully matched event ControlMessageReceive:i98 c c1 -> s 3 [ofp_flow_mod: hard_timeout=0, out_port=65535, priority=59997, idle_timeout=0, command=add, actions=(u'output(65528)', u'output(3)'), flags=0, match=dl_vlan:65535,dl_vlan_pcp:0,in_port:2][1;m

[1;36m[1;44m00:01.209 00:01.092 Successfully matched event ControlMessageReceive:i99 c c1 -> s 3 [ofp_flow_mod: hard_timeout=0, out_port=65535, priority=0, idle_timeout=0, command=add, actions=(u'output(65533)',), flags=0, match=x^L,in_port:None][1;m[1;41m[1;33m[c1] DEBUG:pyretic.core.runtime.Runtime: |2014-01-26 14:47:27.676466|[1;m


[1;36m[1;44m00:01.210 00:01.093 Successfully matched event ControlMessageSend:i100 c 3 -> s c1 [ofp_barrier_reply: ][1;m[1;41m[1;33m[c1] 	sending openflow rule:[1;m

[1;36m[1;44m00:01.212 00:01.093 Successfully matched event ControlMessageSend:i101 c 2 -> s c1 [ofp_barrier_reply: ][1;m

[1;36m[1;44m00:01.213 00:01.093 Successfully matched event ControlMessageSend:i102 c 1 -> s c1 [ofp_barrier_reply: ][1;m[1;41m[1;33m[c1] 	59994 {'switch': 3, 'vlan_pcp': 0, 'vlan_id': 65535} [][1;m


[1;41m[1;33m[c1] [1;m

[1;42m[1;37mNo correctness violations![1;m
[1;36m[1;44m00:01.221 00:01.094 Successfully matched event CheckInvariants:e103[1;m
[1;36m[1;44m00:01.222 00:01.202 Successfully matched event ControlMessageReceive:i104 c c1 -> s 1 [ofp_barrier_request: ][1;m
[1;36m[1;36mRound 11[1;37m[1;m
[1;36m[1;44m00:01.222 00:01.202 Successfully matched event ControlMessageReceive:i105 c c1 -> s 3 [ofp_barrier_request: ][1;m
[1;36m[1;44m00:01.223 00:01.202 Successfully matched event ControlMessageReceive:i106 c c1 -> s 2 [ofp_barrier_request: ][1;m
[1;36m[1;44m00:01.224 00:01.202 Successfully matched event ControlMessageSend:i107 c 3 -> s c1 [ofp_barrier_reply: ][1;m
[1;36m[1;44m00:01.224 00:01.203 Successfully matched event ControlMessageSend:i108 c 2 -> s c1 [ofp_barrier_reply: ][1;m
[1;36m[1;44m00:01.225 00:01.203 Successfully matched event ControlMessageSend:i109 c 1 -> s c1 [ofp_barrier_reply: ][1;m
[1;42m[1;37mNo correctness violations![1;m
[1;36m[1;44m00:01.232 00:01.203 Successfully matched event CheckInvariants:e110[1;m
[1;42m[1;37mNo correctness violations![1;m
[1;36m[1;44m00:01.357 00:01.309 Successfully matched event CheckInvariants:e111[1;m
[1;36m[1;36mRound 12[1;37m[1;m
[1;42m[1;37mNo correctness violations![1;m
[1;36m[1;44m00:01.510 00:01.455 Successfully matched event CheckInvariants:e112[1;m
[1;36m[1;36mRound 13[1;37m[1;m
[1;42m[1;37mNo correctness violations![1;m
[1;36m[1;44m00:01.622 00:01.559 Successfully matched event CheckInvariants:e113[1;m
[1;36m[1;36mRound 14[1;37m[1;m
[1;33m[c1] INFO:openflow.of_01:[00-00-00-00-00-03 5] connected[1;m

[1;33m[c1] ERROR:core:Exception while handling OpenFlowNexus!ConnectionUp...[1;m

[1;33m[c1] Traceback (most recent call last):[1;m

[1;33m[c1]   File "/home/mininet/pox/pox/lib/revent/revent.py", line 234, in raiseEventNoErrors[1;m

[1;33m[c1]     return self.raiseEvent(event, *args, **kw)[1;m

[1;33m[c1]   File "/home/mininet/pox/pox/lib/revent/revent.py", line 281, in raiseEvent[1;m

[1;33m[c1]     rv = event._invoke(handler, *args, **kw)[1;m

[1;33m[c1]   File "/home/mininet/pox/pox/lib/revent/revent.py", line 159, in _invoke[1;m

[1;33m[c1]     return handler(self, *args, **kw)[1;m

[1;33m[c1]   File "/home/mininet/pyretic/of_client/pox_client.py", line 512, in _handle_ConnectionUp[1;m

[1;33m[c1]     assert event.dpid not in self.switches[1;m

[1;33m[c1] AssertionError[1;m

[1;33m[c1] INFO:openflow.of_01:[00-00-00-00-00-04 4] connected[1;m

[1;41m[1;33m[c1] DEBUG:pyretic.core.runtime.DEBUG_TOPO_DISCOVERY: handle_switch_joins[1;m

[1;41m[1;33m[c1] INFO:pyretic.core.runtime.ConcreteNetwork: OpenFlow switch 4 connected[1;m

[1;41m[1;33m[c1] DEBUG:pyretic.core.runtime.DEBUG_TOPO_DISCOVERY: -----------------------------------------------------------[1;m

[1;41m[1;33m[c1] switch  |     switch edges               |  egress ports  |[1;m

[1;41m[1;33m[c1] -----------------------------------------------------------[1;m

[1;41m[1;33m[c1] 1       |  1[2] --- 2[2], 1[1] --- 3[2]  |  1[3]---       |[1;m

[1;41m[1;33m[c1] 2       |  1[2] --- 2[2], 2[1] --- 3[1]  |  2[3]---       |[1;m

[1;41m[1;33m[c1] 3       |  1[1] --- 3[2], 2[1] --- 3[1]  |  3[3]---       |[1;m

[1;41m[1;33m[c1] 4       |                                |                |[1;m

[1;41m[1;33m[c1] -----------------------------------------------------------[1;m

[1;42m[1;37mNo correctness violations![1;m
[1;36m[1;44m00:01.737 00:01.666 Successfully matched event CheckInvariants:e114[1;m
[1;36m[1;36mRound 15[1;37m[1;m
[1;42m[1;37mNo correctness violations![1;m
[1;36m[1;44m00:01.851 00:01.772 Successfully matched event CheckInvariants:e115[1;m
[1;36m[1;36mRound 16[1;37m[1;m
[1;42m[1;37mNo correctness violations![1;m
[1;36m[1;44m00:01.965 00:01.878 Successfully matched event CheckInvariants:e116[1;m
[1;36m[1;36mRound 17[1;37m[1;m
[1;42m[1;37mNo correctness violations![1;m
[1;36m[1;44m00:02.083 00:01.987 Successfully matched event CheckInvariants:e117[1;m
[1;36m[1;36mRound 18[1;37m[1;m
[1;35m[1;41m00:03.890 00:03.293 Event timed out ControlMessageSend:i130 c 3 -> s c1 [ofp_port_status: reason=1, desc=(2, u'00:00:00:00:03:02')][1;m
[1;36m[1;36mRound 30[1;37m[1;m
[1;35m[1;41m00:04.895 00:03.632 Event timed out ControlMessageReceive:i135 c c1 -> s 3 [ofp_flow_mod: hard_timeout=0, out_port=65535, priority=59996, idle_timeout=0, command=add, actions=(u'output(1)', u'output(65528)'), flags=0, match=dl_vlan:65535,dl_vlan_pcp:0,in_port:3][1;m
[1;36m[1;36mRound 33[1;37m[1;m
[1;35m[1;41m00:05.506 00:03.633 Event timed out ControlMessageReceive:i136 c c1 -> s 3 [ofp_flow_mod: hard_timeout=0, out_port=65535, priority=59997, idle_timeout=0, command=add, actions=(u'output(65528)', u'output(3)'), flags=0, match=dl_vlan:65535,dl_vlan_pcp:0,in_port:1][1;m
[1;35m[1;41m00:06.112 00:03.634 Event timed out ControlMessageReceive:i137 c c1 -> s 1 [ofp_flow_mod: hard_timeout=0, out_port=65535, priority=59997, idle_timeout=0, command=add, actions=(u'output(1)', u'output(2)'), flags=0, match=dl_vlan:65535,dl_vlan_pcp:0,in_port:3][1;m
[1;35m[1;41m00:06.717 00:03.635 Event timed out ControlMessageReceive:i138 c c1 -> s 1 [ofp_flow_mod: hard_timeout=0, out_port=65535, priority=0, idle_timeout=0, command=add, actions=(u'output(65533)',), flags=0, match=x^L,in_port:None][1;m
[1;35m[1;41m00:07.323 00:03.635 Event timed out ControlMessageReceive:i139 c c1 -> s 2 [ofp_flow_mod: hard_timeout=0, out_port=65535, priority=59992, idle_timeout=0, command=add, actions=(), flags=0, match=dl_vlan:65535,dl_vlan_pcp:0,in_port:None][1;m
[1;35m[1;41m00:07.926 00:03.636 Event timed out ControlMessageReceive:i140 c c1 -> s 3 [ofp_flow_mod: hard_timeout=0, out_port=65535, priority=59999, idle_timeout=0, command=add, actions=(u'output(3)',), flags=0, match=dl_vlan:65535,dl_vlan_pcp:0,in_port:1][1;m
[1;35m[1;41m00:08.533 00:03.637 Event timed out ControlMessageReceive:i141 c c1 -> s 3 [ofp_flow_mod: hard_timeout=0, out_port=65535, priority=59994, idle_timeout=0, command=add, actions=(), flags=0, match=dl_vlan:65535,dl_vlan_pcp:0,in_port:None][1;m
[1;35m[1;41m00:09.151 00:03.639 Event timed out ControlMessageReceive:i142 c c1 -> s 1 [ofp_flow_mod: hard_timeout=0, out_port=65535, priority=59998, idle_timeout=0, command=add, actions=(u'output(1)', u'output(3)'), flags=0, match=dl_vlan:65535,dl_vlan_pcp:0,in_port:2][1;m
[1;35m[1;41m00:09.758 00:03.641 Event timed out ControlMessageReceive:i143 c c1 -> s 2 [ofp_flow_mod: hard_timeout=0, out_port=65535, priority=32768, idle_timeout=0, command=delete, actions=(), flags=0, match=x^L,in_port:None][1;m
[1;35m[1;41m00:10.369 00:03.641 Event timed out ControlMessageReceive:i144 c c1 -> s 1 [ofp_flow_mod: hard_timeout=0, out_port=65535, priority=59992, idle_timeout=0, command=add, actions=(), flags=0, match=dl_vlan:65535,dl_vlan_pcp:0,in_port:None][1;m
[1;35m[1;41m00:11.000 00:03.642 Event timed out ControlMessageReceive:i145 c c1 -> s 1 [ofp_flow_mod: hard_timeout=0, out_port=65535, priority=59996, idle_timeout=0, command=add, actions=(u'output(65528)', u'output(2)', u'output(3)'), flags=0, match=dl_vlan:65535,dl_vlan_pcp:0,in_port:1][1;m
[1;35m[1;41m00:11.616 00:03.643 Event timed out ControlMessageReceive:i146 c c1 -> s 3 [ofp_flow_mod: hard_timeout=0, out_port=65535, priority=59998, idle_timeout=0, command=add, actions=(u'output(1)',), flags=0, match=dl_vlan:65535,dl_vlan_pcp:0,in_port:3][1;m
[1;35m[1;41m00:12.223 00:03.644 Event timed out ControlMessageReceive:i147 c c1 -> s 3 [ofp_flow_mod: hard_timeout=0, out_port=65535, priority=60000, idle_timeout=0, command=add, actions=(u'output(65533)',), flags=0, match=dl_vlan:65535,dl_vlan_pcp:0,dl_type:35020,in_port:None][1;m
[1;35m[1;41m00:12.829 00:03.645 Event timed out ControlMessageReceive:i148 c c1 -> s 1 [ofp_flow_mod: hard_timeout=0, out_port=65535, priority=60000, idle_timeout=0, command=add, actions=(u'output(65533)',), flags=0, match=dl_vlan:65535,dl_vlan_pcp:0,dl_type:35020,in_port:None][1;m
[1;35m[1;41m00:13.472 00:03.646 Event timed out ControlMessageReceive:i149 c c1 -> s 1 [ofp_barrier_request: ][1;m
[1;35m[1;41m00:14.091 00:03.647 Event timed out ControlMessageReceive:i150 c c1 -> s 2 [ofp_flow_mod: hard_timeout=0, out_port=65535, priority=59999, idle_timeout=0, command=add, actions=(u'output(2)', u'output(3)'), flags=0, match=dl_vlan:65535,dl_vlan_pcp:0,in_port:1][1;m
[1;35m[1;41m00:14.705 00:03.648 Event timed out ControlMessageReceive:i151 c c1 -> s 3 [ofp_flow_mod: hard_timeout=0, out_port=65535, priority=32768, idle_timeout=0, command=delete, actions=(), flags=0, match=x^L,in_port:None][1;m
[1;35m[1;41m00:15.310 00:03.649 Event timed out ControlMessageReceive:i152 c c1 -> s 2 [ofp_flow_mod: hard_timeout=0, out_port=65535, priority=59998, idle_timeout=0, command=add, actions=(u'output(1)', u'output(3)'), flags=0, match=dl_vlan:65535,dl_vlan_pcp:0,in_port:2][1;m
[1;35m[1;41m00:15.943 00:03.649 Event timed out ControlMessageReceive:i153 c c1 -> s 2 [ofp_flow_mod: hard_timeout=0, out_port=65535, priority=59995, idle_timeout=0, command=add, actions=(u'output(1)', u'output(65528)', u'output(3)'), flags=0, match=dl_vlan:65535,dl_vlan_pcp:0,in_port:2][1;m
[1;35m[1;41m00:16.551 00:03.650 Event timed out ControlMessageReceive:i154 c c1 -> s 3 [ofp_flow_mod: hard_timeout=0, out_port=65535, priority=0, idle_timeout=0, command=add, actions=(u'output(65533)',), flags=0, match=x^L,in_port:None][1;m
[1;35m[1;41m00:17.176 00:03.651 Event timed out ControlMessageReceive:i155 c c1 -> s 3 [ofp_barrier_request: ][1;m
[1;35m[1;41m00:17.781 00:03.651 Event timed out ControlMessageReceive:i156 c c1 -> s 1 [ofp_flow_mod: hard_timeout=0, out_port=65535, priority=32768, idle_timeout=0, command=delete, actions=(), flags=0, match=x^L,in_port:None][1;m
[1;35m[1;41m00:18.384 00:03.652 Event timed out ControlMessageReceive:i157 c c1 -> s 2 [ofp_flow_mod: hard_timeout=0, out_port=65535, priority=0, idle_timeout=0, command=add, actions=(u'output(65533)',), flags=0, match=x^L,in_port:None][1;m
[1;35m[1;41m00:18.995 00:03.653 Event timed out ControlMessageReceive:i158 c c1 -> s 2 [ofp_flow_mod: hard_timeout=0, out_port=65535, priority=59994, idle_timeout=0, command=add, actions=(u'output(1)', u'output(2)', u'output(65528)'), flags=0, match=dl_vlan:65535,dl_vlan_pcp:0,in_port:3][1;m
[1;35m[1;41m00:19.598 00:03.654 Event timed out ControlMessageReceive:i159 c c1 -> s 2 [ofp_flow_mod: hard_timeout=0, out_port=65535, priority=60000, idle_timeout=0, command=add, actions=(u'output(65533)',), flags=0, match=dl_vlan:65535,dl_vlan_pcp:0,dl_type:35020,in_port:None][1;m
[1;35m[1;41m00:20.201 00:03.655 Event timed out ControlMessageReceive:i160 c c1 -> s 1 [ofp_flow_mod: hard_timeout=0, out_port=65535, priority=59994, idle_timeout=0, command=add, actions=(u'output(1)', u'output(2)', u'output(65528)'), flags=0, match=dl_vlan:65535,dl_vlan_pcp:0,in_port:3][1;m
[1;35m[1;41m00:20.803 00:03.656 Event timed out ControlMessageReceive:i161 c c1 -> s 2 [ofp_barrier_request: ][1;m
[1;35m[1;41m00:21.411 00:03.657 Event timed out ControlMessageReceive:i162 c c1 -> s 3 [ofp_flow_mod: hard_timeout=0, out_port=65535, priority=59995, idle_timeout=0, command=add, actions=(u'output(1)', u'output(3)'), flags=0, match=dl_vlan:65535,dl_vlan_pcp:0,in_port:None][1;m
[1;35m[1;41m00:22.015 00:03.657 Event timed out ControlMessageReceive:i163 c c1 -> s 1 [ofp_flow_mod: hard_timeout=0, out_port=65535, priority=59995, idle_timeout=0, command=add, actions=(u'output(1)', u'output(65528)', u'output(3)'), flags=0, match=dl_vlan:65535,dl_vlan_pcp:0,in_port:2][1;m
[1;35m[1;41m00:22.619 00:03.658 Event timed out ControlMessageReceive:i164 c c1 -> s 2 [ofp_flow_mod: hard_timeout=0, out_port=65535, priority=59993, idle_timeout=0, command=add, actions=(u'output(1)', u'output(2)', u'output(3)'), flags=0, match=dl_vlan:65535,dl_vlan_pcp:0,in_port:None][1;m
[1;35m[1;41m00:23.221 00:03.658 Event timed out ControlMessageReceive:i165 c c1 -> s 1 [ofp_flow_mod: hard_timeout=0, out_port=65535, priority=59999, idle_timeout=0, command=add, actions=(u'output(2)', u'output(3)'), flags=0, match=dl_vlan:65535,dl_vlan_pcp:0,in_port:1][1;m
[1;35m[1;41m00:23.827 00:03.659 Event timed out ControlMessageReceive:i166 c c1 -> s 2 [ofp_flow_mod: hard_timeout=0, out_port=65535, priority=59996, idle_timeout=0, command=add, actions=(u'output(65528)', u'output(2)', u'output(3)'), flags=0, match=dl_vlan:65535,dl_vlan_pcp:0,in_port:1][1;m
[1;35m[1;41m00:24.524 00:03.660 Event timed out ControlMessageReceive:i167 c c1 -> s 1 [ofp_flow_mod: hard_timeout=0, out_port=65535, priority=59993, idle_timeout=0, command=add, actions=(u'output(1)', u'output(2)', u'output(3)'), flags=0, match=dl_vlan:65535,dl_vlan_pcp:0,in_port:None][1;m
[1;35m[1;41m00:25.129 00:03.660 Event timed out ControlMessageReceive:i168 c c1 -> s 2 [ofp_flow_mod: hard_timeout=0, out_port=65535, priority=59997, idle_timeout=0, command=add, actions=(u'output(1)', u'output(2)'), flags=0, match=dl_vlan:65535,dl_vlan_pcp:0,in_port:3][1;m
[1;35m[1;41m00:25.739 00:03.662 Event timed out ControlMessageSend:i169 c 3 -> s c1 [ofp_port_status: reason=0, desc=(2, u'00:00:00:00:03:02')][1;m
[1;35m[1;41m00:26.343 00:03.663 Event timed out ControlMessageSend:i170 c 3 -> s c1 [ofp_barrier_reply: ][1;m
[1;35m[1;41m00:26.947 00:03.663 Event timed out ControlMessageSend:i171 c 2 -> s c1 [ofp_barrier_reply: ][1;m
[1;35m[1;41m00:27.551 00:03.663 Event timed out ControlMessageSend:i172 c 1 -> s c1 [ofp_barrier_reply: ][1;m
[1;42m[1;37mNo correctness violations![1;m
[1;36m[1;44mEvent Stats: Events matched: 117, timed out: 39
Matches per event type:
  ConnectToControllers 1
  DataplanePermit 9
  CheckInvariants 18
  ControlMessageSend 24
  ControlMessageReceive 65
Timeouts per event type:
  ControlMessageSend 5
  ControlMessageReceive 34
[1;m
[1;36m[1;44mDataplaneDrop Stats: Expected drops (0), Actual drops (0)
Missed Drops (expected if TrafficInjections pruned):[1;m
[1;36mKilling controller c1 (pid 4681)[1;m
Terminating child controllers...close() called on stdout during concurrent operation
close() called on stderr during concurrent operation
 OK
