No DataplaneDrops to replay. We suggest you set Replayer's default_dp_permit=True 
[1;36mStarting POX controller c1[1;m
connect_socket_with_backoff sts_socket_pipe
Error connecting.  -- [Errno 111] Connection refused. Backing off 1 seconds ...
[1;33m[c1] POX 0.0.0 / Copyright 2011 James McCauley[1;m

[1;41m[1;33m[c1] DEBUG:core:POX 0.0.0 going up...[1;m

[1;41m[1;33m[c1] DEBUG:core:Running on CPython (2.7.4/Apr 8 2013 22:49:24)[1;m

[1;41m[1;33m[c1] INFO:core:POX 0.0.0 is up.[1;m

[1;41m[1;33m[c1] DEBUG:openflow.of_01:Listening for connections on ../sts_socket_pipe[1;m

[1;33m[c1] Incoming true socket connected[1;m

connect_socket_with_backoff sts_socket_pipe
connect_socket_with_backoff sts_socket_pipe
connect_socket_with_backoff sts_socket_pipe[1;33m[c1] Incoming MockSocket connection[1;m


[1;33m[c1] MAX_CONNS -2[1;m
connect_socket_with_backoff sts_socket_pipe

[1;33m[c1] Incoming MockSocket connection[1;m
connect_socket_with_backoff sts_socket_pipe

[1;33m[c1] MAX_CONNS -3[1;m
connect_socket_with_backoff sts_socket_pipe

connect_socket_with_backoff sts_socket_pipe[1;33m[c1] Incoming MockSocket connection[1;m


connect_socket_with_backoff sts_socket_pipe[1;33m[c1] MAX_CONNS -4[1;m


connect_socket_with_backoff sts_socket_pipe
[1;33m[c1] Incoming MockSocket connection[1;m
connect_socket_with_backoff sts_socket_pipe

[1;33m[c1] MAX_CONNS -5[1;m
connect_socket_with_backoff sts_socket_pipe

[1;33m[c1] Incoming MockSocket connection[1;m
connect_socket_with_backoff sts_socket_pipe

[1;33m[c1] MAX_CONNS -6[1;m
connect_socket_with_backoff sts_socket_pipe

connect_socket_with_backoff sts_socket_pipe[1;33m[c1] Incoming MockSocket connection[1;m


connect_socket_with_backoff sts_socket_pipe[1;33m[c1] MAX_CONNS -7[1;m


connect_socket_with_backoff sts_socket_pipe[1;33m[c1] Incoming MockSocket connection[1;m


connect_socket_with_backoff sts_socket_pipe[1;33m[c1] MAX_CONNS -8[1;m


connect_socket_with_backoff sts_socket_pipe[1;33m[c1] Incoming MockSocket connection[1;m

connect_socket_with_backoff sts_socket_pipe

[1;33m[c1] MAX_CONNS -9[1;m
connect_socket_with_backoff sts_socket_pipe

[1;33m[c1] Incoming MockSocket connection[1;m
[1;36m[1;44m00:00.510 00:00.000 Successfully matched event ConnectToControllers:e1[1;m

[1;33m[c1] MAX_CONNS -10[1;m

[1;36m[1;44m00:00.522 00:00.013 Successfully matched event ControlChannelBlock:e2[1;m
 [1;36m[1;36mRound 1[1;37m[1;m[1;33m[c1] Incoming MockSocket connection[1;m


[1;36m[1;44m00:00.522 00:00.013 Successfully matched event ControlChannelBlock:e3[1;m
[1;33m[c1] MAX_CONNS -11[1;m

[1;33m[c1] Incoming MockSocket connection[1;m

[1;33m[c1] MAX_CONNS -12[1;m

[1;33m[c1] Incoming MockSocket connection[1;m

[1;33m[c1] MAX_CONNS -13[1;m

Socket error: Broken pipe[1;41m[1;33m[c1] INFO:openflow.of_01:of_01 [Con 20/20] Connected to 00-00-00-00-00-14[1;m


[1;33m[c1] Incoming MockSocket connection[1;m

[1;33m[c1] MAX_CONNS -14[1;m

[1;33m[c1] Incoming MockSocket connection[1;m

[1;33m[c1] MAX_CONNS -15[1;m

[1;33m[c1] Incoming MockSocket connection[1;m

[1;33m[c1] MAX_CONNS -16[1;m

[1;33m[c1] Incoming MockSocket connection[1;m

[1;33m[c1] MAX_CONNS -17[1;m

[1;33m[c1] Incoming MockSocket connection[1;m

[1;33m[c1] MAX_CONNS -18[1;m

[1;33m[c1] Incoming MockSocket connection[1;m

[1;33m[c1] MAX_CONNS -19[1;m

[1;33m[c1] Incoming MockSocket connection[1;m

[1;33m[c1] MAX_CONNS -20[1;m

[1;33m[c1] Incoming MockSocket connection[1;m

[1;33m[c1] MAX_CONNS -21[1;m

[1;33m[c1] YOU FOUND THE NULL POINTER. 10 POINTS TO HUFFLEPUFF[1;m

[1;35m[1;41m00:01.155 00:00.013 Event timed out ControlMessageReceive:i4 c c1 -> s 9 [ofp_hello: ][1;m
[1;35m[1;41m00:01.757 00:00.014 Event timed out ControlMessageReceive:i5 c c1 -> s 20 [ofp_hello: ][1;m
[1;35m[1;41m00:02.359 00:00.014 Event timed out ControlMessageReceive:i6 c c1 -> s 7 [ofp_hello: ][1;m
[1;35m[1;41m00:02.961 00:00.014 Event timed out ControlMessageReceive:i7 c c1 -> s 1 [ofp_hello: ][1;m
[1;35m[1;41m00:03.562 00:00.014 Event timed out ControlMessageReceive:i8 c c1 -> s 12 [ofp_hello: ][1;m
[1;35m[1;41m00:04.164 00:00.015 Event timed out ControlMessageReceive:i9 c c1 -> s 19 [ofp_hello: ][1;m
[1;35m[1;41m00:04.766 00:00.015 Event timed out ControlMessageReceive:i10 c c1 -> s 13 [ofp_hello: ][1;m
[1;35m[1;41m00:05.368 00:00.015 Event timed out ControlMessageReceive:i11 c c1 -> s 18 [ofp_hello: ][1;m
[1;35m[1;41m00:05.970 00:00.015 Event timed out ControlMessageReceive:i12 c c1 -> s 4 [ofp_hello: ][1;m
[1;35m[1;41m00:06.572 00:00.016 Event timed out ControlMessageReceive:i13 c c1 -> s 11 [ofp_hello: ][1;m
[1;35m[1;41m00:07.174 00:00.016 Event timed out ControlMessageReceive:i14 c c1 -> s 14 [ofp_hello: ][1;m
[1;35m[1;41m00:07.775 00:00.016 Event timed out ControlMessageReceive:i15 c c1 -> s 5 [ofp_hello: ][1;m
[1;35m[1;41m00:08.377 00:00.017 Event timed out ControlMessageReceive:i16 c c1 -> s 16 [ofp_hello: ][1;m
[1;35m[1;41m00:08.979 00:00.017 Event timed out ControlMessageReceive:i17 c c1 -> s 10 [ofp_hello: ][1;m
[1;35m[1;41m00:09.581 00:00.017 Event timed out ControlMessageReceive:i18 c c1 -> s 17 [ofp_hello: ][1;m
[1;35m[1;41m00:10.183 00:00.017 Event timed out ControlMessageReceive:i19 c c1 -> s 3 [ofp_hello: ][1;m
[1;35m[1;41m00:10.785 00:00.018 Event timed out ControlMessageReceive:i20 c c1 -> s 6 [ofp_hello: ][1;m
[1;35m[1;41m00:11.386 00:00.018 Event timed out ControlMessageReceive:i21 c c1 -> s 8 [ofp_hello: ][1;m
[1;35m[1;41m00:11.988 00:00.018 Event timed out ControlMessageReceive:i22 c c1 -> s 15 [ofp_hello: ][1;m
[1;35m[1;41m00:12.590 00:00.018 Event timed out ControlMessageReceive:i23 c c1 -> s 2 [ofp_hello: ][1;m
[1;35m[1;41m00:13.192 00:00.019 Event timed out ControlMessageSend:i24 c 9 -> s c1 [ofp_hello: ][1;m
[1;35m[1;41m00:13.794 00:00.019 Event timed out ControlMessageSend:i25 c 20 -> s c1 [ofp_hello: ][1;m
[1;35m[1;41m00:14.396 00:00.019 Event timed out ControlMessageSend:i26 c 7 -> s c1 [ofp_hello: ][1;m
[1;35m[1;41m00:14.997 00:00.019 Event timed out ControlMessageSend:i27 c 1 -> s c1 [ofp_hello: ][1;m
[1;35m[1;41m00:15.599 00:00.019 Event timed out ControlMessageSend:i28 c 12 -> s c1 [ofp_hello: ][1;m
[1;35m[1;41m00:16.201 00:00.019 Event timed out ControlMessageSend:i29 c 19 -> s c1 [ofp_hello: ][1;m
[1;35m[1;41m00:16.803 00:00.020 Event timed out ControlMessageSend:i30 c 13 -> s c1 [ofp_hello: ][1;m
[1;35m[1;41m00:17.405 00:00.020 Event timed out ControlMessageSend:i31 c 18 -> s c1 [ofp_hello: ][1;m
[1;35m[1;41m00:18.007 00:00.020 Event timed out ControlMessageSend:i32 c 4 -> s c1 [ofp_hello: ][1;m
[1;35m[1;41m00:18.608 00:00.020 Event timed out ControlMessageSend:i33 c 11 -> s c1 [ofp_hello: ][1;m
[1;35m[1;41m00:19.210 00:00.020 Event timed out ControlMessageSend:i34 c 14 -> s c1 [ofp_hello: ][1;m
[1;35m[1;41m00:19.812 00:00.021 Event timed out ControlMessageSend:i35 c 5 -> s c1 [ofp_hello: ][1;m
[1;35m[1;41m00:20.414 00:00.021 Event timed out ControlMessageSend:i36 c 16 -> s c1 [ofp_hello: ][1;m
[1;35m[1;41m00:21.016 00:00.021 Event timed out ControlMessageSend:i37 c 10 -> s c1 [ofp_hello: ][1;m
[1;35m[1;41m00:21.618 00:00.021 Event timed out ControlMessageSend:i38 c 17 -> s c1 [ofp_hello: ][1;m
[1;35m[1;41m00:22.219 00:00.021 Event timed out ControlMessageSend:i39 c 3 -> s c1 [ofp_hello: ][1;m
[1;35m[1;41m00:22.821 00:00.021 Event timed out ControlMessageSend:i40 c 6 -> s c1 [ofp_hello: ][1;m
[1;35m[1;41m00:23.423 00:00.022 Event timed out ControlMessageSend:i41 c 8 -> s c1 [ofp_hello: ][1;m
[1;35m[1;41m00:24.025 00:00.022 Event timed out ControlMessageSend:i42 c 15 -> s c1 [ofp_hello: ][1;m
[1;35m[1;41m00:24.627 00:00.022 Event timed out ControlMessageSend:i43 c 2 -> s c1 [ofp_hello: ][1;m
[1;36mCutting link (20:4) -> (16:4)[1;m
[1;36m[1;44m00:24.628 00:00.022 Successfully matched event LinkFailure:e44[1;m
[1;36mCutting link (5:4) -> (14:1)[1;m
[1;36m[1;44m00:24.628 00:00.023 Successfully matched event LinkFailure:e45[1;m
[1;36mCutting link (6:3) -> (13:2)[1;m
[1;36m[1;44m00:24.629 00:00.023 Successfully matched event LinkFailure:e46[1;m
[1;36mCutting link (9:3) -> (17:1)[1;m
[1;36m[1;44m00:24.630 00:00.023 Successfully matched event LinkFailure:e47[1;m
[1;36mCutting link (17:3) -> (13:3)[1;m
[1;36m[1;44m00:24.630 00:00.024 Successfully matched event LinkFailure:e48[1;m
[1;36mCutting link (14:3) -> (19:3)[1;m
[1;36m[1;44m00:24.631 00:00.024 Successfully matched event LinkFailure:e49[1;m
[1;36mCutting link (18:4) -> (15:4)[1;m
[1;36m[1;44m00:24.632 00:00.024 Successfully matched event LinkFailure:e50[1;m
[1;36m[1;44m00:24.633 00:00.025 Successfully matched event HostMigration:e51[1;m
[1;36m[1;44m00:24.634 00:00.026 Successfully matched event TrafficInjection:e52[1;m
[1;36m[1;44m00:24.637 00:00.026 Successfully matched event HostMigration:e53[1;m
[1;36mForwarding dataplane event[1;m
[1;36m[1;44m00:24.639 00:00.129 Successfully matched event DataplanePermit:i58[1;m
[1;36m[1;36mRound 2[1;37m[1;m
[1;35m[1;41m00:25.241 00:00.130 Event timed out DataplanePermit:i59[1;m
[1;35m[1;41m00:25.843 00:00.131 Event timed out DataplanePermit:i60[1;m
[1;36m[1;44m00:25.844 00:00.132 Successfully matched event ControlChannelUnblock:e61[1;m
[1;35m[1;41m00:26.446 00:00.132 Event timed out ControlMessageReceive:i62 c c1 -> s 9 [ofp_features_request: ][1;m
[1;35m[1;41m00:27.048 00:00.133 Event timed out ControlMessageReceive:i63 c c1 -> s 20 [ofp_features_request: ][1;m
[1;35m[1;41m00:27.649 00:00.133 Event timed out ControlMessageReceive:i64 c c1 -> s 1 [ofp_features_request: ][1;m
[1;35m[1;41m00:28.251 00:00.134 Event timed out ControlMessageReceive:i65 c c1 -> s 12 [ofp_features_request: ][1;m
[1;35m[1;41m00:28.853 00:00.134 Event timed out ControlMessageReceive:i66 c c1 -> s 19 [ofp_features_request: ][1;m
[1;35m[1;41m00:29.454 00:00.135 Event timed out ControlMessageReceive:i67 c c1 -> s 13 [ofp_features_request: ][1;m
[1;35m[1;41m00:30.056 00:00.135 Event timed out ControlMessageReceive:i68 c c1 -> s 18 [ofp_features_request: ][1;m
[1;35m[1;41m00:30.658 00:00.136 Event timed out ControlMessageReceive:i69 c c1 -> s 4 [ofp_features_request: ][1;m
[1;35m[1;41m00:31.259 00:00.136 Event timed out ControlMessageReceive:i70 c c1 -> s 11 [ofp_features_request: ][1;m
[1;35m[1;41m00:31.861 00:00.136 Event timed out ControlMessageReceive:i71 c c1 -> s 14 [ofp_features_request: ][1;m
[1;35m[1;41m00:32.463 00:00.137 Event timed out ControlMessageReceive:i72 c c1 -> s 5 [ofp_features_request: ][1;m
[1;35m[1;41m00:33.065 00:00.137 Event timed out ControlMessageReceive:i73 c c1 -> s 16 [ofp_features_request: ][1;m
[1;35m[1;41m00:33.666 00:00.137 Event timed out ControlMessageReceive:i74 c c1 -> s 10 [ofp_features_request: ][1;m
[1;35m[1;41m00:34.268 00:00.137 Event timed out ControlMessageReceive:i75 c c1 -> s 17 [ofp_features_request: ][1;m
[1;35m[1;41m00:34.870 00:00.138 Event timed out ControlMessageReceive:i76 c c1 -> s 3 [ofp_features_request: ][1;m
[1;35m[1;41m00:35.471 00:00.138 Event timed out ControlMessageReceive:i77 c c1 -> s 6 [ofp_features_request: ][1;m
[1;35m[1;41m00:36.073 00:00.138 Event timed out ControlMessageReceive:i78 c c1 -> s 15 [ofp_features_request: ][1;m
[1;35m[1;41m00:36.675 00:00.139 Event timed out ControlMessageReceive:i79 c c1 -> s 2 [ofp_features_request: ][1;m
[1;35m[1;41m00:37.277 00:00.139 Event timed out ControlMessageSend:i80 c 9 -> s c1 [ofp_port_status: reason=2, desc=(3, u'00:00:00:00:09:03')][1;m
[1;35m[1;41m00:37.878 00:00.139 Event timed out ControlMessageSend:i81 c 9 -> s c1 [ofp_features_reply: datapath_id=9][1;m
[1;35m[1;41m00:38.480 00:00.140 Event timed out ControlMessageSend:i82 c 20 -> s c1 [ofp_port_status: reason=2, desc=(4, u'00:00:00:00:14:04')][1;m
[1;35m[1;41m00:39.082 00:00.140 Event timed out ControlMessageSend:i83 c 20 -> s c1 [ofp_features_reply: datapath_id=20][1;m
[1;35m[1;41m00:39.684 00:00.140 Event timed out ControlMessageSend:i84 c 1 -> s c1 [ofp_port_status: reason=2, desc=(2, u'00:00:00:00:01:02')][1;m
[1;35m[1;41m00:40.286 00:00.141 Event timed out ControlMessageSend:i85 c 1 -> s c1 [ofp_features_reply: datapath_id=1][1;m
[1;35m[1;41m00:40.888 00:00.141 Event timed out ControlMessageSend:i86 c 12 -> s c1 [ofp_features_reply: datapath_id=12][1;m
[1;35m[1;41m00:41.490 00:00.141 Event timed out ControlMessageSend:i87 c 19 -> s c1 [ofp_features_reply: datapath_id=19][1;m
[1;35m[1;41m00:42.091 00:00.141 Event timed out ControlMessageSend:i88 c 13 -> s c1 [ofp_features_reply: datapath_id=13][1;m
[1;35m[1;41m00:42.697 00:00.142 Event timed out ControlMessageSend:i89 c 18 -> s c1 [ofp_port_status: reason=2, desc=(4, u'00:00:00:00:12:04')][1;m
[1;35m[1;41m00:43.298 00:00.142 Event timed out ControlMessageSend:i90 c 18 -> s c1 [ofp_features_reply: datapath_id=18][1;m
[1;35m[1;41m00:43.900 00:00.142 Event timed out ControlMessageSend:i91 c 4 -> s c1 [ofp_features_reply: datapath_id=4][1;m
[1;35m[1;41m00:44.502 00:00.142 Event timed out ControlMessageSend:i92 c 11 -> s c1 [ofp_features_reply: datapath_id=11][1;m
[1;35m[1;41m00:45.104 00:00.143 Event timed out ControlMessageSend:i93 c 14 -> s c1 [ofp_port_status: reason=2, desc=(3, u'00:00:00:00:0e:03')][1;m
[1;35m[1;41m00:45.706 00:00.143 Event timed out ControlMessageSend:i94 c 14 -> s c1 [ofp_features_reply: datapath_id=14][1;m
[1;35m[1;41m00:46.308 00:00.143 Event timed out ControlMessageSend:i95 c 5 -> s c1 [ofp_port_status: reason=2, desc=(4, u'00:00:00:00:05:04')][1;m
[1;35m[1;41m00:46.910 00:00.144 Event timed out ControlMessageSend:i96 c 5 -> s c1 [ofp_features_reply: datapath_id=5][1;m
[1;35m[1;41m00:47.512 00:00.144 Event timed out ControlMessageSend:i97 c 16 -> s c1 [ofp_features_reply: datapath_id=16][1;m
[1;35m[1;41m00:48.113 00:00.144 Event timed out ControlMessageSend:i98 c 10 -> s c1 [ofp_features_reply: datapath_id=10][1;m
[1;35m[1;41m00:48.715 00:00.144 Event timed out ControlMessageSend:i99 c 17 -> s c1 [ofp_port_status: reason=2, desc=(3, u'00:00:00:00:11:03')][1;m
[1;35m[1;41m00:49.317 00:00.145 Event timed out ControlMessageSend:i100 c 17 -> s c1 [ofp_features_reply: datapath_id=17][1;m
[1;35m[1;41m00:49.919 00:00.145 Event timed out ControlMessageSend:i101 c 3 -> s c1 [ofp_port_status: reason=2, desc=(1, u'00:00:00:00:03:01')][1;m
[1;35m[1;41m00:50.521 00:00.145 Event timed out ControlMessageSend:i102 c 3 -> s c1 [ofp_features_reply: datapath_id=3][1;m
[1;35m[1;41m00:51.123 00:00.146 Event timed out ControlMessageSend:i103 c 6 -> s c1 [ofp_port_status: reason=2, desc=(3, u'00:00:00:00:06:03')][1;m
[1;35m[1;41m00:51.725 00:00.146 Event timed out ControlMessageSend:i104 c 6 -> s c1 [ofp_port_status: reason=2, desc=(5, u'00:00:00:00:03:01')][1;m
[1;35m[1;41m00:52.327 00:00.147 Event timed out ControlMessageSend:i105 c 6 -> s c1 [ofp_port_status: reason=2, desc=(6, u'00:00:00:00:02:01')][1;m
[1;35m[1;41m00:52.928 00:00.147 Event timed out ControlMessageSend:i106 c 6 -> s c1 [ofp_packet_in: data={u'dl_dst': u'00:00:00:01:00:01', u'nw_src': u'123.1.0.1', u'dl_src': u'00:00:00:01:00:01', u'nw_dst': u'123.1.0.1'}, in_port=5][1;m
[1;35m[1;41m00:53.531 00:00.147 Event timed out ControlMessageSend:i107 c 6 -> s c1 [ofp_packet_in: data={u'dl_dst': u'00:00:00:00:01:01', u'nw_src': u'123.0.1.1', u'dl_src': u'00:00:00:00:01:01', u'nw_dst': u'123.0.1.1'}, in_port=6][1;m
[1;35m[1;41m00:54.134 00:00.148 Event timed out ControlMessageSend:i108 c 6 -> s c1 [ofp_features_reply: datapath_id=6][1;m
[1;35m[1;41m00:54.736 00:00.148 Event timed out ControlMessageSend:i109 c 8 -> s c1 [ofp_port_status: reason=2, desc=(5, u'00:00:00:00:01:02')][1;m
[1;35m[1;41m00:55.338 00:00.149 Event timed out ControlMessageSend:i110 c 8 -> s c1 [ofp_packet_in: data={u'dl_dst': u'00:00:00:00:00:02', u'nw_src': u'123.0.0.2', u'dl_src': u'00:00:00:00:00:02', u'nw_dst': u'123.0.0.2'}, in_port=5][1;m
[1;35m[1;41m00:55.940 00:00.149 Event timed out ControlMessageSend:i111 c 15 -> s c1 [ofp_features_reply: datapath_id=15][1;m
[1;35m[1;41m00:56.542 00:00.149 Event timed out ControlMessageSend:i112 c 2 -> s c1 [ofp_port_status: reason=2, desc=(1, u'00:00:00:00:02:01')][1;m
[1;35m[1;41m00:57.144 00:00.150 Event timed out ControlMessageSend:i113 c 2 -> s c1 [ofp_features_reply: datapath_id=2][1;m
[1;36mRestoring link (17:3) -> (13:3)[1;m
[1;36m[1;44m00:57.145 00:00.152 Successfully matched event LinkRecovery:e120[1;m
[1;36mRestoring link (18:4) -> (15:4)[1;m
[1;36m[1;44m00:57.145 00:00.152 Successfully matched event LinkRecovery:e121[1;m
[1;36mRestoring link (20:4) -> (16:4)[1;m
[1;36m[1;44m00:57.146 00:00.152 Successfully matched event LinkRecovery:e122[1;m
[1;36mRestoring link (6:3) -> (13:2)[1;m
[1;36m[1;44m00:57.147 00:00.152 Successfully matched event LinkRecovery:e123[1;m
[1;36mRestoring link (5:4) -> (14:1)[1;m
[1;36m[1;44m00:57.147 00:00.153 Successfully matched event LinkRecovery:e124[1;m
[1;35m[1;41m00:57.749 00:00.255 Event timed out DataplanePermit:i130[1;m
[1;36m[1;36mRound 3[1;37m[1;m
[1;35m[1;41m00:58.351 00:00.256 Event timed out DataplanePermit:i131[1;m
[1;36m[1;44m00:58.352 00:00.258 Successfully matched event ControlChannelUnblock:e136[1;m
[1;35m[1;41m00:58.953 00:00.258 Event timed out ControlMessageReceive:i137 c c1 -> s 9 [ofp_set_config: ][1;m
[1;35m[1;41m00:59.555 00:00.259 Event timed out ControlMessageReceive:i138 c c1 -> s 9 [ofp_flow_mod: hard_timeout=0, out_port=65535, priority=32768, idle_timeout=0, command=delete, actions=(), flags=0, match=x^L,in_port:None][1;m
[1;35m[1;41m01:00.157 00:00.260 Event timed out ControlMessageReceive:i139 c c1 -> s 9 [ofp_barrier_request: ][1;m
[1;35m[1;41m01:00.759 00:00.260 Event timed out ControlMessageReceive:i140 c c1 -> s 20 [ofp_set_config: ][1;m
[1;35m[1;41m01:01.361 00:00.260 Event timed out ControlMessageReceive:i141 c c1 -> s 20 [ofp_flow_mod: hard_timeout=0, out_port=65535, priority=32768, idle_timeout=0, command=delete, actions=(), flags=0, match=x^L,in_port:None][1;m
[1;35m[1;41m01:01.963 00:00.261 Event timed out ControlMessageReceive:i142 c c1 -> s 20 [ofp_barrier_request: ][1;m
[1;35m[1;41m01:02.565 00:00.261 Event timed out ControlMessageReceive:i143 c c1 -> s 1 [ofp_set_config: ][1;m
[1;35m[1;41m01:03.166 00:00.262 Event timed out ControlMessageReceive:i144 c c1 -> s 1 [ofp_flow_mod: hard_timeout=0, out_port=65535, priority=32768, idle_timeout=0, command=delete, actions=(), flags=0, match=x^L,in_port:None][1;m
[1;35m[1;41m01:03.769 00:00.262 Event timed out ControlMessageReceive:i145 c c1 -> s 1 [ofp_barrier_request: ][1;m
[1;35m[1;41m01:04.370 00:00.263 Event timed out ControlMessageReceive:i146 c c1 -> s 12 [ofp_set_config: ][1;m
[1;35m[1;41m01:04.975 00:00.263 Event timed out ControlMessageReceive:i147 c c1 -> s 12 [ofp_flow_mod: hard_timeout=0, out_port=65535, priority=32768, idle_timeout=0, command=delete, actions=(), flags=0, match=x^L,in_port:None][1;m
[1;35m[1;41m01:05.577 00:00.264 Event timed out ControlMessageReceive:i148 c c1 -> s 12 [ofp_barrier_request: ][1;m
[1;35m[1;41m01:06.179 00:00.264 Event timed out ControlMessageReceive:i149 c c1 -> s 19 [ofp_set_config: ][1;m
[1;35m[1;41m01:06.781 00:00.265 Event timed out ControlMessageReceive:i150 c c1 -> s 19 [ofp_flow_mod: hard_timeout=0, out_port=65535, priority=32768, idle_timeout=0, command=delete, actions=(), flags=0, match=x^L,in_port:None][1;m
[1;35m[1;41m01:07.383 00:00.265 Event timed out ControlMessageReceive:i151 c c1 -> s 19 [ofp_barrier_request: ][1;m
[1;35m[1;41m01:07.984 00:00.266 Event timed out ControlMessageReceive:i152 c c1 -> s 13 [ofp_set_config: ][1;m
[1;35m[1;41m01:08.586 00:00.266 Event timed out ControlMessageReceive:i153 c c1 -> s 13 [ofp_flow_mod: hard_timeout=0, out_port=65535, priority=32768, idle_timeout=0, command=delete, actions=(), flags=0, match=x^L,in_port:None][1;m
[1;35m[1;41m01:09.188 00:00.267 Event timed out ControlMessageReceive:i154 c c1 -> s 13 [ofp_barrier_request: ][1;m
[1;35m[1;41m01:09.790 00:00.267 Event timed out ControlMessageReceive:i155 c c1 -> s 18 [ofp_set_config: ][1;m
[1;35m[1;41m01:10.392 00:00.268 Event timed out ControlMessageReceive:i156 c c1 -> s 18 [ofp_flow_mod: hard_timeout=0, out_port=65535, priority=32768, idle_timeout=0, command=delete, actions=(), flags=0, match=x^L,in_port:None][1;m
[1;35m[1;41m01:10.994 00:00.268 Event timed out ControlMessageReceive:i157 c c1 -> s 18 [ofp_barrier_request: ][1;m
[1;35m[1;41m01:11.596 00:00.268 Event timed out ControlMessageReceive:i158 c c1 -> s 4 [ofp_set_config: ][1;m
[1;35m[1;41m01:12.197 00:00.269 Event timed out ControlMessageReceive:i159 c c1 -> s 4 [ofp_flow_mod: hard_timeout=0, out_port=65535, priority=32768, idle_timeout=0, command=delete, actions=(), flags=0, match=x^L,in_port:None][1;m
[1;35m[1;41m01:12.800 00:00.269 Event timed out ControlMessageReceive:i160 c c1 -> s 4 [ofp_barrier_request: ][1;m
[1;35m[1;41m01:13.401 00:00.269 Event timed out ControlMessageReceive:i161 c c1 -> s 11 [ofp_set_config: ][1;m
[1;35m[1;41m01:14.003 00:00.269 Event timed out ControlMessageReceive:i162 c c1 -> s 11 [ofp_flow_mod: hard_timeout=0, out_port=65535, priority=32768, idle_timeout=0, command=delete, actions=(), flags=0, match=x^L,in_port:None][1;m
[1;35m[1;41m01:14.605 00:00.270 Event timed out ControlMessageReceive:i163 c c1 -> s 11 [ofp_barrier_request: ][1;m
[1;35m[1;41m01:15.207 00:00.270 Event timed out ControlMessageReceive:i164 c c1 -> s 14 [ofp_set_config: ][1;m
[1;35m[1;41m01:15.809 00:00.270 Event timed out ControlMessageReceive:i165 c c1 -> s 14 [ofp_flow_mod: hard_timeout=0, out_port=65535, priority=32768, idle_timeout=0, command=delete, actions=(), flags=0, match=x^L,in_port:None][1;m
[1;35m[1;41m01:16.411 00:00.271 Event timed out ControlMessageReceive:i166 c c1 -> s 14 [ofp_barrier_request: ][1;m
[1;35m[1;41m01:17.012 00:00.271 Event timed out ControlMessageReceive:i167 c c1 -> s 5 [ofp_set_config: ][1;m
[1;35m[1;41m01:17.614 00:00.271 Event timed out ControlMessageReceive:i168 c c1 -> s 5 [ofp_flow_mod: hard_timeout=0, out_port=65535, priority=32768, idle_timeout=0, command=delete, actions=(), flags=0, match=x^L,in_port:None][1;m
[1;35m[1;41m01:18.216 00:00.272 Event timed out ControlMessageReceive:i169 c c1 -> s 5 [ofp_barrier_request: ][1;m
[1;35m[1;41m01:18.818 00:00.272 Event timed out ControlMessageReceive:i170 c c1 -> s 16 [ofp_set_config: ][1;m
[1;35m[1;41m01:19.420 00:00.272 Event timed out ControlMessageReceive:i171 c c1 -> s 16 [ofp_flow_mod: hard_timeout=0, out_port=65535, priority=32768, idle_timeout=0, command=delete, actions=(), flags=0, match=x^L,in_port:None][1;m
[1;35m[1;41m01:20.022 00:00.272 Event timed out ControlMessageReceive:i172 c c1 -> s 16 [ofp_barrier_request: ][1;m
[1;35m[1;41m01:20.624 00:00.273 Event timed out ControlMessageReceive:i173 c c1 -> s 10 [ofp_set_config: ][1;m
[1;35m[1;41m01:21.225 00:00.273 Event timed out ControlMessageReceive:i174 c c1 -> s 10 [ofp_flow_mod: hard_timeout=0, out_port=65535, priority=32768, idle_timeout=0, command=delete, actions=(), flags=0, match=x^L,in_port:None][1;m
[1;35m[1;41m01:21.828 00:00.273 Event timed out ControlMessageReceive:i175 c c1 -> s 10 [ofp_barrier_request: ][1;m
[1;35m[1;41m01:22.429 00:00.273 Event timed out ControlMessageReceive:i176 c c1 -> s 17 [ofp_set_config: ][1;m
[1;35m[1;41m01:23.031 00:00.274 Event timed out ControlMessageReceive:i177 c c1 -> s 17 [ofp_flow_mod: hard_timeout=0, out_port=65535, priority=32768, idle_timeout=0, command=delete, actions=(), flags=0, match=x^L,in_port:None][1;m
[1;35m[1;41m01:23.633 00:00.274 Event timed out ControlMessageReceive:i178 c c1 -> s 17 [ofp_barrier_request: ][1;m
[1;35m[1;41m01:24.235 00:00.274 Event timed out ControlMessageReceive:i179 c c1 -> s 3 [ofp_set_config: ][1;m
[1;35m[1;41m01:24.837 00:00.275 Event timed out ControlMessageReceive:i180 c c1 -> s 3 [ofp_flow_mod: hard_timeout=0, out_port=65535, priority=32768, idle_timeout=0, command=delete, actions=(), flags=0, match=x^L,in_port:None][1;m
[1;35m[1;41m01:25.439 00:00.275 Event timed out ControlMessageReceive:i181 c c1 -> s 3 [ofp_barrier_request: ][1;m
[1;35m[1;41m01:26.041 00:00.275 Event timed out ControlMessageReceive:i182 c c1 -> s 6 [ofp_set_config: ][1;m
[1;35m[1;41m01:26.642 00:00.275 Event timed out ControlMessageReceive:i183 c c1 -> s 6 [ofp_flow_mod: hard_timeout=0, out_port=65535, priority=32768, idle_timeout=0, command=delete, actions=(), flags=0, match=x^L,in_port:None][1;m
[1;35m[1;41m01:27.244 00:00.276 Event timed out ControlMessageReceive:i184 c c1 -> s 6 [ofp_barrier_request: ][1;m
[1;35m[1;41m01:27.846 00:00.276 Event timed out ControlMessageReceive:i185 c c1 -> s 8 [ofp_features_request: ][1;m
[1;35m[1;41m01:28.448 00:00.276 Event timed out ControlMessageReceive:i186 c c1 -> s 15 [ofp_set_config: ][1;m
[1;35m[1;41m01:29.050 00:00.277 Event timed out ControlMessageReceive:i187 c c1 -> s 15 [ofp_flow_mod: hard_timeout=0, out_port=65535, priority=32768, idle_timeout=0, command=delete, actions=(), flags=0, match=x^L,in_port:None][1;m
[1;35m[1;41m01:29.652 00:00.277 Event timed out ControlMessageReceive:i188 c c1 -> s 15 [ofp_barrier_request: ][1;m
[1;35m[1;41m01:30.253 00:00.277 Event timed out ControlMessageReceive:i189 c c1 -> s 2 [ofp_set_config: ][1;m
[1;35m[1;41m01:30.855 00:00.277 Event timed out ControlMessageReceive:i190 c c1 -> s 2 [ofp_flow_mod: hard_timeout=0, out_port=65535, priority=32768, idle_timeout=0, command=delete, actions=(), flags=0, match=x^L,in_port:None][1;m
[1;35m[1;41m01:31.457 00:00.278 Event timed out ControlMessageReceive:i191 c c1 -> s 2 [ofp_barrier_request: ][1;m
[1;35m[1;41m01:32.059 00:00.278 Event timed out ControlMessageSend:i192 c 9 -> s c1 [ofp_barrier_reply: ][1;m
[1;35m[1;41m01:32.661 00:00.278 Event timed out ControlMessageSend:i193 c 20 -> s c1 [ofp_port_status: reason=2, desc=(4, u'00:00:00:00:14:04')][1;m
[1;35m[1;41m01:33.263 00:00.278 Event timed out ControlMessageSend:i194 c 20 -> s c1 [ofp_barrier_reply: ][1;m
[1;35m[1;41m01:33.868 00:00.279 Event timed out ControlMessageSend:i195 c 1 -> s c1 [ofp_port_status: reason=2, desc=(5, u'00:00:00:00:08:01')][1;m
[1;35m[1;41m01:34.469 00:00.279 Event timed out ControlMessageSend:i196 c 1 -> s c1 [ofp_packet_in: data={u'dl_dst': u'00:00:00:03:01:01', u'nw_src': u'123.3.1.1', u'dl_src': u'00:00:00:03:01:01', u'nw_dst': u'123.3.1.1'}, in_port=5][1;m
[1;35m[1;41m01:35.071 00:00.279 Event timed out ControlMessageSend:i197 c 1 -> s c1 [ofp_barrier_reply: ][1;m
[1;35m[1;41m01:35.673 00:00.279 Event timed out ControlMessageSend:i198 c 12 -> s c1 [ofp_barrier_reply: ][1;m
[1;35m[1;41m01:36.275 00:00.279 Event timed out ControlMessageSend:i199 c 19 -> s c1 [ofp_barrier_reply: ][1;m
[1;35m[1;41m01:36.876 00:00.280 Event timed out ControlMessageSend:i200 c 13 -> s c1 [ofp_port_status: reason=2, desc=(1, u'00:00:00:00:0d:01')][1;m
[1;35m[1;41m01:37.478 00:00.280 Event timed out ControlMessageSend:i201 c 13 -> s c1 [ofp_barrier_reply: ][1;m
[1;35m[1;41m01:38.080 00:00.280 Event timed out ControlMessageSend:i202 c 18 -> s c1 [ofp_port_status: reason=2, desc=(3, u'00:00:00:00:12:03')][1;m
[1;35m[1;41m01:38.682 00:00.280 Event timed out ControlMessageSend:i203 c 18 -> s c1 [ofp_port_status: reason=2, desc=(4, u'00:00:00:00:12:04')][1;m
[1;35m[1;41m01:39.284 00:00.280 Event timed out ControlMessageSend:i204 c 18 -> s c1 [ofp_barrier_reply: ][1;m
[1;35m[1;41m01:39.885 00:00.281 Event timed out ControlMessageSend:i205 c 4 -> s c1 [ofp_barrier_reply: ][1;m
[1;35m[1;41m01:40.487 00:00.281 Event timed out ControlMessageSend:i206 c 11 -> s c1 [ofp_barrier_reply: ][1;m
[1;35m[1;41m01:41.089 00:00.281 Event timed out ControlMessageSend:i207 c 14 -> s c1 [ofp_barrier_reply: ][1;m
[1;35m[1;41m01:41.690 00:00.281 Event timed out ControlMessageSend:i208 c 5 -> s c1 [ofp_port_status: reason=2, desc=(4, u'00:00:00:00:05:04')][1;m
[1;35m[1;41m01:42.292 00:00.281 Event timed out ControlMessageSend:i209 c 5 -> s c1 [ofp_port_status: reason=2, desc=(5, u'00:00:00:00:06:01')][1;m
[1;35m[1;41m01:42.894 00:00.282 Event timed out ControlMessageSend:i210 c 5 -> s c1 [ofp_packet_in: data={u'dl_dst': u'00:00:00:02:01:01', u'nw_src': u'123.2.1.1', u'dl_src': u'00:00:00:02:01:01', u'nw_dst': u'123.2.1.1'}, in_port=5][1;m
[1;35m[1;41m01:43.496 00:00.282 Event timed out ControlMessageSend:i211 c 5 -> s c1 [ofp_barrier_reply: ][1;m
[1;35m[1;41m01:44.098 00:00.282 Event timed out ControlMessageSend:i212 c 16 -> s c1 [ofp_port_status: reason=2, desc=(1, u'00:00:00:00:10:01')][1;m
[1;35m[1;41m01:44.700 00:00.282 Event timed out ControlMessageSend:i213 c 16 -> s c1 [ofp_barrier_reply: ][1;m
[1;35m[1;41m01:45.301 00:00.282 Event timed out ControlMessageSend:i214 c 10 -> s c1 [ofp_port_status: reason=2, desc=(2, u'00:00:00:00:0a:02')][1;m
[1;35m[1;41m01:45.903 00:00.283 Event timed out ControlMessageSend:i215 c 10 -> s c1 [ofp_barrier_reply: ][1;m
[1;35m[1;41m01:46.505 00:00.283 Event timed out ControlMessageSend:i216 c 17 -> s c1 [ofp_port_status: reason=2, desc=(3, u'00:00:00:00:11:03')][1;m
[1;35m[1;41m01:47.107 00:00.283 Event timed out ControlMessageSend:i217 c 17 -> s c1 [ofp_barrier_reply: ][1;m
[1;35m[1;41m01:47.708 00:00.283 Event timed out ControlMessageSend:i218 c 3 -> s c1 [ofp_barrier_reply: ][1;m
[1;35m[1;41m01:48.310 00:00.283 Event timed out ControlMessageSend:i219 c 6 -> s c1 [ofp_port_status: reason=2, desc=(3, u'00:00:00:00:06:03')][1;m
[1;35m[1;41m01:48.912 00:00.284 Event timed out ControlMessageSend:i220 c 6 -> s c1 [ofp_port_status: reason=2, desc=(1, u'00:00:00:00:06:01')][1;m
[1;35m[1;41m01:49.514 00:00.284 Event timed out ControlMessageSend:i221 c 6 -> s c1 [ofp_barrier_reply: ][1;m
[1;35m[1;41m01:50.115 00:00.284 Event timed out ControlMessageSend:i222 c 8 -> s c1 [ofp_port_status: reason=2, desc=(1, u'00:00:00:00:08:01')][1;m
[1;35m[1;41m01:50.717 00:00.284 Event timed out ControlMessageSend:i223 c 8 -> s c1 [ofp_features_reply: datapath_id=8][1;m
[1;35m[1;41m01:51.319 00:00.285 Event timed out ControlMessageSend:i224 c 15 -> s c1 [ofp_port_status: reason=2, desc=(2, u'00:00:00:00:0f:02')][1;m
[1;35m[1;41m01:51.921 00:00.285 Event timed out ControlMessageSend:i225 c 15 -> s c1 [ofp_port_status: reason=2, desc=(1, u'00:00:00:00:0f:01')][1;m
[1;35m[1;41m01:52.523 00:00.285 Event timed out ControlMessageSend:i226 c 15 -> s c1 [ofp_barrier_reply: ][1;m
[1;35m[1;41m01:53.124 00:00.285 Event timed out ControlMessageSend:i227 c 2 -> s c1 [ofp_barrier_reply: ][1;m
[1;36mRestoring link (14:3) -> (19:3)[1;m
[1;36m[1;44m01:53.125 00:00.286 Successfully matched event LinkRecovery:e230[1;m
[1;35m[1;41m01:53.727 00:00.389 Event timed out DataplanePermit:i238[1;m
[1;36m[1;36mRound 4[1;37m[1;m
[1;35m[1;41m01:54.328 00:00.391 Event timed out ControlMessageSend:i241 c 4 -> s c1 [ofp_port_status: reason=2, desc=(1, u'00:00:00:00:04:01')][1;m
[1;35m[1;41m01:54.930 00:00.391 Event timed out ControlMessageSend:i242 c 14 -> s c1 [ofp_port_status: reason=2, desc=(3, u'00:00:00:00:0e:03')][1;m
[1;35m[1;41m01:55.532 00:00.391 Event timed out ControlMessageSend:i243 c 5 -> s c1 [ofp_port_status: reason=2, desc=(3, u'00:00:00:00:05:03')][1;m
[1;35m[1;41m01:56.134 00:00.392 Event timed out ControlMessageSend:i244 c 16 -> s c1 [ofp_port_status: reason=2, desc=(1, u'00:00:00:00:10:01')][1;m
[1;35m[1;41m01:56.736 00:00.392 Event timed out ControlMessageSend:i245 c 10 -> s c1 [ofp_port_status: reason=2, desc=(2, u'00:00:00:00:0a:02')][1;m
[1;35m[1;41m01:57.338 00:00.393 Event timed out ControlMessageSend:i246 c 6 -> s c1 [ofp_port_status: reason=2, desc=(3, u'00:00:00:00:06:03')][1;m
[1;35m[1;41m01:57.939 00:00.393 Event timed out ControlMessageSend:i247 c 6 -> s c1 [ofp_port_status: reason=2, desc=(7, u'00:00:00:00:04:01')][1;m
[1;35m[1;41m01:58.541 00:00.393 Event timed out ControlMessageSend:i248 c 6 -> s c1 [ofp_packet_in: data={u'dl_dst': u'00:00:00:01:01:01', u'nw_src': u'123.1.1.1', u'dl_src': u'00:00:00:01:01:01', u'nw_dst': u'123.1.1.1'}, in_port=7][1;m
[1;35m[1;41m01:59.143 00:00.394 Event timed out ControlMessageSend:i249 c 15 -> s c1 [ofp_port_status: reason=2, desc=(1, u'00:00:00:00:0f:01')][1;m
[1;35m[1;41m01:59.745 00:00.394 Event timed out ControlMessageSend:i250 c 15 -> s c1 [ofp_port_status: reason=2, desc=(2, u'00:00:00:00:0f:02')][1;m
[1;36mRestoring link (9:3) -> (17:1)[1;m
[1;36m[1;44m01:59.746 00:00.399 Successfully matched event LinkRecovery:e260[1;m
[1;41m[1;37mViolations at end of trace: ['c1'][1;m
[1;42m[1;37mViolation found c1[1;m
[1;36m[1;44mEvent Stats: Events matched: 23, timed out: 198
Matches per event type:
  TrafficInjection 1
  ConnectToControllers 1
  DataplanePermit 1
  HostMigration 2
  ControlChannelBlock 2
  ControlChannelUnblock 2
  LinkFailure 7
  LinkRecovery 7
Timeouts per event type:
  DataplanePermit 5
  ControlMessageReceive 93
		  ofp_barrier_request : 18
		  ofp_flow_mod : 18
		  ofp_features_request : 19
		  ofp_hello : 20
		  ofp_set_config : 18
  ControlMessageSend 100
		  ofp_port_status : 37
		  ofp_features_reply : 19
		  ofp_packet_in : 6
		  ofp_hello : 20
		  ofp_barrier_reply : 18
[1;m
