INFO:Controller: =====> Starting POX Controller <===== 
[1;36mStarting POX controller c1[1;m
INFO:Controller:Launching controller c1: ./pox.py --verbose sts.syncproto.pox_syncer --interpose_on_logging=False --blocking=False openflow.discovery forwarding.l2_multi_synthetic_link_failure_crash sts.util.socket_mux.pox_monkeypatcher openflow.of_01 --address=127.0.0.1 --port=6633
connect_socket_with_backoff ('localhost', 18899)
Error connecting.  -- [Errno 61] Connection refused. Backing off 1 seconds ...
[1;33m[c1] POX 0.0.0 / Copyright 2011 James McCauley[1;m

[1;41m[1;33m[c1] INFO:pox_syncer:starting sts sync for spec: ptcp:0.0.0.0:18899[1;m

[1;41m[1;33m[c1] INFO:pox_syncer:waiting for sts_sync connection on 0.0.0.0:18899[1;m

INFO:simulation:Launched controller c1: ./pox.py --verbose sts.syncproto.pox_syncer --interpose_on_logging=False --blocking=False openflow.discovery forwarding.l2_multi_synthetic_link_failure_crash sts.util.socket_mux.pox_monkeypatcher openflow.of_01 --address=127.0.0.1 --port=6633 [PID 1987]
INFO:simulation:Creating topology...
[1;41m[1;33m[c1] INFO:pox_syncer:sts_sync connected[1;m

connect_socket_with_backoff ('127.0.0.1', 6633)
Error connecting.  -- [Errno 61] Connection refused. Backing off 1 seconds ...
[1;41m[1;33m[c1] DEBUG:core:POX 0.0.0 going up...[1;m

[1;41m[1;33m[c1] DEBUG:core:Running on CPython (2.7.5/Sep 12 2013 21:33:34)[1;m

[1;41m[1;33m[c1] INFO:core:POX 0.0.0 is up.[1;m

[1;41m[1;33m[c1] DEBUG:openflow.of_01:Listening for connections on ('127.0.0.1', 6633)[1;m

[1;33m[c1] Incoming true socket connected[1;m

connect_socket_with_backoff ('127.0.0.1', 6633)
connect_socket_with_backoff ('127.0.0.1', 6633)
[1;33m[c1] Incoming MockSocket connection [u'127.0.0.1', 52274][1;m

connect_socket_with_backoff ('127.0.0.1', 6633)
[1;36m[1;44m00:00.502 00:00.000 Successfully matched event ConnectToControllers:i1[1;m
[1;36m[1;44m00:00.504 00:00.004 Successfully matched event ControlMessageReceive:i2 c c1 -> s 1 [ofp_hello: ][1;m
[1;36m[1;36mRound 1[1;37m[1;m
[1;36m[1;44m00:00.505 00:00.004 Successfully matched event ControlMessageSend:i3 c 1 -> s c1 [ofp_hello: ][1;m
[1;41m[1;33m[c1] DEBUG:sync_connection:Spent 4.36 milliseconds waiting on SyncMessage(type='REQUEST', messageClass='DeterministicValue', time=SyncTime(seconds=1389819823, microSeconds=156507), xid=12, name='gettimeofday', value=None, fingerPrint=None)[1;m

[1;33m[c1] Incoming MockSocket connection [u'127.0.0.1', 52274][1;m

[1;33m[c1] Incoming MockSocket connection [u'127.0.0.1', 52274][1;m

[1;36m[1;44m00:00.508 00:00.106 Successfully matched event ControlMessageReceive:i4 c c1 -> s 3 [ofp_hello: ][1;m
[1;36m[1;36mRound 2[1;37m[1;m
[1;36m[1;44m00:00.509 00:00.106 Successfully matched event ControlMessageReceive:i5 c c1 -> s 2 [ofp_hello: ][1;m
[1;36m[1;44m00:00.509 00:00.106 Successfully matched event ControlMessageReceive:i6 c c1 -> s 1 [ofp_features_request: ][1;m
[1;36m[1;44m00:00.510 00:00.107 Successfully matched event ControlMessageSend:i7 c 3 -> s c1 [ofp_hello: ][1;m
[1;36m[1;44m00:00.510 00:00.107 Successfully matched event ControlMessageSend:i8 c 2 -> s c1 [ofp_hello: ][1;m
[1;36m[1;44m00:00.510 00:00.107 Successfully matched event ControlMessageSend:i9 c 1 -> s c1 [ofp_features_reply: datapath_id=1][1;m
INFO:host:[IPAddr('123.123.1.3')]:sending packet on interface eth1: [12:34:56:78:01:03>12:34:56:78:02:03:IP]|([v:4hl:5l:72t:64]ICMP cs:8ee7[123.123.1.3>123.123.2.3]){t:ECHO_REPLY c:0 chk:e37}{id:20585 seq:28263}
[1;36m[1;44m00:00.511 00:00.108 Successfully matched event TrafficInjection:e10[1;m
[1;36mForwarding dataplane event[1;m
[1;36m[1;44m00:00.512 00:00.210 Successfully matched event DataplanePermit:i11[1;m
[1;36m[1;36mRound 3[1;37m[1;m
[1;41m[1;33m[c1] DEBUG:sync_connection:Spent 4.88 milliseconds waiting on SyncMessage(type='REQUEST', messageClass='DeterministicValue', time=SyncTime(seconds=1389819823, microSeconds=163373), xid=16, name='gettimeofday', value=None, fingerPrint=None)[1;m

[1;36m[1;44m00:00.515 00:00.210 Successfully matched event ControlMessageReceive:i12 c c1 -> s 1 [ofp_barrier_request: ][1;m
[1;36m[1;44m00:00.515 00:00.210 Successfully matched event ControlMessageReceive:i13 c c1 -> s 1 [ofp_set_config: ][1;m
[1;36m[1;44m00:00.516 00:00.211 Successfully matched event ControlMessageReceive:i14 c c1 -> s 3 [ofp_features_request: ][1;m
[1;36m[1;44m00:00.516 00:00.211 Successfully matched event ControlMessageReceive:i15 c c1 -> s 2 [ofp_features_request: ][1;m
[1;37mSwitch 1[1;m
-------------------------------------------------------------------------------------------------------
| Prio | in_port | dl_type | dl_src | dl_dst | nw_proto | nw_src | nw_dst | tp_src | tp_dst | actions |
-------------------------------------------------------------------------------------------------------
-------------------------------------------------------------------------------------------------------
[1;37mSwitch 2[1;m
-------------------------------------------------------------------------------------------------------
| Prio | in_port | dl_type | dl_src | dl_dst | nw_proto | nw_src | nw_dst | tp_src | tp_dst | actions |
-------------------------------------------------------------------------------------------------------
-------------------------------------------------------------------------------------------------------
[1;37mSwitch 3[1;m
-------------------------------------------------------------------------------------------------------
| Prio | in_port | dl_type | dl_src | dl_dst | nw_proto | nw_src | nw_dst | tp_src | tp_dst | actions |
-------------------------------------------------------------------------------------------------------
-------------------------------------------------------------------------------------------------------
[1;36m[1;44m00:00.517 00:00.211 Successfully matched event ControlMessageReceive:i16 c c1 -> s 1 [ofp_flow_mod: hard_timeout=0, out_port=65535, priority=32768, idle_timeout=0, command=delete, actions=(), flags=0, match=x^L,in_port:None][1;m
[1;36m[1;44m00:00.517 00:00.212 Successfully matched event ControlMessageSend:i17 c 3 -> s c1 [ofp_features_reply: datapath_id=3][1;m
[1;36m[1;44m00:00.518 00:00.212 Successfully matched event ControlMessageSend:i18 c 1 -> s c1 [ofp_packet_in: data={u'dl_dst': u'12:34:56:78:02:03', u'nw_src': u'123.123.1.3', u'dl_src': u'12:34:56:78:01:03', u'nw_dst': u'123.123.2.3'}, in_port=3][1;m
[1;36m[1;44m00:00.518 00:00.212 Successfully matched event ControlMessageSend:i19 c 1 -> s c1 [ofp_barrier_reply: ][1;m
[1;36m[1;44m00:00.518 00:00.212 Successfully matched event ControlMessageSend:i20 c 2 -> s c1 [ofp_features_reply: datapath_id=2][1;m
[1;41m[1;33m[c1] DEBUG:sync_connection:Spent 4.26 milliseconds waiting on SyncMessage(type='REQUEST', messageClass='DeterministicValue', time=SyncTime(seconds=1389819823, microSeconds=169883), xid=18, name='gettimeofday', value=None, fingerPrint=None)[1;m

[1;41m[1;33m[c1] INFO:openflow.of_01:of_01 [Con 1/1] Connected to 00-00-00-00-00-01[1;m

[1;41m[1;33m[c1] DEBUG:forwarding.l2_multi_synthetic_link_failure_crash:Connect [Con 1/1][1;m

[1;41m[1;33m[c1] DEBUG:openflow.discovery:Installing flow for 00-00-00-00-00-01[1;m

[1;37mSwitch 1[1;m
-------------------------------------------------------------------------------------------------------
| Prio | in_port | dl_type | dl_src | dl_dst | nw_proto | nw_src | nw_dst | tp_src | tp_dst | actions |
-------------------------------------------------------------------------------------------------------
-------------------------------------------------------------------------------------------------------
[1;37mSwitch 2[1;m
-------------------------------------------------------------------------------------------------------
| Prio | in_port | dl_type | dl_src | dl_dst | nw_proto | nw_src | nw_dst | tp_src | tp_dst | actions |
-------------------------------------------------------------------------------------------------------
-------------------------------------------------------------------------------------------------------
[1;37mSwitch 3[1;m
-------------------------------------------------------------------------------------------------------
| Prio | in_port | dl_type | dl_src | dl_dst | nw_proto | nw_src | nw_dst | tp_src | tp_dst | actions |
-------------------------------------------------------------------------------------------------------
-------------------------------------------------------------------------------------------------------
[1;36m[1;44m00:00.524 00:00.314 Successfully matched event ControlMessageReceive:i21 c c1 -> s 1 [ofp_flow_mod: hard_timeout=0, out_port=65535, priority=32768, idle_timeout=0, command=add, actions=(u'output(65533)',), flags=0, match=dl_dst:01:23:20:00:00:01,dl_type:35020,in_port:None][1;m
[1;36m[1;36mRound 4[1;37m[1;m
[1;36m[1;44m00:00.525 00:00.314 Successfully matched event ControlMessageReceive:i22 c c1 -> s 2 [ofp_barrier_request: ][1;m
[1;36m[1;44m00:00.525 00:00.314 Successfully matched event ControlMessageReceive:i23 c c1 -> s 3 [ofp_barrier_request: ][1;m
[1;36m[1;44m00:00.525 00:00.315 Successfully matched event ControlMessageReceive:i24 c c1 -> s 2 [ofp_set_config: ][1;m
[1;37mSwitch 1[1;m
----------------------------------------------------------------------------------------------------------------------
|  Prio | in_port | dl_type | dl_src |            dl_dst | nw_proto | nw_src | nw_dst | tp_src | tp_dst |    actions |
----------------------------------------------------------------------------------------------------------------------
| 32768 |    None |    LLDP |   None | 01:23:20:00:00:01 |     None |   None |   None |   None |   None | CONTROLLER |
----------------------------------------------------------------------------------------------------------------------
[1;37mSwitch 2[1;m
-------------------------------------------------------------------------------------------------------
| Prio | in_port | dl_type | dl_src | dl_dst | nw_proto | nw_src | nw_dst | tp_src | tp_dst | actions |
-------------------------------------------------------------------------------------------------------
-------------------------------------------------------------------------------------------------------
[1;37mSwitch 3[1;m
-------------------------------------------------------------------------------------------------------
| Prio | in_port | dl_type | dl_src | dl_dst | nw_proto | nw_src | nw_dst | tp_src | tp_dst | actions |
-------------------------------------------------------------------------------------------------------
-------------------------------------------------------------------------------------------------------
[1;36m[1;44m00:00.526 00:00.315 Successfully matched event ControlMessageReceive:i25 c c1 -> s 3 [ofp_flow_mod: hard_timeout=0, out_port=65535, priority=32768, idle_timeout=0, command=delete, actions=(), flags=0, match=x^L,in_port:None][1;m
[1;37mSwitch 1[1;m
----------------------------------------------------------------------------------------------------------------------
|  Prio | in_port | dl_type | dl_src |            dl_dst | nw_proto | nw_src | nw_dst | tp_src | tp_dst |    actions |
----------------------------------------------------------------------------------------------------------------------
| 32768 |    None |    LLDP |   None | 01:23:20:00:00:01 |     None |   None |   None |   None |   None | CONTROLLER |
----------------------------------------------------------------------------------------------------------------------
[1;37mSwitch 2[1;m
-------------------------------------------------------------------------------------------------------
| Prio | in_port | dl_type | dl_src | dl_dst | nw_proto | nw_src | nw_dst | tp_src | tp_dst | actions |
-------------------------------------------------------------------------------------------------------
-------------------------------------------------------------------------------------------------------
[1;37mSwitch 3[1;m
-------------------------------------------------------------------------------------------------------
| Prio | in_port | dl_type | dl_src | dl_dst | nw_proto | nw_src | nw_dst | tp_src | tp_dst | actions |
-------------------------------------------------------------------------------------------------------
-------------------------------------------------------------------------------------------------------
[1;36m[1;44m00:00.527 00:00.315 Successfully matched event ControlMessageReceive:i26 c c1 -> s 2 [ofp_flow_mod: hard_timeout=0, out_port=65535, priority=32768, idle_timeout=0, command=delete, actions=(), flags=0, match=x^L,in_port:None][1;m
[1;36m[1;44m00:00.527 00:00.315 Successfully matched event ControlMessageReceive:i27 c c1 -> s 3 [ofp_set_config: ][1;m
[1;36m[1;44m00:00.528 00:00.316 Successfully matched event ControlMessageSend:i28 c 3 -> s c1 [ofp_barrier_reply: ][1;m
[1;36m[1;44m00:00.528 00:00.316 Successfully matched event ControlMessageSend:i29 c 2 -> s c1 [ofp_barrier_reply: ][1;m
[1;41m[1;33m[c1] DEBUG:sync_connection:Spent 4.99 milliseconds waiting on SyncMessage(type='REQUEST', messageClass='DeterministicValue', time=SyncTime(seconds=1389819823, microSeconds=178502), xid=24, name='gettimeofday', value=None, fingerPrint=None)[1;m

[1;41m[1;33m[c1] INFO:openflow.of_01:of_01 [Con 3/3] Connected to 00-00-00-00-00-03[1;m

[1;41m[1;33m[c1] DEBUG:forwarding.l2_multi_synthetic_link_failure_crash:Connect [Con 3/3][1;m

[1;41m[1;33m[c1] DEBUG:openflow.discovery:Installing flow for 00-00-00-00-00-03[1;m

[1;41m[1;33m[c1] INFO:openflow.of_01:of_01 [Con 2/2] Connected to 00-00-00-00-00-02[1;m

[1;41m[1;33m[c1] DEBUG:forwarding.l2_multi_synthetic_link_failure_crash:Connect [Con 2/2][1;m

[1;41m[1;33m[c1] DEBUG:openflow.discovery:Installing flow for 00-00-00-00-00-02[1;m

[1;37mSwitch 1[1;m
----------------------------------------------------------------------------------------------------------------------
|  Prio | in_port | dl_type | dl_src |            dl_dst | nw_proto | nw_src | nw_dst | tp_src | tp_dst |    actions |
----------------------------------------------------------------------------------------------------------------------
| 32768 |    None |    LLDP |   None | 01:23:20:00:00:01 |     None |   None |   None |   None |   None | CONTROLLER |
----------------------------------------------------------------------------------------------------------------------
[1;37mSwitch 2[1;m
-------------------------------------------------------------------------------------------------------
| Prio | in_port | dl_type | dl_src | dl_dst | nw_proto | nw_src | nw_dst | tp_src | tp_dst | actions |
-------------------------------------------------------------------------------------------------------
-------------------------------------------------------------------------------------------------------
[1;37mSwitch 3[1;m
-------------------------------------------------------------------------------------------------------
| Prio | in_port | dl_type | dl_src | dl_dst | nw_proto | nw_src | nw_dst | tp_src | tp_dst | actions |
-------------------------------------------------------------------------------------------------------
-------------------------------------------------------------------------------------------------------
[1;36m[1;44m00:00.536 00:00.418 Successfully matched event ControlMessageReceive:i30 c c1 -> s 2 [ofp_flow_mod: hard_timeout=0, out_port=65535, priority=32768, idle_timeout=0, command=add, actions=(u'output(65533)',), flags=0, match=dl_dst:01:23:20:00:00:01,dl_type:35020,in_port:None][1;m
[1;36m[1;36mRound 5[1;37m[1;m
[1;37mSwitch 1[1;m
----------------------------------------------------------------------------------------------------------------------
|  Prio | in_port | dl_type | dl_src |            dl_dst | nw_proto | nw_src | nw_dst | tp_src | tp_dst |    actions |
----------------------------------------------------------------------------------------------------------------------
| 32768 |    None |    LLDP |   None | 01:23:20:00:00:01 |     None |   None |   None |   None |   None | CONTROLLER |
----------------------------------------------------------------------------------------------------------------------
[1;37mSwitch 2[1;m
----------------------------------------------------------------------------------------------------------------------
|  Prio | in_port | dl_type | dl_src |            dl_dst | nw_proto | nw_src | nw_dst | tp_src | tp_dst |    actions |
----------------------------------------------------------------------------------------------------------------------
| 32768 |    None |    LLDP |   None | 01:23:20:00:00:01 |     None |   None |   None |   None |   None | CONTROLLER |
----------------------------------------------------------------------------------------------------------------------
[1;37mSwitch 3[1;m
-------------------------------------------------------------------------------------------------------
| Prio | in_port | dl_type | dl_src | dl_dst | nw_proto | nw_src | nw_dst | tp_src | tp_dst | actions |
-------------------------------------------------------------------------------------------------------
-------------------------------------------------------------------------------------------------------
[1;36m[1;44m00:00.537 00:00.419 Successfully matched event ControlMessageReceive:i31 c c1 -> s 3 [ofp_flow_mod: hard_timeout=0, out_port=65535, priority=32768, idle_timeout=0, command=add, actions=(u'output(65533)',), flags=0, match=dl_dst:01:23:20:00:00:01,dl_type:35020,in_port:None][1;m
[1;42m[1;37mNo correctness violations![1;m
[1;36m[1;44m00:00.537 00:00.419 Successfully matched event CheckInvariants:e32[1;m
[1;41m[1;33m[c1] DEBUG:sync_connection:Spent 3.20 milliseconds waiting on SyncMessage(type='REQUEST', messageClass='DeterministicValue', time=SyncTime(seconds=1389819823, microSeconds=190015), xid=37, name='gettimeofday', value=None, fingerPrint=None)[1;m

INFO:host:[IPAddr('123.123.3.3')]:sending packet on interface eth3: [12:34:56:78:03:03>12:34:56:78:01:03:IP]|([v:4hl:5l:72t:64]ICMP cs:8de5[123.123.3.3>123.123.1.3]){t:ECHO_REPLY c:0 chk:e37}{id:20585 seq:28263}
[1;36m[1;44m00:00.641 00:00.522 Successfully matched event TrafficInjection:e33[1;m
[1;36m[1;36mRound 6[1;37m[1;m
[1;36mForwarding dataplane event[1;m
[1;36m[1;44m00:00.642 00:00.625 Successfully matched event DataplanePermit:i34[1;m
[1;36m[1;36mRound 7[1;37m[1;m
[1;36m[1;44m00:00.643 00:00.625 Successfully matched event ControlMessageSend:i35 c 3 -> s c1 [ofp_packet_in: data={u'dl_dst': u'12:34:56:78:01:03', u'nw_src': u'123.123.3.3', u'dl_src': u'12:34:56:78:03:03', u'nw_dst': u'123.123.1.3'}, in_port=3][1;m
INFO:host:[IPAddr('123.123.3.3')]:sending packet on interface eth3: [12:34:56:78:03:03>12:34:56:78:02:03:IP]|([v:4hl:5l:72t:64]ICMP cs:8ce3[123.123.3.3>123.123.2.3]){t:ECHO_REPLY c:0 chk:e37}{id:20585 seq:28263}
[1;36m[1;44m00:00.644 00:00.626 Successfully matched event TrafficInjection:e36[1;m
[1;36mForwarding dataplane event[1;m
[1;36m[1;44m00:00.645 00:00.729 Successfully matched event DataplanePermit:i37[1;m
[1;36m[1;36mRound 8[1;37m[1;m
[1;36m[1;44m00:00.645 00:00.730 Successfully matched event ControlMessageReceive:i38 c c1 -> s 3 [ofp_packet_out: actions=(u'output(65531)',), data=(), in_port=3][1;m
[1;36m[1;44m00:00.646 00:00.730 Successfully matched event ControlMessageSend:i39 c 3 -> s c1 [ofp_packet_in: data={u'dl_dst': u'12:34:56:78:02:03', u'nw_src': u'123.123.3.3', u'dl_src': u'12:34:56:78:03:03', u'nw_dst': u'123.123.2.3'}, in_port=3][1;m
INFO:host:[IPAddr('123.123.3.3')]:sending packet on interface eth3: [12:34:56:78:03:03>12:34:56:78:02:03:IP]|([v:4hl:5l:72t:64]ICMP cs:8ce1[123.123.3.3>123.123.2.3]){t:ECHO_REQUEST c:0 chk:637}{id:20585 seq:28263}
[1;36m[1;44m00:00.646 00:00.731 Successfully matched event TrafficInjection:e40[1;m
[1;36mForwarding dataplane event[1;m
[1;36m[1;44m00:00.647 00:00.834 Successfully matched event DataplanePermit:i41[1;m
[1;36m[1;36mRound 9[1;37m[1;m
[1;36m[1;44m00:00.648 00:00.835 Successfully matched event DataplanePermit:i42[1;m
[1;36m[1;44m00:00.648 00:00.836 Successfully matched event DataplanePermit:i43[1;m
[1;36m[1;44m00:00.648 00:00.836 Successfully matched event ControlMessageReceive:i44 c c1 -> s 3 [ofp_packet_out: actions=(u'output(65531)',), data=(), in_port=3][1;m
[1;36m[1;44m00:00.649 00:00.837 Successfully matched event ControlMessageSend:i45 c 3 -> s c1 [ofp_packet_in: data={u'dl_dst': u'12:34:56:78:02:03', u'nw_src': u'123.123.3.3', u'dl_src': u'12:34:56:78:03:03', u'nw_dst': u'123.123.2.3'}, in_port=3][1;m
[1;36m[1;44m00:00.649 00:00.837 Successfully matched event ControlMessageSend:i46 c 2 -> s c1 [ofp_packet_in: data={u'dl_dst': u'12:34:56:78:01:03', u'nw_src': u'123.123.3.3', u'dl_src': u'12:34:56:78:03:03', u'nw_dst': u'123.123.1.3'}, in_port=1][1;m
[1;36m[1;44m00:00.650 00:00.837 Successfully matched event ControlMessageSend:i47 c 1 -> s c1 [ofp_packet_in: data={u'dl_dst': u'12:34:56:78:01:03', u'nw_src': u'123.123.3.3', u'dl_src': u'12:34:56:78:03:03', u'nw_dst': u'123.123.1.3'}, in_port=1][1;m
[1;36mCutting link (3:1) -> (2:1)[1;m
[1;36m[1;44m00:00.650 00:00.838 Successfully matched event LinkFailure:e48[1;m
[1;36m[1;44m00:00.651 00:00.838 Successfully matched event HostMigration:e49[1;m
INFO:host:[IPAddr('123.123.1.3')]:sending packet on interface eth1: [12:34:56:78:01:03>12:34:56:78:01:03:IP]|([v:4hl:5l:72t:64]ICMP cs:8fdd[123.123.1.3>123.123.1.3]){t:ECHO_REQUEST c:0 chk:637}{id:20585 seq:28263}
[1;36m[1;44m00:00.651 00:00.839 Successfully matched event TrafficInjection:e50[1;m
[1;36mForwarding dataplane event[1;m
[1;36m[1;44m00:00.652 00:00.941 Successfully matched event DataplanePermit:i51[1;m
[1;36m[1;36mRound 10[1;37m[1;m
[1;36m[1;44m00:00.652 00:00.942 Successfully matched event DataplanePermit:i52[1;m
[1;36m[1;44m00:00.652 00:00.943 Successfully matched event ControlMessageReceive:i53 c c1 -> s 1 [ofp_packet_out: actions=(u'output(1)',), data={u'class': u'lldp'}, in_port=65535][1;m
[1;36m[1;44m00:00.653 00:00.944 Successfully matched event ControlMessageReceive:i54 c c1 -> s 1 [ofp_packet_out: actions=(u'output(65531)',), data=(), in_port=1][1;m
[1;36m[1;44m00:00.653 00:00.944 Successfully matched event ControlMessageReceive:i55 c c1 -> s 2 [ofp_packet_out: actions=(u'output(65531)',), data=(), in_port=1][1;m
[1;36m[1;44m00:00.653 00:00.945 Successfully matched event ControlMessageReceive:i56 c c1 -> s 3 [ofp_packet_out: actions=(u'output(65531)',), data=(), in_port=3][1;m
[1;36m[1;44m00:00.654 00:00.945 Successfully matched event ControlMessageSend:i57 c 3 -> s c1 [ofp_packet_in: data={u'dl_dst': u'12:34:56:78:01:03', u'nw_src': u'123.123.1.3', u'dl_src': u'12:34:56:78:01:03', u'nw_dst': u'123.123.1.3'}, in_port=4][1;m
[1;36m[1;44m00:00.654 00:00.945 Successfully matched event ControlMessageSend:i58 c 1 -> s c1 [ofp_port_status: reason=1, desc=(3, u'00:00:00:00:01:03')][1;m
[1;36m[1;44m00:00.654 00:00.945 Successfully matched event ControlMessageSend:i59 c 3 -> s c1 [ofp_port_status: reason=0, desc=(4, u'00:00:00:00:01:03')][1;m
[1;36m[1;44m00:00.655 00:00.946 Successfully matched event ControlMessageSend:i60 c 1 -> s c1 [ofp_packet_in: data={u'dl_dst': u'12:34:56:78:02:03', u'nw_src': u'123.123.3.3', u'dl_src': u'12:34:56:78:03:03', u'nw_dst': u'123.123.2.3'}, in_port=1][1;m
[1;36m[1;44m00:00.655 00:00.946 Successfully matched event ControlMessageSend:i61 c 3 -> s c1 [ofp_port_status: reason=1, desc=(1, u'00:00:00:00:03:01')][1;m
[1;42m[1;37mNo correctness violations![1;m
[1;36m[1;44m00:00.655 00:00.946 Successfully matched event CheckInvariants:e62[1;m
[1;36m[1;44m00:00.656 00:01.048 Successfully matched event DataplanePermit:i63[1;m
[1;36m[1;36mRound 11[1;37m[1;m
[1;36m[1;44m00:00.656 00:01.049 Successfully matched event DataplanePermit:i64[1;m
[1;36m[1;44m00:00.656 00:01.050 Successfully matched event DataplanePermit:i65[1;m
[1;36m[1;44m00:00.656 00:01.050 Successfully matched event DataplanePermit:i66[1;m
[1;36m[1;44m00:00.657 00:01.051 Successfully matched event DataplanePermit:i67[1;m
[1;36m[1;44m00:00.657 00:01.051 Successfully matched event DataplanePermit:i68[1;m
[1;41m[1;33m[c1] DEBUG:forwarding.l2_multi_synthetic_link_failure_crash:Learned 12:34:56:78:03:03 at 00-00-00-00-00-03.3[1;m

[1;41m[1;33m[c1] DEBUG:forwarding.l2_multi_synthetic_link_failure_crash:12:34:56:78:01:03 unknown -- flooding[1;m

[1;41m[1;33m[c1] DEBUG:forwarding.l2_multi_synthetic_link_failure_crash:12:34:56:78:02:03 unknown -- flooding[1;m

[1;41m[1;33m[c1] DEBUG:forwarding.l2_multi_synthetic_link_failure_crash:12:34:56:78:02:03 unknown -- flooding[1;m

[1;41m[1;33m[c1] DEBUG:forwarding.l2_multi_synthetic_link_failure_crash:Learned 12:34:56:78:01:03 at 00-00-00-00-00-03.4[1;m

[1;37mSwitch 1[1;m
----------------------------------------------------------------------------------------------------------------------
|  Prio | in_port | dl_type | dl_src |            dl_dst | nw_proto | nw_src | nw_dst | tp_src | tp_dst |    actions |
----------------------------------------------------------------------------------------------------------------------
| 32768 |    None |    LLDP |   None | 01:23:20:00:00:01 |     None |   None |   None |   None |   None | CONTROLLER |
----------------------------------------------------------------------------------------------------------------------
[1;37mSwitch 2[1;m
----------------------------------------------------------------------------------------------------------------------
|  Prio | in_port | dl_type | dl_src |            dl_dst | nw_proto | nw_src | nw_dst | tp_src | tp_dst |    actions |
----------------------------------------------------------------------------------------------------------------------
| 32768 |    None |    LLDP |   None | 01:23:20:00:00:01 |     None |   None |   None |   None |   None | CONTROLLER |
----------------------------------------------------------------------------------------------------------------------
[1;37mSwitch 3[1;m
----------------------------------------------------------------------------------------------------------------------
|  Prio | in_port | dl_type | dl_src |            dl_dst | nw_proto | nw_src | nw_dst | tp_src | tp_dst |    actions |
----------------------------------------------------------------------------------------------------------------------
| 32768 |    None |    LLDP |   None | 01:23:20:00:00:01 |     None |   None |   None |   None |   None | CONTROLLER |
----------------------------------------------------------------------------------------------------------------------
WARNING:FuzzSoftwareSwitch(3):out_port 4 == in_port. Dropping
[1;36m[1;44m00:00.666 00:01.052 Successfully matched event ControlMessageReceive:i69 c c1 -> s 3 [ofp_flow_mod: hard_timeout=30, out_port=65535, priority=32768, idle_timeout=10, command=add, actions=(u'output(4)',), flags=0, match=dl_src:12:34:56:78:01:03,dl_dst:12:34:56:78:01:03,dl_vlan:65535,dl_vlan_pcp:0,dl_type:2048,nw_tos:0,nw_proto:1,nw_src:123.123.1.3/32,nw_dst:123.123.1.3/32,tp_src:8,tp_dst:0,in_port:None][1;m
[1;36m[1;44m00:00.666 00:01.052 Successfully matched event ControlMessageReceive:i70 c c1 -> s 1 [ofp_packet_out: actions=(u'output(65531)',), data=(), in_port=1][1;m
[1;36m[1;44m00:00.667 00:01.053 Successfully matched event ControlMessageSend:i71 c 1 -> s c1 [ofp_packet_in: data={u'dl_dst': u'12:34:56:78:01:03', u'nw_src': u'123.123.3.3', u'dl_src': u'12:34:56:78:03:03', u'nw_dst': u'123.123.1.3'}, in_port=2][1;m
[1;36m[1;44m00:00.667 00:01.053 Successfully matched event ControlMessageSend:i72 c 3 -> s c1 [ofp_packet_in: data={u'class': u'lldp'}, in_port=2][1;m
[1;36m[1;44m00:00.667 00:01.053 Successfully matched event ControlMessageSend:i73 c 2 -> s c1 [ofp_packet_in: data={u'dl_dst': u'12:34:56:78:01:03', u'nw_src': u'123.123.3.3', u'dl_src': u'12:34:56:78:03:03', u'nw_dst': u'123.123.1.3'}, in_port=2][1;m
[1;36m[1;44m00:00.668 00:01.053 Successfully matched event ControlMessageSend:i74 c 1 -> s c1 [ofp_packet_in: data={u'dl_dst': u'12:34:56:78:02:03', u'nw_src': u'123.123.3.3', u'dl_src': u'12:34:56:78:03:03', u'nw_dst': u'123.123.2.3'}, in_port=1][1;m
[1;36m[1;44m00:00.668 00:01.156 Successfully matched event DataplanePermit:i75[1;m
[1;36m[1;36mRound 12[1;37m[1;m
[1;41m[1;33m[c1] DEBUG:sync_connection:Spent 4.73 milliseconds waiting on SyncMessage(type='REQUEST', messageClass='DeterministicValue', time=SyncTime(seconds=1389819823, microSeconds=318890), xid=49, name='gettimeofday', value=None, fingerPrint=None)[1;m

[1;41m[1;33m[c1] DEBUG:forwarding.l2_multi_synthetic_link_failure_crash:Installing path for 12:34:56:78:01:03 -> 12:34:56:78:01:03 0800 (1 hops)[1;m

[1;35m[1;41m00:01.274 00:01.157 Event timed out ControlMessageReceive:i76 c c1 -> s 1 [ofp_flow_mod: hard_timeout=0, out_port=65535, priority=32768, idle_timeout=0, command=delete, actions=(), flags=0, match=x^L,in_port:None][1;m
[1;35m[1;41m00:01.903 00:01.157 Event timed out ControlMessageReceive:i77 c c1 -> s 3 [ofp_flow_mod: hard_timeout=0, out_port=65535, priority=32768, idle_timeout=0, command=delete, actions=(), flags=0, match=x^L,in_port:None][1;m
[1;35m[1;41m00:02.529 00:01.158 Event timed out ControlMessageReceive:i78 c c1 -> s 2 [ofp_flow_mod: hard_timeout=0, out_port=65535, priority=32768, idle_timeout=0, command=delete, actions=(), flags=0, match=x^L,in_port:None][1;m
[1;36m[1;44m00:02.530 00:01.158 Successfully matched event ControlMessageSend:i79 c 2 -> s c1 [ofp_packet_in: data={u'dl_dst': u'12:34:56:78:02:03', u'nw_src': u'123.123.3.3', u'dl_src': u'12:34:56:78:03:03', u'nw_dst': u'123.123.2.3'}, in_port=2][1;m
[1;36m[1;44m00:02.532 00:01.159 Successfully matched event HostMigration:e80[1;m
INFO:host:[IPAddr('123.123.3.3')]:sending packet on interface eth3: [12:34:56:78:03:03>12:34:56:78:03:03:IP]|([v:4hl:5l:72t:64]ICMP cs:8bd6[123.123.3.3>123.123.3.3]){t:ECHO_REPLY c:0 chk:e37}{id:20585 seq:28263}
[1;36m[1;44m00:02.532 00:01.159 Successfully matched event TrafficInjection:e81[1;m
[1;36mForwarding dataplane event[1;m
[1;36m[1;44m00:02.534 00:01.261 Successfully matched event DataplanePermit:i82[1;m
[1;36m[1;36mRound 13[1;37m[1;m
[1;36m[1;44m00:02.534 00:01.262 Successfully matched event ControlMessageSend:i83 c 3 -> s c1 [ofp_packet_in: data={u'dl_dst': u'12:34:56:78:03:03', u'nw_src': u'123.123.3.3', u'dl_src': u'12:34:56:78:03:03', u'nw_dst': u'123.123.3.3'}, in_port=5][1;m
[1;36m[1;44m00:02.534 00:01.262 Successfully matched event ControlMessageSend:i84 c 3 -> s c1 [ofp_port_status: reason=0, desc=(5, u'00:00:00:00:03:03')][1;m
[1;36m[1;44m00:02.535 00:01.262 Successfully matched event ControlMessageSend:i85 c 3 -> s c1 [ofp_port_status: reason=1, desc=(3, u'00:00:00:00:03:03')][1;m
INFO:host:[IPAddr('123.123.3.3')]:sending packet on interface eth3: [12:34:56:78:03:03>12:34:56:78:02:03:IP]|([v:4hl:5l:72t:64]ICMP cs:8cd4[123.123.3.3>123.123.2.3]){t:ECHO_REQUEST c:0 chk:637}{id:20585 seq:28263}
[1;36m[1;44m00:02.535 00:01.263 Successfully matched event TrafficInjection:e86[1;m
[1;36mForwarding dataplane event[1;m
[1;36m[1;44m00:02.536 00:01.366 Successfully matched event DataplanePermit:i87[1;m
[1;36m[1;36mRound 14[1;37m[1;m
[1;36m[1;44m00:02.537 00:01.366 Successfully matched event ControlMessageSend:i88 c 3 -> s c1 [ofp_packet_in: data={u'dl_dst': u'12:34:56:78:02:03', u'nw_src': u'123.123.3.3', u'dl_src': u'12:34:56:78:03:03', u'nw_dst': u'123.123.2.3'}, in_port=5][1;m
INFO:host:[IPAddr('123.123.3.3')]:sending packet on interface eth3: [12:34:56:78:03:03>12:34:56:78:01:03:IP]|([v:4hl:5l:72t:64]ICMP cs:8dd2[123.123.3.3>123.123.1.3]){t:ECHO_REQUEST c:0 chk:637}{id:20585 seq:28263}
[1;36m[1;44m00:02.537 00:01.367 Successfully matched event TrafficInjection:e89[1;m
[1;36mForwarding dataplane event[1;m
[1;36m[1;44m00:02.538 00:01.470 Successfully matched event DataplanePermit:i90[1;m
[1;36m[1;36mRound 15[1;37m[1;m
[1;36m[1;44m00:02.539 00:01.470 Successfully matched event ControlMessageSend:i91 c 3 -> s c1 [ofp_packet_in: data={u'dl_dst': u'12:34:56:78:01:03', u'nw_src': u'123.123.3.3', u'dl_src': u'12:34:56:78:03:03', u'nw_dst': u'123.123.1.3'}, in_port=5][1;m
[1;36mRestoring link (3:1) -> (2:1)[1;m
[1;36m[1;44m00:02.539 00:01.471 Successfully matched event LinkRecovery:e92[1;m
[1;42m[1;37mNo correctness violations![1;m
[1;36m[1;44m00:02.539 00:01.471 Successfully matched event CheckInvariants:e93[1;m
INFO:events:WaitTime: pausing simulation for 1.000000 seconds
[1;41m[1;33m[c1] DEBUG:forwarding.l2_multi_synthetic_link_failure_crash:12:34:56:78:03:03 moved from 00-00-00-00-00-03.3 to 00-00-00-00-00-03.5?[1;m

[1;41m[1;33m[c1] DEBUG:forwarding.l2_multi_synthetic_link_failure_crash:Learned 12:34:56:78:03:03 at 00-00-00-00-00-03.5[1;m

[1;41m[1;33m[c1] DEBUG:forwarding.l2_multi_synthetic_link_failure_crash:Installing path for 12:34:56:78:03:03 -> 12:34:56:78:03:03 0800 (1 hops)[1;m

[1;41m[1;33m[c1] DEBUG:forwarding.l2_multi_synthetic_link_failure_crash:12:34:56:78:02:03 unknown -- flooding[1;m

[1;41m[1;33m[c1] DEBUG:forwarding.l2_multi_synthetic_link_failure_crash:Installing path for 12:34:56:78:03:03 -> 12:34:56:78:01:03 0800 (1 hops)[1;m

[1;36m[1;44m00:03.541 00:01.472 Successfully matched event WaitTime:e96[1;m
[1;36m[1;36mRound -1[1;37m[1;m
[1;42m[1;37mNo correctness violations![1;m
[1;36m[1;44mEvent Stats: Events matched: 91, timed out: 3
Matches per event type:
  WaitTime 1
  LinkFailure 1
  ConnectToControllers 1
  LinkRecovery 1
  HostMigration 2
  CheckInvariants 3
  TrafficInjection 8
  DataplanePermit 18
  ControlMessageReceive 26
  ControlMessageSend 30
Timeouts per event type:
  ControlMessageReceive 3
[1;m
[1;36m[1;44mDataplaneDrop Stats: Expected drops (0), Actual drops (0)
Missed Drops (expected if TrafficInjections pruned):[1;m
[1;36mKilling controller c1[1;m
Terminating child controllers... OK
