[1;33m[c1] INFO:core:POX 0.1.0 (betta) is up.[1;m

connect_socket_with_backoff ('127.0.0.1', 6633)
connect_socket_with_backoff ('127.0.0.1', 6633)
connect_socket_with_backoff ('127.0.0.1', 6633)
[1;36m[1;44m00:00.545 00:00.000 Successfully matched event ConnectToControllers:e1[1;m
[1;36m[1;44m00:00.598 00:00.012 Successfully matched event ControlMessageReceive:i2 c c1 -> s 1 [ofp_hello: ][1;m
[1;36m[1;36mRound 1[1;37m[1;m
[1;36m[1;44m00:00.599 00:00.012 Successfully matched event ControlMessageSend:i3 c 1 -> s c1 [ofp_hello: ][1;m
[1;36m[1;44m00:00.600 00:00.136 Successfully matched event ControlMessageReceive:i5 c c1 -> s 3 [ofp_hello: ][1;m
[1;36m[1;36mRound 2[1;37m[1;m
[1;36m[1;44m00:00.600 00:00.136 Successfully matched event ControlMessageReceive:i6 c c1 -> s 2 [ofp_hello: ][1;m
[1;36m[1;44m00:00.602 00:00.137 Successfully matched event ControlMessageReceive:i7 c c1 -> s 1 [ofp_features_request: ][1;m
[1;36m[1;44m00:00.603 00:00.137 Successfully matched event ControlMessageSend:i8 c 3 -> s c1 [ofp_hello: ][1;m
[1;36m[1;44m00:00.604 00:00.137 Successfully matched event ControlMessageSend:i9 c 2 -> s c1 [ofp_hello: ][1;m
[1;36m[1;44m00:00.604 00:00.138 Successfully matched event ControlMessageSend:i10 c 1 -> s c1 [ofp_features_reply: datapath_id=1][1;m
[1;36m[1;44m00:00.646 00:00.303 Successfully matched event ControlMessageReceive:i12 c c1 -> s 1 [ofp_barrier_request: ][1;m
[1;36m[1;36mRound 3[1;37m[1;m
[1;36m[1;44m00:00.647 00:00.303 Successfully matched event ControlMessageReceive:i13 c c1 -> s 1 [ofp_set_config: ][1;m
[1;36m[1;44m00:00.647 00:00.304 Successfully matched event ControlMessageReceive:i14 c c1 -> s 3 [ofp_features_request: ][1;m
[1;36m[1;44m00:00.648 00:00.304 Successfully matched event ControlMessageReceive:i15 c c1 -> s 2 [ofp_features_request: ][1;m
[1;36m[1;44m00:00.648 00:00.304 Successfully matched event ControlMessageReceive:i16 c c1 -> s 1 [ofp_flow_mod: hard_timeout=0, out_port=65535, priority=32768, idle_timeout=0, command=delete, actions=(), flags=0, match=x^L,in_port:None][1;m
[1;36m[1;44m00:00.648 00:00.305 Successfully matched event ControlMessageSend:i17 c 3 -> s c1 [ofp_features_reply: datapath_id=3][1;m
[1;36m[1;44m00:00.649 00:00.305 Successfully matched event ControlMessageSend:i18 c 1 -> s c1 [ofp_barrier_reply: ][1;m
[1;36m[1;44m00:00.649 00:00.305 Successfully matched event ControlMessageSend:i19 c 2 -> s c1 [ofp_features_reply: datapath_id=2][1;m
[1;33m[c1] INFO:openflow.of_01:[00-00-00-00-00-01 1] connected[1;m

[1;41m[1;33m[c1] DEBUG:pyretic.core.runtime.DEBUG_TOPO_DISCOVERY: handle_switch_joins[1;m

[1;41m[1;33m[c1] INFO:pyretic.core.runtime.ConcreteNetwork: OpenFlow switch 1 connected[1;m

[1;41m[1;33m[c1] DEBUG:pyretic.core.runtime.DEBUG_TOPO_DISCOVERY: ---------------------------------------------[1;m

[1;41m[1;33m[c1] switch  |  switch edges    |  egress ports  |[1;m

[1;41m[1;33m[c1] ---------------------------------------------[1;m

[1;41m[1;33m[c1] 1       |                  |                |[1;m

[1;41m[1;33m[c1] ---------------------------------------------[1;m

[1;41m[1;33m[c1] DEBUG:pyretic.core.runtime.DEBUG_TOPO_DISCOVERY: handle_port_joins 1:1:True:True[1;m

[1;41m[1;33m[c1] DEBUG:pyretic.core.runtime.DEBUG_TOPO_DISCOVERY: ---------------------------------------------[1;m

[1;41m[1;33m[c1] switch  |  switch edges    |  egress ports  |[1;m

[1;41m[1;33m[c1] ---------------------------------------------[1;m

[1;41m[1;33m[c1] 1       |                  |  1[1]---       |[1;m

[1;41m[1;33m[c1] ---------------------------------------------[1;m

[1;41m[1;33m[c1] DEBUG:pyretic.core.runtime.DEBUG_TOPO_DISCOVERY: handle_port_joins 1:2:True:True[1;m

[1;41m[1;33m[c1] DEBUG:pyretic.core.runtime.DEBUG_TOPO_DISCOVERY: -------------------------------------------------[1;m

[1;41m[1;33m[c1] switch  |  switch edges    |  egress ports      |[1;m

[1;41m[1;33m[c1] -------------------------------------------------[1;m

[1;41m[1;33m[c1] 1       |                  |  1[2]---, 1[1]---  |[1;m

[1;41m[1;33m[c1] -------------------------------------------------[1;m

[1;41m[1;33m[c1] DEBUG:pyretic.core.runtime.DEBUG_TOPO_DISCOVERY: handle_port_joins 1:3:True:True[1;m

[1;41m[1;33m[c1] DEBUG:pyretic.core.runtime.DEBUG_TOPO_DISCOVERY: ----------------------------------------------------------[1;m

[1;41m[1;33m[c1] switch  |  switch edges    |   egress ports              |[1;m

[1;41m[1;33m[c1] ----------------------------------------------------------[1;m

[1;41m[1;33m[c1] 1       |                  |  1[2]---, 1[3]---, 1[1]---  |[1;m

[1;41m[1;33m[c1] ----------------------------------------------------------[1;m

[1;36m[1;44m00:00.716 00:00.410 Successfully matched event ControlMessageReceive:i21 c c1 -> s 1 [ofp_packet_out: actions=(u'output(1)',), data={u'class': u'lldp'}, in_port=65535][1;m
[1;36m[1;36mRound 4[1;37m[1;m
[1;36mForwarding dataplane event[1;m
[1;36m[1;44m00:00.719 00:00.411 Successfully matched event ControlMessageReceive:i22 c c1 -> s 2 [ofp_barrier_request: ][1;m
[1;36m[1;44m00:00.719 00:00.411 Successfully matched event ControlMessageReceive:i23 c c1 -> s 3 [ofp_barrier_request: ][1;m
[1;36m[1;44m00:00.720 00:00.413 Successfully matched event ControlMessageReceive:i24 c c1 -> s 1 [ofp_flow_mod: hard_timeout=0, out_port=65535, priority=32768, idle_timeout=0, command=add, actions=(u'output(65533)',), flags=0, match=x^L,in_port:None][1;m
[1;36m[1;44m00:00.722 00:00.413 Successfully matched event ControlMessageReceive:i25 c c1 -> s 2 [ofp_set_config: ][1;m
[1;36m[1;44m00:00.723 00:00.413 Successfully matched event ControlMessageReceive:i26 c c1 -> s 1 [ofp_packet_out: actions=(u'output(3)',), data={u'class': u'lldp'}, in_port=65535][1;m
[1;36mForwarding dataplane event[1;m
[1;36m[1;44m00:00.725 00:00.414 Successfully matched event ControlMessageReceive:i27 c c1 -> s 3 [ofp_flow_mod: hard_timeout=0, out_port=65535, priority=32768, idle_timeout=0, command=delete, actions=(), flags=0, match=x^L,in_port:None][1;m
[1;36m[1;44m00:00.726 00:00.414 Successfully matched event ControlMessageReceive:i28 c c1 -> s 2 [ofp_flow_mod: hard_timeout=0, out_port=65535, priority=32768, idle_timeout=0, command=delete, actions=(), flags=0, match=x^L,in_port:None][1;m
[1;36m[1;44m00:00.727 00:00.415 Successfully matched event ControlMessageReceive:i29 c c1 -> s 1 [ofp_packet_out: actions=(u'output(2)',), data={u'class': u'lldp'}, in_port=65535][1;m
[1;36mForwarding dataplane event[1;m
[1;36m[1;44m00:00.728 00:00.415 Successfully matched event ControlMessageReceive:i30 c c1 -> s 3 [ofp_set_config: ][1;m
[1;36m[1;44m00:00.729 00:00.415 Successfully matched event ControlMessageSend:i31 c 3 -> s c1 [ofp_barrier_reply: ][1;m
[1;36m[1;44m00:00.730 00:00.416 Successfully matched event ControlMessageSend:i32 c 2 -> s c1 [ofp_barrier_reply: ][1;m
[1;36m[1;44m00:00.730 00:00.519 Successfully matched event DataplanePermit:i34[1;m
[1;36m[1;36mRound 5[1;37m[1;m
[1;36m[1;44m00:00.731 00:00.520 Successfully matched event DataplanePermit:i35[1;m
[1;36m[1;44m00:00.732 00:00.521 Successfully matched event DataplanePermit:i36[1;m
[1;33m[c1] INFO:openflow.of_01:[00-00-00-00-00-03 3] connected[1;m

[1;33m[c1] INFO:openflow.of_01:[00-00-00-00-00-02 2] connected[1;m

[1;41m[1;33m[c1] DEBUG:pyretic.core.runtime.DEBUG_TOPO_DISCOVERY: handle_switch_joins[1;m

[1;41m[1;33m[c1] INFO:pyretic.core.runtime.ConcreteNetwork: OpenFlow switch 3 connected[1;m

[1;33m[c1] INFO:openflow.of_01:[00-00-00-00-00-04 4] connected[1;m

[1;41m[1;33m[c1] DEBUG:pyretic.core.runtime.DEBUG_TOPO_DISCOVERY: ----------------------------------------------------------[1;m

[1;41m[1;33m[c1] switch  |  switch edges    |   egress ports              |[1;m

[1;41m[1;33m[c1] ----------------------------------------------------------[1;m

[1;41m[1;33m[c1] 1       |                  |  1[2]---, 1[3]---, 1[1]---  |[1;m

[1;41m[1;33m[c1] 3       |                  |                             |[1;m

[1;41m[1;33m[c1] ----------------------------------------------------------[1;m

[1;33m[c1] INFO:openflow.of_01:[00-00-00-00-00-03 5] connected[1;m

[1;33m[c1] ERROR:core:Exception while handling OpenFlowNexus!ConnectionUp...[1;m

[1;33m[c1] Traceback (most recent call last):[1;m

[1;33m[c1]   File "/home/mininet/pox/pox/lib/revent/revent.py", line 234, in raiseEventNoErrors[1;m

[1;33m[c1]     return self.raiseEvent(event, *args, **kw)[1;m

[1;33m[c1]   File "/home/mininet/pox/pox/lib/revent/revent.py", line 281, in raiseEvent[1;m

[1;33m[c1]     rv = event._invoke(handler, *args, **kw)[1;m

[1;33m[c1]   File "/home/mininet/pox/pox/lib/revent/revent.py", line 159, in _invoke[1;m

[1;33m[c1]     return handler(self, *args, **kw)[1;m

[1;33m[c1]   File "/home/mininet/pyretic/of_client/pox_client.py", line 512, in _handle_ConnectionUp[1;m

[1;33m[c1]     assert event.dpid not in self.switches[1;m

[1;33m[c1] AssertionError[1;m

[1;41m[1;33m[c1] DEBUG:pyretic.core.runtime.DEBUG_TOPO_DISCOVERY: handle_port_joins 3:1:True:True[1;m

[1;41m[1;33m[c1] DEBUG:pyretic.core.runtime.DEBUG_TOPO_DISCOVERY: ----------------------------------------------------------[1;m

[1;41m[1;33m[c1] switch  |  switch edges    |   egress ports              |[1;m

[1;41m[1;33m[c1] ----------------------------------------------------------[1;m

[1;41m[1;33m[c1] 1       |                  |  1[2]---, 1[3]---, 1[1]---  |[1;m

[1;41m[1;33m[c1] 3       |                  |  3[1]---                    |[1;m

[1;41m[1;33m[c1] ----------------------------------------------------------[1;m

[1;41m[1;33m[c1] DEBUG:pyretic.core.runtime.DEBUG_TOPO_DISCOVERY: handle_port_joins 3:2:True:True[1;m

[1;41m[1;33m[c1] DEBUG:pyretic.core.runtime.DEBUG_TOPO_DISCOVERY: ----------------------------------------------------------[1;m

[1;41m[1;33m[c1] switch  |  switch edges    |   egress ports              |[1;m

[1;41m[1;33m[c1] ----------------------------------------------------------[1;m

[1;41m[1;33m[c1] 1       |                  |  1[2]---, 1[3]---, 1[1]---  |[1;m

[1;41m[1;33m[c1] 3       |                  |  3[2]---, 3[1]---           |[1;m

[1;41m[1;33m[c1] ----------------------------------------------------------[1;m

[1;41m[1;33m[c1] DEBUG:pyretic.core.runtime.DEBUG_TOPO_DISCOVERY: handle_port_joins 3:3:True:True[1;m

[1;41m[1;33m[c1] DEBUG:pyretic.core.runtime.DEBUG_TOPO_DISCOVERY: ----------------------------------------------------------[1;m

[1;41m[1;33m[c1] switch  |  switch edges    |   egress ports              |[1;m

[1;41m[1;33m[c1] ----------------------------------------------------------[1;m

[1;41m[1;33m[c1] 1       |                  |  1[2]---, 1[3]---, 1[1]---  |[1;m

[1;41m[1;33m[c1] 3       |                  |  3[2]---, 3[1]---, 3[3]---  |[1;m

[1;41m[1;33m[c1] ----------------------------------------------------------[1;m

[1;41m[1;33m[c1] DEBUG:pyretic.core.runtime.DEBUG_TOPO_DISCOVERY: handle_switch_joins[1;m

[1;41m[1;33m[c1] INFO:pyretic.core.runtime.ConcreteNetwork: OpenFlow switch 2 connected[1;m

[1;36m[1;44m00:00.786 00:00.521 Successfully matched event ControlMessageReceive:i37 c c1 -> s 2 [ofp_packet_out: actions=(u'output(1)',), data={u'class': u'lldp'}, in_port=65535][1;m
[1;36mForwarding dataplane event[1;m
[1;36m[1;44m00:00.788 00:00.522 Successfully matched event ControlMessageReceive:i38 c c1 -> s 3 [ofp_flow_mod: hard_timeout=0, out_port=65535, priority=32768, idle_timeout=0, command=add, actions=(u'output(65533)',), flags=0, match=x^L,in_port:None][1;m
[1;36m[1;44m00:00.789 00:00.523 Successfully matched event ControlMessageReceive:i39 c c1 -> s 2 [ofp_flow_mod: hard_timeout=0, out_port=65535, priority=32768, idle_timeout=0, command=add, actions=(u'output(65533)',), flags=0, match=x^L,in_port:None][1;m
[1;36m[1;44m00:00.790 00:00.523 Successfully matched event ControlMessageSend:i40 c 3 -> s c1 [ofp_packet_in: data={u'class': u'lldp'}, in_port=2][1;m
[1;36m[1;44m00:00.791 00:00.524 Successfully matched event ControlMessageSend:i41 c 2 -> s c1 [ofp_packet_in: data={u'class': u'lldp'}, in_port=2][1;m
[1;36m[1;44m00:00.794 00:00.630 Successfully matched event DataplanePermit:i43[1;m
[1;36m[1;36mRound 6[1;37m[1;m
 [1;41m[1;33m[c1] DEBUG:pyretic.core.runtime.DEBUG_TOPO_DISCOVERY: ----------------------------------------------------------[1;m

[1;41m[1;33m[c1] switch  |  switch edges    |   egress ports              |[1;m

[1;41m[1;33m[c1] ----------------------------------------------------------[1;m

[1;41m[1;33m[c1] 1       |                  |  1[2]---, 1[3]---, 1[1]---  |[1;m

[1;41m[1;33m[c1] 2       |                  |                             |[1;m

[1;41m[1;33m[c1] 3       |                  |  3[2]---, 3[1]---, 3[3]---  |[1;m

[1;41m[1;33m[c1] ----------------------------------------------------------[1;m

[1;41m[1;33m[c1] DEBUG:pyretic.core.runtime.DEBUG_TOPO_DISCOVERY: handle_port_joins 2:1:True:True[1;m

[1;41m[1;33m[c1] DEBUG:pyretic.core.runtime.DEBUG_TOPO_DISCOVERY: ----------------------------------------------------------[1;m

[1;41m[1;33m[c1] switch  |  switch edges    |   egress ports              |[1;m

[1;41m[1;33m[c1] ----------------------------------------------------------[1;m

[1;41m[1;33m[c1] 1       |                  |  1[2]---, 1[3]---, 1[1]---  |[1;m

[1;41m[1;33m[c1] 2       |                  |  2[1]---                    |[1;m

[1;41m[1;33m[c1] 3       |                  |  3[2]---, 3[1]---, 3[3]---  |[1;m

[1;41m[1;33m[c1] ----------------------------------------------------------[1;m

[1;41m[1;33m[c1] DEBUG:pyretic.core.runtime.DEBUG_TOPO_DISCOVERY: handle_port_joins 2:2:True:True[1;m

[1;41m[1;33m[c1] DEBUG:pyretic.core.runtime.DEBUG_TOPO_DISCOVERY: ----------------------------------------------------------[1;m

[1;41m[1;33m[c1] switch  |  switch edges    |   egress ports              |[1;m

[1;41m[1;33m[c1] ----------------------------------------------------------[1;m

[1;41m[1;33m[c1] 1       |                  |  1[2]---, 1[3]---, 1[1]---  |[1;m

[1;41m[1;33m[c1] 2       |                  |  2[1]---, 2[2]---           |[1;m

[1;41m[1;33m[c1] 3       |                  |  3[2]---, 3[1]---, 3[3]---  |[1;m

[1;41m[1;33m[c1] ----------------------------------------------------------[1;m

[1;41m[1;33m[c1] DEBUG:pyretic.core.runtime.DEBUG_TOPO_DISCOVERY: handle_port_joins 2:3:True:True[1;m

[1;41m[1;33m[c1] DEBUG:pyretic.core.runtime.DEBUG_TOPO_DISCOVERY: ----------------------------------------------------------[1;m

[1;41m[1;33m[c1] switch  |  switch edges    |   egress ports              |[1;m

[1;41m[1;33m[c1] ----------------------------------------------------------[1;m

[1;41m[1;33m[c1] 1       |                  |  1[2]---, 1[3]---, 1[1]---  |[1;m

[1;41m[1;33m[c1] 2       |                  |  2[3]---, 2[1]---, 2[2]---  |[1;m

[1;41m[1;33m[c1] 3       |                  |  3[2]---, 3[1]---, 3[3]---  |[1;m

[1;41m[1;33m[c1] ----------------------------------------------------------[1;m

[1;41m[1;33m[c1] DEBUG:pyretic.core.runtime.DEBUG_TOPO_DISCOVERY: handle_switch_joins[1;m

[1;41m[1;33m[c1] INFO:pyretic.core.runtime.ConcreteNetwork: OpenFlow switch 4 connected[1;m

[1;41m[1;33m[c1] DEBUG:pyretic.core.runtime.DEBUG_TOPO_DISCOVERY: ----------------------------------------------------------[1;m

[1;41m[1;33m[c1] switch  |  switch edges    |   egress ports              |[1;m

[1;41m[1;33m[c1] ----------------------------------------------------------[1;m

[1;41m[1;33m[c1] 1       |                  |  1[2]---, 1[3]---, 1[1]---  |[1;m

[1;41m[1;33m[c1] 2       |                  |  2[3]---, 2[1]---, 2[2]---  |[1;m

[1;41m[1;33m[c1] 3       |                  |  3[2]---, 3[1]---, 3[3]---  |[1;m

[1;41m[1;33m[c1] 4       |                  |                             |[1;m

[1;41m[1;33m[c1] ----------------------------------------------------------[1;m

[1;41m[1;33m[c1] DEBUG:pyretic.core.runtime.DEBUG_TOPO_DISCOVERY: handle_link_updates[1;m

[1;41m[1;33m[c1] DEBUG:pyretic.core.runtime.DEBUG_TOPO_DISCOVERY: ----------------------------------------------------------[1;m

[1;41m[1;33m[c1] switch  |  switch edges    |   egress ports              |[1;m

[1;41m[1;33m[c1] ----------------------------------------------------------[1;m

[1;41m[1;33m[c1] 1       |  1[1] --- 3[2]   |  1[2]---, 1[3]---           |[1;m

[1;41m[1;33m[c1] 2       |                  |  2[3]---, 2[1]---, 2[2]---  |[1;m

[1;41m[1;33m[c1] 3       |  1[1] --- 3[2]   |  3[1]---, 3[3]---           |[1;m

[1;41m[1;33m[c1] 4       |                  |                             |[1;m

[1;41m[1;33m[c1] ----------------------------------------------------------[1;m

[1;41m[1;33m[c1] DEBUG:pyretic.core.runtime.DEBUG_TOPO_DISCOVERY: handle_link_updates[1;m

[1;41m[1;33m[c1] DEBUG:pyretic.core.runtime.DEBUG_TOPO_DISCOVERY: ---------------------------------------------------------------[1;m

[1;41m[1;33m[c1] switch  |     switch edges               |  egress ports      |[1;m

[1;41m[1;33m[c1] ---------------------------------------------------------------[1;m

[1;41m[1;33m[c1] 1       |  1[2] --- 2[2], 1[1] --- 3[2]  |  1[3]---           |[1;m

[1;41m[1;33m[c1] 2       |  1[2] --- 2[2]                 |  2[3]---, 2[1]---  |[1;m

[1;41m[1;33m[c1] 3       |  1[1] --- 3[2]                 |  3[1]---, 3[3]---  |[1;m

[1;41m[1;33m[c1] 4       |                                |                    |[1;m

[1;41m[1;33m[c1] ---------------------------------------------------------------[1;m

[1;41m[1;33m[c1] DEBUG:pyretic.core.runtime.Runtime: |2014-01-26 14:50:37.561122|[1;m

[1;41m[1;33m[c1] 	generate classifier[1;m

[1;41m[1;33m[c1] 	policy=flood on:[1;m

[1;41m[1;33m[c1] ---------------------------------------------------------------[1;m

[1;41m[1;33m[c1] switch  |     switch edges               |  egress ports      |[1;m

[1;41m[1;33m[c1] ---------------------------------------------------------------[1;m

[1;41m[1;33m[c1] 1       |  1[2] --- 2[2], 1[1] --- 3[2]  |  1[3]---           |[1;m

[1;41m[1;33m[c1] 2       |  1[2] --- 2[2]                 |  2[3]---, 2[1]---  |[1;m

[1;41m[1;33m[c1] 3       |  1[1] --- 3[2]                 |  3[1]---, 3[3]---  |[1;m

[1;41m[1;33m[c1] 4       |                                |                    |[1;m

[1;41m[1;33m[c1] ---------------------------------------------------------------[1;m

[1;41m[1;33m[c1] 	classifier=match: ('switch', 1) ('inport', 1)[1;m

[1;41m[1;33m[c1]   -> [modify: ('outport', 2), modify: ('outport', 3)][1;m

[1;41m[1;33m[c1]  match: ('switch', 1) ('inport', 2)[1;m

[1;41m[1;33m[c1]   -> [modify: ('outport', 1), modify: ('outport', 3)][1;m

[1;41m[1;33m[c1]  match: ('switch', 1) ('inport', 3)[1;m

[1;41m[1;33m[c1]   -> [modify: ('outport', 1), modify: ('outport', 2)][1;m

[1;41m[1;33m[c1]  match: ('switch', 1)[1;m

[1;41m[1;33m[c1]   -> [modify: ('outport', 1), modify: ('outport', 2), modify: ('outport', 3)][1;m

[1;41m[1;33m[c1]  match: ('switch', 2) ('inport', 1)[1;m

[1;41m[1;33m[c1]   -> [modify: ('outport', 2), modify: ('outport', 3)][1;m

[1;41m[1;33m[c1]  match: ('switch', 2) ('inport', 2)[1;m

[1;41m[1;33m[c1]   -> [modify: ('outport', 1), modify: ('outport', 3)][1;m

[1;41m[1;33m[c1]  match: ('switch', 2) ('inport', 3)[1;m

[1;41m[1;33m[c1]   -> [modify: ('outport', 1), modify: ('outport', 2)][1;m

[1;41m[1;33m[c1]  match: ('switch', 2)[1;m

[1;41m[1;33m[c1]   -> [modify: ('outport', 1), modify: ('outport', 2), modify: ('outport', 3)][1;m

[1;41m[1;33m[c1]  match: ('switch', 3) ('inport', 1)[1;m

[1;41m[1;33m[c1]   -> [modify: ('outport', 2), modify: ('outport', 3)][1;m

[1;41m[1;33m[c1]  match: ('switch', 3) ('inport', 2)[1;m

[1;41m[1;33m[c1]   -> [modify: ('outport', 1), modify: ('outport', 3)][1;m

[1;41m[1;33m[c1]  match: ('switch', 3) ('inport', 3)[1;m

[1;41m[1;33m[c1]   -> [modify: ('outport', 1), modify: ('outport', 2)][1;m

[1;41m[1;33m[c1]  match: ('switch', 3)[1;m

[1;41m[1;33m[c1]   -> [modify: ('outport', 1), modify: ('outport', 2), modify: ('outport', 3)][1;m

[1;41m[1;33m[c1]  match: ('switch', 4)[1;m

[1;41m[1;33m[c1]   -> [drop][1;m

[1;41m[1;33m[c1]  identity[1;m

[1;41m[1;33m[c1]   -> [drop][1;m

[1;41m[1;33m[c1] [1;m

[1;41m[1;33m[c1] DEBUG:pyretic.core.runtime.Runtime: |2014-01-26 14:50:37.571029|[1;m

[1;41m[1;33m[c1] 	sending openflow rule:[1;m

[1;41m[1;33m[c1] 	0 {'switch': 1} [{'outport': 65533}][1;m

[1;41m[1;33m[c1] [1;m

[1;41m[1;33m[c1] DEBUG:pyretic.core.runtime.Runtime: |2014-01-26 14:50:37.573137|[1;m

[1;41m[1;33m[c1] 	sending openflow rule:[1;m

[1;41m[1;33m[c1] 	0 {'switch': 2} [{'outport': 65533}][1;m

[1;41m[1;33m[c1] [1;m

[1;41m[1;33m[c1] DEBUG:pyretic.core.runtime.Runtime: |2014-01-26 14:50:37.573529|[1;m

[1;41m[1;33m[c1] 	sending openflow rule:[1;m

[1;41m[1;33m[c1] 	0 {'switch': 3} [{'outport': 65533}][1;m

[1;41m[1;33m[c1] [1;m

[1;41m[1;33m[c1] DEBUG:pyretic.core.runtime.Runtime: |2014-01-26 14:50:37.573714|[1;m

[1;41m[1;33m[c1] 	sending openflow rule:[1;m

[1;41m[1;33m[c1] 	0 {'switch': 4} [{'outport': 65533}][1;m

[1;41m[1;33m[c1] [1;m

[1;41m[1;33m[c1] DEBUG:pyretic.core.runtime.Runtime: |2014-01-26 14:50:37.573794|[1;m

[1;41m[1;33m[c1] 	sending openflow rule:[1;m

[1;41m[1;33m[c1] 	60000 {'switch': 1, 'vlan_pcp': 0, 'vlan_id': 65535, 'ethtype': 35020} [{'outport': 65533}][1;m

[1;41m[1;33m[c1] [1;m

[1;41m[1;33m[c1] DEBUG:pyretic.core.runtime.Runtime: |2014-01-26 14:50:37.573931|[1;m

[1;41m[1;33m[c1] 	sending openflow rule:[1;m

[1;41m[1;33m[c1] 	60000 {'switch': 2, 'vlan_pcp': 0, 'vlan_id': 65535, 'ethtype': 35020} [{'outport': 65533}][1;m

[1;41m[1;33m[c1] [1;m

[1;41m[1;33m[c1] DEBUG:pyretic.core.runtime.Runtime: |2014-01-26 14:50:37.574060|[1;m

[1;41m[1;33m[c1] 	sending openflow rule:[1;m

[1;41m[1;33m[c1] 	60000 {'switch': 3, 'vlan_pcp': 0, 'vlan_id': 65535, 'ethtype': 35020} [{'outport': 65533}][1;m

[1;41m[1;33m[c1] [1;m

[1;41m[1;33m[c1] DEBUG:pyretic.core.runtime.Runtime: |2014-01-26 14:50:37.574136|[1;m

[1;41m[1;33m[c1] 	sending openflow rule:[1;m

[1;41m[1;33m[c1] 	60000 {'switch': 4, 'vlan_pcp': 0, 'vlan_id': 65535, 'ethtype': 35020} [{'outport': 65533}][1;m

[1;41m[1;33m[c1] [1;m

[1;41m[1;33m[c1] DEBUG:pyretic.core.runtime.Runtime: |2014-01-26 14:50:37.574224|[1;m

[1;41m[1;33m[c1] 	sending openflow rule:[1;m

[1;41m[1;33m[c1] 	59999 {'switch': 1, 'vlan_pcp': 0, 'vlan_id': 65535, 'inport': 1} [{'outport': 2}, {'outport': 3}][1;m

[1;41m[1;33m[c1] [1;m

[1;41m[1;33m[c1] DEBUG:pyretic.core.runtime.Runtime: |2014-01-26 14:50:37.574319|[1;m

[1;41m[1;33m[c1] 	sending openflow rule:[1;m

[1;41m[1;33m[c1] 	59998 {'switch': 1, 'vlan_pcp': 0, 'vlan_id': 65535, 'inport': 2} [{'outport': 1}, {'outport': 3}][1;m

[1;41m[1;33m[c1] [1;m

[1;41m[1;33m[c1] DEBUG:pyretic.core.runtime.Runtime: |2014-01-26 14:50:37.574397|[1;m

[1;41m[1;33m[c1] 	sending openflow rule:[1;m

[1;41m[1;33m[c1] 	59997 {'switch': 1, 'vlan_pcp': 0, 'vlan_id': 65535, 'inport': 3} [{'outport': 1}, {'outport': 2}][1;m

[1;41m[1;33m[c1] [1;m

[1;41m[1;33m[c1] DEBUG:pyretic.core.runtime.Runtime: |2014-01-26 14:50:37.574494|[1;m

[1;41m[1;33m[c1] 	sending openflow rule:[1;m

[1;41m[1;33m[c1] 	59996 {'switch': 1, 'vlan_pcp': 0, 'inport': 1, 'vlan_id': 65535} [{'outport': 65528}, {'outport': 2}, {'outport': 3}][1;m

[1;41m[1;33m[c1] [1;m

[1;41m[1;33m[c1] DEBUG:pyretic.core.runtime.Runtime: |2014-01-26 14:50:37.574601|[1;m

[1;41m[1;33m[c1] 	sending openflow rule:[1;m

[1;41m[1;33m[c1] 	59995 {'switch': 1, 'vlan_pcp': 0, 'inport': 2, 'vlan_id': 65535} [{'outport': 1}, {'outport': 65528}, {'outport': 3}][1;m

[1;41m[1;33m[c1] [1;m

[1;41m[1;33m[c1] DEBUG:pyretic.core.runtime.Runtime: |2014-01-26 14:50:37.574719|[1;m

[1;41m[1;33m[c1] 	sending openflow rule:[1;m

[1;41m[1;33m[c1] 	59994 {'switch': 1, 'vlan_pcp': 0, 'inport': 3, 'vlan_id': 65535} [{'outport': 1}, {'outport': 2}, {'outport': 65528}][1;m

[1;41m[1;33m[c1] [1;m

[1;41m[1;33m[c1] DEBUG:pyretic.core.runtime.Runtime: |2014-01-26 14:50:37.577418|[1;m

[1;41m[1;33m[c1] 	sending openflow rule:[1;m

[1;41m[1;33m[c1] 	59993 {'switch': 1, 'vlan_pcp': 0, 'vlan_id': 65535} [{'outport': 1}, {'outport': 2}, {'outport': 3}][1;m

[1;41m[1;33m[c1] [1;m

[1;41m[1;33m[c1] DEBUG:pyretic.core.runtime.Runtime: |2014-01-26 14:50:37.577791|[1;m

[1;41m[1;33m[c1] 	sending openflow rule:[1;m

[1;41m[1;33m[c1] 	59999 {'switch': 2, 'vlan_pcp': 0, 'vlan_id': 65535, 'inport': 1} [{'outport': 2}, {'outport': 3}][1;m

[1;41m[1;33m[c1] [1;m

[1;41m[1;33m[c1] DEBUG:pyretic.core.runtime.Runtime: |2014-01-26 14:50:37.577963|[1;m

[1;41m[1;33m[c1] 	sending openflow rule:[1;m

[1;41m[1;33m[c1] 	59998 {'switch': 2, 'vlan_pcp': 0, 'vlan_id': 65535, 'inport': 2} [{'outport': 1}, {'outport': 3}][1;m

[1;41m[1;33m[c1] [1;m

[1;41m[1;33m[c1] DEBUG:pyretic.core.runtime.Runtime: |2014-01-26 14:50:37.578085|[1;m

[1;41m[1;33m[c1] 	sending openflow rule:[1;m

[1;41m[1;33m[c1] 	59997 {'switch': 2, 'vlan_pcp': 0, 'vlan_id': 65535, 'inport': 3} [{'outport': 1}, {'outport': 2}][1;m

[1;41m[1;33m[c1] [1;m

[1;41m[1;33m[c1] DEBUG:pyretic.core.runtime.Runtime: |2014-01-26 14:50:37.578290|[1;m

[1;41m[1;33m[c1] 	sending openflow rule:[1;m

[1;41m[1;33m[c1] 	59996 {'switch': 2, 'vlan_pcp': 0, 'inport': 1, 'vlan_id': 65535} [{'outport': 65528}, {'outport': 2}, {'outport': 3}][1;m

[1;41m[1;33m[c1] [1;m

[1;41m[1;33m[c1] DEBUG:pyretic.core.runtime.Runtime: |2014-01-26 14:50:37.578532|[1;m

[1;41m[1;33m[c1] 	sending openflow rule:[1;m

[1;41m[1;33m[c1] 	59995 {'switch': 2, 'vlan_pcp': 0, 'inport': 2, 'vlan_id': 65535} [{'outport': 1}, {'outport': 65528}, {'outport': 3}][1;m

[1;41m[1;33m[c1] [1;m

[1;41m[1;33m[c1] DEBUG:pyretic.core.runtime.Runtime: |2014-01-26 14:50:37.578891|[1;m

[1;41m[1;33m[c1] 	sending openflow rule:[1;m

[1;41m[1;33m[c1] 	59994 {'switch': 2, 'vlan_pcp': 0, 'inport': 3, 'vlan_id': 65535} [{'outport': 1}, {'outport': 2}, {'outport': 65528}][1;m

[1;41m[1;33m[c1] [1;m

[1;41m[1;33m[c1] DEBUG:pyretic.core.runtime.Runtime: |2014-01-26 14:50:37.579099|[1;m

[1;41m[1;33m[c1] 	sending openflow rule:[1;m

[1;41m[1;33m[c1] 	59993 {'switch': 2, 'vlan_pcp': 0, 'vlan_id': 65535} [{'outport': 1}, {'outport': 2}, {'outport': 3}][1;m

[1;41m[1;33m[c1] [1;m

[1;41m[1;33m[c1] DEBUG:pyretic.core.runtime.Runtime: |2014-01-26 14:50:37.579244|[1;m

[1;41m[1;33m[c1] 	sending openflow rule:[1;m

[1;41m[1;33m[c1] 	59999 {'switch': 3, 'vlan_pcp': 0, 'vlan_id': 65535, 'inport': 1} [{'outport': 2}, {'outport': 3}][1;m

[1;41m[1;33m[c1] [1;m

[1;41m[1;33m[c1] DEBUG:pyretic.core.runtime.Runtime: |2014-01-26 14:50:37.580344|[1;m

[1;41m[1;33m[c1] 	sending openflow rule:[1;m

[1;41m[1;33m[c1] 	59998 {'switch': 3, 'vlan_pcp': 0, 'vlan_id': 65535, 'inport': 2} [{'outport': 1}, {'outport': 3}][1;m

[1;41m[1;33m[c1] [1;m

[1;41m[1;33m[c1] DEBUG:pyretic.core.runtime.Runtime: |2014-01-26 14:50:37.580647|[1;m

[1;41m[1;33m[c1] 	sending openflow rule:[1;m

[1;41m[1;33m[c1] 	59997 {'switch': 3, 'vlan_pcp': 0, 'vlan_id': 65535, 'inport': 3} [{'outport': 1}, {'outport': 2}][1;m

[1;41m[1;33m[c1] [1;m

[1;41m[1;33m[c1] DEBUG:pyretic.core.runtime.Runtime: |2014-01-26 14:50:37.581048|[1;m

[1;41m[1;33m[c1] 	sending openflow rule:[1;m

[1;41m[1;33m[c1] 	59996 {'switch': 3, 'vlan_pcp': 0, 'inport': 1, 'vlan_id': 65535} [{'outport': 65528}, {'outport': 2}, {'outport': 3}][1;m

[1;41m[1;33m[c1] [1;m

[1;41m[1;33m[c1] DEBUG:pyretic.core.runtime.Runtime: |2014-01-26 14:50:37.581758|[1;m

[1;41m[1;33m[c1] 	sending openflow rule:[1;m

[1;41m[1;33m[c1] 	59995 {'switch': 3, 'vlan_pcp': 0, 'inport': 2, 'vlan_id': 65535} [{'outport': 1}, {'outport': 65528}, {'outport': 3}][1;m

[1;41m[1;33m[c1] [1;m

[1;41m[1;33m[c1] DEBUG:pyretic.core.runtime.Runtime: |2014-01-26 14:50:37.581888|[1;m

[1;41m[1;33m[c1] 	sending openflow rule:[1;m

[1;41m[1;33m[c1] 	59994 {'switch': 3, 'vlan_pcp': 0, 'inport': 3, 'vlan_id': 65535} [{'outport': 1}, {'outport': 2}, {'outport': 65528}][1;m

[1;41m[1;33m[c1] [1;m

[1;41m[1;33m[c1] DEBUG:pyretic.core.runtime.Runtime: |2014-01-26 14:50:37.581992|[1;m

[1;41m[1;33m[c1] 	sending openflow rule:[1;m

[1;41m[1;33m[c1] 	59993 {'switch': 3, 'vlan_pcp': 0, 'vlan_id': 65535} [{'outport': 1}, {'outport': 2}, {'outport': 3}][1;m

[1;41m[1;33m[c1] [1;m

[1;41m[1;33m[c1] DEBUG:pyretic.core.runtime.Runtime: |2014-01-26 14:50:37.582114|[1;m

[1;41m[1;33m[c1] 	sending openflow rule:[1;m

[1;41m[1;33m[c1] 	59999 {'switch': 4, 'vlan_pcp': 0, 'vlan_id': 65535} [][1;m

[1;41m[1;33m[c1] [1;m

[1;41m[1;33m[c1] DEBUG:pyretic.core.runtime.Runtime: |2014-01-26 14:50:37.582202|[1;m

[1;41m[1;33m[c1] 	sending openflow rule:[1;m

[1;41m[1;33m[c1] 	59992 {'switch': 1, 'vlan_pcp': 0, 'vlan_id': 65535} [][1;m

[1;41m[1;33m[c1] [1;m

[1;41m[1;33m[c1] DEBUG:pyretic.core.runtime.Runtime: |2014-01-26 14:50:37.582303|[1;m

[1;41m[1;33m[c1] 	sending openflow rule:[1;m

[1;41m[1;33m[c1] 	59992 {'switch': 2, 'vlan_pcp': 0, 'vlan_id': 65535} [][1;m

[1;41m[1;33m[c1] [1;m

[1;41m[1;33m[c1] DEBUG:pyretic.core.runtime.Runtime: |2014-01-26 14:50:37.582422|[1;m

[1;41m[1;33m[c1] 	sending openflow rule:[1;m

[1;41m[1;33m[c1] 	59992 {'switch': 3, 'vlan_pcp': 0, 'vlan_id': 65535} [][1;m

[1;41m[1;33m[c1] [1;m

[1;41m[1;33m[c1] DEBUG:pyretic.core.runtime.Runtime: |2014-01-26 14:50:37.582539|[1;m

[1;41m[1;33m[c1] 	sending openflow rule:[1;m

[1;41m[1;33m[c1] 	59998 {'switch': 4, 'vlan_pcp': 0, 'vlan_id': 65535} [][1;m

[1;41m[1;33m[c1] [1;m

[1;35m[1;41m00:01.448 00:00.631 Event timed out ControlMessageReceive:i44 c c1 -> s 3 [ofp_packet_out: actions=(u'output(3)',), data={u'class': u'lldp'}, in_port=65535][1;m
[1;36m[1;44m00:01.449 00:00.631 Successfully matched event ControlMessageReceive:i45 c c1 -> s 2 [ofp_packet_out: actions=(u'output(3)',), data={u'class': u'lldp'}, in_port=65535][1;m
[1;36mForwarding dataplane event[1;m
[1;36m[1;44m00:01.451 00:00.632 Successfully matched event ControlMessageReceive:i46 c c1 -> s 2 [ofp_packet_out: actions=(u'output(2)',), data={u'class': u'lldp'}, in_port=65535][1;m
[1;36mForwarding dataplane event[1;m
[1;35m[1;41m00:02.056 00:00.633 Event timed out ControlMessageReceive:i47 c c1 -> s 3 [ofp_packet_out: actions=(u'output(2)',), data={u'class': u'lldp'}, in_port=65535][1;m
[1;35m[1;41m00:02.661 00:00.633 Event timed out ControlMessageReceive:i48 c c1 -> s 3 [ofp_packet_out: actions=(u'output(1)',), data={u'class': u'lldp'}, in_port=65535][1;m
[1;36m[1;44m00:02.662 00:00.634 Successfully matched event ControlMessageSend:i49 c 3 -> s c1 [ofp_packet_in: data={u'class': u'lldp'}, in_port=1][1;m
[1;36m[1;44m00:02.662 00:00.738 Successfully matched event DataplanePermit:i51[1;m
[1;36m[1;36mRound 7[1;37m[1;m
[1;36m[1;44m00:02.662 00:00.739 Successfully matched event DataplanePermit:i52[1;m
[1;36m[1;44m00:02.663 00:00.740 Successfully matched event DataplanePermit:i53[1;m
[1;36m[1;44m00:02.663 00:00.741 Successfully matched event DataplanePermit:i54[1;m
[1;36m[1;44m00:02.663 00:00.742 Successfully matched event DataplanePermit:i55[1;m
[1;41m[1;33m[c1] DEBUG:pyretic.core.runtime.DEBUG_TOPO_DISCOVERY: handle_link_updates[1;m

[1;41m[1;33m[c1] DEBUG:pyretic.core.runtime.DEBUG_TOPO_DISCOVERY: -----------------------------------------------------------[1;m

[1;41m[1;33m[c1] switch  |     switch edges               |  egress ports  |[1;m

[1;41m[1;33m[c1] -----------------------------------------------------------[1;m

[1;41m[1;33m[c1] 1       |  1[2] --- 2[2], 1[1] --- 3[2]  |  1[3]---       |[1;m

[1;41m[1;33m[c1] 2       |  1[2] --- 2[2], 2[1] --- 3[1]  |  2[3]---       |[1;m

[1;41m[1;33m[c1] 3       |  1[1] --- 3[2], 2[1] --- 3[1]  |  3[3]---       |[1;m

[1;41m[1;33m[c1] 4       |                                |                |[1;m

[1;41m[1;33m[c1] -----------------------------------------------------------[1;m

[1;41m[1;33m[c1] DEBUG:pyretic.core.runtime.Runtime: |2014-01-26 14:50:39.359517|[1;m

[1;41m[1;33m[c1] 	generate classifier[1;m

[1;41m[1;33m[c1] 	policy=flood on:[1;m

[1;41m[1;33m[c1] -----------------------------------------------------------[1;m

[1;41m[1;33m[c1] switch  |     switch edges               |  egress ports  |[1;m

[1;41m[1;33m[c1] -----------------------------------------------------------[1;m

[1;41m[1;33m[c1] 1       |  1[2] --- 2[2], 1[1] --- 3[2]  |  1[3]---       |[1;m

[1;41m[1;33m[c1] 2       |  1[2] --- 2[2]                 |  2[3]---       |[1;m

[1;41m[1;33m[c1] 3       |  1[1] --- 3[2]                 |  3[3]---       |[1;m

[1;41m[1;33m[c1] 4       |                                |                |[1;m

[1;41m[1;33m[c1] -----------------------------------------------------------[1;m

[1;41m[1;33m[c1] 	classifier=match: ('switch', 1) ('inport', 1)[1;m

[1;41m[1;33m[c1]   -> [modify: ('outport', 2), modify: ('outport', 3)][1;m

[1;41m[1;33m[c1]  match: ('switch', 1) ('inport', 2)[1;m

[1;41m[1;33m[c1]   -> [modify: ('outport', 1), modify: ('outport', 3)][1;m

[1;41m[1;33m[c1]  match: ('switch', 1) ('inport', 3)[1;m

[1;41m[1;33m[c1]   -> [modify: ('outport', 1), modify: ('outport', 2)][1;m

[1;41m[1;33m[c1]  match: ('switch', 1)[1;m

[1;41m[1;33m[c1]   -> [modify: ('outport', 1), modify: ('outport', 2), modify: ('outport', 3)][1;m

[1;41m[1;33m[c1]  match: ('switch', 2) ('inport', 2)[1;m

[1;41m[1;33m[c1]   -> [modify: ('outport', 3)][1;m

[1;41m[1;33m[c1]  match: ('switch', 2) ('inport', 3)[1;m

[1;41m[1;33m[c1]   -> [modify: ('outport', 2)][1;m

[1;41m[1;33m[c1]  match: ('switch', 2)[1;m

[1;41m[1;33m[c1]   -> [modify: ('outport', 2), modify: ('outport', 3)][1;m

[1;41m[1;33m[c1]  match: ('switch', 3) ('inport', 2)[1;m

[1;41m[1;33m[c1]   -> [modify: ('outport', 3)][1;m

[1;41m[1;33m[c1]  match: ('switch', 3) ('inport', 3)[1;m

[1;41m[1;33m[c1]   -> [modify: ('outport', 2)][1;m

[1;41m[1;33m[c1]  match: ('switch', 3)[1;m

[1;41m[1;33m[c1]   -> [modify: ('outport', 2), modify: ('outport', 3)][1;m

[1;41m[1;33m[c1]  match: ('switch', 4)[1;m

[1;41m[1;33m[c1]   -> [drop][1;m

[1;41m[1;33m[c1]  identity[1;m

[1;41m[1;33m[c1]   -> [drop][1;m

[1;41m[1;33m[c1] [1;m

[1;41m[1;33m[c1] DEBUG:pyretic.core.runtime.Runtime: |2014-01-26 14:50:39.372682|[1;m

[1;41m[1;33m[c1] 	sending openflow rule:[1;m

[1;41m[1;33m[c1] 	0 {'switch': 1} [{'outport': 65533}][1;m

[1;41m[1;33m[c1] [1;m

[1;41m[1;33m[c1] DEBUG:pyretic.core.runtime.Runtime: |2014-01-26 14:50:39.374607|[1;m

[1;41m[1;33m[c1] 	sending openflow rule:[1;m

[1;41m[1;33m[c1] 	0 {'switch': 2} [{'outport': 65533}][1;m

[1;41m[1;33m[c1] [1;m

[1;41m[1;33m[c1] DEBUG:pyretic.core.runtime.Runtime: |2014-01-26 14:50:39.375178|[1;m

[1;41m[1;33m[c1] 	sending openflow rule:[1;m

[1;41m[1;33m[c1] 	0 {'switch': 3} [{'outport': 65533}][1;m

[1;41m[1;33m[c1] [1;m

[1;41m[1;33m[c1] DEBUG:pyretic.core.runtime.Runtime: |2014-01-26 14:50:39.375446|[1;m

[1;41m[1;33m[c1] 	sending openflow rule:[1;m

[1;41m[1;33m[c1] 	0 {'switch': 4} [{'outport': 65533}][1;m

[1;41m[1;33m[c1] [1;m

[1;41m[1;33m[c1] DEBUG:pyretic.core.runtime.Runtime: |2014-01-26 14:50:39.375606|[1;m

[1;41m[1;33m[c1] 	sending openflow rule:[1;m

[1;41m[1;33m[c1] 	60000 {'switch': 1, 'vlan_pcp': 0, 'vlan_id': 65535, 'ethtype': 35020} [{'outport': 65533}][1;m

[1;41m[1;33m[c1] [1;m

[1;41m[1;33m[c1] DEBUG:pyretic.core.runtime.Runtime: |2014-01-26 14:50:39.375744|[1;m

[1;41m[1;33m[c1] 	sending openflow rule:[1;m

[1;41m[1;33m[c1] 	60000 {'switch': 2, 'vlan_pcp': 0, 'vlan_id': 65535, 'ethtype': 35020} [{'outport': 65533}][1;m

[1;41m[1;33m[c1] [1;m

[1;41m[1;33m[c1] DEBUG:pyretic.core.runtime.Runtime: |2014-01-26 14:50:39.375872|[1;m

[1;41m[1;33m[c1] 	sending openflow rule:[1;m

[1;41m[1;33m[c1] 	60000 {'switch': 3, 'vlan_pcp': 0, 'vlan_id': 65535, 'ethtype': 35020} [{'outport': 65533}][1;m

[1;41m[1;33m[c1] [1;m

[1;41m[1;33m[c1] DEBUG:pyretic.core.runtime.Runtime: |2014-01-26 14:50:39.376027|[1;m

[1;41m[1;33m[c1] 	sending openflow rule:[1;m

[1;41m[1;33m[c1] 	60000 {'switch': 4, 'vlan_pcp': 0, 'vlan_id': 65535, 'ethtype': 35020} [{'outport': 65533}][1;m

[1;41m[1;33m[c1] [1;m

[1;41m[1;33m[c1] DEBUG:pyretic.core.runtime.Runtime: |2014-01-26 14:50:39.376154|[1;m

[1;41m[1;33m[c1] 	sending openflow rule:[1;m

[1;41m[1;33m[c1] 	59999 {'switch': 1, 'vlan_pcp': 0, 'vlan_id': 65535, 'inport': 1} [{'outport': 2}, {'outport': 3}][1;m

[1;41m[1;33m[c1] [1;m

[1;41m[1;33m[c1] DEBUG:pyretic.core.runtime.Runtime: |2014-01-26 14:50:39.376308|[1;m

[1;41m[1;33m[c1] 	sending openflow rule:[1;m

[1;41m[1;33m[c1] 	59998 {'switch': 1, 'vlan_pcp': 0, 'vlan_id': 65535, 'inport': 2} [{'outport': 1}, {'outport': 3}][1;m

[1;41m[1;33m[c1] [1;m

[1;41m[1;33m[c1] DEBUG:pyretic.core.runtime.Runtime: |2014-01-26 14:50:39.376469|[1;m

[1;41m[1;33m[c1] 	sending openflow rule:[1;m

[1;41m[1;33m[c1] 	59997 {'switch': 1, 'vlan_pcp': 0, 'vlan_id': 65535, 'inport': 3} [{'outport': 1}, {'outport': 2}][1;m

[1;41m[1;33m[c1] [1;m

[1;41m[1;33m[c1] DEBUG:pyretic.core.runtime.Runtime: |2014-01-26 14:50:39.376600|[1;m

[1;41m[1;33m[c1] 	sending openflow rule:[1;m

[1;41m[1;33m[c1] 	59996 {'switch': 1, 'vlan_pcp': 0, 'inport': 1, 'vlan_id': 65535} [{'outport': 65528}, {'outport': 2}, {'outport': 3}][1;m

[1;41m[1;33m[c1] [1;m

[1;41m[1;33m[c1] DEBUG:pyretic.core.runtime.Runtime: |2014-01-26 14:50:39.376791|[1;m

[1;41m[1;33m[c1] 	sending openflow rule:[1;m

[1;41m[1;33m[c1] 	59995 {'switch': 1, 'vlan_pcp': 0, 'inport': 2, 'vlan_id': 65535} [{'outport': 1}, {'outport': 65528}, {'outport': 3}][1;m

[1;41m[1;33m[c1] [1;m

[1;41m[1;33m[c1] DEBUG:pyretic.core.runtime.Runtime: |2014-01-26 14:50:39.376936|[1;m

[1;41m[1;33m[c1] 	sending openflow rule:[1;m

[1;41m[1;33m[c1] 	59994 {'switch': 1, 'vlan_pcp': 0, 'inport': 3, 'vlan_id': 65535} [{'outport': 1}, {'outport': 2}, {'outport': 65528}][1;m

[1;41m[1;33m[c1] [1;m

[1;41m[1;33m[c1] DEBUG:pyretic.core.runtime.Runtime: |2014-01-26 14:50:39.377115|[1;m

[1;41m[1;33m[c1] 	sending openflow rule:[1;m

[1;41m[1;33m[c1] 	59993 {'switch': 1, 'vlan_pcp': 0, 'vlan_id': 65535} [{'outport': 1}, {'outport': 2}, {'outport': 3}][1;m

[1;41m[1;33m[c1] [1;m

[1;41m[1;33m[c1] DEBUG:pyretic.core.runtime.Runtime: |2014-01-26 14:50:39.377309|[1;m

[1;41m[1;33m[c1] 	sending openflow rule:[1;m

[1;41m[1;33m[c1] 	59999 {'switch': 2, 'vlan_pcp': 0, 'vlan_id': 65535, 'inport': 2} [{'outport': 3}][1;m

[1;41m[1;33m[c1] [1;m

[1;41m[1;33m[c1] DEBUG:pyretic.core.runtime.Runtime: |2014-01-26 14:50:39.377447|[1;m

[1;41m[1;33m[c1] 	sending openflow rule:[1;m

[1;41m[1;33m[c1] 	59998 {'switch': 2, 'vlan_pcp': 0, 'vlan_id': 65535, 'inport': 3} [{'outport': 2}][1;m

[1;41m[1;33m[c1] [1;m

[1;41m[1;33m[c1] DEBUG:pyretic.core.runtime.Runtime: |2014-01-26 14:50:39.377545|[1;m

[1;41m[1;33m[c1] 	sending openflow rule:[1;m

[1;41m[1;33m[c1] 	59997 {'switch': 2, 'vlan_pcp': 0, 'inport': 2, 'vlan_id': 65535} [{'outport': 65528}, {'outport': 3}][1;m

[1;41m[1;33m[c1] [1;m

[1;41m[1;33m[c1] DEBUG:pyretic.core.runtime.Runtime: |2014-01-26 14:50:39.377689|[1;m

[1;41m[1;33m[c1] 	sending openflow rule:[1;m

[1;41m[1;33m[c1] 	59996 {'switch': 2, 'vlan_pcp': 0, 'inport': 3, 'vlan_id': 65535} [{'outport': 2}, {'outport': 65528}][1;m

[1;41m[1;33m[c1] [1;m

[1;41m[1;33m[c1] DEBUG:pyretic.core.runtime.Runtime: |2014-01-26 14:50:39.377823|[1;m

[1;41m[1;33m[c1] 	sending openflow rule:[1;m

[1;41m[1;33m[c1] 	59995 {'switch': 2, 'vlan_pcp': 0, 'vlan_id': 65535} [{'outport': 2}, {'outport': 3}][1;m

[1;41m[1;33m[c1] [1;m

[1;41m[1;33m[c1] DEBUG:pyretic.core.runtime.Runtime: |2014-01-26 14:50:39.377945|[1;m

[1;41m[1;33m[c1] 	sending openflow rule:[1;m

[1;41m[1;33m[c1] 	59999 {'switch': 3, 'vlan_pcp': 0, 'vlan_id': 65535, 'inport': 2} [{'outport': 3}][1;m

[1;41m[1;33m[c1] [1;m

[1;41m[1;33m[c1] DEBUG:pyretic.core.runtime.Runtime: |2014-01-26 14:50:39.378080|[1;m

[1;41m[1;33m[c1] 	sending openflow rule:[1;m

[1;41m[1;33m[c1] 	59998 {'switch': 3, 'vlan_pcp': 0, 'vlan_id': 65535, 'inport': 3} [{'outport': 2}][1;m

[1;41m[1;33m[c1] [1;m

[1;41m[1;33m[c1] DEBUG:pyretic.core.runtime.Runtime: |2014-01-26 14:50:39.378207|[1;m

[1;41m[1;33m[c1] 	sending openflow rule:[1;m

[1;41m[1;33m[c1] 	59997 {'switch': 3, 'vlan_pcp': 0, 'inport': 2, 'vlan_id': 65535} [{'outport': 65528}, {'outport': 3}][1;m

[1;41m[1;33m[c1] [1;m

[1;41m[1;33m[c1] DEBUG:pyretic.core.runtime.Runtime: |2014-01-26 14:50:39.378330|[1;m

[1;41m[1;33m[c1] 	sending openflow rule:[1;m

[1;41m[1;33m[c1] 	59996 {'switch': 3, 'vlan_pcp': 0, 'inport': 3, 'vlan_id': 65535} [{'outport': 2}, {'outport': 65528}][1;m

[1;41m[1;33m[c1] [1;m

[1;41m[1;33m[c1] DEBUG:pyretic.core.runtime.Runtime: |2014-01-26 14:50:39.378479|[1;m

[1;41m[1;33m[c1] 	sending openflow rule:[1;m

[1;41m[1;33m[c1] 	59995 {'switch': 3, 'vlan_pcp': 0, 'vlan_id': 65535} [{'outport': 2}, {'outport': 3}][1;m

[1;41m[1;33m[c1] [1;m

[1;41m[1;33m[c1] DEBUG:pyretic.core.runtime.Runtime: |2014-01-26 14:50:39.378627|[1;m

[1;41m[1;33m[c1] 	sending openflow rule:[1;m

[1;41m[1;33m[c1] 	59999 {'switch': 4, 'vlan_pcp': 0, 'vlan_id': 65535} [][1;m

[1;41m[1;33m[c1] [1;m

[1;41m[1;33m[c1] DEBUG:pyretic.core.runtime.Runtime: |2014-01-26 14:50:39.378806|[1;m

[1;41m[1;33m[c1] 	sending openflow rule:[1;m

[1;41m[1;33m[c1] 	59992 {'switch': 1, 'vlan_pcp': 0, 'vlan_id': 65535} [][1;m

[1;41m[1;33m[c1] [1;m

[1;41m[1;33m[c1] DEBUG:pyretic.core.runtime.Runtime: |2014-01-26 14:50:39.378969|[1;m

[1;41m[1;33m[c1] 	sending openflow rule:[1;m

[1;41m[1;33m[c1] 	59994 {'switch': 2, 'vlan_pcp': 0, 'vlan_id': 65535} [][1;m

[1;41m[1;33m[c1] [1;m

[1;41m[1;33m[c1] DEBUG:pyretic.core.runtime.Runtime: |2014-01-26 14:50:39.379089|[1;m

[1;41m[1;33m[c1] 	sending openflow rule:[1;m

[1;41m[1;33m[c1] 	59994 {'switch': 3, 'vlan_pcp': 0, 'vlan_id': 65535} [][1;m

[1;41m[1;33m[c1] [1;m

[1;41m[1;33m[c1] DEBUG:pyretic.core.runtime.Runtime: |2014-01-26 14:50:39.379196|[1;m

[1;41m[1;33m[c1] 	sending openflow rule:[1;m

[1;41m[1;33m[c1] 	59998 {'switch': 4, 'vlan_pcp': 0, 'vlan_id': 65535} [][1;m

[1;41m[1;33m[c1] [1;m

[1;35m[1;41m00:03.191 00:00.742 Event timed out ControlMessageSend:i56 c 2 -> s c1 [ofp_packet_in: data={u'class': u'lldp'}, in_port=1][1;m
[1;36m[1;44m00:03.191 00:00.743 Successfully matched event ControlMessageSend:i57 c 1 -> s c1 [ofp_packet_in: data={u'class': u'lldp'}, in_port=2][1;m
[1;41m[1;33m[c1] DEBUG:pyretic.core.runtime.DEBUG_TOPO_DISCOVERY: handle_link_updates[1;m

[1;41m[1;33m[c1] DEBUG:pyretic.core.runtime.DEBUG_TOPO_DISCOVERY: nothing to do[1;m

[1;35m[1;41m00:03.797 00:00.743 Event timed out ControlMessageSend:i58 c 1 -> s c1 [ofp_packet_in: data={u'class': u'lldp'}, in_port=1][1;m
[1;36m[1;44m00:03.798 00:00.956 Successfully matched event ControlMessageReceive:i61 c c1 -> s 1 [ofp_flow_mod: hard_timeout=0, out_port=65535, priority=59996, idle_timeout=0, command=add, actions=(u'output(65528)', u'output(2)', u'output(3)'), flags=0, match=dl_vlan:65535,dl_vlan_pcp:0,in_port:1][1;m
[1;36m[1;36mRound 9[1;37m[1;m
[1;36m[1;44m00:03.799 00:00.958 Successfully matched event ControlMessageReceive:i62 c c1 -> s 1 [ofp_flow_mod: hard_timeout=0, out_port=65535, priority=0, idle_timeout=0, command=add, actions=(u'output(65533)',), flags=0, match=x^L,in_port:None][1;m
[1;36m[1;44m00:03.800 00:00.959 Successfully matched event ControlMessageReceive:i63 c c1 -> s 1 [ofp_flow_mod: hard_timeout=0, out_port=65535, priority=59994, idle_timeout=0, command=add, actions=(u'output(1)', u'output(2)', u'output(65528)'), flags=0, match=dl_vlan:65535,dl_vlan_pcp:0,in_port:3][1;m
[1;36m[1;44m00:03.801 00:00.959 Successfully matched event ControlMessageReceive:i64 c c1 -> s 2 [ofp_barrier_request: ][1;m
[1;36m[1;44m00:03.802 00:00.959 Successfully matched event ControlMessageReceive:i65 c c1 -> s 3 [ofp_barrier_request: ][1;m
[1;36m[1;44m00:03.803 00:00.960 Successfully matched event ControlMessageReceive:i66 c c1 -> s 1 [ofp_flow_mod: hard_timeout=0, out_port=65535, priority=59997, idle_timeout=0, command=add, actions=(u'output(1)', u'output(2)'), flags=0, match=dl_vlan:65535,dl_vlan_pcp:0,in_port:3][1;m
[1;36m[1;44m00:03.804 00:00.961 Successfully matched event ControlMessageReceive:i67 c c1 -> s 1 [ofp_flow_mod: hard_timeout=0, out_port=65535, priority=32768, idle_timeout=0, command=delete, actions=(), flags=0, match=x^L,in_port:None][1;m
[1;36m[1;44m00:03.804 00:00.961 Successfully matched event ControlMessageReceive:i68 c c1 -> s 1 [ofp_flow_mod: hard_timeout=0, out_port=65535, priority=60000, idle_timeout=0, command=add, actions=(u'output(65533)',), flags=0, match=dl_vlan:65535,dl_vlan_pcp:0,dl_type:35020,in_port:None][1;m
[1;36m[1;44m00:03.805 00:00.962 Successfully matched event ControlMessageReceive:i69 c c1 -> s 1 [ofp_barrier_request: ][1;m
[1;36m[1;44m00:03.806 00:00.962 Successfully matched event ControlMessageReceive:i70 c c1 -> s 1 [ofp_flow_mod: hard_timeout=0, out_port=65535, priority=59995, idle_timeout=0, command=add, actions=(u'output(1)', u'output(65528)', u'output(3)'), flags=0, match=dl_vlan:65535,dl_vlan_pcp:0,in_port:2][1;m
[1;36m[1;44m00:03.808 00:00.962 Successfully matched event ControlMessageReceive:i71 c c1 -> s 1 [ofp_flow_mod: hard_timeout=0, out_port=65535, priority=59998, idle_timeout=0, command=add, actions=(u'output(1)', u'output(3)'), flags=0, match=dl_vlan:65535,dl_vlan_pcp:0,in_port:2][1;m
[1;36m[1;44m00:03.809 00:00.963 Successfully matched event ControlMessageReceive:i72 c c1 -> s 1 [ofp_flow_mod: hard_timeout=0, out_port=65535, priority=59993, idle_timeout=0, command=add, actions=(u'output(1)', u'output(2)', u'output(3)'), flags=0, match=dl_vlan:65535,dl_vlan_pcp:0,in_port:None][1;m
[1;36m[1;44m00:03.810 00:00.964 Successfully matched event ControlMessageReceive:i73 c c1 -> s 1 [ofp_flow_mod: hard_timeout=0, out_port=65535, priority=59999, idle_timeout=0, command=add, actions=(u'output(2)', u'output(3)'), flags=0, match=dl_vlan:65535,dl_vlan_pcp:0,in_port:1][1;m
[1;36m[1;44m00:03.811 00:00.964 Successfully matched event ControlMessageSend:i74 c 3 -> s c1 [ofp_barrier_reply: ][1;m
[1;36m[1;44m00:03.812 00:00.964 Successfully matched event ControlMessageSend:i75 c 2 -> s c1 [ofp_barrier_reply: ][1;m
[1;36m[1;44m00:03.812 00:00.964 Successfully matched event ControlMessageSend:i76 c 1 -> s c1 [ofp_barrier_reply: ][1;m
[1;36m[1;44m00:03.813 00:01.077 Successfully matched event ControlMessageReceive:i78 c c1 -> s 2 [ofp_flow_mod: hard_timeout=0, out_port=65535, priority=59994, idle_timeout=0, command=add, actions=(), flags=0, match=dl_vlan:65535,dl_vlan_pcp:0,in_port:None][1;m
[1;36m[1;36mRound 10[1;37m[1;m
[1;36m[1;44m00:03.815 00:01.078 Successfully matched event ControlMessageReceive:i79 c c1 -> s 3 [ofp_flow_mod: hard_timeout=0, out_port=65535, priority=59996, idle_timeout=0, command=add, actions=(u'output(2)', u'output(65528)'), flags=0, match=dl_vlan:65535,dl_vlan_pcp:0,in_port:3][1;m
[1;36m[1;44m00:03.816 00:01.079 Successfully matched event ControlMessageReceive:i80 c c1 -> s 3 [ofp_flow_mod: hard_timeout=0, out_port=65535, priority=59994, idle_timeout=0, command=add, actions=(), flags=0, match=dl_vlan:65535,dl_vlan_pcp:0,in_port:None][1;m
[1;36m[1;44m00:03.818 00:01.080 Successfully matched event ControlMessageReceive:i81 c c1 -> s 2 [ofp_flow_mod: hard_timeout=0, out_port=65535, priority=32768, idle_timeout=0, command=delete, actions=(), flags=0, match=x^L,in_port:None][1;m
[1;36m[1;44m00:03.819 00:01.081 Successfully matched event ControlMessageReceive:i82 c c1 -> s 2 [ofp_flow_mod: hard_timeout=0, out_port=65535, priority=59999, idle_timeout=0, command=add, actions=(u'output(3)',), flags=0, match=dl_vlan:65535,dl_vlan_pcp:0,in_port:2][1;m
[1;36m[1;44m00:03.820 00:01.081 Successfully matched event ControlMessageReceive:i83 c c1 -> s 3 [ofp_flow_mod: hard_timeout=0, out_port=65535, priority=59999, idle_timeout=0, command=add, actions=(u'output(3)',), flags=0, match=dl_vlan:65535,dl_vlan_pcp:0,in_port:2][1;m
[1;36m[1;44m00:03.821 00:01.082 Successfully matched event ControlMessageReceive:i84 c c1 -> s 1 [ofp_flow_mod: hard_timeout=0, out_port=65535, priority=59992, idle_timeout=0, command=add, actions=(), flags=0, match=dl_vlan:65535,dl_vlan_pcp:0,in_port:None][1;m
[1;36m[1;44m00:03.823 00:01.083 Successfully matched event ControlMessageReceive:i85 c c1 -> s 2 [ofp_flow_mod: hard_timeout=0, out_port=65535, priority=59995, idle_timeout=0, command=add, actions=(u'output(2)', u'output(3)'), flags=0, match=dl_vlan:65535,dl_vlan_pcp:0,in_port:None][1;m
[1;36m[1;44m00:03.824 00:01.084 Successfully matched event ControlMessageReceive:i86 c c1 -> s 2 [ofp_flow_mod: hard_timeout=0, out_port=65535, priority=59996, idle_timeout=0, command=add, actions=(u'output(2)', u'output(65528)'), flags=0, match=dl_vlan:65535,dl_vlan_pcp:0,in_port:3][1;m
[1;36m[1;44m00:03.825 00:01.084 Successfully matched event ControlMessageReceive:i87 c c1 -> s 2 [ofp_flow_mod: hard_timeout=0, out_port=65535, priority=59997, idle_timeout=0, command=add, actions=(u'output(65528)', u'output(3)'), flags=0, match=dl_vlan:65535,dl_vlan_pcp:0,in_port:2][1;m
[1;36m[1;44m00:03.826 00:01.085 Successfully matched event ControlMessageReceive:i88 c c1 -> s 3 [ofp_flow_mod: hard_timeout=0, out_port=65535, priority=59995, idle_timeout=0, command=add, actions=(u'output(2)', u'output(3)'), flags=0, match=dl_vlan:65535,dl_vlan_pcp:0,in_port:None][1;m
[1;36m[1;44m00:03.828 00:01.086 Successfully matched event ControlMessageReceive:i89 c c1 -> s 1 [ofp_barrier_request: ][1;m
[1;36m[1;44m00:03.828 00:01.086 Successfully matched event ControlMessageReceive:i90 c c1 -> s 3 [ofp_barrier_request: ][1;m
[1;36m[1;44m00:03.829 00:01.086 Successfully matched event ControlMessageReceive:i91 c c1 -> s 3 [ofp_flow_mod: hard_timeout=0, out_port=65535, priority=60000, idle_timeout=0, command=add, actions=(u'output(65533)',), flags=0, match=dl_vlan:65535,dl_vlan_pcp:0,dl_type:35020,in_port:None][1;m
[1;36m[1;44m00:03.831 00:01.087 Successfully matched event ControlMessageReceive:i92 c c1 -> s 3 [ofp_flow_mod: hard_timeout=0, out_port=65535, priority=32768, idle_timeout=0, command=delete, actions=(), flags=0, match=x^L,in_port:None][1;m
[1;36m[1;44m00:03.832 00:01.088 Successfully matched event ControlMessageReceive:i93 c c1 -> s 2 [ofp_flow_mod: hard_timeout=0, out_port=65535, priority=59998, idle_timeout=0, command=add, actions=(u'output(2)',), flags=0, match=dl_vlan:65535,dl_vlan_pcp:0,in_port:3][1;m
[1;36m[1;44m00:03.833 00:01.089 Successfully matched event ControlMessageReceive:i94 c c1 -> s 2 [ofp_flow_mod: hard_timeout=0, out_port=65535, priority=0, idle_timeout=0, command=add, actions=(u'output(65533)',), flags=0, match=x^L,in_port:None][1;m
[1;36m[1;44m00:03.834 00:01.090 Successfully matched event ControlMessageReceive:i95 c c1 -> s 2 [ofp_flow_mod: hard_timeout=0, out_port=65535, priority=60000, idle_timeout=0, command=add, actions=(u'output(65533)',), flags=0, match=dl_vlan:65535,dl_vlan_pcp:0,dl_type:35020,in_port:None][1;m
[1;36m[1;44m00:03.835 00:01.090 Successfully matched event ControlMessageReceive:i96 c c1 -> s 2 [ofp_barrier_request: ][1;m
[1;36m[1;44m00:03.836 00:01.091 Successfully matched event ControlMessageReceive:i97 c c1 -> s 3 [ofp_flow_mod: hard_timeout=0, out_port=65535, priority=59998, idle_timeout=0, command=add, actions=(u'output(2)',), flags=0, match=dl_vlan:65535,dl_vlan_pcp:0,in_port:3][1;m
[1;36m[1;44m00:03.837 00:01.091 Successfully matched event ControlMessageReceive:i98 c c1 -> s 3 [ofp_flow_mod: hard_timeout=0, out_port=65535, priority=59997, idle_timeout=0, command=add, actions=(u'output(65528)', u'output(3)'), flags=0, match=dl_vlan:65535,dl_vlan_pcp:0,in_port:2][1;m
[1;36m[1;44m00:03.839 00:01.092 Successfully matched event ControlMessageReceive:i99 c c1 -> s 3 [ofp_flow_mod: hard_timeout=0, out_port=65535, priority=0, idle_timeout=0, command=add, actions=(u'output(65533)',), flags=0, match=x^L,in_port:None][1;m
[1;36m[1;44m00:03.839 00:01.093 Successfully matched event ControlMessageSend:i100 c 3 -> s c1 [ofp_barrier_reply: ][1;m
[1;36m[1;44m00:03.840 00:01.093 Successfully matched event ControlMessageSend:i101 c 2 -> s c1 [ofp_barrier_reply: ][1;m
[1;36m[1;44m00:03.840 00:01.093 Successfully matched event ControlMessageSend:i102 c 1 -> s c1 [ofp_barrier_reply: ][1;m
[1;36m[1;44m00:03.841 00:01.202 Successfully matched event ControlMessageReceive:i104 c c1 -> s 1 [ofp_barrier_request: ][1;m
[1;36m[1;36mRound 11[1;37m[1;m
[1;36m[1;44m00:03.842 00:01.202 Successfully matched event ControlMessageReceive:i105 c c1 -> s 3 [ofp_barrier_request: ][1;m
[1;36m[1;44m00:03.843 00:01.202 Successfully matched event ControlMessageReceive:i106 c c1 -> s 2 [ofp_barrier_request: ][1;m
[1;36m[1;44m00:03.844 00:01.202 Successfully matched event ControlMessageSend:i107 c 3 -> s c1 [ofp_barrier_reply: ][1;m
[1;36m[1;44m00:03.845 00:01.203 Successfully matched event ControlMessageSend:i108 c 2 -> s c1 [ofp_barrier_reply: ][1;m
[1;36m[1;44m00:03.846 00:01.203 Successfully matched event ControlMessageSend:i109 c 1 -> s c1 [ofp_barrier_reply: ][1;m
[1;42m[1;37mNo correctness violations![1;m
[1;36m[1;44m00:05.732 00:03.077 Successfully matched event CheckInvariants:e127[1;m
[1;36m[1;36mRound 28[1;37m[1;m
[1;35m[1;41m00:06.540 00:03.293 Event timed out ControlMessageSend:i130 c 3 -> s c1 [ofp_port_status: reason=1, desc=(2, u'00:00:00:00:03:02')][1;m
[1;36m[1;36mRound 30[1;37m[1;m
[1;35m[1;41m00:07.553 00:03.632 Event timed out ControlMessageReceive:i135 c c1 -> s 3 [ofp_flow_mod: hard_timeout=0, out_port=65535, priority=59996, idle_timeout=0, command=add, actions=(u'output(1)', u'output(65528)'), flags=0, match=dl_vlan:65535,dl_vlan_pcp:0,in_port:3][1;m
[1;36m[1;36mRound 33[1;37m[1;m
[1;35m[1;41m00:08.157 00:03.633 Event timed out ControlMessageReceive:i136 c c1 -> s 3 [ofp_flow_mod: hard_timeout=0, out_port=65535, priority=59997, idle_timeout=0, command=add, actions=(u'output(65528)', u'output(3)'), flags=0, match=dl_vlan:65535,dl_vlan_pcp:0,in_port:1][1;m
[1;36m[1;44m00:08.158 00:03.634 Successfully matched event ControlMessageReceive:i137 c c1 -> s 1 [ofp_flow_mod: hard_timeout=0, out_port=65535, priority=59997, idle_timeout=0, command=add, actions=(u'output(1)', u'output(2)'), flags=0, match=dl_vlan:65535,dl_vlan_pcp:0,in_port:3][1;m
[1;36m[1;44m00:08.159 00:03.635 Successfully matched event ControlMessageReceive:i138 c c1 -> s 1 [ofp_flow_mod: hard_timeout=0, out_port=65535, priority=0, idle_timeout=0, command=add, actions=(u'output(65533)',), flags=0, match=x^L,in_port:None][1;m
[1;36m[1;44m00:08.160 00:03.635 Successfully matched event ControlMessageReceive:i139 c c1 -> s 2 [ofp_flow_mod: hard_timeout=0, out_port=65535, priority=59992, idle_timeout=0, command=add, actions=(), flags=0, match=dl_vlan:65535,dl_vlan_pcp:0,in_port:None][1;m
[1;35m[1;41m00:08.764 00:03.636 Event timed out ControlMessageReceive:i140 c c1 -> s 3 [ofp_flow_mod: hard_timeout=0, out_port=65535, priority=59999, idle_timeout=0, command=add, actions=(u'output(3)',), flags=0, match=dl_vlan:65535,dl_vlan_pcp:0,in_port:1][1;m
[1;35m[1;41m00:09.368 00:03.637 Event timed out ControlMessageReceive:i141 c c1 -> s 3 [ofp_flow_mod: hard_timeout=0, out_port=65535, priority=59994, idle_timeout=0, command=add, actions=(), flags=0, match=dl_vlan:65535,dl_vlan_pcp:0,in_port:None][1;m
[1;36m[1;44m00:09.370 00:03.639 Successfully matched event ControlMessageReceive:i142 c c1 -> s 1 [ofp_flow_mod: hard_timeout=0, out_port=65535, priority=59998, idle_timeout=0, command=add, actions=(u'output(1)', u'output(3)'), flags=0, match=dl_vlan:65535,dl_vlan_pcp:0,in_port:2][1;m
[1;36m[1;44m00:09.371 00:03.641 Successfully matched event ControlMessageReceive:i143 c c1 -> s 2 [ofp_flow_mod: hard_timeout=0, out_port=65535, priority=32768, idle_timeout=0, command=delete, actions=(), flags=0, match=x^L,in_port:None][1;m
[1;36m[1;44m00:09.372 00:03.641 Successfully matched event ControlMessageReceive:i144 c c1 -> s 1 [ofp_flow_mod: hard_timeout=0, out_port=65535, priority=59992, idle_timeout=0, command=add, actions=(), flags=0, match=dl_vlan:65535,dl_vlan_pcp:0,in_port:None][1;m
[1;36m[1;44m00:09.373 00:03.642 Successfully matched event ControlMessageReceive:i145 c c1 -> s 1 [ofp_flow_mod: hard_timeout=0, out_port=65535, priority=59996, idle_timeout=0, command=add, actions=(u'output(65528)', u'output(2)', u'output(3)'), flags=0, match=dl_vlan:65535,dl_vlan_pcp:0,in_port:1][1;m
[1;35m[1;41m00:09.975 00:03.643 Event timed out ControlMessageReceive:i146 c c1 -> s 3 [ofp_flow_mod: hard_timeout=0, out_port=65535, priority=59998, idle_timeout=0, command=add, actions=(u'output(1)',), flags=0, match=dl_vlan:65535,dl_vlan_pcp:0,in_port:3][1;m
[1;36m[1;44m00:09.976 00:03.644 Successfully matched event ControlMessageReceive:i147 c c1 -> s 3 [ofp_flow_mod: hard_timeout=0, out_port=65535, priority=60000, idle_timeout=0, command=add, actions=(u'output(65533)',), flags=0, match=dl_vlan:65535,dl_vlan_pcp:0,dl_type:35020,in_port:None][1;m
[1;36m[1;44m00:09.977 00:03.645 Successfully matched event ControlMessageReceive:i148 c c1 -> s 1 [ofp_flow_mod: hard_timeout=0, out_port=65535, priority=60000, idle_timeout=0, command=add, actions=(u'output(65533)',), flags=0, match=dl_vlan:65535,dl_vlan_pcp:0,dl_type:35020,in_port:None][1;m
[1;36m[1;44m00:09.978 00:03.646 Successfully matched event ControlMessageReceive:i149 c c1 -> s 1 [ofp_barrier_request: ][1;m
[1;36m[1;44m00:09.979 00:03.647 Successfully matched event ControlMessageReceive:i150 c c1 -> s 2 [ofp_flow_mod: hard_timeout=0, out_port=65535, priority=59999, idle_timeout=0, command=add, actions=(u'output(2)', u'output(3)'), flags=0, match=dl_vlan:65535,dl_vlan_pcp:0,in_port:1][1;m
[1;36m[1;44m00:09.980 00:03.648 Successfully matched event ControlMessageReceive:i151 c c1 -> s 3 [ofp_flow_mod: hard_timeout=0, out_port=65535, priority=32768, idle_timeout=0, command=delete, actions=(), flags=0, match=x^L,in_port:None][1;m
[1;36m[1;44m00:09.981 00:03.649 Successfully matched event ControlMessageReceive:i152 c c1 -> s 2 [ofp_flow_mod: hard_timeout=0, out_port=65535, priority=59998, idle_timeout=0, command=add, actions=(u'output(1)', u'output(3)'), flags=0, match=dl_vlan:65535,dl_vlan_pcp:0,in_port:2][1;m
[1;36m[1;44m00:09.982 00:03.649 Successfully matched event ControlMessageReceive:i153 c c1 -> s 2 [ofp_flow_mod: hard_timeout=0, out_port=65535, priority=59995, idle_timeout=0, command=add, actions=(u'output(1)', u'output(65528)', u'output(3)'), flags=0, match=dl_vlan:65535,dl_vlan_pcp:0,in_port:2][1;m
[1;36m[1;44m00:09.983 00:03.650 Successfully matched event ControlMessageReceive:i154 c c1 -> s 3 [ofp_flow_mod: hard_timeout=0, out_port=65535, priority=0, idle_timeout=0, command=add, actions=(u'output(65533)',), flags=0, match=x^L,in_port:None][1;m
[1;36m[1;44m00:09.984 00:03.651 Successfully matched event ControlMessageReceive:i155 c c1 -> s 3 [ofp_barrier_request: ][1;m
[1;36m[1;44m00:09.985 00:03.651 Successfully matched event ControlMessageReceive:i156 c c1 -> s 1 [ofp_flow_mod: hard_timeout=0, out_port=65535, priority=32768, idle_timeout=0, command=delete, actions=(), flags=0, match=x^L,in_port:None][1;m
[1;36m[1;44m00:09.987 00:03.652 Successfully matched event ControlMessageReceive:i157 c c1 -> s 2 [ofp_flow_mod: hard_timeout=0, out_port=65535, priority=0, idle_timeout=0, command=add, actions=(u'output(65533)',), flags=0, match=x^L,in_port:None][1;m
[1;36m[1;44m00:09.988 00:03.653 Successfully matched event ControlMessageReceive:i158 c c1 -> s 2 [ofp_flow_mod: hard_timeout=0, out_port=65535, priority=59994, idle_timeout=0, command=add, actions=(u'output(1)', u'output(2)', u'output(65528)'), flags=0, match=dl_vlan:65535,dl_vlan_pcp:0,in_port:3][1;m
[1;36m[1;44m00:09.989 00:03.654 Successfully matched event ControlMessageReceive:i159 c c1 -> s 2 [ofp_flow_mod: hard_timeout=0, out_port=65535, priority=60000, idle_timeout=0, command=add, actions=(u'output(65533)',), flags=0, match=dl_vlan:65535,dl_vlan_pcp:0,dl_type:35020,in_port:None][1;m
[1;36m[1;44m00:09.990 00:03.655 Successfully matched event ControlMessageReceive:i160 c c1 -> s 1 [ofp_flow_mod: hard_timeout=0, out_port=65535, priority=59994, idle_timeout=0, command=add, actions=(u'output(1)', u'output(2)', u'output(65528)'), flags=0, match=dl_vlan:65535,dl_vlan_pcp:0,in_port:3][1;m
[1;36m[1;44m00:09.991 00:03.656 Successfully matched event ControlMessageReceive:i161 c c1 -> s 2 [ofp_barrier_request: ][1;m
[1;35m[1;41m00:10.595 00:03.657 Event timed out ControlMessageReceive:i162 c c1 -> s 3 [ofp_flow_mod: hard_timeout=0, out_port=65535, priority=59995, idle_timeout=0, command=add, actions=(u'output(1)', u'output(3)'), flags=0, match=dl_vlan:65535,dl_vlan_pcp:0,in_port:None][1;m
[1;36m[1;44m00:10.596 00:03.657 Successfully matched event ControlMessageReceive:i163 c c1 -> s 1 [ofp_flow_mod: hard_timeout=0, out_port=65535, priority=59995, idle_timeout=0, command=add, actions=(u'output(1)', u'output(65528)', u'output(3)'), flags=0, match=dl_vlan:65535,dl_vlan_pcp:0,in_port:2][1;m
[1;36m[1;44m00:10.598 00:03.658 Successfully matched event ControlMessageReceive:i164 c c1 -> s 2 [ofp_flow_mod: hard_timeout=0, out_port=65535, priority=59993, idle_timeout=0, command=add, actions=(u'output(1)', u'output(2)', u'output(3)'), flags=0, match=dl_vlan:65535,dl_vlan_pcp:0,in_port:None][1;m
[1;36m[1;44m00:10.599 00:03.658 Successfully matched event ControlMessageReceive:i165 c c1 -> s 1 [ofp_flow_mod: hard_timeout=0, out_port=65535, priority=59999, idle_timeout=0, command=add, actions=(u'output(2)', u'output(3)'), flags=0, match=dl_vlan:65535,dl_vlan_pcp:0,in_port:1][1;m
[1;36m[1;44m00:10.600 00:03.659 Successfully matched event ControlMessageReceive:i166 c c1 -> s 2 [ofp_flow_mod: hard_timeout=0, out_port=65535, priority=59996, idle_timeout=0, command=add, actions=(u'output(65528)', u'output(2)', u'output(3)'), flags=0, match=dl_vlan:65535,dl_vlan_pcp:0,in_port:1][1;m
[1;36m[1;44m00:10.601 00:03.660 Successfully matched event ControlMessageReceive:i167 c c1 -> s 1 [ofp_flow_mod: hard_timeout=0, out_port=65535, priority=59993, idle_timeout=0, command=add, actions=(u'output(1)', u'output(2)', u'output(3)'), flags=0, match=dl_vlan:65535,dl_vlan_pcp:0,in_port:None][1;m
[1;36m[1;44m00:10.602 00:03.660 Successfully matched event ControlMessageReceive:i168 c c1 -> s 2 [ofp_flow_mod: hard_timeout=0, out_port=65535, priority=59997, idle_timeout=0, command=add, actions=(u'output(1)', u'output(2)'), flags=0, match=dl_vlan:65535,dl_vlan_pcp:0,in_port:3][1;m
[1;35m[1;41m00:11.207 00:03.662 Event timed out ControlMessageSend:i169 c 3 -> s c1 [ofp_port_status: reason=0, desc=(2, u'00:00:00:00:03:02')][1;m
[1;36m[1;44m00:11.208 00:03.663 Successfully matched event ControlMessageSend:i170 c 3 -> s c1 [ofp_barrier_reply: ][1;m
[1;36m[1;44m00:11.209 00:03.663 Successfully matched event ControlMessageSend:i171 c 2 -> s c1 [ofp_barrier_reply: ][1;m
[1;36m[1;44m00:11.210 00:03.663 Successfully matched event ControlMessageSend:i172 c 1 -> s c1 [ofp_barrier_reply: ][1;m
[1;42m[1;37mNo correctness violations![1;m
[1;36m[1;44mEvent Stats: Events matched: 126, timed out: 13
Matches per event type:
  ConnectToControllers 1
  CheckInvariants 1
  DataplanePermit 9
  ControlMessageSend 25
  ControlMessageReceive 90
Timeouts per event type:
  ControlMessageSend 4
  ControlMessageReceive 9
[1;m
[1;36m[1;44mDataplaneDrop Stats: Expected drops (0), Actual drops (0)
Missed Drops (expected if TrafficInjections pruned):[1;m
[1;36mKilling controller c1 (pid 5260)[1;m
Terminating child controllers...close() called on stdout during concurrent operation
close() called on stderr during concurrent operation
 OK
