xss =  -ea -javaagent:/home/mininet/apache-cassandra-1.2.4/bin/../lib/jamm-0.2.5.jar -XX:+UseThreadPriorities -XX:ThreadPriorityPolicy=42 -Xms1996M -Xmx1996M -Xmn100M -XX:+HeapDumpOnOutOfMemoryError -Xss256k
 INFO 17:21:56,880 Logging initialized
 INFO 17:21:56,894 JVM vendor/version: OpenJDK 64-Bit Server VM/1.7.0_51
 WARN 17:21:56,895 OpenJDK is not recommended. Please upgrade to the newest Oracle Java release
 INFO 17:21:56,896 Heap size: 2082471936/2082471936
 INFO 17:21:56,896 Classpath: /home/mininet/apache-cassandra-1.2.4/bin/../conf:/home/mininet/apache-cassandra-1.2.4/bin/../build/classes/main:/home/mininet/apache-cassandra-1.2.4/bin/../build/classes/thrift:/home/mininet/apache-cassandra-1.2.4/bin/../lib/antlr-3.2.jar:/home/mininet/apache-cassandra-1.2.4/bin/../lib/apache-cassandra-1.2.4.jar:/home/mininet/apache-cassandra-1.2.4/bin/../lib/apache-cassandra-clientutil-1.2.4.jar:/home/mininet/apache-cassandra-1.2.4/bin/../lib/apache-cassandra-thrift-1.2.4.jar:/home/mininet/apache-cassandra-1.2.4/bin/../lib/avro-1.4.0-fixes.jar:/home/mininet/apache-cassandra-1.2.4/bin/../lib/avro-1.4.0-sources-fixes.jar:/home/mininet/apache-cassandra-1.2.4/bin/../lib/commons-cli-1.1.jar:/home/mininet/apache-cassandra-1.2.4/bin/../lib/commons-codec-1.2.jar:/home/mininet/apache-cassandra-1.2.4/bin/../lib/commons-lang-2.6.jar:/home/mininet/apache-cassandra-1.2.4/bin/../lib/compress-lzf-0.8.4.jar:/home/mininet/apache-cassandra-1.2.4/bin/../lib/concurrentlinkedhashmap-lru-1.3.jar:/home/mininet/apache-cassandra-1.2.4/bin/../lib/guava-13.0.1.jar:/home/mininet/apache-cassandra-1.2.4/bin/../lib/high-scale-lib-1.1.2.jar:/home/mininet/apache-cassandra-1.2.4/bin/../lib/jackson-core-asl-1.9.2.jar:/home/mininet/apache-cassandra-1.2.4/bin/../lib/jackson-mapper-asl-1.9.2.jar:/home/mininet/apache-cassandra-1.2.4/bin/../lib/jamm-0.2.5.jar:/home/mininet/apache-cassandra-1.2.4/bin/../lib/jbcrypt-0.3m.jar:/home/mininet/apache-cassandra-1.2.4/bin/../lib/jline-1.0.jar:/home/mininet/apache-cassandra-1.2.4/bin/../lib/json-simple-1.1.jar:/home/mininet/apache-cassandra-1.2.4/bin/../lib/libthrift-0.7.0.jar:/home/mininet/apache-cassandra-1.2.4/bin/../lib/log4j-1.2.16.jar:/home/mininet/apache-cassandra-1.2.4/bin/../lib/lz4-1.1.0.jar:/home/mininet/apache-cassandra-1.2.4/bin/../lib/metrics-core-2.0.3.jar:/home/mininet/apache-cassandra-1.2.4/bin/../lib/netty-3.5.9.Final.jar:/home/mininet/apache-cassandra-1.2.4/bin/../lib/servlet-api-2.5-20081211.jar:/home/mininet/apache-cassandra-1.2.4/bin/../lib/slf4j-api-1.7.2.jar:/home/mininet/apache-cassandra-1.2.4/bin/../lib/slf4j-log4j12-1.7.2.jar:/home/mininet/apache-cassandra-1.2.4/bin/../lib/snakeyaml-1.6.jar:/home/mininet/apache-cassandra-1.2.4/bin/../lib/snappy-java-1.0.4.1.jar:/home/mininet/apache-cassandra-1.2.4/bin/../lib/snaptree-0.1.jar:/home/mininet/apache-cassandra-1.2.4/bin/../lib/jamm-0.2.5.jar
 INFO 17:21:56,902 JNA not found. Native methods will be disabled.
 INFO 17:21:56,919 Loading settings from file:/home/mininet/apache-cassandra-1.2.4/conf/cassandra.yaml
 INFO 17:21:57,752 Data files directories: [/var/lib/cassandra/data]
 INFO 17:21:57,753 Commit log directory: /var/lib/cassandra/commitlog
 INFO 17:21:57,753 DiskAccessMode 'auto' determined to be mmap, indexAccessMode is mmap
 INFO 17:21:57,753 disk_failure_policy is stop
 INFO 17:21:57,761 Global memtable threshold is enabled at 662MB
 INFO 17:21:57,877 Not using multi-threaded compaction
 INFO 17:21:58,332 Initializing key cache with capacity of 99 MBs.
 INFO 17:21:58,340 Scheduling key cache save to each 14400 seconds (going to save all keys).
 INFO 17:21:58,340 Initializing row cache with capacity of 0 MBs and provider org.apache.cassandra.cache.SerializingCacheProvider
 INFO 17:21:58,348 Scheduling row cache save to each 0 seconds (going to save all keys).
 INFO 17:21:58,729 Couldn't detect any schema definitions in local storage.
 INFO 17:21:58,729 To create keyspaces and column families, see 'help create keyspace' in the CLI, or set up a schema using the thrift system_* calls.
 INFO 17:21:58,810 No commitlog files found; skipping replay
 INFO 17:21:59,452 Cassandra version: 1.2.4
 INFO 17:21:59,456 Thrift API version: 19.35.0
 INFO 17:21:59,456 CQL supported versions: 2.0.0,3.0.1 (default: 3.0.1)
 INFO 17:21:59,486 Loading persisted ring state
 INFO 17:21:59,489 Starting up server gossip
 WARN 17:21:59,493 No host ID found, created c496aee5-2d9d-4543-9e27-b7e56c774173 (Note: This should happen exactly once per node).
 INFO 17:21:59,504 Enqueuing flush of Memtable-local@1156511567(361/361 serialized/live bytes, 15 ops)
 INFO 17:21:59,513 Writing Memtable-local@1156511567(361/361 serialized/live bytes, 15 ops)
 INFO 17:21:59,558 Completed flushing /var/lib/cassandra/data/system/local/system-local-ib-1-Data.db (350 bytes) for commitlog position ReplayPosition(segmentId=1402359718704, position=50656)
 INFO 17:21:59,637 Starting Messaging Service on port 7000
 INFO 17:21:59,684 Enqueuing flush of Memtable-local@1622940842(86/86 serialized/live bytes, 4 ops)
 INFO 17:21:59,685 Writing Memtable-local@1622940842(86/86 serialized/live bytes, 4 ops)
 INFO 17:21:59,705 Completed flushing /var/lib/cassandra/data/system/local/system-local-ib-2-Data.db (122 bytes) for commitlog position ReplayPosition(segmentId=1402359718704, position=50933)
 INFO 17:21:59,706 JOINING: waiting for ring information
 INFO 17:22:00,885 Node /192.168.56.11 is now part of the cluster
 INFO 17:22:00,887 InetAddress /192.168.56.11 is now UP
 INFO 17:22:00,929 Enqueuing flush of Memtable-peers@285401532(182/182 serialized/live bytes, 10 ops)
 INFO 17:22:00,932 Writing Memtable-peers@285401532(182/182 serialized/live bytes, 10 ops)
 INFO 17:22:00,951 Completed flushing /var/lib/cassandra/data/system/peers/system-peers-ib-1-Data.db (237 bytes) for commitlog position ReplayPosition(segmentId=1402359718704, position=51638)
 INFO 17:22:00,995 Enqueuing flush of Memtable-schema_keyspaces@656328142(389/389 serialized/live bytes, 11 ops)
 INFO 17:22:00,996 Writing Memtable-schema_keyspaces@656328142(389/389 serialized/live bytes, 11 ops)
 INFO 17:22:01,015 Completed flushing /var/lib/cassandra/data/system/schema_keyspaces/system-schema_keyspaces-ib-1-Data.db (266 bytes) for commitlog position ReplayPosition(segmentId=1402359718704, position=53730)
 INFO 17:22:01,017 Enqueuing flush of Memtable-schema_columnfamilies@105660303(23066/23066 serialized/live bytes, 379 ops)
 INFO 17:22:01,019 Writing Memtable-schema_columnfamilies@105660303(23066/23066 serialized/live bytes, 379 ops)
 INFO 17:22:01,050 Completed flushing /var/lib/cassandra/data/system/schema_columnfamilies/system-schema_columnfamilies-ib-1-Data.db (4861 bytes) for commitlog position ReplayPosition(segmentId=1402359718704, position=53730)
 INFO 17:22:01,051 Enqueuing flush of Memtable-schema_columns@1575056281(22154/22154 serialized/live bytes, 337 ops)
 INFO 17:22:01,053 Writing Memtable-schema_columns@1575056281(22154/22154 serialized/live bytes, 337 ops)
 INFO 17:22:01,089 Completed flushing /var/lib/cassandra/data/system/schema_columns/system-schema_columns-ib-1-Data.db (3902 bytes) for commitlog position ReplayPosition(segmentId=1402359718704, position=53730)
 INFO 17:22:01,707 JOINING: schema complete, ready to bootstrap
 INFO 17:22:01,708 JOINING: getting bootstrap token
 INFO 17:22:01,711 Enqueuing flush of Memtable-local@1909453433(73/73 serialized/live bytes, 4 ops)
 INFO 17:22:01,712 Writing Memtable-local@1909453433(73/73 serialized/live bytes, 4 ops)
 INFO 17:22:01,727 Completed flushing /var/lib/cassandra/data/system/local/system-local-ib-3-Data.db (136 bytes) for commitlog position ReplayPosition(segmentId=1402359718704, position=54028)
 INFO 17:22:01,740 JOINING: sleeping 30000 ms for pending range setup
 INFO 17:22:31,741 JOINING: Starting to bootstrap...
 INFO 17:22:31,819 Finished streaming session 50033fd0-f035-11e3-b496-c1b7d013ecd2 from /192.168.56.11
 INFO 17:22:31,820 Bootstrap completed! for the tokens [0]
 INFO 17:22:31,822 Enqueuing flush of Memtable-local@129692337(43/43 serialized/live bytes, 2 ops)
 INFO 17:22:31,823 Writing Memtable-local@129692337(43/43 serialized/live bytes, 2 ops)
 INFO 17:22:31,838 Completed flushing /var/lib/cassandra/data/system/local/system-local-ib-4-Data.db (76 bytes) for commitlog position ReplayPosition(segmentId=1402359718704, position=54161)
 INFO 17:22:31,848 Enqueuing flush of Memtable-local@1325626251(32/32 serialized/live bytes, 2 ops)
 INFO 17:22:31,849 Writing Memtable-local@1325626251(32/32 serialized/live bytes, 2 ops)
 INFO 17:22:31,851 Compacting [SSTableReader(path='/var/lib/cassandra/data/system/local/system-local-ib-2-Data.db'), SSTableReader(path='/var/lib/cassandra/data/system/local/system-local-ib-1-Data.db'), SSTableReader(path='/var/lib/cassandra/data/system/local/system-local-ib-3-Data.db'), SSTableReader(path='/var/lib/cassandra/data/system/local/system-local-ib-4-Data.db')]
 INFO 17:22:31,869 Completed flushing /var/lib/cassandra/data/system/local/system-local-ib-5-Data.db (91 bytes) for commitlog position ReplayPosition(segmentId=1402359718704, position=54317)
 INFO 17:22:31,883 Node /192.168.56.12 state jump to normal
 INFO 17:22:31,885 Startup completed! Now serving reads.
 INFO 17:22:31,937 Compacted 4 sstables to [/var/lib/cassandra/data/system/local/system-local-ib-6,].  684 bytes to 410 (~59% of original) in 77ms = 0.005078MB/s.  4 total rows, 1 unique.  Row merge counts were {1:0, 2:0, 3:0, 4:1, }
