Violation reproduced successfully! Proceeding with pruning
Subsets:
l/0: e4 e11 e20 e33 e42 e50 e59 e60 e77 e103 e110 e111 e112 e113 e114 e115 e116 e117
r/0: e118 e119 e120 e121 e122 e123 e124 e125 e126 e127 a(e128,e133) e129 e131 e132 e134 e173 e181
Current subset: l/0: e4 e11 e20 e33 e42 e50 e59 e60 e77 e103 e110 e111 e112 e113 e114 e115 e116 e117
No violation in 0'th...
Current subset: r/0: e118 e119 e120 e121 e122 e123 e124 e125 e126 e127 a(e128,e133) e129 e131 e132 e134 e173 e181
Violation! Considering 1'th
Violation found in 1th half. Recursing
Subsets:
r/0.l/1: e118 e119 e120 e121 e122 e123 e124 e125 e126
r/0.r/1: e127 a(e128,e133) e129 e131 e132 e134 e173 e181
Current subset: r/0.l/1: e118 e119 e120 e121 e122 e123 e124 e125 e126
No violation in 0'th...
Current subset: r/0.r/1: e127 a(e128,e133) e129 e131 e132 e134 e173 e181
Violation! Considering 1'th
Violation found in 1th half. Recursing
Subsets:
r/0.r/1.l/2: e127 a(e128,e133) e129 e131
r/0.r/1.r/2: e132 e134 e173 e181
Current subset: r/0.r/1.l/2: e127 a(e128,e133) e129 e131
Violation! Considering 0'th
Violation found in 0th half. Recursing
Subsets:
r/0.r/1.l/2.l/3: e127 a(e128,e133)
r/0.r/1.l/2.r/3: e129 e131
Current subset: r/0.r/1.l/2.l/3: e127 a(e128,e133)
Violation! Considering 0'th
Violation found in 0th half. Recursing
Subsets:
r/0.r/1.l/2.l/3.l/4: e127
r/0.r/1.l/2.l/3.r/4: a(e128,e133)
Current subset: r/0.r/1.l/2.l/3.l/4: e127
No violation in 0'th...
Current subset: r/0.r/1.l/2.l/3.r/4: a(e128,e133)
Violation! Considering 1'th
Violation found in 1th half. Recursing
Base case [LinkFailure:e128:('LinkFailure', 3, 2, 1, 1), LinkRecovery:e133:('LinkRecovery', 3, 2, 1, 1)]
=== Total replays: 9 ===
Final MCS (2 elements):
 - LinkFailure:e128
 - LinkRecovery:e133
