[1;41m[1;33m[c1] start: Job is already running: floodlight[1;m

[1;41m[1;33m[c1] initctl: Unknown instance:[1;m

[1;33m[c1] Start process (10.192.5.196):[1;m

[1;41m[1;33m[c1] start: Job is already running: floodlight[1;m

[1;41m[1;33m[c1] initctl: Unknown instance:[1;m

[1;33m[c1] Start process (10.192.5.197):[1;m

[1;33m[c1] 10.192.5.196 10.192.5.197 10.192.5.198[1;m

connect_socket_with_backoff ('10.192.5.196', 6633)
connect_socket_with_backoff ('10.192.5.197', 6633)
connect_socket_with_backoff ('10.192.5.196', 6633)
connect_socket_with_backoff ('10.192.5.197', 6633)
connect_socket_with_backoff ('10.192.5.196', 6633)
connect_socket_with_backoff ('10.192.5.197', 6633)
[1;36mBlocking connection [Con 4][1;m
[1;36mUnblocking connection [Con 4][1;m
[1;36minjecting a random packet[1;m
[1;36mRound 1 completed.[1;m
[1;36mForwarding dataplane event[1;m
[1;36mRound 2 completed.[1;m
[1;36minjecting a random packet[1;m
[1;36mRound 3 completed.[1;m
[1;36mForwarding dataplane event[1;m
[1;36minjecting a random packet[1;m
[1;36mRound 4 completed.[1;m
[1;36mForwarding dataplane event[1;m
[1;36minjecting a random packet[1;m
[1;41m[1;37mFound 2 unconnected pairs: set([(300003, 100003), (100003, 200003)])[1;m
[1;41m[1;37mThe following correctness violations have occurred: ['(100003, 200003)', '(300003, 100003)'][1;m
[1;36mRound 5 completed.[1;m
[1;36mDropping dataplane event[1;m
[1;36mRound 6 completed.[1;m
[1;36mForwarding dataplane event[1;m
[1;36mForwarding dataplane event[1;m
[1;36mForwarding dataplane event[1;m
[1;36mForwarding dataplane event[1;m
[1;36mForwarding dataplane event[1;m
[1;36mDropping dataplane event[1;m
[1;36mForwarding dataplane event[1;m
[1;36mForwarding dataplane event[1;m
[1;36mForwarding dataplane event[1;m
[1;36mForwarding dataplane event[1;m
[1;36mForwarding dataplane event[1;m
[1;36mForwarding dataplane event[1;m
[1;36minjecting a random packet[1;m
[1;36mRound 7 completed.[1;m
[1;36mForwarding dataplane event[1;m
[1;36mForwarding dataplane event[1;m
[1;36mForwarding dataplane event[1;m
[1;36mDropping dataplane event[1;m
[1;36mForwarding dataplane event[1;m
[1;36mForwarding dataplane event[1;m
[1;36mForwarding dataplane event[1;m
[1;36mBlocking connection [Con 6][1;m
[1;36mUnblocking connection [Con 6][1;m
[1;36mCutting link (1:2) -> (2:2)[1;m
[1;36minjecting a random packet[1;m
[1;36minjecting a random packet[1;m
[1;36minjecting a random packet[1;m
[1;36mRound 8 completed.[1;m
[1;36mForwarding dataplane event[1;m
[1;36mDropping dataplane event[1;m
[1;36mForwarding dataplane event[1;m
[1;36mForwarding dataplane event[1;m
[1;36mForwarding dataplane event[1;m
[1;36mForwarding dataplane event[1;m
[1;36mBlocking connection [Con 2][1;m
[1;36mBlocking connection [Con 6][1;m
[1;36mUnblocking connection [Con 2][1;m
[1;36mUnblocking connection [Con 6][1;m
[1;36mRestoring link (1:2) -> (2:2)[1;m
[1;36minjecting a random packet[1;m
[1;36minjecting a random packet[1;m
[1;36mRound 9 completed.[1;m
[1;36mForwarding dataplane event[1;m
[1;36mForwarding dataplane event[1;m
[1;36mDropping dataplane event[1;m
[1;36mDropping dataplane event[1;m
[1;36mForwarding dataplane event[1;m
[1;36mBlocking connection [Con 4][1;m
[1;36mUnblocking connection [Con 4][1;m
[1;36minjecting a random packet[1;m
[1;42m[1;37mFully connected![1;m
[1;42m[1;37mViolation (100003, 200003) turns out to be transient![1;m
[1;42m[1;37mViolation (300003, 100003) turns out to be transient![1;m
[1;37mNo correctness violations![1;m
[1;36mRound 10 completed.[1;m
[1;36mForwarding dataplane event[1;m
[1;36mForwarding dataplane event[1;m
[1;36mForwarding dataplane event[1;m
[1;36mForwarding dataplane event[1;m
[1;36mRound 11 completed.[1;m
[1;36mForwarding dataplane event[1;m
[1;36mDropping dataplane event[1;m
[1;36mDropping dataplane event[1;m
[1;36mDropping dataplane event[1;m
[1;36mForwarding dataplane event[1;m
[1;36mDropping dataplane event[1;m
[1;36mForwarding dataplane event[1;m
[1;36mForwarding dataplane event[1;m
[1;36mForwarding dataplane event[1;m
[1;36mBlocking connection [Con 6][1;m
[1;36mUnblocking connection [Con 6][1;m
[1;36minjecting a random packet[1;m
[1;36minjecting a random packet[1;m
[1;36mRound 12 completed.[1;m
[1;36mForwarding dataplane event[1;m
[1;36mForwarding dataplane event[1;m
[1;36mForwarding dataplane event[1;m
[1;36mForwarding dataplane event[1;m
[1;36minjecting a random packet[1;m
[1;36mRound 13 completed.[1;m
[1;36mForwarding dataplane event[1;m
[1;36mForwarding dataplane event[1;m
[1;36mDropping dataplane event[1;m
[1;36mForwarding dataplane event[1;m
[1;36mDropping dataplane event[1;m
[1;36mForwarding dataplane event[1;m
[1;36mForwarding dataplane event[1;m
[1;36minjecting a random packet[1;m
[1;36mRound 14 completed.[1;m
[1;36mForwarding dataplane event[1;m
[1;36mForwarding dataplane event[1;m
[1;36mDropping dataplane event[1;m
[1;36mForwarding dataplane event[1;m
[1;36mBlocking connection [Con 1][1;m
[1;36mUnblocking connection [Con 1][1;m
[1;42m[1;37mFully connected![1;m
[1;37mNo correctness violations![1;m
[1;36mRound 15 completed.[1;m
[1;36mForwarding dataplane event[1;m
[1;36mBlocking connection [Con 5][1;m
[1;36mBlocking connection [Con 6][1;m
[1;36mUnblocking connection [Con 5][1;m
[1;36mUnblocking connection [Con 6][1;m
[1;36mCutting link (3:1) -> (2:1)[1;m
[1;36minjecting a random packet[1;m
[1;36minjecting a random packet[1;m
[1;36mRound 16 completed.[1;m
[1;36mForwarding dataplane event[1;m
[1;36mDropping dataplane event[1;m
[1;36mRestoring link (3:1) -> (2:1)[1;m
[1;36minjecting a random packet[1;m
[1;36mRound 17 completed.[1;m
[1;36mForwarding dataplane event[1;m
[1;36mBlocking connection [Con 1][1;m
[1;36mBlocking connection [Con 3][1;m
[1;36mUnblocking connection [Con 1][1;m
[1;36mUnblocking connection [Con 3][1;m
Duration: 4 nsec: 348603963
Duration: 5 nsec: 590920925
Duration: 0 nsec: 3068923
[1;36mCrashing software_switch SoftwareSwitch(dpid=2, num_ports=3)[1;m
[1;36minjecting a random packet[1;m
[1;36mRound 18 completed.[1;m
[1;36mForwarding dataplane event[1;m
[1;36mForwarding dataplane event[1;m
[1;36mRound 19 completed.[1;m
[1;36mDropping dataplane event[1;m
[1;36mForwarding dataplane event[1;m
[1;41m[1;37mFound 1 unconnected pair: set([(300003, 100003)])[1;m
[1;41m[1;37mThe following correctness violations have occurred: ['(200001, [300003, 300001])', '(200002, [300003, 300002, 100001, 100002])', '(300003, 100003)'][1;m
[1;36mRound 20 completed.[1;m
[1;36mDropping dataplane event[1;m
[1;36mDropping dataplane event[1;m
[1;36mDropping dataplane event[1;m
[1;36mForwarding dataplane event[1;m
[1;36mRebooting software_switch SoftwareSwitch(dpid=2, num_ports=3)[1;m
connect_socket_with_backoff ('10.192.5.196', 6633)
connect_socket_with_backoff ('10.192.5.197', 6633)
[1;36minjecting a random packet[1;m
[1;36mRound 21 completed.[1;m
[1;36mDropping dataplane event[1;m
[1;36mForwarding dataplane event[1;m
[1;36mDropping dataplane event[1;m
[1;36mForwarding dataplane event[1;m
[1;36mForwarding dataplane event[1;m
[1;36mForwarding dataplane event[1;m
[1;36mForwarding dataplane event[1;m
[1;36mForwarding dataplane event[1;m
[1;36mForwarding dataplane event[1;m
[1;36mDropping dataplane event[1;m
[1;36mForwarding dataplane event[1;m
[1;36mForwarding dataplane event[1;m
[1;36mForwarding dataplane event[1;m
[1;36mRound 22 completed.[1;m
[1;36minjecting a random packet[1;m
[1;36minjecting a random packet[1;m
[1;36mRound 23 completed.[1;m
[1;36mForwarding dataplane event[1;m
[1;36mForwarding dataplane event[1;m
[1;36minjecting a random packet[1;m
[1;36mRound 24 completed.[1;m
[1;36mForwarding dataplane event[1;m
[1;36mForwarding dataplane event[1;m
[1;36mBlocking connection [Con 6][1;m
[1;36mUnblocking connection [Con 6][1;m
[1;36minjecting a random packet[1;m
[1;41m[1;37mFound 3 unconnected pairs: set([(200003, 100003), (100003, 200003), (300003, 100003)])[1;m
[1;42m[1;37mViolation (200001, [300003, 300001]) turns out to be transient![1;m
[1;41m[1;37mViolation encountered again after 5 steps: (300003, 100003)[1;m
[1;41m[1;37mViolation encountered again after 5 steps: (200002, [300003, 300002, 100001, 100002])[1;m
[1;41m[1;37mThe following correctness violations have occurred: ['(100003, 200003)', '(300003, 100003)', '(200002, [300003, 300002, 100001, 100002])', '(200003, 100003)', '(200002, [200003, 200001, 300001, 300002, 100001, 100002])'][1;m
[1;36mRound 25 completed.[1;m
[1;36mForwarding dataplane event[1;m
[1;36mForwarding dataplane event[1;m
[1;36mDropping dataplane event[1;m
[1;36minjecting a random packet[1;m
[1;36mRound 26 completed.[1;m
[1;36mForwarding dataplane event[1;m
[1;36mForwarding dataplane event[1;m
[1;36mForwarding dataplane event[1;m
[1;36mBlocking connection [Con 1][1;m
[1;36mUnblocking connection [Con 1][1;m
[1;36mCutting link (3:2) -> (1:1)[1;m
[1;36mCutting link (3:1) -> (2:1)[1;m
[1;36minjecting a random packet[1;m
[1;36minjecting a random packet[1;m
[1;36mRound 27 completed.[1;m
[1;36mForwarding dataplane event[1;m
[1;36mForwarding dataplane event[1;m
[1;36mForwarding dataplane event[1;m
[1;36mDropping dataplane event[1;m
[1;36mDropping dataplane event[1;m
[1;36mDropping dataplane event[1;m
[1;36mForwarding dataplane event[1;m
[1;36mForwarding dataplane event[1;m
[1;36mForwarding dataplane event[1;m
[1;36mForwarding dataplane event[1;m
[1;36mForwarding dataplane event[1;m
[1;36mBlocking connection [Con 7][1;m
[1;36mUnblocking connection [Con 7][1;m
[1;36mRestoring link (3:2) -> (1:1)[1;m
[1;36minjecting a random packet[1;m
[1;36minjecting a random packet[1;m
[1;36mRound 28 completed.[1;m
[1;36mForwarding dataplane event[1;m
[1;36mForwarding dataplane event[1;m
[1;36mForwarding dataplane event[1;m
[1;36mDropping dataplane event[1;m
[1;36mBlocking connection [Con 6][1;m
[1;36mUnblocking connection [Con 6][1;m
Duration: 7 nsec: 452995061
Duration: 6 nsec: 920753002
Duration: 13 nsec: 40066957
[1;36mCutting link (3:2) -> (1:1)[1;m
[1;36mRestoring link (3:1) -> (2:1)[1;m
[1;36minjecting a random packet[1;m
[1;36mRound 29 completed.[1;m
[1;36mForwarding dataplane event[1;m
[1;36mDropping dataplane event[1;m
[1;36mForwarding dataplane event[1;m
[1;36mForwarding dataplane event[1;m
[1;36mDropping dataplane event[1;m
[1;36mForwarding dataplane event[1;m
[1;36mForwarding dataplane event[1;m
[1;36minjecting a random packet[1;m
[1;41m[1;37mFound 2 unconnected pairs: set([(200003, 100003), (300003, 100003)])[1;m
[1;42m[1;37mViolation (200002, [300003, 300002, 100001, 100002]) turns out to be transient![1;m
[1;42m[1;37mViolation (100003, 200003) turns out to be transient![1;m
[1;42m[1;37mViolation (200002, [200003, 200001, 300001, 300002, 100001, 100002]) turns out to be transient![1;m
[1;41m[1;37mViolation encountered again after 5 steps: (200003, 100003)[1;m
[1;41m[1;37mViolation encountered again after 10 steps: (300003, 100003)[1;m
[1;41m[1;37mThe following correctness violations have occurred: ['(200003, 100003)', '(300003, 100003)'][1;m
[1;36mRound 30 completed.[1;m
[1;36mForwarding dataplane event[1;m
[1;36mDropping dataplane event[1;m
[1;36mRestoring link (3:2) -> (1:1)[1;m
[1;36minjecting a random packet[1;m
[1;36minjecting a random packet[1;m
[1;36mRound 31 completed.[1;m
[1;36mForwarding dataplane event[1;m
[1;36mDropping dataplane event[1;m
[1;36mForwarding dataplane event[1;m
[1;36mForwarding dataplane event[1;m
[1;36mForwarding dataplane event[1;m
[1;36mForwarding dataplane event[1;m
[1;36mForwarding dataplane event[1;m
[1;36mForwarding dataplane event[1;m
[1;36mBlocking connection [Con 1][1;m
[1;36mUnblocking connection [Con 1][1;m
[1;36mCrashing software_switch SoftwareSwitch(dpid=3, num_ports=3)[1;m
[1;36minjecting a random packet[1;m
[1;36mRound 32 completed.[1;m
[1;36mForwarding dataplane event[1;m
[1;36mForwarding dataplane event[1;m
[1;36mDropping dataplane event[1;m
[1;36mBlocking connection [Con 8][1;m
[1;36mUnblocking connection [Con 8][1;m
[1;36mRebooting software_switch SoftwareSwitch(dpid=3, num_ports=3)[1;m
connect_socket_with_backoff ('10.192.5.196', 6633)
connect_socket_with_backoff ('10.192.5.197', 6633)
[1;36minjecting a random packet[1;m
[1;36minjecting a random packet[1;m
[1;36mRound 33 completed.[1;m
[1;36mForwarding dataplane event[1;m
[1;36mForwarding dataplane event[1;m
[1;36mForwarding dataplane event[1;m
[1;36mDropping dataplane event[1;m
[1;36mForwarding dataplane event[1;m
[1;36mForwarding dataplane event[1;m
[1;36mBlocking connection [Con 2][1;m
[1;36mUnblocking connection [Con 2][1;m
[1;36mRound 34 completed.[1;m
[1;36mForwarding dataplane event[1;m
[1;36mDropping dataplane event[1;m
[1;36mBlocking connection [Con 2][1;m
[1;36mUnblocking connection [Con 2][1;m
[1;36minjecting a random packet[1;m
[1;36minjecting a random packet[1;m
[1;41m[1;37mFound 2 unconnected pairs: set([(100003, 200003), (300003, 100003)])[1;m
[1;42m[1;37mViolation (200003, 100003) turns out to be transient![1;m
[1;41m[1;37mViolation encountered again after 15 steps: (300003, 100003)[1;m
[1;41m[1;37mThe following correctness violations have occurred: ['(100003, 200003)', '(300003, 100003)', '(200002, [300003, 300002, 100001, 100002])', '(200002, [200003, 200001, 300001, 300002, 100001, 100002])'][1;m
[1;36mRound 35 completed.[1;m
[1;36mForwarding dataplane event[1;m
[1;36mForwarding dataplane event[1;m
[1;36mForwarding dataplane event[1;m
[1;36mBlocking connection [Con 8][1;m
[1;36mUnblocking connection [Con 8][1;m
[1;36minjecting a random packet[1;m
[1;36minjecting a random packet[1;m
[1;36mRound 36 completed.[1;m
[1;36mDropping dataplane event[1;m
[1;36mForwarding dataplane event[1;m
[1;36mForwarding dataplane event[1;m
[1;36mDropping dataplane event[1;m
[1;36mRound 37 completed.[1;m
[1;36mDropping dataplane event[1;m
[1;36mForwarding dataplane event[1;m
[1;36minjecting a random packet[1;m
[1;36minjecting a random packet[1;m
[1;36mRound 38 completed.[1;m
[1;36mDropping dataplane event[1;m
[1;36mDropping dataplane event[1;m
[1;36mBlocking connection [Con 8][1;m
[1;36mUnblocking connection [Con 8][1;m
[1;36minjecting a random packet[1;m
[1;36mRound 39 completed.[1;m
[1;36mForwarding dataplane event[1;m
[1;36mForwarding dataplane event[1;m
[1;36mForwarding dataplane event[1;m
[1;36mForwarding dataplane event[1;m
[1;36mForwarding dataplane event[1;m
[1;36mForwarding dataplane event[1;m
[1;36mForwarding dataplane event[1;m
[1;36minjecting a random packet[1;m
[1;42m[1;37mFully connected![1;m
[1;42m[1;37mViolation (100003, 200003) turns out to be transient![1;m
[1;42m[1;37mViolation (300003, 100003) turns out to be transient![1;m
[1;41m[1;37mViolation encountered again after 5 steps: (200002, [300003, 300002, 100001, 100002])[1;m
[1;41m[1;37mViolation encountered again after 5 steps: (200002, [200003, 200001, 300001, 300002, 100001, 100002])[1;m
[1;41m[1;37mThe following correctness violations have occurred: ['(200002, [300003, 300002, 100001, 100002])', '(200002, [200003, 200001, 300001, 300002, 100001, 100002])'][1;m
[1;36mRound 40 completed.[1;m
[1;36mDropping dataplane event[1;m
[1;36mDropping dataplane event[1;m
[1;36mBlocking connection [Con 9][1;m
[1;36mUnblocking connection [Con 9][1;m
Duration: 21 nsec: 699053049
[1;36minjecting a random packet[1;m
[1;36mRound 41 completed.[1;m
[1;36mForwarding dataplane event[1;m
[1;36mForwarding dataplane event[1;m
[1;36mCutting link (3:2) -> (1:1)[1;m
[1;36minjecting a random packet[1;m
[1;36mRound 42 completed.[1;m
[1;36mForwarding dataplane event[1;m
[1;36mDropping dataplane event[1;m
[1;36mDropping dataplane event[1;m
[1;36mForwarding dataplane event[1;m
[1;36mForwarding dataplane event[1;m
[1;36mForwarding dataplane event[1;m
[1;36mForwarding dataplane event[1;m
[1;36mDropping dataplane event[1;m
[1;36mForwarding dataplane event[1;m
[1;36mForwarding dataplane event[1;m
[1;36mForwarding dataplane event[1;m
[1;36mForwarding dataplane event[1;m
[1;36mDropping dataplane event[1;m
[1;36mForwarding dataplane event[1;m
[1;36mForwarding dataplane event[1;m
[1;36mForwarding dataplane event[1;m
[1;36mForwarding dataplane event[1;m
[1;36mForwarding dataplane event[1;m
[1;36mDropping dataplane event[1;m
[1;36mForwarding dataplane event[1;m
[1;36mRestoring link (3:2) -> (1:1)[1;m
[1;36minjecting a random packet[1;m
[1;36minjecting a random packet[1;m
[1;36minjecting a random packet[1;m
[1;36mRound 43 completed.[1;m
[1;36mForwarding dataplane event[1;m
[1;36mForwarding dataplane event[1;m
[1;36mDropping dataplane event[1;m
[1;36mBlocking connection [Con 10][1;m
[1;36mUnblocking connection [Con 10][1;m
Duration: 17 nsec: 706599950
Duration: 17 nsec: 174411058
Duration: 23 nsec: 294363021
[1;36minjecting a random packet[1;m
[1;36minjecting a random packet[1;m
[1;36mRound 44 completed.[1;m
[1;36mForwarding dataplane event[1;m
[1;36mForwarding dataplane event[1;m
[1;36mForwarding dataplane event[1;m
[1;36mDropping dataplane event[1;m
[1;36mForwarding dataplane event[1;m
[1;36mForwarding dataplane event[1;m
[1;36mForwarding dataplane event[1;m
[1;41m[1;37mFound 2 unconnected pairs: set([(100003, 200003), (300003, 100003)])[1;m
[1;41m[1;37mViolation encountered again after 10 steps: (200002, [300003, 300002, 100001, 100002])[1;m
[1;41m[1;37mViolation encountered again after 10 steps: (200002, [200003, 200001, 300001, 300002, 100001, 100002])[1;m
[1;41m[1;37mThe following correctness violations have occurred: ['(100003, 200003)', '(300003, 100003)', '(200002, [300003, 300002, 100001, 100002])', '(200002, [200003, 200001, 300001, 300002, 100001, 100002])'][1;m
[1;36mRound 45 completed.[1;m
[1;36mForwarding dataplane event[1;m
[1;36mDropping dataplane event[1;m
[1;36mForwarding dataplane event[1;m
[1;36mBlocking connection [Con 1][1;m
[1;36mBlocking connection [Con 10][1;m
[1;36mUnblocking connection [Con 1][1;m
[1;36mUnblocking connection [Con 10][1;m
[1;36minjecting a random packet[1;m
[1;36mRound 46 completed.[1;m
[1;36mForwarding dataplane event[1;m
[1;36mForwarding dataplane event[1;m
[1;36mForwarding dataplane event[1;m
[1;36mForwarding dataplane event[1;m
[1;36mForwarding dataplane event[1;m
[1;36mBlocking connection [Con 2][1;m
[1;36mUnblocking connection [Con 2][1;m
[1;36minjecting a random packet[1;m
[1;36mRound 47 completed.[1;m
[1;36mForwarding dataplane event[1;m
[1;36mForwarding dataplane event[1;m
[1;36mBlocking connection [Con 7][1;m
[1;36mBlocking connection [Con 10][1;m
[1;36mUnblocking connection [Con 7][1;m
[1;36mUnblocking connection [Con 10][1;m
[1;36minjecting a random packet[1;m
[1;36mRound 48 completed.[1;m
[1;36mForwarding dataplane event[1;m
[1;36mForwarding dataplane event[1;m
[1;36mRound 49 completed.[1;m
[1;36mForwarding dataplane event[1;m
[1;41m[1;37mFound 2 unconnected pairs: set([(100003, 200003), (300003, 100003)])[1;m
[1;41m[1;37mViolation encountered again after 5 steps: (100003, 200003)[1;m
[1;41m[1;37mViolation encountered again after 5 steps: (300003, 100003)[1;m
[1;41m[1;37mViolation encountered again after 15 steps: (200002, [300003, 300002, 100001, 100002])[1;m
[1;41m[1;37mViolation encountered again after 15 steps: (200002, [200003, 200001, 300001, 300002, 100001, 100002])[1;m
[1;41m[1;37mThe following correctness violations have occurred: ['(100003, 200003)', '(300003, 100003)', '(200002, [300003, 300002, 100001, 100002])', '(200002, [200003, 200001, 300001, 300002, 100001, 100002])'][1;m
[1;36mRound 50 completed.[1;m
[1;36mDropping dataplane event[1;m
[1;36minjecting a random packet[1;m
[1;36minjecting a random packet[1;m
[1;36mRound 51 completed.[1;m
[1;36mForwarding dataplane event[1;m
[1;36mForwarding dataplane event[1;m
[1;36mCutting link (2:1) -> (3:1)[1;m
[1;36minjecting a random packet[1;m
[1;36mRound 52 completed.[1;m
[1;36mDropping dataplane event[1;m
[1;36mForwarding dataplane event[1;m
[1;36mDropping dataplane event[1;m
[1;36mBlocking connection [Con 10][1;m
[1;36mUnblocking connection [Con 10][1;m
[1;36mRound 53 completed.[1;m
[1;36mForwarding dataplane event[1;m
Duration: 28 nsec: 718224048
Duration: 29 nsec: 957120895
Duration: 24 nsec: 369240999
[1;36mCrashing software_switch SoftwareSwitch(dpid=1, num_ports=3)[1;m
[1;36mRound 54 completed.[1;m
[1;36mForwarding dataplane event[1;m
[1;36mBlocking connection [Con 9][1;m
[1;36mUnblocking connection [Con 9][1;m
[1;36mRestoring link (2:1) -> (3:1)[1;m
[1;36minjecting a random packet[1;m
[1;41m[1;37mFound 1 unconnected pair: set([(300003, 200003)])[1;m
[1;42m[1;37mViolation (200002, [300003, 300002, 100001, 100002]) turns out to be transient![1;m
[1;42m[1;37mViolation (100003, 200003) turns out to be transient![1;m
[1;42m[1;37mViolation (200002, [200003, 200001, 300001, 300002, 100001, 100002]) turns out to be transient![1;m
[1;42m[1;37mViolation (300003, 100003) turns out to be transient![1;m
[1;41m[1;37mThe following correctness violations have occurred: ['(300003, 200003)', '(100001, [300003, 300002])', '(100001, [200003, 200001, 300001, 300002])'][1;m
[1;36mRound 55 completed.[1;m
[1;36mDropping dataplane event[1;m
[1;36mRebooting software_switch SoftwareSwitch(dpid=1, num_ports=3)[1;m
connect_socket_with_backoff ('10.192.5.196', 6633)
connect_socket_with_backoff ('10.192.5.197', 6633)
[1;36minjecting a random packet[1;m
[1;36minjecting a random packet[1;m
[1;36mRound 56 completed.[1;m
[1;36mForwarding dataplane event[1;m
[1;36mForwarding dataplane event[1;m
[1;36mBlocking connection [Con 8][1;m
[1;36mUnblocking connection [Con 8][1;m
[1;36mCrashing software_switch SoftwareSwitch(dpid=1, num_ports=3)[1;m
[1;36mRound 57 completed.[1;m
[1;36mForwarding dataplane event[1;m
[1;36mBlocking connection [Con 8][1;m
[1;36mUnblocking connection [Con 8][1;m
[1;36minjecting a random packet[1;m
[1;36mRound 58 completed.[1;m
[1;36mForwarding dataplane event[1;m
[1;36mDropping dataplane event[1;m
[1;36mBlocking connection [Con 9][1;m
[1;36mUnblocking connection [Con 9][1;m
[1;36mRebooting software_switch SoftwareSwitch(dpid=1, num_ports=3)[1;m
connect_socket_with_backoff ('10.192.5.196', 6633)
connect_socket_with_backoff ('10.192.5.197', 6633)
[1;36minjecting a random packet[1;m
[1;36mRound 59 completed.[1;m
[1;36mForwarding dataplane event[1;m
[1;36minjecting a random packet[1;m
[1;41m[1;37mFound 1 unconnected pair: set([(100003, 200003)])[1;m
[1;42m[1;37mViolation (100001, [300003, 300002]) turns out to be transient![1;m
[1;42m[1;37mViolation (300003, 200003) turns out to be transient![1;m
[1;42m[1;37mViolation (100001, [200003, 200001, 300001, 300002]) turns out to be transient![1;m
[1;41m[1;37mThe following correctness violations have occurred: ['(100003, 200003)', '(200002, [300003, 300002, 100001, 100002])', '(200002, [200003, 200001, 300001, 300002, 100001, 100002])'][1;m
[1;36mRound 60 completed.[1;m
[1;36mDropping dataplane event[1;m
[1;36mForwarding dataplane event[1;m
[1;36mBlocking connection [Con 9][1;m
[1;36mUnblocking connection [Con 9][1;m
[1;36mCutting link (1:1) -> (3:2)[1;m
[1;36minjecting a random packet[1;m
[1;36minjecting a random packet[1;m
[1;36mRound 61 completed.[1;m
[1;36mForwarding dataplane event[1;m
[1;36mDropping dataplane event[1;m
[1;36mForwarding dataplane event[1;m
[1;36mBlocking connection [Con 13][1;m
[1;36mUnblocking connection [Con 13][1;m
[1;36minjecting a random packet[1;m
[1;36minjecting a random packet[1;m
[1;36mRound 62 completed.[1;m
[1;36mDropping dataplane event[1;m
[1;36mDropping dataplane event[1;m
[1;36mDropping dataplane event[1;m
[1;36mForwarding dataplane event[1;m
[1;36minjecting a random packet[1;m
[1;36mRound 63 completed.[1;m
[1;36mForwarding dataplane event[1;m
[1;36mForwarding dataplane event[1;m
[1;36mRestoring link (1:1) -> (3:2)[1;m
[1;36minjecting a random packet[1;m
[1;36mRound 64 completed.[1;m
[1;36mForwarding dataplane event[1;m
[1;36mForwarding dataplane event[1;m
[1;36mForwarding dataplane event[1;m
[1;36mForwarding dataplane event[1;m
[1;36mForwarding dataplane event[1;m
[1;36mForwarding dataplane event[1;m
[1;36mForwarding dataplane event[1;m
[1;36mDropping dataplane event[1;m
[1;36mForwarding dataplane event[1;m
[1;36mDropping dataplane event[1;m
[1;36mForwarding dataplane event[1;m
[1;36mDropping dataplane event[1;m
[1;36mForwarding dataplane event[1;m
[1;36mForwarding dataplane event[1;m
[1;36mBlocking connection [Con 13][1;m
[1;36mBlocking connection [Con 10][1;m
[1;36mUnblocking connection [Con 13][1;m
[1;36mUnblocking connection [Con 10][1;m
[1;36minjecting a random packet[1;m
[1;36minjecting a random packet[1;m
[1;41m[1;37mFound 2 unconnected pairs: set([(200003, 100003), (300003, 100003)])[1;m
[1;42m[1;37mViolation (100003, 200003) turns out to be transient![1;m
[1;41m[1;37mViolation encountered again after 5 steps: (200002, [300003, 300002, 100001, 100002])[1;m
[1;41m[1;37mViolation encountered again after 5 steps: (200002, [200003, 200001, 300001, 300002, 100001, 100002])[1;m
[1;41m[1;37mThe following correctness violations have occurred: ['(300003, 100003)', '(200002, [300003, 300002, 100001, 100002])', '(200003, 100003)', '(200002, [200003, 200001, 300001, 300002, 100001, 100002])'][1;m
[1;36mRound 65 completed.[1;m
[1;36mForwarding dataplane event[1;m
[1;36mForwarding dataplane event[1;m
[1;36mDropping dataplane event[1;m
[1;36mForwarding dataplane event[1;m
[1;36mForwarding dataplane event[1;m
[1;36mForwarding dataplane event[1;m
[1;36mForwarding dataplane event[1;m
[1;36mForwarding dataplane event[1;m
[1;36mForwarding dataplane event[1;m
[1;36mDropping dataplane event[1;m
[1;36mBlocking connection [Con 13][1;m
[1;36mUnblocking connection [Con 13][1;m
[1;36minjecting a random packet[1;m
[1;36minjecting a random packet[1;m
[1;36mRound 66 completed.[1;m
[1;36mForwarding dataplane event[1;m
[1;36mForwarding dataplane event[1;m
[1;36mForwarding dataplane event[1;m
[1;36mForwarding dataplane event[1;m
[1;36mForwarding dataplane event[1;m
[1;36mForwarding dataplane event[1;m
[1;36mForwarding dataplane event[1;m
[1;36mBlocking connection [Con 14][1;m
[1;36mUnblocking connection [Con 14][1;m
[1;36mRound 67 completed.[1;m
[1;36mForwarding dataplane event[1;m
[1;36mForwarding dataplane event[1;m
[1;36mForwarding dataplane event[1;m
[1;36mBlocking connection [Con 9][1;m
[1;36mUnblocking connection [Con 9][1;m
[1;36minjecting a random packet[1;m
[1;36mRound 68 completed.[1;m
[1;36mForwarding dataplane event[1;m
[1;36mForwarding dataplane event[1;m
[1;36mForwarding dataplane event[1;m
[1;36mForwarding dataplane event[1;m
[1;36mForwarding dataplane event[1;m
[1;36mDropping dataplane event[1;m
[1;36mForwarding dataplane event[1;m
[1;36minjecting a random packet[1;m
[1;36mRound 69 completed.[1;m
[1;36mForwarding dataplane event[1;m
[1;36mForwarding dataplane event[1;m
[1;36mBlocking connection [Con 13][1;m
[1;36mBlocking connection [Con 14][1;m
[1;36mBlocking connection [Con 7][1;m
[1;36mUnblocking connection [Con 13][1;m
[1;36mUnblocking connection [Con 14][1;m
[1;36mUnblocking connection [Con 7][1;m
[1;41m[1;37mFound 2 unconnected pairs: set([(200003, 100003), (100003, 200003)])[1;m
[1;42m[1;37mViolation (300003, 100003) turns out to be transient![1;m
[1;41m[1;37mViolation encountered again after 10 steps: (200002, [300003, 300002, 100001, 100002])[1;m
[1;41m[1;37mViolation encountered again after 5 steps: (200003, 100003)[1;m
[1;41m[1;37mViolation encountered again after 10 steps: (200002, [200003, 200001, 300001, 300002, 100001, 100002])[1;m
[1;41m[1;37mThe following correctness violations have occurred: ['(100003, 200003)', '(200002, [300003, 300002, 100001, 100002])', '(200003, 100003)', '(200002, [200003, 200001, 300001, 300002, 100001, 100002])'][1;m
[1;36mRound 70 completed.[1;m
[1;36mForwarding dataplane event[1;m
[1;36mDropping dataplane event[1;m
[1;36mDropping dataplane event[1;m
[1;36mDropping dataplane event[1;m
[1;36mForwarding dataplane event[1;m
[1;36mDropping dataplane event[1;m
[1;36mDropping dataplane event[1;m
[1;36mForwarding dataplane event[1;m
[1;36mDropping dataplane event[1;m
[1;36mBlocking connection [Con 13][1;m
[1;36mUnblocking connection [Con 13][1;m
[1;36minjecting a random packet[1;m
[1;36mRound 71 completed.[1;m
[1;36mForwarding dataplane event[1;m
[1;36mDropping dataplane event[1;m
[1;36mForwarding dataplane event[1;m
[1;36mBlocking connection [Con 8][1;m
[1;36mUnblocking connection [Con 8][1;m
[1;36minjecting a random packet[1;m
[1;36mRound 72 completed.[1;m
[1;36mForwarding dataplane event[1;m
[1;36mForwarding dataplane event[1;m
[1;36mBlocking connection [Con 13][1;m
[1;36mUnblocking connection [Con 13][1;m
[1;36mCutting link (1:2) -> (2:2)[1;m
[1;36minjecting a random packet[1;m
[1;36mRound 73 completed.[1;m
[1;36mForwarding dataplane event[1;m
[1;36mForwarding dataplane event[1;m
[1;36mDropping dataplane event[1;m
[1;36mBlocking connection [Con 14][1;m
[1;36mBlocking connection [Con 8][1;m
[1;36mUnblocking connection [Con 14][1;m
[1;36mUnblocking connection [Con 8][1;m
[1;36mRestoring link (1:2) -> (2:2)[1;m
[1;36minjecting a random packet[1;m
[1;36mRound 74 completed.[1;m
[1;36mForwarding dataplane event[1;m
[1;36mDropping dataplane event[1;m
[1;36mDropping dataplane event[1;m
[1;41m[1;37mFound 1 unconnected pair: set([(300003, 100003)])[1;m
[1;42m[1;37mViolation (100003, 200003) turns out to be transient![1;m
[1;42m[1;37mViolation (200003, 100003) turns out to be transient![1;m
[1;41m[1;37mViolation encountered again after 15 steps: (200002, [300003, 300002, 100001, 100002])[1;m
[1;41m[1;37mViolation encountered again after 15 steps: (200002, [200003, 200001, 300001, 300002, 100001, 100002])[1;m
[1;41m[1;37mThe following correctness violations have occurred: ['(300003, 100003)', '(200002, [300003, 300002, 100001, 100002])', '(200002, [200003, 200001, 300001, 300002, 100001, 100002])'][1;m
[1;36mRound 75 completed.[1;m
[1;36mForwarding dataplane event[1;m
Duration: 39 nsec: 862769842
Duration: 39 nsec: 328178882
[1;36mCutting link (3:2) -> (1:1)[1;m
[1;36mCutting link (1:2) -> (2:2)[1;m
[1;36minjecting a random packet[1;m
[1;36mRound 76 completed.[1;m
[1;36mForwarding dataplane event[1;m
[1;36mForwarding dataplane event[1;m
[1;36mBlocking connection [Con 7][1;m
[1;36mBlocking connection [Con 10][1;m
[1;36mUnblocking connection [Con 7][1;m
[1;36mUnblocking connection [Con 10][1;m
[1;36mCrashing software_switch SoftwareSwitch(dpid=3, num_ports=3)[1;m
[1;36mRestoring link (3:2) -> (1:1)[1;m
[1;36mRestoring link (1:2) -> (2:2)[1;m
[1;36mRound 77 completed.[1;m
[1;36mForwarding dataplane event[1;m
Duration: 46 nsec: 498980998
Duration: 40 nsec: 911121845
[1;36mRound 78 completed.[1;m
[1;36mForwarding dataplane event[1;m
[1;36minjecting a random packet[1;m
[1;36mRound 79 completed.[1;m
[1;36mDropping dataplane event[1;m
[1;36mBlocking connection [Con 13][1;m
[1;36mBlocking connection [Con 14][1;m
[1;36mUnblocking connection [Con 13][1;m
[1;36mUnblocking connection [Con 14][1;m
[1;42m[1;37mFully connected![1;m
[1;42m[1;37mViolation (200002, [300003, 300002, 100001, 100002]) turns out to be transient![1;m
[1;42m[1;37mViolation (200002, [200003, 200001, 300001, 300002, 100001, 100002]) turns out to be transient![1;m
[1;42m[1;37mViolation (300003, 100003) turns out to be transient![1;m
[1;41m[1;37mThe following correctness violations have occurred: ['(300002, [100003, 100001])', '(300001, [200003, 200001])'][1;m
[1;36mRound 80 completed.[1;m
[1;36mBlocking connection [Con 13][1;m
[1;36mUnblocking connection [Con 13][1;m
[1;36mRebooting software_switch SoftwareSwitch(dpid=3, num_ports=3)[1;m
connect_socket_with_backoff ('10.192.5.196', 6633)
connect_socket_with_backoff ('10.192.5.197', 6633)
[1;36mRound 81 completed.[1;m
[1;36mBlocking connection [Con 8][1;m
[1;36mUnblocking connection [Con 8][1;m
[1;36minjecting a random packet[1;m
[1;36mRound 82 completed.[1;m
[1;36mDropping dataplane event[1;m
[1;36mRound 83 completed.[1;m
[1;36mBlocking connection [Con 13][1;m
[1;36mUnblocking connection [Con 13][1;m
[1;36mRound 84 completed.[1;m
[1;36minjecting a random packet[1;m
[1;36minjecting a random packet[1;m
[1;42m[1;37mFully connected![1;m
[1;42m[1;37mViolation (300001, [200003, 200001]) turns out to be transient![1;m
[1;42m[1;37mViolation (300002, [100003, 100001]) turns out to be transient![1;m
[1;41m[1;37mThe following correctness violations have occurred: ['(200002, [300003, 300002, 100001, 100002])', '(200002, [200003, 200001, 300001, 300002, 100001, 100002])'][1;m
[1;36mRound 85 completed.[1;m
[1;36mDropping dataplane event[1;m
[1;36mForwarding dataplane event[1;m
[1;36mRound 86 completed.[1;m
[1;36mForwarding dataplane event[1;m
[1;36mForwarding dataplane event[1;m
[1;36mForwarding dataplane event[1;m
[1;36mDropping dataplane event[1;m
[1;36mForwarding dataplane event[1;m
[1;36mForwarding dataplane event[1;m
[1;36mForwarding dataplane event[1;m
[1;36mForwarding dataplane event[1;m
[1;36mForwarding dataplane event[1;m
[1;36mDropping dataplane event[1;m
[1;36mForwarding dataplane event[1;m
[1;36mForwarding dataplane event[1;m
[1;36mForwarding dataplane event[1;m
[1;36minjecting a random packet[1;m
[1;36minjecting a random packet[1;m
[1;36mRound 87 completed.[1;m
[1;36mDropping dataplane event[1;m
[1;36mForwarding dataplane event[1;m
[1;36mForwarding dataplane event[1;m
[1;36mForwarding dataplane event[1;m
[1;36mForwarding dataplane event[1;m
[1;36mDropping dataplane event[1;m
[1;36mForwarding dataplane event[1;m
[1;36mForwarding dataplane event[1;m
Duration: 52 nsec: 126718997
[1;36minjecting a random packet[1;m
[1;36mRound 88 completed.[1;m
[1;36mForwarding dataplane event[1;m
[1;36mForwarding dataplane event[1;m
[1;36mForwarding dataplane event[1;m
[1;36mForwarding dataplane event[1;m
[1;36mForwarding dataplane event[1;m
[1;36minjecting a random packet[1;m
[1;36minjecting a random packet[1;m
[1;36mRound 89 completed.[1;m
[1;36mForwarding dataplane event[1;m
[1;36mForwarding dataplane event[1;m
[1;36mForwarding dataplane event[1;m
[1;36minjecting a random packet[1;m
[1;41m[1;37mFound 2 unconnected pairs: set([(100003, 200003), (300003, 100003)])[1;m
[1;41m[1;37mViolation encountered again after 5 steps: (200002, [300003, 300002, 100001, 100002])[1;m
[1;41m[1;37mViolation encountered again after 5 steps: (200002, [200003, 200001, 300001, 300002, 100001, 100002])[1;m
[1;41m[1;37mThe following correctness violations have occurred: ['(100003, 200003)', '(300003, 100003)', '(200002, [300003, 300002, 100001, 100002])', '(200002, [200003, 200001, 300001, 300002, 100001, 100002])'][1;m
[1;36mRound 90 completed.[1;m
[1;36mForwarding dataplane event[1;m
[1;36mForwarding dataplane event[1;m
[1;36mForwarding dataplane event[1;m
[1;36mForwarding dataplane event[1;m
[1;36mForwarding dataplane event[1;m
[1;36mBlocking connection [Con 8][1;m
[1;36mUnblocking connection [Con 8][1;m
[1;36minjecting a random packet[1;m
[1;36mRound 91 completed.[1;m
[1;36mDropping dataplane event[1;m
[1;36mDropping dataplane event[1;m
[1;36mForwarding dataplane event[1;m
[1;36mForwarding dataplane event[1;m
[1;36mBlocking connection [Con 15][1;m
[1;36mUnblocking connection [Con 15][1;m
[1;36minjecting a random packet[1;m
[1;36minjecting a random packet[1;m
[1;36minjecting a random packet[1;m
[1;36mRound 92 completed.[1;m
[1;36mForwarding dataplane event[1;m
[1;36mDropping dataplane event[1;m
[1;36mForwarding dataplane event[1;m
[1;36mForwarding dataplane event[1;m
[1;36mCrashing software_switch SoftwareSwitch(dpid=3, num_ports=3)[1;m
[1;36mRound 93 completed.[1;m
[1;36mDropping dataplane event[1;m
[1;36mForwarding dataplane event[1;m
Duration: 57 nsec: 212677955
Duration: 57 nsec: 218477964
Duration: 51 nsec: 630630970
[1;36mRebooting software_switch SoftwareSwitch(dpid=3, num_ports=3)[1;m
connect_socket_with_backoff ('10.192.5.196', 6633)
connect_socket_with_backoff ('10.192.5.197', 6633)
[1;36mRound 94 completed.[1;m
[1;36mForwarding dataplane event[1;m
[1;36minjecting a random packet[1;m
[1;36minjecting a random packet[1;m
[1;41m[1;37mFound 2 unconnected pairs: set([(200003, 100003), (300003, 100003)])[1;m
[1;42m[1;37mViolation (100003, 200003) turns out to be transient![1;m
[1;41m[1;37mViolation encountered again after 5 steps: (300003, 100003)[1;m
[1;41m[1;37mViolation encountered again after 10 steps: (200002, [300003, 300002, 100001, 100002])[1;m
[1;41m[1;37mViolation encountered again after 10 steps: (200002, [200003, 200001, 300001, 300002, 100001, 100002])[1;m
[1;41m[1;37mThe following correctness violations have occurred: ['(300003, 100003)', '(200002, [300003, 300002, 100001, 100002])', '(200003, 100003)', '(200002, [200003, 200001, 300001, 300002, 100001, 100002])'][1;m
[1;36mRound 95 completed.[1;m
[1;36mForwarding dataplane event[1;m
[1;36mForwarding dataplane event[1;m
[1;36mBlocking connection [Con 14][1;m
[1;36mBlocking connection [Con 7][1;m
[1;36mBlocking connection [Con 17][1;m
[1;36mUnblocking connection [Con 14][1;m
[1;36mUnblocking connection [Con 7][1;m
[1;36mUnblocking connection [Con 17][1;m
[1;36mRound 96 completed.[1;m
[1;36mForwarding dataplane event[1;m
[1;36minjecting a random packet[1;m
[1;36minjecting a random packet[1;m
[1;36mRound 97 completed.[1;m
[1;36mForwarding dataplane event[1;m
[1;36mForwarding dataplane event[1;m
[1;36mForwarding dataplane event[1;m
[1;36mForwarding dataplane event[1;m
[1;36mForwarding dataplane event[1;m
[1;36mDropping dataplane event[1;m
[1;36mRound 98 completed.[1;m
[1;36mForwarding dataplane event[1;m
[1;36mRound 99 completed.[1;m
[1;36mForwarding dataplane event[1;m
[1;36mBlocking connection [Con 7][1;m
[1;36mUnblocking connection [Con 7][1;m
[1;41m[1;37mFound 1 unconnected pair: set([(300003, 100003)])[1;m
[1;42m[1;37mViolation (200003, 100003) turns out to be transient![1;m
[1;41m[1;37mViolation encountered again after 10 steps: (300003, 100003)[1;m
[1;41m[1;37mViolation encountered again after 15 steps: (200002, [300003, 300002, 100001, 100002])[1;m
[1;41m[1;37mViolation encountered again after 15 steps: (200002, [200003, 200001, 300001, 300002, 100001, 100002])[1;m
[1;41m[1;37mThe following correctness violations have occurred: ['(300003, 100003)', '(200002, [300003, 300002, 100001, 100002])', '(200002, [200003, 200001, 300001, 300002, 100001, 100002])'][1;m
[1;36mRound 100 completed.[1;m
[1;36mForwarding dataplane event[1;m
[1;36mForwarding dataplane event[1;m
[1;36mForwarding dataplane event[1;m
[1;36mForwarding dataplane event[1;m
[1;36mDropping dataplane event[1;m
[1;36mForwarding dataplane event[1;m
[1;36minjecting a random packet[1;m
[1;36minjecting a random packet[1;m
[1;36mRound 101 completed.[1;m
[1;36mForwarding dataplane event[1;m
[1;36mDropping dataplane event[1;m
[1;36mBlocking connection [Con 8][1;m
[1;36mUnblocking connection [Con 8][1;m
Duration: 63 nsec: 53572893
[1;36minjecting a random packet[1;m
[1;36minjecting a random packet[1;m
[1;36mRound 102 completed.[1;m
[1;36mForwarding dataplane event[1;m
[1;36mForwarding dataplane event[1;m
[1;36mForwarding dataplane event[1;m
[1;36mForwarding dataplane event[1;m
[1;36mCutting link (3:1) -> (2:1)[1;m
[1;36minjecting a random packet[1;m
[1;36mRound 103 completed.[1;m
[1;36mForwarding dataplane event[1;m
[1;36mForwarding dataplane event[1;m
[1;36mForwarding dataplane event[1;m
[1;36mForwarding dataplane event[1;m
[1;36minjecting a random packet[1;m
[1;36minjecting a random packet[1;m
[1;36mRound 104 completed.[1;m
[1;36mForwarding dataplane event[1;m
[1;36mForwarding dataplane event[1;m
[1;36mForwarding dataplane event[1;m
[1;36mDropping dataplane event[1;m
[1;36mForwarding dataplane event[1;m
[1;36mBlocking connection [Con 13][1;m
[1;36mBlocking connection [Con 17][1;m
[1;36mUnblocking connection [Con 13][1;m
[1;36mUnblocking connection [Con 17][1;m
Duration: 64 nsec: 639441013
Duration: 59 nsec: 51622867
Duration: 63 nsec: 403861045
[1;36mRestoring link (3:1) -> (2:1)[1;m
[1;41m[1;37mFound 2 unconnected pairs: set([(200003, 100003), (300003, 100003)])[1;m
[1;41m[1;37mViolation encountered again after 15 steps: (300003, 100003)[1;m
[1;41m[1;37mViolation encountered again after 20 steps: (200002, [300003, 300002, 100001, 100002])[1;m
[1;41m[1;37mViolation encountered again after 20 steps: (200002, [200003, 200001, 300001, 300002, 100001, 100002])[1;m
[1;41m[1;37mThe following correctness violations have occurred: ['(300003, 100003)', '(200002, [300003, 300002, 100001, 100002])', '(200003, 100003)', '(200002, [200003, 200001, 300001, 300002, 100001, 100002])'][1;m
[1;36mRound 105 completed.[1;m
[1;36mForwarding dataplane event[1;m
[1;36mForwarding dataplane event[1;m
[1;36mForwarding dataplane event[1;m
[1;36minjecting a random packet[1;m
[1;36minjecting a random packet[1;m
[1;36mRound 106 completed.[1;m
[1;36mForwarding dataplane event[1;m
[1;36mDropping dataplane event[1;m
[1;36mForwarding dataplane event[1;m
[1;36mForwarding dataplane event[1;m
[1;36mBlocking connection [Con 7][1;m
[1;36mUnblocking connection [Con 7][1;m
[1;36mCutting link (2:1) -> (3:1)[1;m
[1;36minjecting a random packet[1;m
[1;36mRound 107 completed.[1;m
[1;36mForwarding dataplane event[1;m
[1;36mForwarding dataplane event[1;m
[1;36mDropping dataplane event[1;m
[1;36mBlocking connection [Con 8][1;m
[1;36mUnblocking connection [Con 8][1;m
[1;36mRestoring link (2:1) -> (3:1)[1;m
[1;36minjecting a random packet[1;m
[1;36minjecting a random packet[1;m
[1;36mRound 108 completed.[1;m
[1;36mForwarding dataplane event[1;m
[1;36mForwarding dataplane event[1;m
[1;36mForwarding dataplane event[1;m
[1;36mBlocking connection [Con 8][1;m
[1;36mUnblocking connection [Con 8][1;m
[1;36mRound 109 completed.[1;m
[1;36mDropping dataplane event[1;m
[1;36mForwarding dataplane event[1;m
[1;36mForwarding dataplane event[1;m
[1;36mForwarding dataplane event[1;m
[1;36mForwarding dataplane event[1;m
[1;36mForwarding dataplane event[1;m
[1;36mForwarding dataplane event[1;m
[1;36mForwarding dataplane event[1;m
[1;36mForwarding dataplane event[1;m
[1;36mDropping dataplane event[1;m
[1;36mForwarding dataplane event[1;m
[1;36mForwarding dataplane event[1;m
[1;36mForwarding dataplane event[1;m
[1;36mDropping dataplane event[1;m
[1;36mForwarding dataplane event[1;m
[1;36mForwarding dataplane event[1;m
[1;36mForwarding dataplane event[1;m
[1;36mForwarding dataplane event[1;m
[1;36mForwarding dataplane event[1;m
[1;36mBlocking connection [Con 18][1;m
[1;36mUnblocking connection [Con 18][1;m
[1;36minjecting a random packet[1;m
[1;41m[1;37mFound 3 unconnected pairs: set([(200003, 100003), (100003, 200003), (300003, 100003)])[1;m
[1;41m[1;37mViolation encountered again after 20 steps: (300003, 100003)[1;m
[1;41m[1;37mViolation encountered again after 25 steps: (200002, [300003, 300002, 100001, 100002])[1;m
[1;41m[1;37mViolation encountered again after 5 steps: (200003, 100003)[1;m
[1;41m[1;37mViolation encountered again after 25 steps: (200002, [200003, 200001, 300001, 300002, 100001, 100002])[1;m
[1;41m[1;37mThe following correctness violations have occurred: ['(100003, 200003)', '(300003, 100003)', '(200002, [300003, 300002, 100001, 100002])', '(200003, 100003)', '(200002, [200003, 200001, 300001, 300002, 100001, 100002])'][1;m
[1;36mRound 110 completed.[1;m
[1;36mForwarding dataplane event[1;m
[1;36mForwarding dataplane event[1;m
[1;36mDropping dataplane event[1;m
[1;36mForwarding dataplane event[1;m
[1;36minjecting a random packet[1;m
[1;36mRound 111 completed.[1;m
[1;36mForwarding dataplane event[1;m
[1;36mForwarding dataplane event[1;m
[1;36mRound 112 completed.[1;m
[1;36mForwarding dataplane event[1;m
[1;36mDropping dataplane event[1;m
[1;36mForwarding dataplane event[1;m
[1;36mDropping dataplane event[1;m
[1;36mBlocking connection [Con 18][1;m
[1;36mUnblocking connection [Con 18][1;m
[1;36minjecting a random packet[1;m
[1;36minjecting a random packet[1;m
[1;36mRound 113 completed.[1;m
[1;36mForwarding dataplane event[1;m
[1;36mForwarding dataplane event[1;m
[1;36minjecting a random packet[1;m
[1;36mRound 114 completed.[1;m
[1;36mForwarding dataplane event[1;m
[1;36mDropping dataplane event[1;m
[1;36mBlocking connection [Con 14][1;m
[1;36mUnblocking connection [Con 14][1;m
[1;36mCrashing software_switch SoftwareSwitch(dpid=3, num_ports=3)[1;m
[1;36mCutting link (2:1) -> (3:1)[1;m
[1;41m[1;37mFound 1 unconnected pair: set([(100003, 200003)])[1;m
[1;42m[1;37mViolation (200002, [300003, 300002, 100001, 100002]) turns out to be transient![1;m
[1;42m[1;37mViolation (200002, [200003, 200001, 300001, 300002, 100001, 100002]) turns out to be transient![1;m
[1;42m[1;37mViolation (200003, 100003) turns out to be transient![1;m
[1;42m[1;37mViolation (300003, 100003) turns out to be transient![1;m
[1;41m[1;37mViolation encountered again after 5 steps: (100003, 200003)[1;m
[1;41m[1;37mThe following correctness violations have occurred: ['(100003, 200003)', '(300002, [100003, 100001])'][1;m
[1;36mRound 115 completed.[1;m
[1;36mDropping dataplane event[1;m
[1;36mBlocking connection [Con 13][1;m
[1;36mUnblocking connection [Con 13][1;m
Duration: 72 nsec: 539968967
Duration: 66 nsec: 952375888
Duration: 72 nsec: 539086103
[1;36mRestoring link (2:1) -> (3:1)[1;m
[1;36mRound 116 completed.[1;m
[1;36mBlocking connection [Con 14][1;m
[1;36mUnblocking connection [Con 14][1;m
[1;36minjecting a random packet[1;m
[1;36mRound 117 completed.[1;m
[1;36mForwarding dataplane event[1;m
[1;36mRebooting software_switch SoftwareSwitch(dpid=3, num_ports=3)[1;m
connect_socket_with_backoff ('10.192.5.196', 6633)
connect_socket_with_backoff ('10.192.5.197', 6633)
[1;36minjecting a random packet[1;m
[1;36minjecting a random packet[1;m
[1;36mRound 118 completed.[1;m
[1;36mForwarding dataplane event[1;m
[1;36mForwarding dataplane event[1;m
[1;36mForwarding dataplane event[1;m
[1;36minjecting a random packet[1;m
[1;36mRound 119 completed.[1;m
[1;36mForwarding dataplane event[1;m
[1;36mForwarding dataplane event[1;m
[1;36mForwarding dataplane event[1;m
[1;36minjecting a random packet[1;m
[1;41m[1;37mFound 3 unconnected pairs: set([(200003, 100003), (100003, 200003), (300003, 100003)])[1;m
[1;42m[1;37mViolation (300002, [100003, 100001]) turns out to be transient![1;m
[1;41m[1;37mViolation encountered again after 10 steps: (100003, 200003)[1;m
[1;41m[1;37mThe following correctness violations have occurred: ['(100003, 200003)', '(300003, 100003)', '(200002, [300003, 300002, 100001, 100002])', '(200003, 100003)', '(200002, [200003, 200001, 300001, 300002, 100001, 100002])'][1;m
[1;36mRound 120 completed.[1;m
[1;36mForwarding dataplane event[1;m
[1;36mDropping dataplane event[1;m
[1;36mForwarding dataplane event[1;m
[1;36mDropping dataplane event[1;m
[1;36mForwarding dataplane event[1;m
[1;36mForwarding dataplane event[1;m
[1;36mBlocking connection [Con 8][1;m
[1;36mUnblocking connection [Con 8][1;m
[1;36mRound 121 completed.[1;m
[1;36mDropping dataplane event[1;m
[1;36minjecting a random packet[1;m
[1;36mRound 122 completed.[1;m
[1;36mForwarding dataplane event[1;m
[1;36mRound 123 completed.[1;m
[1;36mForwarding dataplane event[1;m
[1;36mBlocking connection [Con 20][1;m
[1;36mUnblocking connection [Con 20][1;m
[1;36mCrashing software_switch SoftwareSwitch(dpid=3, num_ports=3)[1;m
[1;36mRound 124 completed.[1;m
[1;36mForwarding dataplane event[1;m
[1;36mForwarding dataplane event[1;m
[1;36mForwarding dataplane event[1;m
[1;36mForwarding dataplane event[1;m
[1;36mForwarding dataplane event[1;m
[1;36mForwarding dataplane event[1;m
[1;36mForwarding dataplane event[1;m
[1;36mBlocking connection [Con 14][1;m
[1;36mUnblocking connection [Con 14][1;m
[1;42m[1;37mFully connected![1;m
[1;42m[1;37mViolation (200002, [300003, 300002, 100001, 100002]) turns out to be transient![1;m
[1;42m[1;37mViolation (100003, 200003) turns out to be transient![1;m
[1;42m[1;37mViolation (200002, [200003, 200001, 300001, 300002, 100001, 100002]) turns out to be transient![1;m
[1;42m[1;37mViolation (200003, 100003) turns out to be transient![1;m
[1;42m[1;37mViolation (300003, 100003) turns out to be transient![1;m
[1;41m[1;37mThe following correctness violations have occurred: ['(300002, [100003, 100001])', '(300001, [200003, 200001])'][1;m
[1;36mRound 125 completed.[1;m
[1;36mBlocking connection [Con 13][1;m
[1;36mUnblocking connection [Con 13][1;m
[1;36mRebooting software_switch SoftwareSwitch(dpid=3, num_ports=3)[1;m
connect_socket_with_backoff ('10.192.5.196', 6633)
connect_socket_with_backoff ('10.192.5.197', 6633)
[1;36mRound 126 completed.[1;m
[1;36minjecting a random packet[1;m
[1;36minjecting a random packet[1;m
[1;36mRound 127 completed.[1;m
[1;36mForwarding dataplane event[1;m
[1;36mDropping dataplane event[1;m
[1;36mCutting link (1:2) -> (2:2)[1;m
[1;36minjecting a random packet[1;m
[1;36mRound 128 completed.[1;m
[1;36mForwarding dataplane event[1;m
[1;36mForwarding dataplane event[1;m
[1;36mRestoring link (1:2) -> (2:2)[1;m
[1;36minjecting a random packet[1;m
[1;36mRound 129 completed.[1;m
[1;36mDropping dataplane event[1;m
[1;36mDropping dataplane event[1;m
[1;36mForwarding dataplane event[1;m
[1;36mBlocking connection [Con 13][1;m
[1;36mUnblocking connection [Con 13][1;m
Duration: 76 nsec: 185384988
Duration: 75 nsec: 650776863
[1;36minjecting a random packet[1;m
[1;42m[1;37mFully connected![1;m
[1;42m[1;37mViolation (300001, [200003, 200001]) turns out to be transient![1;m
[1;42m[1;37mViolation (300002, [100003, 100001]) turns out to be transient![1;m
[1;41m[1;37mThe following correctness violations have occurred: ['(200002, [300003, 300002, 100001, 100002])', '(200002, [200003, 200001, 300001, 300002, 100001, 100002])'][1;m
[1;36mRound 130 completed.[1;m
[1;36mDropping dataplane event[1;m
[1;36mForwarding dataplane event[1;m
[1;36minjecting a random packet[1;m
[1;36minjecting a random packet[1;m
[1;36mRound 131 completed.[1;m
[1;36mForwarding dataplane event[1;m
[1;36mForwarding dataplane event[1;m
[1;36mForwarding dataplane event[1;m
[1;36mForwarding dataplane event[1;m
[1;36mForwarding dataplane event[1;m
[1;36mForwarding dataplane event[1;m
[1;36mDropping dataplane event[1;m
[1;36mForwarding dataplane event[1;m
[1;36mForwarding dataplane event[1;m
[1;36mForwarding dataplane event[1;m
[1;36mForwarding dataplane event[1;m
[1;36mForwarding dataplane event[1;m
[1;36mForwarding dataplane event[1;m
[1;36mForwarding dataplane event[1;m
[1;36mForwarding dataplane event[1;m
[1;36minjecting a random packet[1;m
[1;36mRound 132 completed.[1;m
[1;36mForwarding dataplane event[1;m
[1;36mForwarding dataplane event[1;m
[1;36mDropping dataplane event[1;m
[1;36mForwarding dataplane event[1;m
[1;36mForwarding dataplane event[1;m
[1;36mForwarding dataplane event[1;m
[1;36mForwarding dataplane event[1;m
[1;36mDropping dataplane event[1;m
[1;36mForwarding dataplane event[1;m
[1;36mForwarding dataplane event[1;m
Duration: 84 nsec: 89044094
[1;36mRound 133 completed.[1;m
[1;36mForwarding dataplane event[1;m
[1;36mForwarding dataplane event[1;m
[1;36mForwarding dataplane event[1;m
[1;36mRound 134 completed.[1;m
[1;36mForwarding dataplane event[1;m
[1;41m[1;37mFound 2 unconnected pairs: set([(200003, 100003), (300003, 100003)])[1;m
[1;41m[1;37mViolation encountered again after 5 steps: (200002, [300003, 300002, 100001, 100002])[1;m
[1;41m[1;37mViolation encountered again after 5 steps: (200002, [200003, 200001, 300001, 300002, 100001, 100002])[1;m
[1;41m[1;37mThe following correctness violations have occurred: ['(300003, 100003)', '(200002, [300003, 300002, 100001, 100002])', '(200003, 100003)', '(200002, [200003, 200001, 300001, 300002, 100001, 100002])'][1;m
[1;36mRound 135 completed.[1;m
[1;36minjecting a random packet[1;m
[1;36minjecting a random packet[1;m
[1;36minjecting a random packet[1;m
[1;36mRound 136 completed.[1;m
[1;36mForwarding dataplane event[1;m
[1;36mDropping dataplane event[1;m
[1;36mForwarding dataplane event[1;m
[1;36minjecting a random packet[1;m
[1;36minjecting a random packet[1;m
[1;36minjecting a random packet[1;m
[1;36mRound 137 completed.[1;m
[1;36mForwarding dataplane event[1;m
[1;36mForwarding dataplane event[1;m
[1;36mForwarding dataplane event[1;m
[1;36mForwarding dataplane event[1;m
[1;36mForwarding dataplane event[1;m
[1;36mRound 138 completed.[1;m
[1;36mForwarding dataplane event[1;m
[1;36mForwarding dataplane event[1;m
[1;36mForwarding dataplane event[1;m
[1;36mForwarding dataplane event[1;m
[1;36mBlocking connection [Con 7][1;m
[1;36mBlocking connection [Con 21][1;m
[1;36mUnblocking connection [Con 7][1;m
[1;36mUnblocking connection [Con 21][1;m
[1;36minjecting a random packet[1;m
[1;36mRound 139 completed.[1;m
[1;36mForwarding dataplane event[1;m
[1;36mDropping dataplane event[1;m
[1;36mForwarding dataplane event[1;m
[1;36mDropping dataplane event[1;m
[1;36mForwarding dataplane event[1;m
[1;36minjecting a random packet[1;m
[1;41m[1;37mFound 2 unconnected pairs: set([(200003, 100003), (100003, 200003)])[1;m
[1;42m[1;37mViolation (300003, 100003) turns out to be transient![1;m
[1;41m[1;37mViolation encountered again after 10 steps: (200002, [300003, 300002, 100001, 100002])[1;m
[1;41m[1;37mViolation encountered again after 5 steps: (200003, 100003)[1;m
[1;41m[1;37mViolation encountered again after 10 steps: (200002, [200003, 200001, 300001, 300002, 100001, 100002])[1;m
[1;41m[1;37mThe following correctness violations have occurred: ['(100003, 200003)', '(200002, [300003, 300002, 100001, 100002])', '(200003, 100003)', '(200002, [200003, 200001, 300001, 300002, 100001, 100002])'][1;m
[1;36mRound 140 completed.[1;m
[1;36mDropping dataplane event[1;m
[1;36mForwarding dataplane event[1;m
[1;36minjecting a random packet[1;m
[1;36mRound 141 completed.[1;m
[1;36mDropping dataplane event[1;m
[1;36mForwarding dataplane event[1;m
[1;36mBlocking connection [Con 21][1;m
[1;36mUnblocking connection [Con 21][1;m
[1;36minjecting a random packet[1;m
[1;36mRound 142 completed.[1;m
[1;36mForwarding dataplane event[1;m
[1;36mDropping dataplane event[1;m
[1;36mBlocking connection [Con 7][1;m
[1;36mUnblocking connection [Con 7][1;m
[1;36minjecting a random packet[1;m
[1;36mRound 143 completed.[1;m
[1;36mForwarding dataplane event[1;m
[1;36mBlocking connection [Con 21][1;m
[1;36mBlocking connection [Con 22][1;m
[1;36mUnblocking connection [Con 21][1;m
[1;36mUnblocking connection [Con 22][1;m
[1;36mCutting link (1:1) -> (3:2)[1;m
[1;36mRound 144 completed.[1;m
[1;36minjecting a random packet[1;m
[1;36minjecting a random packet[1;m
[1;36minjecting a random packet[1;m
[1;41m[1;37mFound 1 unconnected pair: set([(100003, 200003)])[1;m
[1;42m[1;37mViolation (200003, 100003) turns out to be transient![1;m
[1;41m[1;37mViolation encountered again after 5 steps: (100003, 200003)[1;m
[1;41m[1;37mViolation encountered again after 15 steps: (200002, [300003, 300002, 100001, 100002])[1;m
[1;41m[1;37mViolation encountered again after 15 steps: (200002, [200003, 200001, 300001, 300002, 100001, 100002])[1;m
[1;41m[1;37mThe following correctness violations have occurred: ['(100003, 200003)', '(200002, [300003, 300002, 100001, 100002])', '(200002, [200003, 200001, 300001, 300002, 100001, 100002])'][1;m
[1;36mRound 145 completed.[1;m
[1;36mForwarding dataplane event[1;m
[1;36mDropping dataplane event[1;m
[1;36mForwarding dataplane event[1;m
Duration: 87 nsec: 436197042
Duration: 86 nsec: 904067039
Duration: 93 nsec: 23421049
[1;36minjecting a random packet[1;m
[1;36mRound 146 completed.[1;m
[1;36mDropping dataplane event[1;m
[1;36mForwarding dataplane event[1;m
[1;36mForwarding dataplane event[1;m
[1;36mRestoring link (1:1) -> (3:2)[1;m
[1;36minjecting a random packet[1;m
[1;36mRound 147 completed.[1;m
[1;36mForwarding dataplane event[1;m
[1;36mForwarding dataplane event[1;m
[1;36mForwarding dataplane event[1;m
[1;36minjecting a random packet[1;m
[1;36minjecting a random packet[1;m
[1;36mRound 148 completed.[1;m
[1;36mForwarding dataplane event[1;m
[1;36mDropping dataplane event[1;m
[1;36mDropping dataplane event[1;m
[1;36mDropping dataplane event[1;m
[1;36mCutting link (2:2) -> (1:2)[1;m
[1;36minjecting a random packet[1;m
[1;36minjecting a random packet[1;m
[1;36mRound 149 completed.[1;m
[1;36mDropping dataplane event[1;m
[1;36mForwarding dataplane event[1;m
[1;41m[1;37mFound 2 unconnected pairs: set([(200003, 100003), (300003, 100003)])[1;m
[1;42m[1;37mViolation (100003, 200003) turns out to be transient![1;m
[1;41m[1;37mViolation encountered again after 20 steps: (200002, [300003, 300002, 100001, 100002])[1;m
[1;41m[1;37mViolation encountered again after 20 steps: (200002, [200003, 200001, 300001, 300002, 100001, 100002])[1;m
[1;41m[1;37mThe following correctness violations have occurred: ['(300003, 100003)', '(200002, [300003, 300002, 100001, 100002])', '(200003, 100003)', '(200002, [200003, 200001, 300001, 300002, 100001, 100002])'][1;m
[1;36mRound 150 completed.[1;m
[1;36mForwarding dataplane event[1;m
[1;36mBlocking connection [Con 14][1;m
[1;36mUnblocking connection [Con 14][1;m
Duration: 90 nsec: 758646965
Duration: 90 nsec: 224057912
[1;36mRestoring link (2:2) -> (1:2)[1;m
[1;36mRound 151 completed.[1;m
[1;36mForwarding dataplane event[1;m
[1;36mBlocking connection [Con 7][1;m
[1;36mUnblocking connection [Con 7][1;m
[1;36minjecting a random packet[1;m
[1;36mRound 152 completed.[1;m
[1;36mDropping dataplane event[1;m
[1;36mForwarding dataplane event[1;m
[1;36mBlocking connection [Con 8][1;m
[1;36mUnblocking connection [Con 8][1;m
[1;36mRound 153 completed.[1;m
[1;36mForwarding dataplane event[1;m
[1;36mForwarding dataplane event[1;m
[1;36mForwarding dataplane event[1;m
[1;36mForwarding dataplane event[1;m
[1;36mForwarding dataplane event[1;m
[1;36mForwarding dataplane event[1;m
[1;36mForwarding dataplane event[1;m
[1;36mForwarding dataplane event[1;m
[1;36mForwarding dataplane event[1;m
[1;36mForwarding dataplane event[1;m
[1;36mForwarding dataplane event[1;m
[1;36mForwarding dataplane event[1;m
[1;36mForwarding dataplane event[1;m
[1;36mForwarding dataplane event[1;m
[1;36mForwarding dataplane event[1;m
[1;36mForwarding dataplane event[1;m
[1;36mForwarding dataplane event[1;m
[1;36mForwarding dataplane event[1;m
[1;36mForwarding dataplane event[1;m
[1;36minjecting a random packet[1;m
[1;36mRound 154 completed.[1;m
[1;36mForwarding dataplane event[1;m
[1;36mForwarding dataplane event[1;m
[1;36mBlocking connection [Con 13][1;m
[1;36mBlocking connection [Con 21][1;m
[1;36mUnblocking connection [Con 13][1;m
[1;36mUnblocking connection [Con 21][1;m
[1;41m[1;37mFound 2 unconnected pairs: set([(200003, 100003), (300003, 100003)])[1;m
[1;41m[1;37mViolation encountered again after 5 steps: (300003, 100003)[1;m
[1;41m[1;37mViolation encountered again after 25 steps: (200002, [300003, 300002, 100001, 100002])[1;m
[1;41m[1;37mViolation encountered again after 5 steps: (200003, 100003)[1;m
[1;41m[1;37mViolation encountered again after 25 steps: (200002, [200003, 200001, 300001, 300002, 100001, 100002])[1;m
[1;41m[1;37mThe following correctness violations have occurred: ['(300003, 100003)', '(200002, [300003, 300002, 100001, 100002])', '(200003, 100003)', '(200002, [200003, 200001, 300001, 300002, 100001, 100002])'][1;m
[1;36mRound 155 completed.[1;m
[1;36mForwarding dataplane event[1;m
[1;36mDropping dataplane event[1;m
[1;36mBlocking connection [Con 7][1;m
[1;36mUnblocking connection [Con 7][1;m
[1;36minjecting a random packet[1;m
[1;36minjecting a random packet[1;m
[1;36mRound 156 completed.[1;m
[1;36mForwarding dataplane event[1;m
[1;36mForwarding dataplane event[1;m
[1;36mCrashing software_switch SoftwareSwitch(dpid=3, num_ports=3)[1;m
[1;36minjecting a random packet[1;m
[1;36minjecting a random packet[1;m
[1;36mRound 157 completed.[1;m
[1;36mDropping dataplane event[1;m
[1;36mForwarding dataplane event[1;m
[1;36mDropping dataplane event[1;m
Duration: 100 nsec: 731938838
Duration: 95 nsec: 144107818
Duration: 100 nsec: 729268074
[1;36mRebooting software_switch SoftwareSwitch(dpid=3, num_ports=3)[1;m
connect_socket_with_backoff ('10.192.5.196', 6633)
connect_socket_with_backoff ('10.192.5.197', 6633)
[1;36minjecting a random packet[1;m
[1;36mRound 158 completed.[1;m
[1;36mDropping dataplane event[1;m
[1;36mForwarding dataplane event[1;m
[1;36mCrashing software_switch SoftwareSwitch(dpid=2, num_ports=3)[1;m
[1;36minjecting a random packet[1;m
[1;36mRound 159 completed.[1;m
[1;36mForwarding dataplane event[1;m
Duration: 96 nsec: 405198812
Duration: 95 nsec: 870579004
[1;36minjecting a random packet[1;m
[1;36minjecting a random packet[1;m
[1;42m[1;37mFully connected![1;m
[1;42m[1;37mViolation (200002, [200003, 200001, 300001, 300002, 100001, 100002]) turns out to be transient![1;m
[1;42m[1;37mViolation (200003, 100003) turns out to be transient![1;m
[1;42m[1;37mViolation (300003, 100003) turns out to be transient![1;m
[1;41m[1;37mViolation encountered again after 30 steps: (200002, [300003, 300002, 100001, 100002])[1;m
[1;41m[1;37mThe following correctness violations have occurred: ['(200001, [300003, 300001])', '(200002, [300003, 300002, 100001, 100002])'][1;m
[1;36mRound 160 completed.[1;m
[1;36mForwarding dataplane event[1;m
[1;36mForwarding dataplane event[1;m
[1;36mDropping dataplane event[1;m
[1;36mBlocking connection [Con 13][1;m
[1;36mUnblocking connection [Con 13][1;m
[1;36mCutting link (3:2) -> (1:1)[1;m
[1;36mRound 161 completed.[1;m
[1;36mForwarding dataplane event[1;m
[1;36mForwarding dataplane event[1;m
[1;36mRebooting software_switch SoftwareSwitch(dpid=2, num_ports=3)[1;m
connect_socket_with_backoff ('10.192.5.196', 6633)
connect_socket_with_backoff ('10.192.5.197', 6633)
[1;36mRound 162 completed.[1;m
[1;36mDropping dataplane event[1;m
[1;36mDropping dataplane event[1;m
[1;36mBlocking connection [Con 23][1;m
[1;36mUnblocking connection [Con 23][1;m
[1;36mRestoring link (3:2) -> (1:1)[1;m
[1;36minjecting a random packet[1;m
[1;36mRound 163 completed.[1;m
[1;36mForwarding dataplane event[1;m
[1;36mRound 164 completed.[1;m
[1;36mDropping dataplane event[1;m
[1;36mForwarding dataplane event[1;m
[1;36mForwarding dataplane event[1;m
[1;36mForwarding dataplane event[1;m
[1;36mForwarding dataplane event[1;m
[1;36mBlocking connection [Con 14][1;m
[1;36mUnblocking connection [Con 14][1;m
[1;36mCutting link (2:2) -> (1:2)[1;m
[1;36minjecting a random packet[1;m
[1;36minjecting a random packet[1;m
[1;41m[1;37mFound 1 unconnected pair: set([(200003, 100003)])[1;m
[1;42m[1;37mViolation (200001, [300003, 300001]) turns out to be transient![1;m
[1;41m[1;37mViolation encountered again after 35 steps: (200002, [300003, 300002, 100001, 100002])[1;m
[1;41m[1;37mThe following correctness violations have occurred: ['(200002, [300003, 300002, 100001, 100002])', '(200003, 100003)', '(200002, [200003, 200001, 300001, 300002, 100001, 100002])'][1;m
[1;36mRound 165 completed.[1;m
[1;36mForwarding dataplane event[1;m
[1;36mForwarding dataplane event[1;m
[1;36mForwarding dataplane event[1;m
[1;36mBlocking connection [Con 13][1;m
[1;36mUnblocking connection [Con 13][1;m
[1;36minjecting a random packet[1;m
[1;36minjecting a random packet[1;m
[1;36mRound 166 completed.[1;m
[1;36mDropping dataplane event[1;m
[1;36mDropping dataplane event[1;m
[1;36mForwarding dataplane event[1;m
[1;36minjecting a random packet[1;m
[1;36minjecting a random packet[1;m
[1;36mRound 167 completed.[1;m
[1;36mForwarding dataplane event[1;m
[1;36mForwarding dataplane event[1;m
[1;36mForwarding dataplane event[1;m
[1;36mForwarding dataplane event[1;m
[1;36mForwarding dataplane event[1;m
[1;36mRestoring link (2:2) -> (1:2)[1;m
[1;36minjecting a random packet[1;m
[1;36mRound 168 completed.[1;m
[1;36mForwarding dataplane event[1;m
[1;36mForwarding dataplane event[1;m
[1;36mForwarding dataplane event[1;m
[1;36mForwarding dataplane event[1;m
[1;36mDropping dataplane event[1;m
[1;36mForwarding dataplane event[1;m
[1;36mDropping dataplane event[1;m
[1;36mForwarding dataplane event[1;m
[1;36mCutting link (1:1) -> (3:2)[1;m
[1;36mCutting link (3:1) -> (2:1)[1;m
[1;36minjecting a random packet[1;m
[1;36minjecting a random packet[1;m
[1;36mRound 169 completed.[1;m
[1;36mDropping dataplane event[1;m
[1;36mDropping dataplane event[1;m
[1;36mForwarding dataplane event[1;m
[1;36mForwarding dataplane event[1;m
[1;36mForwarding dataplane event[1;m
[1;36mForwarding dataplane event[1;m
[1;36mRestoring link (1:1) -> (3:2)[1;m
[1;36minjecting a random packet[1;m
[1;41m[1;37mFound 2 unconnected pairs: set([(300003, 100003), (200003, 100003)])[1;m
[1;41m[1;37mViolation encountered again after 40 steps: (200002, [300003, 300002, 100001, 100002])[1;m
[1;41m[1;37mViolation encountered again after 5 steps: (200003, 100003)[1;m
[1;41m[1;37mViolation encountered again after 5 steps: (200002, [200003, 200001, 300001, 300002, 100001, 100002])[1;m
[1;41m[1;37mThe following correctness violations have occurred: ['(300003, 100003)', '(200002, [300003, 300002, 100001, 100002])', '(200003, 100003)', '(200002, [200003, 200001, 300001, 300002, 100001, 100002])'][1;m
[1;36mRound 170 completed.[1;m
[1;36mDropping dataplane event[1;m
[1;36mForwarding dataplane event[1;m
[1;36mDropping dataplane event[1;m
[1;36mDropping dataplane event[1;m
[1;36mDropping dataplane event[1;m
Duration: 108 nsec: 937248945
Duration: 110 nsec: 176179885
Duration: 104 nsec: 588313817
[1;36mRestoring link (3:1) -> (2:1)[1;m
[1;36minjecting a random packet[1;m
[1;36minjecting a random packet[1;m
[1;36mRound 171 completed.[1;m
[1;36mForwarding dataplane event[1;m
[1;36mForwarding dataplane event[1;m
[1;36mForwarding dataplane event[1;m
[1;36mRound 172 completed.[1;m
[1;36mForwarding dataplane event[1;m
[1;36mDropping dataplane event[1;m
[1;36mBlocking connection [Con 14][1;m
[1;36mUnblocking connection [Con 14][1;m
[1;36mRound 173 completed.[1;m
[1;36mBlocking connection [Con 13][1;m
[1;36mUnblocking connection [Con 13][1;m
[1;36mRound 174 completed.[1;m
[1;36mForwarding dataplane event[1;m
[1;36mDropping dataplane event[1;m
[1;36minjecting a random packet[1;m
[1;41m[1;37mFound 2 unconnected pairs: set([(200003, 100003), (100003, 200003)])[1;m
[1;42m[1;37mViolation (300003, 100003) turns out to be transient![1;m
[1;41m[1;37mViolation encountered again after 45 steps: (200002, [300003, 300002, 100001, 100002])[1;m
[1;41m[1;37mViolation encountered again after 10 steps: (200003, 100003)[1;m
[1;41m[1;37mViolation encountered again after 10 steps: (200002, [200003, 200001, 300001, 300002, 100001, 100002])[1;m
[1;41m[1;37mThe following correctness violations have occurred: ['(100003, 200003)', '(200002, [300003, 300002, 100001, 100002])', '(200003, 100003)', '(200002, [200003, 200001, 300001, 300002, 100001, 100002])'][1;m
[1;36mRound 175 completed.[1;m
[1;36mForwarding dataplane event[1;m
[1;36mForwarding dataplane event[1;m
[1;36mForwarding dataplane event[1;m
[1;36mForwarding dataplane event[1;m
[1;36mForwarding dataplane event[1;m
[1;36mForwarding dataplane event[1;m
[1;36mForwarding dataplane event[1;m
[1;36mForwarding dataplane event[1;m
[1;36mForwarding dataplane event[1;m
[1;36mForwarding dataplane event[1;m
[1;36mForwarding dataplane event[1;m
[1;36mDropping dataplane event[1;m
[1;36mForwarding dataplane event[1;m
[1;36mForwarding dataplane event[1;m
[1;36mForwarding dataplane event[1;m
[1;36mForwarding dataplane event[1;m
[1;36mDropping dataplane event[1;m
[1;36mForwarding dataplane event[1;m
[1;36mForwarding dataplane event[1;m
[1;36minjecting a random packet[1;m
[1;36mRound 176 completed.[1;m
[1;36mDropping dataplane event[1;m
[1;36mForwarding dataplane event[1;m
[1;36mForwarding dataplane event[1;m
[1;36mDropping dataplane event[1;m
[1;36mCutting link (3:2) -> (1:1)[1;m
[1;36minjecting a random packet[1;m
[1;36minjecting a random packet[1;m
[1;36mRound 177 completed.[1;m
[1;36mForwarding dataplane event[1;m
[1;36mForwarding dataplane event[1;m
[1;36mForwarding dataplane event[1;m
[1;36mForwarding dataplane event[1;m
[1;36mForwarding dataplane event[1;m
[1;36mDropping dataplane event[1;m
[1;36mForwarding dataplane event[1;m
[1;36mBlocking connection [Con 14][1;m
[1;36mUnblocking connection [Con 14][1;m
[1;36mRestoring link (3:2) -> (1:1)[1;m
[1;36mRound 178 completed.[1;m
[1;36mForwarding dataplane event[1;m
[1;36mForwarding dataplane event[1;m
Duration: 115 nsec: 109961032
[1;36minjecting a random packet[1;m
[1;36mRound 179 completed.[1;m
[1;36mForwarding dataplane event[1;m
[1;36mDropping dataplane event[1;m
[1;36mForwarding dataplane event[1;m
[1;36mBlocking connection [Con 23][1;m
[1;36mUnblocking connection [Con 23][1;m
[1;41m[1;37mFound 1 unconnected pair: set([(200003, 100003)])[1;m
[1;42m[1;37mViolation (100003, 200003) turns out to be transient![1;m
[1;41m[1;37mViolation encountered again after 50 steps: (200002, [300003, 300002, 100001, 100002])[1;m
[1;41m[1;37mViolation encountered again after 15 steps: (200003, 100003)[1;m
[1;41m[1;37mViolation encountered again after 15 steps: (200002, [200003, 200001, 300001, 300002, 100001, 100002])[1;m
[1;41m[1;37mThe following correctness violations have occurred: ['(200002, [300003, 300002, 100001, 100002])', '(200003, 100003)', '(200002, [200003, 200001, 300001, 300002, 100001, 100002])'][1;m
[1;36mRound 180 completed.[1;m
[1;36mForwarding dataplane event[1;m
Duration: 111 nsec: 288675069
Duration: 110 nsec: 756452083
[1;36mCutting link (2:2) -> (1:2)[1;m
[1;36minjecting a random packet[1;m
[1;36minjecting a random packet[1;m
[1;36mRound 181 completed.[1;m
[1;36mForwarding dataplane event[1;m
[1;36mForwarding dataplane event[1;m
[1;36mCutting link (3:2) -> (1:1)[1;m
[1;36minjecting a random packet[1;m
[1;36minjecting a random packet[1;m
[1;36mRound 182 completed.[1;m
[1;36mForwarding dataplane event[1;m
[1;36mForwarding dataplane event[1;m
[1;36mForwarding dataplane event[1;m
Duration: 112 nsec: 339299917
Duration: 111 nsec: 804682016
[1;36mRestoring link (3:2) -> (1:1)[1;m
[1;36minjecting a random packet[1;m
[1;36mRound 183 completed.[1;m
[1;36mForwarding dataplane event[1;m
[1;36mDropping dataplane event[1;m
[1;36mForwarding dataplane event[1;m
[1;36mDropping dataplane event[1;m
[1;36mForwarding dataplane event[1;m
[1;36mForwarding dataplane event[1;m
[1;36mForwarding dataplane event[1;m
[1;36mDropping dataplane event[1;m
[1;36mBlocking connection [Con 24][1;m
[1;36mUnblocking connection [Con 24][1;m
[1;36mRestoring link (2:2) -> (1:2)[1;m
[1;36mRound 184 completed.[1;m
[1;36mDropping dataplane event[1;m
[1;36mForwarding dataplane event[1;m
[1;36mBlocking connection [Con 23][1;m
[1;36mUnblocking connection [Con 23][1;m
[1;36minjecting a random packet[1;m
[1;41m[1;37mFound 2 unconnected pairs: set([(200003, 100003), (100003, 200003)])[1;m
[1;41m[1;37mViolation encountered again after 55 steps: (200002, [300003, 300002, 100001, 100002])[1;m
[1;41m[1;37mViolation encountered again after 20 steps: (200003, 100003)[1;m
[1;41m[1;37mViolation encountered again after 20 steps: (200002, [200003, 200001, 300001, 300002, 100001, 100002])[1;m
[1;41m[1;37mThe following correctness violations have occurred: ['(100003, 200003)', '(200002, [300003, 300002, 100001, 100002])', '(200003, 100003)', '(200002, [200003, 200001, 300001, 300002, 100001, 100002])'][1;m
[1;41m[1;37mPersistent violations detected!: ['(200002, [300003, 300002, 100001, 100002])'][1;m