[1;33m[] Stop ONOS on all nodes[1;m

[1;33m[] Stopping ZK..[1;m

[1;33m[] Stopping Cassandra..[1;m

[1;33m[] Genrating conf files for 2-node cluster[1;m

[1;33m[] s/../conf/cassandra.titan ./scripts/../ONOS/conf[1;m

[1;33m[] /cassandra.yaml.1 ./scripts/../ONOS/conf[1;m

[1;33m[] son ./scripts/../ONOS/web[1;m

[1;33m[] common/dev_network.py ./scripts/../ONOS/test-network/mininet[1;m

[1;41m[1;33m[] cp: cannot stat `./scripts/../conf_common/dev_network.py': No such file or directory[1;m

[1;41m[1;33m[] cp: cannot stat `./scripts/../conf_common/link.json.dev': No such file or directory[1;m

[1;33m[] conf_common/cluster.hosts ./scripts/../ONOS/.cluster.hosts[1;m

[1;41m[1;33m[] # onosdev2 SSH-2.0-OpenSSH_6.1p1 Debian-4[1;m

[1;41m[1;33m[] # onosdev1 SSH-2.0-OpenSSH_6.1p1 Debian-4[1;m

[1;41m[1;33m[] # onosdev2 SSH-2.0-OpenSSH_6.1p1 Debian-4[1;m

[1;41m[1;33m[] # onosdev1 SSH-2.0-OpenSSH_6.1p1 Debian-4[1;m

[1;33m[] Starting ZK..[1;m

[1;33m[] status[1;m

[1;33m[] Starting Cassandra..[1;m

[1;33m[] a running[1;m

[1;33m[] tacenter: datacenter1[1;m

[1;33m[] osdev1: 192.168.56.11  rack1       Up     Normal  45.94 KB        100.00%             -9223372036854775808[1;m

[1;33m[] onosdev1:[1;m

[1;33m[] [1;m

[1;33m[] atacenter1[1;m

[1;33m[] wns                Token[1;m

[1;33m[] 32[1;m

[1;33m[] 68.56.11  rack1       Up     Normal  45.94 KB        100.00%             -9223372036854775808[1;m

[1;33m[] [1;m

[1;33m[] tacenter: datacenter1[1;m

[1;33m[] wns                Token[1;m

[1;33m[] 32[1;m

[1;33m[] =======[1;m

[1;33m[] ra running[1;m

[1;33m[]  Rack        Status State   Load            Owns                Token[1;m

[1;33m[] plicas: 1[1;m

[1;33m[] aiting for everybody's up: 1 up of of 2[1;m

[1;33m[] v1: ==========[1;m

[1;33m[]  Owns                Token[1;m

[1;33m[] ==========[1;m

[1;33m[]  Owns                Token[1;m

[1;33m[] ==========[1;m

[1;33m[] ra running[1;m

[1;33m[] nosdev1: Address        Rack        Status State   Load            Owns                Token[1;m

[1;33m[] ==========[1;m

[1;33m[] sleeping for 10sec[1;m

[1;33m[] Removing all data in db[1;m

[1;33m[] sleeping for 10sec[1;m

[1;33mc1 rotate log: ./onos-logs/onos.onosdev1.log[1;m

[1;33mc1 rotate log: ./onos-logs/onos.onosdev1.pcap[1;m

[1;33mc1 Starting ONOS controller ...[1;m

[1;33mc1 [1;m

[1;33mc1 .[1;m

[1;33mc1 /home/mininet/ONOS[1;m

[1;33mc1 Waiting for ONOS to start...[1;m

[1;33mc1 .[1;m

[1;33mc2 rotate log: ./onos-logs/onos.onosdev2.log[1;m

[1;33mc2 rotate log: ./onos-logs/onos.onosdev2.pcap[1;m

[1;33mc2 Starting ONOS controller ...[1;m

[1;33mc2 [1;m

[1;33mc2 .[1;m

[1;33mc2 /home/mininet/ONOS[1;m

[1;33mc2 Waiting for ONOS to start...[1;m

[1;33mc2 .[1;m

[1;42m[1;37mNo correctness violations![1;m
connect_socket_with_backoff ('192.168.56.11', 6633)
Error connecting.  -- [Errno 111] Connection refused. Backing off 1 seconds ...
Error connecting.  -- [Errno 111] Connection refused. Backing off 2 seconds ...
Error connecting.  -- [Errno 111] Connection refused. Backing off 4 seconds ...
Error connecting.  -- [Errno 111] Connection refused. Backing off 8 seconds ...
Error connecting.  -- [Errno 111] Connection refused. Backing off 16 seconds ...
connect_socket_with_backoff ('192.168.56.12', 6633)
[1;36m[1;44m00:31.544 00:00.000 Successfully matched event ConnectToControllers:e1[1;m
[1;36m[1;44m00:31.642 00:46.045 Successfully matched event ControlMessageReceive:i2 c c1 -> s 1 [ofp_hello: ][1;m
[1;36m[1;36mRound 1[1;37m[1;m
[1;36m[1;44m00:31.643 00:46.046 Successfully matched event ControlMessageSend:i3 c 1 -> s c1 [ofp_hello: ][1;m
[1;36m[1;44m00:31.655 00:49.049 Successfully matched event ControlMessageReceive:i4 c c1 -> s 1 [ofp_features_request: ][1;m
[1;36m[1;36mRound 2[1;37m[1;m
[1;36m[1;44m00:31.656 00:49.051 Successfully matched event ControlMessageReceive:i5 c c2 -> s 2 [ofp_hello: ][1;m
[1;42m[1;37mNo correctness violations![1;m
[1;36m[1;44m00:32.386 00:49.051 Successfully matched event ControlMessageSend:i6 c 1 -> s c1 [ofp_features_reply: datapath_id=1][1;m
[1;36m[1;44m00:32.387 00:49.052 Successfully matched event ControlMessageSend:i7 c 2 -> s c2 [ofp_hello: ][1;m
[1;36m[1;44m00:32.398 00:52.055 Successfully matched event ControlMessageReceive:i8 c c1 -> s 1 [ofp_set_config: ][1;m
[1;36m[1;36mRound 3[1;37m[1;m
[1;36m[1;44m00:32.400 00:52.056 Successfully matched event ControlMessageReceive:i9 c c1 -> s 1 [ofp_get_config_request: ][1;m
[1;36m[1;44m00:32.484 00:52.056 Successfully matched event ControlMessageReceive:i10 c c1 -> s 1 [ofp_stats_request: flags=0, type=0][1;m
[1;42m[1;37mNo correctness violations![1;m
[1;36m[1;44m00:33.449 00:52.061 Successfully matched event ControlMessageReceive:i11 c c2 -> s 2 [ofp_features_request: ][1;m
[1;36m[1;44m00:33.450 00:52.062 Successfully matched event ControlMessageSend:i12 c 1 -> s c1 [ofp_get_config_reply: ][1;m
[1;36m[1;44m00:33.450 00:52.062 Successfully matched event ControlMessageSend:i13 c 1 -> s c1 [ofp_stats_reply: flags=0, type=0][1;m
[1;36m[1;44m00:33.451 00:52.063 Successfully matched event ControlMessageSend:i14 c 2 -> s c2 [ofp_features_reply: datapath_id=2][1;m
[1;36m[1;44m00:33.451 00:52.065 Successfully matched event DataplanePermit:i17[1;m
[1;42m[1;37mNo correctness violations![1;m
[1;36m[1;44m00:34.173 00:52.066 Successfully matched event DataplanePermit:i18[1;m
[1;36m[1;44m00:34.210 00:55.070 Successfully matched event ControlMessageReceive:i19 c c1 -> s 1 [ofp_vendor: ][1;m
[1;36m[1;36mRound 4[1;37m[1;m
[1;36m[1;44m00:34.210 00:55.070 Successfully matched event ControlMessageReceive:i20 c c2 -> s 2 [ofp_set_config: ][1;m
[1;36m[1;44m00:34.211 00:55.071 Successfully matched event ControlMessageReceive:i21 c c2 -> s 2 [ofp_get_config_request: ][1;m
[1;36m[1;44m00:34.475 00:55.072 Successfully matched event ControlMessageReceive:i22 c c2 -> s 2 [ofp_stats_request: flags=0, type=0][1;m
[1;42m[1;37mNo correctness violations![1;m
[1;35m[1;41m00:35.841 00:55.075 Event timed out ControlMessageSend:i23 c 1 -> s c1 [ofp_packet_in: data={u'dl_dst': u'12:34:56:78:01:02', u'nw_src': u'123.123.1.2', u'dl_src': u'12:34:56:78:01:02', u'nw_dst': u'123.123.1.2'}, in_port=2][1;m
[1;36m[1;44m00:35.842 00:55.076 Successfully matched event ControlMessageSend:i24 c 1 -> s c1 [ofp_vendor: ][1;m
[1;35m[1;41m00:36.444 00:55.076 Event timed out ControlMessageSend:i25 c 2 -> s c2 [ofp_packet_in: data={u'dl_dst': u'12:34:56:78:02:02', u'nw_src': u'123.123.2.2', u'dl_src': u'12:34:56:78:02:02', u'nw_dst': u'123.123.2.2'}, in_port=2][1;m
[1;36m[1;44m00:36.446 00:55.076 Successfully matched event ControlMessageSend:i26 c 2 -> s c2 [ofp_get_config_reply: ][1;m
[1;36m[1;44m00:36.447 00:55.076 Successfully matched event ControlMessageSend:i27 c 2 -> s c2 [ofp_stats_reply: flags=0, type=0][1;m
[1;42m[1;37mNo correctness violations![1;m
[1;36m[1;44m00:37.242 00:58.080 Successfully matched event ControlMessageReceive:i28 c c1 -> s 1 [ofp_vendor: ][1;m
[1;36m[1;36mRound 5[1;37m[1;m
[1;36m[1;44m00:37.314 00:58.081 Successfully matched event ControlMessageReceive:i29 c c2 -> s 2 [ofp_vendor: ][1;m
[1;36m[1;44m00:37.315 00:58.082 Successfully matched event ControlMessageSend:i30 c 1 -> s c1 [ofp_vendor: ][1;m
[1;36m[1;44m00:37.315 00:58.082 Successfully matched event ControlMessageSend:i31 c 2 -> s c2 [ofp_vendor: ][1;m
[1;36mForwarding dataplane event[1;m
[1;36mForwarding dataplane event[1;m
[1;36m[1;44m00:41.189 01:01.952 Successfully matched event ControlMessageReceive:i33 c c1 -> s 1 [ofp_packet_out: actions=(u'output(2)',), data={u'class': u'lldp'}, in_port=65535][1;m
[1;36m[1;36mRound 6[1;37m[1;m
[1;42m[1;37mNo correctness violations![1;m
[1;36m[1;44m00:42.061 01:01.954 Successfully matched event ControlMessageReceive:i34 c c1 -> s 1 [ofp_packet_out: actions=(u'output(1)',), data={u'class': u'lldp'}, in_port=65535][1;m
[1;36m[1;44m00:42.062 01:01.955 Successfully matched event ControlMessageReceive:i35 c c2 -> s 2 [ofp_vendor: ][1;m
[1;36m[1;44m00:42.062 01:01.956 Successfully matched event ControlMessageSend:i36 c 2 -> s c2 [ofp_vendor: ][1;m
[1;36mForwarding dataplane event[1;m
[1;36mForwarding dataplane event[1;m
[1;36m[1;44m00:45.067 01:04.959 Successfully matched event DataplanePermit:i37[1;m
[1;36m[1;36mRound 7[1;37m[1;m
[1;36m[1;44m00:45.068 01:04.960 Successfully matched event DataplanePermit:i38[1;m
[1;42m[1;37mNo correctness violations![1;m
[1;36m[1;44m00:45.714 01:04.962 Successfully matched event ControlMessageReceive:i39 c c1 -> s 1 [ofp_packet_out: actions=(u'output(2)',), data={u'class': u'lldp'}, in_port=65535][1;m
[1;36m[1;44m00:45.714 01:04.963 Successfully matched event ControlMessageReceive:i40 c c1 -> s 1 [ofp_packet_out: actions=(u'output(1)',), data={u'class': u'lldp'}, in_port=65535][1;m
[1;36mForwarding dataplane event[1;m
[1;36mForwarding dataplane event[1;m
[1;36m[1;44m00:46.136 01:04.964 Successfully matched event ControlMessageReceive:i41 c c1 -> s 1 [ofp_packet_out: actions=(u'output(2)',), data={u'dl_type': 35138}, in_port=65535][1;m
[1;36mForwarding dataplane event[1;m
[1;36m[1;44m00:46.137 01:04.965 Successfully matched event ControlMessageReceive:i42 c c1 -> s 1 [ofp_packet_out: actions=(u'output(1)',), data={u'dl_type': 35138}, in_port=65535][1;m
[1;36mForwarding dataplane event[1;m
[1;36m[1;44m00:46.138 01:04.966 Successfully matched event ControlMessageReceive:i43 c c2 -> s 2 [ofp_packet_out: actions=(u'output(2)',), data={u'class': u'lldp'}, in_port=65535][1;m
[1;42m[1;37mNo correctness violations![1;m
[1;36m[1;44m00:47.191 01:04.966 Successfully matched event ControlMessageReceive:i44 c c2 -> s 2 [ofp_packet_out: actions=(u'output(1)',), data={u'class': u'lldp'}, in_port=65535][1;m
[1;36m[1;44m00:47.192 01:04.967 Successfully matched event ControlMessageSend:i45 c 2 -> s c2 [ofp_packet_in: data={u'class': u'lldp'}, in_port=1][1;m
[1;36m[1;44m00:50.196 01:07.970 Successfully matched event DataplanePermit:i46[1;m
[1;36m[1;36mRound 8[1;37m[1;m
[1;36m[1;44m00:50.197 01:07.972 Successfully matched event DataplanePermit:i47[1;m
[1;36m[1;44m00:50.197 01:07.973 Successfully matched event DataplanePermit:i48[1;m
[1;42m[1;37mNo correctness violations![1;m
[1;36m[1;44m00:51.120 01:07.973 Successfully matched event DataplanePermit:i49[1;m
[1;36m[1;44m00:51.120 01:07.974 Successfully matched event DataplanePermit:i50[1;m
[1;36m[1;44m00:51.120 01:07.975 Successfully matched event DataplanePermit:i51[1;m
[1;36m[1;44m00:51.120 01:07.975 Successfully matched event ControlMessageReceive:i52 c c2 -> s 2 [ofp_packet_out: actions=(u'output(2)',), data={u'class': u'lldp'}, in_port=65535][1;m
[1;36m[1;44m00:51.121 01:07.976 Successfully matched event ControlMessageReceive:i53 c c2 -> s 2 [ofp_packet_out: actions=(u'output(1)',), data={u'class': u'lldp'}, in_port=65535][1;m
[1;42m[1;37mNo correctness violations![1;m
[1;35m[1;41m00:52.447 01:07.976 Event timed out ControlMessageReceive:i54 c c2 -> s 2 [ofp_packet_out: actions=(u'output(2)',), data={u'dl_type': 35138}, in_port=65535][1;m
[1;35m[1;41m00:53.050 01:07.977 Event timed out ControlMessageReceive:i55 c c2 -> s 2 [ofp_packet_out: actions=(u'output(1)',), data={u'dl_type': 35138}, in_port=65535][1;m
[1;36m[1;44m00:53.052 01:07.977 Successfully matched event ControlMessageSend:i56 c 1 -> s c1 [ofp_packet_in: data={u'class': u'lldp'}, in_port=1][1;m
[1;36m[1;44m00:53.053 01:07.977 Successfully matched event ControlMessageSend:i57 c 2 -> s c2 [ofp_packet_in: data={u'class': u'lldp'}, in_port=1][1;m
[1;36m[1;44m00:53.054 01:07.978 Successfully matched event ControlMessageSend:i58 c 2 -> s c2 [ofp_packet_in: data={u'dl_type': 35138}, in_port=1][1;m
[1;42m[1;37mNo correctness violations![1;m
[1;36mForwarding dataplane event[1;m
[1;36mForwarding dataplane event[1;m
[1;36m[1;44m00:56.060 01:10.981 Successfully matched event DataplanePermit:i59[1;m
[1;36m[1;36mRound 9[1;37m[1;m
[1;36m[1;44m00:56.061 01:10.982 Successfully matched event DataplanePermit:i60[1;m
[1;36m[1;44m00:56.062 01:10.983 Successfully matched event DataplanePermit:i61[1;m
[1;36m[1;44m00:56.062 01:10.984 Successfully matched event DataplanePermit:i62[1;m
[1;35m[1;41m00:56.664 01:10.985 Event timed out ControlMessageSend:i63 c 1 -> s c1 [ofp_packet_in: data={u'dl_type': 35138}, in_port=1][1;m
[1;42m[1;37mNo correctness violations![1;m
[1;36m[1;44m00:57.692 01:10.986 Successfully matched event ControlMessageSend:i64 c 1 -> s c1 [ofp_packet_in: data={u'class': u'lldp'}, in_port=1][1;m
[1;36mForwarding dataplane event[1;m
[1;36mForwarding dataplane event[1;m
[1;36m[1;44m01:07.617 01:20.905 Successfully matched event ControlMessageReceive:i66 c c1 -> s 1 [ofp_packet_out: actions=(u'output(2)',), data={u'class': u'lldp'}, in_port=65535][1;m
[1;36m[1;36mRound 12[1;37m[1;m
[1;36m[1;44m01:07.618 01:20.906 Successfully matched event ControlMessageReceive:i67 c c1 -> s 1 [ofp_packet_out: actions=(u'output(1)',), data={u'class': u'lldp'}, in_port=65535][1;m
[1;36m[1;44m01:07.620 01:20.907 Successfully matched event ControlMessageReceive:i68 c c1 -> s 1 [ofp_packet_out: actions=(u'output(2)',), data={u'dl_type': 35138}, in_port=65535][1;m
[1;36mForwarding dataplane event[1;m
[1;36m[1;44m01:07.622 01:20.908 Successfully matched event ControlMessageReceive:i69 c c1 -> s 1 [ofp_packet_out: actions=(u'output(1)',), data={u'dl_type': 35138}, in_port=65535][1;m
[1;36mForwarding dataplane event[1;m
[1;42m[1;37mNo correctness violations![1;m
[1;36mForwarding dataplane event[1;m
[1;36mForwarding dataplane event[1;m
[1;36m[1;44m01:10.630 01:23.914 Successfully matched event DataplanePermit:i71[1;m
[1;36m[1;36mRound 13[1;37m[1;m
[1;36m[1;44m01:10.631 01:23.915 Successfully matched event DataplanePermit:i72[1;m
[1;36m[1;44m01:10.631 01:23.915 Successfully matched event DataplanePermit:i73[1;m
[1;36m[1;44m01:10.632 01:23.916 Successfully matched event DataplanePermit:i74[1;m
[1;36m[1;44m01:10.633 01:23.916 Successfully matched event DataplanePermit:i75[1;m
[1;42m[1;37mNo correctness violations![1;m
[1;36m[1;44m01:11.358 01:23.917 Successfully matched event ControlMessageReceive:i76 c c2 -> s 2 [ofp_packet_out: actions=(u'output(2)',), data={u'class': u'lldp'}, in_port=65535][1;m
[1;36m[1;44m01:11.359 01:23.917 Successfully matched event ControlMessageReceive:i77 c c2 -> s 2 [ofp_packet_out: actions=(u'output(1)',), data={u'class': u'lldp'}, in_port=65535][1;m
[1;36m[1;44m01:11.360 01:23.918 Successfully matched event ControlMessageReceive:i78 c c2 -> s 2 [ofp_packet_out: actions=(u'output(2)',), data={u'dl_type': 35138}, in_port=65535][1;m
[1;36mForwarding dataplane event[1;m
[1;36m[1;44m01:11.360 01:23.918 Successfully matched event ControlMessageReceive:i79 c c2 -> s 2 [ofp_packet_out: actions=(u'output(1)',), data={u'dl_type': 35138}, in_port=65535][1;m
[1;36mForwarding dataplane event[1;m
[1;35m[1;41m01:11.962 01:23.918 Event timed out ControlMessageSend:i80 c 1 -> s c1 [ofp_packet_in: data={u'dl_dst': u'12:34:56:78:02:02', u'nw_src': u'123.123.1.2', u'dl_src': u'12:34:56:78:01:02', u'nw_dst': u'123.123.2.2'}, in_port=2][1;m
[1;42m[1;37mNo correctness violations![1;m
[1;36m[1;44m01:12.620 01:23.919 Successfully matched event ControlMessageSend:i81 c 2 -> s c2 [ofp_packet_in: data={u'class': u'lldp'}, in_port=1][1;m
[1;36m[1;44m01:12.621 01:23.919 Successfully matched event ControlMessageSend:i82 c 2 -> s c2 [ofp_packet_in: data={u'dl_type': 35138}, in_port=1][1;m
[1;36m[1;44m01:15.628 01:26.923 Successfully matched event DataplanePermit:i83[1;m
[1;36m[1;36mRound 14[1;37m[1;m
[1;36m[1;44m01:15.629 01:26.923 Successfully matched event DataplanePermit:i84[1;m
[1;36m[1;44m01:15.629 01:26.924 Successfully matched event DataplanePermit:i85[1;m
[1;42m[1;37mNo correctness violations![1;m
[1;36m[1;44m01:16.698 01:26.924 Successfully matched event DataplanePermit:i86[1;m
[1;36m[1;44m01:16.699 01:26.925 Successfully matched event ControlMessageSend:i87 c 1 -> s c1 [ofp_packet_in: data={u'dl_type': 35138}, in_port=1][1;m
[1;36m[1;44m01:16.699 01:26.925 Successfully matched event ControlMessageSend:i88 c 1 -> s c1 [ofp_packet_in: data={u'class': u'lldp'}, in_port=1][1;m
[1;36mForwarding dataplane event[1;m
[1;36mForwarding dataplane event[1;m
[1;36mForwarding dataplane event[1;m
[1;36mForwarding dataplane event[1;m
[1;36m[1;44m01:26.396 01:36.618 Successfully matched event ControlMessageReceive:i90 c c1 -> s 1 [ofp_packet_out: actions=(u'output(2)',), data={u'class': u'lldp'}, in_port=65535][1;m
[1;36m[1;36mRound 17[1;37m[1;m
[1;36m[1;44m01:26.398 01:36.620 Successfully matched event ControlMessageReceive:i91 c c1 -> s 1 [ofp_packet_out: actions=(u'output(1)',), data={u'class': u'lldp'}, in_port=65535][1;m
[1;42m[1;37mNo correctness violations![1;m
[1;36m[1;44m01:27.341 01:36.621 Successfully matched event ControlMessageReceive:i92 c c1 -> s 1 [ofp_packet_out: actions=(u'output(2)',), data={u'dl_type': 35138}, in_port=65535][1;m
[1;36mForwarding dataplane event[1;m
[1;36m[1;44m01:27.342 01:36.622 Successfully matched event ControlMessageReceive:i93 c c1 -> s 1 [ofp_packet_out: actions=(u'output(1)',), data={u'dl_type': 35138}, in_port=65535][1;m
[1;36mForwarding dataplane event[1;m
[1;36m[1;44m01:27.343 01:36.623 Successfully matched event ControlMessageReceive:i94 c c2 -> s 2 [ofp_packet_out: actions=(u'output(2)',), data={u'class': u'lldp'}, in_port=65535][1;m
[1;36m[1;44m01:27.344 01:36.624 Successfully matched event ControlMessageReceive:i95 c c2 -> s 2 [ofp_packet_out: actions=(u'output(1)',), data={u'class': u'lldp'}, in_port=65535][1;m
[1;36m[1;44m01:27.344 01:36.625 Successfully matched event ControlMessageReceive:i96 c c2 -> s 2 [ofp_packet_out: actions=(u'output(2)',), data={u'dl_type': 35138}, in_port=65535][1;m
[1;36mForwarding dataplane event[1;m
[1;42m[1;37mNo correctness violations![1;m
[1;36m[1;44m01:28.001 01:36.626 Successfully matched event ControlMessageReceive:i97 c c2 -> s 2 [ofp_packet_out: actions=(u'output(1)',), data={u'dl_type': 35138}, in_port=65535][1;m
[1;36mForwarding dataplane event[1;m
[1;36m[1;44m01:31.007 01:39.632 Successfully matched event DataplanePermit:i99[1;m
[1;36m[1;36mRound 18[1;37m[1;m
[1;36m[1;44m01:31.008 01:39.634 Successfully matched event DataplanePermit:i100[1;m
[1;36m[1;44m01:31.009 01:39.635 Successfully matched event DataplanePermit:i101[1;m
[1;36m[1;44m01:31.009 01:39.636 Successfully matched event DataplanePermit:i102[1;m
[1;42m[1;37mNo correctness violations![1;m
[1;36m[1;44m01:31.939 01:39.636 Successfully matched event DataplanePermit:i103[1;m
[1;36m[1;44m01:31.940 01:39.637 Successfully matched event DataplanePermit:i104[1;m
[1;36m[1;44m01:31.940 01:39.638 Successfully matched event DataplanePermit:i105[1;m
[1;36m[1;44m01:31.940 01:39.639 Successfully matched event DataplanePermit:i106[1;m
[1;36m[1;44m01:31.940 01:39.640 Successfully matched event DataplanePermit:i107[1;m
[1;42m[1;37mNo correctness violations![1;m
[1;36m[1;44m01:32.632 01:39.641 Successfully matched event ControlMessageSend:i108 c 1 -> s c1 [ofp_packet_in: data={u'dl_type': 35138}, in_port=1][1;m
[1;36m[1;44m01:32.632 01:39.642 Successfully matched event ControlMessageSend:i109 c 1 -> s c1 [ofp_packet_in: data={u'class': u'lldp'}, in_port=1][1;m
[1;36m[1;44m01:32.632 01:39.642 Successfully matched event ControlMessageSend:i110 c 2 -> s c2 [ofp_packet_in: data={u'class': u'lldp'}, in_port=1][1;m
[1;36m[1;44m01:32.633 01:39.643 Successfully matched event ControlMessageSend:i111 c 2 -> s c2 [ofp_packet_in: data={u'dl_type': 35138}, in_port=1][1;m
[1;36mForwarding dataplane event[1;m
[1;36mForwarding dataplane event[1;m
[1;35m[1;41m01:33.236 01:39.643 Event timed out ControlMessageSend:i112 c 2 -> s c2 [ofp_packet_in: data={u'dl_dst': u'12:34:56:78:01:02', u'nw_src': u'123.123.2.2', u'dl_src': u'12:34:56:78:02:02', u'nw_dst': u'123.123.1.2'}, in_port=2][1;m
[1;42m[1;37mNo correctness violations![1;m
[1;36mForwarding dataplane event[1;m
[1;36mForwarding dataplane event[1;m
[1;36m[1;44m01:39.247 01:45.652 Successfully matched event DataplanePermit:i114[1;m
[1;36m[1;36mRound 20[1;37m[1;m
[1;35m[1;41m01:39.849 01:45.653 Event timed out ControlMessageSend:i115 c 1 -> s c1 [ofp_packet_in: data={u'dl_dst': u'12:34:56:78:02:02', u'nw_src': u'123.123.1.2', u'dl_src': u'12:34:56:78:01:02', u'nw_dst': u'123.123.2.2'}, in_port=2][1;m
[1;36m[1;44m01:43.798 01:49.598 Successfully matched event ControlMessageReceive:i117 c c1 -> s 1 [ofp_packet_out: actions=(u'output(2)',), data={u'class': u'lldp'}, in_port=65535][1;m
[1;36m[1;36mRound 21[1;37m[1;m
[1;36m[1;44m01:43.800 01:49.599 Successfully matched event ControlMessageReceive:i118 c c1 -> s 1 [ofp_packet_out: actions=(u'output(1)',), data={u'class': u'lldp'}, in_port=65535][1;m
[1;36m[1;44m01:43.801 01:49.600 Successfully matched event ControlMessageReceive:i119 c c1 -> s 1 [ofp_packet_out: actions=(u'output(2)',), data={u'dl_type': 35138}, in_port=65535][1;m
[1;36mForwarding dataplane event[1;m
[1;42m[1;37mNo correctness violations![1;m
[1;36m[1;44m01:44.731 01:49.601 Successfully matched event ControlMessageReceive:i120 c c1 -> s 1 [ofp_packet_out: actions=(u'output(1)',), data={u'dl_type': 35138}, in_port=65535][1;m
[1;36mForwarding dataplane event[1;m
[1;36mForwarding dataplane event[1;m
[1;36mForwarding dataplane event[1;m
[1;36m[1;44m01:47.735 01:52.605 Successfully matched event DataplanePermit:i121[1;m
[1;36m[1;36mRound 22[1;37m[1;m
[1;36m[1;44m01:47.736 01:52.606 Successfully matched event DataplanePermit:i122[1;m
[1;36m[1;44m01:47.737 01:52.607 Successfully matched event DataplanePermit:i123[1;m
[1;36m[1;44m01:47.737 01:52.608 Successfully matched event DataplanePermit:i124[1;m
[1;42m[1;37mNo correctness violations![1;m
[1;36m[1;44m01:48.512 01:52.609 Successfully matched event ControlMessageReceive:i125 c c2 -> s 2 [ofp_packet_out: actions=(u'output(2)',), data={u'class': u'lldp'}, in_port=65535][1;m
[1;36m[1;44m01:48.513 01:52.610 Successfully matched event ControlMessageReceive:i126 c c2 -> s 2 [ofp_packet_out: actions=(u'output(1)',), data={u'class': u'lldp'}, in_port=65535][1;m
[1;36m[1;44m01:48.514 01:52.611 Successfully matched event ControlMessageReceive:i127 c c2 -> s 2 [ofp_packet_out: actions=(u'output(2)',), data={u'dl_type': 35138}, in_port=65535][1;m
[1;36mForwarding dataplane event[1;m
[1;36m[1;44m01:48.515 01:52.612 Successfully matched event ControlMessageReceive:i128 c c2 -> s 2 [ofp_packet_out: actions=(u'output(1)',), data={u'dl_type': 35138}, in_port=65535][1;m
[1;36mForwarding dataplane event[1;m
[1;36m[1;44m01:48.515 01:52.613 Successfully matched event ControlMessageSend:i129 c 2 -> s c2 [ofp_packet_in: data={u'class': u'lldp'}, in_port=1][1;m
[1;42m[1;37mNo correctness violations![1;m
[1;36m[1;44m01:49.563 01:52.613 Successfully matched event ControlMessageSend:i130 c 2 -> s c2 [ofp_packet_in: data={u'dl_type': 35138}, in_port=1][1;m
[1;36m[1;44m01:52.571 01:55.618 Successfully matched event DataplanePermit:i131[1;m
[1;36m[1;36mRound 23[1;37m[1;m
[1;36m[1;44m01:52.573 01:55.619 Successfully matched event DataplanePermit:i132[1;m
[1;36m[1;44m01:52.573 01:55.620 Successfully matched event DataplanePermit:i133[1;m
[1;36m[1;44m01:52.574 01:55.621 Successfully matched event DataplanePermit:i134[1;m
[1;42m[1;37mNo correctness violations![1;m
[1;36m[1;44m01:53.362 01:55.622 Successfully matched event ControlMessageSend:i135 c 1 -> s c1 [ofp_packet_in: data={u'dl_type': 35138}, in_port=1][1;m
[1;36m[1;44m01:53.363 01:55.622 Successfully matched event ControlMessageSend:i136 c 1 -> s c1 [ofp_packet_in: data={u'class': u'lldp'}, in_port=1][1;m
[1;36mForwarding dataplane event[1;m
[1;36mForwarding dataplane event[1;m
[1;36mForwarding dataplane event[1;m
[1;36mForwarding dataplane event[1;m
[1;36m[1;44m02:03.296 02:05.553 Successfully matched event ControlMessageReceive:i138 c c1 -> s 1 [ofp_packet_out: actions=(u'output(2)',), data={u'class': u'lldp'}, in_port=65535][1;m
[1;36m[1;36mRound 26[1;37m[1;m
[1;36m[1;44m02:03.298 02:05.555 Successfully matched event ControlMessageReceive:i139 c c1 -> s 1 [ofp_packet_out: actions=(u'output(1)',), data={u'class': u'lldp'}, in_port=65535][1;m
[1;36m[1;44m02:03.300 02:05.556 Successfully matched event ControlMessageReceive:i140 c c1 -> s 1 [ofp_packet_out: actions=(u'output(2)',), data={u'dl_type': 35138}, in_port=65535][1;m
[1;36mForwarding dataplane event[1;m
[1;42m[1;37mNo correctness violations![1;m
[1;36m[1;44m02:04.372 02:05.557 Successfully matched event ControlMessageReceive:i141 c c1 -> s 1 [ofp_packet_out: actions=(u'output(1)',), data={u'dl_type': 35138}, in_port=65535][1;m
[1;36mForwarding dataplane event[1;m
[1;36m[1;44m02:04.373 02:05.558 Successfully matched event ControlMessageReceive:i142 c c2 -> s 2 [ofp_packet_out: actions=(u'output(2)',), data={u'class': u'lldp'}, in_port=65535][1;m
[1;36m[1;44m02:04.373 02:05.559 Successfully matched event ControlMessageReceive:i143 c c2 -> s 2 [ofp_packet_out: actions=(u'output(1)',), data={u'class': u'lldp'}, in_port=65535][1;m
[1;36m[1;44m02:04.374 02:05.560 Successfully matched event ControlMessageReceive:i144 c c2 -> s 2 [ofp_packet_out: actions=(u'output(2)',), data={u'dl_type': 35138}, in_port=65535][1;m
[1;36mForwarding dataplane event[1;m
[1;36m[1;44m02:04.375 02:05.560 Successfully matched event ControlMessageReceive:i145 c c2 -> s 2 [ofp_packet_out: actions=(u'output(1)',), data={u'dl_type': 35138}, in_port=65535][1;m
[1;36mForwarding dataplane event[1;m
[1;42m[1;37mNo correctness violations![1;m
[1;36m[1;44m02:07.381 02:08.564 Successfully matched event DataplanePermit:i146[1;m
[1;36m[1;36mRound 27[1;37m[1;m
[1;36m[1;44m02:07.382 02:08.566 Successfully matched event DataplanePermit:i147[1;m
[1;36m[1;44m02:07.382 02:08.567 Successfully matched event DataplanePermit:i148[1;m
[1;36m[1;44m02:07.383 02:08.567 Successfully matched event DataplanePermit:i149[1;m
[1;36m[1;44m02:07.383 02:08.568 Successfully matched event DataplanePermit:i150[1;m
[1;42m[1;37mNo correctness violations![1;m
[1;36m[1;44m02:08.143 02:08.569 Successfully matched event DataplanePermit:i151[1;m
[1;36m[1;44m02:08.143 02:08.570 Successfully matched event DataplanePermit:i152[1;m
[1;36m[1;44m02:08.144 02:08.571 Successfully matched event DataplanePermit:i153[1;m
[1;36m[1;44m02:08.144 02:08.572 Successfully matched event ControlMessageSend:i154 c 1 -> s c1 [ofp_packet_in: data={u'dl_type': 35138}, in_port=1][1;m
[1;36m[1;44m02:08.145 02:08.572 Successfully matched event ControlMessageSend:i155 c 1 -> s c1 [ofp_packet_in: data={u'class': u'lldp'}, in_port=1][1;m
[1;42m[1;37mNo correctness violations![1;m
[1;36m[1;44m02:08.938 02:08.573 Successfully matched event ControlMessageSend:i156 c 2 -> s c2 [ofp_packet_in: data={u'class': u'lldp'}, in_port=1][1;m
[1;36m[1;44m02:08.938 02:08.574 Successfully matched event ControlMessageSend:i157 c 2 -> s c2 [ofp_packet_in: data={u'dl_type': 35138}, in_port=1][1;m
[1;36mForwarding dataplane event[1;m
[1;36mForwarding dataplane event[1;m
[1;36m[1;44m02:14.954 02:14.583 Successfully matched event DataplanePermit:i159[1;m
[1;36m[1;36mRound 29[1;37m[1;m
[1;35m[1;41m02:15.557 02:14.586 Event timed out ControlMessageSend:i160 c 1 -> s c1 [ofp_packet_in: data={u'dl_dst': u'12:34:56:78:02:02', u'nw_src': u'123.123.1.2', u'dl_src': u'12:34:56:78:01:02', u'nw_dst': u'123.123.2.2'}, in_port=2][1;m
[1;36mForwarding dataplane event[1;m
[1;36mForwarding dataplane event[1;m
[1;36m[1;44m02:22.491 02:21.513 Successfully matched event ControlMessageReceive:i162 c c1 -> s 1 [ofp_packet_out: actions=(u'output(2)',), data={u'class': u'lldp'}, in_port=65535][1;m
[1;36m[1;36mRound 31[1;37m[1;m
[1;42m[1;37mNo correctness violations![1;m
[1;36m[1;44m02:23.428 02:21.514 Successfully matched event ControlMessageReceive:i163 c c1 -> s 1 [ofp_packet_out: actions=(u'output(1)',), data={u'class': u'lldp'}, in_port=65535][1;m
[1;36m[1;44m02:23.429 02:21.515 Successfully matched event ControlMessageReceive:i164 c c1 -> s 1 [ofp_packet_out: actions=(u'output(2)',), data={u'dl_type': 35138}, in_port=65535][1;m
[1;36mForwarding dataplane event[1;m
[1;36m[1;44m02:23.430 02:21.516 Successfully matched event ControlMessageReceive:i165 c c1 -> s 1 [ofp_packet_out: actions=(u'output(1)',), data={u'dl_type': 35138}, in_port=65535][1;m
[1;36mForwarding dataplane event[1;m
[1;36m[1;44m02:23.430 02:21.517 Successfully matched event ControlMessageReceive:i166 c c2 -> s 2 [ofp_packet_out: actions=(u'output(2)',), data={u'class': u'lldp'}, in_port=65535][1;m
[1;36m[1;44m02:23.431 02:21.518 Successfully matched event ControlMessageReceive:i167 c c2 -> s 2 [ofp_packet_out: actions=(u'output(1)',), data={u'class': u'lldp'}, in_port=65535][1;m
[1;42m[1;37mNo correctness violations![1;m
[1;36m[1;44m02:24.064 02:21.519 Successfully matched event ControlMessageReceive:i168 c c2 -> s 2 [ofp_packet_out: actions=(u'output(2)',), data={u'dl_type': 35138}, in_port=65535][1;m
[1;36mForwarding dataplane event[1;m
[1;36m[1;44m02:24.065 02:21.519 Successfully matched event ControlMessageReceive:i169 c c2 -> s 2 [ofp_packet_out: actions=(u'output(1)',), data={u'dl_type': 35138}, in_port=65535][1;m
[1;36mForwarding dataplane event[1;m
[1;36mForwarding dataplane event[1;m
[1;36mForwarding dataplane event[1;m
[1;36m[1;44m02:27.072 02:24.523 Successfully matched event DataplanePermit:i170[1;m
[1;36m[1;36mRound 32[1;37m[1;m
[1;36m[1;44m02:27.073 02:24.525 Successfully matched event DataplanePermit:i171[1;m
[1;36m[1;44m02:27.074 02:24.525 Successfully matched event DataplanePermit:i172[1;m
[1;42m[1;37mNo correctness violations![1;m
[1;36m[1;44m02:28.128 02:24.526 Successfully matched event DataplanePermit:i173[1;m
[1;36m[1;44m02:28.128 02:24.527 Successfully matched event DataplanePermit:i174[1;m
[1;36m[1;44m02:28.129 02:24.528 Successfully matched event DataplanePermit:i175[1;m
[1;36m[1;44m02:28.129 02:24.529 Successfully matched event DataplanePermit:i176[1;m
[1;36m[1;44m02:28.129 02:24.530 Successfully matched event DataplanePermit:i177[1;m
[1;42m[1;37mNo correctness violations![1;m
[1;36m[1;44m02:28.748 02:24.531 Successfully matched event ControlMessageSend:i178 c 1 -> s c1 [ofp_packet_in: data={u'dl_type': 35138}, in_port=1][1;m
[1;36m[1;44m02:28.749 02:24.532 Successfully matched event ControlMessageSend:i179 c 1 -> s c1 [ofp_packet_in: data={u'class': u'lldp'}, in_port=1][1;m
[1;36m[1;44m02:28.749 02:24.532 Successfully matched event ControlMessageSend:i180 c 2 -> s c2 [ofp_packet_in: data={u'class': u'lldp'}, in_port=1][1;m
[1;36m[1;44m02:28.750 02:24.533 Successfully matched event ControlMessageSend:i181 c 2 -> s c2 [ofp_packet_in: data={u'dl_type': 35138}, in_port=1][1;m
[1;36mForwarding dataplane event[1;m
[1;36mForwarding dataplane event[1;m
[1;36m[1;44m02:37.771 02:33.547 Successfully matched event DataplanePermit:i183[1;m
[1;36m[1;36mRound 35[1;37m[1;m
[1;42m[1;37mNo correctness violations![1;m
[1;36mForwarding dataplane event[1;m
[1;36mForwarding dataplane event[1;m
[1;35m[1;41m02:39.249 02:33.549 Event timed out ControlMessageSend:i184 c 2 -> s c2 [ofp_packet_in: data={u'dl_dst': u'12:34:56:78:01:02', u'nw_src': u'123.123.2.2', u'dl_src': u'12:34:56:78:02:02', u'nw_dst': u'123.123.1.2'}, in_port=2][1;m
[1;36m[1;44m02:43.161 02:37.457 Successfully matched event ControlMessageReceive:i186 c c1 -> s 1 [ofp_packet_out: actions=(u'output(2)',), data={u'class': u'lldp'}, in_port=65535][1;m
[1;36m[1;36mRound 36[1;37m[1;m
[1;36m[1;44m02:43.163 02:37.458 Successfully matched event ControlMessageReceive:i187 c c1 -> s 1 [ofp_packet_out: actions=(u'output(1)',), data={u'class': u'lldp'}, in_port=65535][1;m
[1;36m[1;44m02:43.164 02:37.458 Successfully matched event ControlMessageReceive:i188 c c1 -> s 1 [ofp_packet_out: actions=(u'output(2)',), data={u'dl_type': 35138}, in_port=65535][1;m
[1;36mForwarding dataplane event[1;m
[1;36m[1;44m02:43.166 02:37.458 Successfully matched event ControlMessageReceive:i189 c c1 -> s 1 [ofp_packet_out: actions=(u'output(1)',), data={u'dl_type': 35138}, in_port=65535][1;m
[1;36mForwarding dataplane event[1;m
[1;42m[1;37mNo correctness violations![1;m
[1;36m[1;44m02:43.870 02:37.458 Successfully matched event ControlMessageReceive:i190 c c2 -> s 2 [ofp_packet_out: actions=(u'output(2)',), data={u'class': u'lldp'}, in_port=65535][1;m
[1;36m[1;44m02:43.872 02:37.459 Successfully matched event ControlMessageReceive:i191 c c2 -> s 2 [ofp_packet_out: actions=(u'output(1)',), data={u'class': u'lldp'}, in_port=65535][1;m
[1;36m[1;44m02:43.873 02:37.459 Successfully matched event ControlMessageReceive:i192 c c2 -> s 2 [ofp_packet_out: actions=(u'output(2)',), data={u'dl_type': 35138}, in_port=65535][1;m
[1;36mForwarding dataplane event[1;m
[1;36m[1;44m02:43.875 02:37.460 Successfully matched event ControlMessageReceive:i193 c c2 -> s 2 [ofp_packet_out: actions=(u'output(1)',), data={u'dl_type': 35138}, in_port=65535][1;m
[1;36mForwarding dataplane event[1;m
[1;33mc1 Killed existing process (pid: 9025)[1;m

[1;36m[1;44m02:44.460 02:37.460 Successfully matched event ControllerFailure:e194[1;m
[1;42m[1;37mNo correctness violations![1;m
[1;36m[1;44m02:47.869 02:40.867 Successfully matched event DataplanePermit:i195[1;m
[1;36m[1;36mRound 37[1;37m[1;m
[1;36m[1;44m02:47.870 02:40.868 Successfully matched event DataplanePermit:i196[1;m
[1;36m[1;44m02:47.871 02:40.869 Successfully matched event DataplanePermit:i197[1;m
[1;36m[1;44m02:47.871 02:40.870 Successfully matched event DataplanePermit:i198[1;m
[1;36m[1;44m02:47.872 02:40.871 Successfully matched event DataplanePermit:i199[1;m
[1;42m[1;37mNo correctness violations![1;m
[1;36m[1;44m02:48.669 02:40.872 Successfully matched event DataplanePermit:i200[1;m
[1;36m[1;44m02:48.669 02:40.873 Successfully matched event DataplanePermit:i201[1;m
[1;36m[1;44m02:48.670 02:40.873 Successfully matched event DataplanePermit:i202[1;m
[1;36m[1;44m02:48.670 02:40.874 Successfully matched event ControlMessageSend:i203 c 1 -> s c1 [ofp_packet_in: data={u'dl_type': 35138}, in_port=1][1;m
[1;36m[1;44m02:48.670 02:40.875 Successfully matched event ControlMessageSend:i204 c 1 -> s c1 [ofp_packet_in: data={u'class': u'lldp'}, in_port=1][1;m
[1;42m[1;37mNo correctness violations![1;m
[1;36m[1;44m02:49.307 02:40.876 Successfully matched event ControlMessageSend:i205 c 2 -> s c2 [ofp_packet_in: data={u'class': u'lldp'}, in_port=1][1;m
[1;36m[1;44m02:49.308 02:40.876 Successfully matched event ControlMessageSend:i206 c 2 -> s c2 [ofp_packet_in: data={u'dl_type': 35138}, in_port=1][1;m
[1;36mForwarding dataplane event[1;m
[1;36mForwarding dataplane event[1;m
[1;36m[1;44m02:58.319 02:49.885 Successfully matched event ControlMessageReceive:i207 c c2 -> s 2 [ofp_packet_out: actions=(u'output(2)',), data={u'class': u'lldp'}, in_port=65535][1;m
[1;36m[1;36mRound 40[1;37m[1;m
[1;36m[1;44m02:58.321 02:49.886 Successfully matched event ControlMessageReceive:i208 c c2 -> s 2 [ofp_packet_out: actions=(u'output(1)',), data={u'class': u'lldp'}, in_port=65535][1;m
[1;36m[1;44m02:58.322 02:49.888 Successfully matched event ControlMessageReceive:i209 c c2 -> s 2 [ofp_packet_out: actions=(u'output(2)',), data={u'dl_type': 35138}, in_port=65535][1;m
[1;36mForwarding dataplane event[1;m
[1;42m[1;37mNo correctness violations![1;m
[1;36m[1;44m02:59.076 02:49.889 Successfully matched event ControlMessageReceive:i210 c c2 -> s 2 [ofp_packet_out: actions=(u'output(1)',), data={u'dl_type': 35138}, in_port=65535][1;m
[1;36mForwarding dataplane event[1;m
[1;36m[1;44m03:03.032 02:53.840 Successfully matched event DataplanePermit:i212[1;m
[1;36m[1;36mRound 41[1;37m[1;m
[1;36m[1;44m03:03.033 02:53.841 Successfully matched event DataplanePermit:i213[1;m
[1;36m[1;44m03:03.033 02:53.842 Successfully matched event DataplanePermit:i214[1;m
[1;36m[1;44m03:03.034 02:53.843 Successfully matched event DataplanePermit:i215[1;m
[1;42m[1;37mNo correctness violations![1;m
[1;36m[1;44m03:03.970 02:53.844 Successfully matched event ControlMessageSend:i216 c 1 -> s c1 [ofp_packet_in: data={u'dl_type': 35138}, in_port=1][1;m
[1;36m[1;44m03:03.970 02:53.845 Successfully matched event ControlMessageSend:i217 c 1 -> s c1 [ofp_packet_in: data={u'class': u'lldp'}, in_port=1][1;m
[1;36mForwarding dataplane event[1;m
[1;36mForwarding dataplane event[1;m
[1;36m[1;44m03:12.984 03:02.855 Successfully matched event ControlMessageReceive:i218 c c2 -> s 2 [ofp_echo_request: ][1;m
[1;36m[1;36mRound 44[1;37m[1;m
[1;36m[1;44m03:12.986 03:02.856 Successfully matched event ControlMessageSend:i219 c 2 -> s c2 [ofp_echo_reply: ][1;m
[1;33mc1 rotate log: ./onos-logs/onos.onosdev1.log[1;m

[1;33mc1 rotate log: ./onos-logs/onos.onosdev1.pcap[1;m

[1;33mc1 Starting ONOS controller ...[1;m

[1;33mc1 [1;m

[1;33mc1 .[1;m

[1;33mc1 /home/mininet/ONOS[1;m

[1;33mc1 Waiting for ONOS to start...[1;m

[1;33mc1 .[1;m

connect_socket_with_backoff ('192.168.56.11', 6633)
[1;36m[1;44m03:56.252 03:02.857 Successfully matched event ControllerRecovery:e220[1;m
[1;36mForwarding dataplane event[1;m
[1;36mForwarding dataplane event[1;m
[1;36mForwarding dataplane event[1;m
[1;36mForwarding dataplane event[1;m
[1;36mForwarding dataplane event[1;m
[1;36mForwarding dataplane event[1;m
[1;42m[1;37mNo correctness violations![1;m
[1;36m[1;44m03:57.045 03:38.991 Successfully matched event ControlMessageReceive:i221 c c1 -> s 1 [ofp_hello: ][1;m
[1;36m[1;36mRound 45[1;37m[1;m
[1;36m[1;44m03:57.046 03:38.992 Successfully matched event ControlMessageReceive:i222 c c2 -> s 2 [ofp_packet_out: actions=(u'output(2)',), data={u'class': u'lldp'}, in_port=65535][1;m
[1;36m[1;44m03:57.047 03:38.994 Successfully matched event ControlMessageReceive:i223 c c2 -> s 2 [ofp_packet_out: actions=(u'output(1)',), data={u'class': u'lldp'}, in_port=65535][1;m
[1;36m[1;44m03:57.047 03:38.995 Successfully matched event ControlMessageReceive:i224 c c2 -> s 2 [ofp_packet_out: actions=(u'output(2)',), data={u'dl_type': 35138}, in_port=65535][1;m
[1;36mForwarding dataplane event[1;m
[1;36m[1;44m03:57.048 03:38.995 Successfully matched event ControlMessageReceive:i225 c c2 -> s 2 [ofp_packet_out: actions=(u'output(1)',), data={u'dl_type': 35138}, in_port=65535][1;m
[1;36mForwarding dataplane event[1;m
[1;42m[1;37mNo correctness violations![1;m
[1;36m[1;44m03:57.991 03:38.996 Successfully matched event ControlMessageReceive:i226 c c2 -> s 2 [ofp_echo_request: ][1;m
[1;36m[1;44m03:57.992 03:38.996 Successfully matched event ControlMessageSend:i227 c 1 -> s c1 [ofp_hello: ][1;m
[1;36m[1;44m03:57.993 03:38.996 Successfully matched event ControlMessageSend:i228 c 2 -> s c2 [ofp_echo_reply: ][1;m
[1;36m[1;44m04:01.808 03:42.807 Successfully matched event DataplanePermit:i230[1;m
[1;36m[1;36mRound 46[1;37m[1;m
[1;36m[1;44m04:01.808 03:42.808 Successfully matched event DataplanePermit:i231[1;m
[1;42m[1;37mNo correctness violations![1;m
[1;36m[1;44m04:02.868 03:42.808 Successfully matched event DataplanePermit:i232[1;m
[1;36m[1;44m04:02.869 03:42.809 Successfully matched event DataplanePermit:i233[1;m
[1;36m[1;44m04:02.869 03:42.809 Successfully matched event ControlMessageReceive:i234 c c1 -> s 1 [ofp_features_request: ][1;m
[1;36m[1;44m04:02.870 03:42.810 Successfully matched event ControlMessageReceive:i235 c c2 -> s 2 [ofp_packet_out: actions=(u'output(2)',), data={u'class': u'lldp'}, in_port=65535][1;m
[1;36m[1;44m04:02.870 03:42.810 Successfully matched event ControlMessageReceive:i236 c c2 -> s 2 [ofp_packet_out: actions=(u'output(1)',), data={u'class': u'lldp'}, in_port=65535][1;m
[1;42m[1;37mNo correctness violations![1;m
[1;36m[1;44m04:03.762 03:42.811 Successfully matched event ControlMessageReceive:i237 c c2 -> s 2 [ofp_packet_out: actions=(u'output(2)',), data={u'dl_type': 35138}, in_port=65535][1;m
[1;36mForwarding dataplane event[1;m
[1;36m[1;44m04:03.763 03:42.812 Successfully matched event ControlMessageReceive:i238 c c2 -> s 2 [ofp_packet_out: actions=(u'output(1)',), data={u'dl_type': 35138}, in_port=65535][1;m
[1;36mForwarding dataplane event[1;m
[1;36m[1;44m04:03.764 03:42.812 Successfully matched event ControlMessageSend:i239 c 1 -> s c1 [ofp_packet_in: data={u'dl_type': 35138}, in_port=1][1;m
[1;36m[1;44m04:03.765 03:42.812 Successfully matched event ControlMessageSend:i240 c 1 -> s c1 [ofp_packet_in: data={u'class': u'lldp'}, in_port=1][1;m
[1;36m[1;44m04:03.765 03:42.812 Successfully matched event ControlMessageSend:i241 c 1 -> s c1 [ofp_features_reply: datapath_id=1][1;m
[1;42m[1;37mNo correctness violations![1;m
[1;36m[1;44m04:06.770 03:45.816 Successfully matched event DataplanePermit:i242[1;m
[1;36m[1;36mRound 47[1;37m[1;m
[1;36m[1;44m04:06.770 03:45.817 Successfully matched event DataplanePermit:i243[1;m
[1;36m[1;44m04:06.770 03:45.818 Successfully matched event DataplanePermit:i244[1;m
[1;36m[1;44m04:06.771 03:45.819 Successfully matched event DataplanePermit:i245[1;m
[1;36m[1;44m04:06.771 03:45.820 Successfully matched event ControlMessageReceive:i246 c c1 -> s 1 [ofp_set_config: ][1;m
[1;42m[1;37mNo correctness violations![1;m
[1;36m[1;44m04:07.513 03:45.821 Successfully matched event ControlMessageReceive:i247 c c1 -> s 1 [ofp_get_config_request: ][1;m
[1;36m[1;44m04:07.515 03:45.822 Successfully matched event ControlMessageReceive:i248 c c1 -> s 1 [ofp_stats_request: flags=0, type=0][1;m
[1;36m[1;44m04:07.516 03:45.824 Successfully matched event ControlMessageReceive:i249 c c2 -> s 2 [ofp_packet_out: actions=(u'output(2)',), data={u'class': u'lldp'}, in_port=65535][1;m
[1;36m[1;44m04:07.516 03:45.825 Successfully matched event ControlMessageReceive:i250 c c2 -> s 2 [ofp_packet_out: actions=(u'output(1)',), data={u'class': u'lldp'}, in_port=65535][1;m
[1;36m[1;44m04:07.518 03:45.825 Successfully matched event ControlMessageReceive:i251 c c2 -> s 2 [ofp_packet_out: actions=(u'output(2)',), data={u'dl_type': 35138}, in_port=65535][1;m
[1;36mForwarding dataplane event[1;m
[1;42m[1;37mNo correctness violations![1;m
[1;36m[1;44m04:08.440 03:45.826 Successfully matched event ControlMessageReceive:i252 c c2 -> s 2 [ofp_packet_out: actions=(u'output(1)',), data={u'dl_type': 35138}, in_port=65535][1;m
[1;36mForwarding dataplane event[1;m
[1;36m[1;44m04:08.441 03:45.826 Successfully matched event ControlMessageSend:i253 c 1 -> s c1 [ofp_packet_in: data={u'dl_type': 35138}, in_port=1][1;m
[1;36m[1;44m04:08.441 03:45.826 Successfully matched event ControlMessageSend:i254 c 1 -> s c1 [ofp_packet_in: data={u'class': u'lldp'}, in_port=1][1;m
[1;36m[1;44m04:08.442 03:45.826 Successfully matched event ControlMessageSend:i255 c 1 -> s c1 [ofp_get_config_reply: ][1;m
[1;36m[1;44m04:08.442 03:45.827 Successfully matched event ControlMessageSend:i256 c 1 -> s c1 [ofp_stats_reply: flags=0, type=0][1;m
[1;42m[1;37mNo correctness violations![1;m
[1;36m[1;44m04:11.447 03:48.829 Successfully matched event DataplanePermit:i257[1;m
[1;36m[1;36mRound 48[1;37m[1;m
[1;36m[1;44m04:11.447 03:48.830 Successfully matched event DataplanePermit:i258[1;m
[1;36m[1;44m04:11.448 03:48.831 Successfully matched event DataplanePermit:i259[1;m
[1;36m[1;44m04:11.448 03:48.832 Successfully matched event DataplanePermit:i260[1;m
[1;36m[1;44m04:11.449 03:48.833 Successfully matched event ControlMessageReceive:i261 c c1 -> s 1 [ofp_vendor: ][1;m
[1;42m[1;37mNo correctness violations![1;m
[1;36m[1;44m04:12.095 03:48.834 Successfully matched event ControlMessageReceive:i262 c c2 -> s 2 [ofp_packet_out: actions=(u'output(2)',), data={u'class': u'lldp'}, in_port=65535][1;m
[1;36m[1;44m04:12.095 03:48.835 Successfully matched event ControlMessageReceive:i263 c c2 -> s 2 [ofp_packet_out: actions=(u'output(1)',), data={u'class': u'lldp'}, in_port=65535][1;m
[1;36m[1;44m04:12.096 03:48.835 Successfully matched event ControlMessageReceive:i264 c c2 -> s 2 [ofp_packet_out: actions=(u'output(2)',), data={u'dl_type': 35138}, in_port=65535][1;m
[1;36mForwarding dataplane event[1;m
[1;36m[1;44m04:12.097 03:48.836 Successfully matched event ControlMessageReceive:i265 c c2 -> s 2 [ofp_packet_out: actions=(u'output(1)',), data={u'dl_type': 35138}, in_port=65535][1;m
[1;36mForwarding dataplane event[1;m
[1;36m[1;44m04:12.098 03:48.836 Successfully matched event ControlMessageSend:i266 c 1 -> s c1 [ofp_packet_in: data={u'dl_type': 35138}, in_port=1][1;m
[1;42m[1;37mNo correctness violations![1;m
[1;36m[1;44m04:12.904 03:48.836 Successfully matched event ControlMessageSend:i267 c 1 -> s c1 [ofp_packet_in: data={u'class': u'lldp'}, in_port=1][1;m
[1;36m[1;44m04:12.905 03:48.836 Successfully matched event ControlMessageSend:i268 c 1 -> s c1 [ofp_vendor: ][1;m
[1;36m[1;44m04:15.909 03:51.840 Successfully matched event DataplanePermit:i269[1;m
[1;36m[1;36mRound 49[1;37m[1;m
[1;36m[1;44m04:15.910 03:51.842 Successfully matched event DataplanePermit:i270[1;m
[1;36m[1;44m04:15.910 03:51.843 Successfully matched event DataplanePermit:i271[1;m
[1;42m[1;37mNo correctness violations![1;m
[1;36m[1;44m04:16.638 03:51.844 Successfully matched event DataplanePermit:i272[1;m
[1;36m[1;44m04:16.639 03:51.845 Successfully matched event ControlMessageReceive:i273 c c1 -> s 1 [ofp_vendor: ][1;m
[1;36m[1;44m04:16.639 03:51.845 Successfully matched event ControlMessageSend:i274 c 1 -> s c1 [ofp_packet_in: data={u'dl_type': 35138}, in_port=1][1;m
[1;36m[1;44m04:16.640 03:51.846 Successfully matched event ControlMessageSend:i275 c 1 -> s c1 [ofp_packet_in: data={u'class': u'lldp'}, in_port=1][1;m
[1;36m[1;44m04:16.640 03:51.847 Successfully matched event ControlMessageSend:i276 c 1 -> s c1 [ofp_vendor: ][1;m
[1;42m[1;37mNo correctness violations![1;m
[1;36m[1;44m04:17.776 03:54.851 Successfully matched event ControlMessageReceive:i277 c c1 -> s 1 [ofp_stats_request: flags=0, type=1][1;m
[1;36m[1;36mRound 50[1;37m[1;m
[1;36m[1;44m04:17.777 03:54.852 Successfully matched event ControlMessageSend:i278 c 1 -> s c1 [ofp_stats_reply: flags=0, type=0][1;m
[1;36mForwarding dataplane event[1;m
[1;36mForwarding dataplane event[1;m
[1;36m[1;44m04:21.501 03:58.573 Successfully matched event ControlMessageReceive:i280 c c1 -> s 1 [ofp_packet_out: actions=(u'output(2)',), data={u'class': u'lldp'}, in_port=65535][1;m
[1;36m[1;36mRound 51[1;37m[1;m
[1;36m[1;44m04:21.503 03:58.575 Successfully matched event ControlMessageReceive:i281 c c1 -> s 1 [ofp_packet_out: actions=(u'output(1)',), data={u'class': u'lldp'}, in_port=65535][1;m
[1;36m[1;44m04:24.509 04:01.579 Successfully matched event DataplanePermit:i282[1;m
[1;36m[1;36mRound 52[1;37m[1;m
[1;42m[1;37mNo correctness violations![1;m
[1;36m[1;44m04:25.455 04:01.580 Successfully matched event DataplanePermit:i283[1;m
[1;36m[1;44m04:25.456 04:01.580 Successfully matched event ControlMessageReceive:i284 c c2 -> s 2 [ofp_echo_request: ][1;m
[1;36m[1;44m04:25.456 04:01.581 Successfully matched event ControlMessageSend:i285 c 2 -> s c2 [ofp_packet_in: data={u'class': u'lldp'}, in_port=1][1;m
[1;36m[1;44m04:25.456 04:01.581 Successfully matched event ControlMessageSend:i286 c 2 -> s c2 [ofp_echo_reply: ][1;m
[1;36mForwarding dataplane event[1;m
[1;36mForwarding dataplane event[1;m
[1;36m[1;44m04:28.462 04:04.583 Successfully matched event ControlMessageReceive:i287 c c1 -> s 1 [ofp_packet_out: actions=(u'output(2)',), data={u'class': u'lldp'}, in_port=65535][1;m
[1;36m[1;36mRound 53[1;37m[1;m
[1;42m[1;37mNo correctness violations![1;m
[1;36m[1;44m04:29.250 04:04.584 Successfully matched event ControlMessageReceive:i288 c c1 -> s 1 [ofp_packet_out: actions=(u'output(1)',), data={u'class': u'lldp'}, in_port=65535][1;m
[1;36m[1;44m04:29.252 04:04.585 Successfully matched event ControlMessageReceive:i289 c c1 -> s 1 [ofp_packet_out: actions=(u'output(2)',), data={u'dl_type': 35138}, in_port=65535][1;m
[1;36m[1;44m04:29.253 04:04.586 Successfully matched event ControlMessageReceive:i290 c c1 -> s 1 [ofp_packet_out: actions=(u'output(1)',), data={u'dl_type': 35138}, in_port=65535][1;m
[1;36m[1;44m04:29.253 04:04.587 Successfully matched event ControlMessageReceive:i291 c c2 -> s 2 [ofp_packet_out: actions=(u'output(2)',), data={u'class': u'lldp'}, in_port=65535][1;m
[1;36m[1;44m04:29.254 04:04.588 Successfully matched event ControlMessageReceive:i292 c c2 -> s 2 [ofp_packet_out: actions=(u'output(1)',), data={u'class': u'lldp'}, in_port=65535][1;m
[1;42m[1;37mNo correctness violations![1;m
[1;36m[1;44m04:30.094 04:04.589 Successfully matched event ControlMessageReceive:i293 c c2 -> s 2 [ofp_packet_out: actions=(u'output(2)',), data={u'dl_type': 35138}, in_port=65535][1;m
[1;36mForwarding dataplane event[1;m
[1;36m[1;44m04:30.095 04:04.590 Successfully matched event ControlMessageReceive:i294 c c2 -> s 2 [ofp_packet_out: actions=(u'output(1)',), data={u'dl_type': 35138}, in_port=65535][1;m
[1;36mForwarding dataplane event[1;m
[1;36m[1;44m04:33.100 04:07.594 Successfully matched event DataplanePermit:i295[1;m
[1;36m[1;36mRound 54[1;37m[1;m
[1;36m[1;44m04:33.101 04:07.595 Successfully matched event DataplanePermit:i296[1;m
[1;36m[1;44m04:33.101 04:07.596 Successfully matched event DataplanePermit:i297[1;m
[1;42m[1;37mNo correctness violations![1;m
[1;36m[1;44m04:33.956 04:07.596 Successfully matched event DataplanePermit:i298[1;m
[1;36m[1;44m04:33.956 04:07.597 Successfully matched event DataplanePermit:i299[1;m
[1;36m[1;44m04:33.956 04:07.597 Successfully matched event DataplanePermit:i300[1;m
[1;36m[1;44m04:33.956 04:07.597 Successfully matched event DataplanePermit:i301[1;m
[1;36m[1;44m04:33.957 04:07.598 Successfully matched event DataplanePermit:i302[1;m
[1;42m[1;37mNo correctness violations![1;m
[1;36m[1;44m04:34.770 04:07.598 Successfully matched event ControlMessageSend:i303 c 1 -> s c1 [ofp_packet_in: data={u'dl_type': 35138}, in_port=1][1;m
[1;36m[1;44m04:34.770 04:07.598 Successfully matched event ControlMessageSend:i304 c 1 -> s c1 [ofp_packet_in: data={u'class': u'lldp'}, in_port=1][1;m
[1;36m[1;44m04:34.771 04:07.599 Successfully matched event ControlMessageSend:i305 c 2 -> s c2 [ofp_packet_in: data={u'class': u'lldp'}, in_port=1][1;m
[1;35m[1;41m04:35.372 04:07.599 Event timed out ControlMessageSend:i306 c 2 -> s c2 [ofp_packet_in: data={u'dl_type': 35138}, in_port=1][1;m
[1;36m[1;36mRound 55[1;37m[1;m
[1;41m[1;37mViolations at end of trace: ['bug_file_detected'][1;m
[1;42m[1;37mViolation found bug_file_detected[1;m
[1;36m[1;44mEvent Stats: Events matched: 278, timed out: 11
Matches per event type:
  ControllerFailure 1
  ConnectToControllers 1
  ControllerRecovery 1
  ControlMessageSend 65
		  ofp_packet_in : 43
		  ofp_hello : 3
		  ofp_get_config_reply : 3
		  ofp_features_reply : 3
		  ofp_stats_reply : 4
		  ofp_echo_reply : 3
		  ofp_vendor : 6
  DataplanePermit 97
  ControlMessageReceive 113
		  ofp_hello : 3
		  ofp_set_config : 3
		  ofp_packet_out : 88
		  ofp_echo_request : 3
		  ofp_stats_request : 4
		  ofp_features_request : 3
		  ofp_vendor : 6
		  ofp_get_config_request : 3
Timeouts per event type:
  ControlMessageReceive 2
		  ofp_packet_out : 2
  ControlMessageSend 9
		  ofp_packet_in : 9
[1;m
[1;36m[1;44mDataplaneDrop Stats: Expected drops (0), Actual drops (0)
Missed Drops (expected if TrafficInjections pruned):[1;m
