[1;33m[c1] INFO:core:POX 0.1.0 (betta) is up.[1;m

connect_socket_with_backoff ('127.0.0.1', 6633)
connect_socket_with_backoff ('127.0.0.1', 6633)
connect_socket_with_backoff ('127.0.0.1', 6633)
[1;36m[1;44m00:00.502 00:00.000 Successfully matched event ConnectToControllers:e1[1;m
[1;36m[1;44m00:00.509 00:00.012 Successfully matched event ControlMessageReceive:i2 c c1 -> s 1 [ofp_hello: ][1;m
[1;36m[1;36mRound 1[1;37m[1;m
[1;36m[1;44m00:00.511 00:00.012 Successfully matched event ControlMessageSend:i3 c 1 -> s c1 [ofp_hello: ][1;m
[1;36m[1;44m00:00.512 00:00.136 Successfully matched event ControlMessageReceive:i5 c c1 -> s 3 [ofp_hello: ][1;m
[1;36m[1;36mRound 2[1;37m[1;m
[1;36m[1;44m00:00.513 00:00.136 Successfully matched event ControlMessageReceive:i6 c c1 -> s 2 [ofp_hello: ][1;m
[1;36m[1;44m00:00.514 00:00.137 Successfully matched event ControlMessageReceive:i7 c c1 -> s 1 [ofp_features_request: ][1;m
[1;36m[1;44m00:00.514 00:00.137 Successfully matched event ControlMessageSend:i8 c 3 -> s c1 [ofp_hello: ][1;m
[1;36m[1;44m00:00.514 00:00.137 Successfully matched event ControlMessageSend:i9 c 2 -> s c1 [ofp_hello: ][1;m
[1;36m[1;44m00:00.514 00:00.138 Successfully matched event ControlMessageSend:i10 c 1 -> s c1 [ofp_features_reply: datapath_id=1][1;m
[1;36m[1;44m00:00.557 00:00.303 Successfully matched event ControlMessageReceive:i12 c c1 -> s 1 [ofp_barrier_request: ][1;m
[1;36m[1;36mRound 3[1;37m[1;m
[1;36m[1;44m00:00.558 00:00.303 Successfully matched event ControlMessageReceive:i13 c c1 -> s 1 [ofp_set_config: ][1;m
[1;36m[1;44m00:00.558 00:00.304 Successfully matched event ControlMessageReceive:i14 c c1 -> s 3 [ofp_features_request: ][1;m
[1;36m[1;44m00:00.559 00:00.304 Successfully matched event ControlMessageReceive:i15 c c1 -> s 2 [ofp_features_request: ][1;m
[1;36m[1;44m00:00.560 00:00.304 Successfully matched event ControlMessageReceive:i16 c c1 -> s 1 [ofp_flow_mod: hard_timeout=0, out_port=65535, priority=32768, idle_timeout=0, command=delete, actions=(), flags=0, match=x^L,in_port:None][1;m
[1;36m[1;44m00:00.560 00:00.305 Successfully matched event ControlMessageSend:i17 c 3 -> s c1 [ofp_features_reply: datapath_id=3][1;m
[1;36m[1;44m00:00.561 00:00.305 Successfully matched event ControlMessageSend:i18 c 1 -> s c1 [ofp_barrier_reply: ][1;m
[1;36m[1;44m00:00.561 00:00.305 Successfully matched event ControlMessageSend:i19 c 2 -> s c1 [ofp_features_reply: datapath_id=2][1;m
[1;33m[c1] INFO:openflow.of_01:[00-00-00-00-00-01 1] connected[1;m

[1;41m[1;33m[c1] DEBUG:pyretic.core.runtime.DEBUG_TOPO_DISCOVERY: handle_switch_joins[1;m

[1;41m[1;33m[c1] INFO:pyretic.core.runtime.ConcreteNetwork: OpenFlow switch 1 connected[1;m

[1;41m[1;33m[c1] DEBUG:pyretic.core.runtime.DEBUG_TOPO_DISCOVERY: ---------------------------------------------[1;m

[1;41m[1;33m[c1] switch  |  switch edges    |  egress ports  |[1;m

[1;41m[1;33m[c1] ---------------------------------------------[1;m

[1;41m[1;33m[c1] 1       |                  |                |[1;m

[1;41m[1;33m[c1] ---------------------------------------------[1;m

[1;41m[1;33m[c1] DEBUG:pyretic.core.runtime.DEBUG_TOPO_DISCOVERY: handle_port_joins 1:1:True:True[1;m

[1;41m[1;33m[c1] DEBUG:pyretic.core.runtime.DEBUG_TOPO_DISCOVERY: ---------------------------------------------[1;m

[1;41m[1;33m[c1] switch  |  switch edges    |  egress ports  |[1;m

[1;41m[1;33m[c1] ---------------------------------------------[1;m

[1;41m[1;33m[c1] 1       |                  |  1[1]---       |[1;m

[1;41m[1;33m[c1] ---------------------------------------------[1;m

[1;41m[1;33m[c1] DEBUG:pyretic.core.runtime.DEBUG_TOPO_DISCOVERY: handle_port_joins 1:2:True:True[1;m

[1;41m[1;33m[c1] DEBUG:pyretic.core.runtime.DEBUG_TOPO_DISCOVERY: -------------------------------------------------[1;m

[1;41m[1;33m[c1] switch  |  switch edges    |  egress ports      |[1;m

[1;41m[1;33m[c1] -------------------------------------------------[1;m

[1;41m[1;33m[c1] 1       |                  |  1[2]---, 1[1]---  |[1;m

[1;41m[1;33m[c1] -------------------------------------------------[1;m

[1;41m[1;33m[c1] DEBUG:pyretic.core.runtime.DEBUG_TOPO_DISCOVERY: handle_port_joins 1:3:True:True[1;m

[1;41m[1;33m[c1] DEBUG:pyretic.core.runtime.DEBUG_TOPO_DISCOVERY: ----------------------------------------------------------[1;m

[1;41m[1;33m[c1] switch  |  switch edges    |   egress ports              |[1;m

[1;41m[1;33m[c1] ----------------------------------------------------------[1;m

[1;41m[1;33m[c1] 1       |                  |  1[2]---, 1[3]---, 1[1]---  |[1;m

[1;41m[1;33m[c1] ----------------------------------------------------------[1;m

[1;36m[1;44m00:00.608 00:00.410 Successfully matched event ControlMessageReceive:i21 c c1 -> s 1 [ofp_packet_out: actions=(u'output(1)',), data={u'class': u'lldp'}, in_port=65535][1;m
[1;36m[1;36mRound 4[1;37m[1;m
[1;36mForwarding dataplane event[1;m
[1;36m[1;44m00:00.610 00:00.411 Successfully matched event ControlMessageReceive:i22 c c1 -> s 2 [ofp_barrier_request: ][1;m
[1;36m[1;44m00:00.611 00:00.411 Successfully matched event ControlMessageReceive:i23 c c1 -> s 3 [ofp_barrier_request: ][1;m
[1;36m[1;44m00:00.612 00:00.413 Successfully matched event ControlMessageReceive:i24 c c1 -> s 1 [ofp_flow_mod: hard_timeout=0, out_port=65535, priority=32768, idle_timeout=0, command=add, actions=(u'output(65533)',), flags=0, match=x^L,in_port:None][1;m
[1;36m[1;44m00:00.614 00:00.413 Successfully matched event ControlMessageReceive:i25 c c1 -> s 2 [ofp_set_config: ][1;m
[1;36m[1;44m00:00.614 00:00.413 Successfully matched event ControlMessageReceive:i26 c c1 -> s 1 [ofp_packet_out: actions=(u'output(3)',), data={u'class': u'lldp'}, in_port=65535][1;m
[1;36mForwarding dataplane event[1;m
[1;36m[1;44m00:00.616 00:00.414 Successfully matched event ControlMessageReceive:i27 c c1 -> s 3 [ofp_flow_mod: hard_timeout=0, out_port=65535, priority=32768, idle_timeout=0, command=delete, actions=(), flags=0, match=x^L,in_port:None][1;m
[1;36m[1;44m00:00.617 00:00.414 Successfully matched event ControlMessageReceive:i28 c c1 -> s 2 [ofp_flow_mod: hard_timeout=0, out_port=65535, priority=32768, idle_timeout=0, command=delete, actions=(), flags=0, match=x^L,in_port:None][1;m
[1;36m[1;44m00:00.618 00:00.415 Successfully matched event ControlMessageReceive:i29 c c1 -> s 1 [ofp_packet_out: actions=(u'output(2)',), data={u'class': u'lldp'}, in_port=65535][1;m
[1;36mForwarding dataplane event[1;m
[1;36m[1;44m00:00.620 00:00.415 Successfully matched event ControlMessageReceive:i30 c c1 -> s 3 [ofp_set_config: ][1;m
[1;36m[1;44m00:00.620 00:00.415 Successfully matched event ControlMessageSend:i31 c 3 -> s c1 [ofp_barrier_reply: ][1;m
[1;36m[1;44m00:00.620 00:00.416 Successfully matched event ControlMessageSend:i32 c 2 -> s c1 [ofp_barrier_reply: ][1;m
[1;36m[1;44m00:00.621 00:00.519 Successfully matched event DataplanePermit:i34[1;m
[1;36m[1;36mRound 5[1;37m[1;m
[1;36m[1;44m00:00.621 00:00.520 Successfully matched event DataplanePermit:i35[1;m
[1;36m[1;44m00:00.621 00:00.521 Successfully matched event DataplanePermit:i36[1;m
[1;33m[c1] INFO:openflow.of_01:[00-00-00-00-00-02 2] connected[1;m

[1;33m[c1] INFO:openflow.of_01:[00-00-00-00-00-03 3] connected[1;m

[1;41m[1;33m[c1] DEBUG:pyretic.core.runtime.DEBUG_TOPO_DISCOVERY: handle_switch_joins[1;m

[1;41m[1;33m[c1] INFO:pyretic.core.runtime.ConcreteNetwork: OpenFlow switch 2 connected[1;m

[1;41m[1;33m[c1] DEBUG:pyretic.core.runtime.DEBUG_TOPO_DISCOVERY: ----------------------------------------------------------[1;m

[1;41m[1;33m[c1] switch  |  switch edges    |   egress ports              |[1;m

[1;41m[1;33m[c1] ----------------------------------------------------------[1;m

[1;41m[1;33m[c1] 1       |                  |  1[2]---, 1[3]---, 1[1]---  |[1;m

[1;41m[1;33m[c1] 2       |                  |                             |[1;m

[1;41m[1;33m[c1] ----------------------------------------------------------[1;m

[1;41m[1;33m[c1] DEBUG:pyretic.core.runtime.DEBUG_TOPO_DISCOVERY: handle_port_joins 2:1:True:True[1;m

[1;36m[1;44m00:00.676 00:00.521 Successfully matched event ControlMessageReceive:i37 c c1 -> s 2 [ofp_packet_out: actions=(u'output(1)',), data={u'class': u'lldp'}, in_port=65535][1;m
[1;36mForwarding dataplane event[1;m
[1;36m[1;44m00:00.677 00:00.522 Successfully matched event ControlMessageReceive:i38 c c1 -> s 3 [ofp_flow_mod: hard_timeout=0, out_port=65535, priority=32768, idle_timeout=0, command=add, actions=(u'output(65533)',), flags=0, match=x^L,in_port:None][1;m
[1;36m[1;44m00:00.677 00:00.523 Successfully matched event ControlMessageReceive:i39 c c1 -> s 2 [ofp_flow_mod: hard_timeout=0, out_port=65535, priority=32768, idle_timeout=0, command=add, actions=(u'output(65533)',), flags=0, match=x^L,in_port:None][1;m
[1;36m[1;44m00:00.678 00:00.523 Successfully matched event ControlMessageSend:i40 c 3 -> s c1 [ofp_packet_in: data={u'class': u'lldp'}, in_port=2][1;m
[1;36m[1;44m00:00.678 00:00.524 Successfully matched event ControlMessageSend:i41 c 2 -> s c1 [ofp_packet_in: data={u'class': u'lldp'}, in_port=2][1;m
[1;36m[1;44m00:00.678 00:00.630 Successfully matched event DataplanePermit:i43[1;m
[1;36m[1;36mRound 6[1;37m[1;m
[1;41m[1;33m[c1] DEBUG:pyretic.core.runtime.DEBUG_TOPO_DISCOVERY: ----------------------------------------------------------[1;m

[1;41m[1;33m[c1] switch  |  switch edges    |   egress ports              |[1;m

[1;41m[1;33m[c1] ----------------------------------------------------------[1;m

[1;41m[1;33m[c1] 1       |                  |  1[2]---, 1[3]---, 1[1]---  |[1;m

[1;41m[1;33m[c1] 2       |                  |  2[1]---                    |[1;m

[1;41m[1;33m[c1] ----------------------------------------------------------[1;m

[1;41m[1;33m[c1] DEBUG:pyretic.core.runtime.DEBUG_TOPO_DISCOVERY: handle_port_joins 2:2:True:True[1;m

[1;41m[1;33m[c1] DEBUG:pyretic.core.runtime.DEBUG_TOPO_DISCOVERY: ----------------------------------------------------------[1;m

[1;41m[1;33m[c1] switch  |  switch edges    |   egress ports              |[1;m

[1;41m[1;33m[c1] ----------------------------------------------------------[1;m

[1;41m[1;33m[c1] 1       |                  |  1[2]---, 1[3]---, 1[1]---  |[1;m

[1;41m[1;33m[c1] 2       |                  |  2[1]---, 2[2]---           |[1;m

[1;41m[1;33m[c1] ----------------------------------------------------------[1;m

[1;41m[1;33m[c1] DEBUG:pyretic.core.runtime.DEBUG_TOPO_DISCOVERY: handle_port_joins 2:3:True:True[1;m

[1;41m[1;33m[c1] DEBUG:pyretic.core.runtime.DEBUG_TOPO_DISCOVERY: ----------------------------------------------------------[1;m

[1;41m[1;33m[c1] switch  |  switch edges    |   egress ports              |[1;m

[1;41m[1;33m[c1] ----------------------------------------------------------[1;m

[1;41m[1;33m[c1] 1       |                  |  1[2]---, 1[3]---, 1[1]---  |[1;m

[1;41m[1;33m[c1] 2       |                  |  2[3]---, 2[1]---, 2[2]---  |[1;m

[1;41m[1;33m[c1] ----------------------------------------------------------[1;m

[1;41m[1;33m[c1] DEBUG:pyretic.core.runtime.DEBUG_TOPO_DISCOVERY: handle_switch_joins[1;m

[1;41m[1;33m[c1] INFO:pyretic.core.runtime.ConcreteNetwork: OpenFlow switch 3 connected[1;m

[1;41m[1;33m[c1] DEBUG:pyretic.core.runtime.DEBUG_TOPO_DISCOVERY: ----------------------------------------------------------[1;m

[1;41m[1;33m[c1] switch  |  switch edges    |   egress ports              |[1;m

[1;41m[1;33m[c1] ----------------------------------------------------------[1;m

[1;41m[1;33m[c1] 1       |                  |  1[2]---, 1[3]---, 1[1]---  |[1;m

[1;41m[1;33m[c1] 2       |                  |  2[3]---, 2[1]---, 2[2]---  |[1;m

[1;41m[1;33m[c1] 3       |                  |                             |[1;m

[1;41m[1;33m[c1] ----------------------------------------------------------[1;m

[1;41m[1;33m[c1] DEBUG:pyretic.core.runtime.DEBUG_TOPO_DISCOVERY: handle_port_joins 3:1:True:True[1;m

[1;41m[1;33m[c1] DEBUG:pyretic.core.runtime.DEBUG_TOPO_DISCOVERY: ----------------------------------------------------------[1;m

[1;41m[1;33m[c1] switch  |  switch edges    |   egress ports              |[1;m

[1;41m[1;33m[c1] ----------------------------------------------------------[1;m

[1;41m[1;33m[c1] 1       |                  |  1[2]---, 1[3]---, 1[1]---  |[1;m

[1;41m[1;33m[c1] 2       |                  |  2[3]---, 2[1]---, 2[2]---  |[1;m

[1;41m[1;33m[c1] 3       |                  |  3[1]---                    |[1;m

[1;41m[1;33m[c1] ----------------------------------------------------------[1;m

[1;41m[1;33m[c1] DEBUG:pyretic.core.runtime.DEBUG_TOPO_DISCOVERY: handle_port_joins 3:2:True:True[1;m

[1;41m[1;33m[c1] DEBUG:pyretic.core.runtime.DEBUG_TOPO_DISCOVERY: ----------------------------------------------------------[1;m

[1;41m[1;33m[c1] switch  |  switch edges    |   egress ports              |[1;m

[1;41m[1;33m[c1] ----------------------------------------------------------[1;m

[1;41m[1;33m[c1] 1       |                  |  1[2]---, 1[3]---, 1[1]---  |[1;m

[1;41m[1;33m[c1] 2       |                  |  2[3]---, 2[1]---, 2[2]---  |[1;m

[1;41m[1;33m[c1] 3       |                  |  3[2]---, 3[1]---           |[1;m

[1;41m[1;33m[c1] ----------------------------------------------------------[1;m

[1;41m[1;33m[c1] DEBUG:pyretic.core.runtime.DEBUG_TOPO_DISCOVERY: handle_port_joins 3:3:True:True[1;m

[1;41m[1;33m[c1] DEBUG:pyretic.core.runtime.DEBUG_TOPO_DISCOVERY: ----------------------------------------------------------[1;m

[1;41m[1;33m[c1] switch  |  switch edges    |   egress ports              |[1;m

[1;41m[1;33m[c1] ----------------------------------------------------------[1;m

[1;41m[1;33m[c1] 1       |                  |  1[2]---, 1[3]---, 1[1]---  |[1;m

[1;41m[1;33m[c1] 2       |                  |  2[3]---, 2[1]---, 2[2]---  |[1;m

[1;41m[1;33m[c1] 3       |                  |  3[2]---, 3[1]---, 3[3]---  |[1;m

[1;41m[1;33m[c1] ----------------------------------------------------------[1;m

[1;41m[1;33m[c1] DEBUG:pyretic.core.runtime.DEBUG_TOPO_DISCOVERY: handle_link_updates[1;m

[1;41m[1;33m[c1] DEBUG:pyretic.core.runtime.DEBUG_TOPO_DISCOVERY: ----------------------------------------------------------[1;m

[1;41m[1;33m[c1] switch  |  switch edges    |   egress ports              |[1;m

[1;41m[1;33m[c1] ----------------------------------------------------------[1;m

[1;41m[1;33m[c1] 1       |  1[2] --- 2[2]   |  1[3]---, 1[1]---           |[1;m

[1;41m[1;33m[c1] 2       |  1[2] --- 2[2]   |  2[3]---, 2[1]---           |[1;m

[1;41m[1;33m[c1] 3       |                  |  3[2]---, 3[1]---, 3[3]---  |[1;m

[1;41m[1;33m[c1] ----------------------------------------------------------[1;m

[1;36m[1;44m00:00.724 00:00.631 Successfully matched event ControlMessageReceive:i44 c c1 -> s 3 [ofp_packet_out: actions=(u'output(3)',), data={u'class': u'lldp'}, in_port=65535][1;m
[1;36mForwarding dataplane event[1;m
[1;36m[1;44m00:00.725 00:00.631 Successfully matched event ControlMessageReceive:i45 c c1 -> s 2 [ofp_packet_out: actions=(u'output(3)',), data={u'class': u'lldp'}, in_port=65535][1;m
[1;36mForwarding dataplane event[1;m
[1;36m[1;44m00:00.726 00:00.632 Successfully matched event ControlMessageReceive:i46 c c1 -> s 2 [ofp_packet_out: actions=(u'output(2)',), data={u'class': u'lldp'}, in_port=65535][1;m
[1;36mForwarding dataplane event[1;m
[1;36m[1;44m00:00.727 00:00.633 Successfully matched event ControlMessageReceive:i47 c c1 -> s 3 [ofp_packet_out: actions=(u'output(2)',), data={u'class': u'lldp'}, in_port=65535][1;m
[1;36mForwarding dataplane event[1;m
[1;36m[1;44m00:00.728 00:00.633 Successfully matched event ControlMessageReceive:i48 c c1 -> s 3 [ofp_packet_out: actions=(u'output(1)',), data={u'class': u'lldp'}, in_port=65535][1;m
[1;36mForwarding dataplane event[1;m
[1;36m[1;44m00:00.729 00:00.634 Successfully matched event ControlMessageSend:i49 c 3 -> s c1 [ofp_packet_in: data={u'class': u'lldp'}, in_port=1][1;m
[1;36m[1;44m00:00.729 00:00.738 Successfully matched event DataplanePermit:i51[1;m
[1;36m[1;36mRound 7[1;37m[1;m
[1;36m[1;44m00:00.729 00:00.739 Successfully matched event DataplanePermit:i52[1;m
[1;36m[1;44m00:00.730 00:00.740 Successfully matched event DataplanePermit:i53[1;m
[1;36m[1;44m00:00.730 00:00.741 Successfully matched event DataplanePermit:i54[1;m
[1;36m[1;44m00:00.730 00:00.742 Successfully matched event DataplanePermit:i55[1;m
[1;36m[1;44m00:00.730 00:00.742 Successfully matched event ControlMessageSend:i56 c 2 -> s c1 [ofp_packet_in: data={u'class': u'lldp'}, in_port=1][1;m
[1;36m[1;44m00:00.731 00:00.743 Successfully matched event ControlMessageSend:i57 c 1 -> s c1 [ofp_packet_in: data={u'class': u'lldp'}, in_port=2][1;m
[1;36m[1;44m00:00.731 00:00.743 Successfully matched event ControlMessageSend:i58 c 1 -> s c1 [ofp_packet_in: data={u'class': u'lldp'}, in_port=1][1;m
[1;41m[1;33m[c1] DEBUG:pyretic.core.runtime.DEBUG_TOPO_DISCOVERY: handle_link_updates[1;m

[1;41m[1;33m[c1] DEBUG:pyretic.core.runtime.DEBUG_TOPO_DISCOVERY: ---------------------------------------------------------------[1;m

[1;41m[1;33m[c1] switch  |     switch edges               |  egress ports      |[1;m

[1;41m[1;33m[c1] ---------------------------------------------------------------[1;m

[1;41m[1;33m[c1] 1       |  1[2] --- 2[2], 1[1] --- 3[2]  |  1[3]---           |[1;m

[1;41m[1;33m[c1] 2       |  1[2] --- 2[2]                 |  2[3]---, 2[1]---  |[1;m

[1;41m[1;33m[c1] 3       |  1[1] --- 3[2]                 |  3[1]---, 3[3]---  |[1;m

[1;41m[1;33m[c1] ---------------------------------------------------------------[1;m

[1;41m[1;33m[c1] DEBUG:pyretic.core.runtime.DEBUG_TOPO_DISCOVERY: handle_link_updates[1;m

[1;41m[1;33m[c1] DEBUG:pyretic.core.runtime.DEBUG_TOPO_DISCOVERY: nothing to do[1;m

[1;41m[1;33m[c1] DEBUG:pyretic.core.runtime.DEBUG_TOPO_DISCOVERY: handle_link_updates[1;m

[1;41m[1;33m[c1] DEBUG:pyretic.core.runtime.DEBUG_TOPO_DISCOVERY: nothing to do[1;m

[1;41m[1;33m[c1] DEBUG:pyretic.core.runtime.DEBUG_TOPO_DISCOVERY: handle_link_updates[1;m

[1;41m[1;33m[c1] DEBUG:pyretic.core.runtime.DEBUG_TOPO_DISCOVERY: -----------------------------------------------------------[1;m

[1;41m[1;33m[c1] switch  |     switch edges               |  egress ports  |[1;m

[1;41m[1;33m[c1] -----------------------------------------------------------[1;m

[1;41m[1;33m[c1] 1       |  1[2] --- 2[2], 1[1] --- 3[2]  |  1[3]---       |[1;m

[1;41m[1;33m[c1] 2       |  1[2] --- 2[2], 2[1] --- 3[1]  |  2[3]---       |[1;m

[1;41m[1;33m[c1] 3       |  1[1] --- 3[2], 2[1] --- 3[1]  |  3[3]---       |[1;m

[1;41m[1;33m[c1] -----------------------------------------------------------[1;m

[1;41m[1;33m[c1] DEBUG:pyretic.core.runtime.DEBUG_TOPO_DISCOVERY: handle_link_updates[1;m

[1;41m[1;33m[c1] DEBUG:pyretic.core.runtime.DEBUG_TOPO_DISCOVERY: nothing to do[1;m

[1;41m[1;33m[c1] DEBUG:pyretic.core.runtime.Runtime: |2014-01-26 14:49:30.022721|[1;m

[1;41m[1;33m[c1] 	generate classifier[1;m

[1;41m[1;33m[c1] 	policy=flood on:[1;m

[1;41m[1;33m[c1] -----------------------------------------------------------[1;m

[1;41m[1;33m[c1] switch  |     switch edges               |  egress ports  |[1;m

[1;41m[1;33m[c1] -----------------------------------------------------------[1;m

[1;41m[1;33m[c1] 1       |  1[2] --- 2[2], 1[1] --- 3[2]  |  1[3]---       |[1;m

[1;41m[1;33m[c1] 2       |  1[2] --- 2[2]                 |  2[3]---       |[1;m

[1;41m[1;33m[c1] 3       |  1[1] --- 3[2]                 |  3[3]---       |[1;m

[1;41m[1;33m[c1] -----------------------------------------------------------[1;m

[1;41m[1;33m[c1] 	classifier=match: ('switch', 1) ('inport', 1)[1;m

[1;41m[1;33m[c1]   -> [modify: ('outport', 2), modify: ('outport', 3)][1;m

[1;41m[1;33m[c1]  match: ('switch', 1) ('inport', 2)[1;m

[1;41m[1;33m[c1]   -> [modify: ('outport', 1), modify: ('outport', 3)][1;m

[1;41m[1;33m[c1]  match: ('switch', 1) ('inport', 3)[1;m

[1;41m[1;33m[c1]   -> [modify: ('outport', 1), modify: ('outport', 2)][1;m

[1;41m[1;33m[c1]  match: ('switch', 1)[1;m

[1;41m[1;33m[c1]   -> [modify: ('outport', 1), modify: ('outport', 2), modify: ('outport', 3)][1;m

[1;41m[1;33m[c1]  match: ('switch', 2) ('inport', 2)[1;m

[1;41m[1;33m[c1]   -> [modify: ('outport', 3)][1;m

[1;41m[1;33m[c1]  match: ('switch', 2) ('inport', 3)[1;m

[1;41m[1;33m[c1]   -> [modify: ('outport', 2)][1;m

[1;41m[1;33m[c1]  match: ('switch', 2)[1;m

[1;41m[1;33m[c1]   -> [modify: ('outport', 2), modify: ('outport', 3)][1;m

[1;41m[1;33m[c1]  match: ('switch', 3) ('inport', 2)[1;m

[1;41m[1;33m[c1]   -> [modify: ('outport', 3)][1;m

[1;41m[1;33m[c1]  match: ('switch', 3) ('inport', 3)[1;m

[1;41m[1;33m[c1]   -> [modify: ('outport', 2)][1;m

[1;41m[1;33m[c1]  match: ('switch', 3)[1;m

[1;41m[1;33m[c1]   -> [modify: ('outport', 2), modify: ('outport', 3)][1;m

[1;41m[1;33m[c1]  identity[1;m

[1;41m[1;33m[c1]   -> [drop][1;m

[1;41m[1;33m[c1] [1;m

[1;41m[1;33m[c1] DEBUG:pyretic.core.runtime.Runtime: |2014-01-26 14:49:30.030667|[1;m

[1;41m[1;33m[c1] 	sending openflow rule:[1;m

[1;41m[1;33m[c1] 	0 {'switch': 1} [{'outport': 65533}][1;m

[1;41m[1;33m[c1] [1;m

[1;41m[1;33m[c1] DEBUG:pyretic.core.runtime.Runtime: |2014-01-26 14:49:30.032320|[1;m

[1;41m[1;33m[c1] 	sending openflow rule:[1;m

[1;41m[1;33m[c1] 	0 {'switch': 2} [{'outport': 65533}][1;m

[1;41m[1;33m[c1] [1;m

[1;41m[1;33m[c1] DEBUG:pyretic.core.runtime.Runtime: |2014-01-26 14:49:30.032604|[1;m

[1;41m[1;33m[c1] 	sending openflow rule:[1;m

[1;41m[1;33m[c1] 	0 {'switch': 3} [{'outport': 65533}][1;m

[1;41m[1;33m[c1] [1;m

[1;41m[1;33m[c1] DEBUG:pyretic.core.runtime.Runtime: |2014-01-26 14:49:30.032744|[1;m

[1;41m[1;33m[c1] 	sending openflow rule:[1;m

[1;41m[1;33m[c1] 	60000 {'switch': 1, 'vlan_pcp': 0, 'vlan_id': 65535, 'ethtype': 35020} [{'outport': 65533}][1;m

[1;41m[1;33m[c1] [1;m

[1;41m[1;33m[c1] DEBUG:pyretic.core.runtime.Runtime: |2014-01-26 14:49:30.033079|[1;m

[1;41m[1;33m[c1] 	sending openflow rule:[1;m

[1;41m[1;33m[c1] 	60000 {'switch': 2, 'vlan_pcp': 0, 'vlan_id': 65535, 'ethtype': 35020} [{'outport': 65533}][1;m

[1;41m[1;33m[c1] [1;m

[1;41m[1;33m[c1] DEBUG:pyretic.core.runtime.Runtime: |2014-01-26 14:49:30.033471|[1;m

[1;41m[1;33m[c1] 	sending openflow rule:[1;m

[1;41m[1;33m[c1] 	60000 {'switch': 3, 'vlan_pcp': 0, 'vlan_id': 65535, 'ethtype': 35020} [{'outport': 65533}][1;m

[1;41m[1;33m[c1] [1;m

[1;41m[1;33m[c1] DEBUG:pyretic.core.runtime.Runtime: |2014-01-26 14:49:30.033770|[1;m

[1;41m[1;33m[c1] 	sending openflow rule:[1;m

[1;41m[1;33m[c1] 	59999 {'switch': 1, 'vlan_pcp': 0, 'vlan_id': 65535, 'inport': 1} [{'outport': 2}, {'outport': 3}][1;m

[1;41m[1;33m[c1] [1;m

[1;41m[1;33m[c1] DEBUG:pyretic.core.runtime.Runtime: |2014-01-26 14:49:30.034133|[1;m

[1;41m[1;33m[c1] 	sending openflow rule:[1;m

[1;41m[1;33m[c1] 	59998 {'switch': 1, 'vlan_pcp': 0, 'vlan_id': 65535, 'inport': 2} [{'outport': 1}, {'outport': 3}][1;m

[1;41m[1;33m[c1] [1;m

[1;41m[1;33m[c1] DEBUG:pyretic.core.runtime.Runtime: |2014-01-26 14:49:30.034486|[1;m

[1;41m[1;33m[c1] 	sending openflow rule:[1;m

[1;41m[1;33m[c1] 	59997 {'switch': 1, 'vlan_pcp': 0, 'vlan_id': 65535, 'inport': 3} [{'outport': 1}, {'outport': 2}][1;m

[1;41m[1;33m[c1] [1;m

[1;41m[1;33m[c1] DEBUG:pyretic.core.runtime.Runtime: |2014-01-26 14:49:30.034871|[1;m

[1;41m[1;33m[c1] 	sending openflow rule:[1;m

[1;41m[1;33m[c1] 	59996 {'switch': 1, 'vlan_pcp': 0, 'inport': 1, 'vlan_id': 65535} [{'outport': 65528}, {'outport': 2}, {'outport': 3}][1;m

[1;41m[1;33m[c1] [1;m

[1;41m[1;33m[c1] DEBUG:pyretic.core.runtime.Runtime: |2014-01-26 14:49:30.035384|[1;m

[1;41m[1;33m[c1] 	sending openflow rule:[1;m

[1;41m[1;33m[c1] 	59995 {'switch': 1, 'vlan_pcp': 0, 'inport': 2, 'vlan_id': 65535} [{'outport': 1}, {'outport': 65528}, {'outport': 3}][1;m

[1;41m[1;33m[c1] [1;m

[1;41m[1;33m[c1] DEBUG:pyretic.core.runtime.Runtime: |2014-01-26 14:49:30.035568|[1;m

[1;41m[1;33m[c1] 	sending openflow rule:[1;m

[1;41m[1;33m[c1] 	59994 {'switch': 1, 'vlan_pcp': 0, 'inport': 3, 'vlan_id': 65535} [{'outport': 1}, {'outport': 2}, {'outport': 65528}][1;m

[1;41m[1;33m[c1] [1;m

[1;41m[1;33m[c1] DEBUG:pyretic.core.runtime.Runtime: |2014-01-26 14:49:30.035743|[1;m

[1;41m[1;33m[c1] 	sending openflow rule:[1;m

[1;41m[1;33m[c1] 	59993 {'switch': 1, 'vlan_pcp': 0, 'vlan_id': 65535} [{'outport': 1}, {'outport': 2}, {'outport': 3}][1;m

[1;41m[1;33m[c1] [1;m

[1;41m[1;33m[c1] DEBUG:pyretic.core.runtime.Runtime: |2014-01-26 14:49:30.036058|[1;m

[1;41m[1;33m[c1] 	sending openflow rule:[1;m

[1;41m[1;33m[c1] 	59999 {'switch': 2, 'vlan_pcp': 0, 'vlan_id': 65535, 'inport': 2} [{'outport': 3}][1;m

[1;41m[1;33m[c1] [1;m

[1;41m[1;33m[c1] DEBUG:pyretic.core.runtime.Runtime: |2014-01-26 14:49:30.036276|[1;m

[1;41m[1;33m[c1] 	sending openflow rule:[1;m

[1;41m[1;33m[c1] 	59998 {'switch': 2, 'vlan_pcp': 0, 'vlan_id': 65535, 'inport': 3} [{'outport': 2}][1;m

[1;41m[1;33m[c1] [1;m

[1;41m[1;33m[c1] DEBUG:pyretic.core.runtime.Runtime: |2014-01-26 14:49:30.036427|[1;m

[1;41m[1;33m[c1] 	sending openflow rule:[1;m

[1;41m[1;33m[c1] 	59997 {'switch': 2, 'vlan_pcp': 0, 'inport': 2, 'vlan_id': 65535} [{'outport': 65528}, {'outport': 3}][1;m

[1;41m[1;33m[c1] [1;m

[1;41m[1;33m[c1] DEBUG:pyretic.core.runtime.Runtime: |2014-01-26 14:49:30.036747|[1;m

[1;41m[1;33m[c1] 	sending openflow rule:[1;m

[1;41m[1;33m[c1] 	59996 {'switch': 2, 'vlan_pcp': 0, 'inport': 3, 'vlan_id': 65535} [{'outport': 2}, {'outport': 65528}][1;m

[1;41m[1;33m[c1] [1;m

[1;41m[1;33m[c1] DEBUG:pyretic.core.runtime.Runtime: |2014-01-26 14:49:30.036921|[1;m

[1;41m[1;33m[c1] 	sending openflow rule:[1;m

[1;41m[1;33m[c1] 	59995 {'switch': 2, 'vlan_pcp': 0, 'vlan_id': 65535} [{'outport': 2}, {'outport': 3}][1;m

[1;41m[1;33m[c1] [1;m

[1;41m[1;33m[c1] DEBUG:pyretic.core.runtime.Runtime: |2014-01-26 14:49:30.037295|[1;m

[1;41m[1;33m[c1] 	sending openflow rule:[1;m

[1;41m[1;33m[c1] 	59999 {'switch': 3, 'vlan_pcp': 0, 'vlan_id': 65535, 'inport': 2} [{'outport': 3}][1;m

[1;41m[1;33m[c1] [1;m

[1;41m[1;33m[c1] DEBUG:pyretic.core.runtime.Runtime: |2014-01-26 14:49:30.037542|[1;m

[1;41m[1;33m[c1] 	sending openflow rule:[1;m

[1;41m[1;33m[c1] 	59998 {'switch': 3, 'vlan_pcp': 0, 'vlan_id': 65535, 'inport': 3} [{'outport': 2}][1;m

[1;41m[1;33m[c1] [1;m

[1;41m[1;33m[c1] DEBUG:pyretic.core.runtime.Runtime: |2014-01-26 14:49:30.037703|[1;m

[1;41m[1;33m[c1] 	sending openflow rule:[1;m

[1;41m[1;33m[c1] 	59997 {'switch': 3, 'vlan_pcp': 0, 'inport': 2, 'vlan_id': 65535} [{'outport': 65528}, {'outport': 3}][1;m

[1;41m[1;33m[c1] [1;m

[1;41m[1;33m[c1] DEBUG:pyretic.core.runtime.Runtime: |2014-01-26 14:49:30.037857|[1;m

[1;41m[1;33m[c1] 	sending openflow rule:[1;m

[1;41m[1;33m[c1] 	59996 {'switch': 3, 'vlan_pcp': 0, 'inport': 3, 'vlan_id': 65535} [{'outport': 2}, {'outport': 65528}][1;m

[1;41m[1;33m[c1] [1;m

[1;41m[1;33m[c1] DEBUG:pyretic.core.runtime.Runtime: |2014-01-26 14:49:30.038513|[1;m

[1;41m[1;33m[c1] 	sending openflow rule:[1;m

[1;41m[1;33m[c1] 	59995 {'switch': 3, 'vlan_pcp': 0, 'vlan_id': 65535} [{'outport': 2}, {'outport': 3}][1;m

[1;41m[1;33m[c1] [1;m

[1;41m[1;33m[c1] DEBUG:pyretic.core.runtime.Runtime: |2014-01-26 14:49:30.038683|[1;m

[1;41m[1;33m[c1] 	sending openflow rule:[1;m

[1;41m[1;33m[c1] 	59992 {'switch': 1, 'vlan_pcp': 0, 'vlan_id': 65535} [][1;m

[1;41m[1;33m[c1] [1;m

[1;41m[1;33m[c1] DEBUG:pyretic.core.runtime.Runtime: |2014-01-26 14:49:30.039028|[1;m

[1;41m[1;33m[c1] 	sending openflow rule:[1;m

[1;41m[1;33m[c1] 	59994 {'switch': 2, 'vlan_pcp': 0, 'vlan_id': 65535} [][1;m

[1;41m[1;33m[c1] [1;m

[1;41m[1;33m[c1] DEBUG:pyretic.core.runtime.Runtime: |2014-01-26 14:49:30.039189|[1;m

[1;41m[1;33m[c1] 	sending openflow rule:[1;m

[1;41m[1;33m[c1] 	59994 {'switch': 3, 'vlan_pcp': 0, 'vlan_id': 65535} [][1;m

[1;41m[1;33m[c1] [1;m

[1;36m[1;44m00:01.076 00:00.956 Successfully matched event ControlMessageReceive:i61 c c1 -> s 1 [ofp_flow_mod: hard_timeout=0, out_port=65535, priority=59996, idle_timeout=0, command=add, actions=(u'output(65528)', u'output(2)', u'output(3)'), flags=0, match=dl_vlan:65535,dl_vlan_pcp:0,in_port:1][1;m
[1;36m[1;36mRound 9[1;37m[1;m
[1;36m[1;44m00:01.077 00:00.958 Successfully matched event ControlMessageReceive:i62 c c1 -> s 1 [ofp_flow_mod: hard_timeout=0, out_port=65535, priority=0, idle_timeout=0, command=add, actions=(u'output(65533)',), flags=0, match=x^L,in_port:None][1;m
[1;36m[1;44m00:01.080 00:00.959 Successfully matched event ControlMessageReceive:i63 c c1 -> s 1 [ofp_flow_mod: hard_timeout=0, out_port=65535, priority=59994, idle_timeout=0, command=add, actions=(u'output(1)', u'output(2)', u'output(65528)'), flags=0, match=dl_vlan:65535,dl_vlan_pcp:0,in_port:3][1;m
[1;36m[1;44m00:01.081 00:00.959 Successfully matched event ControlMessageReceive:i64 c c1 -> s 2 [ofp_barrier_request: ][1;m
[1;36m[1;44m00:01.081 00:00.959 Successfully matched event ControlMessageReceive:i65 c c1 -> s 3 [ofp_barrier_request: ][1;m
[1;36m[1;44m00:01.082 00:00.960 Successfully matched event ControlMessageReceive:i66 c c1 -> s 1 [ofp_flow_mod: hard_timeout=0, out_port=65535, priority=59997, idle_timeout=0, command=add, actions=(u'output(1)', u'output(2)'), flags=0, match=dl_vlan:65535,dl_vlan_pcp:0,in_port:3][1;m
[1;36m[1;44m00:01.083 00:00.961 Successfully matched event ControlMessageReceive:i67 c c1 -> s 1 [ofp_flow_mod: hard_timeout=0, out_port=65535, priority=32768, idle_timeout=0, command=delete, actions=(), flags=0, match=x^L,in_port:None][1;m
[1;36m[1;44m00:01.084 00:00.961 Successfully matched event ControlMessageReceive:i68 c c1 -> s 1 [ofp_flow_mod: hard_timeout=0, out_port=65535, priority=60000, idle_timeout=0, command=add, actions=(u'output(65533)',), flags=0, match=dl_vlan:65535,dl_vlan_pcp:0,dl_type:35020,in_port:None][1;m
[1;36m[1;44m00:01.085 00:00.962 Successfully matched event ControlMessageReceive:i69 c c1 -> s 1 [ofp_barrier_request: ][1;m
[1;36m[1;44m00:01.086 00:00.962 Successfully matched event ControlMessageReceive:i70 c c1 -> s 1 [ofp_flow_mod: hard_timeout=0, out_port=65535, priority=59995, idle_timeout=0, command=add, actions=(u'output(1)', u'output(65528)', u'output(3)'), flags=0, match=dl_vlan:65535,dl_vlan_pcp:0,in_port:2][1;m
[1;36m[1;44m00:01.087 00:00.962 Successfully matched event ControlMessageReceive:i71 c c1 -> s 1 [ofp_flow_mod: hard_timeout=0, out_port=65535, priority=59998, idle_timeout=0, command=add, actions=(u'output(1)', u'output(3)'), flags=0, match=dl_vlan:65535,dl_vlan_pcp:0,in_port:2][1;m
[1;36m[1;44m00:01.087 00:00.963 Successfully matched event ControlMessageReceive:i72 c c1 -> s 1 [ofp_flow_mod: hard_timeout=0, out_port=65535, priority=59993, idle_timeout=0, command=add, actions=(u'output(1)', u'output(2)', u'output(3)'), flags=0, match=dl_vlan:65535,dl_vlan_pcp:0,in_port:None][1;m
[1;36m[1;44m00:01.088 00:00.964 Successfully matched event ControlMessageReceive:i73 c c1 -> s 1 [ofp_flow_mod: hard_timeout=0, out_port=65535, priority=59999, idle_timeout=0, command=add, actions=(u'output(2)', u'output(3)'), flags=0, match=dl_vlan:65535,dl_vlan_pcp:0,in_port:1][1;m
[1;36m[1;44m00:01.089 00:00.964 Successfully matched event ControlMessageSend:i74 c 3 -> s c1 [ofp_barrier_reply: ][1;m
[1;36m[1;44m00:01.089 00:00.964 Successfully matched event ControlMessageSend:i75 c 2 -> s c1 [ofp_barrier_reply: ][1;m
[1;36m[1;44m00:01.090 00:00.964 Successfully matched event ControlMessageSend:i76 c 1 -> s c1 [ofp_barrier_reply: ][1;m
[1;36m[1;44m00:01.099 00:01.077 Successfully matched event ControlMessageReceive:i78 c c1 -> s 2 [ofp_flow_mod: hard_timeout=0, out_port=65535, priority=59994, idle_timeout=0, command=add, actions=(), flags=0, match=dl_vlan:65535,dl_vlan_pcp:0,in_port:None][1;m
[1;36m[1;36mRound 10[1;37m[1;m
[1;36m[1;44m00:01.100 00:01.078 Successfully matched event ControlMessageReceive:i79 c c1 -> s 3 [ofp_flow_mod: hard_timeout=0, out_port=65535, priority=59996, idle_timeout=0, command=add, actions=(u'output(2)', u'output(65528)'), flags=0, match=dl_vlan:65535,dl_vlan_pcp:0,in_port:3][1;m
[1;36m[1;44m00:01.101 00:01.079 Successfully matched event ControlMessageReceive:i80 c c1 -> s 3 [ofp_flow_mod: hard_timeout=0, out_port=65535, priority=59994, idle_timeout=0, command=add, actions=(), flags=0, match=dl_vlan:65535,dl_vlan_pcp:0,in_port:None][1;m
[1;36m[1;44m00:01.102 00:01.080 Successfully matched event ControlMessageReceive:i81 c c1 -> s 2 [ofp_flow_mod: hard_timeout=0, out_port=65535, priority=32768, idle_timeout=0, command=delete, actions=(), flags=0, match=x^L,in_port:None][1;m
[1;36m[1;44m00:01.103 00:01.081 Successfully matched event ControlMessageReceive:i82 c c1 -> s 2 [ofp_flow_mod: hard_timeout=0, out_port=65535, priority=59999, idle_timeout=0, command=add, actions=(u'output(3)',), flags=0, match=dl_vlan:65535,dl_vlan_pcp:0,in_port:2][1;m
[1;36m[1;44m00:01.104 00:01.081 Successfully matched event ControlMessageReceive:i83 c c1 -> s 3 [ofp_flow_mod: hard_timeout=0, out_port=65535, priority=59999, idle_timeout=0, command=add, actions=(u'output(3)',), flags=0, match=dl_vlan:65535,dl_vlan_pcp:0,in_port:2][1;m
[1;36m[1;44m00:01.105 00:01.082 Successfully matched event ControlMessageReceive:i84 c c1 -> s 1 [ofp_flow_mod: hard_timeout=0, out_port=65535, priority=59992, idle_timeout=0, command=add, actions=(), flags=0, match=dl_vlan:65535,dl_vlan_pcp:0,in_port:None][1;m
[1;36m[1;44m00:01.106 00:01.083 Successfully matched event ControlMessageReceive:i85 c c1 -> s 2 [ofp_flow_mod: hard_timeout=0, out_port=65535, priority=59995, idle_timeout=0, command=add, actions=(u'output(2)', u'output(3)'), flags=0, match=dl_vlan:65535,dl_vlan_pcp:0,in_port:None][1;m
[1;36m[1;44m00:01.107 00:01.084 Successfully matched event ControlMessageReceive:i86 c c1 -> s 2 [ofp_flow_mod: hard_timeout=0, out_port=65535, priority=59996, idle_timeout=0, command=add, actions=(u'output(2)', u'output(65528)'), flags=0, match=dl_vlan:65535,dl_vlan_pcp:0,in_port:3][1;m
[1;36m[1;44m00:01.108 00:01.084 Successfully matched event ControlMessageReceive:i87 c c1 -> s 2 [ofp_flow_mod: hard_timeout=0, out_port=65535, priority=59997, idle_timeout=0, command=add, actions=(u'output(65528)', u'output(3)'), flags=0, match=dl_vlan:65535,dl_vlan_pcp:0,in_port:2][1;m
[1;36m[1;44m00:01.109 00:01.085 Successfully matched event ControlMessageReceive:i88 c c1 -> s 3 [ofp_flow_mod: hard_timeout=0, out_port=65535, priority=59995, idle_timeout=0, command=add, actions=(u'output(2)', u'output(3)'), flags=0, match=dl_vlan:65535,dl_vlan_pcp:0,in_port:None][1;m
[1;36m[1;44m00:01.109 00:01.086 Successfully matched event ControlMessageReceive:i89 c c1 -> s 1 [ofp_barrier_request: ][1;m
[1;36m[1;44m00:01.110 00:01.086 Successfully matched event ControlMessageReceive:i90 c c1 -> s 3 [ofp_barrier_request: ][1;m
[1;36m[1;44m00:01.111 00:01.086 Successfully matched event ControlMessageReceive:i91 c c1 -> s 3 [ofp_flow_mod: hard_timeout=0, out_port=65535, priority=60000, idle_timeout=0, command=add, actions=(u'output(65533)',), flags=0, match=dl_vlan:65535,dl_vlan_pcp:0,dl_type:35020,in_port:None][1;m
[1;36m[1;44m00:01.112 00:01.087 Successfully matched event ControlMessageReceive:i92 c c1 -> s 3 [ofp_flow_mod: hard_timeout=0, out_port=65535, priority=32768, idle_timeout=0, command=delete, actions=(), flags=0, match=x^L,in_port:None][1;m
[1;36m[1;44m00:01.112 00:01.088 Successfully matched event ControlMessageReceive:i93 c c1 -> s 2 [ofp_flow_mod: hard_timeout=0, out_port=65535, priority=59998, idle_timeout=0, command=add, actions=(u'output(2)',), flags=0, match=dl_vlan:65535,dl_vlan_pcp:0,in_port:3][1;m
[1;36m[1;44m00:01.113 00:01.089 Successfully matched event ControlMessageReceive:i94 c c1 -> s 2 [ofp_flow_mod: hard_timeout=0, out_port=65535, priority=0, idle_timeout=0, command=add, actions=(u'output(65533)',), flags=0, match=x^L,in_port:None][1;m
[1;36m[1;44m00:01.114 00:01.090 Successfully matched event ControlMessageReceive:i95 c c1 -> s 2 [ofp_flow_mod: hard_timeout=0, out_port=65535, priority=60000, idle_timeout=0, command=add, actions=(u'output(65533)',), flags=0, match=dl_vlan:65535,dl_vlan_pcp:0,dl_type:35020,in_port:None][1;m
[1;36m[1;44m00:01.114 00:01.090 Successfully matched event ControlMessageReceive:i96 c c1 -> s 2 [ofp_barrier_request: ][1;m
[1;36m[1;44m00:01.115 00:01.091 Successfully matched event ControlMessageReceive:i97 c c1 -> s 3 [ofp_flow_mod: hard_timeout=0, out_port=65535, priority=59998, idle_timeout=0, command=add, actions=(u'output(2)',), flags=0, match=dl_vlan:65535,dl_vlan_pcp:0,in_port:3][1;m
[1;36m[1;44m00:01.116 00:01.091 Successfully matched event ControlMessageReceive:i98 c c1 -> s 3 [ofp_flow_mod: hard_timeout=0, out_port=65535, priority=59997, idle_timeout=0, command=add, actions=(u'output(65528)', u'output(3)'), flags=0, match=dl_vlan:65535,dl_vlan_pcp:0,in_port:2][1;m
[1;36m[1;44m00:01.116 00:01.092 Successfully matched event ControlMessageReceive:i99 c c1 -> s 3 [ofp_flow_mod: hard_timeout=0, out_port=65535, priority=0, idle_timeout=0, command=add, actions=(u'output(65533)',), flags=0, match=x^L,in_port:None][1;m
[1;36m[1;44m00:01.117 00:01.093 Successfully matched event ControlMessageSend:i100 c 3 -> s c1 [ofp_barrier_reply: ][1;m
[1;36m[1;44m00:01.117 00:01.093 Successfully matched event ControlMessageSend:i101 c 2 -> s c1 [ofp_barrier_reply: ][1;m
[1;36m[1;44m00:01.118 00:01.093 Successfully matched event ControlMessageSend:i102 c 1 -> s c1 [ofp_barrier_reply: ][1;m
[1;36m[1;44m00:01.118 00:01.202 Successfully matched event ControlMessageReceive:i104 c c1 -> s 1 [ofp_barrier_request: ][1;m
[1;36m[1;36mRound 11[1;37m[1;m
[1;36m[1;44m00:01.118 00:01.202 Successfully matched event ControlMessageReceive:i105 c c1 -> s 3 [ofp_barrier_request: ][1;m
[1;36m[1;44m00:01.119 00:01.202 Successfully matched event ControlMessageReceive:i106 c c1 -> s 2 [ofp_barrier_request: ][1;m
[1;36m[1;44m00:01.119 00:01.202 Successfully matched event ControlMessageSend:i107 c 3 -> s c1 [ofp_barrier_reply: ][1;m
[1;36m[1;44m00:01.119 00:01.203 Successfully matched event ControlMessageSend:i108 c 2 -> s c1 [ofp_barrier_reply: ][1;m
[1;36m[1;44m00:01.120 00:01.203 Successfully matched event ControlMessageSend:i109 c 1 -> s c1 [ofp_barrier_reply: ][1;m
[1;33m[c1] INFO:openflow.of_01:[00-00-00-00-00-04 4] connected[1;m

[1;41m[1;33m[c1] DEBUG:pyretic.core.runtime.DEBUG_TOPO_DISCOVERY: handle_switch_joins[1;m

[1;33m[c1] INFO:openflow.of_01:[00-00-00-00-00-03 5] connected[1;m

[1;41m[1;33m[c1] INFO:pyretic.core.runtime.ConcreteNetwork: OpenFlow switch 4 connected[1;m

[1;33m[c1] ERROR:core:Exception while handling OpenFlowNexus!ConnectionUp...[1;m

[1;33m[c1] Traceback (most recent call last):[1;m

[1;33m[c1]   File "/home/mininet/pox/pox/lib/revent/revent.py", line 234, in raiseEventNoErrors[1;m

[1;33m[c1]     return self.raiseEvent(event, *args, **kw)[1;m

[1;41m[1;33m[c1] DEBUG:pyretic.core.runtime.DEBUG_TOPO_DISCOVERY: -----------------------------------------------------------[1;m

[1;33m[c1]   File "/home/mininet/pox/pox/lib/revent/revent.py", line 281, in raiseEvent[1;m

[1;33m[c1]     rv = event._invoke(handler, *args, **kw)[1;m

[1;33m[c1]   File "/home/mininet/pox/pox/lib/revent/revent.py", line 159, in _invoke[1;m

[1;33m[c1]     return handler(self, *args, **kw)[1;m

[1;41m[1;33m[c1] switch  |     switch edges               |  egress ports  |[1;m

[1;33m[c1]   File "/home/mininet/pyretic/of_client/pox_client.py", line 512, in _handle_ConnectionUp[1;m

[1;33m[c1]     assert event.dpid not in self.switches[1;m

[1;33m[c1] AssertionError[1;m

[1;41m[1;33m[c1] -----------------------------------------------------------[1;m

[1;41m[1;33m[c1] 1       |  1[2] --- 2[2], 1[1] --- 3[2]  |  1[3]---       |[1;m

[1;41m[1;33m[c1] 2       |  1[2] --- 2[2], 2[1] --- 3[1]  |  2[3]---       |[1;m

[1;41m[1;33m[c1] 3       |  1[1] --- 3[2], 2[1] --- 3[1]  |  3[3]---       |[1;m

[1;41m[1;33m[c1] 4       |                                |                |[1;m

[1;41m[1;33m[c1] -----------------------------------------------------------[1;m

[1;42m[1;37mNo correctness violations![1;m
[1;36m[1;44m00:03.000 00:03.077 Successfully matched event CheckInvariants:e127[1;m
[1;36m[1;36mRound 28[1;37m[1;m
[1;36mCutting link (3:2) -> (1:1)[1;m
[1;36m[1;44m00:03.113 00:03.186 Successfully matched event LinkFailure:e128[1;m
[1;36m[1;36mRound 29[1;37m[1;m
[1;42m[1;37mNo correctness violations![1;m
[1;36m[1;44m00:03.120 00:03.186 Successfully matched event CheckInvariants:e129[1;m
[1;36m[1;44m00:03.121 00:03.293 Successfully matched event ControlMessageSend:i130 c 3 -> s c1 [ofp_port_status: reason=1, desc=(2, u'00:00:00:00:03:02')][1;m
[1;36m[1;36mRound 30[1;37m[1;m
[1;42m[1;37mNo correctness violations![1;m
[1;36m[1;44m00:03.128 00:03.294 Successfully matched event CheckInvariants:e131[1;m
[1;41m[1;33m[c1] DEBUG:pyretic.core.runtime.DEBUG_TOPO_DISCOVERY: handle_port_parts[1;m

[1;41m[1;33m[c1] DEBUG:pyretic.core.runtime.DEBUG_TOPO_DISCOVERY: ---------------------------------------------------------------[1;m

[1;41m[1;33m[c1] switch  |     switch edges               |  egress ports      |[1;m

[1;41m[1;33m[c1] ---------------------------------------------------------------[1;m

[1;41m[1;33m[c1] 1       |  1[2] --- 2[2]                 |  1[3]---, 1[1]---  |[1;m

[1;41m[1;33m[c1] 2       |  1[2] --- 2[2], 2[1] --- 3[1]  |  2[3]---           |[1;m

[1;41m[1;33m[c1] 3       |  2[1] --- 3[1]                 |  3[3]---           |[1;m

[1;41m[1;33m[c1] 4       |                                |                    |[1;m

[1;41m[1;33m[c1] ---------------------------------------------------------------[1;m

[1;42m[1;37mNo correctness violations![1;m
[1;36m[1;44m00:03.244 00:03.403 Successfully matched event CheckInvariants:e132[1;m
[1;36m[1;36mRound 31[1;37m[1;m
[1;36mRestoring link (3:2) -> (1:1)[1;m
[1;36m[1;44m00:03.360 00:03.514 Successfully matched event LinkRecovery:e133[1;m
[1;36m[1;36mRound 32[1;37m[1;m
[1;42m[1;37mNo correctness violations![1;m
[1;36m[1;44m00:03.366 00:03.514 Successfully matched event CheckInvariants:e134[1;m
[1;41m[1;33m[c1] DEBUG:pyretic.core.runtime.Runtime: |2014-01-26 14:49:32.388724|[1;m

[1;41m[1;33m[c1] 	generate classifier[1;m

[1;41m[1;33m[c1] 	policy=flood on:[1;m

[1;41m[1;33m[c1] ---------------------------------------------------------------[1;m

[1;41m[1;33m[c1] switch  |     switch edges               |  egress ports      |[1;m

[1;41m[1;33m[c1] ---------------------------------------------------------------[1;m

[1;41m[1;33m[c1] 1       |  1[2] --- 2[2]                 |  1[3]---, 1[1]---  |[1;m

[1;41m[1;33m[c1] 2       |  1[2] --- 2[2], 2[1] --- 3[1]  |  2[3]---           |[1;m

[1;41m[1;33m[c1] 3       |  2[1] --- 3[1]                 |  3[3]---           |[1;m

[1;41m[1;33m[c1] 4       |                                |                    |[1;m

[1;41m[1;33m[c1] ---------------------------------------------------------------[1;m

[1;41m[1;33m[c1] 	classifier=match: ('switch', 1) ('inport', 1)[1;m

[1;41m[1;33m[c1]   -> [modify: ('outport', 2), modify: ('outport', 3)][1;m

[1;41m[1;33m[c1]  match: ('switch', 1) ('inport', 2)[1;m

[1;41m[1;33m[c1]   -> [modify: ('outport', 1), modify: ('outport', 3)][1;m

[1;41m[1;33m[c1]  match: ('switch', 1) ('inport', 3)[1;m

[1;41m[1;33m[c1]   -> [modify: ('outport', 1), modify: ('outport', 2)][1;m

[1;41m[1;33m[c1]  match: ('switch', 1)[1;m

[1;41m[1;33m[c1]   -> [modify: ('outport', 1), modify: ('outport', 2), modify: ('outport', 3)][1;m

[1;41m[1;33m[c1]  match: ('switch', 2) ('inport', 1)[1;m

[1;41m[1;33m[c1]   -> [modify: ('outport', 2), modify: ('outport', 3)][1;m

[1;41m[1;33m[c1]  match: ('switch', 2) ('inport', 2)[1;m

[1;41m[1;33m[c1]   -> [modify: ('outport', 1), modify: ('outport', 3)][1;m

[1;41m[1;33m[c1]  match: ('switch', 2) ('inport', 3)[1;m

[1;41m[1;33m[c1]   -> [modify: ('outport', 1), modify: ('outport', 2)][1;m

[1;41m[1;33m[c1]  match: ('switch', 2)[1;m

[1;41m[1;33m[c1]   -> [modify: ('outport', 1), modify: ('outport', 2), modify: ('outport', 3)][1;m

[1;41m[1;33m[c1]  match: ('switch', 3) ('inport', 1)[1;m

[1;41m[1;33m[c1]   -> [modify: ('outport', 3)][1;m

[1;41m[1;33m[c1]  match: ('switch', 3) ('inport', 3)[1;m

[1;41m[1;33m[c1]   -> [modify: ('outport', 1)][1;m

[1;41m[1;33m[c1]  match: ('switch', 3)[1;m

[1;41m[1;33m[c1]   -> [modify: ('outport', 1), modify: ('outport', 3)][1;m

[1;41m[1;33m[c1]  match: ('switch', 4)[1;m

[1;41m[1;33m[c1]   -> [drop][1;m

[1;41m[1;33m[c1]  identity[1;m

[1;41m[1;33m[c1]   -> [drop][1;m

[1;41m[1;33m[c1] [1;m

[1;41m[1;33m[c1] DEBUG:pyretic.core.runtime.Runtime: |2014-01-26 14:49:32.400440|[1;m

[1;41m[1;33m[c1] 	sending openflow rule:[1;m

[1;41m[1;33m[c1] 	0 {'switch': 1} [{'outport': 65533}][1;m

[1;41m[1;33m[c1] [1;m

[1;41m[1;33m[c1] DEBUG:pyretic.core.runtime.Runtime: |2014-01-26 14:49:32.403420|[1;m

[1;41m[1;33m[c1] 	sending openflow rule:[1;m

[1;41m[1;33m[c1] 	0 {'switch': 2} [{'outport': 65533}][1;m

[1;41m[1;33m[c1] [1;m

[1;41m[1;33m[c1] DEBUG:pyretic.core.runtime.Runtime: |2014-01-26 14:49:32.405512|[1;m

[1;41m[1;33m[c1] 	sending openflow rule:[1;m

[1;41m[1;33m[c1] 	0 {'switch': 3} [{'outport': 65533}][1;m

[1;41m[1;33m[c1] [1;m

[1;41m[1;33m[c1] DEBUG:pyretic.core.runtime.Runtime: |2014-01-26 14:49:32.406052|[1;m

[1;41m[1;33m[c1] 	sending openflow rule:[1;m

[1;41m[1;33m[c1] 	0 {'switch': 4} [{'outport': 65533}][1;m

[1;41m[1;33m[c1] [1;m

[1;41m[1;33m[c1] DEBUG:pyretic.core.runtime.Runtime: |2014-01-26 14:49:32.406254|[1;m

[1;41m[1;33m[c1] 	sending openflow rule:[1;m

[1;41m[1;33m[c1] 	60000 {'switch': 1, 'vlan_pcp': 0, 'vlan_id': 65535, 'ethtype': 35020} [{'outport': 65533}][1;m

[1;41m[1;33m[c1] [1;m

[1;41m[1;33m[c1] DEBUG:pyretic.core.runtime.Runtime: |2014-01-26 14:49:32.406420|[1;m

[1;41m[1;33m[c1] 	sending openflow rule:[1;m

[1;41m[1;33m[c1] 	60000 {'switch': 2, 'vlan_pcp': 0, 'vlan_id': 65535, 'ethtype': 35020} [{'outport': 65533}][1;m

[1;41m[1;33m[c1] [1;m

[1;41m[1;33m[c1] DEBUG:pyretic.core.runtime.Runtime: |2014-01-26 14:49:32.407034|[1;m

[1;41m[1;33m[c1] 	sending openflow rule:[1;m

[1;41m[1;33m[c1] 	60000 {'switch': 3, 'vlan_pcp': 0, 'vlan_id': 65535, 'ethtype': 35020} [{'outport': 65533}][1;m

[1;41m[1;33m[c1] [1;m

[1;41m[1;33m[c1] DEBUG:pyretic.core.runtime.Runtime: |2014-01-26 14:49:32.407299|[1;m

[1;41m[1;33m[c1] 	sending openflow rule:[1;m

[1;41m[1;33m[c1] 	60000 {'switch': 4, 'vlan_pcp': 0, 'vlan_id': 65535, 'ethtype': 35020} [{'outport': 65533}][1;m

[1;41m[1;33m[c1] [1;m

[1;41m[1;33m[c1] DEBUG:pyretic.core.runtime.Runtime: |2014-01-26 14:49:32.407459|[1;m

[1;41m[1;33m[c1] 	sending openflow rule:[1;m

[1;41m[1;33m[c1] 	59999 {'switch': 1, 'vlan_pcp': 0, 'vlan_id': 65535, 'inport': 1} [{'outport': 2}, {'outport': 3}][1;m

[1;41m[1;33m[c1] [1;m

[1;41m[1;33m[c1] DEBUG:pyretic.core.runtime.Runtime: |2014-01-26 14:49:32.407874|[1;m

[1;41m[1;33m[c1] 	sending openflow rule:[1;m

[1;41m[1;33m[c1] 	59998 {'switch': 1, 'vlan_pcp': 0, 'vlan_id': 65535, 'inport': 2} [{'outport': 1}, {'outport': 3}][1;m

[1;41m[1;33m[c1] [1;m

[1;41m[1;33m[c1] DEBUG:pyretic.core.runtime.Runtime: |2014-01-26 14:49:32.408290|[1;m

[1;41m[1;33m[c1] 	sending openflow rule:[1;m

[1;41m[1;33m[c1] 	59997 {'switch': 1, 'vlan_pcp': 0, 'vlan_id': 65535, 'inport': 3} [{'outport': 1}, {'outport': 2}][1;m

[1;41m[1;33m[c1] [1;m

[1;41m[1;33m[c1] DEBUG:pyretic.core.runtime.Runtime: |2014-01-26 14:49:32.408529|[1;m

[1;41m[1;33m[c1] 	sending openflow rule:[1;m

[1;41m[1;33m[c1] 	59996 {'switch': 1, 'vlan_pcp': 0, 'inport': 1, 'vlan_id': 65535} [{'outport': 65528}, {'outport': 2}, {'outport': 3}][1;m

[1;41m[1;33m[c1] [1;m

[1;41m[1;33m[c1] DEBUG:pyretic.core.runtime.Runtime: |2014-01-26 14:49:32.409037|[1;m

[1;41m[1;33m[c1] 	sending openflow rule:[1;m

[1;41m[1;33m[c1] 	59995 {'switch': 1, 'vlan_pcp': 0, 'inport': 2, 'vlan_id': 65535} [{'outport': 1}, {'outport': 65528}, {'outport': 3}][1;m

[1;41m[1;33m[c1] [1;m

[1;41m[1;33m[c1] DEBUG:pyretic.core.runtime.Runtime: |2014-01-26 14:49:32.409331|[1;m

[1;41m[1;33m[c1] 	sending openflow rule:[1;m

[1;41m[1;33m[c1] 	59994 {'switch': 1, 'vlan_pcp': 0, 'inport': 3, 'vlan_id': 65535} [{'outport': 1}, {'outport': 2}, {'outport': 65528}][1;m

[1;41m[1;33m[c1] [1;m

[1;41m[1;33m[c1] DEBUG:pyretic.core.runtime.Runtime: |2014-01-26 14:49:32.409506|[1;m

[1;41m[1;33m[c1] 	sending openflow rule:[1;m

[1;41m[1;33m[c1] 	59993 {'switch': 1, 'vlan_pcp': 0, 'vlan_id': 65535} [{'outport': 1}, {'outport': 2}, {'outport': 3}][1;m

[1;41m[1;33m[c1] [1;m

[1;41m[1;33m[c1] DEBUG:pyretic.core.runtime.Runtime: |2014-01-26 14:49:32.409772|[1;m

[1;41m[1;33m[c1] 	sending openflow rule:[1;m

[1;41m[1;33m[c1] 	59999 {'switch': 2, 'vlan_pcp': 0, 'vlan_id': 65535, 'inport': 1} [{'outport': 2}, {'outport': 3}][1;m

[1;41m[1;33m[c1] [1;m

[1;41m[1;33m[c1] DEBUG:pyretic.core.runtime.Runtime: |2014-01-26 14:49:32.409928|[1;m

[1;41m[1;33m[c1] 	sending openflow rule:[1;m

[1;41m[1;33m[c1] 	59998 {'switch': 2, 'vlan_pcp': 0, 'vlan_id': 65535, 'inport': 2} [{'outport': 1}, {'outport': 3}][1;m

[1;41m[1;33m[c1] [1;m

[1;41m[1;33m[c1] DEBUG:pyretic.core.runtime.Runtime: |2014-01-26 14:49:32.410314|[1;m

[1;41m[1;33m[c1] 	sending openflow rule:[1;m

[1;41m[1;33m[c1] 	59997 {'switch': 2, 'vlan_pcp': 0, 'vlan_id': 65535, 'inport': 3} [{'outport': 1}, {'outport': 2}][1;m

[1;41m[1;33m[c1] [1;m

[1;41m[1;33m[c1] DEBUG:pyretic.core.runtime.Runtime: |2014-01-26 14:49:32.410477|[1;m

[1;41m[1;33m[c1] 	sending openflow rule:[1;m

[1;41m[1;33m[c1] 	59996 {'switch': 2, 'vlan_pcp': 0, 'inport': 1, 'vlan_id': 65535} [{'outport': 65528}, {'outport': 2}, {'outport': 3}][1;m

[1;41m[1;33m[c1] [1;m

[1;41m[1;33m[c1] DEBUG:pyretic.core.runtime.Runtime: |2014-01-26 14:49:32.410624|[1;m

[1;41m[1;33m[c1] 	sending openflow rule:[1;m

[1;41m[1;33m[c1] 	59995 {'switch': 2, 'vlan_pcp': 0, 'inport': 2, 'vlan_id': 65535} [{'outport': 1}, {'outport': 65528}, {'outport': 3}][1;m

[1;41m[1;33m[c1] [1;m

[1;41m[1;33m[c1] DEBUG:pyretic.core.runtime.Runtime: |2014-01-26 14:49:32.410864|[1;m

[1;41m[1;33m[c1] 	sending openflow rule:[1;m

[1;41m[1;33m[c1] 	59994 {'switch': 2, 'vlan_pcp': 0, 'inport': 3, 'vlan_id': 65535} [{'outport': 1}, {'outport': 2}, {'outport': 65528}][1;m

[1;41m[1;33m[c1] [1;m

[1;41m[1;33m[c1] DEBUG:pyretic.core.runtime.Runtime: |2014-01-26 14:49:32.411404|[1;m

[1;41m[1;33m[c1] 	sending openflow rule:[1;m

[1;41m[1;33m[c1] 	59993 {'switch': 2, 'vlan_pcp': 0, 'vlan_id': 65535} [{'outport': 1}, {'outport': 2}, {'outport': 3}][1;m

[1;41m[1;33m[c1] [1;m

[1;41m[1;33m[c1] DEBUG:pyretic.core.runtime.Runtime: |2014-01-26 14:49:32.411512|[1;m

[1;41m[1;33m[c1] 	sending openflow rule:[1;m

[1;41m[1;33m[c1] 	59999 {'switch': 3, 'vlan_pcp': 0, 'vlan_id': 65535, 'inport': 1} [{'outport': 3}][1;m

[1;41m[1;33m[c1] [1;m

[1;41m[1;33m[c1] DEBUG:pyretic.core.runtime.Runtime: |2014-01-26 14:49:32.411604|[1;m

[1;41m[1;33m[c1] 	sending openflow rule:[1;m

[1;41m[1;33m[c1] 	59998 {'switch': 3, 'vlan_pcp': 0, 'vlan_id': 65535, 'inport': 3} [{'outport': 1}][1;m

[1;41m[1;33m[c1] [1;m

[1;41m[1;33m[c1] DEBUG:pyretic.core.runtime.Runtime: |2014-01-26 14:49:32.411690|[1;m

[1;41m[1;33m[c1] 	sending openflow rule:[1;m

[1;41m[1;33m[c1] 	59997 {'switch': 3, 'vlan_pcp': 0, 'inport': 1, 'vlan_id': 65535} [{'outport': 65528}, {'outport': 3}][1;m

[1;41m[1;33m[c1] [1;m

[1;41m[1;33m[c1] DEBUG:pyretic.core.runtime.Runtime: |2014-01-26 14:49:32.411902|[1;m

[1;41m[1;33m[c1] 	sending openflow rule:[1;m

[1;41m[1;33m[c1] 	59996 {'switch': 3, 'vlan_pcp': 0, 'inport': 3, 'vlan_id': 65535} [{'outport': 1}, {'outport': 65528}][1;m

[1;41m[1;33m[c1] [1;m

[1;41m[1;33m[c1] DEBUG:pyretic.core.runtime.Runtime: |2014-01-26 14:49:32.412009|[1;m

[1;41m[1;33m[c1] 	sending openflow rule:[1;m

[1;41m[1;33m[c1] 	59995 {'switch': 3, 'vlan_pcp': 0, 'vlan_id': 65535} [{'outport': 1}, {'outport': 3}][1;m

[1;41m[1;33m[c1] [1;m

[1;41m[1;33m[c1] DEBUG:pyretic.core.runtime.Runtime: |2014-01-26 14:49:32.412198|[1;m

[1;41m[1;33m[c1] 	sending openflow rule:[1;m

[1;41m[1;33m[c1] 	59999 {'switch': 4, 'vlan_pcp': 0, 'vlan_id': 65535} [][1;m

[1;41m[1;33m[c1] [1;m

[1;41m[1;33m[c1] DEBUG:pyretic.core.runtime.Runtime: |2014-01-26 14:49:32.412280|[1;m

[1;41m[1;33m[c1] 	sending openflow rule:[1;m

[1;41m[1;33m[c1] 	59992 {'switch': 1, 'vlan_pcp': 0, 'vlan_id': 65535} [][1;m

[1;41m[1;33m[c1] [1;m

[1;41m[1;33m[c1] DEBUG:pyretic.core.runtime.Runtime: |2014-01-26 14:49:32.412352|[1;m

[1;41m[1;33m[c1] 	sending openflow rule:[1;m

[1;41m[1;33m[c1] 	59992 {'switch': 2, 'vlan_pcp': 0, 'vlan_id': 65535} [][1;m

[1;41m[1;33m[c1] [1;m

[1;41m[1;33m[c1] DEBUG:pyretic.core.runtime.Runtime: |2014-01-26 14:49:32.412509|[1;m

[1;41m[1;33m[c1] 	sending openflow rule:[1;m

[1;41m[1;33m[c1] 	59994 {'switch': 3, 'vlan_pcp': 0, 'vlan_id': 65535} [][1;m

[1;41m[1;33m[c1] [1;m

[1;41m[1;33m[c1] DEBUG:pyretic.core.runtime.Runtime: |2014-01-26 14:49:32.412660|[1;m

[1;41m[1;33m[c1] 	sending openflow rule:[1;m

[1;41m[1;33m[c1] 	59998 {'switch': 4, 'vlan_pcp': 0, 'vlan_id': 65535} [][1;m

[1;41m[1;33m[c1] [1;m

[1;36m[1;44m00:03.456 00:03.632 Successfully matched event ControlMessageReceive:i135 c c1 -> s 3 [ofp_flow_mod: hard_timeout=0, out_port=65535, priority=59996, idle_timeout=0, command=add, actions=(u'output(1)', u'output(65528)'), flags=0, match=dl_vlan:65535,dl_vlan_pcp:0,in_port:3][1;m
[1;36m[1;36mRound 33[1;37m[1;m
[1;36m[1;44m00:03.458 00:03.633 Successfully matched event ControlMessageReceive:i136 c c1 -> s 3 [ofp_flow_mod: hard_timeout=0, out_port=65535, priority=59997, idle_timeout=0, command=add, actions=(u'output(65528)', u'output(3)'), flags=0, match=dl_vlan:65535,dl_vlan_pcp:0,in_port:1][1;m
[1;36m[1;44m00:03.459 00:03.634 Successfully matched event ControlMessageReceive:i137 c c1 -> s 1 [ofp_flow_mod: hard_timeout=0, out_port=65535, priority=59997, idle_timeout=0, command=add, actions=(u'output(1)', u'output(2)'), flags=0, match=dl_vlan:65535,dl_vlan_pcp:0,in_port:3][1;m
[1;36m[1;44m00:03.460 00:03.635 Successfully matched event ControlMessageReceive:i138 c c1 -> s 1 [ofp_flow_mod: hard_timeout=0, out_port=65535, priority=0, idle_timeout=0, command=add, actions=(u'output(65533)',), flags=0, match=x^L,in_port:None][1;m
[1;36m[1;44m00:03.461 00:03.635 Successfully matched event ControlMessageReceive:i139 c c1 -> s 2 [ofp_flow_mod: hard_timeout=0, out_port=65535, priority=59992, idle_timeout=0, command=add, actions=(), flags=0, match=dl_vlan:65535,dl_vlan_pcp:0,in_port:None][1;m
[1;36m[1;44m00:03.462 00:03.636 Successfully matched event ControlMessageReceive:i140 c c1 -> s 3 [ofp_flow_mod: hard_timeout=0, out_port=65535, priority=59999, idle_timeout=0, command=add, actions=(u'output(3)',), flags=0, match=dl_vlan:65535,dl_vlan_pcp:0,in_port:1][1;m
[1;36m[1;44m00:03.462 00:03.637 Successfully matched event ControlMessageReceive:i141 c c1 -> s 3 [ofp_flow_mod: hard_timeout=0, out_port=65535, priority=59994, idle_timeout=0, command=add, actions=(), flags=0, match=dl_vlan:65535,dl_vlan_pcp:0,in_port:None][1;m
[1;36m[1;44m00:03.463 00:03.639 Successfully matched event ControlMessageReceive:i142 c c1 -> s 1 [ofp_flow_mod: hard_timeout=0, out_port=65535, priority=59998, idle_timeout=0, command=add, actions=(u'output(1)', u'output(3)'), flags=0, match=dl_vlan:65535,dl_vlan_pcp:0,in_port:2][1;m
[1;36m[1;44m00:03.464 00:03.641 Successfully matched event ControlMessageReceive:i143 c c1 -> s 2 [ofp_flow_mod: hard_timeout=0, out_port=65535, priority=32768, idle_timeout=0, command=delete, actions=(), flags=0, match=x^L,in_port:None][1;m
[1;36m[1;44m00:03.465 00:03.641 Successfully matched event ControlMessageReceive:i144 c c1 -> s 1 [ofp_flow_mod: hard_timeout=0, out_port=65535, priority=59992, idle_timeout=0, command=add, actions=(), flags=0, match=dl_vlan:65535,dl_vlan_pcp:0,in_port:None][1;m
[1;36m[1;44m00:03.466 00:03.642 Successfully matched event ControlMessageReceive:i145 c c1 -> s 1 [ofp_flow_mod: hard_timeout=0, out_port=65535, priority=59996, idle_timeout=0, command=add, actions=(u'output(65528)', u'output(2)', u'output(3)'), flags=0, match=dl_vlan:65535,dl_vlan_pcp:0,in_port:1][1;m
[1;36m[1;44m00:03.467 00:03.643 Successfully matched event ControlMessageReceive:i146 c c1 -> s 3 [ofp_flow_mod: hard_timeout=0, out_port=65535, priority=59998, idle_timeout=0, command=add, actions=(u'output(1)',), flags=0, match=dl_vlan:65535,dl_vlan_pcp:0,in_port:3][1;m
[1;36m[1;44m00:03.468 00:03.644 Successfully matched event ControlMessageReceive:i147 c c1 -> s 3 [ofp_flow_mod: hard_timeout=0, out_port=65535, priority=60000, idle_timeout=0, command=add, actions=(u'output(65533)',), flags=0, match=dl_vlan:65535,dl_vlan_pcp:0,dl_type:35020,in_port:None][1;m
[1;36m[1;44m00:03.469 00:03.645 Successfully matched event ControlMessageReceive:i148 c c1 -> s 1 [ofp_flow_mod: hard_timeout=0, out_port=65535, priority=60000, idle_timeout=0, command=add, actions=(u'output(65533)',), flags=0, match=dl_vlan:65535,dl_vlan_pcp:0,dl_type:35020,in_port:None][1;m
[1;36m[1;44m00:03.470 00:03.646 Successfully matched event ControlMessageReceive:i149 c c1 -> s 1 [ofp_barrier_request: ][1;m
[1;36m[1;44m00:03.471 00:03.647 Successfully matched event ControlMessageReceive:i150 c c1 -> s 2 [ofp_flow_mod: hard_timeout=0, out_port=65535, priority=59999, idle_timeout=0, command=add, actions=(u'output(2)', u'output(3)'), flags=0, match=dl_vlan:65535,dl_vlan_pcp:0,in_port:1][1;m
[1;36m[1;44m00:03.472 00:03.648 Successfully matched event ControlMessageReceive:i151 c c1 -> s 3 [ofp_flow_mod: hard_timeout=0, out_port=65535, priority=32768, idle_timeout=0, command=delete, actions=(), flags=0, match=x^L,in_port:None][1;m
[1;36m[1;44m00:03.472 00:03.649 Successfully matched event ControlMessageReceive:i152 c c1 -> s 2 [ofp_flow_mod: hard_timeout=0, out_port=65535, priority=59998, idle_timeout=0, command=add, actions=(u'output(1)', u'output(3)'), flags=0, match=dl_vlan:65535,dl_vlan_pcp:0,in_port:2][1;m
[1;36m[1;44m00:03.473 00:03.649 Successfully matched event ControlMessageReceive:i153 c c1 -> s 2 [ofp_flow_mod: hard_timeout=0, out_port=65535, priority=59995, idle_timeout=0, command=add, actions=(u'output(1)', u'output(65528)', u'output(3)'), flags=0, match=dl_vlan:65535,dl_vlan_pcp:0,in_port:2][1;m
[1;36m[1;44m00:03.474 00:03.650 Successfully matched event ControlMessageReceive:i154 c c1 -> s 3 [ofp_flow_mod: hard_timeout=0, out_port=65535, priority=0, idle_timeout=0, command=add, actions=(u'output(65533)',), flags=0, match=x^L,in_port:None][1;m
[1;36m[1;44m00:03.475 00:03.651 Successfully matched event ControlMessageReceive:i155 c c1 -> s 3 [ofp_barrier_request: ][1;m
[1;36m[1;44m00:03.476 00:03.651 Successfully matched event ControlMessageReceive:i156 c c1 -> s 1 [ofp_flow_mod: hard_timeout=0, out_port=65535, priority=32768, idle_timeout=0, command=delete, actions=(), flags=0, match=x^L,in_port:None][1;m
[1;36m[1;44m00:03.476 00:03.652 Successfully matched event ControlMessageReceive:i157 c c1 -> s 2 [ofp_flow_mod: hard_timeout=0, out_port=65535, priority=0, idle_timeout=0, command=add, actions=(u'output(65533)',), flags=0, match=x^L,in_port:None][1;m
[1;36m[1;44m00:03.477 00:03.653 Successfully matched event ControlMessageReceive:i158 c c1 -> s 2 [ofp_flow_mod: hard_timeout=0, out_port=65535, priority=59994, idle_timeout=0, command=add, actions=(u'output(1)', u'output(2)', u'output(65528)'), flags=0, match=dl_vlan:65535,dl_vlan_pcp:0,in_port:3][1;m
[1;36m[1;44m00:03.479 00:03.654 Successfully matched event ControlMessageReceive:i159 c c1 -> s 2 [ofp_flow_mod: hard_timeout=0, out_port=65535, priority=60000, idle_timeout=0, command=add, actions=(u'output(65533)',), flags=0, match=dl_vlan:65535,dl_vlan_pcp:0,dl_type:35020,in_port:None][1;m
[1;36m[1;44m00:03.480 00:03.655 Successfully matched event ControlMessageReceive:i160 c c1 -> s 1 [ofp_flow_mod: hard_timeout=0, out_port=65535, priority=59994, idle_timeout=0, command=add, actions=(u'output(1)', u'output(2)', u'output(65528)'), flags=0, match=dl_vlan:65535,dl_vlan_pcp:0,in_port:3][1;m
[1;36m[1;44m00:03.481 00:03.656 Successfully matched event ControlMessageReceive:i161 c c1 -> s 2 [ofp_barrier_request: ][1;m
[1;36m[1;44m00:03.481 00:03.657 Successfully matched event ControlMessageReceive:i162 c c1 -> s 3 [ofp_flow_mod: hard_timeout=0, out_port=65535, priority=59995, idle_timeout=0, command=add, actions=(u'output(1)', u'output(3)'), flags=0, match=dl_vlan:65535,dl_vlan_pcp:0,in_port:None][1;m
[1;36m[1;44m00:03.482 00:03.657 Successfully matched event ControlMessageReceive:i163 c c1 -> s 1 [ofp_flow_mod: hard_timeout=0, out_port=65535, priority=59995, idle_timeout=0, command=add, actions=(u'output(1)', u'output(65528)', u'output(3)'), flags=0, match=dl_vlan:65535,dl_vlan_pcp:0,in_port:2][1;m
[1;36m[1;44m00:03.483 00:03.658 Successfully matched event ControlMessageReceive:i164 c c1 -> s 2 [ofp_flow_mod: hard_timeout=0, out_port=65535, priority=59993, idle_timeout=0, command=add, actions=(u'output(1)', u'output(2)', u'output(3)'), flags=0, match=dl_vlan:65535,dl_vlan_pcp:0,in_port:None][1;m
[1;36m[1;44m00:03.484 00:03.658 Successfully matched event ControlMessageReceive:i165 c c1 -> s 1 [ofp_flow_mod: hard_timeout=0, out_port=65535, priority=59999, idle_timeout=0, command=add, actions=(u'output(2)', u'output(3)'), flags=0, match=dl_vlan:65535,dl_vlan_pcp:0,in_port:1][1;m
[1;36m[1;44m00:03.485 00:03.659 Successfully matched event ControlMessageReceive:i166 c c1 -> s 2 [ofp_flow_mod: hard_timeout=0, out_port=65535, priority=59996, idle_timeout=0, command=add, actions=(u'output(65528)', u'output(2)', u'output(3)'), flags=0, match=dl_vlan:65535,dl_vlan_pcp:0,in_port:1][1;m
[1;36m[1;44m00:03.486 00:03.660 Successfully matched event ControlMessageReceive:i167 c c1 -> s 1 [ofp_flow_mod: hard_timeout=0, out_port=65535, priority=59993, idle_timeout=0, command=add, actions=(u'output(1)', u'output(2)', u'output(3)'), flags=0, match=dl_vlan:65535,dl_vlan_pcp:0,in_port:None][1;m
[1;36m[1;44m00:03.488 00:03.660 Successfully matched event ControlMessageReceive:i168 c c1 -> s 2 [ofp_flow_mod: hard_timeout=0, out_port=65535, priority=59997, idle_timeout=0, command=add, actions=(u'output(1)', u'output(2)'), flags=0, match=dl_vlan:65535,dl_vlan_pcp:0,in_port:3][1;m
[1;36m[1;44m00:03.488 00:03.662 Successfully matched event ControlMessageSend:i169 c 3 -> s c1 [ofp_port_status: reason=0, desc=(2, u'00:00:00:00:03:02')][1;m
[1;36m[1;44m00:03.489 00:03.663 Successfully matched event ControlMessageSend:i170 c 3 -> s c1 [ofp_barrier_reply: ][1;m
[1;36m[1;44m00:03.490 00:03.663 Successfully matched event ControlMessageSend:i171 c 2 -> s c1 [ofp_barrier_reply: ][1;m
[1;36m[1;44m00:03.490 00:03.663 Successfully matched event ControlMessageSend:i172 c 1 -> s c1 [ofp_barrier_reply: ][1;m
[1;41m[1;37mThe following correctness violations have occurred: ["{'hs_history': [(x^L) - ([]), (dl_vlan:65535,dl_vlan_pcp:0) - ([]), (dl_vlan:65535,dl_vlan_pcp:0) - ([])], 'hdr': (dl_vlan:65535,dl_vlan_pcp:0) - ([]), 'visits': [100002, 300002, 200001], 'port': 100002}", "{'hs_history': [(x^L) - ([]), (dl_vlan:65535,dl_vlan_pcp:0) - ([]), (dl_vlan:65535,dl_vlan_pcp:0) - ([]), (dl_vlan:65535,dl_vlan_pcp:0) - ([])], 'hdr': (dl_vlan:65535,dl_vlan_pcp:0) - ([]), 'visits': [300003, 200001, 100002, 300002], 'port': 200001}", "{'hs_history': [(x^L) - ([]), (dl_vlan:65535,dl_vlan_pcp:0) - ([]), (dl_vlan:65535,dl_vlan_pcp:0) - ([])], 'hdr': (dl_vlan:65535,dl_vlan_pcp:0) - ([]), 'visits': [200001, 100002, 300002], 'port': 200001}", "{'hs_history': [(x^L) - ([]), (dl_vlan:65535,dl_vlan_pcp:0) - ([]), (dl_vlan:65535,dl_vlan_pcp:0) - ([]), (dl_vlan:65535,dl_vlan_pcp:0) - ([])], 'hdr': (dl_vlan:65535,dl_vlan_pcp:0) - ([]), 'visits': [100003, 300002, 200001, 100002], 'port': 300002}", "{'hs_history': [(x^L) - ([]), (dl_vlan:65535,dl_vlan_pcp:0) - ([]), (dl_vlan:65535,dl_vlan_pcp:0) - ([]), (dl_vlan:65535,dl_vlan_pcp:0) - ([])], 'hdr': (dl_vlan:65535,dl_vlan_pcp:0) - ([]), 'visits': [200003, 100002, 300002, 200001], 'port': 100002}", "{'hs_history': [(x^L) - ([]), (dl_vlan:65535,dl_vlan_pcp:0) - ([]), (dl_vlan:65535,dl_vlan_pcp:0) - ([])], 'hdr': (dl_vlan:65535,dl_vlan_pcp:0) - ([]), 'visits': [300002, 200001, 100002], 'port': 300002}"][1;m
[1;41m[1;37mPersistent violations detected!: ["{'hs_history': [(x^L) - ([]), (dl_vlan:65535,dl_vlan_pcp:0) - ([]), (dl_vlan:65535,dl_vlan_pcp:0) - ([])], 'hdr': (dl_vlan:65535,dl_vlan_pcp:0) - ([]), 'visits': [100002, 300002, 200001], 'port': 100002}", "{'hs_history': [(x^L) - ([]), (dl_vlan:65535,dl_vlan_pcp:0) - ([]), (dl_vlan:65535,dl_vlan_pcp:0) - ([]), (dl_vlan:65535,dl_vlan_pcp:0) - ([])], 'hdr': (dl_vlan:65535,dl_vlan_pcp:0) - ([]), 'visits': [300003, 200001, 100002, 300002], 'port': 200001}", "{'hs_history': [(x^L) - ([]), (dl_vlan:65535,dl_vlan_pcp:0) - ([]), (dl_vlan:65535,dl_vlan_pcp:0) - ([])], 'hdr': (dl_vlan:65535,dl_vlan_pcp:0) - ([]), 'visits': [200001, 100002, 300002], 'port': 200001}", "{'hs_history': [(x^L) - ([]), (dl_vlan:65535,dl_vlan_pcp:0) - ([]), (dl_vlan:65535,dl_vlan_pcp:0) - ([]), (dl_vlan:65535,dl_vlan_pcp:0) - ([])], 'hdr': (dl_vlan:65535,dl_vlan_pcp:0) - ([]), 'visits': [100003, 300002, 200001, 100002], 'port': 300002}", "{'hs_history': [(x^L) - ([]), (dl_vlan:65535,dl_vlan_pcp:0) - ([]), (dl_vlan:65535,dl_vlan_pcp:0) - ([]), (dl_vlan:65535,dl_vlan_pcp:0) - ([])], 'hdr': (dl_vlan:65535,dl_vlan_pcp:0) - ([]), 'visits': [200003, 100002, 300002, 200001], 'port': 100002}", "{'hs_history': [(x^L) - ([]), (dl_vlan:65535,dl_vlan_pcp:0) - ([]), (dl_vlan:65535,dl_vlan_pcp:0) - ([])], 'hdr': (dl_vlan:65535,dl_vlan_pcp:0) - ([]), 'visits': [300002, 200001, 100002], 'port': 300002}"][1;m
[1;36m[1;44m00:03.501 00:03.663 Successfully matched event CheckInvariants:e173[1;m
[1;41m[1;33m[c1] DEBUG:pyretic.core.runtime.DEBUG_TOPO_DISCOVERY: handle_port_joins 3:2:True:True[1;m

[1;41m[1;33m[c1] DEBUG:pyretic.core.runtime.DEBUG_TOPO_DISCOVERY: ---------------------------------------------------------------[1;m

[1;41m[1;33m[c1] switch  |     switch edges               |  egress ports      |[1;m

[1;41m[1;33m[c1] ---------------------------------------------------------------[1;m

[1;41m[1;33m[c1] 1       |  1[2] --- 2[2]                 |  1[3]---, 1[1]---  |[1;m

[1;41m[1;33m[c1] 2       |  1[2] --- 2[2], 2[1] --- 3[1]  |  2[3]---           |[1;m

[1;41m[1;33m[c1] 3       |  2[1] --- 3[1]                 |  3[2]---, 3[3]---  |[1;m

[1;41m[1;33m[c1] 4       |                                |                    |[1;m

[1;41m[1;33m[c1] ---------------------------------------------------------------[1;m

[1;41m[1;33m[c1] DEBUG:pyretic.core.runtime.Runtime: |2014-01-26 14:49:32.779553|[1;m

[1;41m[1;33m[c1] 	generate classifier[1;m

[1;41m[1;33m[c1] 	policy=flood on:[1;m

[1;41m[1;33m[c1] ---------------------------------------------------------------[1;m

[1;41m[1;33m[c1] switch  |     switch edges               |  egress ports      |[1;m

[1;41m[1;33m[c1] ---------------------------------------------------------------[1;m

[1;41m[1;33m[c1] 1       |  1[2] --- 2[2]                 |  1[3]---, 1[1]---  |[1;m

[1;41m[1;33m[c1] 2       |  1[2] --- 2[2], 2[1] --- 3[1]  |  2[3]---           |[1;m

[1;41m[1;33m[c1] 3       |  2[1] --- 3[1]                 |  3[2]---, 3[3]---  |[1;m

[1;41m[1;33m[c1] 4       |                                |                    |[1;m

[1;41m[1;33m[c1] ---------------------------------------------------------------[1;m

[1;41m[1;33m[c1] 	classifier=match: ('switch', 1) ('inport', 1)[1;m

[1;41m[1;33m[c1]   -> [modify: ('outport', 2), modify: ('outport', 3)][1;m

[1;41m[1;33m[c1]  match: ('switch', 1) ('inport', 2)[1;m

[1;41m[1;33m[c1]   -> [modify: ('outport', 1), modify: ('outport', 3)][1;m

[1;41m[1;33m[c1]  match: ('switch', 1) ('inport', 3)[1;m

[1;41m[1;33m[c1]   -> [modify: ('outport', 1), modify: ('outport', 2)][1;m

[1;41m[1;33m[c1]  match: ('switch', 1)[1;m

[1;41m[1;33m[c1]   -> [modify: ('outport', 1), modify: ('outport', 2), modify: ('outport', 3)][1;m

[1;41m[1;33m[c1]  match: ('switch', 2) ('inport', 1)[1;m

[1;41m[1;33m[c1]   -> [modify: ('outport', 2), modify: ('outport', 3)][1;m

[1;41m[1;33m[c1]  match: ('switch', 2) ('inport', 2)[1;m

[1;41m[1;33m[c1]   -> [modify: ('outport', 1), modify: ('outport', 3)][1;m

[1;41m[1;33m[c1]  match: ('switch', 2) ('inport', 3)[1;m

[1;41m[1;33m[c1]   -> [modify: ('outport', 1), modify: ('outport', 2)][1;m

[1;41m[1;33m[c1]  match: ('switch', 2)[1;m

[1;41m[1;33m[c1]   -> [modify: ('outport', 1), modify: ('outport', 2), modify: ('outport', 3)][1;m

[1;41m[1;33m[c1]  match: ('switch', 3) ('inport', 1)[1;m

[1;41m[1;33m[c1]   -> [modify: ('outport', 2), modify: ('outport', 3)][1;m

[1;41m[1;33m[c1]  match: ('switch', 3) ('inport', 2)[1;m

[1;41m[1;33m[c1]   -> [modify: ('outport', 1), modify: ('outport', 3)][1;m

[1;41m[1;33m[c1]  match: ('switch', 3) ('inport', 3)[1;m

[1;41m[1;33m[c1]   -> [modify: ('outport', 1), modify: ('outport', 2)][1;m

[1;41m[1;33m[c1]  match: ('switch', 3)[1;m

[1;41m[1;33m[c1]   -> [modify: ('outport', 1), modify: ('outport', 2), modify: ('outport', 3)][1;m

[1;41m[1;33m[c1]  match: ('switch', 4)[1;m

[1;41m[1;33m[c1]   -> [drop][1;m

[1;41m[1;33m[c1]  identity[1;m

[1;41m[1;33m[c1]   -> [drop][1;m

[1;41m[1;33m[c1] [1;m

[1;41m[1;33m[c1] DEBUG:pyretic.core.runtime.Runtime: |2014-01-26 14:49:32.786027|[1;m

[1;41m[1;33m[c1] 	sending openflow rule:[1;m

[1;41m[1;33m[c1] 	0 {'switch': 1} [{'outport': 65533}][1;m

[1;41m[1;33m[c1] [1;m

[1;41m[1;33m[c1] DEBUG:pyretic.core.runtime.Runtime: |2014-01-26 14:49:32.787276|[1;m

[1;41m[1;33m[c1] 	sending openflow rule:[1;m

[1;41m[1;33m[c1] 	0 {'switch': 2} [{'outport': 65533}][1;m

[1;41m[1;33m[c1] [1;m

[1;41m[1;33m[c1] DEBUG:pyretic.core.runtime.Runtime: |2014-01-26 14:49:32.787538|[1;m

[1;41m[1;33m[c1] 	sending openflow rule:[1;m

[1;41m[1;33m[c1] 	0 {'switch': 3} [{'outport': 65533}][1;m

[1;41m[1;33m[c1] [1;m

[1;41m[1;33m[c1] DEBUG:pyretic.core.runtime.Runtime: |2014-01-26 14:49:32.787661|[1;m

[1;41m[1;33m[c1] 	sending openflow rule:[1;m

[1;41m[1;33m[c1] 	0 {'switch': 4} [{'outport': 65533}][1;m

[1;41m[1;33m[c1] [1;m

[1;41m[1;33m[c1] DEBUG:pyretic.core.runtime.Runtime: |2014-01-26 14:49:32.787739|[1;m

[1;41m[1;33m[c1] 	sending openflow rule:[1;m

[1;41m[1;33m[c1] 	60000 {'switch': 1, 'vlan_pcp': 0, 'vlan_id': 65535, 'ethtype': 35020} [{'outport': 65533}][1;m

[1;41m[1;33m[c1] [1;m

[1;41m[1;33m[c1] DEBUG:pyretic.core.runtime.Runtime: |2014-01-26 14:49:32.787810|[1;m

[1;41m[1;33m[c1] 	sending openflow rule:[1;m

[1;41m[1;33m[c1] 	60000 {'switch': 2, 'vlan_pcp': 0, 'vlan_id': 65535, 'ethtype': 35020} [{'outport': 65533}][1;m

[1;41m[1;33m[c1] [1;m

[1;41m[1;33m[c1] DEBUG:pyretic.core.runtime.Runtime: |2014-01-26 14:49:32.787874|[1;m

[1;41m[1;33m[c1] 	sending openflow rule:[1;m

[1;41m[1;33m[c1] 	60000 {'switch': 3, 'vlan_pcp': 0, 'vlan_id': 65535, 'ethtype': 35020} [{'outport': 65533}][1;m

[1;41m[1;33m[c1] [1;m

[1;41m[1;33m[c1] DEBUG:pyretic.core.runtime.Runtime: |2014-01-26 14:49:32.787939|[1;m

[1;41m[1;33m[c1] 	sending openflow rule:[1;m

[1;41m[1;33m[c1] 	60000 {'switch': 4, 'vlan_pcp': 0, 'vlan_id': 65535, 'ethtype': 35020} [{'outport': 65533}][1;m

[1;41m[1;33m[c1] [1;m

[1;41m[1;33m[c1] DEBUG:pyretic.core.runtime.Runtime: |2014-01-26 14:49:32.788015|[1;m

[1;41m[1;33m[c1] 	sending openflow rule:[1;m

[1;41m[1;33m[c1] 	59999 {'switch': 1, 'vlan_pcp': 0, 'vlan_id': 65535, 'inport': 1} [{'outport': 2}, {'outport': 3}][1;m

[1;41m[1;33m[c1] [1;m

[1;41m[1;33m[c1] DEBUG:pyretic.core.runtime.Runtime: |2014-01-26 14:49:32.788095|[1;m

[1;41m[1;33m[c1] 	sending openflow rule:[1;m

[1;41m[1;33m[c1] 	59998 {'switch': 1, 'vlan_pcp': 0, 'vlan_id': 65535, 'inport': 2} [{'outport': 1}, {'outport': 3}][1;m

[1;41m[1;33m[c1] [1;m

[1;41m[1;33m[c1] DEBUG:pyretic.core.runtime.Runtime: |2014-01-26 14:49:32.788175|[1;m

[1;41m[1;33m[c1] 	sending openflow rule:[1;m

[1;41m[1;33m[c1] 	59997 {'switch': 1, 'vlan_pcp': 0, 'vlan_id': 65535, 'inport': 3} [{'outport': 1}, {'outport': 2}][1;m

[1;41m[1;33m[c1] [1;m

[1;41m[1;33m[c1] DEBUG:pyretic.core.runtime.Runtime: |2014-01-26 14:49:32.788242|[1;m

[1;41m[1;33m[c1] 	sending openflow rule:[1;m

[1;41m[1;33m[c1] 	59996 {'switch': 1, 'vlan_pcp': 0, 'inport': 1, 'vlan_id': 65535} [{'outport': 65528}, {'outport': 2}, {'outport': 3}][1;m

[1;41m[1;33m[c1] [1;m

[1;41m[1;33m[c1] DEBUG:pyretic.core.runtime.Runtime: |2014-01-26 14:49:32.788335|[1;m

[1;41m[1;33m[c1] 	sending openflow rule:[1;m

[1;41m[1;33m[c1] 	59995 {'switch': 1, 'vlan_pcp': 0, 'inport': 2, 'vlan_id': 65535} [{'outport': 1}, {'outport': 65528}, {'outport': 3}][1;m

[1;41m[1;33m[c1] [1;m

[1;41m[1;33m[c1] DEBUG:pyretic.core.runtime.Runtime: |2014-01-26 14:49:32.788406|[1;m

[1;41m[1;33m[c1] 	sending openflow rule:[1;m

[1;41m[1;33m[c1] 	59994 {'switch': 1, 'vlan_pcp': 0, 'inport': 3, 'vlan_id': 65535} [{'outport': 1}, {'outport': 2}, {'outport': 65528}][1;m

[1;41m[1;33m[c1] [1;m

[1;41m[1;33m[c1] DEBUG:pyretic.core.runtime.Runtime: |2014-01-26 14:49:32.788470|[1;m

[1;41m[1;33m[c1] 	sending openflow rule:[1;m

[1;41m[1;33m[c1] 	59993 {'switch': 1, 'vlan_pcp': 0, 'vlan_id': 65535} [{'outport': 1}, {'outport': 2}, {'outport': 3}][1;m

[1;41m[1;33m[c1] [1;m

[1;41m[1;33m[c1] DEBUG:pyretic.core.runtime.Runtime: |2014-01-26 14:49:32.788554|[1;m

[1;41m[1;33m[c1] 	sending openflow rule:[1;m

[1;41m[1;33m[c1] 	59999 {'switch': 2, 'vlan_pcp': 0, 'vlan_id': 65535, 'inport': 1} [{'outport': 2}, {'outport': 3}][1;m

[1;41m[1;33m[c1] [1;m

[1;41m[1;33m[c1] DEBUG:pyretic.core.runtime.Runtime: |2014-01-26 14:49:32.788631|[1;m

[1;41m[1;33m[c1] 	sending openflow rule:[1;m

[1;41m[1;33m[c1] 	59998 {'switch': 2, 'vlan_pcp': 0, 'vlan_id': 65535, 'inport': 2} [{'outport': 1}, {'outport': 3}][1;m

[1;41m[1;33m[c1] [1;m

[1;41m[1;33m[c1] DEBUG:pyretic.core.runtime.Runtime: |2014-01-26 14:49:32.788700|[1;m

[1;41m[1;33m[c1] 	sending openflow rule:[1;m

[1;41m[1;33m[c1] 	59997 {'switch': 2, 'vlan_pcp': 0, 'vlan_id': 65535, 'inport': 3} [{'outport': 1}, {'outport': 2}][1;m

[1;41m[1;33m[c1] [1;m

[1;41m[1;33m[c1] DEBUG:pyretic.core.runtime.Runtime: |2014-01-26 14:49:32.788770|[1;m

[1;41m[1;33m[c1] 	sending openflow rule:[1;m

[1;41m[1;33m[c1] 	59996 {'switch': 2, 'vlan_pcp': 0, 'inport': 1, 'vlan_id': 65535} [{'outport': 65528}, {'outport': 2}, {'outport': 3}][1;m

[1;41m[1;33m[c1] [1;m

[1;41m[1;33m[c1] DEBUG:pyretic.core.runtime.Runtime: |2014-01-26 14:49:32.788860|[1;m

[1;41m[1;33m[c1] 	sending openflow rule:[1;m

[1;41m[1;33m[c1] 	59995 {'switch': 2, 'vlan_pcp': 0, 'inport': 2, 'vlan_id': 65535} [{'outport': 1}, {'outport': 65528}, {'outport': 3}][1;m

[1;41m[1;33m[c1] [1;m

[1;41m[1;33m[c1] DEBUG:pyretic.core.runtime.Runtime: |2014-01-26 14:49:32.788939|[1;m

[1;41m[1;33m[c1] 	sending openflow rule:[1;m

[1;41m[1;33m[c1] 	59994 {'switch': 2, 'vlan_pcp': 0, 'inport': 3, 'vlan_id': 65535} [{'outport': 1}, {'outport': 2}, {'outport': 65528}][1;m

[1;41m[1;33m[c1] [1;m

[1;41m[1;33m[c1] DEBUG:pyretic.core.runtime.Runtime: |2014-01-26 14:49:32.789027|[1;m

[1;41m[1;33m[c1] 	sending openflow rule:[1;m

[1;41m[1;33m[c1] 	59993 {'switch': 2, 'vlan_pcp': 0, 'vlan_id': 65535} [{'outport': 1}, {'outport': 2}, {'outport': 3}][1;m

[1;41m[1;33m[c1] [1;m

[1;41m[1;33m[c1] DEBUG:pyretic.core.runtime.Runtime: |2014-01-26 14:49:32.789144|[1;m

[1;41m[1;33m[c1] 	sending openflow rule:[1;m

[1;41m[1;33m[c1] 	59999 {'switch': 3, 'vlan_pcp': 0, 'vlan_id': 65535, 'inport': 1} [{'outport': 2}, {'outport': 3}][1;m

[1;41m[1;33m[c1] [1;m

[1;41m[1;33m[c1] DEBUG:pyretic.core.runtime.Runtime: |2014-01-26 14:49:32.789229|[1;m

[1;41m[1;33m[c1] 	sending openflow rule:[1;m

[1;41m[1;33m[c1] 	59998 {'switch': 3, 'vlan_pcp': 0, 'vlan_id': 65535, 'inport': 2} [{'outport': 1}, {'outport': 3}][1;m

[1;41m[1;33m[c1] [1;m

[1;41m[1;33m[c1] DEBUG:pyretic.core.runtime.Runtime: |2014-01-26 14:49:32.789328|[1;m

[1;41m[1;33m[c1] 	sending openflow rule:[1;m

[1;41m[1;33m[c1] 	59997 {'switch': 3, 'vlan_pcp': 0, 'vlan_id': 65535, 'inport': 3} [{'outport': 1}, {'outport': 2}][1;m

[1;41m[1;33m[c1] [1;m

[1;41m[1;33m[c1] DEBUG:pyretic.core.runtime.Runtime: |2014-01-26 14:49:32.789435|[1;m

[1;41m[1;33m[c1] 	sending openflow rule:[1;m

[1;41m[1;33m[c1] 	59996 {'switch': 3, 'vlan_pcp': 0, 'inport': 1, 'vlan_id': 65535} [{'outport': 65528}, {'outport': 2}, {'outport': 3}][1;m

[1;41m[1;33m[c1] [1;m

[1;41m[1;33m[c1] DEBUG:pyretic.core.runtime.Runtime: |2014-01-26 14:49:32.789533|[1;m

[1;41m[1;33m[c1] 	sending openflow rule:[1;m

[1;41m[1;33m[c1] 	59995 {'switch': 3, 'vlan_pcp': 0, 'inport': 2, 'vlan_id': 65535} [{'outport': 1}, {'outport': 65528}, {'outport': 3}][1;m

[1;41m[1;33m[c1] [1;m

[1;41m[1;33m[c1] DEBUG:pyretic.core.runtime.Runtime: |2014-01-26 14:49:32.789749|[1;m

[1;41m[1;33m[c1] 	sending openflow rule:[1;m

[1;41m[1;33m[c1] 	59994 {'switch': 3, 'vlan_pcp': 0, 'inport': 3, 'vlan_id': 65535} [{'outport': 1}, {'outport': 2}, {'outport': 65528}][1;m

[1;41m[1;33m[c1] [1;m

[1;41m[1;33m[c1] DEBUG:pyretic.core.runtime.Runtime: |2014-01-26 14:49:32.789966|[1;m

[1;41m[1;33m[c1] 	sending openflow rule:[1;m

[1;41m[1;33m[c1] 	59993 {'switch': 3, 'vlan_pcp': 0, 'vlan_id': 65535} [{'outport': 1}, {'outport': 2}, {'outport': 3}][1;m

[1;41m[1;33m[c1] [1;m

[1;41m[1;33m[c1] DEBUG:pyretic.core.runtime.Runtime: |2014-01-26 14:49:32.790035|[1;m

[1;41m[1;33m[c1] 	sending openflow rule:[1;m

[1;41m[1;33m[c1] 	59999 {'switch': 4, 'vlan_pcp': 0, 'vlan_id': 65535} [][1;m

[1;41m[1;33m[c1] [1;m

[1;41m[1;33m[c1] DEBUG:pyretic.core.runtime.Runtime: |2014-01-26 14:49:32.790104|[1;m

[1;41m[1;33m[c1] 	sending openflow rule:[1;m

[1;41m[1;33m[c1] 	59992 {'switch': 1, 'vlan_pcp': 0, 'vlan_id': 65535} [][1;m

[1;41m[1;33m[c1] [1;m

[1;41m[1;33m[c1] DEBUG:pyretic.core.runtime.Runtime: |2014-01-26 14:49:32.790164|[1;m

[1;41m[1;33m[c1] 	sending openflow rule:[1;m

[1;41m[1;33m[c1] 	59992 {'switch': 2, 'vlan_pcp': 0, 'vlan_id': 65535} [][1;m

[1;41m[1;33m[c1] [1;m

[1;41m[1;33m[c1] DEBUG:pyretic.core.runtime.Runtime: |2014-01-26 14:49:32.790218|[1;m

[1;41m[1;33m[c1] 	sending openflow rule:[1;m

[1;41m[1;33m[c1] 	59992 {'switch': 3, 'vlan_pcp': 0, 'vlan_id': 65535} [][1;m

[1;41m[1;33m[c1] [1;m

[1;41m[1;33m[c1] DEBUG:pyretic.core.runtime.Runtime: |2014-01-26 14:49:32.790273|[1;m

[1;41m[1;33m[c1] 	sending openflow rule:[1;m

[1;41m[1;33m[c1] 	59998 {'switch': 4, 'vlan_pcp': 0, 'vlan_id': 65535} [][1;m

[1;41m[1;33m[c1] [1;m

[1;36m[1;44m00:04.530 00:03.677 Successfully matched event WaitTime:e181[1;m
[1;36m[1;36mRound -1[1;37m[1;m
[1;41m[1;37mViolations at end of trace: ["{'hs_history': [(x^L) - ([]), (dl_vlan:65535,dl_vlan_pcp:0) - ([]), (dl_vlan:65535,dl_vlan_pcp:0) - ([])], 'hdr': (dl_vlan:65535,dl_vlan_pcp:0) - ([]), 'visits': [100002, 300002, 200001], 'port': 100002}", "{'hs_history': [(x^L) - ([]), (dl_vlan:65535,dl_vlan_pcp:0) - ([]), (dl_vlan:65535,dl_vlan_pcp:0) - ([]), (dl_vlan:65535,dl_vlan_pcp:0) - ([])], 'hdr': (dl_vlan:65535,dl_vlan_pcp:0) - ([]), 'visits': [300003, 200001, 100002, 300002], 'port': 200001}", "{'hs_history': [(x^L) - ([]), (dl_vlan:65535,dl_vlan_pcp:0) - ([]), (dl_vlan:65535,dl_vlan_pcp:0) - ([])], 'hdr': (dl_vlan:65535,dl_vlan_pcp:0) - ([]), 'visits': [200001, 100002, 300002], 'port': 200001}", "{'hs_history': [(x^L) - ([]), (dl_vlan:65535,dl_vlan_pcp:0) - ([]), (dl_vlan:65535,dl_vlan_pcp:0) - ([]), (dl_vlan:65535,dl_vlan_pcp:0) - ([])], 'hdr': (dl_vlan:65535,dl_vlan_pcp:0) - ([]), 'visits': [100003, 300002, 200001, 100002], 'port': 300002}", "{'hs_history': [(x^L) - ([]), (dl_vlan:65535,dl_vlan_pcp:0) - ([]), (dl_vlan:65535,dl_vlan_pcp:0) - ([]), (dl_vlan:65535,dl_vlan_pcp:0) - ([])], 'hdr': (dl_vlan:65535,dl_vlan_pcp:0) - ([]), 'visits': [200003, 100002, 300002, 200001], 'port': 100002}", "{'hs_history': [(x^L) - ([]), (dl_vlan:65535,dl_vlan_pcp:0) - ([]), (dl_vlan:65535,dl_vlan_pcp:0) - ([])], 'hdr': (dl_vlan:65535,dl_vlan_pcp:0) - ([]), 'visits': [300002, 200001, 100002], 'port': 300002}"][1;m
[1;42m[1;37mViolation found {'hs_history': [(x^L) - ([]), (dl_vlan:65535,dl_vlan_pcp:0) - ([]), (dl_vlan:65535,dl_vlan_pcp:0) - ([])], 'hdr': (dl_vlan:65535,dl_vlan_pcp:0) - ([]), 'visits': [100002, 300002, 200001], 'port': 100002}[1;m
[1;36m[1;44mEvent Stats: Events matched: 147, timed out: 0
Matches per event type:
  WaitTime 1
  LinkFailure 1
  ConnectToControllers 1
  LinkRecovery 1
  CheckInvariants 6
  DataplanePermit 9
  ControlMessageSend 29
  ControlMessageReceive 99
Timeouts per event type:
[1;m
[1;36m[1;44mDataplaneDrop Stats: Expected drops (0), Actual drops (0)
Missed Drops (expected if TrafficInjections pruned):[1;m
[1;36mKilling controller c1 (pid 4930)[1;m
Terminating child controllers...close() called on stdout during concurrent operation
close() called on stderr during concurrent operation
 OK
