[1;33m[] Stop ONOS on all nodes[1;m

[1;33m[] Stopping ZK..[1;m

[1;33m[] Stopping Cassandra..[1;m

[1;33m[] Genrating conf files for 2-node cluster[1;m

[1;33m[] s/../conf/cassandra.titan ./scripts/../ONOS/conf[1;m

[1;33m[] /cassandra.yaml.1 ./scripts/../ONOS/conf[1;m

[1;33m[] son ./scripts/../ONOS/web[1;m

[1;33m[] ripts/../conf_common/controllers.json ./scripts/../ONOS/web/ons-demo/data[1;m

[1;41m[1;33m[] cp: cannot stat `./scripts/../conf_common/dev_network.py': No such file or directory[1;m

[1;33m[] ipts/../conf_common/link.json.dev ./scripts/../ONOS/web/link.json[1;m

[1;41m[1;33m[] cp: cannot stat `./scripts/../conf_common/link.json.dev': No such file or directory[1;m

[1;33m[] ml file to all VMs[1;m

[1;41m[1;33m[] # onosdev2 SSH-2.0-OpenSSH_6.1p1 Debian-4[1;m

[1;41m[1;33m[] # onosdev1 SSH-2.0-OpenSSH_6.1p1 Debian-4[1;m

[1;41m[1;33m[] # onosdev2 SSH-2.0-OpenSSH_6.1p1 Debian-4[1;m

[1;41m[1;33m[] # onosdev1 SSH-2.0-OpenSSH_6.1p1 Debian-4[1;m

[1;33m[] Starting ZK..[1;m

[1;33m[] Starting Cassandra..[1;m

[1;33m[] ndra in rest nodes[1;m

[1;33m[] Address        Rack        Status State   Load            Owns                Token[1;m

[1;33m[] ==========[1;m

[1;33m[] sdev1:[1;m

[1;33m[] : 1 instance of cassandra running[1;m

[1;33m[] [1;m

[1;33m[]  of cassandra running[1;m

[1;33m[] [1;m

[1;33m[] 59[1;m

[1;33m[] =======[1;m

[1;33m[] nosdev1:[1;m

[1;33m[] osdev1: 192.168.56.11  rack1       Up     Normal  45.95 KB        100.00%             -9223372036854775808[1;m

[1;33m[] everybody's up: 1 up of of 2[1;m

[1;33m[] [1;m

[1;33m[] sleeping for 10sec[1;m

[1;33m[] Removing all data in db[1;m

[1;33m[] sleeping for 10sec[1;m

[1;33mc1 rotate log: ./onos-logs/onos.onosdev1.log[1;m

[1;33mc1 rotate log: ./onos-logs/onos.onosdev1.pcap[1;m

[1;33mc1 Starting ONOS controller ...[1;m

[1;33mc1 [1;m

[1;33mc1 .[1;m

[1;33mc1 /home/mininet/ONOS[1;m

[1;33mc1 Waiting for ONOS to start...[1;m

[1;33mc1 .[1;m

[1;33mc2 rotate log: ./onos-logs/onos.onosdev2.log[1;m

[1;33mc2 rotate log: ./onos-logs/onos.onosdev2.pcap[1;m

[1;33mc2 Starting ONOS controller ...[1;m

[1;33mc2 [1;m

[1;33mc2 .[1;m

[1;33mc2 /home/mininet/ONOS[1;m

[1;33mc2 Waiting for ONOS to start...[1;m

[1;33mc2 .[1;m

[1;42m[1;37mNo correctness violations![1;m
connect_socket_with_backoff ('192.168.56.11', 6633)
Error connecting.  -- [Errno 111] Connection refused. Backing off 1 seconds ...
Error connecting.  -- [Errno 111] Connection refused. Backing off 2 seconds ...
Error connecting.  -- [Errno 111] Connection refused. Backing off 4 seconds ...
Error connecting.  -- [Errno 111] Connection refused. Backing off 8 seconds ...
Error connecting.  -- [Errno 111] Connection refused. Backing off 16 seconds ...
Error connecting.  -- [Errno 111] Connection refused. Backing off 32 seconds ...
connect_socket_with_backoff ('192.168.56.12', 6633)
[1;36m[1;44m01:03.579 00:00.000 Successfully matched event ConnectToControllers:e1[1;m
[1;36m[1;44m01:03.661 00:46.045 Successfully matched event ControlMessageReceive:i2 c c1 -> s 1 [ofp_hello: ][1;m
[1;36m[1;36mRound 1[1;37m[1;m
[1;36m[1;44m01:03.662 00:46.046 Successfully matched event ControlMessageSend:i3 c 1 -> s c1 [ofp_hello: ][1;m
[1;36m[1;44m01:03.677 00:49.049 Successfully matched event ControlMessageReceive:i4 c c1 -> s 1 [ofp_features_request: ][1;m
[1;36m[1;36mRound 2[1;37m[1;m
[1;36m[1;44m01:03.678 00:49.051 Successfully matched event ControlMessageReceive:i5 c c2 -> s 2 [ofp_hello: ][1;m
[1;42m[1;37mNo correctness violations![1;m
[1;36m[1;44m01:04.594 00:49.051 Successfully matched event ControlMessageSend:i6 c 1 -> s c1 [ofp_features_reply: datapath_id=1][1;m
[1;36m[1;44m01:04.595 00:49.052 Successfully matched event ControlMessageSend:i7 c 2 -> s c2 [ofp_hello: ][1;m
[1;36m[1;44m01:04.624 00:52.055 Successfully matched event ControlMessageReceive:i8 c c1 -> s 1 [ofp_set_config: ][1;m
[1;36m[1;36mRound 3[1;37m[1;m
[1;36m[1;44m01:04.625 00:52.056 Successfully matched event ControlMessageReceive:i9 c c1 -> s 1 [ofp_get_config_request: ][1;m
[1;36m[1;44m01:04.736 00:52.056 Successfully matched event ControlMessageReceive:i10 c c1 -> s 1 [ofp_stats_request: flags=0, type=0][1;m
[1;42m[1;37mNo correctness violations![1;m
[1;36m[1;44m01:05.414 00:52.061 Successfully matched event ControlMessageReceive:i11 c c2 -> s 2 [ofp_features_request: ][1;m
[1;36m[1;44m01:05.415 00:52.062 Successfully matched event ControlMessageSend:i12 c 1 -> s c1 [ofp_get_config_reply: ][1;m
[1;36m[1;44m01:05.415 00:52.062 Successfully matched event ControlMessageSend:i13 c 1 -> s c1 [ofp_stats_reply: flags=0, type=0][1;m
[1;36m[1;44m01:05.416 00:52.063 Successfully matched event ControlMessageSend:i14 c 2 -> s c2 [ofp_features_reply: datapath_id=2][1;m
[1;36m[1;44m01:05.416 00:52.065 Successfully matched event DataplanePermit:i17[1;m
[1;42m[1;37mNo correctness violations![1;m
[1;36m[1;44m01:06.188 00:52.066 Successfully matched event DataplanePermit:i18[1;m
[1;36m[1;44m01:06.220 00:55.070 Successfully matched event ControlMessageReceive:i19 c c1 -> s 1 [ofp_vendor: ][1;m
[1;36m[1;36mRound 4[1;37m[1;m
[1;36m[1;44m01:06.221 00:55.070 Successfully matched event ControlMessageReceive:i20 c c2 -> s 2 [ofp_set_config: ][1;m
[1;36m[1;44m01:06.221 00:55.071 Successfully matched event ControlMessageReceive:i21 c c2 -> s 2 [ofp_get_config_request: ][1;m
[1;36m[1;44m01:06.424 00:55.072 Successfully matched event ControlMessageReceive:i22 c c2 -> s 2 [ofp_stats_request: flags=0, type=0][1;m
[1;42m[1;37mNo correctness violations![1;m
[1;35m[1;41m01:07.668 00:55.075 Event timed out ControlMessageSend:i23 c 1 -> s c1 [ofp_packet_in: data={u'dl_dst': u'12:34:56:78:01:02', u'nw_src': u'123.123.1.2', u'dl_src': u'12:34:56:78:01:02', u'nw_dst': u'123.123.1.2'}, in_port=2][1;m
[1;36m[1;44m01:07.669 00:55.076 Successfully matched event ControlMessageSend:i24 c 1 -> s c1 [ofp_vendor: ][1;m
[1;35m[1;41m01:08.270 00:55.076 Event timed out ControlMessageSend:i25 c 2 -> s c2 [ofp_packet_in: data={u'dl_dst': u'12:34:56:78:02:02', u'nw_src': u'123.123.2.2', u'dl_src': u'12:34:56:78:02:02', u'nw_dst': u'123.123.2.2'}, in_port=2][1;m
[1;36m[1;44m01:08.272 00:55.076 Successfully matched event ControlMessageSend:i26 c 2 -> s c2 [ofp_get_config_reply: ][1;m
[1;36m[1;44m01:08.272 00:55.076 Successfully matched event ControlMessageSend:i27 c 2 -> s c2 [ofp_stats_reply: flags=0, type=0][1;m
[1;42m[1;37mNo correctness violations![1;m
[1;36m[1;44m01:09.170 00:58.080 Successfully matched event ControlMessageReceive:i28 c c1 -> s 1 [ofp_vendor: ][1;m
[1;36m[1;36mRound 5[1;37m[1;m
[1;36m[1;44m01:09.402 00:58.081 Successfully matched event ControlMessageReceive:i29 c c2 -> s 2 [ofp_vendor: ][1;m
[1;36m[1;44m01:09.403 00:58.082 Successfully matched event ControlMessageSend:i30 c 1 -> s c1 [ofp_vendor: ][1;m
[1;36m[1;44m01:09.403 00:58.082 Successfully matched event ControlMessageSend:i31 c 2 -> s c2 [ofp_vendor: ][1;m
[1;36mForwarding dataplane event[1;m
[1;36mForwarding dataplane event[1;m
[1;36m[1;44m01:13.277 01:01.952 Successfully matched event ControlMessageReceive:i33 c c1 -> s 1 [ofp_packet_out: actions=(u'output(2)',), data={u'class': u'lldp'}, in_port=65535][1;m
[1;36m[1;36mRound 6[1;37m[1;m
[1;42m[1;37mNo correctness violations![1;m
[1;36m[1;44m01:14.318 01:01.954 Successfully matched event ControlMessageReceive:i34 c c1 -> s 1 [ofp_packet_out: actions=(u'output(1)',), data={u'class': u'lldp'}, in_port=65535][1;m
[1;36m[1;44m01:14.319 01:01.955 Successfully matched event ControlMessageReceive:i35 c c2 -> s 2 [ofp_vendor: ][1;m
[1;36m[1;44m01:14.319 01:01.956 Successfully matched event ControlMessageSend:i36 c 2 -> s c2 [ofp_vendor: ][1;m
[1;36mForwarding dataplane event[1;m
[1;36mForwarding dataplane event[1;m
[1;36mForwarding dataplane event[1;m
[1;36mForwarding dataplane event[1;m
[1;36m[1;44m01:17.322 01:04.959 Successfully matched event DataplanePermit:i37[1;m
[1;36m[1;36mRound 7[1;37m[1;m
[1;36m[1;44m01:17.323 01:04.960 Successfully matched event DataplanePermit:i38[1;m
[1;42m[1;37mNo correctness violations![1;m
[1;36m[1;44m01:18.098 01:04.962 Successfully matched event ControlMessageReceive:i39 c c1 -> s 1 [ofp_packet_out: actions=(u'output(2)',), data={u'class': u'lldp'}, in_port=65535][1;m
[1;36m[1;44m01:18.098 01:04.963 Successfully matched event ControlMessageReceive:i40 c c1 -> s 1 [ofp_packet_out: actions=(u'output(1)',), data={u'class': u'lldp'}, in_port=65535][1;m
[1;36m[1;44m01:18.099 01:04.964 Successfully matched event ControlMessageReceive:i41 c c1 -> s 1 [ofp_packet_out: actions=(u'output(2)',), data={u'dl_type': 35138}, in_port=65535][1;m
[1;36mForwarding dataplane event[1;m
[1;36m[1;44m01:18.099 01:04.965 Successfully matched event ControlMessageReceive:i42 c c1 -> s 1 [ofp_packet_out: actions=(u'output(1)',), data={u'dl_type': 35138}, in_port=65535][1;m
[1;36mForwarding dataplane event[1;m
[1;36m[1;44m01:18.100 01:04.966 Successfully matched event ControlMessageReceive:i43 c c2 -> s 2 [ofp_packet_out: actions=(u'output(2)',), data={u'class': u'lldp'}, in_port=65535][1;m
[1;42m[1;37mNo correctness violations![1;m
[1;36m[1;44m01:19.065 01:04.966 Successfully matched event ControlMessageReceive:i44 c c2 -> s 2 [ofp_packet_out: actions=(u'output(1)',), data={u'class': u'lldp'}, in_port=65535][1;m
[1;36m[1;44m01:19.066 01:04.967 Successfully matched event ControlMessageSend:i45 c 2 -> s c2 [ofp_packet_in: data={u'class': u'lldp'}, in_port=1][1;m
[1;36mForwarding dataplane event[1;m
[1;36mForwarding dataplane event[1;m
[1;36m[1;44m01:22.070 01:07.970 Successfully matched event DataplanePermit:i46[1;m
[1;36m[1;36mRound 8[1;37m[1;m
[1;36m[1;44m01:22.071 01:07.972 Successfully matched event DataplanePermit:i47[1;m
[1;36m[1;44m01:22.071 01:07.973 Successfully matched event DataplanePermit:i48[1;m
[1;42m[1;37mNo correctness violations![1;m
[1;36m[1;44m01:22.695 01:07.973 Successfully matched event DataplanePermit:i49[1;m
[1;36m[1;44m01:22.696 01:07.974 Successfully matched event DataplanePermit:i50[1;m
[1;36m[1;44m01:22.696 01:07.975 Successfully matched event DataplanePermit:i51[1;m
[1;36m[1;44m01:22.697 01:07.975 Successfully matched event ControlMessageReceive:i52 c c2 -> s 2 [ofp_packet_out: actions=(u'output(2)',), data={u'class': u'lldp'}, in_port=65535][1;m
[1;36m[1;44m01:22.697 01:07.976 Successfully matched event ControlMessageReceive:i53 c c2 -> s 2 [ofp_packet_out: actions=(u'output(1)',), data={u'class': u'lldp'}, in_port=65535][1;m
[1;42m[1;37mNo correctness violations![1;m
[1;36m[1;44m01:23.737 01:07.976 Successfully matched event ControlMessageReceive:i54 c c2 -> s 2 [ofp_packet_out: actions=(u'output(2)',), data={u'dl_type': 35138}, in_port=65535][1;m
[1;36mForwarding dataplane event[1;m
[1;36m[1;44m01:23.738 01:07.977 Successfully matched event ControlMessageReceive:i55 c c2 -> s 2 [ofp_packet_out: actions=(u'output(1)',), data={u'dl_type': 35138}, in_port=65535][1;m
[1;36mForwarding dataplane event[1;m
[1;36m[1;44m01:23.739 01:07.977 Successfully matched event ControlMessageSend:i56 c 1 -> s c1 [ofp_packet_in: data={u'class': u'lldp'}, in_port=1][1;m
[1;36m[1;44m01:23.740 01:07.977 Successfully matched event ControlMessageSend:i57 c 2 -> s c2 [ofp_packet_in: data={u'class': u'lldp'}, in_port=1][1;m
[1;36m[1;44m01:23.740 01:07.978 Successfully matched event ControlMessageSend:i58 c 2 -> s c2 [ofp_packet_in: data={u'dl_type': 35138}, in_port=1][1;m
[1;42m[1;37mNo correctness violations![1;m
[1;36m[1;44m01:26.747 01:10.981 Successfully matched event DataplanePermit:i59[1;m
[1;36m[1;36mRound 9[1;37m[1;m
[1;36m[1;44m01:26.748 01:10.982 Successfully matched event DataplanePermit:i60[1;m
[1;36m[1;44m01:26.748 01:10.983 Successfully matched event DataplanePermit:i61[1;m
[1;36m[1;44m01:26.749 01:10.984 Successfully matched event DataplanePermit:i62[1;m
[1;36m[1;44m01:26.749 01:10.985 Successfully matched event ControlMessageSend:i63 c 1 -> s c1 [ofp_packet_in: data={u'dl_type': 35138}, in_port=1][1;m
[1;42m[1;37mNo correctness violations![1;m
[1;36m[1;44m01:27.411 01:10.986 Successfully matched event ControlMessageSend:i64 c 1 -> s c1 [ofp_packet_in: data={u'class': u'lldp'}, in_port=1][1;m
[1;36mForwarding dataplane event[1;m
[1;36mForwarding dataplane event[1;m
[1;36mForwarding dataplane event[1;m
[1;36mForwarding dataplane event[1;m
[1;36m[1;44m01:37.332 01:20.905 Successfully matched event ControlMessageReceive:i66 c c1 -> s 1 [ofp_packet_out: actions=(u'output(2)',), data={u'class': u'lldp'}, in_port=65535][1;m
[1;36m[1;36mRound 12[1;37m[1;m
[1;36m[1;44m01:37.333 01:20.906 Successfully matched event ControlMessageReceive:i67 c c1 -> s 1 [ofp_packet_out: actions=(u'output(1)',), data={u'class': u'lldp'}, in_port=65535][1;m
[1;36m[1;44m01:37.334 01:20.907 Successfully matched event ControlMessageReceive:i68 c c1 -> s 1 [ofp_packet_out: actions=(u'output(2)',), data={u'dl_type': 35138}, in_port=65535][1;m
[1;36mForwarding dataplane event[1;m
[1;36m[1;44m01:37.336 01:20.908 Successfully matched event ControlMessageReceive:i69 c c1 -> s 1 [ofp_packet_out: actions=(u'output(1)',), data={u'dl_type': 35138}, in_port=65535][1;m
[1;36mForwarding dataplane event[1;m
[1;42m[1;37mNo correctness violations![1;m
[1;36m[1;44m01:40.345 01:23.914 Successfully matched event DataplanePermit:i71[1;m
[1;36m[1;36mRound 13[1;37m[1;m
[1;36m[1;44m01:40.345 01:23.915 Successfully matched event DataplanePermit:i72[1;m
[1;36m[1;44m01:40.346 01:23.915 Successfully matched event DataplanePermit:i73[1;m
[1;36m[1;44m01:40.346 01:23.916 Successfully matched event DataplanePermit:i74[1;m
[1;36m[1;44m01:40.347 01:23.916 Successfully matched event DataplanePermit:i75[1;m
[1;42m[1;37mNo correctness violations![1;m
[1;36m[1;44m01:41.285 01:23.917 Successfully matched event ControlMessageReceive:i76 c c2 -> s 2 [ofp_packet_out: actions=(u'output(2)',), data={u'class': u'lldp'}, in_port=65535][1;m
[1;36m[1;44m01:41.286 01:23.917 Successfully matched event ControlMessageReceive:i77 c c2 -> s 2 [ofp_packet_out: actions=(u'output(1)',), data={u'class': u'lldp'}, in_port=65535][1;m
[1;36m[1;44m01:41.287 01:23.918 Successfully matched event ControlMessageReceive:i78 c c2 -> s 2 [ofp_packet_out: actions=(u'output(2)',), data={u'dl_type': 35138}, in_port=65535][1;m
[1;36mForwarding dataplane event[1;m
[1;36m[1;44m01:41.287 01:23.918 Successfully matched event ControlMessageReceive:i79 c c2 -> s 2 [ofp_packet_out: actions=(u'output(1)',), data={u'dl_type': 35138}, in_port=65535][1;m
[1;36mForwarding dataplane event[1;m
[1;35m[1;41m01:41.889 01:23.918 Event timed out ControlMessageSend:i80 c 1 -> s c1 [ofp_packet_in: data={u'dl_dst': u'12:34:56:78:02:02', u'nw_src': u'123.123.1.2', u'dl_src': u'12:34:56:78:01:02', u'nw_dst': u'123.123.2.2'}, in_port=2][1;m
[1;42m[1;37mNo correctness violations![1;m
[1;36m[1;44m01:42.828 01:23.919 Successfully matched event ControlMessageSend:i81 c 2 -> s c2 [ofp_packet_in: data={u'class': u'lldp'}, in_port=1][1;m
[1;36m[1;44m01:42.829 01:23.919 Successfully matched event ControlMessageSend:i82 c 2 -> s c2 [ofp_packet_in: data={u'dl_type': 35138}, in_port=1][1;m
[1;36m[1;44m01:45.836 01:26.923 Successfully matched event DataplanePermit:i83[1;m
[1;36m[1;36mRound 14[1;37m[1;m
[1;36m[1;44m01:45.837 01:26.923 Successfully matched event DataplanePermit:i84[1;m
[1;36m[1;44m01:45.837 01:26.924 Successfully matched event DataplanePermit:i85[1;m
[1;42m[1;37mNo correctness violations![1;m
[1;36m[1;44m01:46.623 01:26.924 Successfully matched event DataplanePermit:i86[1;m
[1;36m[1;44m01:46.624 01:26.925 Successfully matched event ControlMessageSend:i87 c 1 -> s c1 [ofp_packet_in: data={u'dl_type': 35138}, in_port=1][1;m
[1;36m[1;44m01:46.624 01:26.925 Successfully matched event ControlMessageSend:i88 c 1 -> s c1 [ofp_packet_in: data={u'class': u'lldp'}, in_port=1][1;m
[1;36mForwarding dataplane event[1;m
[1;36mForwarding dataplane event[1;m
[1;36mForwarding dataplane event[1;m
[1;36mForwarding dataplane event[1;m
[1;36m[1;44m01:56.323 01:36.618 Successfully matched event ControlMessageReceive:i90 c c1 -> s 1 [ofp_packet_out: actions=(u'output(2)',), data={u'class': u'lldp'}, in_port=65535][1;m
[1;36m[1;36mRound 17[1;37m[1;m
[1;36m[1;44m01:56.324 01:36.620 Successfully matched event ControlMessageReceive:i91 c c1 -> s 1 [ofp_packet_out: actions=(u'output(1)',), data={u'class': u'lldp'}, in_port=65535][1;m
[1;42m[1;37mNo correctness violations![1;m
[1;36m[1;44m01:57.062 01:36.621 Successfully matched event ControlMessageReceive:i92 c c1 -> s 1 [ofp_packet_out: actions=(u'output(2)',), data={u'dl_type': 35138}, in_port=65535][1;m
[1;36mForwarding dataplane event[1;m
[1;36m[1;44m01:57.062 01:36.622 Successfully matched event ControlMessageReceive:i93 c c1 -> s 1 [ofp_packet_out: actions=(u'output(1)',), data={u'dl_type': 35138}, in_port=65535][1;m
[1;36mForwarding dataplane event[1;m
[1;36m[1;44m01:57.063 01:36.623 Successfully matched event ControlMessageReceive:i94 c c2 -> s 2 [ofp_packet_out: actions=(u'output(2)',), data={u'class': u'lldp'}, in_port=65535][1;m
[1;36m[1;44m01:57.063 01:36.624 Successfully matched event ControlMessageReceive:i95 c c2 -> s 2 [ofp_packet_out: actions=(u'output(1)',), data={u'class': u'lldp'}, in_port=65535][1;m
[1;36m[1;44m01:57.064 01:36.625 Successfully matched event ControlMessageReceive:i96 c c2 -> s 2 [ofp_packet_out: actions=(u'output(2)',), data={u'dl_type': 35138}, in_port=65535][1;m
[1;36mForwarding dataplane event[1;m
[1;42m[1;37mNo correctness violations![1;m
[1;36m[1;44m01:58.003 01:36.626 Successfully matched event ControlMessageReceive:i97 c c2 -> s 2 [ofp_packet_out: actions=(u'output(1)',), data={u'dl_type': 35138}, in_port=65535][1;m
[1;36mForwarding dataplane event[1;m
[1;36m[1;44m02:01.013 01:39.632 Successfully matched event DataplanePermit:i99[1;m
[1;36m[1;36mRound 18[1;37m[1;m
[1;36m[1;44m02:01.014 01:39.634 Successfully matched event DataplanePermit:i100[1;m
[1;36m[1;44m02:01.015 01:39.635 Successfully matched event DataplanePermit:i101[1;m
[1;36m[1;44m02:01.015 01:39.636 Successfully matched event DataplanePermit:i102[1;m
[1;42m[1;37mNo correctness violations![1;m
[1;36m[1;44m02:01.884 01:39.636 Successfully matched event DataplanePermit:i103[1;m
[1;36m[1;44m02:01.885 01:39.637 Successfully matched event DataplanePermit:i104[1;m
[1;36m[1;44m02:01.885 01:39.638 Successfully matched event DataplanePermit:i105[1;m
[1;36m[1;44m02:01.885 01:39.639 Successfully matched event DataplanePermit:i106[1;m
[1;36m[1;44m02:01.886 01:39.640 Successfully matched event DataplanePermit:i107[1;m
[1;42m[1;37mNo correctness violations![1;m
[1;36m[1;44m02:02.761 01:39.641 Successfully matched event ControlMessageSend:i108 c 1 -> s c1 [ofp_packet_in: data={u'dl_type': 35138}, in_port=1][1;m
[1;36m[1;44m02:02.762 01:39.642 Successfully matched event ControlMessageSend:i109 c 1 -> s c1 [ofp_packet_in: data={u'class': u'lldp'}, in_port=1][1;m
[1;36m[1;44m02:02.762 01:39.642 Successfully matched event ControlMessageSend:i110 c 2 -> s c2 [ofp_packet_in: data={u'class': u'lldp'}, in_port=1][1;m
[1;36m[1;44m02:02.763 01:39.643 Successfully matched event ControlMessageSend:i111 c 2 -> s c2 [ofp_packet_in: data={u'dl_type': 35138}, in_port=1][1;m
[1;36mForwarding dataplane event[1;m
[1;36mForwarding dataplane event[1;m
[1;35m[1;41m02:03.367 01:39.643 Event timed out ControlMessageSend:i112 c 2 -> s c2 [ofp_packet_in: data={u'dl_dst': u'12:34:56:78:01:02', u'nw_src': u'123.123.2.2', u'dl_src': u'12:34:56:78:02:02', u'nw_dst': u'123.123.1.2'}, in_port=2][1;m
[1;42m[1;37mNo correctness violations![1;m
[1;36mForwarding dataplane event[1;m
[1;36mForwarding dataplane event[1;m
[1;36m[1;44m02:09.379 01:45.652 Successfully matched event DataplanePermit:i114[1;m
[1;36m[1;36mRound 20[1;37m[1;m
[1;35m[1;41m02:09.982 01:45.653 Event timed out ControlMessageSend:i115 c 1 -> s c1 [ofp_packet_in: data={u'dl_dst': u'12:34:56:78:02:02', u'nw_src': u'123.123.1.2', u'dl_src': u'12:34:56:78:01:02', u'nw_dst': u'123.123.2.2'}, in_port=2][1;m
[1;36m[1;44m02:13.930 01:49.598 Successfully matched event ControlMessageReceive:i117 c c1 -> s 1 [ofp_packet_out: actions=(u'output(2)',), data={u'class': u'lldp'}, in_port=65535][1;m
[1;36m[1;36mRound 21[1;37m[1;m
[1;36m[1;44m02:13.931 01:49.599 Successfully matched event ControlMessageReceive:i118 c c1 -> s 1 [ofp_packet_out: actions=(u'output(1)',), data={u'class': u'lldp'}, in_port=65535][1;m
[1;36m[1;44m02:13.932 01:49.600 Successfully matched event ControlMessageReceive:i119 c c1 -> s 1 [ofp_packet_out: actions=(u'output(2)',), data={u'dl_type': 35138}, in_port=65535][1;m
[1;36mForwarding dataplane event[1;m
[1;42m[1;37mNo correctness violations![1;m
[1;36m[1;44m02:14.795 01:49.601 Successfully matched event ControlMessageReceive:i120 c c1 -> s 1 [ofp_packet_out: actions=(u'output(1)',), data={u'dl_type': 35138}, in_port=65535][1;m
[1;36mForwarding dataplane event[1;m
[1;36mForwarding dataplane event[1;m
[1;36mForwarding dataplane event[1;m
[1;36m[1;44m02:17.799 01:52.605 Successfully matched event DataplanePermit:i121[1;m
[1;36m[1;36mRound 22[1;37m[1;m
[1;36m[1;44m02:17.800 01:52.606 Successfully matched event DataplanePermit:i122[1;m
[1;36m[1;44m02:17.801 01:52.607 Successfully matched event DataplanePermit:i123[1;m
[1;36m[1;44m02:17.801 01:52.608 Successfully matched event DataplanePermit:i124[1;m
[1;42m[1;37mNo correctness violations![1;m
[1;36m[1;44m02:18.691 01:52.609 Successfully matched event ControlMessageReceive:i125 c c2 -> s 2 [ofp_packet_out: actions=(u'output(2)',), data={u'class': u'lldp'}, in_port=65535][1;m
[1;36m[1;44m02:18.692 01:52.610 Successfully matched event ControlMessageReceive:i126 c c2 -> s 2 [ofp_packet_out: actions=(u'output(1)',), data={u'class': u'lldp'}, in_port=65535][1;m
[1;36m[1;44m02:18.692 01:52.611 Successfully matched event ControlMessageReceive:i127 c c2 -> s 2 [ofp_packet_out: actions=(u'output(2)',), data={u'dl_type': 35138}, in_port=65535][1;m
[1;36mForwarding dataplane event[1;m
[1;36m[1;44m02:18.693 01:52.612 Successfully matched event ControlMessageReceive:i128 c c2 -> s 2 [ofp_packet_out: actions=(u'output(1)',), data={u'dl_type': 35138}, in_port=65535][1;m
[1;36mForwarding dataplane event[1;m
[1;36m[1;44m02:18.694 01:52.613 Successfully matched event ControlMessageSend:i129 c 2 -> s c2 [ofp_packet_in: data={u'class': u'lldp'}, in_port=1][1;m
[1;42m[1;37mNo correctness violations![1;m
[1;36m[1;44m02:19.388 01:52.613 Successfully matched event ControlMessageSend:i130 c 2 -> s c2 [ofp_packet_in: data={u'dl_type': 35138}, in_port=1][1;m
[1;36mForwarding dataplane event[1;m
[1;36mForwarding dataplane event[1;m
[1;36m[1;44m02:22.393 01:55.618 Successfully matched event DataplanePermit:i131[1;m
[1;36m[1;36mRound 23[1;37m[1;m
[1;36m[1;44m02:22.394 01:55.619 Successfully matched event DataplanePermit:i132[1;m
[1;36m[1;44m02:22.395 01:55.620 Successfully matched event DataplanePermit:i133[1;m
[1;36m[1;44m02:22.395 01:55.621 Successfully matched event DataplanePermit:i134[1;m
[1;42m[1;37mNo correctness violations![1;m
[1;36m[1;44m02:23.381 01:55.622 Successfully matched event ControlMessageSend:i135 c 1 -> s c1 [ofp_packet_in: data={u'dl_type': 35138}, in_port=1][1;m
[1;36m[1;44m02:23.382 01:55.622 Successfully matched event ControlMessageSend:i136 c 1 -> s c1 [ofp_packet_in: data={u'class': u'lldp'}, in_port=1][1;m
[1;36mForwarding dataplane event[1;m
[1;36mForwarding dataplane event[1;m
[1;36m[1;44m02:33.314 02:05.553 Successfully matched event ControlMessageReceive:i138 c c1 -> s 1 [ofp_packet_out: actions=(u'output(2)',), data={u'class': u'lldp'}, in_port=65535][1;m
[1;36m[1;36mRound 26[1;37m[1;m
[1;36m[1;44m02:33.315 02:05.555 Successfully matched event ControlMessageReceive:i139 c c1 -> s 1 [ofp_packet_out: actions=(u'output(1)',), data={u'class': u'lldp'}, in_port=65535][1;m
[1;36m[1;44m02:33.317 02:05.556 Successfully matched event ControlMessageReceive:i140 c c1 -> s 1 [ofp_packet_out: actions=(u'output(2)',), data={u'dl_type': 35138}, in_port=65535][1;m
[1;36mForwarding dataplane event[1;m
[1;42m[1;37mNo correctness violations![1;m
[1;36m[1;44m02:34.261 02:05.557 Successfully matched event ControlMessageReceive:i141 c c1 -> s 1 [ofp_packet_out: actions=(u'output(1)',), data={u'dl_type': 35138}, in_port=65535][1;m
[1;36mForwarding dataplane event[1;m
[1;36m[1;44m02:34.262 02:05.558 Successfully matched event ControlMessageReceive:i142 c c2 -> s 2 [ofp_packet_out: actions=(u'output(2)',), data={u'class': u'lldp'}, in_port=65535][1;m
[1;36m[1;44m02:34.262 02:05.559 Successfully matched event ControlMessageReceive:i143 c c2 -> s 2 [ofp_packet_out: actions=(u'output(1)',), data={u'class': u'lldp'}, in_port=65535][1;m
[1;36m[1;44m02:34.263 02:05.560 Successfully matched event ControlMessageReceive:i144 c c2 -> s 2 [ofp_packet_out: actions=(u'output(2)',), data={u'dl_type': 35138}, in_port=65535][1;m
[1;36mForwarding dataplane event[1;m
[1;36m[1;44m02:34.264 02:05.560 Successfully matched event ControlMessageReceive:i145 c c2 -> s 2 [ofp_packet_out: actions=(u'output(1)',), data={u'dl_type': 35138}, in_port=65535][1;m
[1;36mForwarding dataplane event[1;m
[1;42m[1;37mNo correctness violations![1;m
[1;36mForwarding dataplane event[1;m
[1;36mForwarding dataplane event[1;m
[1;36m[1;44m02:37.268 02:08.564 Successfully matched event DataplanePermit:i146[1;m
[1;36m[1;36mRound 27[1;37m[1;m
[1;36m[1;44m02:37.269 02:08.566 Successfully matched event DataplanePermit:i147[1;m
[1;36m[1;44m02:37.270 02:08.567 Successfully matched event DataplanePermit:i148[1;m
[1;36m[1;44m02:37.270 02:08.567 Successfully matched event DataplanePermit:i149[1;m
[1;36m[1;44m02:37.271 02:08.568 Successfully matched event DataplanePermit:i150[1;m
[1;42m[1;37mNo correctness violations![1;m
[1;36m[1;44m02:38.157 02:08.569 Successfully matched event DataplanePermit:i151[1;m
[1;36m[1;44m02:38.157 02:08.570 Successfully matched event DataplanePermit:i152[1;m
[1;36m[1;44m02:38.158 02:08.571 Successfully matched event DataplanePermit:i153[1;m
[1;36m[1;44m02:38.158 02:08.572 Successfully matched event ControlMessageSend:i154 c 1 -> s c1 [ofp_packet_in: data={u'dl_type': 35138}, in_port=1][1;m
[1;36m[1;44m02:38.158 02:08.572 Successfully matched event ControlMessageSend:i155 c 1 -> s c1 [ofp_packet_in: data={u'class': u'lldp'}, in_port=1][1;m
[1;42m[1;37mNo correctness violations![1;m
[1;36m[1;44m02:38.884 02:08.573 Successfully matched event ControlMessageSend:i156 c 2 -> s c2 [ofp_packet_in: data={u'class': u'lldp'}, in_port=1][1;m
[1;36m[1;44m02:38.885 02:08.574 Successfully matched event ControlMessageSend:i157 c 2 -> s c2 [ofp_packet_in: data={u'dl_type': 35138}, in_port=1][1;m
[1;36m[1;44m02:41.894 02:11.579 Successfully matched event TrafficInjection:e158[1;m
[1;36m[1;36mRound 28[1;37m[1;m
[1;36mForwarding dataplane event[1;m
[1;36m[1;44m02:44.903 02:14.583 Successfully matched event DataplanePermit:i159[1;m
[1;36m[1;36mRound 29[1;37m[1;m
[1;36m[1;44m02:44.904 02:14.586 Successfully matched event ControlMessageSend:i160 c 1 -> s c1 [ofp_packet_in: data={u'dl_dst': u'12:34:56:78:02:02', u'nw_src': u'123.123.1.2', u'dl_src': u'12:34:56:78:01:02', u'nw_dst': u'123.123.2.2'}, in_port=2][1;m
[1;42m[1;37mNo correctness violations![1;m
[1;36mForwarding dataplane event[1;m
[1;36mForwarding dataplane event[1;m
[1;42m[1;37mNo correctness violations![1;m
[1;36m[1;44m02:48.905 02:17.592 Successfully matched event CheckInvariants:e161[1;m
[1;36m[1;36mRound 30[1;37m[1;m
[1;36mForwarding dataplane event[1;m
[1;36mForwarding dataplane event[1;m
[1;36m[1;44m02:52.828 02:21.513 Successfully matched event ControlMessageReceive:i162 c c1 -> s 1 [ofp_packet_out: actions=(u'output(2)',), data={u'class': u'lldp'}, in_port=65535][1;m
[1;36m[1;36mRound 31[1;37m[1;m
[1;36m[1;44m02:52.830 02:21.514 Successfully matched event ControlMessageReceive:i163 c c1 -> s 1 [ofp_packet_out: actions=(u'output(1)',), data={u'class': u'lldp'}, in_port=65535][1;m
[1;36m[1;44m02:52.831 02:21.515 Successfully matched event ControlMessageReceive:i164 c c1 -> s 1 [ofp_packet_out: actions=(u'output(2)',), data={u'dl_type': 35138}, in_port=65535][1;m
[1;36mForwarding dataplane event[1;m
[1;36m[1;44m02:52.833 02:21.516 Successfully matched event ControlMessageReceive:i165 c c1 -> s 1 [ofp_packet_out: actions=(u'output(1)',), data={u'dl_type': 35138}, in_port=65535][1;m
[1;36mForwarding dataplane event[1;m
[1;42m[1;37mNo correctness violations![1;m
[1;36m[1;44m02:53.754 02:21.517 Successfully matched event ControlMessageReceive:i166 c c2 -> s 2 [ofp_packet_out: actions=(u'output(2)',), data={u'class': u'lldp'}, in_port=65535][1;m
[1;36m[1;44m02:53.755 02:21.518 Successfully matched event ControlMessageReceive:i167 c c2 -> s 2 [ofp_packet_out: actions=(u'output(1)',), data={u'class': u'lldp'}, in_port=65535][1;m
[1;36m[1;44m02:53.755 02:21.519 Successfully matched event ControlMessageReceive:i168 c c2 -> s 2 [ofp_packet_out: actions=(u'output(2)',), data={u'dl_type': 35138}, in_port=65535][1;m
[1;36mForwarding dataplane event[1;m
[1;36m[1;44m02:53.756 02:21.519 Successfully matched event ControlMessageReceive:i169 c c2 -> s 2 [ofp_packet_out: actions=(u'output(1)',), data={u'dl_type': 35138}, in_port=65535][1;m
[1;36mForwarding dataplane event[1;m
[1;36m[1;44m02:56.761 02:24.523 Successfully matched event DataplanePermit:i170[1;m
[1;36m[1;36mRound 32[1;37m[1;m
[1;42m[1;37mNo correctness violations![1;m
[1;36m[1;44m02:57.552 02:24.525 Successfully matched event DataplanePermit:i171[1;m
[1;36m[1;44m02:57.552 02:24.525 Successfully matched event DataplanePermit:i172[1;m
[1;36m[1;44m02:57.552 02:24.526 Successfully matched event DataplanePermit:i173[1;m
[1;36m[1;44m02:57.552 02:24.527 Successfully matched event DataplanePermit:i174[1;m
[1;36m[1;44m02:57.553 02:24.528 Successfully matched event DataplanePermit:i175[1;m
[1;42m[1;37mNo correctness violations![1;m
[1;36m[1;44m02:58.477 02:24.529 Successfully matched event DataplanePermit:i176[1;m
[1;36m[1;44m02:58.477 02:24.530 Successfully matched event DataplanePermit:i177[1;m
[1;36m[1;44m02:58.477 02:24.531 Successfully matched event ControlMessageSend:i178 c 1 -> s c1 [ofp_packet_in: data={u'dl_type': 35138}, in_port=1][1;m
[1;36m[1;44m02:58.478 02:24.532 Successfully matched event ControlMessageSend:i179 c 1 -> s c1 [ofp_packet_in: data={u'class': u'lldp'}, in_port=1][1;m
[1;36m[1;44m02:58.478 02:24.532 Successfully matched event ControlMessageSend:i180 c 2 -> s c2 [ofp_packet_in: data={u'class': u'lldp'}, in_port=1][1;m
[1;42m[1;37mNo correctness violations![1;m
[1;36m[1;44m02:59.075 02:24.533 Successfully matched event ControlMessageSend:i181 c 2 -> s c2 [ofp_packet_in: data={u'dl_type': 35138}, in_port=1][1;m
[1;36mForwarding dataplane event[1;m
[1;36mForwarding dataplane event[1;m
[1;36m[1;44m03:05.088 02:30.542 Successfully matched event TrafficInjection:e182[1;m
[1;36m[1;36mRound 34[1;37m[1;m
[1;36mForwarding dataplane event[1;m
[1;36mForwarding dataplane event[1;m
[1;36mForwarding dataplane event[1;m
[1;36m[1;44m03:08.095 02:33.547 Successfully matched event DataplanePermit:i183[1;m
[1;36m[1;36mRound 35[1;37m[1;m
[1;36m[1;44m03:08.096 02:33.549 Successfully matched event ControlMessageSend:i184 c 2 -> s c2 [ofp_packet_in: data={u'dl_dst': u'12:34:56:78:01:02', u'nw_src': u'123.123.2.2', u'dl_src': u'12:34:56:78:02:02', u'nw_dst': u'123.123.1.2'}, in_port=2][1;m
[1;36m[1;44m03:12.008 02:37.457 Successfully matched event ControlMessageReceive:i186 c c1 -> s 1 [ofp_packet_out: actions=(u'output(2)',), data={u'class': u'lldp'}, in_port=65535][1;m
[1;36m[1;36mRound 36[1;37m[1;m
[1;42m[1;37mNo correctness violations![1;m
[1;36m[1;44m03:12.991 02:37.458 Successfully matched event ControlMessageReceive:i187 c c1 -> s 1 [ofp_packet_out: actions=(u'output(1)',), data={u'class': u'lldp'}, in_port=65535][1;m
[1;36m[1;44m03:12.992 02:37.458 Successfully matched event ControlMessageReceive:i188 c c1 -> s 1 [ofp_packet_out: actions=(u'output(2)',), data={u'dl_type': 35138}, in_port=65535][1;m
[1;36mForwarding dataplane event[1;m
[1;36m[1;44m03:12.993 02:37.458 Successfully matched event ControlMessageReceive:i189 c c1 -> s 1 [ofp_packet_out: actions=(u'output(1)',), data={u'dl_type': 35138}, in_port=65535][1;m
[1;36mForwarding dataplane event[1;m
[1;36m[1;44m03:12.993 02:37.458 Successfully matched event ControlMessageReceive:i190 c c2 -> s 2 [ofp_packet_out: actions=(u'output(2)',), data={u'class': u'lldp'}, in_port=65535][1;m
[1;36m[1;44m03:12.994 02:37.459 Successfully matched event ControlMessageReceive:i191 c c2 -> s 2 [ofp_packet_out: actions=(u'output(1)',), data={u'class': u'lldp'}, in_port=65535][1;m
[1;42m[1;37mNo correctness violations![1;m
[1;36m[1;44m03:13.642 02:37.459 Successfully matched event ControlMessageReceive:i192 c c2 -> s 2 [ofp_packet_out: actions=(u'output(2)',), data={u'dl_type': 35138}, in_port=65535][1;m
[1;36mForwarding dataplane event[1;m
[1;36m[1;44m03:13.643 02:37.460 Successfully matched event ControlMessageReceive:i193 c c2 -> s 2 [ofp_packet_out: actions=(u'output(1)',), data={u'dl_type': 35138}, in_port=65535][1;m
[1;36mForwarding dataplane event[1;m
[1;36m[1;44m03:17.054 02:40.867 Successfully matched event DataplanePermit:i195[1;m
[1;36m[1;36mRound 37[1;37m[1;m
[1;36m[1;44m03:17.055 02:40.868 Successfully matched event DataplanePermit:i196[1;m
[1;36m[1;44m03:17.055 02:40.869 Successfully matched event DataplanePermit:i197[1;m
[1;42m[1;37mNo correctness violations![1;m
[1;36m[1;44m03:18.000 02:40.870 Successfully matched event DataplanePermit:i198[1;m
[1;36m[1;44m03:18.001 02:40.871 Successfully matched event DataplanePermit:i199[1;m
[1;36m[1;44m03:18.001 02:40.872 Successfully matched event DataplanePermit:i200[1;m
[1;36m[1;44m03:18.001 02:40.873 Successfully matched event DataplanePermit:i201[1;m
[1;36m[1;44m03:18.001 02:40.873 Successfully matched event DataplanePermit:i202[1;m
[1;42m[1;37mNo correctness violations![1;m
[1;36m[1;44m03:18.607 02:40.874 Successfully matched event ControlMessageSend:i203 c 1 -> s c1 [ofp_packet_in: data={u'dl_type': 35138}, in_port=1][1;m
[1;36m[1;44m03:18.608 02:40.875 Successfully matched event ControlMessageSend:i204 c 1 -> s c1 [ofp_packet_in: data={u'class': u'lldp'}, in_port=1][1;m
[1;36m[1;44m03:18.608 02:40.876 Successfully matched event ControlMessageSend:i205 c 2 -> s c2 [ofp_packet_in: data={u'class': u'lldp'}, in_port=1][1;m
[1;36m[1;44m03:18.609 02:40.876 Successfully matched event ControlMessageSend:i206 c 2 -> s c2 [ofp_packet_in: data={u'dl_type': 35138}, in_port=1][1;m
[1;36mForwarding dataplane event[1;m
[1;36mForwarding dataplane event[1;m
[1;36mForwarding dataplane event[1;m
[1;36mForwarding dataplane event[1;m
[1;36m[1;44m03:27.623 02:49.885 Successfully matched event ControlMessageReceive:i207 c c2 -> s 2 [ofp_packet_out: actions=(u'output(2)',), data={u'class': u'lldp'}, in_port=65535][1;m
[1;36m[1;36mRound 40[1;37m[1;m
[1;42m[1;37mNo correctness violations![1;m
[1;36m[1;44m03:28.517 02:49.886 Successfully matched event ControlMessageReceive:i208 c c2 -> s 2 [ofp_packet_out: actions=(u'output(1)',), data={u'class': u'lldp'}, in_port=65535][1;m
[1;36m[1;44m03:28.518 02:49.888 Successfully matched event ControlMessageReceive:i209 c c2 -> s 2 [ofp_packet_out: actions=(u'output(2)',), data={u'dl_type': 35138}, in_port=65535][1;m
[1;36mForwarding dataplane event[1;m
[1;36m[1;44m03:28.519 02:49.889 Successfully matched event ControlMessageReceive:i210 c c2 -> s 2 [ofp_packet_out: actions=(u'output(1)',), data={u'dl_type': 35138}, in_port=65535][1;m
[1;36mForwarding dataplane event[1;m
[1;36mForwarding dataplane event[1;m
[1;36mForwarding dataplane event[1;m
[1;36m[1;44m03:32.471 02:53.840 Successfully matched event DataplanePermit:i212[1;m
[1;36m[1;36mRound 41[1;37m[1;m
[1;36m[1;44m03:32.471 02:53.841 Successfully matched event DataplanePermit:i213[1;m
[1;42m[1;37mNo correctness violations![1;m
[1;36m[1;44m03:33.210 02:53.842 Successfully matched event DataplanePermit:i214[1;m
[1;36m[1;44m03:33.210 02:53.843 Successfully matched event DataplanePermit:i215[1;m
[1;36m[1;44m03:33.210 02:53.844 Successfully matched event ControlMessageSend:i216 c 1 -> s c1 [ofp_packet_in: data={u'dl_type': 35138}, in_port=1][1;m
[1;36m[1;44m03:33.211 02:53.845 Successfully matched event ControlMessageSend:i217 c 1 -> s c1 [ofp_packet_in: data={u'class': u'lldp'}, in_port=1][1;m
[1;36mForwarding dataplane event[1;m
[1;36mForwarding dataplane event[1;m
[1;36m[1;44m03:42.227 03:02.855 Successfully matched event ControlMessageReceive:i218 c c2 -> s 2 [ofp_echo_request: ][1;m
[1;36m[1;36mRound 44[1;37m[1;m
[1;42m[1;37mNo correctness violations![1;m
[1;36m[1;44m03:43.114 03:02.856 Successfully matched event ControlMessageSend:i219 c 2 -> s c2 [ofp_echo_reply: ][1;m
[1;36mForwarding dataplane event[1;m
[1;36mForwarding dataplane event[1;m
[1;36mForwarding dataplane event[1;m
[1;36mForwarding dataplane event[1;m
[1;36mForwarding dataplane event[1;m
[1;36mForwarding dataplane event[1;m
[1;36mForwarding dataplane event[1;m
[1;36mForwarding dataplane event[1;m
[1;36mForwarding dataplane event[1;m
[1;36mForwarding dataplane event[1;m
[1;35m[1;41m04:19.867 03:38.991 Event timed out ControlMessageReceive:i221 c c1 -> s 1 [ofp_hello: ][1;m
[1;36m[1;36mRound 45[1;37m[1;m
[1;36m[1;44m04:19.869 03:38.992 Successfully matched event ControlMessageReceive:i222 c c2 -> s 2 [ofp_packet_out: actions=(u'output(2)',), data={u'class': u'lldp'}, in_port=65535][1;m
[1;36m[1;44m04:19.869 03:38.994 Successfully matched event ControlMessageReceive:i223 c c2 -> s 2 [ofp_packet_out: actions=(u'output(1)',), data={u'class': u'lldp'}, in_port=65535][1;m
[1;36m[1;44m04:19.871 03:38.995 Successfully matched event ControlMessageReceive:i224 c c2 -> s 2 [ofp_packet_out: actions=(u'output(2)',), data={u'dl_type': 35138}, in_port=65535][1;m
[1;36mForwarding dataplane event[1;m
[1;42m[1;37mNo correctness violations![1;m
[1;36m[1;44m04:20.641 03:38.995 Successfully matched event ControlMessageReceive:i225 c c2 -> s 2 [ofp_packet_out: actions=(u'output(1)',), data={u'dl_type': 35138}, in_port=65535][1;m
[1;36mForwarding dataplane event[1;m
[1;36m[1;44m04:20.643 03:38.996 Successfully matched event ControlMessageReceive:i226 c c2 -> s 2 [ofp_echo_request: ][1;m
[1;35m[1;41m04:21.244 03:38.996 Event timed out ControlMessageSend:i227 c 1 -> s c1 [ofp_hello: ][1;m
[1;36m[1;44m04:21.245 03:38.996 Successfully matched event ControlMessageSend:i228 c 2 -> s c2 [ofp_echo_reply: ][1;m
[1;36mForwarding dataplane event[1;m
[1;36mForwarding dataplane event[1;m
[1;36m[1;44m04:25.060 03:42.807 Successfully matched event DataplanePermit:i230[1;m
[1;36m[1;36mRound 46[1;37m[1;m
[1;42m[1;37mNo correctness violations![1;m
[1;36m[1;44m04:25.877 03:42.808 Successfully matched event DataplanePermit:i231[1;m
[1;36m[1;44m04:25.878 03:42.808 Successfully matched event DataplanePermit:i232[1;m
[1;36m[1;44m04:25.878 03:42.809 Successfully matched event DataplanePermit:i233[1;m
[1;35m[1;41m04:26.479 03:42.809 Event timed out ControlMessageReceive:i234 c c1 -> s 1 [ofp_features_request: ][1;m
[1;36m[1;44m04:26.480 03:42.810 Successfully matched event ControlMessageReceive:i235 c c2 -> s 2 [ofp_packet_out: actions=(u'output(2)',), data={u'class': u'lldp'}, in_port=65535][1;m
[1;42m[1;37mNo correctness violations![1;m
[1;36m[1;44m04:27.375 03:42.810 Successfully matched event ControlMessageReceive:i236 c c2 -> s 2 [ofp_packet_out: actions=(u'output(1)',), data={u'class': u'lldp'}, in_port=65535][1;m
[1;36m[1;44m04:27.376 03:42.811 Successfully matched event ControlMessageReceive:i237 c c2 -> s 2 [ofp_packet_out: actions=(u'output(2)',), data={u'dl_type': 35138}, in_port=65535][1;m
[1;36mForwarding dataplane event[1;m
[1;36m[1;44m04:27.377 03:42.812 Successfully matched event ControlMessageReceive:i238 c c2 -> s 2 [ofp_packet_out: actions=(u'output(1)',), data={u'dl_type': 35138}, in_port=65535][1;m
[1;36mForwarding dataplane event[1;m
[1;36m[1;44m04:27.378 03:42.812 Successfully matched event ControlMessageSend:i239 c 1 -> s c1 [ofp_packet_in: data={u'dl_type': 35138}, in_port=1][1;m
[1;36m[1;44m04:27.378 03:42.812 Successfully matched event ControlMessageSend:i240 c 1 -> s c1 [ofp_packet_in: data={u'class': u'lldp'}, in_port=1][1;m
[1;42m[1;37mNo correctness violations![1;m
[1;35m[1;41m04:28.711 03:42.812 Event timed out ControlMessageSend:i241 c 1 -> s c1 [ofp_features_reply: datapath_id=1][1;m
[1;36m[1;44m04:31.719 03:45.816 Successfully matched event DataplanePermit:i242[1;m
[1;36m[1;36mRound 47[1;37m[1;m
[1;36m[1;44m04:31.720 03:45.817 Successfully matched event DataplanePermit:i243[1;m
[1;36m[1;44m04:31.720 03:45.818 Successfully matched event DataplanePermit:i244[1;m
[1;36m[1;44m04:31.721 03:45.819 Successfully matched event DataplanePermit:i245[1;m
[1;42m[1;37mNo correctness violations![1;m
[1;36mForwarding dataplane event[1;m
[1;36mForwarding dataplane event[1;m
[1;35m[1;41m04:33.043 03:45.820 Event timed out ControlMessageReceive:i246 c c1 -> s 1 [ofp_set_config: ][1;m
[1;35m[1;41m04:33.645 03:45.821 Event timed out ControlMessageReceive:i247 c c1 -> s 1 [ofp_get_config_request: ][1;m
[1;35m[1;41m04:34.247 03:45.822 Event timed out ControlMessageReceive:i248 c c1 -> s 1 [ofp_stats_request: flags=0, type=0][1;m
[1;36m[1;44m04:34.247 03:45.824 Successfully matched event ControlMessageReceive:i249 c c2 -> s 2 [ofp_packet_out: actions=(u'output(2)',), data={u'class': u'lldp'}, in_port=65535][1;m
[1;36m[1;44m04:34.248 03:45.825 Successfully matched event ControlMessageReceive:i250 c c2 -> s 2 [ofp_packet_out: actions=(u'output(1)',), data={u'class': u'lldp'}, in_port=65535][1;m
[1;42m[1;37mNo correctness violations![1;m
[1;36m[1;44m04:34.911 03:45.825 Successfully matched event ControlMessageReceive:i251 c c2 -> s 2 [ofp_packet_out: actions=(u'output(2)',), data={u'dl_type': 35138}, in_port=65535][1;m
[1;36mForwarding dataplane event[1;m
[1;36m[1;44m04:34.912 03:45.826 Successfully matched event ControlMessageReceive:i252 c c2 -> s 2 [ofp_packet_out: actions=(u'output(1)',), data={u'dl_type': 35138}, in_port=65535][1;m
[1;36mForwarding dataplane event[1;m
[1;36m[1;44m04:34.912 03:45.826 Successfully matched event ControlMessageSend:i253 c 1 -> s c1 [ofp_packet_in: data={u'dl_type': 35138}, in_port=1][1;m
[1;36m[1;44m04:34.913 03:45.826 Successfully matched event ControlMessageSend:i254 c 1 -> s c1 [ofp_packet_in: data={u'class': u'lldp'}, in_port=1][1;m
[1;35m[1;41m04:35.514 03:45.826 Event timed out ControlMessageSend:i255 c 1 -> s c1 [ofp_get_config_reply: ][1;m
[1;42m[1;37mNo correctness violations![1;m
[1;36mForwarding dataplane event[1;m
[1;36mForwarding dataplane event[1;m
[1;35m[1;41m04:37.117 03:45.827 Event timed out ControlMessageSend:i256 c 1 -> s c1 [ofp_stats_reply: flags=0, type=0][1;m
[1;36m[1;44m04:40.123 03:48.829 Successfully matched event DataplanePermit:i257[1;m
[1;36m[1;36mRound 48[1;37m[1;m
[1;36m[1;44m04:40.124 03:48.830 Successfully matched event DataplanePermit:i258[1;m
[1;36m[1;44m04:40.124 03:48.831 Successfully matched event DataplanePermit:i259[1;m
[1;36m[1;44m04:40.124 03:48.832 Successfully matched event DataplanePermit:i260[1;m
[1;42m[1;37mNo correctness violations![1;m
[1;35m[1;41m04:41.764 03:48.833 Event timed out ControlMessageReceive:i261 c c1 -> s 1 [ofp_vendor: ][1;m
[1;36m[1;44m04:41.765 03:48.834 Successfully matched event ControlMessageReceive:i262 c c2 -> s 2 [ofp_packet_out: actions=(u'output(2)',), data={u'class': u'lldp'}, in_port=65535][1;m
[1;36m[1;44m04:41.766 03:48.835 Successfully matched event ControlMessageReceive:i263 c c2 -> s 2 [ofp_packet_out: actions=(u'output(1)',), data={u'class': u'lldp'}, in_port=65535][1;m
[1;36m[1;44m04:41.768 03:48.835 Successfully matched event ControlMessageReceive:i264 c c2 -> s 2 [ofp_packet_out: actions=(u'output(2)',), data={u'dl_type': 35138}, in_port=65535][1;m
[1;36mForwarding dataplane event[1;m
[1;36m[1;44m04:41.769 03:48.836 Successfully matched event ControlMessageReceive:i265 c c2 -> s 2 [ofp_packet_out: actions=(u'output(1)',), data={u'dl_type': 35138}, in_port=65535][1;m
[1;36mForwarding dataplane event[1;m
[1;42m[1;37mNo correctness violations![1;m
[1;36m[1;44m04:42.839 03:48.836 Successfully matched event ControlMessageSend:i266 c 1 -> s c1 [ofp_packet_in: data={u'dl_type': 35138}, in_port=1][1;m
[1;36m[1;44m04:42.839 03:48.836 Successfully matched event ControlMessageSend:i267 c 1 -> s c1 [ofp_packet_in: data={u'class': u'lldp'}, in_port=1][1;m
[1;35m[1;41m04:43.440 03:48.836 Event timed out ControlMessageSend:i268 c 1 -> s c1 [ofp_vendor: ][1;m
[1;36m[1;44m04:46.445 03:51.840 Successfully matched event DataplanePermit:i269[1;m
[1;36m[1;36mRound 49[1;37m[1;m
[1;36m[1;44m04:46.446 03:51.842 Successfully matched event DataplanePermit:i270[1;m
[1;42m[1;37mNo correctness violations![1;m
[1;36m[1;44m04:47.362 03:51.843 Successfully matched event DataplanePermit:i271[1;m
[1;36m[1;44m04:47.362 03:51.844 Successfully matched event DataplanePermit:i272[1;m
[1;36mForwarding dataplane event[1;m
[1;36mForwarding dataplane event[1;m
[1;35m[1;41m04:47.965 03:51.845 Event timed out ControlMessageReceive:i273 c c1 -> s 1 [ofp_vendor: ][1;m
[1;36m[1;44m04:47.966 03:51.845 Successfully matched event ControlMessageSend:i274 c 1 -> s c1 [ofp_packet_in: data={u'dl_type': 35138}, in_port=1][1;m
[1;36m[1;44m04:47.967 03:51.846 Successfully matched event ControlMessageSend:i275 c 1 -> s c1 [ofp_packet_in: data={u'class': u'lldp'}, in_port=1][1;m
[1;42m[1;37mNo correctness violations![1;m
[1;35m[1;41m04:49.424 03:51.847 Event timed out ControlMessageSend:i276 c 1 -> s c1 [ofp_vendor: ][1;m
[1;36mForwarding dataplane event[1;m
[1;36mForwarding dataplane event[1;m
[1;35m[1;41m04:53.054 03:54.851 Event timed out ControlMessageReceive:i277 c c1 -> s 1 [ofp_stats_request: flags=0, type=1][1;m
[1;36m[1;36mRound 50[1;37m[1;m
[1;35m[1;41m04:53.656 03:54.852 Event timed out ControlMessageSend:i278 c 1 -> s c1 [ofp_stats_reply: flags=0, type=0][1;m
[1;36m[1;44m04:57.381 03:58.573 Successfully matched event ControlMessageReceive:i280 c c1 -> s 1 [ofp_packet_out: actions=(u'output(2)',), data={u'class': u'lldp'}, in_port=65535][1;m
[1;36m[1;36mRound 51[1;37m[1;m
[1;36m[1;44m04:57.383 03:58.575 Successfully matched event ControlMessageReceive:i281 c c1 -> s 1 [ofp_packet_out: actions=(u'output(1)',), data={u'class': u'lldp'}, in_port=65535][1;m
[1;42m[1;37mNo correctness violations![1;m
[1;36m[1;44m05:00.390 04:01.579 Successfully matched event DataplanePermit:i282[1;m
[1;36m[1;36mRound 52[1;37m[1;m
[1;36m[1;44m05:00.391 04:01.580 Successfully matched event DataplanePermit:i283[1;m
[1;36m[1;44m05:00.391 04:01.580 Successfully matched event ControlMessageReceive:i284 c c2 -> s 2 [ofp_echo_request: ][1;m
[1;36m[1;44m05:00.392 04:01.581 Successfully matched event ControlMessageSend:i285 c 2 -> s c2 [ofp_packet_in: data={u'class': u'lldp'}, in_port=1][1;m
[1;36m[1;44m05:00.393 04:01.581 Successfully matched event ControlMessageSend:i286 c 2 -> s c2 [ofp_echo_reply: ][1;m
[1;42m[1;37mNo correctness violations![1;m
[1;36mForwarding dataplane event[1;m
[1;36mForwarding dataplane event[1;m
[1;36m[1;44m05:03.397 04:04.583 Successfully matched event ControlMessageReceive:i287 c c1 -> s 1 [ofp_packet_out: actions=(u'output(2)',), data={u'class': u'lldp'}, in_port=65535][1;m
[1;36m[1;36mRound 53[1;37m[1;m
[1;36m[1;44m05:03.398 04:04.584 Successfully matched event ControlMessageReceive:i288 c c1 -> s 1 [ofp_packet_out: actions=(u'output(1)',), data={u'class': u'lldp'}, in_port=65535][1;m
[1;36m[1;44m05:03.400 04:04.585 Successfully matched event ControlMessageReceive:i289 c c1 -> s 1 [ofp_packet_out: actions=(u'output(2)',), data={u'dl_type': 35138}, in_port=65535][1;m
[1;36mForwarding dataplane event[1;m
[1;36m[1;44m05:03.402 04:04.586 Successfully matched event ControlMessageReceive:i290 c c1 -> s 1 [ofp_packet_out: actions=(u'output(1)',), data={u'dl_type': 35138}, in_port=65535][1;m
[1;36mForwarding dataplane event[1;m
[1;36m[1;44m05:03.404 04:04.587 Successfully matched event ControlMessageReceive:i291 c c2 -> s 2 [ofp_packet_out: actions=(u'output(2)',), data={u'class': u'lldp'}, in_port=65535][1;m
[1;42m[1;37mNo correctness violations![1;m
[1;36m[1;44m05:04.057 04:04.588 Successfully matched event ControlMessageReceive:i292 c c2 -> s 2 [ofp_packet_out: actions=(u'output(1)',), data={u'class': u'lldp'}, in_port=65535][1;m
[1;36m[1;44m05:04.058 04:04.589 Successfully matched event ControlMessageReceive:i293 c c2 -> s 2 [ofp_packet_out: actions=(u'output(2)',), data={u'dl_type': 35138}, in_port=65535][1;m
[1;36mForwarding dataplane event[1;m
[1;36m[1;44m05:04.059 04:04.590 Successfully matched event ControlMessageReceive:i294 c c2 -> s 2 [ofp_packet_out: actions=(u'output(1)',), data={u'dl_type': 35138}, in_port=65535][1;m
[1;36mForwarding dataplane event[1;m
[1;36mForwarding dataplane event[1;m
[1;36mForwarding dataplane event[1;m
[1;36m[1;44m05:07.064 04:07.594 Successfully matched event DataplanePermit:i295[1;m
[1;36m[1;36mRound 54[1;37m[1;m
[1;36m[1;44m05:07.065 04:07.595 Successfully matched event DataplanePermit:i296[1;m
[1;42m[1;37mNo correctness violations![1;m
[1;36m[1;44m05:07.897 04:07.596 Successfully matched event DataplanePermit:i297[1;m
[1;36m[1;44m05:07.897 04:07.596 Successfully matched event DataplanePermit:i298[1;m
[1;36m[1;44m05:07.898 04:07.597 Successfully matched event DataplanePermit:i299[1;m
[1;36m[1;44m05:07.898 04:07.597 Successfully matched event DataplanePermit:i300[1;m
[1;36m[1;44m05:07.898 04:07.597 Successfully matched event DataplanePermit:i301[1;m
[1;42m[1;37mNo correctness violations![1;m
[1;36m[1;44m05:08.583 04:07.598 Successfully matched event DataplanePermit:i302[1;m
[1;36m[1;44m05:08.584 04:07.598 Successfully matched event ControlMessageSend:i303 c 1 -> s c1 [ofp_packet_in: data={u'dl_type': 35138}, in_port=1][1;m
[1;36m[1;44m05:08.584 04:07.598 Successfully matched event ControlMessageSend:i304 c 1 -> s c1 [ofp_packet_in: data={u'class': u'lldp'}, in_port=1][1;m
[1;36m[1;44m05:08.584 04:07.599 Successfully matched event ControlMessageSend:i305 c 2 -> s c2 [ofp_packet_in: data={u'class': u'lldp'}, in_port=1][1;m
[1;36m[1;44m05:08.585 04:07.599 Successfully matched event ControlMessageSend:i306 c 2 -> s c2 [ofp_packet_in: data={u'dl_type': 35138}, in_port=1][1;m
[1;42m[1;37mNo correctness violations![1;m
[1;36m[1;36mRound 55[1;37m[1;m
[1;42m[1;37mNo correctness violations![1;m
[1;36m[1;44mEvent Stats: Events matched: 270, timed out: 20
Matches per event type:
  ConnectToControllers 1
  CheckInvariants 1
  TrafficInjection 2
  ControlMessageSend 62
		  ofp_packet_in : 47
		  ofp_hello : 2
		  ofp_get_config_reply : 2
		  ofp_features_reply : 2
		  ofp_stats_reply : 2
		  ofp_echo_reply : 3
		  ofp_vendor : 4
  DataplanePermit 97
  ControlMessageReceive 107
		  ofp_hello : 2
		  ofp_set_config : 2
		  ofp_packet_out : 90
		  ofp_echo_request : 3
		  ofp_stats_request : 2
		  ofp_features_request : 2
		  ofp_vendor : 4
		  ofp_get_config_request : 2
Timeouts per event type:
  ControlMessageReceive 8
		  ofp_hello : 1
		  ofp_set_config : 1
		  ofp_stats_request : 2
		  ofp_features_request : 1
		  ofp_vendor : 2
		  ofp_get_config_request : 1
  ControlMessageSend 12
		  ofp_packet_in : 5
		  ofp_hello : 1
		  ofp_get_config_reply : 1
		  ofp_features_reply : 1
		  ofp_stats_reply : 2
		  ofp_vendor : 2
[1;m
[1;36m[1;44mDataplaneDrop Stats: Expected drops (0), Actual drops (0)
Missed Drops (expected if TrafficInjections pruned):[1;m
