connect_socket_with_backoff ('10.192.5.226', 6633)
connect_socket_with_backoff ('10.192.5.227', 6633)
connect_socket_with_backoff ('10.192.5.226', 6633)
connect_socket_with_backoff ('10.192.5.227', 6633)
connect_socket_with_backoff ('10.192.5.226', 6633)
connect_socket_with_backoff ('10.192.5.227', 6633)
[1;36mBlocking connection [Con 5][1;m
[1;36mUnblocking connection [Con 5][1;m
[1;36minjecting a random packet[1;m
[1;36minjecting a random packet[1;m
[1;36mRound 1 completed.[1;m
[1;36mDropping dataplane event[1;m
[1;36mForwarding dataplane event[1;m
[1;36mBlocking connection [Con 6][1;m
[1;36mUnblocking connection [Con 6][1;m
[1;36minjecting a random packet[1;m
[1;36minjecting a random packet[1;m
[1;36mRound 2 completed.[1;m
[1;36mForwarding dataplane event[1;m
[1;36mDropping dataplane event[1;m
[1;36mRound 3 completed.[1;m
[1;36minjecting a random packet[1;m
[1;36minjecting a random packet[1;m
[1;36mRound 4 completed.[1;m
[1;36mForwarding dataplane event[1;m
[1;36mForwarding dataplane event[1;m
[1;36mBlocking connection [Con 3][1;m
[1;36mUnblocking connection [Con 3][1;m
[1;36minjecting a random packet[1;m
[1;37mNo correctness violations![1;m
[1;36mRound 5 completed.[1;m
[1;36mForwarding dataplane event[1;m
[1;36mBlocking connection [Con 1][1;m
[1;36mUnblocking connection [Con 1][1;m
[1;36minjecting a random packet[1;m
[1;36minjecting a random packet[1;m
[1;36mRound 6 completed.[1;m
[1;36mForwarding dataplane event[1;m
[1;36mForwarding dataplane event[1;m
[1;36mForwarding dataplane event[1;m
[1;36mForwarding dataplane event[1;m
[1;36mForwarding dataplane event[1;m
[1;36mForwarding dataplane event[1;m
[1;36mForwarding dataplane event[1;m
[1;36mForwarding dataplane event[1;m
[1;36mForwarding dataplane event[1;m
[1;36mForwarding dataplane event[1;m
[1;36mDropping dataplane event[1;m
[1;36mForwarding dataplane event[1;m
[1;36mForwarding dataplane event[1;m
[1;36mForwarding dataplane event[1;m
[1;36mForwarding dataplane event[1;m
[1;36mDropping dataplane event[1;m
[1;36mDropping dataplane event[1;m
[1;36mForwarding dataplane event[1;m
[1;36mDropping dataplane event[1;m
[1;36mForwarding dataplane event[1;m
[1;36mDropping dataplane event[1;m
[1;36mForwarding dataplane event[1;m
[1;36mBlocking connection [Con 3][1;m
[1;36mUnblocking connection [Con 3][1;m
[1;36minjecting a random packet[1;m
[1;36minjecting a random packet[1;m
[1;36mRound 7 completed.[1;m
[1;36mDropping dataplane event[1;m
[1;36mForwarding dataplane event[1;m
[1;36mDropping dataplane event[1;m
[1;36mDropping dataplane event[1;m
[1;36mBlocking connection [Con 6][1;m
[1;36mUnblocking connection [Con 6][1;m
[1;36minjecting a random packet[1;m
[1;36mRound 8 completed.[1;m
[1;36mDropping dataplane event[1;m
[1;36mForwarding dataplane event[1;m
[1;36mForwarding dataplane event[1;m
[1;36mForwarding dataplane event[1;m
[1;36mForwarding dataplane event[1;m
[1;36mForwarding dataplane event[1;m
[1;36mForwarding dataplane event[1;m
[1;36mForwarding dataplane event[1;m
[1;36mBlocking connection [Con 1][1;m
[1;36mUnblocking connection [Con 1][1;m
[1;36mCutting link (2:2) -> (1:2)[1;m
[1;36mRound 9 completed.[1;m
[1;36mDropping dataplane event[1;m
[1;36mForwarding dataplane event[1;m
[1;36minjecting a random packet[1;m
[1;37mNo correctness violations![1;m
[1;36mRound 10 completed.[1;m
[1;36mForwarding dataplane event[1;m
[1;36mDropping dataplane event[1;m
[1;36mForwarding dataplane event[1;m
[1;36mDropping dataplane event[1;m
[1;36mForwarding dataplane event[1;m
[1;36mRound 11 completed.[1;m
[1;36minjecting a random packet[1;m
[1;36mRound 12 completed.[1;m
[1;36mForwarding dataplane event[1;m
[1;36mDropping dataplane event[1;m
[1;36mDropping dataplane event[1;m
[1;36mForwarding dataplane event[1;m
[1;36mDropping dataplane event[1;m
[1;36mDropping dataplane event[1;m
[1;36mForwarding dataplane event[1;m
[1;36mCutting link (3:2) -> (1:1)[1;m
[1;36mRound 13 completed.[1;m
[1;36mDropping dataplane event[1;m
[1;36mRestoring link (3:2) -> (1:1)[1;m
[1;36mRestoring link (2:2) -> (1:2)[1;m
[1;36minjecting a random packet[1;m
[1;36mRound 14 completed.[1;m
[1;36mDropping dataplane event[1;m
[1;36mForwarding dataplane event[1;m
[1;36mBlocking connection [Con 6][1;m
[1;36mUnblocking connection [Con 6][1;m
[1;36mCrashing software_switch SoftwareSwitch(dpid=3, num_ports=3)[1;m
[1;36minjecting a random packet[1;m
[1;41m[1;37mThe following correctness violations have occurred: ['(300001, [200003, 200001])'][1;m
[1;36mRound 15 completed.[1;m
[1;36mForwarding dataplane event[1;m
[1;36mDropping dataplane event[1;m
[1;36mRound 16 completed.[1;m
[1;36mBlocking connection [Con 3][1;m
[1;36mUnblocking connection [Con 3][1;m
[1;36mRebooting software_switch SoftwareSwitch(dpid=3, num_ports=3)[1;m
connect_socket_with_backoff ('10.192.5.226', 6633)
connect_socket_with_backoff ('10.192.5.227', 6633)
[1;36minjecting a random packet[1;m
[1;36mRound 17 completed.[1;m
[1;36mForwarding dataplane event[1;m
[1;36mBlocking connection [Con 1][1;m
[1;36mBlocking connection [Con 7][1;m
[1;36mUnblocking connection [Con 1][1;m
[1;36mUnblocking connection [Con 7][1;m
[1;36mCutting link (1:1) -> (3:2)[1;m
[1;36minjecting a random packet[1;m
[1;36mRound 18 completed.[1;m
[1;36mForwarding dataplane event[1;m
[1;36mDropping dataplane event[1;m
Duration: 0 nsec: 676082134
[1;36minjecting a random packet[1;m
[1;36mRound 19 completed.[1;m
[1;36mDropping dataplane event[1;m
[1;36mBlocking connection [Con 7][1;m
[1;36mBlocking connection [Con 8][1;m
[1;36mUnblocking connection [Con 7][1;m
[1;36mUnblocking connection [Con 8][1;m
[1;36mRestoring link (1:1) -> (3:2)[1;m
[1;36minjecting a random packet[1;m
[1;42m[1;37mViolation (300001, [200003, 200001]) turns out to be transient![1;m
[1;37mNo correctness violations![1;m
[1;36mRound 20 completed.[1;m
[1;36mDropping dataplane event[1;m
[1;36mCrashing software_switch SoftwareSwitch(dpid=1, num_ports=3)[1;m
[1;36minjecting a random packet[1;m
[1;36mRound 21 completed.[1;m
[1;36mForwarding dataplane event[1;m
[1;36mBlocking connection [Con 8][1;m
[1;36mUnblocking connection [Con 8][1;m
[1;36minjecting a random packet[1;m
[1;36minjecting a random packet[1;m
[1;36mRound 22 completed.[1;m
[1;36mForwarding dataplane event[1;m
[1;36mForwarding dataplane event[1;m
[1;36mForwarding dataplane event[1;m
[1;36mRound 23 completed.[1;m
[1;36mDropping dataplane event[1;m
[1;36mForwarding dataplane event[1;m
[1;36mForwarding dataplane event[1;m
[1;36mForwarding dataplane event[1;m
[1;36mForwarding dataplane event[1;m
[1;36mDropping dataplane event[1;m
[1;36mForwarding dataplane event[1;m
[1;36mDropping dataplane event[1;m
[1;36mRebooting software_switch SoftwareSwitch(dpid=1, num_ports=3)[1;m
connect_socket_with_backoff ('10.192.5.226', 6633)
connect_socket_with_backoff ('10.192.5.227', 6633)
[1;36mRound 24 completed.[1;m
[1;36mForwarding dataplane event[1;m
[1;36mBlocking connection [Con 10][1;m
[1;36mUnblocking connection [Con 10][1;m
[1;36mCutting link (3:2) -> (1:1)[1;m
[1;36minjecting a random packet[1;m
[1;36minjecting a random packet[1;m
[1;37mNo correctness violations![1;m
[1;36mRound 25 completed.[1;m
[1;36mForwarding dataplane event[1;m
[1;36mForwarding dataplane event[1;m
[1;36mForwarding dataplane event[1;m
[1;36mBlocking connection [Con 8][1;m
[1;36mUnblocking connection [Con 8][1;m
[1;36mRestoring link (3:2) -> (1:1)[1;m
[1;36mRound 26 completed.[1;m
[1;36mForwarding dataplane event[1;m
[1;36minjecting a random packet[1;m
[1;36minjecting a random packet[1;m
[1;36mRound 27 completed.[1;m
[1;36mForwarding dataplane event[1;m
[1;36mForwarding dataplane event[1;m
[1;36mForwarding dataplane event[1;m
[1;36mForwarding dataplane event[1;m
[1;36mForwarding dataplane event[1;m
[1;36mBlocking connection [Con 10][1;m
[1;36mBlocking connection [Con 7][1;m
[1;36mUnblocking connection [Con 10][1;m
[1;36mUnblocking connection [Con 7][1;m
[1;36mCutting link (3:1) -> (2:1)[1;m
[1;36minjecting a random packet[1;m
[1;36minjecting a random packet[1;m
[1;36minjecting a random packet[1;m
[1;36mRound 28 completed.[1;m
[1;36mDropping dataplane event[1;m
[1;36mDropping dataplane event[1;m
[1;36mForwarding dataplane event[1;m
[1;36mForwarding dataplane event[1;m
[1;36mBlocking connection [Con 3][1;m
[1;36mUnblocking connection [Con 3][1;m
[1;36mRound 29 completed.[1;m
[1;36mForwarding dataplane event[1;m
[1;36mForwarding dataplane event[1;m
[1;36mForwarding dataplane event[1;m
[1;36mRestoring link (3:1) -> (2:1)[1;m
[1;37mNo correctness violations![1;m
[1;36mRound 30 completed.[1;m
[1;36mDropping dataplane event[1;m
[1;36mDropping dataplane event[1;m
[1;36mDropping dataplane event[1;m
[1;36mForwarding dataplane event[1;m
[1;36mForwarding dataplane event[1;m
[1;36mForwarding dataplane event[1;m
[1;36mRound 31 completed.[1;m
[1;36mForwarding dataplane event[1;m
[1;36mForwarding dataplane event[1;m
[1;36mBlocking connection [Con 4][1;m
[1;36mUnblocking connection [Con 4][1;m
[1;36minjecting a random packet[1;m
[1;36minjecting a random packet[1;m
[1;36mRound 32 completed.[1;m
[1;36mForwarding dataplane event[1;m
[1;36mForwarding dataplane event[1;m
[1;36mForwarding dataplane event[1;m
[1;36mDropping dataplane event[1;m
[1;36minjecting a random packet[1;m
[1;36mRound 33 completed.[1;m
[1;36mForwarding dataplane event[1;m
[1;36mDropping dataplane event[1;m
[1;36mForwarding dataplane event[1;m
[1;36mForwarding dataplane event[1;m
[1;36mForwarding dataplane event[1;m
[1;36mRound 34 completed.[1;m
[1;36mForwarding dataplane event[1;m
[1;36mForwarding dataplane event[1;m
[1;36mBlocking connection [Con 7][1;m
[1;36mUnblocking connection [Con 7][1;m
Duration: 2 nsec: 983530998
[1;36mCutting link (2:1) -> (3:1)[1;m
[1;36minjecting a random packet[1;m
[1;36minjecting a random packet[1;m
[1;37mNo correctness violations![1;m
[1;36mRound 35 completed.[1;m
[1;36mDropping dataplane event[1;m
[1;36mForwarding dataplane event[1;m
[1;36mForwarding dataplane event[1;m
Duration: 2 nsec: 963747024
[1;36minjecting a random packet[1;m
[1;36mRound 36 completed.[1;m
[1;36mForwarding dataplane event[1;m
[1;36mForwarding dataplane event[1;m
[1;36minjecting a random packet[1;m
[1;36mRound 37 completed.[1;m
[1;36mForwarding dataplane event[1;m
[1;36mForwarding dataplane event[1;m
[1;36mForwarding dataplane event[1;m
[1;36mDropping dataplane event[1;m
[1;36mBlocking connection [Con 9][1;m
[1;36mUnblocking connection [Con 9][1;m
[1;36mRestoring link (2:1) -> (3:1)[1;m
[1;36mRound 38 completed.[1;m
[1;36mForwarding dataplane event[1;m
[1;36mForwarding dataplane event[1;m
[1;36minjecting a random packet[1;m
[1;36mRound 39 completed.[1;m
[1;36mForwarding dataplane event[1;m
[1;36mDropping dataplane event[1;m
[1;36minjecting a random packet[1;m
[1;41m[1;37mThe following correctness violations have occurred: ['(200002, [100003, 100002])'][1;m
[1;36mRound 40 completed.[1;m
[1;36mForwarding dataplane event[1;m
[1;36minjecting a random packet[1;m
[1;36minjecting a random packet[1;m
[1;36mRound 41 completed.[1;m
[1;36mForwarding dataplane event[1;m
[1;36mForwarding dataplane event[1;m
[1;36mForwarding dataplane event[1;m
[1;36mBlocking connection [Con 10][1;m
[1;36mUnblocking connection [Con 10][1;m
[1;36mRound 42 completed.[1;m
[1;36mForwarding dataplane event[1;m
[1;36mForwarding dataplane event[1;m
[1;36mRound 43 completed.[1;m
[1;36mForwarding dataplane event[1;m
[1;36mForwarding dataplane event[1;m
[1;36minjecting a random packet[1;m
[1;36mRound 44 completed.[1;m
[1;36mForwarding dataplane event[1;m
[1;36mForwarding dataplane event[1;m
[1;36minjecting a random packet[1;m
[1;41m[1;37mViolation encountered again after 5 steps: (200002, [100003, 100002])[1;m
[1;41m[1;37mThe following correctness violations have occurred: ['(200002, [100003, 100002])'][1;m
[1;36mRound 45 completed.[1;m
[1;36mForwarding dataplane event[1;m
[1;36mForwarding dataplane event[1;m
[1;36mBlocking connection [Con 9][1;m
[1;36mUnblocking connection [Con 9][1;m
[1;36mCutting link (1:1) -> (3:2)[1;m
[1;36mCutting link (2:1) -> (3:1)[1;m
[1;36minjecting a random packet[1;m
[1;36minjecting a random packet[1;m
[1;36minjecting a random packet[1;m
[1;36mRound 46 completed.[1;m
[1;36mForwarding dataplane event[1;m
[1;36mForwarding dataplane event[1;m
[1;36mForwarding dataplane event[1;m
[1;36mForwarding dataplane event[1;m
[1;36mRestoring link (2:1) -> (3:1)[1;m
[1;36mRestoring link (1:1) -> (3:2)[1;m
[1;36minjecting a random packet[1;m
[1;36mRound 47 completed.[1;m
[1;36mForwarding dataplane event[1;m
[1;36mForwarding dataplane event[1;m
[1;36mForwarding dataplane event[1;m
[1;36mDropping dataplane event[1;m
[1;36mCutting link (2:1) -> (3:1)[1;m
[1;36minjecting a random packet[1;m
[1;36minjecting a random packet[1;m
[1;36minjecting a random packet[1;m
[1;36mRound 48 completed.[1;m
[1;36mDropping dataplane event[1;m
[1;36mDropping dataplane event[1;m
[1;36mForwarding dataplane event[1;m
[1;36mForwarding dataplane event[1;m
[1;36mForwarding dataplane event[1;m
[1;36mForwarding dataplane event[1;m
[1;36mBlocking connection [Con 7][1;m
[1;36mUnblocking connection [Con 7][1;m
Duration: 0 nsec: 1041173
[1;36mRestoring link (2:1) -> (3:1)[1;m
[1;36minjecting a random packet[1;m
[1;36minjecting a random packet[1;m
[1;36mRound 49 completed.[1;m
[1;36mDropping dataplane event[1;m
[1;36mForwarding dataplane event[1;m
[1;36mForwarding dataplane event[1;m
[1;36mForwarding dataplane event[1;m
[1;36mForwarding dataplane event[1;m
[1;36mForwarding dataplane event[1;m
[1;36mBlocking connection [Con 10][1;m
[1;36mUnblocking connection [Con 10][1;m
[1;41m[1;37mViolation encountered again after 10 steps: (200002, [100003, 100002])[1;m
[1;41m[1;37mThe following correctness violations have occurred: ['(200002, [100003, 100002])'][1;m
[1;36mRound 50 completed.[1;m
[1;36mForwarding dataplane event[1;m
[1;36mForwarding dataplane event[1;m
[1;36mForwarding dataplane event[1;m
[1;36mForwarding dataplane event[1;m
[1;36mBlocking connection [Con 8][1;m
[1;36mUnblocking connection [Con 8][1;m
[1;36minjecting a random packet[1;m
[1;36mRound 51 completed.[1;m
[1;36mForwarding dataplane event[1;m
[1;36mForwarding dataplane event[1;m
[1;36mRound 52 completed.[1;m
[1;36mForwarding dataplane event[1;m
[1;36minjecting a random packet[1;m
[1;36mRound 53 completed.[1;m
[1;36mForwarding dataplane event[1;m
[1;36mDropping dataplane event[1;m
[1;36mBlocking connection [Con 9][1;m
[1;36mUnblocking connection [Con 9][1;m
[1;36mCutting link (3:1) -> (2:1)[1;m
[1;36mRound 54 completed.[1;m
[1;36minjecting a random packet[1;m
[1;41m[1;37mViolation encountered again after 15 steps: (200002, [100003, 100002])[1;m
[1;41m[1;37mThe following correctness violations have occurred: ['(200002, [100003, 100002])'][1;m
[1;36mRound 55 completed.[1;m
[1;36mDropping dataplane event[1;m
[1;36mRestoring link (3:1) -> (2:1)[1;m
[1;36minjecting a random packet[1;m
[1;36mRound 56 completed.[1;m
[1;36mForwarding dataplane event[1;m
[1;36mBlocking connection [Con 9][1;m
[1;36mUnblocking connection [Con 9][1;m
[1;36mRound 57 completed.[1;m
[1;36mForwarding dataplane event[1;m
[1;36minjecting a random packet[1;m
[1;36mRound 58 completed.[1;m
[1;36mDropping dataplane event[1;m
[1;36mForwarding dataplane event[1;m
[1;36mBlocking connection [Con 4][1;m
[1;36mUnblocking connection [Con 4][1;m
[1;36minjecting a random packet[1;m
[1;36mRound 59 completed.[1;m
[1;36mForwarding dataplane event[1;m
[1;36mDropping dataplane event[1;m
[1;36mBlocking connection [Con 9][1;m
[1;36mUnblocking connection [Con 9][1;m
[1;36mCutting link (2:2) -> (1:2)[1;m
[1;36minjecting a random packet[1;m
[1;41m[1;37mViolation encountered again after 20 steps: (200002, [100003, 100002])[1;m
[1;41m[1;37mThe following correctness violations have occurred: ['(200002, [100003, 100002])'][1;m
[1;36mRound 60 completed.[1;m
[1;36mForwarding dataplane event[1;m
[1;36mDropping dataplane event[1;m
[1;36mCutting link (3:1) -> (2:1)[1;m
[1;36mRestoring link (2:2) -> (1:2)[1;m
[1;36mRound 61 completed.[1;m
[1;36mDropping dataplane event[1;m
[1;36mRestoring link (3:1) -> (2:1)[1;m
[1;36minjecting a random packet[1;m
[1;36minjecting a random packet[1;m
[1;36mRound 62 completed.[1;m
[1;36mForwarding dataplane event[1;m
[1;36mForwarding dataplane event[1;m
[1;36minjecting a random packet[1;m
[1;36mRound 63 completed.[1;m
[1;36mForwarding dataplane event[1;m
[1;36mForwarding dataplane event[1;m
[1;36mForwarding dataplane event[1;m
[1;36mBlocking connection [Con 4][1;m
[1;36mUnblocking connection [Con 4][1;m
[1;36mRound 64 completed.[1;m
[1;36mForwarding dataplane event[1;m
[1;36mForwarding dataplane event[1;m
Duration: 2 nsec: 756800174
Duration: 3 nsec: 498553991
Duration: 2 nsec: 235370874
[1;41m[1;37mViolation encountered again after 25 steps: (200002, [100003, 100002])[1;m
[1;41m[1;37mThe following correctness violations have occurred: ['(200002, [100003, 100002])'][1;m
[1;36mRound 65 completed.[1;m
[1;36mForwarding dataplane event[1;m
[1;36mDropping dataplane event[1;m
[1;36mForwarding dataplane event[1;m
[1;36mForwarding dataplane event[1;m
[1;36mForwarding dataplane event[1;m
[1;36mBlocking connection [Con 4][1;m
[1;36mUnblocking connection [Con 4][1;m
[1;36minjecting a random packet[1;m
[1;36mRound 66 completed.[1;m
[1;36mForwarding dataplane event[1;m
[1;36minjecting a random packet[1;m
[1;36mRound 67 completed.[1;m
[1;36mForwarding dataplane event[1;m
[1;36mForwarding dataplane event[1;m
[1;36mForwarding dataplane event[1;m
[1;36mForwarding dataplane event[1;m
[1;36mForwarding dataplane event[1;m
[1;36mForwarding dataplane event[1;m
[1;36mBlocking connection [Con 9][1;m
[1;36mUnblocking connection [Con 9][1;m
[1;36minjecting a random packet[1;m
[1;36mRound 68 completed.[1;m
[1;36mForwarding dataplane event[1;m
[1;36mForwarding dataplane event[1;m
[1;36mForwarding dataplane event[1;m
[1;36minjecting a random packet[1;m
[1;36minjecting a random packet[1;m
[1;36mRound 69 completed.[1;m
[1;36mDropping dataplane event[1;m
[1;36mForwarding dataplane event[1;m
[1;36mForwarding dataplane event[1;m
[1;36mForwarding dataplane event[1;m
[1;36mForwarding dataplane event[1;m
[1;36mForwarding dataplane event[1;m
[1;36mForwarding dataplane event[1;m
[1;36minjecting a random packet[1;m
[1;41m[1;37mViolation encountered again after 30 steps: (200002, [100003, 100002])[1;m
[1;41m[1;37mThe following correctness violations have occurred: ['(200002, [100003, 100002])'][1;m
[1;36mRound 70 completed.[1;m
[1;36mForwarding dataplane event[1;m
[1;36mForwarding dataplane event[1;m
[1;36mForwarding dataplane event[1;m
[1;36mForwarding dataplane event[1;m
[1;36minjecting a random packet[1;m
[1;36mRound 71 completed.[1;m
[1;36mForwarding dataplane event[1;m
[1;36mDropping dataplane event[1;m
[1;36mForwarding dataplane event[1;m
[1;36mForwarding dataplane event[1;m
[1;36mForwarding dataplane event[1;m
[1;36mBlocking connection [Con 10][1;m
[1;36mUnblocking connection [Con 10][1;m
[1;36minjecting a random packet[1;m
[1;36minjecting a random packet[1;m
[1;36mRound 72 completed.[1;m
[1;36mDropping dataplane event[1;m
[1;36mForwarding dataplane event[1;m
[1;36mDropping dataplane event[1;m
[1;36mForwarding dataplane event[1;m
[1;36minjecting a random packet[1;m
[1;36minjecting a random packet[1;m
[1;36mRound 73 completed.[1;m
[1;36mDropping dataplane event[1;m
[1;36mDropping dataplane event[1;m
[1;36mDropping dataplane event[1;m
[1;36mForwarding dataplane event[1;m
[1;36mBlocking connection [Con 8][1;m
[1;36mUnblocking connection [Con 8][1;m
[1;36mRound 74 completed.[1;m
[1;36mForwarding dataplane event[1;m
[1;36minjecting a random packet[1;m
[1;41m[1;37mViolation encountered again after 35 steps: (200002, [100003, 100002])[1;m
[1;41m[1;37mThe following correctness violations have occurred: ['(200002, [100003, 100002])'][1;m
[1;36mRound 75 completed.[1;m
[1;36mForwarding dataplane event[1;m
[1;36mDropping dataplane event[1;m
[1;36mBlocking connection [Con 3][1;m
[1;36mUnblocking connection [Con 3][1;m
[1;36minjecting a random packet[1;m
[1;36minjecting a random packet[1;m
[1;36mRound 76 completed.[1;m
[1;36mForwarding dataplane event[1;m
[1;36mForwarding dataplane event[1;m
[1;36mForwarding dataplane event[1;m
[1;36mBlocking connection [Con 8][1;m
[1;36mUnblocking connection [Con 8][1;m
[1;36minjecting a random packet[1;m
[1;36mRound 77 completed.[1;m
[1;36mForwarding dataplane event[1;m
[1;36mForwarding dataplane event[1;m
[1;36mForwarding dataplane event[1;m
[1;36mDropping dataplane event[1;m
[1;36mRound 78 completed.[1;m
[1;36mForwarding dataplane event[1;m
[1;36mForwarding dataplane event[1;m
[1;36mBlocking connection [Con 8][1;m
[1;36mUnblocking connection [Con 8][1;m
[1;36mRound 79 completed.[1;m
[1;36mForwarding dataplane event[1;m
[1;41m[1;37mViolation encountered again after 40 steps: (200002, [100003, 100002])[1;m
[1;41m[1;37mThe following correctness violations have occurred: ['(200002, [100003, 100002])'][1;m
[1;36mRound 80 completed.[1;m
[1;36minjecting a random packet[1;m
[1;36mRound 81 completed.[1;m
[1;36mForwarding dataplane event[1;m
[1;36mBlocking connection [Con 4][1;m
[1;36mUnblocking connection [Con 4][1;m
[1;36minjecting a random packet[1;m
[1;36mRound 82 completed.[1;m
[1;36mForwarding dataplane event[1;m
[1;36mForwarding dataplane event[1;m
[1;36mBlocking connection [Con 4][1;m
[1;36mUnblocking connection [Con 4][1;m
[1;36minjecting a random packet[1;m
[1;36mRound 83 completed.[1;m
[1;36mForwarding dataplane event[1;m
[1;36mDropping dataplane event[1;m
[1;36mForwarding dataplane event[1;m
[1;36minjecting a random packet[1;m
[1;36minjecting a random packet[1;m
[1;36mRound 84 completed.[1;m
[1;36mForwarding dataplane event[1;m
[1;36mForwarding dataplane event[1;m
[1;36mForwarding dataplane event[1;m
[1;36mBlocking connection [Con 9][1;m
[1;36mBlocking connection [Con 8][1;m
[1;36mUnblocking connection [Con 9][1;m
[1;36mUnblocking connection [Con 8][1;m
[1;36minjecting a random packet[1;m
[1;41m[1;37mViolation encountered again after 45 steps: (200002, [100003, 100002])[1;m
[1;41m[1;37mThe following correctness violations have occurred: ['(200002, [100003, 100002])'][1;m
[1;36mRound 85 completed.[1;m
[1;36mDropping dataplane event[1;m
[1;36mForwarding dataplane event[1;m
[1;36mDropping dataplane event[1;m
[1;36mForwarding dataplane event[1;m
[1;36minjecting a random packet[1;m
[1;36mRound 86 completed.[1;m
[1;36mDropping dataplane event[1;m
[1;36mForwarding dataplane event[1;m
[1;36mForwarding dataplane event[1;m
[1;36minjecting a random packet[1;m
[1;36minjecting a random packet[1;m
[1;36mRound 87 completed.[1;m
[1;36mDropping dataplane event[1;m
[1;36mForwarding dataplane event[1;m
[1;36minjecting a random packet[1;m
[1;36minjecting a random packet[1;m
[1;36mRound 88 completed.[1;m
[1;36mDropping dataplane event[1;m
[1;36mForwarding dataplane event[1;m
[1;36mForwarding dataplane event[1;m
[1;36mBlocking connection [Con 3][1;m
[1;36mBlocking connection [Con 7][1;m
[1;36mUnblocking connection [Con 3][1;m
[1;36mUnblocking connection [Con 7][1;m
[1;36minjecting a random packet[1;m
[1;36mRound 89 completed.[1;m
[1;36mDropping dataplane event[1;m
[1;36mForwarding dataplane event[1;m
[1;36mBlocking connection [Con 8][1;m
[1;36mUnblocking connection [Con 8][1;m
[1;36minjecting a random packet[1;m
[1;36minjecting a random packet[1;m
[1;41m[1;37mViolation encountered again after 50 steps: (200002, [100003, 100002])[1;m
[1;41m[1;37mThe following correctness violations have occurred: ['(200002, [100003, 100002])'][1;m
[1;36mRound 90 completed.[1;m
[1;36mForwarding dataplane event[1;m
[1;36mForwarding dataplane event[1;m
[1;36mForwarding dataplane event[1;m
[1;36minjecting a random packet[1;m
[1;36mRound 91 completed.[1;m
[1;36mForwarding dataplane event[1;m
[1;36mForwarding dataplane event[1;m
[1;36mForwarding dataplane event[1;m
[1;36mBlocking connection [Con 7][1;m
[1;36mUnblocking connection [Con 7][1;m
[1;36mCrashing software_switch SoftwareSwitch(dpid=3, num_ports=3)[1;m
[1;36minjecting a random packet[1;m
[1;36mRound 92 completed.[1;m
[1;36mDropping dataplane event[1;m
[1;36mDropping dataplane event[1;m
[1;36mForwarding dataplane event[1;m
[1;36mForwarding dataplane event[1;m
[1;36mBlocking connection [Con 9][1;m
[1;36mUnblocking connection [Con 9][1;m
[1;36minjecting a random packet[1;m
[1;36mRound 93 completed.[1;m
[1;36mForwarding dataplane event[1;m
[1;36mBlocking connection [Con 10][1;m
[1;36mUnblocking connection [Con 10][1;m
[1;36mRound 94 completed.[1;m
[1;36mForwarding dataplane event[1;m
[1;36mBlocking connection [Con 10][1;m
[1;36mUnblocking connection [Con 10][1;m
[1;41m[1;37mViolation encountered again after 55 steps: (200002, [100003, 100002])[1;m
[1;41m[1;37mThe following correctness violations have occurred: ['(300001, [200003, 200001])', '(200002, [100003, 100002])'][1;m
[1;36mRound 95 completed.[1;m
[1;36mForwarding dataplane event[1;m
[1;36mRound 96 completed.[1;m
[1;36mRebooting software_switch SoftwareSwitch(dpid=3, num_ports=3)[1;m
connect_socket_with_backoff ('10.192.5.226', 6633)
connect_socket_with_backoff ('10.192.5.227', 6633)
[1;36minjecting a random packet[1;m
[1;36mRound 97 completed.[1;m
[1;36mDropping dataplane event[1;m
[1;36minjecting a random packet[1;m
[1;36minjecting a random packet[1;m
[1;36mRound 98 completed.[1;m
[1;36mDropping dataplane event[1;m
[1;36mDropping dataplane event[1;m
[1;36mCutting link (1:2) -> (2:2)[1;m
[1;36minjecting a random packet[1;m
[1;36mRound 99 completed.[1;m
[1;36mForwarding dataplane event[1;m
[1;36mBlocking connection [Con 3][1;m
[1;36mUnblocking connection [Con 3][1;m
[1;36mRestoring link (1:2) -> (2:2)[1;m
[1;42m[1;37mViolation (300001, [200003, 200001]) turns out to be transient![1;m
[1;41m[1;37mViolation encountered again after 60 steps: (200002, [100003, 100002])[1;m
[1;41m[1;37mThe following correctness violations have occurred: ['(200002, [100003, 100002])'][1;m
[1;36mRound 100 completed.[1;m
[1;36mDropping dataplane event[1;m
[1;36minjecting a random packet[1;m
[1;36mRound 101 completed.[1;m
[1;36mDropping dataplane event[1;m
[1;36mBlocking connection [Con 9][1;m
[1;36mBlocking connection [Con 4][1;m
[1;36mUnblocking connection [Con 9][1;m
[1;36mUnblocking connection [Con 4][1;m
[1;36mRound 102 completed.[1;m
[1;36mForwarding dataplane event[1;m
[1;36mForwarding dataplane event[1;m
[1;36mForwarding dataplane event[1;m
[1;36mForwarding dataplane event[1;m
[1;36mForwarding dataplane event[1;m
[1;36mDropping dataplane event[1;m
[1;36mDropping dataplane event[1;m
[1;36mForwarding dataplane event[1;m
[1;36mForwarding dataplane event[1;m
[1;36mForwarding dataplane event[1;m
[1;36mForwarding dataplane event[1;m
[1;36mForwarding dataplane event[1;m
[1;36mBlocking connection [Con 4][1;m
[1;36mUnblocking connection [Con 4][1;m
[1;36minjecting a random packet[1;m
[1;36minjecting a random packet[1;m
[1;36mRound 103 completed.[1;m
[1;36mForwarding dataplane event[1;m
[1;36mForwarding dataplane event[1;m
[1;36mForwarding dataplane event[1;m
[1;36mForwarding dataplane event[1;m
[1;36mForwarding dataplane event[1;m
[1;36mForwarding dataplane event[1;m
[1;36mForwarding dataplane event[1;m
[1;36mForwarding dataplane event[1;m
[1;36minjecting a random packet[1;m
[1;36minjecting a random packet[1;m
[1;36mRound 104 completed.[1;m
[1;36mDropping dataplane event[1;m
[1;36mForwarding dataplane event[1;m
[1;36mForwarding dataplane event[1;m
[1;36mForwarding dataplane event[1;m
[1;36mForwarding dataplane event[1;m
[1;36mForwarding dataplane event[1;m
[1;36mBlocking connection [Con 10][1;m
[1;36mUnblocking connection [Con 10][1;m
[1;41m[1;37mViolation encountered again after 65 steps: (200002, [100003, 100002])[1;m
[1;41m[1;37mThe following correctness violations have occurred: ['(200002, [100003, 100002])'][1;m
[1;36mRound 105 completed.[1;m
[1;36mForwarding dataplane event[1;m
[1;36mDropping dataplane event[1;m
[1;36mForwarding dataplane event[1;m
[1;36mBlocking connection [Con 11][1;m
[1;36mUnblocking connection [Con 11][1;m
[1;36mCutting link (3:2) -> (1:1)[1;m
[1;36mRound 106 completed.[1;m
[1;36mForwarding dataplane event[1;m
[1;36mRound 107 completed.[1;m
[1;36mBlocking connection [Con 9][1;m
[1;36mBlocking connection [Con 4][1;m
[1;36mUnblocking connection [Con 9][1;m
[1;36mUnblocking connection [Con 4][1;m
[1;36mRestoring link (3:2) -> (1:1)[1;m
[1;36minjecting a random packet[1;m
[1;36mRound 108 completed.[1;m
[1;36mDropping dataplane event[1;m
[1;36mBlocking connection [Con 4][1;m
[1;36mUnblocking connection [Con 4][1;m
[1;36minjecting a random packet[1;m
[1;36mRound 109 completed.[1;m
[1;36mForwarding dataplane event[1;m
[1;36minjecting a random packet[1;m
[1;41m[1;37mViolation encountered again after 70 steps: (200002, [100003, 100002])[1;m
[1;41m[1;37mThe following correctness violations have occurred: ['(200002, [100003, 100002])'][1;m
[1;36mRound 110 completed.[1;m
[1;36mForwarding dataplane event[1;m
[1;36mForwarding dataplane event[1;m
[1;36mBlocking connection [Con 3][1;m
[1;36mBlocking connection [Con 4][1;m
[1;36mUnblocking connection [Con 3][1;m
[1;36mUnblocking connection [Con 4][1;m
Duration: 8 nsec: 83305120
[1;36minjecting a random packet[1;m
[1;36minjecting a random packet[1;m
[1;36mRound 111 completed.[1;m
[1;36mDropping dataplane event[1;m
[1;36mForwarding dataplane event[1;m
[1;36mForwarding dataplane event[1;m
[1;36mForwarding dataplane event[1;m
[1;36mBlocking connection [Con 10][1;m
[1;36mBlocking connection [Con 11][1;m
[1;36mUnblocking connection [Con 10][1;m
[1;36mUnblocking connection [Con 11][1;m
[1;36mCutting link (3:1) -> (2:1)[1;m
[1;36minjecting a random packet[1;m
[1;36mRound 112 completed.[1;m
[1;36mForwarding dataplane event[1;m
[1;36mForwarding dataplane event[1;m
[1;36mForwarding dataplane event[1;m
[1;36mBlocking connection [Con 10][1;m
[1;36mBlocking connection [Con 4][1;m
[1;36mUnblocking connection [Con 10][1;m
[1;36mUnblocking connection [Con 4][1;m
[1;36minjecting a random packet[1;m
[1;36minjecting a random packet[1;m
[1;36mRound 113 completed.[1;m
[1;36mForwarding dataplane event[1;m
[1;36mForwarding dataplane event[1;m
[1;36mForwarding dataplane event[1;m
[1;36mForwarding dataplane event[1;m
[1;36mRestoring link (3:1) -> (2:1)[1;m
[1;36minjecting a random packet[1;m
[1;36mRound 114 completed.[1;m
[1;36mDropping dataplane event[1;m
[1;36mDropping dataplane event[1;m
[1;36mForwarding dataplane event[1;m
Duration: 13 nsec: 91839075
Duration: 13 nsec: 314557790
[1;36minjecting a random packet[1;m
[1;36minjecting a random packet[1;m
[1;41m[1;37mViolation encountered again after 75 steps: (200002, [100003, 100002])[1;m
[1;41m[1;37mThe following correctness violations have occurred: ['(200002, [100003, 100002])'][1;m
[1;36mRound 115 completed.[1;m
[1;36mForwarding dataplane event[1;m
[1;36mDropping dataplane event[1;m
[1;36mForwarding dataplane event[1;m
[1;36minjecting a random packet[1;m
[1;36minjecting a random packet[1;m
[1;36mRound 116 completed.[1;m
[1;36mDropping dataplane event[1;m
[1;36mForwarding dataplane event[1;m
[1;36mForwarding dataplane event[1;m
[1;36mBlocking connection [Con 4][1;m
[1;36mUnblocking connection [Con 4][1;m
[1;36mRound 117 completed.[1;m
[1;36mDropping dataplane event[1;m
[1;36minjecting a random packet[1;m
[1;36minjecting a random packet[1;m
[1;36mRound 118 completed.[1;m
[1;36mDropping dataplane event[1;m
[1;36mForwarding dataplane event[1;m
[1;36minjecting a random packet[1;m
[1;36mRound 119 completed.[1;m
[1;36mForwarding dataplane event[1;m
[1;36mDropping dataplane event[1;m
[1;36mBlocking connection [Con 4][1;m
[1;36mBlocking connection [Con 11][1;m
[1;36mUnblocking connection [Con 4][1;m
[1;36mUnblocking connection [Con 11][1;m
[1;36mCrashing software_switch SoftwareSwitch(dpid=2, num_ports=3)[1;m
[1;41m[1;37mViolation encountered again after 80 steps: (200002, [100003, 100002])[1;m
[1;41m[1;37mThe following correctness violations have occurred: ['(200001, [300003, 300001])', '(200002, [100003, 100002])'][1;m
[1;36mRound 120 completed.[1;m
[1;36mDropping dataplane event[1;m
[1;36mRound 121 completed.[1;m
Duration: 10 nsec: 951032876
Duration: 9 nsec: 687939882
[1;36mCrashing software_switch SoftwareSwitch(dpid=1, num_ports=3)[1;m
[1;36minjecting a random packet[1;m
[1;36minjecting a random packet[1;m
[1;36mRound 122 completed.[1;m
[1;36mForwarding dataplane event[1;m
[1;36mForwarding dataplane event[1;m
[1;36mRebooting software_switch SoftwareSwitch(dpid=2, num_ports=3)[1;m
connect_socket_with_backoff ('10.192.5.226', 6633)
connect_socket_with_backoff ('10.192.5.227', 6633)
[1;36mRebooting software_switch SoftwareSwitch(dpid=1, num_ports=3)[1;m
connect_socket_with_backoff ('10.192.5.226', 6633)
connect_socket_with_backoff ('10.192.5.227', 6633)
[1;36mCutting link (2:1) -> (3:1)[1;m
[1;36minjecting a random packet[1;m
[1;36mRound 123 completed.[1;m
[1;36mForwarding dataplane event[1;m
[1;36mForwarding dataplane event[1;m
[1;36mDropping dataplane event[1;m
[1;36mRound 124 completed.[1;m
[1;36mForwarding dataplane event[1;m
[1;36mDropping dataplane event[1;m
[1;36mBlocking connection [Con 13][1;m
[1;36mBlocking connection [Con 14][1;m
[1;36mUnblocking connection [Con 13][1;m
[1;36mUnblocking connection [Con 14][1;m
[1;36mRestoring link (2:1) -> (3:1)[1;m
[1;36minjecting a random packet[1;m
[1;42m[1;37mViolation (200001, [300003, 300001]) turns out to be transient![1;m
[1;41m[1;37mViolation encountered again after 85 steps: (200002, [100003, 100002])[1;m
[1;41m[1;37mThe following correctness violations have occurred: ['(200002, [100003, 100002])'][1;m
[1;36mRound 125 completed.[1;m
[1;36mForwarding dataplane event[1;m
[1;36mForwarding dataplane event[1;m
[1;36minjecting a random packet[1;m
[1;36minjecting a random packet[1;m
[1;36mRound 126 completed.[1;m
[1;36mDropping dataplane event[1;m
[1;36mDropping dataplane event[1;m
[1;36mForwarding dataplane event[1;m
[1;36minjecting a random packet[1;m
[1;36minjecting a random packet[1;m
[1;36mRound 127 completed.[1;m
[1;36mForwarding dataplane event[1;m
[1;36mForwarding dataplane event[1;m
[1;36mForwarding dataplane event[1;m
[1;36mBlocking connection [Con 12][1;m
[1;36mUnblocking connection [Con 12][1;m
[1;36mRound 128 completed.[1;m
[1;36mForwarding dataplane event[1;m
[1;36mForwarding dataplane event[1;m
[1;36minjecting a random packet[1;m
[1;36minjecting a random packet[1;m
[1;36mRound 129 completed.[1;m
[1;36mForwarding dataplane event[1;m
[1;36mDropping dataplane event[1;m
[1;36mForwarding dataplane event[1;m
[1;36mDropping dataplane event[1;m
[1;36mForwarding dataplane event[1;m
[1;36mForwarding dataplane event[1;m
[1;36mDropping dataplane event[1;m
[1;36mForwarding dataplane event[1;m
[1;36mForwarding dataplane event[1;m
[1;36mForwarding dataplane event[1;m
[1;36mForwarding dataplane event[1;m
[1;36mForwarding dataplane event[1;m
[1;36minjecting a random packet[1;m
[1;36minjecting a random packet[1;m
[1;41m[1;37mViolation encountered again after 90 steps: (200002, [100003, 100002])[1;m
[1;41m[1;37mThe following correctness violations have occurred: ['(200002, [100003, 100002])'][1;m
[1;36mRound 130 completed.[1;m
[1;36mForwarding dataplane event[1;m
[1;36mDropping dataplane event[1;m
[1;36mForwarding dataplane event[1;m
[1;36mForwarding dataplane event[1;m
[1;36mForwarding dataplane event[1;m
[1;36mForwarding dataplane event[1;m
[1;36mForwarding dataplane event[1;m
[1;36mForwarding dataplane event[1;m
[1;36minjecting a random packet[1;m
[1;36mRound 131 completed.[1;m
[1;36mForwarding dataplane event[1;m
[1;36mDropping dataplane event[1;m
[1;36mForwarding dataplane event[1;m
[1;36mForwarding dataplane event[1;m
[1;36mRound 132 completed.[1;m
[1;36mDropping dataplane event[1;m
[1;36mForwarding dataplane event[1;m
[1;36mForwarding dataplane event[1;m
[1;36mRound 133 completed.[1;m
[1;36minjecting a random packet[1;m
[1;36minjecting a random packet[1;m
[1;36mRound 134 completed.[1;m
[1;36mForwarding dataplane event[1;m
[1;36mForwarding dataplane event[1;m
[1;36mDropping dataplane event[1;m
[1;36mForwarding dataplane event[1;m
[1;36mForwarding dataplane event[1;m
[1;36minjecting a random packet[1;m
[1;41m[1;37mViolation encountered again after 95 steps: (200002, [100003, 100002])[1;m
[1;41m[1;37mThe following correctness violations have occurred: ['(200002, [100003, 100002])'][1;m
[1;36mRound 135 completed.[1;m
[1;36mForwarding dataplane event[1;m
[1;36mForwarding dataplane event[1;m
[1;36mDropping dataplane event[1;m
[1;36mBlocking connection [Con 16][1;m
[1;36mUnblocking connection [Con 16][1;m
[1;36minjecting a random packet[1;m
[1;36minjecting a random packet[1;m
[1;36mRound 136 completed.[1;m
[1;36mForwarding dataplane event[1;m
[1;36mForwarding dataplane event[1;m
[1;36mForwarding dataplane event[1;m
[1;36mForwarding dataplane event[1;m
[1;36minjecting a random packet[1;m
[1;36mRound 137 completed.[1;m
[1;36mForwarding dataplane event[1;m
[1;36mDropping dataplane event[1;m
[1;36mForwarding dataplane event[1;m
[1;36mRound 138 completed.[1;m
[1;36mForwarding dataplane event[1;m
[1;36mForwarding dataplane event[1;m
[1;36minjecting a random packet[1;m
[1;36mRound 139 completed.[1;m
[1;36mForwarding dataplane event[1;m
[1;36mForwarding dataplane event[1;m
[1;41m[1;37mViolation encountered again after 100 steps: (200002, [100003, 100002])[1;m
[1;41m[1;37mThe following correctness violations have occurred: ['(200002, [100003, 100002])'][1;m
[1;36mRound 140 completed.[1;m
[1;36mForwarding dataplane event[1;m
[1;36minjecting a random packet[1;m
[1;36mRound 141 completed.[1;m
[1;36mForwarding dataplane event[1;m
[1;36mForwarding dataplane event[1;m
[1;36minjecting a random packet[1;m
[1;36minjecting a random packet[1;m
[1;36mRound 142 completed.[1;m
[1;36mForwarding dataplane event[1;m
[1;36mForwarding dataplane event[1;m
[1;36mForwarding dataplane event[1;m
[1;36minjecting a random packet[1;m
[1;36mRound 143 completed.[1;m
[1;36mDropping dataplane event[1;m
[1;36mForwarding dataplane event[1;m
[1;36mForwarding dataplane event[1;m
[1;36mForwarding dataplane event[1;m
[1;36mBlocking connection [Con 15][1;m
[1;36mUnblocking connection [Con 15][1;m
[1;36minjecting a random packet[1;m
[1;36mRound 144 completed.[1;m
[1;36mDropping dataplane event[1;m
[1;36mDropping dataplane event[1;m
[1;36mForwarding dataplane event[1;m
[1;36minjecting a random packet[1;m
[1;41m[1;37mViolation encountered again after 105 steps: (200002, [100003, 100002])[1;m
[1;41m[1;37mThe following correctness violations have occurred: ['(200002, [100003, 100002])'][1;m
[1;41m[1;37mPersistent violations detected!: ['(200002, [100003, 100002])'][1;m
