connect_socket_with_backoff ('10.192.5.226', 6633)
connect_socket_with_backoff ('10.192.5.227', 6633)
connect_socket_with_backoff ('10.192.5.226', 6633)
connect_socket_with_backoff ('10.192.5.227', 6633)
connect_socket_with_backoff ('10.192.5.226', 6633)
connect_socket_with_backoff ('10.192.5.227', 6633)
[1;36mRound 1 completed.[1;m
[1;36mBlocking connection [Con 2][1;m
[1;36mUnblocking connection [Con 2][1;m
[1;36minjecting a random packet[1;m
[1;36minjecting a random packet[1;m
[1;36mRound 2 completed.[1;m
[1;36mForwarding dataplane event[1;m
[1;36mForwarding dataplane event[1;m
[1;36minjecting a random packet[1;m
[1;36mRound 3 completed.[1;m
[1;36mForwarding dataplane event[1;m
[1;36minjecting a random packet[1;m
[1;36mRound 4 completed.[1;m
[1;36mForwarding dataplane event[1;m
[1;36mBlocking connection [Con 2][1;m
[1;36mBlocking connection [Con 4][1;m
[1;36mUnblocking connection [Con 2][1;m
[1;36mUnblocking connection [Con 4][1;m
[1;36mCutting link (3:1) -> (2:1)[1;m
[1;36minjecting a random packet[1;m
[1;37mNo correctness violations![1;m
[1;36mRound 5 completed.[1;m
[1;36mDropping dataplane event[1;m
[1;36mBlocking connection [Con 1][1;m
[1;36mUnblocking connection [Con 1][1;m
[1;36mRestoring link (3:1) -> (2:1)[1;m
[1;36minjecting a random packet[1;m
[1;36mRound 6 completed.[1;m
[1;36mDropping dataplane event[1;m
[1;36mForwarding dataplane event[1;m
[1;36mForwarding dataplane event[1;m
[1;36mForwarding dataplane event[1;m
[1;36mForwarding dataplane event[1;m
[1;36mDropping dataplane event[1;m
[1;36mForwarding dataplane event[1;m
[1;36mForwarding dataplane event[1;m
[1;36mForwarding dataplane event[1;m
[1;36mForwarding dataplane event[1;m
[1;36mForwarding dataplane event[1;m
[1;36mForwarding dataplane event[1;m
[1;36mForwarding dataplane event[1;m
[1;36mRound 7 completed.[1;m
[1;36mForwarding dataplane event[1;m
[1;36mForwarding dataplane event[1;m
[1;36mForwarding dataplane event[1;m
[1;36mForwarding dataplane event[1;m
[1;36minjecting a random packet[1;m
[1;36minjecting a random packet[1;m
[1;36mRound 8 completed.[1;m
[1;36mForwarding dataplane event[1;m
[1;36mForwarding dataplane event[1;m
[1;36mDropping dataplane event[1;m
[1;36mForwarding dataplane event[1;m
[1;36minjecting a random packet[1;m
[1;36mRound 9 completed.[1;m
[1;36mForwarding dataplane event[1;m
[1;36mCutting link (1:2) -> (2:2)[1;m
[1;36minjecting a random packet[1;m
[1;37mNo correctness violations![1;m
[1;36mRound 10 completed.[1;m
[1;36mDropping dataplane event[1;m
[1;36mForwarding dataplane event[1;m
[1;36mForwarding dataplane event[1;m
[1;36mRestoring link (1:2) -> (2:2)[1;m
[1;36mRound 11 completed.[1;m
[1;36mDropping dataplane event[1;m
[1;36mBlocking connection [Con 4][1;m
[1;36mUnblocking connection [Con 4][1;m
[1;36mRound 12 completed.[1;m
[1;36mForwarding dataplane event[1;m
[1;36mForwarding dataplane event[1;m
[1;36mForwarding dataplane event[1;m
[1;36mBlocking connection [Con 6][1;m
[1;36mUnblocking connection [Con 6][1;m
[1;36mCutting link (2:2) -> (1:2)[1;m
[1;36mCutting link (2:1) -> (3:1)[1;m
[1;36mRound 13 completed.[1;m
Duration: 0 nsec: 321279048
[1;36mRestoring link (2:1) -> (3:1)[1;m
[1;36mRestoring link (2:2) -> (1:2)[1;m
[1;36minjecting a random packet[1;m
[1;36mRound 14 completed.[1;m
[1;36mForwarding dataplane event[1;m
[1;36mBlocking connection [Con 2][1;m
[1;36mUnblocking connection [Con 2][1;m
[1;37mNo correctness violations![1;m
[1;36mRound 15 completed.[1;m
[1;36minjecting a random packet[1;m
[1;36mRound 16 completed.[1;m
[1;36mForwarding dataplane event[1;m
[1;36mRound 17 completed.[1;m
[1;36mBlocking connection [Con 2][1;m
[1;36mBlocking connection [Con 3][1;m
[1;36mUnblocking connection [Con 2][1;m
[1;36mUnblocking connection [Con 3][1;m
[1;36mRound 18 completed.[1;m
[1;36mForwarding dataplane event[1;m
[1;36mBlocking connection [Con 2][1;m
[1;36mBlocking connection [Con 4][1;m
[1;36mUnblocking connection [Con 2][1;m
[1;36mUnblocking connection [Con 4][1;m
[1;36mRound 19 completed.[1;m
[1;36mDropping dataplane event[1;m
[1;36mBlocking connection [Con 6][1;m
[1;36mUnblocking connection [Con 6][1;m
[1;36minjecting a random packet[1;m
[1;36minjecting a random packet[1;m
[1;37mNo correctness violations![1;m
[1;36mRound 20 completed.[1;m
[1;36mForwarding dataplane event[1;m
[1;36mForwarding dataplane event[1;m
[1;36minjecting a random packet[1;m
[1;36minjecting a random packet[1;m
[1;36mRound 21 completed.[1;m
[1;36mForwarding dataplane event[1;m
[1;36mForwarding dataplane event[1;m
[1;36mRound 22 completed.[1;m
[1;36mForwarding dataplane event[1;m
[1;36mForwarding dataplane event[1;m
[1;36mForwarding dataplane event[1;m
[1;36mBlocking connection [Con 4][1;m
[1;36mUnblocking connection [Con 4][1;m
[1;36mRound 23 completed.[1;m
[1;36mDropping dataplane event[1;m
[1;36mDropping dataplane event[1;m
[1;36minjecting a random packet[1;m
[1;36minjecting a random packet[1;m
[1;36mRound 24 completed.[1;m
[1;36mForwarding dataplane event[1;m
[1;36mForwarding dataplane event[1;m
[1;36mForwarding dataplane event[1;m
[1;36mForwarding dataplane event[1;m
[1;36mForwarding dataplane event[1;m
[1;36mBlocking connection [Con 4][1;m
[1;36mUnblocking connection [Con 4][1;m
[1;36minjecting a random packet[1;m
[1;37mNo correctness violations![1;m
[1;36mRound 25 completed.[1;m
[1;36mDropping dataplane event[1;m
[1;36mForwarding dataplane event[1;m
[1;36mDropping dataplane event[1;m
[1;36minjecting a random packet[1;m
[1;36mRound 26 completed.[1;m
[1;36mForwarding dataplane event[1;m
[1;36mForwarding dataplane event[1;m
[1;36mForwarding dataplane event[1;m
[1;36mDropping dataplane event[1;m
[1;36mBlocking connection [Con 5][1;m
[1;36mUnblocking connection [Con 5][1;m
[1;36mCutting link (1:2) -> (2:2)[1;m
[1;36minjecting a random packet[1;m
[1;36minjecting a random packet[1;m
[1;36mRound 27 completed.[1;m
[1;36mForwarding dataplane event[1;m
[1;36mForwarding dataplane event[1;m
[1;36mBlocking connection [Con 3][1;m
[1;36mUnblocking connection [Con 3][1;m
[1;36mRestoring link (1:2) -> (2:2)[1;m
[1;36mRound 28 completed.[1;m
[1;36mForwarding dataplane event[1;m
[1;36mDropping dataplane event[1;m
[1;36mRound 29 completed.[1;m
[1;36mForwarding dataplane event[1;m
[1;36mForwarding dataplane event[1;m
[1;36mBlocking connection [Con 3][1;m
[1;36mUnblocking connection [Con 3][1;m
[1;36mCrashing software_switch SoftwareSwitch(dpid=3, num_ports=3)[1;m
[1;36mCrashing software_switch SoftwareSwitch(dpid=2, num_ports=3)[1;m
[1;36minjecting a random packet[1;m
[1;41m[1;37mThe following correctness violations have occurred: ['(300002, [100003, 100001])', '(200002, [100003, 100002])'][1;m
[1;36mRound 30 completed.[1;m
[1;36mForwarding dataplane event[1;m
[1;36mRebooting software_switch SoftwareSwitch(dpid=3, num_ports=3)[1;m
connect_socket_with_backoff ('10.192.5.226', 6633)
connect_socket_with_backoff ('10.192.5.227', 6633)
[1;36mRebooting software_switch SoftwareSwitch(dpid=2, num_ports=3)[1;m
connect_socket_with_backoff ('10.192.5.226', 6633)
connect_socket_with_backoff ('10.192.5.227', 6633)
[1;36minjecting a random packet[1;m
[1;36mRound 31 completed.[1;m
[1;36mDropping dataplane event[1;m
[1;36mForwarding dataplane event[1;m
[1;36minjecting a random packet[1;m
[1;36minjecting a random packet[1;m
[1;36mRound 32 completed.[1;m
[1;36mDropping dataplane event[1;m
[1;36mForwarding dataplane event[1;m
[1;36mDropping dataplane event[1;m
[1;36mRound 33 completed.[1;m
[1;36mForwarding dataplane event[1;m
[1;36mBlocking connection [Con 8][1;m
[1;36mUnblocking connection [Con 8][1;m
Duration: 1 nsec: 412931919
[1;36minjecting a random packet[1;m
[1;36mRound 34 completed.[1;m
[1;36mForwarding dataplane event[1;m
[1;36mForwarding dataplane event[1;m
[1;42m[1;37mViolation (300002, [100003, 100001]) turns out to be transient![1;m
[1;42m[1;37mViolation (200002, [100003, 100002]) turns out to be transient![1;m
[1;41m[1;37mThe following correctness violations have occurred: ['(200001, [300003, 300001])'][1;m
[1;36mRound 35 completed.[1;m
[1;36mForwarding dataplane event[1;m
[1;36minjecting a random packet[1;m
[1;36mRound 36 completed.[1;m
[1;36mDropping dataplane event[1;m
[1;36mForwarding dataplane event[1;m
[1;36mBlocking connection [Con 10][1;m
[1;36mUnblocking connection [Con 10][1;m
[1;36minjecting a random packet[1;m
[1;36minjecting a random packet[1;m
[1;36mRound 37 completed.[1;m
[1;36mForwarding dataplane event[1;m
[1;36mForwarding dataplane event[1;m
[1;36mForwarding dataplane event[1;m
[1;36mForwarding dataplane event[1;m
[1;36mForwarding dataplane event[1;m
[1;36mForwarding dataplane event[1;m
[1;36mForwarding dataplane event[1;m
[1;36mDropping dataplane event[1;m
[1;36mDropping dataplane event[1;m
[1;36mDropping dataplane event[1;m
[1;36mForwarding dataplane event[1;m
[1;36mForwarding dataplane event[1;m
[1;36mForwarding dataplane event[1;m
[1;36mForwarding dataplane event[1;m
[1;36mBlocking connection [Con 8][1;m
[1;36mUnblocking connection [Con 8][1;m
[1;36mCrashing software_switch SoftwareSwitch(dpid=2, num_ports=3)[1;m
[1;36mRound 38 completed.[1;m
[1;36mForwarding dataplane event[1;m
[1;36mRebooting software_switch SoftwareSwitch(dpid=2, num_ports=3)[1;m
connect_socket_with_backoff ('10.192.5.226', 6633)
connect_socket_with_backoff ('10.192.5.227', 6633)
[1;36mRound 39 completed.[1;m
[1;36mForwarding dataplane event[1;m
[1;36mDropping dataplane event[1;m
[1;36mBlocking connection [Con 11][1;m
[1;36mBlocking connection [Con 12][1;m
[1;36mBlocking connection [Con 8][1;m
[1;36mUnblocking connection [Con 11][1;m
[1;36mUnblocking connection [Con 12][1;m
[1;36mUnblocking connection [Con 8][1;m
[1;36minjecting a random packet[1;m
[1;41m[1;37mViolation encountered again after 5 steps: (200001, [300003, 300001])[1;m
[1;41m[1;37mThe following correctness violations have occurred: ['(200001, [300003, 300001])'][1;m
[1;36mRound 40 completed.[1;m
[1;36mForwarding dataplane event[1;m
[1;36minjecting a random packet[1;m
[1;36mRound 41 completed.[1;m
[1;36mDropping dataplane event[1;m
[1;36mForwarding dataplane event[1;m
[1;36minjecting a random packet[1;m
[1;36mRound 42 completed.[1;m
[1;36mForwarding dataplane event[1;m
[1;36mForwarding dataplane event[1;m
[1;36mBlocking connection [Con 8][1;m
[1;36mUnblocking connection [Con 8][1;m
[1;36mCrashing software_switch SoftwareSwitch(dpid=2, num_ports=3)[1;m
[1;36minjecting a random packet[1;m
[1;36mRound 43 completed.[1;m
[1;36mForwarding dataplane event[1;m
[1;36mCutting link (2:2) -> (1:2)[1;m
[1;36minjecting a random packet[1;m
[1;36minjecting a random packet[1;m
[1;36mRound 44 completed.[1;m
[1;36mDropping dataplane event[1;m
[1;36mForwarding dataplane event[1;m
[1;36mForwarding dataplane event[1;m
[1;36mCrashing software_switch SoftwareSwitch(dpid=1, num_ports=3)[1;m
[1;36mRebooting software_switch SoftwareSwitch(dpid=2, num_ports=3)[1;m
connect_socket_with_backoff ('10.192.5.226', 6633)
connect_socket_with_backoff ('10.192.5.227', 6633)
[1;41m[1;37mViolation encountered again after 10 steps: (200001, [300003, 300001])[1;m
[1;41m[1;37mThe following correctness violations have occurred: ['(100001, [300003, 300002])', '(200001, [300003, 300001])'][1;m
[1;36mRound 45 completed.[1;m
[1;36mForwarding dataplane event[1;m
[1;36mForwarding dataplane event[1;m
[1;36mRebooting software_switch SoftwareSwitch(dpid=1, num_ports=3)[1;m
connect_socket_with_backoff ('10.192.5.226', 6633)
connect_socket_with_backoff ('10.192.5.227', 6633)
[1;36mRestoring link (2:2) -> (1:2)[1;m
[1;36minjecting a random packet[1;m
[1;36mRound 46 completed.[1;m
[1;36mForwarding dataplane event[1;m
[1;36mForwarding dataplane event[1;m
[1;36mBlocking connection [Con 8][1;m
[1;36mUnblocking connection [Con 8][1;m
[1;36mRound 47 completed.[1;m
[1;36mForwarding dataplane event[1;m
Duration: 4 nsec: 28092861
[1;36mRound 48 completed.[1;m
[1;36mDropping dataplane event[1;m
[1;36mBlocking connection [Con 15][1;m
[1;36mUnblocking connection [Con 15][1;m
[1;36minjecting a random packet[1;m
[1;36minjecting a random packet[1;m
[1;36minjecting a random packet[1;m
[1;36mRound 49 completed.[1;m
[1;36mForwarding dataplane event[1;m
[1;36mForwarding dataplane event[1;m
[1;36mDropping dataplane event[1;m
[1;36mCrashing software_switch SoftwareSwitch(dpid=3, num_ports=3)[1;m
[1;36minjecting a random packet[1;m
[1;36minjecting a random packet[1;m
[1;42m[1;37mViolation (100001, [300003, 300002]) turns out to be transient![1;m
[1;42m[1;37mViolation (200001, [300003, 300001]) turns out to be transient![1;m
[1;41m[1;37mThe following correctness violations have occurred: ['(300002, [100003, 100001])'][1;m
[1;36mRound 50 completed.[1;m
[1;36mForwarding dataplane event[1;m
[1;36mForwarding dataplane event[1;m
[1;36mForwarding dataplane event[1;m
[1;36mBlocking connection [Con 13][1;m
[1;36mBlocking connection [Con 14][1;m
[1;36mUnblocking connection [Con 13][1;m
[1;36mUnblocking connection [Con 14][1;m
[1;36mRebooting software_switch SoftwareSwitch(dpid=3, num_ports=3)[1;m
connect_socket_with_backoff ('10.192.5.226', 6633)
connect_socket_with_backoff ('10.192.5.227', 6633)
[1;36minjecting a random packet[1;m
[1;36mRound 51 completed.[1;m
[1;36mForwarding dataplane event[1;m
[1;36mForwarding dataplane event[1;m
[1;36mForwarding dataplane event[1;m
[1;36mDropping dataplane event[1;m
[1;36mForwarding dataplane event[1;m
[1;36mForwarding dataplane event[1;m
[1;36mForwarding dataplane event[1;m
[1;36mForwarding dataplane event[1;m
[1;36mDropping dataplane event[1;m
[1;36mForwarding dataplane event[1;m
[1;36mForwarding dataplane event[1;m
[1;36mForwarding dataplane event[1;m
[1;36mRound 52 completed.[1;m
[1;36mForwarding dataplane event[1;m
[1;36mForwarding dataplane event[1;m
[1;36mForwarding dataplane event[1;m
[1;36mForwarding dataplane event[1;m
[1;36mForwarding dataplane event[1;m
[1;36mForwarding dataplane event[1;m
[1;36mForwarding dataplane event[1;m
[1;36mForwarding dataplane event[1;m
[1;36mBlocking connection [Con 13][1;m
[1;36mBlocking connection [Con 17][1;m
[1;36mUnblocking connection [Con 13][1;m
[1;36mUnblocking connection [Con 17][1;m
[1;36mRound 53 completed.[1;m
[1;36mForwarding dataplane event[1;m
[1;36mForwarding dataplane event[1;m
[1;36mForwarding dataplane event[1;m
[1;36minjecting a random packet[1;m
[1;36minjecting a random packet[1;m
[1;36minjecting a random packet[1;m
[1;36mRound 54 completed.[1;m
[1;36mForwarding dataplane event[1;m
[1;36mForwarding dataplane event[1;m
[1;36mForwarding dataplane event[1;m
[1;36mBlocking connection [Con 14][1;m
[1;36mBlocking connection [Con 18][1;m
[1;36mUnblocking connection [Con 14][1;m
[1;36mUnblocking connection [Con 18][1;m
[1;36minjecting a random packet[1;m
[1;36minjecting a random packet[1;m
[1;42m[1;37mViolation (300002, [100003, 100001]) turns out to be transient![1;m
[1;41m[1;37mThe following correctness violations have occurred: ['(200001, [300003, 300001])'][1;m
[1;36mRound 55 completed.[1;m
[1;36mDropping dataplane event[1;m
[1;36mDropping dataplane event[1;m
[1;36mForwarding dataplane event[1;m
[1;36mForwarding dataplane event[1;m
[1;36mBlocking connection [Con 17][1;m
[1;36mBlocking connection [Con 18][1;m
[1;36mUnblocking connection [Con 17][1;m
[1;36mUnblocking connection [Con 18][1;m
[1;36minjecting a random packet[1;m
[1;36mRound 56 completed.[1;m
[1;36mForwarding dataplane event[1;m
[1;36mForwarding dataplane event[1;m
[1;36mForwarding dataplane event[1;m
[1;36mForwarding dataplane event[1;m
[1;36mCutting link (1:1) -> (3:2)[1;m
[1;36minjecting a random packet[1;m
[1;36minjecting a random packet[1;m
[1;36mRound 57 completed.[1;m
[1;36mForwarding dataplane event[1;m
[1;36mForwarding dataplane event[1;m
[1;36mDropping dataplane event[1;m
[1;36mForwarding dataplane event[1;m
[1;36mForwarding dataplane event[1;m
[1;36mForwarding dataplane event[1;m
[1;36mForwarding dataplane event[1;m
[1;36mDropping dataplane event[1;m
[1;36mForwarding dataplane event[1;m
[1;36mBlocking connection [Con 14][1;m
[1;36mUnblocking connection [Con 14][1;m
[1;36minjecting a random packet[1;m
[1;36minjecting a random packet[1;m
[1;36mRound 58 completed.[1;m
[1;36mForwarding dataplane event[1;m
[1;36mForwarding dataplane event[1;m
[1;36mForwarding dataplane event[1;m
[1;36mDropping dataplane event[1;m
[1;36mForwarding dataplane event[1;m
[1;36mForwarding dataplane event[1;m
[1;36mForwarding dataplane event[1;m
[1;36mBlocking connection [Con 15][1;m
[1;36mUnblocking connection [Con 15][1;m
[1;36mRestoring link (1:1) -> (3:2)[1;m
[1;36minjecting a random packet[1;m
[1;36mRound 59 completed.[1;m
[1;36mDropping dataplane event[1;m
[1;36mForwarding dataplane event[1;m
[1;36mForwarding dataplane event[1;m
[1;36mForwarding dataplane event[1;m
[1;36mBlocking connection [Con 13][1;m
[1;36mUnblocking connection [Con 13][1;m
[1;42m[1;37mViolation (200001, [300003, 300001]) turns out to be transient![1;m
[1;41m[1;37mThe following correctness violations have occurred: ['(300001, [200003, 200001])'][1;m
[1;36mRound 60 completed.[1;m
[1;36mForwarding dataplane event[1;m
[1;36mForwarding dataplane event[1;m
[1;36mBlocking connection [Con 13][1;m
[1;36mUnblocking connection [Con 13][1;m
[1;36mCutting link (1:2) -> (2:2)[1;m
[1;36minjecting a random packet[1;m
[1;36mRound 61 completed.[1;m
[1;36mForwarding dataplane event[1;m
[1;36mForwarding dataplane event[1;m
[1;36mBlocking connection [Con 16][1;m
[1;36mUnblocking connection [Con 16][1;m
Duration: 5 nsec: 387244939
[1;36minjecting a random packet[1;m
[1;36mRound 62 completed.[1;m
[1;36mForwarding dataplane event[1;m
[1;36mDropping dataplane event[1;m
[1;36mDropping dataplane event[1;m
[1;36mForwarding dataplane event[1;m
[1;36mCutting link (2:2) -> (1:2)[1;m
[1;36minjecting a random packet[1;m
[1;36mRound 63 completed.[1;m
[1;36mForwarding dataplane event[1;m
Duration: 6 nsec: 231451988
[1;36mCutting link (1:1) -> (3:2)[1;m
[1;36mRestoring link (1:2) -> (2:2)[1;m
[1;36mRound 64 completed.[1;m
[1;36mForwarding dataplane event[1;m
[1;36mForwarding dataplane event[1;m
[1;36mForwarding dataplane event[1;m
[1;36mForwarding dataplane event[1;m
[1;36mForwarding dataplane event[1;m
[1;36mBlocking connection [Con 16][1;m
[1;36mBlocking connection [Con 14][1;m
[1;36mUnblocking connection [Con 16][1;m
[1;36mUnblocking connection [Con 14][1;m
[1;36mCutting link (3:1) -> (2:1)[1;m
[1;36mRestoring link (2:2) -> (1:2)[1;m
[1;36minjecting a random packet[1;m
[1;41m[1;37mViolation encountered again after 5 steps: (300001, [200003, 200001])[1;m
[1;41m[1;37mThe following correctness violations have occurred: ['(300001, [200003, 200001])'][1;m
[1;36mRound 65 completed.[1;m
[1;36mForwarding dataplane event[1;m
Duration: 7 nsec: 389811992
[1;36mRestoring link (3:1) -> (2:1)[1;m
[1;36mRestoring link (1:1) -> (3:2)[1;m
[1;36minjecting a random packet[1;m
[1;36minjecting a random packet[1;m
[1;36mRound 66 completed.[1;m
[1;36mDropping dataplane event[1;m
[1;36mDropping dataplane event[1;m
[1;36mForwarding dataplane event[1;m
[1;36minjecting a random packet[1;m
[1;36mRound 67 completed.[1;m
[1;36mForwarding dataplane event[1;m
[1;36mBlocking connection [Con 15][1;m
[1;36mUnblocking connection [Con 15][1;m
[1;36mRound 68 completed.[1;m
[1;36mForwarding dataplane event[1;m
[1;36minjecting a random packet[1;m
[1;36mRound 69 completed.[1;m
[1;36mForwarding dataplane event[1;m
[1;36mForwarding dataplane event[1;m
Duration: 5 nsec: 732489109
[1;41m[1;37mViolation encountered again after 10 steps: (300001, [200003, 200001])[1;m
[1;41m[1;37mThe following correctness violations have occurred: ['(300001, [200003, 200001])'][1;m
[1;36mRound 70 completed.[1;m
[1;36mForwarding dataplane event[1;m
[1;36mBlocking connection [Con 13][1;m
[1;36mUnblocking connection [Con 13][1;m
Duration: 1 nsec: 515048980
[1;36mRound 71 completed.[1;m
[1;36minjecting a random packet[1;m
[1;36minjecting a random packet[1;m
[1;36mRound 72 completed.[1;m
[1;36mForwarding dataplane event[1;m
[1;36mForwarding dataplane event[1;m
[1;36mRound 73 completed.[1;m
[1;36mDropping dataplane event[1;m
[1;36mForwarding dataplane event[1;m
[1;36minjecting a random packet[1;m
[1;36minjecting a random packet[1;m
[1;36mRound 74 completed.[1;m
[1;36mForwarding dataplane event[1;m
[1;36mForwarding dataplane event[1;m
[1;36mForwarding dataplane event[1;m
[1;36mCutting link (2:2) -> (1:2)[1;m
[1;41m[1;37mViolation encountered again after 15 steps: (300001, [200003, 200001])[1;m
[1;41m[1;37mThe following correctness violations have occurred: ['(300001, [200003, 200001])'][1;m
[1;36mRound 75 completed.[1;m
[1;36mForwarding dataplane event[1;m
[1;36mForwarding dataplane event[1;m
[1;36mBlocking connection [Con 17][1;m
[1;36mUnblocking connection [Con 17][1;m
[1;36minjecting a random packet[1;m
[1;36mRound 76 completed.[1;m
[1;36mForwarding dataplane event[1;m
[1;36mDropping dataplane event[1;m
[1;36mForwarding dataplane event[1;m
[1;36mDropping dataplane event[1;m
[1;36mDropping dataplane event[1;m
[1;36mForwarding dataplane event[1;m
[1;36mForwarding dataplane event[1;m
[1;36mDropping dataplane event[1;m
[1;36mForwarding dataplane event[1;m
[1;36mForwarding dataplane event[1;m
[1;36mForwarding dataplane event[1;m
[1;36mForwarding dataplane event[1;m
[1;36mForwarding dataplane event[1;m
[1;36mForwarding dataplane event[1;m
[1;36mForwarding dataplane event[1;m
[1;36mForwarding dataplane event[1;m
[1;36mForwarding dataplane event[1;m
[1;36mForwarding dataplane event[1;m
[1;36mForwarding dataplane event[1;m
[1;36mForwarding dataplane event[1;m
[1;36mForwarding dataplane event[1;m
[1;36mRestoring link (2:2) -> (1:2)[1;m
[1;36minjecting a random packet[1;m
[1;36mRound 77 completed.[1;m
[1;36mForwarding dataplane event[1;m
[1;36mForwarding dataplane event[1;m
[1;36mBlocking connection [Con 15][1;m
[1;36mBlocking connection [Con 16][1;m
[1;36mUnblocking connection [Con 15][1;m
[1;36mUnblocking connection [Con 16][1;m
[1;36minjecting a random packet[1;m
[1;36mRound 78 completed.[1;m
[1;36mDropping dataplane event[1;m
[1;36mForwarding dataplane event[1;m
[1;36mForwarding dataplane event[1;m
[1;36mDropping dataplane event[1;m
[1;36mRound 79 completed.[1;m
[1;36mForwarding dataplane event[1;m
[1;36minjecting a random packet[1;m
[1;36minjecting a random packet[1;m
[1;41m[1;37mViolation encountered again after 20 steps: (300001, [200003, 200001])[1;m
[1;41m[1;37mThe following correctness violations have occurred: ['(300001, [200003, 200001])'][1;m
[1;36mRound 80 completed.[1;m
[1;36mForwarding dataplane event[1;m
[1;36mForwarding dataplane event[1;m
[1;36minjecting a random packet[1;m
[1;36minjecting a random packet[1;m
[1;36mRound 81 completed.[1;m
[1;36mForwarding dataplane event[1;m
[1;36mForwarding dataplane event[1;m
[1;36mForwarding dataplane event[1;m
[1;36mDropping dataplane event[1;m
[1;36minjecting a random packet[1;m
[1;36mRound 82 completed.[1;m
[1;36mForwarding dataplane event[1;m
[1;36mDropping dataplane event[1;m
[1;36mForwarding dataplane event[1;m
[1;36mForwarding dataplane event[1;m
[1;36mBlocking connection [Con 17][1;m
[1;36mUnblocking connection [Con 17][1;m
[1;36minjecting a random packet[1;m
[1;36minjecting a random packet[1;m
[1;36minjecting a random packet[1;m
[1;36mRound 83 completed.[1;m
[1;36mForwarding dataplane event[1;m
[1;36mForwarding dataplane event[1;m
[1;36mForwarding dataplane event[1;m
[1;36mForwarding dataplane event[1;m
[1;36mForwarding dataplane event[1;m
[1;36mBlocking connection [Con 13][1;m
[1;36mBlocking connection [Con 17][1;m
[1;36mUnblocking connection [Con 13][1;m
[1;36mUnblocking connection [Con 17][1;m
[1;36minjecting a random packet[1;m
[1;36minjecting a random packet[1;m
[1;36mRound 84 completed.[1;m
[1;36mDropping dataplane event[1;m
[1;36mForwarding dataplane event[1;m
[1;36mDropping dataplane event[1;m
[1;36mForwarding dataplane event[1;m
[1;36mForwarding dataplane event[1;m
[1;36mBlocking connection [Con 14][1;m
[1;36mBlocking connection [Con 18][1;m
[1;36mUnblocking connection [Con 14][1;m
[1;36mUnblocking connection [Con 18][1;m
[1;41m[1;37mViolation encountered again after 25 steps: (300001, [200003, 200001])[1;m
[1;41m[1;37mThe following correctness violations have occurred: ['(300001, [200003, 200001])'][1;m
[1;36mRound 85 completed.[1;m
[1;36mForwarding dataplane event[1;m
[1;36mDropping dataplane event[1;m
[1;36mBlocking connection [Con 13][1;m
[1;36mUnblocking connection [Con 13][1;m
[1;36mCrashing software_switch SoftwareSwitch(dpid=3, num_ports=3)[1;m
[1;36minjecting a random packet[1;m
[1;36mRound 86 completed.[1;m
[1;36mForwarding dataplane event[1;m
[1;36minjecting a random packet[1;m
[1;36minjecting a random packet[1;m
[1;36mRound 87 completed.[1;m
[1;36mDropping dataplane event[1;m
[1;36mDropping dataplane event[1;m
[1;36mDropping dataplane event[1;m
[1;36mCrashing software_switch SoftwareSwitch(dpid=1, num_ports=3)[1;m
[1;36mRebooting software_switch SoftwareSwitch(dpid=3, num_ports=3)[1;m
connect_socket_with_backoff ('10.192.5.226', 6633)
connect_socket_with_backoff ('10.192.5.227', 6633)
[1;36minjecting a random packet[1;m
[1;36mRound 88 completed.[1;m
[1;36mForwarding dataplane event[1;m
Duration: 3 nsec: 852551937
[1;36mCutting link (1:1) -> (3:2)[1;m
[1;36minjecting a random packet[1;m
[1;36minjecting a random packet[1;m
[1;36mRound 89 completed.[1;m
[1;36mForwarding dataplane event[1;m
[1;36mForwarding dataplane event[1;m
[1;36mDropping dataplane event[1;m
[1;36mRebooting software_switch SoftwareSwitch(dpid=1, num_ports=3)[1;m
connect_socket_with_backoff ('10.192.5.226', 6633)
connect_socket_with_backoff ('10.192.5.227', 6633)
[1;36minjecting a random packet[1;m
[1;41m[1;37mViolation encountered again after 30 steps: (300001, [200003, 200001])[1;m
[1;41m[1;37mThe following correctness violations have occurred: ['(300001, [200003, 200001])'][1;m
[1;36mRound 90 completed.[1;m
[1;36mForwarding dataplane event[1;m
[1;36mDropping dataplane event[1;m
[1;36mForwarding dataplane event[1;m
[1;36mCrashing software_switch SoftwareSwitch(dpid=2, num_ports=3)[1;m
[1;36mCutting link (3:1) -> (2:1)[1;m
[1;36mRound 91 completed.[1;m
[1;36mDropping dataplane event[1;m
[1;36mForwarding dataplane event[1;m
[1;36mBlocking connection [Con 20][1;m
[1;36mUnblocking connection [Con 20][1;m
[1;36mRebooting software_switch SoftwareSwitch(dpid=2, num_ports=3)[1;m
connect_socket_with_backoff ('10.192.5.226', 6633)
connect_socket_with_backoff ('10.192.5.227', 6633)
[1;36mRestoring link (3:1) -> (2:1)[1;m
[1;36mRound 92 completed.[1;m
[1;36mBlocking connection [Con 20][1;m
[1;36mUnblocking connection [Con 20][1;m
[1;36mRestoring link (1:1) -> (3:2)[1;m
[1;36mRound 93 completed.[1;m
[1;36mBlocking connection [Con 24][1;m
[1;36mUnblocking connection [Con 24][1;m
[1;36minjecting a random packet[1;m
[1;36minjecting a random packet[1;m
[1;36mRound 94 completed.[1;m
[1;36mForwarding dataplane event[1;m
[1;36mForwarding dataplane event[1;m
[1;36mDropping dataplane event[1;m
[1;36mForwarding dataplane event[1;m
[1;36mForwarding dataplane event[1;m
[1;36mForwarding dataplane event[1;m
[1;36mForwarding dataplane event[1;m
[1;36mBlocking connection [Con 24][1;m
[1;36mUnblocking connection [Con 24][1;m
[1;36minjecting a random packet[1;m
[1;41m[1;37mViolation encountered again after 35 steps: (300001, [200003, 200001])[1;m
[1;41m[1;37mThe following correctness violations have occurred: ['(300001, [200003, 200001])'][1;m
[1;36mRound 95 completed.[1;m
[1;36mForwarding dataplane event[1;m
[1;36mForwarding dataplane event[1;m
[1;36mForwarding dataplane event[1;m
[1;36mCutting link (1:1) -> (3:2)[1;m
[1;36minjecting a random packet[1;m
[1;36mRound 96 completed.[1;m
[1;36mForwarding dataplane event[1;m
[1;36mForwarding dataplane event[1;m
[1;36mForwarding dataplane event[1;m
[1;36mForwarding dataplane event[1;m
[1;36mDropping dataplane event[1;m
[1;36mForwarding dataplane event[1;m
[1;36mForwarding dataplane event[1;m
[1;36mDropping dataplane event[1;m
[1;36mForwarding dataplane event[1;m
[1;36mCutting link (2:1) -> (3:1)[1;m
[1;36mRound 97 completed.[1;m
[1;36mForwarding dataplane event[1;m
[1;36mDropping dataplane event[1;m
[1;36mDropping dataplane event[1;m
[1;36mBlocking connection [Con 22][1;m
[1;36mUnblocking connection [Con 22][1;m
[1;36mRestoring link (2:1) -> (3:1)[1;m
[1;36mRestoring link (1:1) -> (3:2)[1;m
[1;36minjecting a random packet[1;m
[1;36mRound 98 completed.[1;m
[1;36mForwarding dataplane event[1;m
[1;36mDropping dataplane event[1;m
[1;36mForwarding dataplane event[1;m
[1;36mForwarding dataplane event[1;m
[1;36mForwarding dataplane event[1;m
[1;36mForwarding dataplane event[1;m
[1;36mForwarding dataplane event[1;m
[1;36mForwarding dataplane event[1;m
Duration: 10 nsec: 991338968
[1;36mRound 99 completed.[1;m
[1;36minjecting a random packet[1;m
[1;41m[1;37mViolation encountered again after 40 steps: (300001, [200003, 200001])[1;m
[1;41m[1;37mThe following correctness violations have occurred: ['(300001, [200003, 200001])'][1;m
[1;36mRound 100 completed.[1;m
[1;36mDropping dataplane event[1;m
[1;36mForwarding dataplane event[1;m
[1;36mRound 101 completed.[1;m
[1;36minjecting a random packet[1;m
[1;36mRound 102 completed.[1;m
[1;36mForwarding dataplane event[1;m
[1;36mBlocking connection [Con 22][1;m
[1;36mBlocking connection [Con 24][1;m
[1;36mUnblocking connection [Con 22][1;m
[1;36mUnblocking connection [Con 24][1;m
[1;36minjecting a random packet[1;m
[1;36mRound 103 completed.[1;m
[1;36mDropping dataplane event[1;m
[1;36mBlocking connection [Con 21][1;m
[1;36mBlocking connection [Con 22][1;m
[1;36mBlocking connection [Con 19][1;m
[1;36mUnblocking connection [Con 21][1;m
[1;36mUnblocking connection [Con 22][1;m
[1;36mUnblocking connection [Con 19][1;m
[1;36mRound 104 completed.[1;m
[1;36mForwarding dataplane event[1;m
[1;36mForwarding dataplane event[1;m
[1;36mForwarding dataplane event[1;m
[1;36minjecting a random packet[1;m
[1;41m[1;37mViolation encountered again after 45 steps: (300001, [200003, 200001])[1;m
[1;41m[1;37mThe following correctness violations have occurred: ['(300001, [200003, 200001])'][1;m
[1;36mRound 105 completed.[1;m
[1;36mForwarding dataplane event[1;m
[1;36mBlocking connection [Con 23][1;m
[1;36mUnblocking connection [Con 23][1;m
[1;36minjecting a random packet[1;m
[1;36mRound 106 completed.[1;m
[1;36mForwarding dataplane event[1;m
[1;36mForwarding dataplane event[1;m
[1;36mForwarding dataplane event[1;m
[1;36mForwarding dataplane event[1;m
[1;36mBlocking connection [Con 21][1;m
[1;36mBlocking connection [Con 22][1;m
[1;36mUnblocking connection [Con 21][1;m
[1;36mUnblocking connection [Con 22][1;m
[1;36minjecting a random packet[1;m
[1;36mRound 107 completed.[1;m
[1;36mForwarding dataplane event[1;m
[1;36mForwarding dataplane event[1;m
[1;36mDropping dataplane event[1;m
[1;36minjecting a random packet[1;m
[1;36mRound 108 completed.[1;m
[1;36mForwarding dataplane event[1;m
[1;36mForwarding dataplane event[1;m
[1;36mDropping dataplane event[1;m
[1;36mForwarding dataplane event[1;m
[1;36mDropping dataplane event[1;m
[1;36mBlocking connection [Con 21][1;m
[1;36mUnblocking connection [Con 21][1;m
[1;36minjecting a random packet[1;m
[1;36mRound 109 completed.[1;m
[1;36mForwarding dataplane event[1;m
[1;36mForwarding dataplane event[1;m
[1;36mForwarding dataplane event[1;m
[1;36mForwarding dataplane event[1;m
[1;36mBlocking connection [Con 22][1;m
[1;36mBlocking connection [Con 19][1;m
[1;36mUnblocking connection [Con 22][1;m
[1;36mUnblocking connection [Con 19][1;m
[1;41m[1;37mViolation encountered again after 50 steps: (300001, [200003, 200001])[1;m
[1;41m[1;37mThe following correctness violations have occurred: ['(300001, [200003, 200001])'][1;m
[1;36mRound 110 completed.[1;m
[1;36mForwarding dataplane event[1;m
[1;36minjecting a random packet[1;m
[1;36mRound 111 completed.[1;m
[1;36mForwarding dataplane event[1;m
[1;36mDropping dataplane event[1;m
[1;36mForwarding dataplane event[1;m
[1;36mForwarding dataplane event[1;m
[1;36minjecting a random packet[1;m
[1;36minjecting a random packet[1;m
[1;36mRound 112 completed.[1;m
[1;36mForwarding dataplane event[1;m
[1;36mForwarding dataplane event[1;m
[1;36mForwarding dataplane event[1;m
[1;36minjecting a random packet[1;m
[1;36minjecting a random packet[1;m
[1;36minjecting a random packet[1;m
[1;36mRound 113 completed.[1;m
[1;36mDropping dataplane event[1;m
[1;36mForwarding dataplane event[1;m
[1;36mDropping dataplane event[1;m
[1;36mForwarding dataplane event[1;m
[1;36mForwarding dataplane event[1;m
[1;36mForwarding dataplane event[1;m
[1;36mBlocking connection [Con 22][1;m
[1;36mBlocking connection [Con 19][1;m
[1;36mBlocking connection [Con 20][1;m
[1;36mUnblocking connection [Con 22][1;m
[1;36mUnblocking connection [Con 19][1;m
[1;36mUnblocking connection [Con 20][1;m
[1;36mCrashing software_switch SoftwareSwitch(dpid=2, num_ports=3)[1;m
[1;36minjecting a random packet[1;m
[1;36minjecting a random packet[1;m
[1;36minjecting a random packet[1;m
[1;36mRound 114 completed.[1;m
[1;36mForwarding dataplane event[1;m
[1;36mDropping dataplane event[1;m
[1;36mDropping dataplane event[1;m
[1;36mForwarding dataplane event[1;m
[1;36mForwarding dataplane event[1;m
[1;36mForwarding dataplane event[1;m
[1;36mDropping dataplane event[1;m
[1;36mBlocking connection [Con 19][1;m
[1;36mUnblocking connection [Con 19][1;m
Duration: 13 nsec: 846622943
[1;42m[1;37mViolation (300001, [200003, 200001]) turns out to be transient![1;m
[1;41m[1;37mThe following correctness violations have occurred: ['(200001, [300003, 300001])', '(200002, [100003, 100002])'][1;m
[1;36mRound 115 completed.[1;m
[1;36mForwarding dataplane event[1;m
[1;36mDropping dataplane event[1;m
[1;36mForwarding dataplane event[1;m
[1;36mForwarding dataplane event[1;m
[1;36mRebooting software_switch SoftwareSwitch(dpid=2, num_ports=3)[1;m
connect_socket_with_backoff ('10.192.5.226', 6633)
connect_socket_with_backoff ('10.192.5.227', 6633)
[1;36mRound 116 completed.[1;m
[1;36mDropping dataplane event[1;m
[1;36mForwarding dataplane event[1;m
[1;36mRound 117 completed.[1;m
[1;36mBlocking connection [Con 22][1;m
[1;36mUnblocking connection [Con 22][1;m
[1;36minjecting a random packet[1;m
[1;36minjecting a random packet[1;m
[1;36mRound 118 completed.[1;m
[1;36mForwarding dataplane event[1;m
[1;36mForwarding dataplane event[1;m
[1;36mRound 119 completed.[1;m
[1;36mDropping dataplane event[1;m
[1;36mForwarding dataplane event[1;m
[1;36mBlocking connection [Con 19][1;m
[1;36mUnblocking connection [Con 19][1;m
[1;36minjecting a random packet[1;m
[1;36minjecting a random packet[1;m
[1;42m[1;37mViolation (200001, [300003, 300001]) turns out to be transient![1;m
[1;42m[1;37mViolation (200002, [100003, 100002]) turns out to be transient![1;m
[1;41m[1;37mThe following correctness violations have occurred: ['(300001, [200003, 200001])'][1;m
[1;36mRound 120 completed.[1;m
[1;36mDropping dataplane event[1;m
[1;36mForwarding dataplane event[1;m
[1;36mForwarding dataplane event[1;m
[1;36mBlocking connection [Con 21][1;m
[1;36mUnblocking connection [Con 21][1;m
[1;36minjecting a random packet[1;m
[1;36minjecting a random packet[1;m
[1;36mRound 121 completed.[1;m
[1;36mForwarding dataplane event[1;m
[1;36mForwarding dataplane event[1;m
[1;36mForwarding dataplane event[1;m
[1;36mBlocking connection [Con 26][1;m
[1;36mUnblocking connection [Con 26][1;m
[1;36minjecting a random packet[1;m
[1;36mRound 122 completed.[1;m
[1;36mDropping dataplane event[1;m
[1;36mForwarding dataplane event[1;m
[1;36mForwarding dataplane event[1;m
[1;36mForwarding dataplane event[1;m
[1;36mForwarding dataplane event[1;m
[1;36mForwarding dataplane event[1;m
[1;36mForwarding dataplane event[1;m
[1;36mForwarding dataplane event[1;m
[1;36mForwarding dataplane event[1;m
[1;36mBlocking connection [Con 22][1;m
[1;36mUnblocking connection [Con 22][1;m
[1;36minjecting a random packet[1;m
[1;36minjecting a random packet[1;m
[1;36mRound 123 completed.[1;m
[1;36mForwarding dataplane event[1;m
[1;36mForwarding dataplane event[1;m
[1;36mForwarding dataplane event[1;m
[1;36mForwarding dataplane event[1;m
[1;36mForwarding dataplane event[1;m
[1;36mCutting link (3:2) -> (1:1)[1;m
[1;36minjecting a random packet[1;m
[1;36minjecting a random packet[1;m
[1;36mRound 124 completed.[1;m
[1;36mForwarding dataplane event[1;m
[1;36mForwarding dataplane event[1;m
[1;36mForwarding dataplane event[1;m
[1;36mDropping dataplane event[1;m
[1;36mForwarding dataplane event[1;m
[1;36minjecting a random packet[1;m
[1;36minjecting a random packet[1;m
[1;41m[1;37mViolation encountered again after 5 steps: (300001, [200003, 200001])[1;m
[1;41m[1;37mThe following correctness violations have occurred: ['(300001, [200003, 200001])'][1;m
[1;36mRound 125 completed.[1;m
[1;36mDropping dataplane event[1;m
[1;36mForwarding dataplane event[1;m
[1;36mForwarding dataplane event[1;m
[1;36mForwarding dataplane event[1;m
[1;36mForwarding dataplane event[1;m
[1;36minjecting a random packet[1;m
[1;36mRound 126 completed.[1;m
[1;36mForwarding dataplane event[1;m
[1;36mForwarding dataplane event[1;m
[1;36mForwarding dataplane event[1;m
[1;36minjecting a random packet[1;m
[1;36mRound 127 completed.[1;m
[1;36mForwarding dataplane event[1;m
[1;36mForwarding dataplane event[1;m
[1;36mForwarding dataplane event[1;m
[1;36mBlocking connection [Con 26][1;m
[1;36mUnblocking connection [Con 26][1;m
[1;36mRound 128 completed.[1;m
[1;36mForwarding dataplane event[1;m
[1;36mRestoring link (3:2) -> (1:1)[1;m
[1;36minjecting a random packet[1;m
[1;36mRound 129 completed.[1;m
[1;36mForwarding dataplane event[1;m
[1;36minjecting a random packet[1;m
[1;41m[1;37mViolation encountered again after 10 steps: (300001, [200003, 200001])[1;m
[1;41m[1;37mThe following correctness violations have occurred: ['(300001, [200003, 200001])'][1;m
[1;36mRound 130 completed.[1;m
[1;36mForwarding dataplane event[1;m
[1;36mForwarding dataplane event[1;m
[1;36mBlocking connection [Con 25][1;m
[1;36mUnblocking connection [Con 25][1;m
[1;36minjecting a random packet[1;m
[1;36minjecting a random packet[1;m
[1;36mRound 131 completed.[1;m
[1;36mForwarding dataplane event[1;m
[1;36mForwarding dataplane event[1;m
[1;36mForwarding dataplane event[1;m
[1;36mForwarding dataplane event[1;m
[1;36minjecting a random packet[1;m
[1;36mRound 132 completed.[1;m
[1;36mDropping dataplane event[1;m
[1;36mDropping dataplane event[1;m
[1;36mForwarding dataplane event[1;m
[1;36mBlocking connection [Con 25][1;m
[1;36mUnblocking connection [Con 25][1;m
[1;36mCutting link (3:2) -> (1:1)[1;m
[1;36minjecting a random packet[1;m
[1;36minjecting a random packet[1;m
[1;36mRound 133 completed.[1;m
[1;36mForwarding dataplane event[1;m
[1;36mForwarding dataplane event[1;m
[1;36mForwarding dataplane event[1;m
[1;36mCutting link (1:1) -> (3:2)[1;m
[1;36mRestoring link (3:2) -> (1:1)[1;m
[1;36mRound 134 completed.[1;m
[1;36mForwarding dataplane event[1;m
[1;36mForwarding dataplane event[1;m
[1;36mBlocking connection [Con 21][1;m
[1;36mUnblocking connection [Con 21][1;m
[1;36mRestoring link (1:1) -> (3:2)[1;m
[1;36minjecting a random packet[1;m
[1;41m[1;37mViolation encountered again after 15 steps: (300001, [200003, 200001])[1;m
[1;41m[1;37mThe following correctness violations have occurred: ['(300001, [200003, 200001])'][1;m
[1;36mRound 135 completed.[1;m
[1;36mDropping dataplane event[1;m
[1;36mForwarding dataplane event[1;m
[1;36mBlocking connection [Con 26][1;m
[1;36mUnblocking connection [Con 26][1;m
[1;36minjecting a random packet[1;m
[1;36mRound 136 completed.[1;m
[1;36mForwarding dataplane event[1;m
[1;36mBlocking connection [Con 25][1;m
[1;36mBlocking connection [Con 19][1;m
[1;36mUnblocking connection [Con 25][1;m
[1;36mUnblocking connection [Con 19][1;m
[1;36minjecting a random packet[1;m
[1;36minjecting a random packet[1;m
[1;36mRound 137 completed.[1;m
[1;36mDropping dataplane event[1;m
[1;36mForwarding dataplane event[1;m
[1;36mDropping dataplane event[1;m
[1;36mRound 138 completed.[1;m
[1;36mDropping dataplane event[1;m
[1;36minjecting a random packet[1;m
[1;36mRound 139 completed.[1;m
[1;36mForwarding dataplane event[1;m
[1;36minjecting a random packet[1;m
[1;36minjecting a random packet[1;m
[1;41m[1;37mViolation encountered again after 20 steps: (300001, [200003, 200001])[1;m
[1;41m[1;37mThe following correctness violations have occurred: ['(300001, [200003, 200001])'][1;m
[1;36mRound 140 completed.[1;m
[1;36mForwarding dataplane event[1;m
[1;36mForwarding dataplane event[1;m
[1;36mForwarding dataplane event[1;m
[1;36mBlocking connection [Con 22][1;m
[1;36mUnblocking connection [Con 22][1;m
[1;36minjecting a random packet[1;m
[1;36mRound 141 completed.[1;m
[1;36mForwarding dataplane event[1;m
[1;36mForwarding dataplane event[1;m
[1;36mForwarding dataplane event[1;m
[1;36mForwarding dataplane event[1;m
[1;36mBlocking connection [Con 22][1;m
[1;36mUnblocking connection [Con 22][1;m
[1;36minjecting a random packet[1;m
[1;36mRound 142 completed.[1;m
[1;36mForwarding dataplane event[1;m
[1;36mForwarding dataplane event[1;m
[1;36mForwarding dataplane event[1;m
[1;36mBlocking connection [Con 20][1;m
[1;36mUnblocking connection [Con 20][1;m
[1;36mRound 143 completed.[1;m
[1;36mForwarding dataplane event[1;m
[1;36mRound 144 completed.[1;m
[1;36mBlocking connection [Con 21][1;m
[1;36mUnblocking connection [Con 21][1;m
[1;36minjecting a random packet[1;m
[1;41m[1;37mViolation encountered again after 25 steps: (300001, [200003, 200001])[1;m
[1;41m[1;37mThe following correctness violations have occurred: ['(300001, [200003, 200001])'][1;m
[1;36mRound 145 completed.[1;m
[1;36mForwarding dataplane event[1;m
[1;36minjecting a random packet[1;m
[1;36mRound 146 completed.[1;m
[1;36mForwarding dataplane event[1;m
[1;36mDropping dataplane event[1;m
[1;36mBlocking connection [Con 21][1;m
[1;36mUnblocking connection [Con 21][1;m
[1;36mCutting link (3:1) -> (2:1)[1;m
[1;36minjecting a random packet[1;m
[1;36minjecting a random packet[1;m
[1;36minjecting a random packet[1;m
[1;36mRound 147 completed.[1;m
[1;36mForwarding dataplane event[1;m
[1;36mForwarding dataplane event[1;m
[1;36mDropping dataplane event[1;m
[1;36mDropping dataplane event[1;m
[1;36mRound 148 completed.[1;m
[1;36mForwarding dataplane event[1;m
[1;36mDropping dataplane event[1;m
Duration: 11 nsec: 755244016
Duration: 16 nsec: 189181089
[1;36minjecting a random packet[1;m
[1;36minjecting a random packet[1;m
[1;36mRound 149 completed.[1;m
[1;36mForwarding dataplane event[1;m
[1;36mForwarding dataplane event[1;m
[1;36mForwarding dataplane event[1;m
[1;36mBlocking connection [Con 21][1;m
[1;36mUnblocking connection [Con 21][1;m
[1;36minjecting a random packet[1;m
[1;41m[1;37mViolation encountered again after 30 steps: (300001, [200003, 200001])[1;m
[1;41m[1;37mThe following correctness violations have occurred: ['(300001, [200003, 200001])'][1;m
[1;36mRound 150 completed.[1;m
[1;36mForwarding dataplane event[1;m
[1;36mDropping dataplane event[1;m
[1;36mDropping dataplane event[1;m
[1;36minjecting a random packet[1;m
[1;36mRound 151 completed.[1;m
[1;36mForwarding dataplane event[1;m
[1;36mDropping dataplane event[1;m
[1;36mRestoring link (3:1) -> (2:1)[1;m
[1;36minjecting a random packet[1;m
[1;36mRound 152 completed.[1;m
[1;36mForwarding dataplane event[1;m
[1;36mForwarding dataplane event[1;m
[1;36mRound 153 completed.[1;m
[1;36mForwarding dataplane event[1;m
[1;36mForwarding dataplane event[1;m
[1;36mBlocking connection [Con 25][1;m
[1;36mUnblocking connection [Con 25][1;m
[1;36mRound 154 completed.[1;m
[1;36mForwarding dataplane event[1;m
[1;36minjecting a random packet[1;m
[1;41m[1;37mViolation encountered again after 35 steps: (300001, [200003, 200001])[1;m
[1;41m[1;37mThe following correctness violations have occurred: ['(300001, [200003, 200001])'][1;m
[1;36mRound 155 completed.[1;m
[1;36mForwarding dataplane event[1;m
[1;36mBlocking connection [Con 21][1;m
[1;36mBlocking connection [Con 25][1;m
[1;36mUnblocking connection [Con 21][1;m
[1;36mUnblocking connection [Con 25][1;m
[1;36minjecting a random packet[1;m
[1;36mRound 156 completed.[1;m
[1;36mDropping dataplane event[1;m
[1;36mForwarding dataplane event[1;m
[1;36minjecting a random packet[1;m
[1;36minjecting a random packet[1;m
[1;36mRound 157 completed.[1;m
[1;36mForwarding dataplane event[1;m
[1;36mForwarding dataplane event[1;m
[1;36mForwarding dataplane event[1;m
[1;36mBlocking connection [Con 22][1;m
[1;36mUnblocking connection [Con 22][1;m
[1;36minjecting a random packet[1;m
[1;36mRound 158 completed.[1;m
[1;36mForwarding dataplane event[1;m
[1;36mDropping dataplane event[1;m
[1;36minjecting a random packet[1;m
[1;36minjecting a random packet[1;m
[1;36mRound 159 completed.[1;m
[1;36mForwarding dataplane event[1;m
[1;36mForwarding dataplane event[1;m
[1;36mForwarding dataplane event[1;m
[1;36minjecting a random packet[1;m
[1;41m[1;37mViolation encountered again after 40 steps: (300001, [200003, 200001])[1;m
[1;41m[1;37mThe following correctness violations have occurred: ['(300001, [200003, 200001])'][1;m
[1;36mRound 160 completed.[1;m
[1;36mForwarding dataplane event[1;m
[1;36mForwarding dataplane event[1;m
[1;36mForwarding dataplane event[1;m
[1;36mCutting link (1:1) -> (3:2)[1;m
[1;36mRound 161 completed.[1;m
[1;36mForwarding dataplane event[1;m
[1;36mDropping dataplane event[1;m
[1;36mRestoring link (1:1) -> (3:2)[1;m
[1;36minjecting a random packet[1;m
[1;36mRound 162 completed.[1;m
[1;36mForwarding dataplane event[1;m
[1;36mBlocking connection [Con 26][1;m
[1;36mUnblocking connection [Con 26][1;m
[1;36minjecting a random packet[1;m
[1;36mRound 163 completed.[1;m
[1;36mDropping dataplane event[1;m
[1;36mForwarding dataplane event[1;m
[1;36mBlocking connection [Con 26][1;m
[1;36mUnblocking connection [Con 26][1;m
[1;36mRound 164 completed.[1;m
[1;36mDropping dataplane event[1;m
[1;41m[1;37mViolation encountered again after 45 steps: (300001, [200003, 200001])[1;m
[1;41m[1;37mThe following correctness violations have occurred: ['(300001, [200003, 200001])'][1;m
[1;36mRound 165 completed.[1;m
[1;36mBlocking connection [Con 25][1;m
[1;36mUnblocking connection [Con 25][1;m
[1;36minjecting a random packet[1;m
[1;36mRound 166 completed.[1;m
[1;36mForwarding dataplane event[1;m
[1;36mRound 167 completed.[1;m
[1;36mForwarding dataplane event[1;m
[1;36mBlocking connection [Con 20][1;m
[1;36mUnblocking connection [Con 20][1;m
[1;36mRound 168 completed.[1;m
[1;36mForwarding dataplane event[1;m
[1;36minjecting a random packet[1;m
[1;36mRound 169 completed.[1;m
[1;36mDropping dataplane event[1;m
[1;36minjecting a random packet[1;m
[1;41m[1;37mViolation encountered again after 50 steps: (300001, [200003, 200001])[1;m
[1;41m[1;37mThe following correctness violations have occurred: ['(300001, [200003, 200001])'][1;m
[1;36mRound 170 completed.[1;m
[1;36mDropping dataplane event[1;m
[1;36mBlocking connection [Con 19][1;m
[1;36mUnblocking connection [Con 19][1;m
[1;36minjecting a random packet[1;m
[1;36mRound 171 completed.[1;m
[1;36mForwarding dataplane event[1;m
[1;36mBlocking connection [Con 21][1;m
[1;36mBlocking connection [Con 19][1;m
[1;36mUnblocking connection [Con 21][1;m
[1;36mUnblocking connection [Con 19][1;m
[1;36minjecting a random packet[1;m
[1;36mRound 172 completed.[1;m
[1;36mForwarding dataplane event[1;m
[1;36mBlocking connection [Con 26][1;m
[1;36mUnblocking connection [Con 26][1;m
[1;36minjecting a random packet[1;m
[1;36mRound 173 completed.[1;m
[1;36mForwarding dataplane event[1;m
[1;36mForwarding dataplane event[1;m
[1;36mForwarding dataplane event[1;m
[1;36mDropping dataplane event[1;m
[1;36minjecting a random packet[1;m
[1;36mRound 174 completed.[1;m
[1;36mForwarding dataplane event[1;m
[1;36mDropping dataplane event[1;m
[1;36mDropping dataplane event[1;m
[1;36mBlocking connection [Con 20][1;m
[1;36mUnblocking connection [Con 20][1;m
[1;36minjecting a random packet[1;m
[1;41m[1;37mViolation encountered again after 55 steps: (300001, [200003, 200001])[1;m
[1;41m[1;37mThe following correctness violations have occurred: ['(300001, [200003, 200001])'][1;m
[1;36mRound 175 completed.[1;m
[1;36mForwarding dataplane event[1;m
[1;36mForwarding dataplane event[1;m
[1;36mDropping dataplane event[1;m
[1;36mForwarding dataplane event[1;m
[1;36mBlocking connection [Con 20][1;m
[1;36mUnblocking connection [Con 20][1;m
[1;36minjecting a random packet[1;m
[1;36mRound 176 completed.[1;m
[1;36mForwarding dataplane event[1;m
[1;36mForwarding dataplane event[1;m
[1;36minjecting a random packet[1;m
[1;36minjecting a random packet[1;m
[1;36mRound 177 completed.[1;m
[1;36mDropping dataplane event[1;m
[1;36mForwarding dataplane event[1;m
[1;36mDropping dataplane event[1;m
[1;36mDropping dataplane event[1;m
[1;36mForwarding dataplane event[1;m
[1;36mBlocking connection [Con 22][1;m
[1;36mUnblocking connection [Con 22][1;m
[1;36mCutting link (2:2) -> (1:2)[1;m
[1;36mRound 178 completed.[1;m
[1;36mForwarding dataplane event[1;m
[1;36mRestoring link (2:2) -> (1:2)[1;m
[1;36minjecting a random packet[1;m
[1;36minjecting a random packet[1;m
[1;36mRound 179 completed.[1;m
[1;36mForwarding dataplane event[1;m
[1;36mForwarding dataplane event[1;m
[1;36mForwarding dataplane event[1;m
[1;36mForwarding dataplane event[1;m
[1;36minjecting a random packet[1;m
[1;41m[1;37mViolation encountered again after 60 steps: (300001, [200003, 200001])[1;m
[1;41m[1;37mThe following correctness violations have occurred: ['(300001, [200003, 200001])'][1;m
[1;36mRound 180 completed.[1;m
[1;36mForwarding dataplane event[1;m
[1;36mDropping dataplane event[1;m
[1;36mDropping dataplane event[1;m
[1;36mBlocking connection [Con 25][1;m
[1;36mUnblocking connection [Con 25][1;m
Duration: 22 nsec: 372752904
[1;36minjecting a random packet[1;m
[1;36minjecting a random packet[1;m
[1;36minjecting a random packet[1;m
[1;36mRound 181 completed.[1;m
[1;36mForwarding dataplane event[1;m
[1;36mForwarding dataplane event[1;m
[1;36mForwarding dataplane event[1;m
[1;36mDropping dataplane event[1;m
[1;36minjecting a random packet[1;m
[1;36mRound 182 completed.[1;m
[1;36mForwarding dataplane event[1;m
[1;36mForwarding dataplane event[1;m
[1;36mForwarding dataplane event[1;m
[1;36minjecting a random packet[1;m
[1;36mRound 183 completed.[1;m
[1;36mForwarding dataplane event[1;m
[1;36mForwarding dataplane event[1;m
[1;36mForwarding dataplane event[1;m
[1;36mBlocking connection [Con 22][1;m
[1;36mUnblocking connection [Con 22][1;m
[1;36mCutting link (3:2) -> (1:1)[1;m
[1;36mRound 184 completed.[1;m
[1;36mDropping dataplane event[1;m
[1;36minjecting a random packet[1;m
[1;41m[1;37mViolation encountered again after 65 steps: (300001, [200003, 200001])[1;m
[1;41m[1;37mThe following correctness violations have occurred: ['(300001, [200003, 200001])'][1;m
[1;36mRound 185 completed.[1;m
[1;36mForwarding dataplane event[1;m
[1;36mBlocking connection [Con 25][1;m
[1;36mUnblocking connection [Con 25][1;m
[1;36mRestoring link (3:2) -> (1:1)[1;m
[1;36minjecting a random packet[1;m
[1;36mRound 186 completed.[1;m
[1;36mForwarding dataplane event[1;m
[1;36mForwarding dataplane event[1;m
[1;36mBlocking connection [Con 22][1;m
[1;36mUnblocking connection [Con 22][1;m
[1;36mCrashing software_switch SoftwareSwitch(dpid=2, num_ports=3)[1;m
[1;36minjecting a random packet[1;m
[1;36mRound 187 completed.[1;m
[1;36mForwarding dataplane event[1;m
[1;36mForwarding dataplane event[1;m
[1;36mForwarding dataplane event[1;m
[1;36mBlocking connection [Con 20][1;m
[1;36mUnblocking connection [Con 20][1;m
[1;36minjecting a random packet[1;m
[1;36mRound 188 completed.[1;m
[1;36mForwarding dataplane event[1;m
[1;36mForwarding dataplane event[1;m
[1;36mRebooting software_switch SoftwareSwitch(dpid=2, num_ports=3)[1;m
connect_socket_with_backoff ('10.192.5.226', 6633)
connect_socket_with_backoff ('10.192.5.227', 6633)
[1;36minjecting a random packet[1;m
[1;36minjecting a random packet[1;m
[1;36mRound 189 completed.[1;m
[1;36mForwarding dataplane event[1;m
[1;36mDropping dataplane event[1;m
[1;36mForwarding dataplane event[1;m
[1;36mBlocking connection [Con 28][1;m
[1;36mBlocking connection [Con 19][1;m
[1;36mUnblocking connection [Con 28][1;m
[1;36mUnblocking connection [Con 19][1;m
[1;36minjecting a random packet[1;m
[1;41m[1;37mViolation encountered again after 70 steps: (300001, [200003, 200001])[1;m
[1;41m[1;37mThe following correctness violations have occurred: ['(300001, [200003, 200001])'][1;m
[1;36mRound 190 completed.[1;m
[1;36mForwarding dataplane event[1;m
[1;36mForwarding dataplane event[1;m
[1;36minjecting a random packet[1;m
[1;36mRound 191 completed.[1;m
[1;36mForwarding dataplane event[1;m
[1;36mForwarding dataplane event[1;m
[1;36mDropping dataplane event[1;m
[1;36mForwarding dataplane event[1;m
[1;36mForwarding dataplane event[1;m
[1;36mForwarding dataplane event[1;m
[1;36mForwarding dataplane event[1;m
[1;36mForwarding dataplane event[1;m
[1;36mForwarding dataplane event[1;m
[1;36mForwarding dataplane event[1;m
[1;36mForwarding dataplane event[1;m
[1;36mDropping dataplane event[1;m
[1;36mForwarding dataplane event[1;m
[1;36mDropping dataplane event[1;m
[1;36mForwarding dataplane event[1;m
[1;36mForwarding dataplane event[1;m
[1;36mForwarding dataplane event[1;m
[1;36mBlocking connection [Con 27][1;m
[1;36mUnblocking connection [Con 27][1;m
[1;36minjecting a random packet[1;m
[1;36minjecting a random packet[1;m
[1;36mRound 192 completed.[1;m
[1;36mForwarding dataplane event[1;m
[1;36mForwarding dataplane event[1;m
[1;36mForwarding dataplane event[1;m
[1;36mBlocking connection [Con 22][1;m
[1;36mUnblocking connection [Con 22][1;m
[1;36minjecting a random packet[1;m
[1;36mRound 193 completed.[1;m
[1;36mForwarding dataplane event[1;m
[1;36mForwarding dataplane event[1;m
[1;36mDropping dataplane event[1;m
[1;36mForwarding dataplane event[1;m
[1;36mDropping dataplane event[1;m
[1;36minjecting a random packet[1;m
[1;36minjecting a random packet[1;m
[1;36mRound 194 completed.[1;m
[1;36mForwarding dataplane event[1;m
[1;36mForwarding dataplane event[1;m
[1;36minjecting a random packet[1;m
[1;41m[1;37mViolation encountered again after 75 steps: (300001, [200003, 200001])[1;m
[1;41m[1;37mThe following correctness violations have occurred: ['(300001, [200003, 200001])'][1;m
[1;36mRound 195 completed.[1;m
[1;36mForwarding dataplane event[1;m
[1;36mForwarding dataplane event[1;m
[1;36mForwarding dataplane event[1;m
[1;36mForwarding dataplane event[1;m
[1;36mDropping dataplane event[1;m
[1;36mForwarding dataplane event[1;m
[1;36mForwarding dataplane event[1;m
[1;36mForwarding dataplane event[1;m
[1;36mBlocking connection [Con 19][1;m
[1;36mUnblocking connection [Con 19][1;m
[1;36minjecting a random packet[1;m
[1;36mRound 196 completed.[1;m
[1;36mDropping dataplane event[1;m
[1;36mDropping dataplane event[1;m
[1;36mDropping dataplane event[1;m
[1;36mForwarding dataplane event[1;m
[1;36mForwarding dataplane event[1;m
[1;36mRound 197 completed.[1;m
[1;36mForwarding dataplane event[1;m
[1;36mCrashing software_switch SoftwareSwitch(dpid=2, num_ports=3)[1;m
[1;36minjecting a random packet[1;m
[1;36minjecting a random packet[1;m
[1;36mRound 198 completed.[1;m
[1;36mForwarding dataplane event[1;m
[1;36mForwarding dataplane event[1;m
[1;36mRebooting software_switch SoftwareSwitch(dpid=2, num_ports=3)[1;m
connect_socket_with_backoff ('10.192.5.226', 6633)
connect_socket_with_backoff ('10.192.5.227', 6633)
[1;36minjecting a random packet[1;m
[1;36minjecting a random packet[1;m
[1;36mRound 199 completed.[1;m
[1;36mDropping dataplane event[1;m
[1;36mForwarding dataplane event[1;m
[1;36mForwarding dataplane event[1;m
[1;36mForwarding dataplane event[1;m
[1;36mBlocking connection [Con 21][1;m
[1;36mBlocking connection [Con 22][1;m
[1;36mUnblocking connection [Con 21][1;m
[1;36mUnblocking connection [Con 22][1;m
[1;41m[1;37mViolation encountered again after 80 steps: (300001, [200003, 200001])[1;m
[1;41m[1;37mThe following correctness violations have occurred: ['(300001, [200003, 200001])'][1;m
[1;36mRound 200 completed.[1;m
[1;36mForwarding dataplane event[1;m
[1;36minjecting a random packet[1;m
[1;36mRound 201 completed.[1;m
[1;36mForwarding dataplane event[1;m
[1;36mCrashing software_switch SoftwareSwitch(dpid=2, num_ports=3)[1;m
[1;36mCrashing software_switch SoftwareSwitch(dpid=1, num_ports=3)[1;m
[1;36minjecting a random packet[1;m
[1;36minjecting a random packet[1;m
[1;36mRound 202 completed.[1;m
[1;36mForwarding dataplane event[1;m
[1;36mDropping dataplane event[1;m
[1;36mForwarding dataplane event[1;m
[1;36mRebooting software_switch SoftwareSwitch(dpid=1, num_ports=3)[1;m
connect_socket_with_backoff ('10.192.5.226', 6633)
connect_socket_with_backoff ('10.192.5.227', 6633)
[1;36mRound 203 completed.[1;m
[1;36mForwarding dataplane event[1;m
[1;36mForwarding dataplane event[1;m
[1;36mBlocking connection [Con 32][1;m
[1;36mUnblocking connection [Con 32][1;m
[1;36mRebooting software_switch SoftwareSwitch(dpid=2, num_ports=3)[1;m
connect_socket_with_backoff ('10.192.5.226', 6633)
connect_socket_with_backoff ('10.192.5.227', 6633)
[1;36minjecting a random packet[1;m
[1;36mRound 204 completed.[1;m
[1;36mForwarding dataplane event[1;m
[1;36mCrashing software_switch SoftwareSwitch(dpid=2, num_ports=3)[1;m
[1;36minjecting a random packet[1;m
[1;42m[1;37mViolation (300001, [200003, 200001]) turns out to be transient![1;m
[1;41m[1;37mThe following correctness violations have occurred: ['(200001, [300003, 300001])', '(200002, [100003, 100002])'][1;m
[1;36mRound 205 completed.[1;m
[1;36mDropping dataplane event[1;m
[1;36mForwarding dataplane event[1;m
[1;36mRebooting software_switch SoftwareSwitch(dpid=2, num_ports=3)[1;m
connect_socket_with_backoff ('10.192.5.226', 6633)
connect_socket_with_backoff ('10.192.5.227', 6633)
[1;36minjecting a random packet[1;m
[1;36mRound 206 completed.[1;m
[1;36mForwarding dataplane event[1;m
[1;36mForwarding dataplane event[1;m
[1;36mBlocking connection [Con 36][1;m
[1;36mUnblocking connection [Con 36][1;m
[1;36minjecting a random packet[1;m
[1;36minjecting a random packet[1;m
[1;36mRound 207 completed.[1;m
[1;36mForwarding dataplane event[1;m
[1;36mForwarding dataplane event[1;m
[1;36mDropping dataplane event[1;m
Duration: 24 nsec: 34590005
[1;36minjecting a random packet[1;m
[1;36mRound 208 completed.[1;m
[1;36mDropping dataplane event[1;m
[1;36mForwarding dataplane event[1;m
[1;36mForwarding dataplane event[1;m
[1;36mBlocking connection [Con 32][1;m
[1;36mUnblocking connection [Con 32][1;m
Duration: 25 nsec: 410412788
[1;36minjecting a random packet[1;m
[1;36minjecting a random packet[1;m
[1;36mRound 209 completed.[1;m
[1;36mDropping dataplane event[1;m
[1;36mDropping dataplane event[1;m
[1;36mForwarding dataplane event[1;m
[1;36mForwarding dataplane event[1;m
[1;36mForwarding dataplane event[1;m
[1;36mForwarding dataplane event[1;m
[1;36mForwarding dataplane event[1;m
[1;36mForwarding dataplane event[1;m
[1;36mDropping dataplane event[1;m
[1;36mForwarding dataplane event[1;m
[1;36mCrashing software_switch SoftwareSwitch(dpid=1, num_ports=3)[1;m
[1;36minjecting a random packet[1;m
[1;42m[1;37mViolation (200001, [300003, 300001]) turns out to be transient![1;m
[1;42m[1;37mViolation (200002, [100003, 100002]) turns out to be transient![1;m
[1;41m[1;37mThe following correctness violations have occurred: ['(100001, [300003, 300002])', '(300001, [200003, 200001])'][1;m
[1;36mRound 210 completed.[1;m
[1;36mDropping dataplane event[1;m
[1;36mForwarding dataplane event[1;m
[1;36mBlocking connection [Con 20][1;m
[1;36mUnblocking connection [Con 20][1;m
[1;36mRebooting software_switch SoftwareSwitch(dpid=1, num_ports=3)[1;m
connect_socket_with_backoff ('10.192.5.226', 6633)
connect_socket_with_backoff ('10.192.5.227', 6633)
[1;36mCutting link (2:1) -> (3:1)[1;m
[1;36mRound 211 completed.[1;m
[1;36mForwarding dataplane event[1;m
[1;36mRound 212 completed.[1;m
[1;36mForwarding dataplane event[1;m
[1;36mForwarding dataplane event[1;m
[1;36mForwarding dataplane event[1;m
[1;36mForwarding dataplane event[1;m
[1;36mForwarding dataplane event[1;m
[1;36mDropping dataplane event[1;m
[1;36mDropping dataplane event[1;m
[1;36mBlocking connection [Con 38][1;m
[1;36mUnblocking connection [Con 38][1;m
[1;36minjecting a random packet[1;m
[1;36mRound 213 completed.[1;m
[1;36mDropping dataplane event[1;m
[1;36minjecting a random packet[1;m
[1;36mRound 214 completed.[1;m
[1;36mForwarding dataplane event[1;m
[1;36mBlocking connection [Con 35][1;m
[1;36mUnblocking connection [Con 35][1;m
[1;36mRestoring link (2:1) -> (3:1)[1;m
[1;36minjecting a random packet[1;m
[1;42m[1;37mViolation (100001, [300003, 300002]) turns out to be transient![1;m
[1;41m[1;37mViolation encountered again after 5 steps: (300001, [200003, 200001])[1;m
[1;41m[1;37mThe following correctness violations have occurred: ['(300001, [200003, 200001])'][1;m
[1;36mRound 215 completed.[1;m
[1;36mForwarding dataplane event[1;m
[1;36mForwarding dataplane event[1;m
[1;36minjecting a random packet[1;m
[1;36minjecting a random packet[1;m
[1;36minjecting a random packet[1;m
[1;36mRound 216 completed.[1;m
[1;36mForwarding dataplane event[1;m
[1;36mDropping dataplane event[1;m
[1;36mForwarding dataplane event[1;m
[1;36mForwarding dataplane event[1;m
[1;36mBlocking connection [Con 19][1;m
[1;36mBlocking connection [Con 20][1;m
[1;36mUnblocking connection [Con 19][1;m
[1;36mUnblocking connection [Con 20][1;m
[1;36mRound 217 completed.[1;m
[1;36mForwarding dataplane event[1;m
[1;36mDropping dataplane event[1;m
[1;36mForwarding dataplane event[1;m
[1;36mForwarding dataplane event[1;m
[1;36mForwarding dataplane event[1;m
[1;36mForwarding dataplane event[1;m
[1;36mForwarding dataplane event[1;m
[1;36mForwarding dataplane event[1;m
[1;36mBlocking connection [Con 20][1;m
[1;36mUnblocking connection [Con 20][1;m
[1;36mRound 218 completed.[1;m
[1;36mForwarding dataplane event[1;m
[1;36mForwarding dataplane event[1;m
[1;36mForwarding dataplane event[1;m
[1;36minjecting a random packet[1;m
[1;36mRound 219 completed.[1;m
[1;36mForwarding dataplane event[1;m
[1;36mForwarding dataplane event[1;m
[1;36mForwarding dataplane event[1;m
[1;36mBlocking connection [Con 19][1;m
[1;36mUnblocking connection [Con 19][1;m
[1;41m[1;37mViolation encountered again after 10 steps: (300001, [200003, 200001])[1;m
[1;41m[1;37mThe following correctness violations have occurred: ['(300001, [200003, 200001])'][1;m
[1;36mRound 220 completed.[1;m
[1;36mForwarding dataplane event[1;m
[1;36mForwarding dataplane event[1;m
[1;36mDropping dataplane event[1;m
[1;36mForwarding dataplane event[1;m
[1;36minjecting a random packet[1;m
[1;36minjecting a random packet[1;m
[1;36mRound 221 completed.[1;m
[1;36mForwarding dataplane event[1;m
[1;36mDropping dataplane event[1;m
[1;36mBlocking connection [Con 19][1;m
[1;36mUnblocking connection [Con 19][1;m
[1;36minjecting a random packet[1;m
[1;36mRound 222 completed.[1;m
[1;36mForwarding dataplane event[1;m
[1;36mForwarding dataplane event[1;m
[1;36mForwarding dataplane event[1;m
[1;36mBlocking connection [Con 36][1;m
[1;36mUnblocking connection [Con 36][1;m
[1;36minjecting a random packet[1;m
[1;36minjecting a random packet[1;m
[1;36mRound 223 completed.[1;m
[1;36mForwarding dataplane event[1;m
[1;36mForwarding dataplane event[1;m
[1;36mForwarding dataplane event[1;m
[1;36minjecting a random packet[1;m
[1;36mRound 224 completed.[1;m
[1;36mForwarding dataplane event[1;m
[1;36mForwarding dataplane event[1;m
[1;36mForwarding dataplane event[1;m
[1;36minjecting a random packet[1;m
[1;41m[1;37mViolation encountered again after 15 steps: (300001, [200003, 200001])[1;m
[1;41m[1;37mThe following correctness violations have occurred: ['(300001, [200003, 200001])'][1;m
[1;36mRound 225 completed.[1;m
[1;36mDropping dataplane event[1;m
[1;36mForwarding dataplane event[1;m
[1;36mForwarding dataplane event[1;m
[1;36mForwarding dataplane event[1;m
[1;36mBlocking connection [Con 19][1;m
[1;36mUnblocking connection [Con 19][1;m
[1;36minjecting a random packet[1;m
[1;36minjecting a random packet[1;m
[1;36mRound 226 completed.[1;m
[1;36mForwarding dataplane event[1;m
[1;36mForwarding dataplane event[1;m
[1;36mForwarding dataplane event[1;m
[1;36mBlocking connection [Con 36][1;m
[1;36mUnblocking connection [Con 36][1;m
[1;36minjecting a random packet[1;m
[1;36mRound 227 completed.[1;m
[1;36mForwarding dataplane event[1;m
[1;36mForwarding dataplane event[1;m
[1;36mForwarding dataplane event[1;m
[1;36mBlocking connection [Con 35][1;m
[1;36mUnblocking connection [Con 35][1;m
[1;36mRound 228 completed.[1;m
[1;36mDropping dataplane event[1;m
[1;36minjecting a random packet[1;m
[1;36minjecting a random packet[1;m
[1;36mRound 229 completed.[1;m
[1;36mForwarding dataplane event[1;m
[1;36mDropping dataplane event[1;m
[1;36mDropping dataplane event[1;m
[1;36mForwarding dataplane event[1;m
[1;36mForwarding dataplane event[1;m
[1;36mForwarding dataplane event[1;m
[1;41m[1;37mViolation encountered again after 20 steps: (300001, [200003, 200001])[1;m
[1;41m[1;37mThe following correctness violations have occurred: ['(300001, [200003, 200001])'][1;m
[1;36mRound 230 completed.[1;m
[1;36mForwarding dataplane event[1;m
[1;36mBlocking connection [Con 36][1;m
[1;36mUnblocking connection [Con 36][1;m
[1;36mRound 231 completed.[1;m
[1;36mDropping dataplane event[1;m
[1;36mBlocking connection [Con 20][1;m
[1;36mUnblocking connection [Con 20][1;m
[1;36mCrashing software_switch SoftwareSwitch(dpid=1, num_ports=3)[1;m
[1;36minjecting a random packet[1;m
[1;36minjecting a random packet[1;m
[1;36mRound 232 completed.[1;m
[1;36mForwarding dataplane event[1;m
[1;36mDropping dataplane event[1;m
[1;36mRound 233 completed.[1;m
[1;36mForwarding dataplane event[1;m
[1;36mBlocking connection [Con 36][1;m
[1;36mUnblocking connection [Con 36][1;m
[1;36mRebooting software_switch SoftwareSwitch(dpid=1, num_ports=3)[1;m
connect_socket_with_backoff ('10.192.5.226', 6633)
connect_socket_with_backoff ('10.192.5.227', 6633)
[1;36mRound 234 completed.[1;m
[1;36mForwarding dataplane event[1;m
[1;36mBlocking connection [Con 39][1;m
[1;36mBlocking connection [Con 20][1;m
[1;36mUnblocking connection [Con 39][1;m
[1;36mUnblocking connection [Con 20][1;m
[1;36mCrashing software_switch SoftwareSwitch(dpid=1, num_ports=3)[1;m
[1;36minjecting a random packet[1;m
[1;36minjecting a random packet[1;m
[1;41m[1;37mViolation encountered again after 25 steps: (300001, [200003, 200001])[1;m
[1;41m[1;37mThe following correctness violations have occurred: ['(100001, [300003, 300002])', '(300001, [200003, 200001])'][1;m
[1;36mRound 235 completed.[1;m
[1;36mDropping dataplane event[1;m
[1;36mForwarding dataplane event[1;m
Duration: 29 nsec: 46873807
[1;36minjecting a random packet[1;m
[1;36mRound 236 completed.[1;m
[1;36mForwarding dataplane event[1;m
[1;36mRebooting software_switch SoftwareSwitch(dpid=1, num_ports=3)[1;m
connect_socket_with_backoff ('10.192.5.226', 6633)
connect_socket_with_backoff ('10.192.5.227', 6633)
[1;36minjecting a random packet[1;m
[1;36minjecting a random packet[1;m
[1;36mRound 237 completed.[1;m
[1;36mDropping dataplane event[1;m
[1;36mForwarding dataplane event[1;m
[1;36mForwarding dataplane event[1;m
[1;36minjecting a random packet[1;m
[1;36mRound 238 completed.[1;m
[1;36mDropping dataplane event[1;m
[1;36mForwarding dataplane event[1;m
[1;36mForwarding dataplane event[1;m
[1;36mBlocking connection [Con 36][1;m
[1;36mUnblocking connection [Con 36][1;m
[1;36minjecting a random packet[1;m
[1;36minjecting a random packet[1;m
[1;36mRound 239 completed.[1;m
[1;36mForwarding dataplane event[1;m
[1;36mForwarding dataplane event[1;m
[1;36mBlocking connection [Con 41][1;m
[1;36mUnblocking connection [Con 41][1;m
[1;42m[1;37mViolation (100001, [300003, 300002]) turns out to be transient![1;m
[1;41m[1;37mViolation encountered again after 30 steps: (300001, [200003, 200001])[1;m
[1;41m[1;37mThe following correctness violations have occurred: ['(300001, [200003, 200001])'][1;m
[1;36mRound 240 completed.[1;m
[1;36mForwarding dataplane event[1;m
[1;36mForwarding dataplane event[1;m
[1;36mRound 241 completed.[1;m
[1;36mForwarding dataplane event[1;m
[1;36minjecting a random packet[1;m
[1;36mRound 242 completed.[1;m
[1;36mForwarding dataplane event[1;m
[1;36mBlocking connection [Con 19][1;m
[1;36mUnblocking connection [Con 19][1;m
[1;36minjecting a random packet[1;m
[1;36minjecting a random packet[1;m
[1;36mRound 243 completed.[1;m
[1;36mForwarding dataplane event[1;m
[1;36mDropping dataplane event[1;m
[1;36mDropping dataplane event[1;m
[1;36mForwarding dataplane event[1;m
[1;36mForwarding dataplane event[1;m
[1;36mForwarding dataplane event[1;m
[1;36mForwarding dataplane event[1;m
[1;36mForwarding dataplane event[1;m
[1;36mBlocking connection [Con 19][1;m
[1;36mBlocking connection [Con 20][1;m
[1;36mUnblocking connection [Con 19][1;m
[1;36mUnblocking connection [Con 20][1;m
[1;36minjecting a random packet[1;m
[1;36mRound 244 completed.[1;m
[1;36mForwarding dataplane event[1;m
[1;36mForwarding dataplane event[1;m
[1;36mBlocking connection [Con 35][1;m
[1;36mUnblocking connection [Con 35][1;m
[1;41m[1;37mViolation encountered again after 35 steps: (300001, [200003, 200001])[1;m
[1;41m[1;37mThe following correctness violations have occurred: ['(300001, [200003, 200001])'][1;m
[1;36mRound 245 completed.[1;m
[1;36mForwarding dataplane event[1;m
[1;36mForwarding dataplane event[1;m
[1;36mForwarding dataplane event[1;m
[1;36mBlocking connection [Con 19][1;m
[1;36mUnblocking connection [Con 19][1;m
[1;36mCrashing software_switch SoftwareSwitch(dpid=3, num_ports=3)[1;m
[1;36minjecting a random packet[1;m
[1;36mRound 246 completed.[1;m
[1;36mDropping dataplane event[1;m
[1;36mForwarding dataplane event[1;m
[1;36mBlocking connection [Con 42][1;m
[1;36mUnblocking connection [Con 42][1;m
Duration: 29 nsec: 865684032
[1;36mRebooting software_switch SoftwareSwitch(dpid=3, num_ports=3)[1;m
connect_socket_with_backoff ('10.192.5.226', 6633)
connect_socket_with_backoff ('10.192.5.227', 6633)
[1;36mRound 247 completed.[1;m
[1;36mBlocking connection [Con 44][1;m
[1;36mUnblocking connection [Con 44][1;m
[1;36minjecting a random packet[1;m
[1;36mRound 248 completed.[1;m
[1;36mForwarding dataplane event[1;m
[1;36mRound 249 completed.[1;m
[1;36mDropping dataplane event[1;m
[1;41m[1;37mViolation encountered again after 40 steps: (300001, [200003, 200001])[1;m
[1;41m[1;37mThe following correctness violations have occurred: ['(300001, [200003, 200001])'][1;m
[1;36mRound 250 completed.[1;m
[1;36mBlocking connection [Con 43][1;m
[1;36mUnblocking connection [Con 43][1;m
[1;36mRound 251 completed.[1;m
[1;36mBlocking connection [Con 43][1;m
[1;36mUnblocking connection [Con 43][1;m
[1;36mRound 252 completed.[1;m
[1;36mBlocking connection [Con 43][1;m
[1;36mUnblocking connection [Con 43][1;m
[1;36minjecting a random packet[1;m
[1;36mRound 253 completed.[1;m
[1;36mForwarding dataplane event[1;m
[1;36mForwarding dataplane event[1;m
[1;36mForwarding dataplane event[1;m
[1;36mForwarding dataplane event[1;m
[1;36mForwarding dataplane event[1;m
[1;36mForwarding dataplane event[1;m
[1;36mForwarding dataplane event[1;m
[1;36mBlocking connection [Con 43][1;m
[1;36mUnblocking connection [Con 43][1;m
[1;36minjecting a random packet[1;m
[1;36mRound 254 completed.[1;m
[1;36mForwarding dataplane event[1;m
[1;36mForwarding dataplane event[1;m
[1;36mBlocking connection [Con 36][1;m
[1;36mUnblocking connection [Con 36][1;m
Duration: 30 nsec: 888263940
[1;41m[1;37mViolation encountered again after 45 steps: (300001, [200003, 200001])[1;m
[1;41m[1;37mThe following correctness violations have occurred: ['(300001, [200003, 200001])'][1;m
[1;36mRound 255 completed.[1;m
[1;36mDropping dataplane event[1;m
[1;36mForwarding dataplane event[1;m
[1;36mForwarding dataplane event[1;m
[1;36minjecting a random packet[1;m
[1;36mRound 256 completed.[1;m
[1;36mForwarding dataplane event[1;m
[1;36mForwarding dataplane event[1;m
[1;36mBlocking connection [Con 41][1;m
[1;36mUnblocking connection [Con 41][1;m
[1;36mCutting link (2:1) -> (3:1)[1;m
[1;36minjecting a random packet[1;m
[1;36mRound 257 completed.[1;m
[1;36mForwarding dataplane event[1;m
[1;36mDropping dataplane event[1;m
[1;36mRestoring link (2:1) -> (3:1)[1;m
[1;36mRound 258 completed.[1;m
[1;36mForwarding dataplane event[1;m
[1;36mBlocking connection [Con 36][1;m
[1;36mUnblocking connection [Con 36][1;m
Duration: 30 nsec: 779873132
Duration: 26 nsec: 350902080
[1;36minjecting a random packet[1;m
[1;36mRound 259 completed.[1;m
[1;36mForwarding dataplane event[1;m
[1;36mForwarding dataplane event[1;m
[1;36minjecting a random packet[1;m
[1;41m[1;37mViolation encountered again after 50 steps: (300001, [200003, 200001])[1;m
[1;41m[1;37mThe following correctness violations have occurred: ['(300001, [200003, 200001])'][1;m
[1;36mRound 260 completed.[1;m
[1;36mForwarding dataplane event[1;m
[1;36mForwarding dataplane event[1;m
[1;36minjecting a random packet[1;m
[1;36mRound 261 completed.[1;m
[1;36mForwarding dataplane event[1;m
[1;36mDropping dataplane event[1;m
[1;36mForwarding dataplane event[1;m
[1;36minjecting a random packet[1;m
[1;36mRound 262 completed.[1;m
[1;36mForwarding dataplane event[1;m
[1;36mForwarding dataplane event[1;m
[1;36minjecting a random packet[1;m
[1;36mRound 263 completed.[1;m
[1;36mForwarding dataplane event[1;m
[1;36mForwarding dataplane event[1;m
[1;36mRound 264 completed.[1;m
[1;36mForwarding dataplane event[1;m
[1;36mBlocking connection [Con 36][1;m
[1;36mUnblocking connection [Con 36][1;m
[1;36minjecting a random packet[1;m
[1;41m[1;37mViolation encountered again after 55 steps: (300001, [200003, 200001])[1;m
[1;41m[1;37mThe following correctness violations have occurred: ['(300001, [200003, 200001])'][1;m
[1;36mRound 265 completed.[1;m
[1;36mForwarding dataplane event[1;m
[1;36mForwarding dataplane event[1;m
[1;36mDropping dataplane event[1;m
[1;36minjecting a random packet[1;m
[1;36mRound 266 completed.[1;m
[1;36mForwarding dataplane event[1;m
[1;36mForwarding dataplane event[1;m
[1;36mRound 267 completed.[1;m
[1;36mForwarding dataplane event[1;m
[1;36mBlocking connection [Con 41][1;m
[1;36mUnblocking connection [Con 41][1;m
[1;36mRound 268 completed.[1;m
[1;36mForwarding dataplane event[1;m
[1;36mForwarding dataplane event[1;m
[1;36mForwarding dataplane event[1;m
[1;36mRound 269 completed.[1;m
[1;36minjecting a random packet[1;m
[1;41m[1;37mViolation encountered again after 60 steps: (300001, [200003, 200001])[1;m
[1;41m[1;37mThe following correctness violations have occurred: ['(300001, [200003, 200001])'][1;m
[1;36mRound 270 completed.[1;m
[1;36mForwarding dataplane event[1;m
[1;36mForwarding dataplane event[1;m
[1;36mDropping dataplane event[1;m
[1;36mRound 271 completed.[1;m
[1;36mForwarding dataplane event[1;m
[1;36mRound 272 completed.[1;m
[1;36mForwarding dataplane event[1;m
[1;36mRound 273 completed.[1;m
[1;36minjecting a random packet[1;m
[1;36mRound 274 completed.[1;m
[1;36mForwarding dataplane event[1;m
[1;36minjecting a random packet[1;m
[1;41m[1;37mViolation encountered again after 65 steps: (300001, [200003, 200001])[1;m
[1;41m[1;37mThe following correctness violations have occurred: ['(300001, [200003, 200001])'][1;m
[1;36mRound 275 completed.[1;m
[1;36mForwarding dataplane event[1;m
[1;36mForwarding dataplane event[1;m
[1;36mBlocking connection [Con 42][1;m
[1;36mUnblocking connection [Con 42][1;m
[1;36minjecting a random packet[1;m
[1;36mRound 276 completed.[1;m
[1;36mForwarding dataplane event[1;m
[1;36mForwarding dataplane event[1;m
[1;36mBlocking connection [Con 35][1;m
[1;36mBlocking connection [Con 44][1;m
[1;36mUnblocking connection [Con 35][1;m
[1;36mUnblocking connection [Con 44][1;m
[1;36mRound 277 completed.[1;m
[1;36mForwarding dataplane event[1;m
[1;36mCutting link (2:1) -> (3:1)[1;m
[1;36mRound 278 completed.[1;m
[1;36mForwarding dataplane event[1;m
[1;36minjecting a random packet[1;m
[1;36mRound 279 completed.[1;m
[1;36mForwarding dataplane event[1;m
[1;36mBlocking connection [Con 42][1;m
[1;36mUnblocking connection [Con 42][1;m
[1;36mRestoring link (2:1) -> (3:1)[1;m
[1;41m[1;37mViolation encountered again after 70 steps: (300001, [200003, 200001])[1;m
[1;41m[1;37mThe following correctness violations have occurred: ['(300001, [200003, 200001])'][1;m
[1;36mRound 280 completed.[1;m
[1;36mForwarding dataplane event[1;m
[1;36mBlocking connection [Con 42][1;m
[1;36mUnblocking connection [Con 42][1;m
[1;36minjecting a random packet[1;m
[1;36mRound 281 completed.[1;m
[1;36mForwarding dataplane event[1;m
[1;36mBlocking connection [Con 44][1;m
[1;36mUnblocking connection [Con 44][1;m
[1;36mCutting link (3:1) -> (2:1)[1;m
[1;36minjecting a random packet[1;m
[1;36mRound 282 completed.[1;m
[1;36mForwarding dataplane event[1;m
[1;36mForwarding dataplane event[1;m
[1;36mBlocking connection [Con 44][1;m
[1;36mUnblocking connection [Con 44][1;m
[1;36minjecting a random packet[1;m
[1;36mRound 283 completed.[1;m
[1;36mDropping dataplane event[1;m
[1;36mDropping dataplane event[1;m
[1;36mForwarding dataplane event[1;m
[1;36mBlocking connection [Con 41][1;m
[1;36mUnblocking connection [Con 41][1;m
[1;36minjecting a random packet[1;m
[1;36minjecting a random packet[1;m
[1;36mRound 284 completed.[1;m
[1;36mForwarding dataplane event[1;m
[1;36mForwarding dataplane event[1;m
[1;36mRestoring link (3:1) -> (2:1)[1;m
[1;36minjecting a random packet[1;m
[1;41m[1;37mViolation encountered again after 75 steps: (300001, [200003, 200001])[1;m
[1;41m[1;37mThe following correctness violations have occurred: ['(300001, [200003, 200001])'][1;m
[1;36mRound 285 completed.[1;m
[1;36mDropping dataplane event[1;m
[1;36mForwarding dataplane event[1;m
[1;36mBlocking connection [Con 35][1;m
[1;36mUnblocking connection [Con 35][1;m
[1;36minjecting a random packet[1;m
[1;36mRound 286 completed.[1;m
[1;36mForwarding dataplane event[1;m
[1;36mForwarding dataplane event[1;m
[1;36mBlocking connection [Con 43][1;m
[1;36mUnblocking connection [Con 43][1;m
[1;36minjecting a random packet[1;m
[1;36mRound 287 completed.[1;m
[1;36mDropping dataplane event[1;m
[1;36mForwarding dataplane event[1;m
[1;36mCrashing software_switch SoftwareSwitch(dpid=3, num_ports=3)[1;m
[1;36mRound 288 completed.[1;m
[1;36mForwarding dataplane event[1;m
[1;36mBlocking connection [Con 41][1;m
[1;36mBlocking connection [Con 35][1;m
[1;36mUnblocking connection [Con 41][1;m
[1;36mUnblocking connection [Con 35][1;m
[1;36minjecting a random packet[1;m
[1;36mRound 289 completed.[1;m
[1;36mForwarding dataplane event[1;m
[1;36mRebooting software_switch SoftwareSwitch(dpid=3, num_ports=3)[1;m
connect_socket_with_backoff ('10.192.5.226', 6633)
connect_socket_with_backoff ('10.192.5.227', 6633)
[1;41m[1;37mViolation encountered again after 80 steps: (300001, [200003, 200001])[1;m
[1;41m[1;37mThe following correctness violations have occurred: ['(300001, [200003, 200001])'][1;m
[1;36mRound 290 completed.[1;m
[1;36mDropping dataplane event[1;m
[1;36mBlocking connection [Con 36][1;m
[1;36mUnblocking connection [Con 36][1;m
Duration: 35 nsec: 553025007
[1;36mRound 291 completed.[1;m
[1;36minjecting a random packet[1;m
[1;36minjecting a random packet[1;m
[1;36mRound 292 completed.[1;m
[1;36mForwarding dataplane event[1;m
[1;36mForwarding dataplane event[1;m
[1;36mBlocking connection [Con 41][1;m
[1;36mUnblocking connection [Con 41][1;m
[1;36mRound 293 completed.[1;m
[1;36mForwarding dataplane event[1;m
[1;36mForwarding dataplane event[1;m
[1;36mBlocking connection [Con 46][1;m
[1;36mUnblocking connection [Con 46][1;m
[1;36minjecting a random packet[1;m
[1;36mRound 294 completed.[1;m
[1;36mForwarding dataplane event[1;m
[1;36mForwarding dataplane event[1;m
[1;36mBlocking connection [Con 35][1;m
[1;36mUnblocking connection [Con 35][1;m
[1;36minjecting a random packet[1;m
[1;41m[1;37mViolation encountered again after 85 steps: (300001, [200003, 200001])[1;m
[1;41m[1;37mThe following correctness violations have occurred: ['(300001, [200003, 200001])'][1;m
[1;36mRound 295 completed.[1;m
[1;36mForwarding dataplane event[1;m
[1;36mDropping dataplane event[1;m
[1;36mBlocking connection [Con 41][1;m
[1;36mBlocking connection [Con 35][1;m
[1;36mUnblocking connection [Con 41][1;m
[1;36mUnblocking connection [Con 35][1;m
[1;36minjecting a random packet[1;m
[1;36mRound 296 completed.[1;m
[1;36mForwarding dataplane event[1;m
[1;36mForwarding dataplane event[1;m
[1;36mForwarding dataplane event[1;m
[1;36mForwarding dataplane event[1;m
[1;36mForwarding dataplane event[1;m
[1;36mDropping dataplane event[1;m
[1;36mForwarding dataplane event[1;m
[1;36mForwarding dataplane event[1;m
[1;36mCutting link (2:2) -> (1:2)[1;m
[1;36mRound 297 completed.[1;m
[1;36mForwarding dataplane event[1;m
[1;36mBlocking connection [Con 42][1;m
[1;36mBlocking connection [Con 35][1;m
[1;36mUnblocking connection [Con 42][1;m
[1;36mUnblocking connection [Con 35][1;m
Duration: 36 nsec: 420835018
[1;36mCutting link (2:1) -> (3:1)[1;m
[1;36mRestoring link (2:2) -> (1:2)[1;m
[1;36mRound 298 completed.[1;m
[1;36mDropping dataplane event[1;m
[1;36mRestoring link (2:1) -> (3:1)[1;m
[1;36minjecting a random packet[1;m
[1;36minjecting a random packet[1;m
[1;36mRound 299 completed.[1;m
[1;36mForwarding dataplane event[1;m
[1;36mForwarding dataplane event[1;m
[1;41m[1;37mViolation encountered again after 90 steps: (300001, [200003, 200001])[1;m
[1;41m[1;37mThe following correctness violations have occurred: ['(300001, [200003, 200001])'][1;m
[1;36mRound 300 completed.[1;m
[1;36mForwarding dataplane event[1;m
[1;36mBlocking connection [Con 46][1;m
[1;36mUnblocking connection [Con 46][1;m
Duration: 36 nsec: 216320991
Duration: 38 nsec: 311783075
[1;36mRound 301 completed.[1;m
[1;36mForwarding dataplane event[1;m
Duration: 31 nsec: 891993045
[1;36minjecting a random packet[1;m
[1;36minjecting a random packet[1;m
[1;36mRound 302 completed.[1;m
[1;36mForwarding dataplane event[1;m
[1;36mForwarding dataplane event[1;m
[1;36minjecting a random packet[1;m
[1;36minjecting a random packet[1;m
[1;36mRound 303 completed.[1;m
[1;36mForwarding dataplane event[1;m
[1;36mForwarding dataplane event[1;m
[1;36mForwarding dataplane event[1;m
[1;36mBlocking connection [Con 45][1;m
[1;36mUnblocking connection [Con 45][1;m
[1;36minjecting a random packet[1;m
[1;36mRound 304 completed.[1;m
[1;36mForwarding dataplane event[1;m
[1;36mForwarding dataplane event[1;m
[1;36mDropping dataplane event[1;m
[1;36mForwarding dataplane event[1;m
[1;36mForwarding dataplane event[1;m
[1;36mForwarding dataplane event[1;m
[1;36mForwarding dataplane event[1;m
[1;36mForwarding dataplane event[1;m
[1;36mForwarding dataplane event[1;m
[1;36mForwarding dataplane event[1;m
[1;36mForwarding dataplane event[1;m
[1;36mForwarding dataplane event[1;m
[1;36mForwarding dataplane event[1;m
[1;36mForwarding dataplane event[1;m
[1;36mDropping dataplane event[1;m
[1;36mForwarding dataplane event[1;m
[1;36mForwarding dataplane event[1;m
[1;36mForwarding dataplane event[1;m
[1;36mForwarding dataplane event[1;m
[1;36mForwarding dataplane event[1;m
[1;36mForwarding dataplane event[1;m
[1;36mForwarding dataplane event[1;m
[1;36minjecting a random packet[1;m
[1;41m[1;37mViolation encountered again after 95 steps: (300001, [200003, 200001])[1;m
[1;41m[1;37mThe following correctness violations have occurred: ['(300001, [200003, 200001])'][1;m
[1;36mRound 305 completed.[1;m
[1;36mForwarding dataplane event[1;m
[1;36mForwarding dataplane event[1;m
[1;36mDropping dataplane event[1;m
[1;36mCutting link (3:1) -> (2:1)[1;m
[1;36mCutting link (3:2) -> (1:1)[1;m
[1;36mRound 306 completed.[1;m
[1;36mForwarding dataplane event[1;m
[1;36mForwarding dataplane event[1;m
[1;36mForwarding dataplane event[1;m
[1;36mDropping dataplane event[1;m
[1;36mBlocking connection [Con 42][1;m
[1;36mUnblocking connection [Con 42][1;m
[1;36mRestoring link (3:1) -> (2:1)[1;m
[1;36minjecting a random packet[1;m
[1;36minjecting a random packet[1;m
[1;36mRound 307 completed.[1;m
[1;36mDropping dataplane event[1;m
[1;36mForwarding dataplane event[1;m
[1;36mDropping dataplane event[1;m
[1;36mRestoring link (3:2) -> (1:1)[1;m
[1;36minjecting a random packet[1;m
[1;36minjecting a random packet[1;m
[1;36mRound 308 completed.[1;m
[1;36mDropping dataplane event[1;m
[1;36mForwarding dataplane event[1;m
[1;36mForwarding dataplane event[1;m
[1;36mBlocking connection [Con 36][1;m
[1;36mUnblocking connection [Con 36][1;m
Duration: 32 nsec: 784249067
[1;36mRound 309 completed.[1;m
[1;36mDropping dataplane event[1;m
Duration: 38 nsec: 577493906
Duration: 37 nsec: 951921939
[1;36mCrashing software_switch SoftwareSwitch(dpid=3, num_ports=3)[1;m
[1;36minjecting a random packet[1;m
[1;36minjecting a random packet[1;m
[1;41m[1;37mViolation encountered again after 100 steps: (300001, [200003, 200001])[1;m
[1;41m[1;37mThe following correctness violations have occurred: ['(300002, [100003, 100001])', '(300001, [200003, 200001])'][1;m
[1;36mRound 310 completed.[1;m
[1;36mForwarding dataplane event[1;m
[1;36mDropping dataplane event[1;m
[1;36mDropping dataplane event[1;m
[1;36mForwarding dataplane event[1;m
[1;36mDropping dataplane event[1;m
Duration: 37 nsec: 527374982
[1;36minjecting a random packet[1;m
[1;36minjecting a random packet[1;m
[1;36minjecting a random packet[1;m
[1;36mRound 311 completed.[1;m
[1;36mForwarding dataplane event[1;m
[1;36mForwarding dataplane event[1;m
[1;36mForwarding dataplane event[1;m
[1;36mRound 312 completed.[1;m
[1;36mForwarding dataplane event[1;m
[1;36mForwarding dataplane event[1;m
[1;36mForwarding dataplane event[1;m
[1;36mBlocking connection [Con 42][1;m
[1;36mUnblocking connection [Con 42][1;m
[1;36mRebooting software_switch SoftwareSwitch(dpid=3, num_ports=3)[1;m
connect_socket_with_backoff ('10.192.5.226', 6633)
connect_socket_with_backoff ('10.192.5.227', 6633)
[1;36mCutting link (3:1) -> (2:1)[1;m
[1;36minjecting a random packet[1;m
[1;36mRound 313 completed.[1;m
[1;36mForwarding dataplane event[1;m
[1;36mForwarding dataplane event[1;m
[1;36mDropping dataplane event[1;m
[1;36mBlocking connection [Con 47][1;m
[1;36mUnblocking connection [Con 47][1;m
[1;36mRound 314 completed.[1;m
[1;36mDropping dataplane event[1;m
[1;36mCutting link (2:2) -> (1:2)[1;m
[1;36mRestoring link (3:1) -> (2:1)[1;m
[1;36minjecting a random packet[1;m
[1;36minjecting a random packet[1;m
[1;36minjecting a random packet[1;m
[1;42m[1;37mViolation (300002, [100003, 100001]) turns out to be transient![1;m
[1;41m[1;37mViolation encountered again after 105 steps: (300001, [200003, 200001])[1;m
[1;41m[1;37mThe following correctness violations have occurred: ['(300001, [200003, 200001])'][1;m
[1;41m[1;37mPersistent violations detected!: ['(300001, [200003, 200001])'][1;m
