Sleeping 0 seconds after run
Violation reproduced successfully! Proceeding with pruning
Subsets:
l/0: e14 e15 e17 e19 e21 e22 e23 e24 e26 e28 e29 e30 e32 e34 e36 e38 e40 e41 e42 e43 e47 e48 e49 e55 e56
r/0: e58 e60 e61 e62 e64 e67 e68 e72 e73 e74 e75 e77 e79 e81 e82 e83 e86 e87 e88 e89 e90 e91 e93 e94 e95
Current subset: l/0: e14 e15 e17 e19 e21 e22 e23 e24 e26 e28 e29 e30 e32 e34 e36 e38 e40 e41 e42 e43 e47 e48 e49 e55 e56
Sleeping 0 seconds after run
Sleeping 0 seconds after run
Sleeping 0 seconds after run
Sleeping 0 seconds after run
No violation in 0'th...
Current subset: r/0: e58 e60 e61 e62 e64 e67 e68 e72 e73 e74 e75 e77 e79 e81 e82 e83 e86 e87 e88 e89 e90 e91 e93 e94 e95
Sleeping 0 seconds after run
Sleeping 0 seconds after run
Sleeping 0 seconds after run
Sleeping 0 seconds after run
No violation in 1'th...
Interference
Recursing on left half
Subsets:
il/0.l/1: e14 e15 e17 e19 e21 e22 e23 e24 e26 e28 e29 e30 e32
il/0.r/1: e34 e36 e38 e40 e41 e42 e43 e47 e48 e49 e55 e56
Current subset: il/0.l/1: e14 e15 e17 e19 e21 e22 e23 e24 e26 e28 e29 e30 e32
Sleeping 0 seconds after run
Sleeping 0 seconds after run
Sleeping 0 seconds after run
Sleeping 0 seconds after run
No violation in 0'th...
Current subset: il/0.r/1: e34 e36 e38 e40 e41 e42 e43 e47 e48 e49 e55 e56
Sleeping 0 seconds after run
Sleeping 0 seconds after run
Sleeping 0 seconds after run
Sleeping 0 seconds after run
No violation in 1'th...
Interference
Recursing on left half
Subsets:
il/0.il/1.l/2: e14 e15 e17 e19 e21 e22 e23
il/0.il/1.r/2: e24 e26 e28 e29 e30 e32
Current subset: il/0.il/1.l/2: e14 e15 e17 e19 e21 e22 e23
Sleeping 0 seconds after run
Sleeping 0 seconds after run
Sleeping 0 seconds after run
Sleeping 0 seconds after run
No violation in 0'th...
Current subset: il/0.il/1.r/2: e24 e26 e28 e29 e30 e32
Sleeping 0 seconds after run
Sleeping 0 seconds after run
Sleeping 0 seconds after run
Sleeping 0 seconds after run
No violation in 1'th...
Interference
Recursing on left half
Subsets:
il/0.il/1.il/2.l/3: e14 e15 e17 e19
il/0.il/1.il/2.r/3: e21 e22 e23
Current subset: il/0.il/1.il/2.l/3: e14 e15 e17 e19
Sleeping 0 seconds after run
Sleeping 0 seconds after run
Sleeping 0 seconds after run
Sleeping 0 seconds after run
No violation in 0'th...
Current subset: il/0.il/1.il/2.r/3: e21 e22 e23
Sleeping 0 seconds after run
Sleeping 0 seconds after run
Sleeping 0 seconds after run
Sleeping 0 seconds after run
No violation in 1'th...
Interference
Recursing on left half
Subsets:
il/0.il/1.il/2.il/3.l/4: e14 e15
il/0.il/1.il/2.il/3.r/4: e17 e19
Current subset: il/0.il/1.il/2.il/3.l/4: e14 e15
Sleeping 0 seconds after run
Sleeping 0 seconds after run
Sleeping 0 seconds after run
Sleeping 0 seconds after run
No violation in 0'th...
Current subset: il/0.il/1.il/2.il/3.r/4: e17 e19
Sleeping 0 seconds after run
Sleeping 0 seconds after run
Sleeping 0 seconds after run
Sleeping 0 seconds after run
No violation in 1'th...
Interference
Recursing on left half
Subsets:
il/0.il/1.il/2.il/3.il/4.l/5: e14
il/0.il/1.il/2.il/3.il/4.r/5: e15
Current subset: il/0.il/1.il/2.il/3.il/4.l/5: e14
Sleeping 0 seconds after run
Sleeping 0 seconds after run
Sleeping 0 seconds after run
Sleeping 0 seconds after run
No violation in 0'th...
Current subset: il/0.il/1.il/2.il/3.il/4.r/5: e15
Sleeping 0 seconds after run
Sleeping 0 seconds after run
Sleeping 0 seconds after run
Sleeping 0 seconds after run
No violation in 1'th...
Interference
Recursing on left half
Base case [TrafficInjection:e14]
Recursing on right half
Base case [DataplanePermit:e15:(u'DataplanePermit', DPFingerprint{u'class': u'arp'}, u"host:[IPAddr('123.123.2.2')]", u'12:34:56:78:02:02')]
Recursing on right half
Subsets:
il/0.il/1.il/2.il/3.ir/4.l/5: e17
il/0.il/1.il/2.il/3.ir/4.r/5: e19
Current subset: il/0.il/1.il/2.il/3.ir/4.l/5: e17
Sleeping 0 seconds after run
Violation! Considering 0'th
Violation found in 0th half. Recursing
Base case [DataplanePermit:e17:(u'DataplanePermit', DPFingerprint{u'class': u'arp'}, 2, 1)]
Recursing on right half
Subsets:
il/0.il/1.il/2.ir/3.l/4: e21 e22
il/0.il/1.il/2.ir/3.r/4: e23
Current subset: il/0.il/1.il/2.ir/3.l/4: e21 e22
Sleeping 0 seconds after run
Sleeping 0 seconds after run
Sleeping 0 seconds after run
Sleeping 0 seconds after run
No violation in 0'th...
Current subset: il/0.il/1.il/2.ir/3.r/4: e23
Sleeping 0 seconds after run
Violation! Considering 1'th
Violation found in 1th half. Recursing
Base case [TrafficInjection:e23]
Recursing on right half
Subsets:
il/0.il/1.ir/2.l/3: e24 e26 e28
il/0.il/1.ir/2.r/3: e29 e30 e32
Current subset: il/0.il/1.ir/2.l/3: e24 e26 e28
Sleeping 0 seconds after run
Sleeping 0 seconds after run
Sleeping 0 seconds after run
Sleeping 0 seconds after run
No violation in 0'th...
Current subset: il/0.il/1.ir/2.r/3: e29 e30 e32
Sleeping 0 seconds after run
Sleeping 0 seconds after run
Sleeping 0 seconds after run
Sleeping 0 seconds after run
No violation in 1'th...
Interference
Recursing on left half
Subsets:
il/0.il/1.ir/2.il/3.l/4: e24 e26
il/0.il/1.ir/2.il/3.r/4: e28
Current subset: il/0.il/1.ir/2.il/3.l/4: e24 e26
Sleeping 0 seconds after run
Sleeping 0 seconds after run
Sleeping 0 seconds after run
Sleeping 0 seconds after run
No violation in 0'th...
Current subset: il/0.il/1.ir/2.il/3.r/4: e28
Sleeping 0 seconds after run
Sleeping 0 seconds after run
Sleeping 0 seconds after run
Sleeping 0 seconds after run
No violation in 1'th...
Interference
Recursing on left half
Subsets:
il/0.il/1.ir/2.il/3.il/4.l/5: e24
il/0.il/1.ir/2.il/3.il/4.r/5: e26
Current subset: il/0.il/1.ir/2.il/3.il/4.l/5: e24
Sleeping 0 seconds after run
Sleeping 0 seconds after run
Sleeping 0 seconds after run
Sleeping 0 seconds after run
No violation in 0'th...
Current subset: il/0.il/1.ir/2.il/3.il/4.r/5: e26
Sleeping 0 seconds after run
Sleeping 0 seconds after run
Sleeping 0 seconds after run
Sleeping 0 seconds after run
No violation in 1'th...
Interference
Recursing on left half
Base case [DataplanePermit:e24:(u'DataplanePermit', DPFingerprint{u'class': u'arp'}, u"host:[IPAddr('123.123.1.2')]", u'12:34:56:78:01:02')]
Recursing on right half
Base case [DataplanePermit:e26:(u'DataplanePermit', DPFingerprint{u'class': u'arp'}, 1, 1)]
Recursing on right half
Base case [TrafficInjection:e28]
Recursing on right half
Subsets:
il/0.il/1.ir/2.ir/3.l/4: e29 e30
il/0.il/1.ir/2.ir/3.r/4: e32
Current subset: il/0.il/1.ir/2.ir/3.l/4: e29 e30
Sleeping 0 seconds after run
Sleeping 0 seconds after run
Sleeping 0 seconds after run
Sleeping 0 seconds after run
No violation in 0'th...
Current subset: il/0.il/1.ir/2.ir/3.r/4: e32
Sleeping 0 seconds after run
Sleeping 0 seconds after run
Sleeping 0 seconds after run
Sleeping 0 seconds after run
No violation in 1'th...
Interference
Recursing on left half
Subsets:
il/0.il/1.ir/2.ir/3.il/4.l/5: e29
il/0.il/1.ir/2.ir/3.il/4.r/5: e30
Current subset: il/0.il/1.ir/2.ir/3.il/4.l/5: e29
Sleeping 0 seconds after run
Sleeping 0 seconds after run
Sleeping 0 seconds after run
Sleeping 0 seconds after run
No violation in 0'th...
Current subset: il/0.il/1.ir/2.ir/3.il/4.r/5: e30
Sleeping 0 seconds after run
Violation! Considering 1'th
Violation found in 1th half. Recursing
Base case [DataplanePermit:e30:(u'DataplanePermit', DPFingerprint{u'dl_dst': u'12:34:56:78:01:02', u'nw_src': u'123.123.2.2', u'dl_src': u'12:34:56:78:02:02', u'nw_dst': u'123.123.1.2'}, u"host:[IPAddr('123.123.2.2')]", u'12:34:56:78:02:02')]
Recursing on right half
Base case [DataplanePermit:e32:(u'DataplanePermit', DPFingerprint{u'dl_dst': u'12:34:56:78:01:02', u'nw_src': u'123.123.2.2', u'dl_src': u'12:34:56:78:02:02', u'nw_dst': u'123.123.1.2'}, 2, 1)]
Recursing on right half
Subsets:
il/0.ir/1.l/2: e34 e36 e38 e40 e41 e42
il/0.ir/1.r/2: e43 e47 e48 e49 e55 e56
Current subset: il/0.ir/1.l/2: e34 e36 e38 e40 e41 e42
Sleeping 0 seconds after run
Sleeping 0 seconds after run
Sleeping 0 seconds after run
Sleeping 0 seconds after run
No violation in 0'th...
Current subset: il/0.ir/1.r/2: e43 e47 e48 e49 e55 e56
Sleeping 0 seconds after run
Sleeping 0 seconds after run
Sleeping 0 seconds after run
Sleeping 0 seconds after run
No violation in 1'th...
Interference
Recursing on left half
Subsets:
il/0.ir/1.il/2.l/3: e34 e36 e38
il/0.ir/1.il/2.r/3: e40 e41 e42
Current subset: il/0.ir/1.il/2.l/3: e34 e36 e38
Sleeping 0 seconds after run
Sleeping 0 seconds after run
Sleeping 0 seconds after run
Sleeping 0 seconds after run
No violation in 0'th...
Current subset: il/0.ir/1.il/2.r/3: e40 e41 e42
Sleeping 0 seconds after run
Violation! Considering 1'th
Violation found in 1th half. Recursing
Subsets:
il/0.ir/1.il/2.r/3.l/4: e40 e41
il/0.ir/1.il/2.r/3.r/4: e42
Current subset: il/0.ir/1.il/2.r/3.l/4: e40 e41
Sleeping 0 seconds after run
Violation! Considering 0'th
Violation found in 0th half. Recursing
Subsets:
il/0.ir/1.il/2.r/3.l/4.l/5: e40
il/0.ir/1.il/2.r/3.l/4.r/5: e41
Current subset: il/0.ir/1.il/2.r/3.l/4.l/5: e40
Sleeping 0 seconds after run
Sleeping 0 seconds after run
Sleeping 0 seconds after run
Sleeping 0 seconds after run
No violation in 0'th...
Current subset: il/0.ir/1.il/2.r/3.l/4.r/5: e41
Sleeping 0 seconds after run
Violation! Considering 1'th
Violation found in 1th half. Recursing
Base case [TrafficInjection:e41]
Recursing on right half
Subsets:
il/0.ir/1.ir/2.l/3: e43 e47 e48
il/0.ir/1.ir/2.r/3: e49 e55 e56
Current subset: il/0.ir/1.ir/2.l/3: e43 e47 e48
Sleeping 0 seconds after run
Violation! Considering 0'th
Violation found in 0th half. Recursing
Subsets:
il/0.ir/1.ir/2.l/3.l/4: e43 e47
il/0.ir/1.ir/2.l/3.r/4: e48
Current subset: il/0.ir/1.ir/2.l/3.l/4: e43 e47
Sleeping 0 seconds after run
Sleeping 0 seconds after run
Sleeping 0 seconds after run
Sleeping 0 seconds after run
No violation in 0'th...
Current subset: il/0.ir/1.ir/2.l/3.r/4: e48
Sleeping 0 seconds after run
Violation! Considering 1'th
Violation found in 1th half. Recursing
Base case [DataplanePermit:e48:(u'DataplanePermit', DPFingerprint{u'class': u'lldp'}, 2, 1)]
Recursing on right half
Subsets:
ir/0.l/1: e58 e60 e61 e62 e64 e67 e68 e72 e73 e74 e75 e77 e79
ir/0.r/1: e81 e82 e83 e86 e87 e88 e89 e90 e91 e93 e94 e95
Current subset: ir/0.l/1: e58 e60 e61 e62 e64 e67 e68 e72 e73 e74 e75 e77 e79
Sleeping 0 seconds after run
Sleeping 0 seconds after run
Sleeping 0 seconds after run
Sleeping 0 seconds after run
No violation in 0'th...
Current subset: ir/0.r/1: e81 e82 e83 e86 e87 e88 e89 e90 e91 e93 e94 e95
Sleeping 0 seconds after run
Sleeping 0 seconds after run
Sleeping 0 seconds after run
Sleeping 0 seconds after run
No violation in 1'th...
Interference
Recursing on left half
Subsets:
ir/0.il/1.l/2: e58 e60 e61 e62 e64 e67 e68
ir/0.il/1.r/2: e72 e73 e74 e75 e77 e79
Current subset: ir/0.il/1.l/2: e58 e60 e61 e62 e64 e67 e68
Sleeping 0 seconds after run
Sleeping 0 seconds after run
Sleeping 0 seconds after run
Sleeping 0 seconds after run
No violation in 0'th...
Current subset: ir/0.il/1.r/2: e72 e73 e74 e75 e77 e79
Sleeping 0 seconds after run
Sleeping 0 seconds after run
Sleeping 0 seconds after run
Sleeping 0 seconds after run
No violation in 1'th...
Interference
Recursing on left half
Subsets:
ir/0.il/1.il/2.l/3: e58 e60 e61 e62
ir/0.il/1.il/2.r/3: e64 e67 e68
Current subset: ir/0.il/1.il/2.l/3: e58 e60 e61 e62
Sleeping 0 seconds after run
Sleeping 0 seconds after run
Sleeping 0 seconds after run
Sleeping 0 seconds after run
No violation in 0'th...
Current subset: ir/0.il/1.il/2.r/3: e64 e67 e68
Sleeping 0 seconds after run
Sleeping 0 seconds after run
Sleeping 0 seconds after run
Sleeping 0 seconds after run
No violation in 1'th...
Interference
Recursing on left half
Subsets:
ir/0.il/1.il/2.il/3.l/4: e58 e60
ir/0.il/1.il/2.il/3.r/4: e61 e62
Current subset: ir/0.il/1.il/2.il/3.l/4: e58 e60
Sleeping 0 seconds after run
Sleeping 0 seconds after run
Sleeping 0 seconds after run
Sleeping 0 seconds after run
No violation in 0'th...
Current subset: ir/0.il/1.il/2.il/3.r/4: e61 e62
Sleeping 0 seconds after run
Violation! Considering 1'th
Violation found in 1th half. Recursing
Subsets:
ir/0.il/1.il/2.il/3.r/4.l/5: e61
ir/0.il/1.il/2.il/3.r/4.r/5: e62
Current subset: ir/0.il/1.il/2.il/3.r/4.l/5: e61
Sleeping 0 seconds after run
Violation! Considering 0'th
Violation found in 0th half. Recursing
Base case [TrafficInjection:e61]
Recursing on right half
Subsets:
ir/0.il/1.il/2.ir/3.l/4: e64 e67
ir/0.il/1.il/2.ir/3.r/4: e68
Current subset: ir/0.il/1.il/2.ir/3.l/4: e64 e67
Sleeping 0 seconds after run
Violation! Considering 0'th
Violation found in 0th half. Recursing
Subsets:
ir/0.il/1.il/2.ir/3.l/4.l/5: e64
ir/0.il/1.il/2.ir/3.l/4.r/5: e67
Current subset: ir/0.il/1.il/2.ir/3.l/4.l/5: e64
Sleeping 0 seconds after run
Sleeping 0 seconds after run
Sleeping 0 seconds after run
Sleeping 0 seconds after run
No violation in 0'th...
Current subset: ir/0.il/1.il/2.ir/3.l/4.r/5: e67
Sleeping 0 seconds after run
Violation! Considering 1'th
Violation found in 1th half. Recursing
Base case [DataplanePermit:e67:(u'DataplanePermit', DPFingerprint{u'class': u'lldp'}, 1, 1)]
Recursing on right half
Subsets:
ir/0.il/1.ir/2.l/3: e72 e73 e74
ir/0.il/1.ir/2.r/3: e75 e77 e79
Current subset: ir/0.il/1.ir/2.l/3: e72 e73 e74
Sleeping 0 seconds after run
Sleeping 0 seconds after run
Sleeping 0 seconds after run
Sleeping 0 seconds after run
No violation in 0'th...
Current subset: ir/0.il/1.ir/2.r/3: e75 e77 e79
Sleeping 0 seconds after run
Sleeping 0 seconds after run
Sleeping 0 seconds after run
Sleeping 0 seconds after run
No violation in 1'th...
Interference
Recursing on left half
Subsets:
ir/0.il/1.ir/2.il/3.l/4: e72 e73
ir/0.il/1.ir/2.il/3.r/4: e74
Current subset: ir/0.il/1.ir/2.il/3.l/4: e72 e73
Sleeping 0 seconds after run
Sleeping 0 seconds after run
Sleeping 0 seconds after run
Sleeping 0 seconds after run
No violation in 0'th...
Current subset: ir/0.il/1.ir/2.il/3.r/4: e74
Sleeping 0 seconds after run
Sleeping 0 seconds after run
Sleeping 0 seconds after run
Sleeping 0 seconds after run
No violation in 1'th...
Interference
Recursing on left half
Subsets:
ir/0.il/1.ir/2.il/3.il/4.l/5: e72
ir/0.il/1.ir/2.il/3.il/4.r/5: e73
Current subset: ir/0.il/1.ir/2.il/3.il/4.l/5: e72
Sleeping 0 seconds after run
Sleeping 0 seconds after run
Sleeping 0 seconds after run
Sleeping 0 seconds after run
No violation in 0'th...
Current subset: ir/0.il/1.ir/2.il/3.il/4.r/5: e73
Sleeping 0 seconds after run
Violation! Considering 1'th
Violation found in 1th half. Recursing
Base case [TrafficInjection:e73]
Recursing on right half
Base case [DataplanePermit:e74:(u'DataplanePermit', DPFingerprint{u'class': u'arp'}, u"host:[IPAddr('123.123.1.2')]", u'12:34:56:78:01:02')]
Recursing on right half
Subsets:
ir/0.il/1.ir/2.ir/3.l/4: e75 e77
ir/0.il/1.ir/2.ir/3.r/4: e79
Current subset: ir/0.il/1.ir/2.ir/3.l/4: e75 e77
Sleeping 0 seconds after run
Violation! Considering 0'th
Violation found in 0th half. Recursing
Subsets:
ir/0.il/1.ir/2.ir/3.l/4.l/5: e75
ir/0.il/1.ir/2.ir/3.l/4.r/5: e77
Current subset: ir/0.il/1.ir/2.ir/3.l/4.l/5: e75
Sleeping 0 seconds after run
Violation! Considering 0'th
Violation found in 0th half. Recursing
Base case [DataplanePermit:e75:(u'DataplanePermit', DPFingerprint{u'class': u'arp'}, 1, 1)]
Recursing on right half
Subsets:
ir/0.ir/1.l/2: e81 e82 e83 e86 e87 e88
ir/0.ir/1.r/2: e89 e90 e91 e93 e94 e95
Current subset: ir/0.ir/1.l/2: e81 e82 e83 e86 e87 e88
Sleeping 0 seconds after run
Violation! Considering 0'th
Violation found in 0th half. Recursing
Subsets:
ir/0.ir/1.l/2.l/3: e81 e82 e83
ir/0.ir/1.l/2.r/3: e86 e87 e88
Current subset: ir/0.ir/1.l/2.l/3: e81 e82 e83
Sleeping 0 seconds after run
Violation! Considering 0'th
Violation found in 0th half. Recursing
Subsets:
ir/0.ir/1.l/2.l/3.l/4: e81 e82
ir/0.ir/1.l/2.l/3.r/4: e83
Current subset: ir/0.ir/1.l/2.l/3.l/4: e81 e82
Sleeping 0 seconds after run
Sleeping 0 seconds after run
Sleeping 0 seconds after run
Sleeping 0 seconds after run
No violation in 0'th...
Current subset: ir/0.ir/1.l/2.l/3.r/4: e83
Sleeping 0 seconds after run
Sleeping 0 seconds after run
Sleeping 0 seconds after run
Sleeping 0 seconds after run
No violation in 1'th...
Interference
Recursing on left half
Subsets:
ir/0.ir/1.l/2.l/3.il/4.l/5: e81
ir/0.ir/1.l/2.l/3.il/4.r/5: e82
Current subset: ir/0.ir/1.l/2.l/3.il/4.l/5: e81
Sleeping 0 seconds after run
Sleeping 0 seconds after run
Sleeping 0 seconds after run
Sleeping 0 seconds after run
No violation in 0'th...
Current subset: ir/0.ir/1.l/2.l/3.il/4.r/5: e82
Sleeping 0 seconds after run
Sleeping 0 seconds after run
Sleeping 0 seconds after run
Sleeping 0 seconds after run
No violation in 1'th...
Interference
Recursing on left half
Base case [TrafficInjection:e81]
Recursing on right half
Base case [DataplanePermit:e82:(u'DataplanePermit', DPFingerprint{u'dl_dst': u'12:34:56:78:01:02', u'nw_src': u'123.123.2.2', u'dl_src': u'12:34:56:78:02:02', u'nw_dst': u'123.123.1.2'}, u"host:[IPAddr('123.123.2.2')]", u'12:34:56:78:02:02')]
Recursing on right half
Base case [DataplanePermit:e83:(u'DataplanePermit', DPFingerprint{u'dl_dst': u'12:34:56:78:01:02', u'nw_src': u'123.123.2.2', u'dl_src': u'12:34:56:78:02:02', u'nw_dst': u'123.123.1.2'}, 2, 1)]
Final MCS (19 elements):
 - TrafficInjection:e14
 - DataplanePermit:e15
 - DataplanePermit:e17
 - TrafficInjection:e23
 - DataplanePermit:e24
 - DataplanePermit:e26
 - TrafficInjection:e28
 - DataplanePermit:e30
 - DataplanePermit:e32
 - TrafficInjection:e41
 - DataplanePermit:e48
 - TrafficInjection:e61
 - DataplanePermit:e67
 - TrafficInjection:e73
 - DataplanePermit:e74
 - DataplanePermit:e75
 - TrafficInjection:e81
 - DataplanePermit:e82
 - DataplanePermit:e83
