Violation reproduced successfully! Proceeding with pruning
Subsets:
l/0: e29 e30 e31 e150 e151 e152 e247 e248 e249
r/0: e307 e308 e309 e352 e353 e354 e371 e388 e391
Current subset: l/0: e29 e30 e31 e150 e151 e152 e247 e248 e249
Violation! Considering 0'th
Violation found in 0th half. Recursing
Subsets:
l/0.l/1: e29 e30 e31 e150 e151
l/0.r/1: e152 e247 e248 e249
Current subset: l/0.l/1: e29 e30 e31 e150 e151
No violation in 0'th...
Current subset: l/0.r/1: e152 e247 e248 e249
No violation in 1'th...
Interference
Recursing on left half
Subsets:
l/0.il/1.l/2: e29 e30 e31
l/0.il/1.r/2: e150 e151
Current subset: l/0.il/1.l/2: e29 e30 e31
No violation in 0'th...
Current subset: l/0.il/1.r/2: e150 e151
No violation in 1'th...
Interference
Recursing on left half
Subsets:
l/0.il/1.il/2.l/3: e29 e30
l/0.il/1.il/2.r/3: e31
Current subset: l/0.il/1.il/2.l/3: e29 e30
Violation! Considering 0'th
Violation found in 0th half. Recursing
Subsets:
l/0.il/1.il/2.l/3.l/4: e29
l/0.il/1.il/2.l/3.r/4: e30
Current subset: l/0.il/1.il/2.l/3.l/4: e29
Violation! Considering 0'th
Violation found in 0th half. Recursing
Base case [TrafficInjection:e29:('TrafficInjection', Interface:HostInterface:eth1:12:34:56:78:01:03:[IPAddr('10.1.3.2')] Packet:[12:34:56:78:01:03>ff:ff:ff:ff:ff:ff:ARP]|REQUEST hw:1 p:2048 12:34:56:78:01:03>ff:ff:ff:ff:ff:ff 10.1.3.2>10.1.3.2, 1)]
Recursing on right half
Subsets:
l/0.il/1.ir/2.l/3: e150
l/0.il/1.ir/2.r/3: e151
Current subset: l/0.il/1.ir/2.l/3: e150
Violation! Considering 0'th
Violation found in 0th half. Recursing
Base case [TrafficInjection:e150:('TrafficInjection', Interface:HostInterface:eth1:12:34:56:78:01:03:[IPAddr('10.1.3.2')] Packet:[12:34:56:78:01:03>ff:ff:ff:ff:ff:ff:ARP]|REQUEST hw:1 p:2048 12:34:56:78:01:03>ff:ff:ff:ff:ff:ff 10.1.3.2>10.3.3.2, 1)]
Recursing on right half
Subsets:
l/0.ir/1.l/2: e152 e247
l/0.ir/1.r/2: e248 e249
Current subset: l/0.ir/1.l/2: e152 e247
No violation in 0'th...
Current subset: l/0.ir/1.r/2: e248 e249
Violation! Considering 1'th
Violation found in 1th half. Recursing
Subsets:
l/0.ir/1.r/2.l/3: e248
l/0.ir/1.r/2.r/3: e249
Current subset: l/0.ir/1.r/2.l/3: e248
No violation in 0'th...
Current subset: l/0.ir/1.r/2.r/3: e249
Violation! Considering 1'th
Violation found in 1th half. Recursing
Base case [TrafficInjection:e249:('TrafficInjection', Interface:HostInterface:eth3:12:34:56:78:03:03:[IPAddr('10.3.3.2')] Packet:[12:34:56:78:03:03>ff:ff:ff:ff:ff:ff:ARP]|REQUEST hw:1 p:2048 12:34:56:78:03:03>ff:ff:ff:ff:ff:ff 10.3.3.2>10.1.3.2, 3)]
=== Total replays: 13 ===
Final MCS (3 elements):
 - TrafficInjection:e29
 - TrafficInjection:e150
 - TrafficInjection:e249
