(lp0
ccopy_reg
_reconstructor
p1
(csts.dataplane_traces.trace
DataplaneEvent
p2
c__builtin__
object
p3
Ntp4
Rp5
(dp6
S'interface'
p7
g1
(csts.entities
HostInterface
p8
g3
Ntp9
Rp10
(dp11
S'hw_addr'
p12
g1
(cpox.lib.addresses
EthAddr
p13
g3
Ntp14
Rp15
(dp16
S'value'
p17
S'\x124Vx\x01\x04'
p18
sbsS'ips'
p19
(lp20
g1
(cpox.lib.addresses
IPAddr
p21
g3
Ntp22
Rp23
(dp24
g17
I67206011
sbasS'name'
p25
S'eth1'
p26
sbsS'packet'
p27
g1
(cpox.lib.packet.ethernet
ethernet
p28
g3
Ntp29
Rp30
(dp31
S'src'
p32
g15
sS'dst'
p33
g1
(g13
g3
Ntp34
Rp35
(dp36
g17
S'\x124Vx\x02\x04'
p37
sbsS'next'
p38
g1
(cpox.lib.packet.ipv4
ipv4
p39
g3
Ntp40
Rp41
(dp42
S'frag'
p43
I0
sS'csum'
p44
I56664
sS'dstip'
p45
g1
(g21
g3
Ntp46
Rp47
(dp48
g17
I67271547
sbsS'protocol'
p49
I1
sS'srcip'
p50
g23
sS'tos'
p51
I0
sS'ttl'
p52
I64
sS'iplen'
p53
I72
sg38
g1
(cpox.lib.packet.icmp
icmp
p54
g3
Ntp55
Rp56
(dp57
S'code'
p58
I0
sg44
I3639
sS'prev'
p59
g41
sS'type'
p60
I0
sg38
S'PingPingPingPingPingPingPingPingPingPingPingPing'
p61
sbsS'raw'
p62
NsS'flags'
p63
I0
sS'hl'
p64
I5
sS'v'
p65
I4
sS'id'
p66
I41822
sg59
g30
sS'parsed'
p67
I00
sbsg62
Nsg59
Nsg60
I2048
sg67
I00
sbsbag1
(g2
g3
Ntp68
Rp69
(dp70
g7
g1
(g8
g3
Ntp71
Rp72
(dp73
g12
g35
sg19
(lp74
g47
asg25
S'eth2'
p75
sbsg27
g1
(g28
g3
Ntp76
Rp77
(dp78
g32
g35
sg33
g15
sg38
g1
(g39
g3
Ntp79
Rp80
(dp81
g43
I0
sg44
I56663
sg45
g23
sg49
I1
sg50
g47
sg51
I0
sg52
I64
sg53
I72
sg38
g1
(g54
g3
Ntp82
Rp83
(dp84
g58
I0
sg44
I3639
sg59
g80
sg60
I0
sg38
S'PingPingPingPingPingPingPingPingPingPingPingPing'
p85
sbsg62
Nsg63
I0
sg64
I5
sg65
I4
sg66
I41823
sg59
g77
sg67
I00
sbsg62
Nsg59
Nsg60
I2048
sg67
I00
sbsbag1
(g2
g3
Ntp86
Rp87
(dp88
g7
g72
sg27
g1
(g28
g3
Ntp89
Rp90
(dp91
g32
g35
sg33
g1
(g13
g3
Ntp92
Rp93
(dp94
g17
S'\x124Vx\x03\x04'
p95
sbsg38
g1
(g39
g3
Ntp96
Rp97
(dp98
g43
I0
sg44
I56148
sg45
g1
(g21
g3
Ntp99
Rp100
(dp101
g17
I67337083
sbsg49
I1
sg50
g47
sg51
I0
sg52
I64
sg53
I72
sg38
g1
(g54
g3
Ntp102
Rp103
(dp104
g58
I0
sg44
I1591
sg59
g97
sg60
I8
sg38
S'PingPingPingPingPingPingPingPingPingPingPingPing'
p105
sbsg62
Nsg63
I0
sg64
I5
sg65
I4
sg66
I41826
sg59
g90
sg67
I00
sbsg62
Nsg59
Nsg60
I2048
sg67
I00
sbsbag1
(g2
g3
Ntp106
Rp107
(dp108
g7
g1
(g8
g3
Ntp109
Rp110
(dp111
g12
g93
sg19
(lp112
g100
asg25
S'eth3'
p113
sbsg27
g1
(g28
g3
Ntp114
Rp115
(dp116
g32
g93
sg33
g15
sg38
g1
(g39
g3
Ntp117
Rp118
(dp119
g43
I0
sg44
I56402
sg45
g23
sg49
I1
sg50
g100
sg51
I0
sg52
I64
sg53
I72
sg38
g1
(g54
g3
Ntp120
Rp121
(dp122
g58
I0
sg44
I3639
sg59
g118
sg60
I0
sg38
S'PingPingPingPingPingPingPingPingPingPingPingPing'
p123
sbsg62
Nsg63
I0
sg64
I5
sg65
I4
sg66
I41828
sg59
g115
sg67
I00
sbsg62
Nsg59
Nsg60
I2048
sg67
I00
sbsbag1
(g2
g3
Ntp124
Rp125
(dp126
g7
g10
sg27
g1
(g28
g3
Ntp127
Rp128
(dp129
g32
g15
sg33
g93
sg38
g1
(g39
g3
Ntp130
Rp131
(dp132
g43
I0
sg44
I56400
sg45
g100
sg49
I1
sg50
g23
sg51
I0
sg52
I64
sg53
I72
sg38
g1
(g54
g3
Ntp133
Rp134
(dp135
g58
I0
sg44
I3639
sg59
g131
sg60
I0
sg38
S'PingPingPingPingPingPingPingPingPingPingPingPing'
p136
sbsg62
Nsg63
I0
sg64
I5
sg65
I4
sg66
I41830
sg59
g128
sg67
I00
sbsg62
Nsg59
Nsg60
I2048
sg67
I00
sbsbag1
(g2
g3
Ntp137
Rp138
(dp139
g7
g1
(g8
g3
Ntp140
Rp141
(dp142
g12
g1
(g13
g3
Ntp143
Rp144
(dp145
g17
S'\x124Vx\x04\x04'
p146
sbsg19
(lp147
g1
(g21
g3
Ntp148
Rp149
(dp150
g17
I67402619
sbasg25
S'eth4'
p151
sbsg27
g1
(g28
g3
Ntp152
Rp153
(dp154
g32
g144
sg33
g15
sg38
g1
(g39
g3
Ntp155
Rp156
(dp157
g43
I0
sg44
I56143
sg45
g23
sg49
I1
sg50
g149
sg51
I0
sg52
I64
sg53
I72
sg38
g1
(g54
g3
Ntp158
Rp159
(dp160
g58
I0
sg44
I3639
sg59
g156
sg60
I0
sg38
S'PingPingPingPingPingPingPingPingPingPingPingPing'
p161
sbsg62
Nsg63
I0
sg64
I5
sg65
I4
sg66
I41831
sg59
g153
sg67
I00
sbsg62
Nsg59
Nsg60
I2048
sg67
I00
sbsbag1
(g2
g3
Ntp162
Rp163
(dp164
g7
g141
sg27
g1
(g28
g3
Ntp165
Rp166
(dp167
g32
g144
sg33
g35
sg38
g1
(g39
g3
Ntp168
Rp169
(dp170
g43
I0
sg44
I55884
sg45
g47
sg49
I1
sg50
g149
sg51
I0
sg52
I64
sg53
I72
sg38
g1
(g54
g3
Ntp171
Rp172
(dp173
g58
I0
sg44
I3639
sg59
g169
sg60
I0
sg38
S'PingPingPingPingPingPingPingPingPingPingPingPing'
p174
sbsg62
Nsg63
I0
sg64
I5
sg65
I4
sg66
I41834
sg59
g166
sg67
I00
sbsg62
Nsg59
Nsg60
I2048
sg67
I00
sbsbag1
(g2
g3
Ntp175
Rp176
(dp177
g7
g110
sg27
g1
(g28
g3
Ntp178
Rp179
(dp180
g32
g93
sg33
g93
sg38
g1
(g39
g3
Ntp181
Rp182
(dp183
g43
I0
sg44
I55879
sg45
g100
sg49
I1
sg50
g100
sg51
I0
sg52
I64
sg53
I72
sg38
g1
(g54
g3
Ntp184
Rp185
(dp186
g58
I0
sg44
I3639
sg59
g182
sg60
I0
sg38
S'PingPingPingPingPingPingPingPingPingPingPingPing'
p187
sbsg62
Nsg63
I0
sg64
I5
sg65
I4
sg66
I41839
sg59
g179
sg67
I00
sbsg62
Nsg59
Nsg60
I2048
sg67
I00
sbsbag1
(g2
g3
Ntp188
Rp189
(dp190
g7
g72
sg27
g1
(g28
g3
Ntp191
Rp192
(dp193
g32
g35
sg33
g35
sg38
g1
(g39
g3
Ntp194
Rp195
(dp196
g43
I0
sg44
I0
sg45
g47
sg49
I1
sg50
g47
sg51
I0
sg52
I64
sg53
I20
sg38
g1
(g54
g3
Ntp197
Rp198
(dp199
g58
I0
sg44
I0
sg59
g195
sg60
I0
sg38
S'PingPingPingPingPingPingPingPingPingPingPingPing'
p200
sbsg62
Nsg63
I0
sg64
I5
sg65
I4
sg66
I41840
sg59
g192
sg67
I00
sbsg62
Nsg59
Nsg60
I2048
sg67
I00
sbsbag1
(g2
g3
Ntp201
Rp202
(dp203
g7
g10
sg27
g1
(g28
g3
Ntp204
Rp205
(dp206
g32
g15
sg33
g144
sg38
g1
(g39
g3
Ntp207
Rp208
(dp209
g43
I0
sg44
I56125
sg45
g149
sg49
I1
sg50
g23
sg51
I0
sg52
I64
sg53
I72
sg38
g1
(g54
g3
Ntp210
Rp211
(dp212
g58
I0
sg44
I1591
sg59
g208
sg60
I8
sg38
S'PingPingPingPingPingPingPingPingPingPingPingPing'
p213
sbsg62
Nsg63
I0
sg64
I5
sg65
I4
sg66
I41849
sg59
g205
sg67
I00
sbsg62
Nsg59
Nsg60
I2048
sg67
I00
sbsbag1
(g2
g3
Ntp214
Rp215
(dp216
g7
g141
sg27
g1
(g28
g3
Ntp217
Rp218
(dp219
g32
g144
sg33
g93
sg38
g1
(g39
g3
Ntp220
Rp221
(dp222
g43
I0
sg44
I55610
sg45
g100
sg49
I1
sg50
g149
sg51
I0
sg52
I64
sg53
I72
sg38
g1
(g54
g3
Ntp223
Rp224
(dp225
g58
I0
sg44
I1591
sg59
g221
sg60
I8
sg38
S'PingPingPingPingPingPingPingPingPingPingPingPing'
p226
sbsg62
Nsg63
I0
sg64
I5
sg65
I4
sg66
I41852
sg59
g218
sg67
I00
sbsg62
Nsg59
Nsg60
I2048
sg67
I00
sbsbag1
(g2
g3
Ntp227
Rp228
(dp229
g7
g72
sg27
g1
(g28
g3
Ntp230
Rp231
(dp232
g32
g35
sg33
g144
sg38
g1
(g39
g3
Ntp233
Rp234
(dp235
g43
I0
sg44
I55860
sg45
g149
sg49
I1
sg50
g47
sg51
I0
sg52
I64
sg53
I72
sg38
g1
(g54
g3
Ntp236
Rp237
(dp238
g58
I0
sg44
I3639
sg59
g234
sg60
I0
sg38
S'PingPingPingPingPingPingPingPingPingPingPingPing'
p239
sbsg62
Nsg63
I0
sg64
I5
sg65
I4
sg66
I41858
sg59
g231
sg67
I00
sbsg62
Nsg59
Nsg60
I2048
sg67
I00
sbsbag1
(g2
g3
Ntp240
Rp241
(dp242
g7
g110
sg27
g1
(g28
g3
Ntp243
Rp244
(dp245
g32
g93
sg33
g35
sg38
g1
(g39
g3
Ntp246
Rp247
(dp248
g43
I0
sg44
I56115
sg45
g47
sg49
I1
sg50
g100
sg51
I0
sg52
I64
sg53
I72
sg38
g1
(g54
g3
Ntp249
Rp250
(dp251
g58
I0
sg44
I1591
sg59
g247
sg60
I8
sg38
S'PingPingPingPingPingPingPingPingPingPingPingPing'
p252
sbsg62
Nsg63
I0
sg64
I5
sg65
I4
sg66
I41859
sg59
g244
sg67
I00
sbsg62
Nsg59
Nsg60
I2048
sg67
I00
sbsbag1
(g2
g3
Ntp253
Rp254
(dp255
g7
g10
sg27
g1
(g28
g3
Ntp256
Rp257
(dp258
g32
g15
sg33
g35
sg38
g1
(g39
g3
Ntp259
Rp260
(dp261
g43
I0
sg44
I56613
sg45
g47
sg49
I1
sg50
g23
sg51
I0
sg52
I64
sg53
I72
sg38
g1
(g54
g3
Ntp262
Rp263
(dp264
g58
I0
sg44
I1591
sg59
g260
sg60
I8
sg38
S'PingPingPingPingPingPingPingPingPingPingPingPing'
p265
sbsg62
Nsg63
I0
sg64
I5
sg65
I4
sg66
I41873
sg59
g257
sg67
I00
sbsg62
Nsg59
Nsg60
I2048
sg67
I00
sbsbag1
(g2
g3
Ntp266
Rp267
(dp268
g7
g110
sg27
g1
(g28
g3
Ntp269
Rp270
(dp271
g32
g93
sg33
g144
sg38
g1
(g39
g3
Ntp272
Rp273
(dp274
g43
I0
sg44
I55588
sg45
g149
sg49
I1
sg50
g100
sg51
I0
sg52
I64
sg53
I72
sg38
g1
(g54
g3
Ntp275
Rp276
(dp277
g58
I0
sg44
I1591
sg59
g273
sg60
I8
sg38
S'PingPingPingPingPingPingPingPingPingPingPingPing'
p278
sbsg62
Nsg63
I0
sg64
I5
sg65
I4
sg66
I41874
sg59
g270
sg67
I00
sbsg62
Nsg59
Nsg60
I2048
sg67
I00
sbsbag1
(g2
g3
Ntp279
Rp280
(dp281
g7
g72
sg27
g1
(g28
g3
Ntp282
Rp283
(dp284
g32
g35
sg33
g35
sg38
g1
(g39
g3
Ntp285
Rp286
(dp287
g43
I0
sg44
I0
sg45
g47
sg49
I1
sg50
g47
sg51
I0
sg52
I64
sg53
I20
sg38
g1
(g54
g3
Ntp288
Rp289
(dp290
g58
I0
sg44
I0
sg59
g286
sg60
I0
sg38
S'PingPingPingPingPingPingPingPingPingPingPingPing'
p291
sbsg62
Nsg63
I0
sg64
I5
sg65
I4
sg66
I41880
sg59
g283
sg67
I00
sbsg62
Nsg59
Nsg60
I2048
sg67
I00
sbsbag1
(g2
g3
Ntp292
Rp293
(dp294
g7
g110
sg27
g1
(g28
g3
Ntp295
Rp296
(dp297
g32
g93
sg33
g15
sg38
g1
(g39
g3
Ntp298
Rp299
(dp300
g43
I0
sg44
I56342
sg45
g23
sg49
I1
sg50
g100
sg51
I0
sg52
I64
sg53
I72
sg38
g1
(g54
g3
Ntp301
Rp302
(dp303
g58
I0
sg44
I3639
sg59
g299
sg60
I0
sg38
S'PingPingPingPingPingPingPingPingPingPingPingPing'
p304
sbsg62
Nsg63
I0
sg64
I5
sg65
I4
sg66
I41888
sg59
g296
sg67
I00
sbsg62
Nsg59
Nsg60
I2048
sg67
I00
sbsbag1
(g2
g3
Ntp305
Rp306
(dp307
g7
g72
sg27
g1
(g28
g3
Ntp308
Rp309
(dp310
g32
g35
sg33
g15
sg38
g1
(g39
g3
Ntp311
Rp312
(dp313
g43
I0
sg44
I56593
sg45
g23
sg49
I1
sg50
g47
sg51
I0
sg52
I64
sg53
I72
sg38
g1
(g54
g3
Ntp314
Rp315
(dp316
g58
I0
sg44
I3639
sg59
g312
sg60
I0
sg38
S'PingPingPingPingPingPingPingPingPingPingPingPing'
p317
sbsg62
Nsg63
I0
sg64
I5
sg65
I4
sg66
I41893
sg59
g309
sg67
I00
sbsg62
Nsg59
Nsg60
I2048
sg67
I00
sbsbag1
(g2
g3
Ntp318
Rp319
(dp320
g7
g141
sg27
g1
(g28
g3
Ntp321
Rp322
(dp323
g32
g144
sg33
g144
sg38
g1
(g39
g3
Ntp324
Rp325
(dp326
g43
I0
sg44
I55308
sg45
g149
sg49
I1
sg50
g149
sg51
I0
sg52
I64
sg53
I72
sg38
g1
(g54
g3
Ntp327
Rp328
(dp329
g58
I0
sg44
I3639
sg59
g325
sg60
I0
sg38
S'PingPingPingPingPingPingPingPingPingPingPingPing'
p330
sbsg62
Nsg63
I0
sg64
I5
sg65
I4
sg66
I41898
sg59
g322
sg67
I00
sbsg62
Nsg59
Nsg60
I2048
sg67
I00
sbsbag1
(g2
g3
Ntp331
Rp332
(dp333
g7
g10
sg27
g1
(g28
g3
Ntp334
Rp335
(dp336
g32
g15
sg33
g93
sg38
g1
(g39
g3
Ntp337
Rp338
(dp339
g43
I0
sg44
I56327
sg45
g100
sg49
I1
sg50
g23
sg51
I0
sg52
I64
sg53
I72
sg38
g1
(g54
g3
Ntp340
Rp341
(dp342
g58
I0
sg44
I1591
sg59
g338
sg60
I8
sg38
S'PingPingPingPingPingPingPingPingPingPingPingPing'
p343
sbsg62
Nsg63
I0
sg64
I5
sg65
I4
sg66
I41903
sg59
g335
sg67
I00
sbsg62
Nsg59
Nsg60
I2048
sg67
I00
sbsbag1
(g2
g3
Ntp344
Rp345
(dp346
g7
g72
sg27
g1
(g28
g3
Ntp347
Rp348
(dp349
g32
g35
sg33
g93
sg38
g1
(g39
g3
Ntp350
Rp351
(dp352
g43
I0
sg44
I56070
sg45
g100
sg49
I1
sg50
g47
sg51
I0
sg52
I64
sg53
I72
sg38
g1
(g54
g3
Ntp353
Rp354
(dp355
g58
I0
sg44
I3639
sg59
g351
sg60
I0
sg38
S'PingPingPingPingPingPingPingPingPingPingPingPing'
p356
sbsg62
Nsg63
I0
sg64
I5
sg65
I4
sg66
I41904
sg59
g348
sg67
I00
sbsg62
Nsg59
Nsg60
I2048
sg67
I00
sbsbag1
(g2
g3
Ntp357
Rp358
(dp359
g7
g10
sg27
g1
(g28
g3
Ntp360
Rp361
(dp362
g32
g15
sg33
g144
sg38
g1
(g39
g3
Ntp363
Rp364
(dp365
g43
I0
sg44
I0
sg45
g149
sg49
I1
sg50
g23
sg51
I0
sg52
I64
sg53
I20
sg38
g1
(g54
g3
Ntp366
Rp367
(dp368
g58
I0
sg44
I0
sg59
g364
sg60
I8
sg38
S'PingPingPingPingPingPingPingPingPingPingPingPing'
p369
sbsg62
Nsg63
I0
sg64
I5
sg65
I4
sg66
I41908
sg59
g361
sg67
I00
sbsg62
Nsg59
Nsg60
I2048
sg67
I00
sbsbag1
(g2
g3
Ntp370
Rp371
(dp372
g7
g141
sg27
g1
(g28
g3
Ntp373
Rp374
(dp375
g32
g144
sg33
g15
sg38
g1
(g39
g3
Ntp376
Rp377
(dp378
g43
I0
sg44
I0
sg45
g23
sg49
I1
sg50
g149
sg51
I0
sg52
I64
sg53
I20
sg38
g1
(g54
g3
Ntp379
Rp380
(dp381
g58
I0
sg44
I0
sg59
g377
sg60
I8
sg38
S'PingPingPingPingPingPingPingPingPingPingPingPing'
p382
sbsg62
Nsg63
I0
sg64
I5
sg65
I4
sg66
I41909
sg59
g374
sg67
I00
sbsg62
Nsg59
Nsg60
I2048
sg67
I00
sbsbag1
(g2
g3
Ntp383
Rp384
(dp385
g7
g10
sg27
g1
(g28
g3
Ntp386
Rp387
(dp388
g32
g15
sg33
g15
sg38
g1
(g39
g3
Ntp389
Rp390
(dp391
g43
I0
sg44
I0
sg45
g23
sg49
I1
sg50
g23
sg51
I0
sg52
I64
sg53
I20
sg38
g1
(g54
g3
Ntp392
Rp393
(dp394
g58
I0
sg44
I0
sg59
g390
sg60
I0
sg38
S'PingPingPingPingPingPingPingPingPingPingPingPing'
p395
sbsg62
Nsg63
I0
sg64
I5
sg65
I4
sg66
I41911
sg59
g387
sg67
I00
sbsg62
Nsg59
Nsg60
I2048
sg67
I00
sbsbag1
(g2
g3
Ntp396
Rp397
(dp398
g7
g72
sg27
g1
(g28
g3
Ntp399
Rp400
(dp401
g32
g35
sg33
g144
sg38
g1
(g39
g3
Ntp402
Rp403
(dp404
g43
I0
sg44
I55806
sg45
g149
sg49
I1
sg50
g47
sg51
I0
sg52
I64
sg53
I72
sg38
g1
(g54
g3
Ntp405
Rp406
(dp407
g58
I0
sg44
I1591
sg59
g403
sg60
I8
sg38
S'PingPingPingPingPingPingPingPingPingPingPingPing'
p408
sbsg62
Nsg63
I0
sg64
I5
sg65
I4
sg66
I41912
sg59
g400
sg67
I00
sbsg62
Nsg59
Nsg60
I2048
sg67
I00
sbsbag1
(g2
g3
Ntp409
Rp410
(dp411
g7
g110
sg27
g1
(g28
g3
Ntp412
Rp413
(dp414
g32
g93
sg33
g35
sg38
g1
(g39
g3
Ntp415
Rp416
(dp417
g43
I0
sg44
I56061
sg45
g47
sg49
I1
sg50
g100
sg51
I0
sg52
I64
sg53
I72
sg38
g1
(g54
g3
Ntp418
Rp419
(dp420
g58
I0
sg44
I1591
sg59
g416
sg60
I8
sg38
S'PingPingPingPingPingPingPingPingPingPingPingPing'
p421
sbsg62
Nsg63
I0
sg64
I5
sg65
I4
sg66
I41913
sg59
g413
sg67
I00
sbsg62
Nsg59
Nsg60
I2048
sg67
I00
sbsbag1
(g2
g3
Ntp422
Rp423
(dp424
g7
g141
sg27
g1
(g28
g3
Ntp425
Rp426
(dp427
g32
g144
sg33
g35
sg38
g1
(g39
g3
Ntp428
Rp429
(dp430
g43
I0
sg44
I55802
sg45
g47
sg49
I1
sg50
g149
sg51
I0
sg52
I64
sg53
I72
sg38
g1
(g54
g3
Ntp431
Rp432
(dp433
g58
I0
sg44
I3639
sg59
g429
sg60
I0
sg38
S'PingPingPingPingPingPingPingPingPingPingPingPing'
p434
sbsg62
Nsg63
I0
sg64
I5
sg65
I4
sg66
I41916
sg59
g426
sg67
I00
sbsg62
Nsg59
Nsg60
I2048
sg67
I00
sbsbag1
(g2
g3
Ntp435
Rp436
(dp437
g7
g72
sg27
g1
(g28
g3
Ntp438
Rp439
(dp440
g32
g35
sg33
g15
sg38
g1
(g39
g3
Ntp441
Rp442
(dp443
g43
I0
sg44
I56567
sg45
g23
sg49
I1
sg50
g47
sg51
I0
sg52
I64
sg53
I72
sg38
g1
(g54
g3
Ntp444
Rp445
(dp446
g58
I0
sg44
I1591
sg59
g442
sg60
I8
sg38
S'PingPingPingPingPingPingPingPingPingPingPingPing'
p447
sbsg62
Nsg63
I0
sg64
I5
sg65
I4
sg66
I41919
sg59
g439
sg67
I00
sbsg62
Nsg59
Nsg60
I2048
sg67
I00
sbsbag1
(g2
g3
Ntp448
Rp449
(dp450
g7
g141
sg27
g1
(g28
g3
Ntp451
Rp452
(dp453
g32
g144
sg33
g93
sg38
g1
(g39
g3
Ntp454
Rp455
(dp456
g43
I0
sg44
I55542
sg45
g100
sg49
I1
sg50
g149
sg51
I0
sg52
I64
sg53
I72
sg38
g1
(g54
g3
Ntp457
Rp458
(dp459
g58
I0
sg44
I3639
sg59
g455
sg60
I0
sg38
S'PingPingPingPingPingPingPingPingPingPingPingPing'
p460
sbsg62
Nsg63
I0
sg64
I5
sg65
I4
sg66
I41920
sg59
g452
sg67
I00
sbsg62
Nsg59
Nsg60
I2048
sg67
I00
sbsbag1
(g2
g3
Ntp461
Rp462
(dp463
g7
g72
sg27
g1
(g28
g3
Ntp464
Rp465
(dp466
g32
g35
sg33
g93
sg38
g1
(g39
g3
Ntp467
Rp468
(dp469
g43
I0
sg44
I56050
sg45
g100
sg49
I1
sg50
g47
sg51
I0
sg52
I64
sg53
I72
sg38
g1
(g54
g3
Ntp470
Rp471
(dp472
g58
I0
sg44
I1591
sg59
g468
sg60
I8
sg38
S'PingPingPingPingPingPingPingPingPingPingPingPing'
p473
sbsg62
Nsg63
I0
sg64
I5
sg65
I4
sg66
I41924
sg59
g465
sg67
I00
sbsg62
Nsg59
Nsg60
I2048
sg67
I00
sbsbag1
(g2
g3
Ntp474
Rp475
(dp476
g7
g110
sg27
g1
(g28
g3
Ntp477
Rp478
(dp479
g32
g93
sg33
g93
sg38
g1
(g39
g3
Ntp480
Rp481
(dp482
g43
I0
sg44
I55793
sg45
g100
sg49
I1
sg50
g100
sg51
I0
sg52
I64
sg53
I72
sg38
g1
(g54
g3
Ntp483
Rp484
(dp485
g58
I0
sg44
I3639
sg59
g481
sg60
I0
sg38
S'PingPingPingPingPingPingPingPingPingPingPingPing'
p486
sbsg62
Nsg63
I0
sg64
I5
sg65
I4
sg66
I41925
sg59
g478
sg67
I00
sbsg62
Nsg59
Nsg60
I2048
sg67
I00
sbsbag1
(g2
g3
Ntp487
Rp488
(dp489
g7
g10
sg27
g1
(g28
g3
Ntp490
Rp491
(dp492
g32
g15
sg33
g35
sg38
g1
(g39
g3
Ntp493
Rp494
(dp495
g43
I0
sg44
I56558
sg45
g47
sg49
I1
sg50
g23
sg51
I0
sg52
I64
sg53
I72
sg38
g1
(g54
g3
Ntp496
Rp497
(dp498
g58
I0
sg44
I3639
sg59
g494
sg60
I0
sg38
S'PingPingPingPingPingPingPingPingPingPingPingPing'
p499
sbsg62
Nsg63
I0
sg64
I5
sg65
I4
sg66
I41928
sg59
g491
sg67
I00
sbsg62
Nsg59
Nsg60
I2048
sg67
I00
sbsbag1
(g2
g3
Ntp500
Rp501
(dp502
g7
g72
sg27
g1
(g28
g3
Ntp503
Rp504
(dp505
g32
g35
sg33
g144
sg38
g1
(g39
g3
Ntp506
Rp507
(dp508
g43
I0
sg44
I55789
sg45
g149
sg49
I1
sg50
g47
sg51
I0
sg52
I64
sg53
I72
sg38
g1
(g54
g3
Ntp509
Rp510
(dp511
g58
I0
sg44
I3639
sg59
g507
sg60
I0
sg38
S'PingPingPingPingPingPingPingPingPingPingPingPing'
p512
sbsg62
Nsg63
I0
sg64
I5
sg65
I4
sg66
I41929
sg59
g504
sg67
I00
sbsg62
Nsg59
Nsg60
I2048
sg67
I00
sbsbag1
(g2
g3
Ntp513
Rp514
(dp515
g7
g110
sg27
g1
(g28
g3
Ntp516
Rp517
(dp518
g32
g93
sg33
g144
sg38
g1
(g39
g3
Ntp519
Rp520
(dp521
g43
I0
sg44
I55532
sg45
g149
sg49
I1
sg50
g100
sg51
I0
sg52
I64
sg53
I72
sg38
g1
(g54
g3
Ntp522
Rp523
(dp524
g58
I0
sg44
I1591
sg59
g520
sg60
I8
sg38
S'PingPingPingPingPingPingPingPingPingPingPingPing'
p525
sbsg62
Nsg63
I0
sg64
I5
sg65
I4
sg66
I41930
sg59
g517
sg67
I00
sbsg62
Nsg59
Nsg60
I2048
sg67
I00
sbsbag1
(g2
g3
Ntp526
Rp527
(dp528
g7
g110
sg27
g1
(g28
g3
Ntp529
Rp530
(dp531
g32
g93
sg33
g93
sg38
g1
(g39
g3
Ntp532
Rp533
(dp534
g43
I0
sg44
I0
sg45
g100
sg49
I1
sg50
g100
sg51
I0
sg52
I64
sg53
I20
sg38
g1
(g54
g3
Ntp535
Rp536
(dp537
g58
I0
sg44
I0
sg59
g533
sg60
I0
sg38
S'PingPingPingPingPingPingPingPingPingPingPingPing'
p538
sbsg62
Nsg63
I0
sg64
I5
sg65
I4
sg66
I41931
sg59
g530
sg67
I00
sbsg62
Nsg59
Nsg60
I2048
sg67
I00
sbsbag1
(g2
g3
Ntp539
Rp540
(dp541
g7
g10
sg27
g1
(g28
g3
Ntp542
Rp543
(dp544
g32
g15
sg33
g93
sg38
g1
(g39
g3
Ntp545
Rp546
(dp547
g43
I0
sg44
I56297
sg45
g100
sg49
I1
sg50
g23
sg51
I0
sg52
I64
sg53
I72
sg38
g1
(g54
g3
Ntp548
Rp549
(dp550
g58
I0
sg44
I3639
sg59
g546
sg60
I0
sg38
S'PingPingPingPingPingPingPingPingPingPingPingPing'
p551
sbsg62
Nsg63
I0
sg64
I5
sg65
I4
sg66
I41933
sg59
g543
sg67
I00
sbsg62
Nsg59
Nsg60
I2048
sg67
I00
sbsbag1
(g2
g3
Ntp552
Rp553
(dp554
g7
g141
sg27
g1
(g28
g3
Ntp555
Rp556
(dp557
g32
g144
sg33
g15
sg38
g1
(g39
g3
Ntp558
Rp559
(dp560
g43
I0
sg44
I56040
sg45
g23
sg49
I1
sg50
g149
sg51
I0
sg52
I64
sg53
I72
sg38
g1
(g54
g3
Ntp561
Rp562
(dp563
g58
I0
sg44
I3639
sg59
g559
sg60
I0
sg38
S'PingPingPingPingPingPingPingPingPingPingPingPing'
p564
sbsg62
Nsg63
I0
sg64
I5
sg65
I4
sg66
I41934
sg59
g556
sg67
I00
sbsg62
Nsg59
Nsg60
I2048
sg67
I00
sbsbag1
(g2
g3
Ntp565
Rp566
(dp567
g7
g72
sg27
g1
(g28
g3
Ntp568
Rp569
(dp570
g32
g35
sg33
g15
sg38
g1
(g39
g3
Ntp571
Rp572
(dp573
g43
I0
sg44
I56551
sg45
g23
sg49
I1
sg50
g47
sg51
I0
sg52
I64
sg53
I72
sg38
g1
(g54
g3
Ntp574
Rp575
(dp576
g58
I0
sg44
I1591
sg59
g572
sg60
I8
sg38
S'PingPingPingPingPingPingPingPingPingPingPingPing'
p577
sbsg62
Nsg63
I0
sg64
I5
sg65
I4
sg66
I41935
sg59
g569
sg67
I00
sbsg62
Nsg59
Nsg60
I2048
sg67
I00
sbsbag1
(g2
g3
Ntp578
Rp579
(dp580
g7
g10
sg27
g1
(g28
g3
Ntp581
Rp582
(dp583
g32
g15
sg33
g144
sg38
g1
(g39
g3
Ntp584
Rp585
(dp586
g43
I0
sg44
I56038
sg45
g149
sg49
I1
sg50
g23
sg51
I0
sg52
I64
sg53
I72
sg38
g1
(g54
g3
Ntp587
Rp588
(dp589
g58
I0
sg44
I1591
sg59
g585
sg60
I8
sg38
S'PingPingPingPingPingPingPingPingPingPingPingPing'
p590
sbsg62
Nsg63
I0
sg64
I5
sg65
I4
sg66
I41936
sg59
g582
sg67
I00
sbsg62
Nsg59
Nsg60
I2048
sg67
I00
sbsbag1
(g2
g3
Ntp591
Rp592
(dp593
g7
g110
sg27
g1
(g28
g3
Ntp594
Rp595
(dp596
g32
g93
sg33
g15
sg38
g1
(g39
g3
Ntp597
Rp598
(dp599
g43
I0
sg44
I56293
sg45
g23
sg49
I1
sg50
g100
sg51
I0
sg52
I64
sg53
I72
sg38
g1
(g54
g3
Ntp600
Rp601
(dp602
g58
I0
sg44
I1591
sg59
g598
sg60
I8
sg38
S'PingPingPingPingPingPingPingPingPingPingPingPing'
p603
sbsg62
Nsg63
I0
sg64
I5
sg65
I4
sg66
I41937
sg59
g595
sg67
I00
sbsg62
Nsg59
Nsg60
I2048
sg67
I00
sbsbag1
(g2
g3
Ntp604
Rp605
(dp606
g7
g141
sg27
g1
(g28
g3
Ntp607
Rp608
(dp609
g32
g144
sg33
g35
sg38
g1
(g39
g3
Ntp610
Rp611
(dp612
g43
I0
sg44
I55780
sg45
g47
sg49
I1
sg50
g149
sg51
I0
sg52
I64
sg53
I72
sg38
g1
(g54
g3
Ntp613
Rp614
(dp615
g58
I0
sg44
I3639
sg59
g611
sg60
I0
sg38
S'PingPingPingPingPingPingPingPingPingPingPingPing'
p616
sbsg62
Nsg63
I0
sg64
I5
sg65
I4
sg66
I41938
sg59
g608
sg67
I00
sbsg62
Nsg59
Nsg60
I2048
sg67
I00
sbsbag1
(g2
g3
Ntp617
Rp618
(dp619
g7
g10
sg27
g1
(g28
g3
Ntp620
Rp621
(dp622
g32
g15
sg33
g35
sg38
g1
(g39
g3
Ntp623
Rp624
(dp625
g43
I0
sg44
I56545
sg45
g47
sg49
I1
sg50
g23
sg51
I0
sg52
I64
sg53
I72
sg38
g1
(g54
g3
Ntp626
Rp627
(dp628
g58
I0
sg44
I1591
sg59
g624
sg60
I8
sg38
S'PingPingPingPingPingPingPingPingPingPingPingPing'
p629
sbsg62
Nsg63
I0
sg64
I5
sg65
I4
sg66
I41941
sg59
g621
sg67
I00
sbsg62
Nsg59
Nsg60
I2048
sg67
I00
sbsbag1
(g2
g3
Ntp630
Rp631
(dp632
g7
g10
sg27
g1
(g28
g3
Ntp633
Rp634
(dp635
g32
g15
sg33
g93
sg38
g1
(g39
g3
Ntp636
Rp637
(dp638
g43
I0
sg44
I56288
sg45
g100
sg49
I1
sg50
g23
sg51
I0
sg52
I64
sg53
I72
sg38
g1
(g54
g3
Ntp639
Rp640
(dp641
g58
I0
sg44
I1591
sg59
g637
sg60
I8
sg38
S'PingPingPingPingPingPingPingPingPingPingPingPing'
p642
sbsg62
Nsg63
I0
sg64
I5
sg65
I4
sg66
I41942
sg59
g634
sg67
I00
sbsg62
Nsg59
Nsg60
I2048
sg67
I00
sbsbag1
(g2
g3
Ntp643
Rp644
(dp645
g7
g72
sg27
g1
(g28
g3
Ntp646
Rp647
(dp648
g32
g35
sg33
g93
sg38
g1
(g39
g3
Ntp649
Rp650
(dp651
g43
I0
sg44
I0
sg45
g100
sg49
I1
sg50
g47
sg51
I0
sg52
I64
sg53
I20
sg38
g1
(g54
g3
Ntp652
Rp653
(dp654
g58
I0
sg44
I0
sg59
g650
sg60
I0
sg38
S'PingPingPingPingPingPingPingPingPingPingPingPing'
p655
sbsg62
Nsg63
I0
sg64
I5
sg65
I4
sg66
I41943
sg59
g647
sg67
I00
sbsg62
Nsg59
Nsg60
I2048
sg67
I00
sbsbag1
(g2
g3
Ntp656
Rp657
(dp658
g7
g110
sg27
g1
(g28
g3
Ntp659
Rp660
(dp661
g32
g93
sg33
g35
sg38
g1
(g39
g3
Ntp662
Rp663
(dp664
g43
I0
sg44
I56030
sg45
g47
sg49
I1
sg50
g100
sg51
I0
sg52
I64
sg53
I72
sg38
g1
(g54
g3
Ntp665
Rp666
(dp667
g58
I0
sg44
I3639
sg59
g663
sg60
I0
sg38
S'PingPingPingPingPingPingPingPingPingPingPingPing'
p668
sbsg62
Nsg63
I0
sg64
I5
sg65
I4
sg66
I41944
sg59
g660
sg67
I00
sbsg62
Nsg59
Nsg60
I2048
sg67
I00
sbsbag1
(g2
g3
Ntp669
Rp670
(dp671
g7
g72
sg27
g1
(g28
g3
Ntp672
Rp673
(dp674
g32
g35
sg33
g144
sg38
g1
(g39
g3
Ntp675
Rp676
(dp677
g43
I0
sg44
I55771
sg45
g149
sg49
I1
sg50
g47
sg51
I0
sg52
I64
sg53
I72
sg38
g1
(g54
g3
Ntp678
Rp679
(dp680
g58
I0
sg44
I3639
sg59
g676
sg60
I0
sg38
S'PingPingPingPingPingPingPingPingPingPingPingPing'
p681
sbsg62
Nsg63
I0
sg64
I5
sg65
I4
sg66
I41947
sg59
g673
sg67
I00
sbsg62
Nsg59
Nsg60
I2048
sg67
I00
sbsbag1
(g2
g3
Ntp682
Rp683
(dp684
g7
g10
sg27
g1
(g28
g3
Ntp685
Rp686
(dp687
g32
g15
sg33
g144
sg38
g1
(g39
g3
Ntp688
Rp689
(dp690
g43
I0
sg44
I0
sg45
g149
sg49
I1
sg50
g23
sg51
I0
sg52
I64
sg53
I20
sg38
g1
(g54
g3
Ntp691
Rp692
(dp693
g58
I0
sg44
I0
sg59
g689
sg60
I8
sg38
S'PingPingPingPingPingPingPingPingPingPingPingPing'
p694
sbsg62
Nsg63
I0
sg64
I5
sg65
I4
sg66
I41950
sg59
g686
sg67
I00
sbsg62
Nsg59
Nsg60
I2048
sg67
I00
sbsbag1
(g2
g3
Ntp695
Rp696
(dp697
g7
g110
sg27
g1
(g28
g3
Ntp698
Rp699
(dp700
g32
g93
sg33
g144
sg38
g1
(g39
g3
Ntp701
Rp702
(dp703
g43
I0
sg44
I55511
sg45
g149
sg49
I1
sg50
g100
sg51
I0
sg52
I64
sg53
I72
sg38
g1
(g54
g3
Ntp704
Rp705
(dp706
g58
I0
sg44
I1591
sg59
g702
sg60
I8
sg38
S'PingPingPingPingPingPingPingPingPingPingPingPing'
p707
sbsg62
Nsg63
I0
sg64
I5
sg65
I4
sg66
I41951
sg59
g699
sg67
I00
sbsg62
Nsg59
Nsg60
I2048
sg67
I00
sbsbag1
(g2
g3
Ntp708
Rp709
(dp710
g7
g141
sg27
g1
(g28
g3
Ntp711
Rp712
(dp713
g32
g144
sg33
g93
sg38
g1
(g39
g3
Ntp714
Rp715
(dp716
g43
I0
sg44
I55510
sg45
g100
sg49
I1
sg50
g149
sg51
I0
sg52
I64
sg53
I72
sg38
g1
(g54
g3
Ntp717
Rp718
(dp719
g58
I0
sg44
I1591
sg59
g715
sg60
I8
sg38
S'PingPingPingPingPingPingPingPingPingPingPingPing'
p720
sbsg62
Nsg63
I0
sg64
I5
sg65
I4
sg66
I41952
sg59
g712
sg67
I00
sbsg62
Nsg59
Nsg60
I2048
sg67
I00
sbsbag1
(g2
g3
Ntp721
Rp722
(dp723
g7
g10
sg27
g1
(g28
g3
Ntp724
Rp725
(dp726
g32
g15
sg33
g35
sg38
g1
(g39
g3
Ntp727
Rp728
(dp729
g43
I0
sg44
I56531
sg45
g47
sg49
I1
sg50
g23
sg51
I0
sg52
I64
sg53
I72
sg38
g1
(g54
g3
Ntp730
Rp731
(dp732
g58
I0
sg44
I1591
sg59
g728
sg60
I8
sg38
S'PingPingPingPingPingPingPingPingPingPingPingPing'
p733
sbsg62
Nsg63
I0
sg64
I5
sg65
I4
sg66
I41955
sg59
g725
sg67
I00
sbsg62
Nsg59
Nsg60
I2048
sg67
I00
sbsbag1
(g2
g3
Ntp734
Rp735
(dp736
g7
g110
sg27
g1
(g28
g3
Ntp737
Rp738
(dp739
g32
g93
sg33
g15
sg38
g1
(g39
g3
Ntp740
Rp741
(dp742
g43
I0
sg44
I56272
sg45
g23
sg49
I1
sg50
g100
sg51
I0
sg52
I64
sg53
I72
sg38
g1
(g54
g3
Ntp743
Rp744
(dp745
g58
I0
sg44
I1591
sg59
g741
sg60
I8
sg38
S'PingPingPingPingPingPingPingPingPingPingPingPing'
p746
sbsg62
Nsg63
I0
sg64
I5
sg65
I4
sg66
I41958
sg59
g738
sg67
I00
sbsg62
Nsg59
Nsg60
I2048
sg67
I00
sbsbag1
(g2
g3
Ntp747
Rp748
(dp749
g7
g10
sg27
g1
(g28
g3
Ntp750
Rp751
(dp752
g32
g15
sg33
g93
sg38
g1
(g39
g3
Ntp753
Rp754
(dp755
g43
I0
sg44
I56270
sg45
g100
sg49
I1
sg50
g23
sg51
I0
sg52
I64
sg53
I72
sg38
g1
(g54
g3
Ntp756
Rp757
(dp758
g58
I0
sg44
I3639
sg59
g754
sg60
I0
sg38
S'PingPingPingPingPingPingPingPingPingPingPingPing'
p759
sbsg62
Nsg63
I0
sg64
I5
sg65
I4
sg66
I41960
sg59
g751
sg67
I00
sbsg62
Nsg59
Nsg60
I2048
sg67
I00
sbsbag1
(g2
g3
Ntp760
Rp761
(dp762
g7
g110
sg27
g1
(g28
g3
Ntp763
Rp764
(dp765
g32
g93
sg33
g35
sg38
g1
(g39
g3
Ntp766
Rp767
(dp768
g43
I0
sg44
I56013
sg45
g47
sg49
I1
sg50
g100
sg51
I0
sg52
I64
sg53
I72
sg38
g1
(g54
g3
Ntp769
Rp770
(dp771
g58
I0
sg44
I1591
sg59
g767
sg60
I8
sg38
S'PingPingPingPingPingPingPingPingPingPingPingPing'
p772
sbsg62
Nsg63
I0
sg64
I5
sg65
I4
sg66
I41961
sg59
g764
sg67
I00
sbsg62
Nsg59
Nsg60
I2048
sg67
I00
sbsbag1
(g2
g3
Ntp773
Rp774
(dp775
g7
g141
sg27
g1
(g28
g3
Ntp776
Rp777
(dp778
g32
g144
sg33
g144
sg38
g1
(g39
g3
Ntp779
Rp780
(dp781
g43
I0
sg44
I55244
sg45
g149
sg49
I1
sg50
g149
sg51
I0
sg52
I64
sg53
I72
sg38
g1
(g54
g3
Ntp782
Rp783
(dp784
g58
I0
sg44
I1591
sg59
g780
sg60
I8
sg38
S'PingPingPingPingPingPingPingPingPingPingPingPing'
p785
sbsg62
Nsg63
I0
sg64
I5
sg65
I4
sg66
I41962
sg59
g777
sg67
I00
sbsg62
Nsg59
Nsg60
I2048
sg67
I00
sbsbag1
(g2
g3
Ntp786
Rp787
(dp788
g7
g110
sg27
g1
(g28
g3
Ntp789
Rp790
(dp791
g32
g93
sg33
g93
sg38
g1
(g39
g3
Ntp792
Rp793
(dp794
g43
I0
sg44
I55753
sg45
g100
sg49
I1
sg50
g100
sg51
I0
sg52
I64
sg53
I72
sg38
g1
(g54
g3
Ntp795
Rp796
(dp797
g58
I0
sg44
I1591
sg59
g793
sg60
I8
sg38
S'PingPingPingPingPingPingPingPingPingPingPingPing'
p798
sbsg62
Nsg63
I0
sg64
I5
sg65
I4
sg66
I41965
sg59
g790
sg67
I00
sbsg62
Nsg59
Nsg60
I2048
sg67
I00
sbsbag1
(g2
g3
Ntp799
Rp800
(dp801
g7
g10
sg27
g1
(g28
g3
Ntp802
Rp803
(dp804
g32
g15
sg33
g144
sg38
g1
(g39
g3
Ntp805
Rp806
(dp807
g43
I0
sg44
I56006
sg45
g149
sg49
I1
sg50
g23
sg51
I0
sg52
I64
sg53
I72
sg38
g1
(g54
g3
Ntp808
Rp809
(dp810
g58
I0
sg44
I1591
sg59
g806
sg60
I8
sg38
S'PingPingPingPingPingPingPingPingPingPingPingPing'
p811
sbsg62
Nsg63
I0
sg64
I5
sg65
I4
sg66
I41968
sg59
g803
sg67
I00
sbsg62
Nsg59
Nsg60
I2048
sg67
I00
sbsbag1
(g2
g3
Ntp812
Rp813
(dp814
g7
g141
sg27
g1
(g28
g3
Ntp815
Rp816
(dp817
g32
g144
sg33
g15
sg38
g1
(g39
g3
Ntp818
Rp819
(dp820
g43
I0
sg44
I56005
sg45
g23
sg49
I1
sg50
g149
sg51
I0
sg52
I64
sg53
I72
sg38
g1
(g54
g3
Ntp821
Rp822
(dp823
g58
I0
sg44
I3639
sg59
g819
sg60
I0
sg38
S'PingPingPingPingPingPingPingPingPingPingPingPing'
p824
sbsg62
Nsg63
I0
sg64
I5
sg65
I4
sg66
I41969
sg59
g816
sg67
I00
sbsg62
Nsg59
Nsg60
I2048
sg67
I00
sbsbag1
(g2
g3
Ntp825
Rp826
(dp827
g7
g72
sg27
g1
(g28
g3
Ntp828
Rp829
(dp830
g32
g35
sg33
g15
sg38
g1
(g39
g3
Ntp831
Rp832
(dp833
g43
I0
sg44
I56515
sg45
g23
sg49
I1
sg50
g47
sg51
I0
sg52
I64
sg53
I72
sg38
g1
(g54
g3
Ntp834
Rp835
(dp836
g58
I0
sg44
I1591
sg59
g832
sg60
I8
sg38
S'PingPingPingPingPingPingPingPingPingPingPingPing'
p837
sbsg62
Nsg63
I0
sg64
I5
sg65
I4
sg66
I41971
sg59
g829
sg67
I00
sbsg62
Nsg59
Nsg60
I2048
sg67
I00
sbsbag1
(g2
g3
Ntp838
Rp839
(dp840
g7
g141
sg27
g1
(g28
g3
Ntp841
Rp842
(dp843
g32
g144
sg33
g35
sg38
g1
(g39
g3
Ntp844
Rp845
(dp846
g43
I0
sg44
I55746
sg45
g47
sg49
I1
sg50
g149
sg51
I0
sg52
I64
sg53
I72
sg38
g1
(g54
g3
Ntp847
Rp848
(dp849
g58
I0
sg44
I1591
sg59
g845
sg60
I8
sg38
S'PingPingPingPingPingPingPingPingPingPingPingPing'
p850
sbsg62
Nsg63
I0
sg64
I5
sg65
I4
sg66
I41972
sg59
g842
sg67
I00
sbsg62
Nsg59
Nsg60
I2048
sg67
I00
sbsbag1
(g2
g3
Ntp851
Rp852
(dp853
g7
g141
sg27
g1
(g28
g3
Ntp854
Rp855
(dp856
g32
g144
sg33
g93
sg38
g1
(g39
g3
Ntp857
Rp858
(dp859
g43
I0
sg44
I55488
sg45
g100
sg49
I1
sg50
g149
sg51
I0
sg52
I64
sg53
I72
sg38
g1
(g54
g3
Ntp860
Rp861
(dp862
g58
I0
sg44
I3639
sg59
g858
sg60
I0
sg38
S'PingPingPingPingPingPingPingPingPingPingPingPing'
p863
sbsg62
Nsg63
I0
sg64
I5
sg65
I4
sg66
I41974
sg59
g855
sg67
I00
sbsg62
Nsg59
Nsg60
I2048
sg67
I00
sbsbag1
(g2
g3
Ntp864
Rp865
(dp866
g7
g72
sg27
g1
(g28
g3
Ntp867
Rp868
(dp869
g32
g35
sg33
g35
sg38
g1
(g39
g3
Ntp870
Rp871
(dp872
g43
I0
sg44
I56255
sg45
g47
sg49
I1
sg50
g47
sg51
I0
sg52
I64
sg53
I72
sg38
g1
(g54
g3
Ntp873
Rp874
(dp875
g58
I0
sg44
I3639
sg59
g871
sg60
I0
sg38
S'PingPingPingPingPingPingPingPingPingPingPingPing'
p876
sbsg62
Nsg63
I0
sg64
I5
sg65
I4
sg66
I41975
sg59
g868
sg67
I00
sbsg62
Nsg59
Nsg60
I2048
sg67
I00
sbsbag1
(g2
g3
Ntp877
Rp878
(dp879
g7
g110
sg27
g1
(g28
g3
Ntp880
Rp881
(dp882
g32
g93
sg33
g144
sg38
g1
(g39
g3
Ntp883
Rp884
(dp885
g43
I0
sg44
I55482
sg45
g149
sg49
I1
sg50
g100
sg51
I0
sg52
I64
sg53
I72
sg38
g1
(g54
g3
Ntp886
Rp887
(dp888
g58
I0
sg44
I1591
sg59
g884
sg60
I8
sg38
S'PingPingPingPingPingPingPingPingPingPingPingPing'
p889
sbsg62
Nsg63
I0
sg64
I5
sg65
I4
sg66
I41980
sg59
g881
sg67
I00
sbsg62
Nsg59
Nsg60
I2048
sg67
I00
sbsbag1
(g2
g3
Ntp890
Rp891
(dp892
g7
g72
sg27
g1
(g28
g3
Ntp893
Rp894
(dp895
g32
g35
sg33
g93
sg38
g1
(g39
g3
Ntp896
Rp897
(dp898
g43
I0
sg44
I55991
sg45
g100
sg49
I1
sg50
g47
sg51
I0
sg52
I64
sg53
I72
sg38
g1
(g54
g3
Ntp899
Rp900
(dp901
g58
I0
sg44
I1591
sg59
g897
sg60
I8
sg38
S'PingPingPingPingPingPingPingPingPingPingPingPing'
p902
sbsg62
Nsg63
I0
sg64
I5
sg65
I4
sg66
I41983
sg59
g894
sg67
I00
sbsg62
Nsg59
Nsg60
I2048
sg67
I00
sbsbag1
(g2
g3
Ntp903
Rp904
(dp905
g7
g110
sg27
g1
(g28
g3
Ntp906
Rp907
(dp908
g32
g93
sg33
g15
sg38
g1
(g39
g3
Ntp909
Rp910
(dp911
g43
I0
sg44
I56246
sg45
g23
sg49
I1
sg50
g100
sg51
I0
sg52
I64
sg53
I72
sg38
g1
(g54
g3
Ntp912
Rp913
(dp914
g58
I0
sg44
I1591
sg59
g910
sg60
I8
sg38
S'PingPingPingPingPingPingPingPingPingPingPingPing'
p915
sbsg62
Nsg63
I0
sg64
I5
sg65
I4
sg66
I41984
sg59
g907
sg67
I00
sbsg62
Nsg59
Nsg60
I2048
sg67
I00
sbsbag1
(g2
g3
Ntp916
Rp917
(dp918
g7
g10
sg27
g1
(g28
g3
Ntp919
Rp920
(dp921
g32
g15
sg33
g15
sg38
g1
(g39
g3
Ntp922
Rp923
(dp924
g43
I0
sg44
I56757
sg45
g23
sg49
I1
sg50
g23
sg51
I0
sg52
I64
sg53
I72
sg38
g1
(g54
g3
Ntp925
Rp926
(dp927
g58
I0
sg44
I3639
sg59
g923
sg60
I0
sg38
S'PingPingPingPingPingPingPingPingPingPingPingPing'
p928
sbsg62
Nsg63
I0
sg64
I5
sg65
I4
sg66
I41985
sg59
g920
sg67
I00
sbsg62
Nsg59
Nsg60
I2048
sg67
I00
sbsbag1
(g2
g3
Ntp929
Rp930
(dp931
g7
g110
sg27
g1
(g28
g3
Ntp932
Rp933
(dp934
g32
g93
sg33
g35
sg38
g1
(g39
g3
Ntp935
Rp936
(dp937
g43
I0
sg44
I55984
sg45
g47
sg49
I1
sg50
g100
sg51
I0
sg52
I64
sg53
I72
sg38
g1
(g54
g3
Ntp938
Rp939
(dp940
g58
I0
sg44
I3639
sg59
g936
sg60
I0
sg38
S'PingPingPingPingPingPingPingPingPingPingPingPing'
p941
sbsg62
Nsg63
I0
sg64
I5
sg65
I4
sg66
I41990
sg59
g933
sg67
I00
sbsg62
Nsg59
Nsg60
I2048
sg67
I00
sbsbag1
(g2
g3
Ntp942
Rp943
(dp944
g7
g110
sg27
g1
(g28
g3
Ntp945
Rp946
(dp947
g32
g93
sg33
g144
sg38
g1
(g39
g3
Ntp948
Rp949
(dp950
g43
I0
sg44
I55470
sg45
g149
sg49
I1
sg50
g100
sg51
I0
sg52
I64
sg53
I72
sg38
g1
(g54
g3
Ntp951
Rp952
(dp953
g58
I0
sg44
I3639
sg59
g949
sg60
I0
sg38
S'PingPingPingPingPingPingPingPingPingPingPingPing'
p954
sbsg62
Nsg63
I0
sg64
I5
sg65
I4
sg66
I41992
sg59
g946
sg67
I00
sbsg62
Nsg59
Nsg60
I2048
sg67
I00
sbsbag1
(g2
g3
Ntp955
Rp956
(dp957
g7
g141
sg27
g1
(g28
g3
Ntp958
Rp959
(dp960
g32
g144
sg33
g15
sg38
g1
(g39
g3
Ntp961
Rp962
(dp963
g43
I0
sg44
I55981
sg45
g23
sg49
I1
sg50
g149
sg51
I0
sg52
I64
sg53
I72
sg38
g1
(g54
g3
Ntp964
Rp965
(dp966
g58
I0
sg44
I1591
sg59
g962
sg60
I8
sg38
S'PingPingPingPingPingPingPingPingPingPingPingPing'
p967
sbsg62
Nsg63
I0
sg64
I5
sg65
I4
sg66
I41993
sg59
g959
sg67
I00
sbsg62
Nsg59
Nsg60
I2048
sg67
I00
sbsbag1
(g2
g3
Ntp968
Rp969
(dp970
g7
g141
sg27
g1
(g28
g3
Ntp971
Rp972
(dp973
g32
g144
sg33
g144
sg38
g1
(g39
g3
Ntp974
Rp975
(dp976
g43
I0
sg44
I55212
sg45
g149
sg49
I1
sg50
g149
sg51
I0
sg52
I64
sg53
I72
sg38
g1
(g54
g3
Ntp977
Rp978
(dp979
g58
I0
sg44
I1591
sg59
g975
sg60
I8
sg38
S'PingPingPingPingPingPingPingPingPingPingPingPing'
p980
sbsg62
Nsg63
I0
sg64
I5
sg65
I4
sg66
I41994
sg59
g972
sg67
I00
sbsg62
Nsg59
Nsg60
I2048
sg67
I00
sbsbag1
(g2
g3
Ntp981
Rp982
(dp983
g7
g10
sg27
g1
(g28
g3
Ntp984
Rp985
(dp986
g32
g15
sg33
g35
sg38
g1
(g39
g3
Ntp987
Rp988
(dp989
g43
I0
sg44
I56487
sg45
g47
sg49
I1
sg50
g23
sg51
I0
sg52
I64
sg53
I72
sg38
g1
(g54
g3
Ntp990
Rp991
(dp992
g58
I0
sg44
I3639
sg59
g988
sg60
I0
sg38
S'PingPingPingPingPingPingPingPingPingPingPingPing'
p993
sbsg62
Nsg63
I0
sg64
I5
sg65
I4
sg66
I41999
sg59
g985
sg67
I00
sbsg62
Nsg59
Nsg60
I2048
sg67
I00
sbsbag1
(g2
g3
Ntp994
Rp995
(dp996
g7
g72
sg27
g1
(g28
g3
Ntp997
Rp998
(dp999
g32
g35
sg33
g144
sg38
g1
(g39
g3
Ntp1000
Rp1001
(dp1002
g43
I0
sg44
I55718
sg45
g149
sg49
I1
sg50
g47
sg51
I0
sg52
I64
sg53
I72
sg38
g1
(g54
g3
Ntp1003
Rp1004
(dp1005
g58
I0
sg44
I1591
sg59
g1001
sg60
I8
sg38
S'PingPingPingPingPingPingPingPingPingPingPingPing'
p1006
sbsg62
Nsg63
I0
sg64
I5
sg65
I4
sg66
I42000
sg59
g998
sg67
I00
sbsg62
Nsg59
Nsg60
I2048
sg67
I00
sbsbag1
(g2
g3
Ntp1007
Rp1008
(dp1009
g7
g110
sg27
g1
(g28
g3
Ntp1010
Rp1011
(dp1012
g32
g93
sg33
g15
sg38
g1
(g39
g3
Ntp1013
Rp1014
(dp1015
g43
I0
sg44
I56229
sg45
g23
sg49
I1
sg50
g100
sg51
I0
sg52
I64
sg53
I72
sg38
g1
(g54
g3
Ntp1016
Rp1017
(dp1018
g58
I0
sg44
I1591
sg59
g1014
sg60
I8
sg38
S'PingPingPingPingPingPingPingPingPingPingPingPing'
p1019
sbsg62
Nsg63
I0
sg64
I5
sg65
I4
sg66
I42001
sg59
g1011
sg67
I00
sbsg62
Nsg59
Nsg60
I2048
sg67
I00
sbsbag1
(g2
g3
Ntp1020
Rp1021
(dp1022
g7
g141
sg27
g1
(g28
g3
Ntp1023
Rp1024
(dp1025
g32
g144
sg33
g35
sg38
g1
(g39
g3
Ntp1026
Rp1027
(dp1028
g43
I0
sg44
I55716
sg45
g47
sg49
I1
sg50
g149
sg51
I0
sg52
I64
sg53
I72
sg38
g1
(g54
g3
Ntp1029
Rp1030
(dp1031
g58
I0
sg44
I3639
sg59
g1027
sg60
I0
sg38
S'PingPingPingPingPingPingPingPingPingPingPingPing'
p1032
sbsg62
Nsg63
I0
sg64
I5
sg65
I4
sg66
I42002
sg59
g1024
sg67
I00
sbsg62
Nsg59
Nsg60
I2048
sg67
I00
sbsbag1
(g2
g3
Ntp1033
Rp1034
(dp1035
g7
g72
sg27
g1
(g28
g3
Ntp1036
Rp1037
(dp1038
g32
g35
sg33
g15
sg38
g1
(g39
g3
Ntp1039
Rp1040
(dp1041
g43
I0
sg44
I56479
sg45
g23
sg49
I1
sg50
g47
sg51
I0
sg52
I64
sg53
I72
sg38
g1
(g54
g3
Ntp1042
Rp1043
(dp1044
g58
I0
sg44
I3639
sg59
g1040
sg60
I0
sg38
S'PingPingPingPingPingPingPingPingPingPingPingPing'
p1045
sbsg62
Nsg63
I0
sg64
I5
sg65
I4
sg66
I42007
sg59
g1037
sg67
I00
sbsg62
Nsg59
Nsg60
I2048
sg67
I00
sbsbag1
(g2
g3
Ntp1046
Rp1047
(dp1048
g7
g110
sg27
g1
(g28
g3
Ntp1049
Rp1050
(dp1051
g32
g93
sg33
g35
sg38
g1
(g39
g3
Ntp1052
Rp1053
(dp1054
g43
I0
sg44
I55965
sg45
g47
sg49
I1
sg50
g100
sg51
I0
sg52
I64
sg53
I72
sg38
g1
(g54
g3
Ntp1055
Rp1056
(dp1057
g58
I0
sg44
I1591
sg59
g1053
sg60
I8
sg38
S'PingPingPingPingPingPingPingPingPingPingPingPing'
p1058
sbsg62
Nsg63
I0
sg64
I5
sg65
I4
sg66
I42009
sg59
g1050
sg67
I00
sbsg62
Nsg59
Nsg60
I2048
sg67
I00
sbsbag1
(g2
g3
Ntp1059
Rp1060
(dp1061
g7
g72
sg27
g1
(g28
g3
Ntp1062
Rp1063
(dp1064
g32
g35
sg33
g93
sg38
g1
(g39
g3
Ntp1065
Rp1066
(dp1067
g43
I0
sg44
I55956
sg45
g100
sg49
I1
sg50
g47
sg51
I0
sg52
I64
sg53
I72
sg38
g1
(g54
g3
Ntp1068
Rp1069
(dp1070
g58
I0
sg44
I1591
sg59
g1066
sg60
I8
sg38
S'PingPingPingPingPingPingPingPingPingPingPingPing'
p1071
sbsg62
Nsg63
I0
sg64
I5
sg65
I4
sg66
I42018
sg59
g1063
sg67
I00
sbsg62
Nsg59
Nsg60
I2048
sg67
I00
sbsbag1
(g2
g3
Ntp1072
Rp1073
(dp1074
g7
g110
sg27
g1
(g28
g3
Ntp1075
Rp1076
(dp1077
g32
g93
sg33
g93
sg38
g1
(g39
g3
Ntp1078
Rp1079
(dp1080
g43
I0
sg44
I55697
sg45
g100
sg49
I1
sg50
g100
sg51
I0
sg52
I64
sg53
I72
sg38
g1
(g54
g3
Ntp1081
Rp1082
(dp1083
g58
I0
sg44
I1591
sg59
g1079
sg60
I8
sg38
S'PingPingPingPingPingPingPingPingPingPingPingPing'
p1084
sbsg62
Nsg63
I0
sg64
I5
sg65
I4
sg66
I42021
sg59
g1076
sg67
I00
sbsg62
Nsg59
Nsg60
I2048
sg67
I00
sbsbag1
(g2
g3
Ntp1085
Rp1086
(dp1087
g7
g10
sg27
g1
(g28
g3
Ntp1088
Rp1089
(dp1090
g32
g15
sg33
g93
sg38
g1
(g39
g3
Ntp1091
Rp1092
(dp1093
g43
I0
sg44
I56205
sg45
g100
sg49
I1
sg50
g23
sg51
I0
sg52
I64
sg53
I72
sg38
g1
(g54
g3
Ntp1094
Rp1095
(dp1096
g58
I0
sg44
I1591
sg59
g1092
sg60
I8
sg38
S'PingPingPingPingPingPingPingPingPingPingPingPing'
p1097
sbsg62
Nsg63
I0
sg64
I5
sg65
I4
sg66
I42025
sg59
g1089
sg67
I00
sbsg62
Nsg59
Nsg60
I2048
sg67
I00
sbsbag1
(g2
g3
Ntp1098
Rp1099
(dp1100
g7
g72
sg27
g1
(g28
g3
Ntp1101
Rp1102
(dp1103
g32
g35
sg33
g144
sg38
g1
(g39
g3
Ntp1104
Rp1105
(dp1106
g43
I0
sg44
I55692
sg45
g149
sg49
I1
sg50
g47
sg51
I0
sg52
I64
sg53
I72
sg38
g1
(g54
g3
Ntp1107
Rp1108
(dp1109
g58
I0
sg44
I3639
sg59
g1105
sg60
I0
sg38
S'PingPingPingPingPingPingPingPingPingPingPingPing'
p1110
sbsg62
Nsg63
I0
sg64
I5
sg65
I4
sg66
I42026
sg59
g1102
sg67
I00
sbsg62
Nsg59
Nsg60
I2048
sg67
I00
sbsbag1
(g2
g3
Ntp1111
Rp1112
(dp1113
g7
g110
sg27
g1
(g28
g3
Ntp1114
Rp1115
(dp1116
g32
g93
sg33
g144
sg38
g1
(g39
g3
Ntp1117
Rp1118
(dp1119
g43
I0
sg44
I55435
sg45
g149
sg49
I1
sg50
g100
sg51
I0
sg52
I64
sg53
I72
sg38
g1
(g54
g3
Ntp1120
Rp1121
(dp1122
g58
I0
sg44
I1591
sg59
g1118
sg60
I8
sg38
S'PingPingPingPingPingPingPingPingPingPingPingPing'
p1123
sbsg62
Nsg63
I0
sg64
I5
sg65
I4
sg66
I42027
sg59
g1115
sg67
I00
sbsg62
Nsg59
Nsg60
I2048
sg67
I00
sbsbag1
(g2
g3
Ntp1124
Rp1125
(dp1126
g7
g72
sg27
g1
(g28
g3
Ntp1127
Rp1128
(dp1129
g32
g35
sg33
g15
sg38
g1
(g39
g3
Ntp1130
Rp1131
(dp1132
g43
I0
sg44
I56452
sg45
g23
sg49
I1
sg50
g47
sg51
I0
sg52
I64
sg53
I72
sg38
g1
(g54
g3
Ntp1133
Rp1134
(dp1135
g58
I0
sg44
I1591
sg59
g1131
sg60
I8
sg38
S'PingPingPingPingPingPingPingPingPingPingPingPing'
p1136
sbsg62
Nsg63
I0
sg64
I5
sg65
I4
sg66
I42034
sg59
g1128
sg67
I00
sbsg62
Nsg59
Nsg60
I2048
sg67
I00
sbsbag1
(g2
g3
Ntp1137
Rp1138
(dp1139
g7
g110
sg27
g1
(g28
g3
Ntp1140
Rp1141
(dp1142
g32
g93
sg33
g15
sg38
g1
(g39
g3
Ntp1143
Rp1144
(dp1145
g43
I0
sg44
I56195
sg45
g23
sg49
I1
sg50
g100
sg51
I0
sg52
I64
sg53
I72
sg38
g1
(g54
g3
Ntp1146
Rp1147
(dp1148
g58
I0
sg44
I3639
sg59
g1144
sg60
I0
sg38
S'PingPingPingPingPingPingPingPingPingPingPingPing'
p1149
sbsg62
Nsg63
I0
sg64
I5
sg65
I4
sg66
I42035
sg59
g1141
sg67
I00
sbsg62
Nsg59
Nsg60
I2048
sg67
I00
sbsbag1
(g2
g3
Ntp1150
Rp1151
(dp1152
g7
g10
sg27
g1
(g28
g3
Ntp1153
Rp1154
(dp1155
g32
g15
sg33
g144
sg38
g1
(g39
g3
Ntp1156
Rp1157
(dp1158
g43
I0
sg44
I55933
sg45
g149
sg49
I1
sg50
g23
sg51
I0
sg52
I64
sg53
I72
sg38
g1
(g54
g3
Ntp1159
Rp1160
(dp1161
g58
I0
sg44
I1591
sg59
g1157
sg60
I8
sg38
S'PingPingPingPingPingPingPingPingPingPingPingPing'
p1162
sbsg62
Nsg63
I0
sg64
I5
sg65
I4
sg66
I42041
sg59
g1154
sg67
I00
sbsg62
Nsg59
Nsg60
I2048
sg67
I00
sbsbag1
(g2
g3
Ntp1163
Rp1164
(dp1165
g7
g110
sg27
g1
(g28
g3
Ntp1166
Rp1167
(dp1168
g32
g93
sg33
g35
sg38
g1
(g39
g3
Ntp1169
Rp1170
(dp1171
g43
I0
sg44
I55932
sg45
g47
sg49
I1
sg50
g100
sg51
I0
sg52
I64
sg53
I72
sg38
g1
(g54
g3
Ntp1172
Rp1173
(dp1174
g58
I0
sg44
I3639
sg59
g1170
sg60
I0
sg38
S'PingPingPingPingPingPingPingPingPingPingPingPing'
p1175
sbsg62
Nsg63
I0
sg64
I5
sg65
I4
sg66
I42042
sg59
g1167
sg67
I00
sbsg62
Nsg59
Nsg60
I2048
sg67
I00
sbsbag1
(g2
g3
Ntp1176
Rp1177
(dp1178
g7
g72
sg27
g1
(g28
g3
Ntp1179
Rp1180
(dp1181
g32
g35
sg33
g35
sg38
g1
(g39
g3
Ntp1182
Rp1183
(dp1184
g43
I0
sg44
I56187
sg45
g47
sg49
I1
sg50
g47
sg51
I0
sg52
I64
sg53
I72
sg38
g1
(g54
g3
Ntp1185
Rp1186
(dp1187
g58
I0
sg44
I3639
sg59
g1183
sg60
I0
sg38
S'PingPingPingPingPingPingPingPingPingPingPingPing'
p1188
sbsg62
Nsg63
I0
sg64
I5
sg65
I4
sg66
I42043
sg59
g1180
sg67
I00
sbsg62
Nsg59
Nsg60
I2048
sg67
I00
sbsbag1
(g2
g3
Ntp1189
Rp1190
(dp1191
g7
g72
sg27
g1
(g28
g3
Ntp1192
Rp1193
(dp1194
g32
g35
sg33
g93
sg38
g1
(g39
g3
Ntp1195
Rp1196
(dp1197
g43
I0
sg44
I55922
sg45
g100
sg49
I1
sg50
g47
sg51
I0
sg52
I64
sg53
I72
sg38
g1
(g54
g3
Ntp1198
Rp1199
(dp1200
g58
I0
sg44
I1591
sg59
g1196
sg60
I8
sg38
S'PingPingPingPingPingPingPingPingPingPingPingPing'
p1201
sbsg62
Nsg63
I0
sg64
I5
sg65
I4
sg66
I42052
sg59
g1193
sg67
I00
sbsg62
Nsg59
Nsg60
I2048
sg67
I00
sbsbag1
(g2
g3
Ntp1202
Rp1203
(dp1204
g7
g110
sg27
g1
(g28
g3
Ntp1205
Rp1206
(dp1207
g32
g93
sg33
g144
sg38
g1
(g39
g3
Ntp1208
Rp1209
(dp1210
g43
I0
sg44
I55407
sg45
g149
sg49
I1
sg50
g100
sg51
I0
sg52
I64
sg53
I72
sg38
g1
(g54
g3
Ntp1211
Rp1212
(dp1213
g58
I0
sg44
I1591
sg59
g1209
sg60
I8
sg38
S'PingPingPingPingPingPingPingPingPingPingPingPing'
p1214
sbsg62
Nsg63
I0
sg64
I5
sg65
I4
sg66
I42055
sg59
g1206
sg67
I00
sbsg62
Nsg59
Nsg60
I2048
sg67
I00
sbsbag1
(g2
g3
Ntp1215
Rp1216
(dp1217
g7
g10
sg27
g1
(g28
g3
Ntp1218
Rp1219
(dp1220
g32
g15
sg33
g15
sg38
g1
(g39
g3
Ntp1221
Rp1222
(dp1223
g43
I0
sg44
I56686
sg45
g23
sg49
I1
sg50
g23
sg51
I0
sg52
I64
sg53
I72
sg38
g1
(g54
g3
Ntp1224
Rp1225
(dp1226
g58
I0
sg44
I3639
sg59
g1222
sg60
I0
sg38
S'PingPingPingPingPingPingPingPingPingPingPingPing'
p1227
sbsg62
Nsg63
I0
sg64
I5
sg65
I4
sg66
I42056
sg59
g1219
sg67
I00
sbsg62
Nsg59
Nsg60
I2048
sg67
I00
sbsbag1
(g2
g3
Ntp1228
Rp1229
(dp1230
g7
g10
sg27
g1
(g28
g3
Ntp1231
Rp1232
(dp1233
g32
g15
sg33
g35
sg38
g1
(g39
g3
Ntp1234
Rp1235
(dp1236
g43
I0
sg44
I56428
sg45
g47
sg49
I1
sg50
g23
sg51
I0
sg52
I64
sg53
I72
sg38
g1
(g54
g3
Ntp1237
Rp1238
(dp1239
g58
I0
sg44
I1591
sg59
g1235
sg60
I8
sg38
S'PingPingPingPingPingPingPingPingPingPingPingPing'
p1240
sbsg62
Nsg63
I0
sg64
I5
sg65
I4
sg66
I42058
sg59
g1232
sg67
I00
sbsg62
Nsg59
Nsg60
I2048
sg67
I00
sbsbag1
(g2
g3
Ntp1241
Rp1242
(dp1243
g7
g10
sg27
g1
(g28
g3
Ntp1244
Rp1245
(dp1246
g32
g15
sg33
g93
sg38
g1
(g39
g3
Ntp1247
Rp1248
(dp1249
g43
I0
sg44
I56170
sg45
g100
sg49
I1
sg50
g23
sg51
I0
sg52
I64
sg53
I72
sg38
g1
(g54
g3
Ntp1250
Rp1251
(dp1252
g58
I0
sg44
I3639
sg59
g1248
sg60
I0
sg38
S'PingPingPingPingPingPingPingPingPingPingPingPing'
p1253
sbsg62
Nsg63
I0
sg64
I5
sg65
I4
sg66
I42060
sg59
g1245
sg67
I00
sbsg62
Nsg59
Nsg60
I2048
sg67
I00
sbsbag1
(g2
g3
Ntp1254
Rp1255
(dp1256
g7
g110
sg27
g1
(g28
g3
Ntp1257
Rp1258
(dp1259
g32
g93
sg33
g15
sg38
g1
(g39
g3
Ntp1260
Rp1261
(dp1262
g43
I0
sg44
I56169
sg45
g23
sg49
I1
sg50
g100
sg51
I0
sg52
I64
sg53
I72
sg38
g1
(g54
g3
Ntp1263
Rp1264
(dp1265
g58
I0
sg44
I3639
sg59
g1261
sg60
I0
sg38
S'PingPingPingPingPingPingPingPingPingPingPingPing'
p1266
sbsg62
Nsg63
I0
sg64
I5
sg65
I4
sg66
I42061
sg59
g1258
sg67
I00
sbsg62
Nsg59
Nsg60
I2048
sg67
I00
sbsbag1
(g2
g3
Ntp1267
Rp1268
(dp1269
g7
g10
sg27
g1
(g28
g3
Ntp1270
Rp1271
(dp1272
g32
g15
sg33
g144
sg38
g1
(g39
g3
Ntp1273
Rp1274
(dp1275
g43
I0
sg44
I55910
sg45
g149
sg49
I1
sg50
g23
sg51
I0
sg52
I64
sg53
I72
sg38
g1
(g54
g3
Ntp1276
Rp1277
(dp1278
g58
I0
sg44
I3639
sg59
g1274
sg60
I0
sg38
S'PingPingPingPingPingPingPingPingPingPingPingPing'
p1279
sbsg62
Nsg63
I0
sg64
I5
sg65
I4
sg66
I42064
sg59
g1271
sg67
I00
sbsg62
Nsg59
Nsg60
I2048
sg67
I00
sbsbag1
(g2
g3
Ntp1280
Rp1281
(dp1282
g7
g72
sg27
g1
(g28
g3
Ntp1283
Rp1284
(dp1285
g32
g35
sg33
g144
sg38
g1
(g39
g3
Ntp1286
Rp1287
(dp1288
g43
I0
sg44
I55653
sg45
g149
sg49
I1
sg50
g47
sg51
I0
sg52
I64
sg53
I72
sg38
g1
(g54
g3
Ntp1289
Rp1290
(dp1291
g58
I0
sg44
I1591
sg59
g1287
sg60
I8
sg38
S'PingPingPingPingPingPingPingPingPingPingPingPing'
p1292
sbsg62
Nsg63
I0
sg64
I5
sg65
I4
sg66
I42065
sg59
g1284
sg67
I00
sbsg62
Nsg59
Nsg60
I2048
sg67
I00
sbsbag1
(g2
g3
Ntp1293
Rp1294
(dp1295
g7
g141
sg27
g1
(g28
g3
Ntp1296
Rp1297
(dp1298
g32
g144
sg33
g144
sg38
g1
(g39
g3
Ntp1299
Rp1300
(dp1301
g43
I0
sg44
I55140
sg45
g149
sg49
I1
sg50
g149
sg51
I0
sg52
I64
sg53
I72
sg38
g1
(g54
g3
Ntp1302
Rp1303
(dp1304
g58
I0
sg44
I3639
sg59
g1300
sg60
I0
sg38
S'PingPingPingPingPingPingPingPingPingPingPingPing'
p1305
sbsg62
Nsg63
I0
sg64
I5
sg65
I4
sg66
I42066
sg59
g1297
sg67
I00
sbsg62
Nsg59
Nsg60
I2048
sg67
I00
sbsbag1
(g2
g3
Ntp1306
Rp1307
(dp1308
g7
g110
sg27
g1
(g28
g3
Ntp1309
Rp1310
(dp1311
g32
g93
sg33
g35
sg38
g1
(g39
g3
Ntp1312
Rp1313
(dp1314
g43
I0
sg44
I55905
sg45
g47
sg49
I1
sg50
g100
sg51
I0
sg52
I64
sg53
I72
sg38
g1
(g54
g3
Ntp1315
Rp1316
(dp1317
g58
I0
sg44
I3639
sg59
g1313
sg60
I0
sg38
S'PingPingPingPingPingPingPingPingPingPingPingPing'
p1318
sbsg62
Nsg63
I0
sg64
I5
sg65
I4
sg66
I42069
sg59
g1310
sg67
I00
sbsg62
Nsg59
Nsg60
I2048
sg67
I00
sbsbag1
(g2
g3
Ntp1319
Rp1320
(dp1321
g7
g141
sg27
g1
(g28
g3
Ntp1322
Rp1323
(dp1324
g32
g144
sg33
g93
sg38
g1
(g39
g3
Ntp1325
Rp1326
(dp1327
g43
I0
sg44
I55392
sg45
g100
sg49
I1
sg50
g149
sg51
I0
sg52
I64
sg53
I72
sg38
g1
(g54
g3
Ntp1328
Rp1329
(dp1330
g58
I0
sg44
I1591
sg59
g1326
sg60
I8
sg38
S'PingPingPingPingPingPingPingPingPingPingPingPing'
p1331
sbsg62
Nsg63
I0
sg64
I5
sg65
I4
sg66
I42070
sg59
g1323
sg67
I00
sbsg62
Nsg59
Nsg60
I2048
sg67
I00
sbsbag1
(g2
g3
Ntp1332
Rp1333
(dp1334
g7
g141
sg27
g1
(g28
g3
Ntp1335
Rp1336
(dp1337
g32
g144
sg33
g15
sg38
g1
(g39
g3
Ntp1338
Rp1339
(dp1340
g43
I0
sg44
I55902
sg45
g23
sg49
I1
sg50
g149
sg51
I0
sg52
I64
sg53
I72
sg38
g1
(g54
g3
Ntp1341
Rp1342
(dp1343
g58
I0
sg44
I1591
sg59
g1339
sg60
I8
sg38
S'PingPingPingPingPingPingPingPingPingPingPingPing'
p1344
sbsg62
Nsg63
I0
sg64
I5
sg65
I4
sg66
I42072
sg59
g1336
sg67
I00
sbsg62
Nsg59
Nsg60
I2048
sg67
I00
sbsbag1
(g2
g3
Ntp1345
Rp1346
(dp1347
g7
g72
sg27
g1
(g28
g3
Ntp1348
Rp1349
(dp1350
g32
g35
sg33
g15
sg38
g1
(g39
g3
Ntp1351
Rp1352
(dp1353
g43
I0
sg44
I56412
sg45
g23
sg49
I1
sg50
g47
sg51
I0
sg52
I64
sg53
I72
sg38
g1
(g54
g3
Ntp1354
Rp1355
(dp1356
g58
I0
sg44
I3639
sg59
g1352
sg60
I0
sg38
S'PingPingPingPingPingPingPingPingPingPingPingPing'
p1357
sbsg62
Nsg63
I0
sg64
I5
sg65
I4
sg66
I42074
sg59
g1349
sg67
I00
sbsg62
Nsg59
Nsg60
I2048
sg67
I00
sbsbag1
(g2
g3
Ntp1358
Rp1359
(dp1360
g7
g141
sg27
g1
(g28
g3
Ntp1361
Rp1362
(dp1363
g32
g144
sg33
g144
sg38
g1
(g39
g3
Ntp1364
Rp1365
(dp1366
g43
I0
sg44
I55131
sg45
g149
sg49
I1
sg50
g149
sg51
I0
sg52
I64
sg53
I72
sg38
g1
(g54
g3
Ntp1367
Rp1368
(dp1369
g58
I0
sg44
I1591
sg59
g1365
sg60
I8
sg38
S'PingPingPingPingPingPingPingPingPingPingPingPing'
p1370
sbsg62
Nsg63
I0
sg64
I5
sg65
I4
sg66
I42075
sg59
g1362
sg67
I00
sbsg62
Nsg59
Nsg60
I2048
sg67
I00
sbsbag1
(g2
g3
Ntp1371
Rp1372
(dp1373
g7
g141
sg27
g1
(g28
g3
Ntp1374
Rp1375
(dp1376
g32
g144
sg33
g35
sg38
g1
(g39
g3
Ntp1377
Rp1378
(dp1379
g43
I0
sg44
I55640
sg45
g47
sg49
I1
sg50
g149
sg51
I0
sg52
I64
sg53
I72
sg38
g1
(g54
g3
Ntp1380
Rp1381
(dp1382
g58
I0
sg44
I1591
sg59
g1378
sg60
I8
sg38
S'PingPingPingPingPingPingPingPingPingPingPingPing'
p1383
sbsg62
Nsg63
I0
sg64
I5
sg65
I4
sg66
I42078
sg59
g1375
sg67
I00
sbsg62
Nsg59
Nsg60
I2048
sg67
I00
sbsbag1
(g2
g3
Ntp1384
Rp1385
(dp1386
g7
g110
sg27
g1
(g28
g3
Ntp1387
Rp1388
(dp1389
g32
g93
sg33
g93
sg38
g1
(g39
g3
Ntp1390
Rp1391
(dp1392
g43
I0
sg44
I55639
sg45
g100
sg49
I1
sg50
g100
sg51
I0
sg52
I64
sg53
I72
sg38
g1
(g54
g3
Ntp1393
Rp1394
(dp1395
g58
I0
sg44
I3639
sg59
g1391
sg60
I0
sg38
S'PingPingPingPingPingPingPingPingPingPingPingPing'
p1396
sbsg62
Nsg63
I0
sg64
I5
sg65
I4
sg66
I42079
sg59
g1388
sg67
I00
sbsg62
Nsg59
Nsg60
I2048
sg67
I00
sbsbag1
(g2
g3
Ntp1397
Rp1398
(dp1399
g7
g110
sg27
g1
(g28
g3
Ntp1400
Rp1401
(dp1402
g32
g93
sg33
g144
sg38
g1
(g39
g3
Ntp1403
Rp1404
(dp1405
g43
I0
sg44
I55380
sg45
g149
sg49
I1
sg50
g100
sg51
I0
sg52
I64
sg53
I72
sg38
g1
(g54
g3
Ntp1406
Rp1407
(dp1408
g58
I0
sg44
I1591
sg59
g1404
sg60
I8
sg38
S'PingPingPingPingPingPingPingPingPingPingPingPing'
p1409
sbsg62
Nsg63
I0
sg64
I5
sg65
I4
sg66
I42082
sg59
g1401
sg67
I00
sbsg62
Nsg59
Nsg60
I2048
sg67
I00
sbsbag1
(g2
g3
Ntp1410
Rp1411
(dp1412
g7
g110
sg27
g1
(g28
g3
Ntp1413
Rp1414
(dp1415
g32
g93
sg33
g93
sg38
g1
(g39
g3
Ntp1416
Rp1417
(dp1418
g43
I0
sg44
I55635
sg45
g100
sg49
I1
sg50
g100
sg51
I0
sg52
I64
sg53
I72
sg38
g1
(g54
g3
Ntp1419
Rp1420
(dp1421
g58
I0
sg44
I3639
sg59
g1417
sg60
I0
sg38
S'PingPingPingPingPingPingPingPingPingPingPingPing'
p1422
sbsg62
Nsg63
I0
sg64
I5
sg65
I4
sg66
I42083
sg59
g1414
sg67
I00
sbsg62
Nsg59
Nsg60
I2048
sg67
I00
sbsbag1
(g2
g3
Ntp1423
Rp1424
(dp1425
g7
g72
sg27
g1
(g28
g3
Ntp1426
Rp1427
(dp1428
g32
g35
sg33
g93
sg38
g1
(g39
g3
Ntp1429
Rp1430
(dp1431
g43
I0
sg44
I55888
sg45
g100
sg49
I1
sg50
g47
sg51
I0
sg52
I64
sg53
I72
sg38
g1
(g54
g3
Ntp1432
Rp1433
(dp1434
g58
I0
sg44
I3639
sg59
g1430
sg60
I0
sg38
S'PingPingPingPingPingPingPingPingPingPingPingPing'
p1435
sbsg62
Nsg63
I0
sg64
I5
sg65
I4
sg66
I42086
sg59
g1427
sg67
I00
sbsg62
Nsg59
Nsg60
I2048
sg67
I00
sbsbag1
(g2
g3
Ntp1436
Rp1437
(dp1438
g7
g110
sg27
g1
(g28
g3
Ntp1439
Rp1440
(dp1441
g32
g93
sg33
g15
sg38
g1
(g39
g3
Ntp1442
Rp1443
(dp1444
g43
I0
sg44
I56143
sg45
g23
sg49
I1
sg50
g100
sg51
I0
sg52
I64
sg53
I72
sg38
g1
(g54
g3
Ntp1445
Rp1446
(dp1447
g58
I0
sg44
I1591
sg59
g1443
sg60
I8
sg38
S'PingPingPingPingPingPingPingPingPingPingPingPing'
p1448
sbsg62
Nsg63
I0
sg64
I5
sg65
I4
sg66
I42087
sg59
g1440
sg67
I00
sbsg62
Nsg59
Nsg60
I2048
sg67
I00
sbsbag1
(g2
g3
Ntp1449
Rp1450
(dp1451
g7
g141
sg27
g1
(g28
g3
Ntp1452
Rp1453
(dp1454
g32
g144
sg33
g93
sg38
g1
(g39
g3
Ntp1455
Rp1456
(dp1457
g43
I0
sg44
I55372
sg45
g100
sg49
I1
sg50
g149
sg51
I0
sg52
I64
sg53
I72
sg38
g1
(g54
g3
Ntp1458
Rp1459
(dp1460
g58
I0
sg44
I3639
sg59
g1456
sg60
I0
sg38
S'PingPingPingPingPingPingPingPingPingPingPingPing'
p1461
sbsg62
Nsg63
I0
sg64
I5
sg65
I4
sg66
I42090
sg59
g1453
sg67
I00
sbsg62
Nsg59
Nsg60
I2048
sg67
I00
sbsbag1
(g2
g3
Ntp1462
Rp1463
(dp1464
g7
g72
sg27
g1
(g28
g3
Ntp1465
Rp1466
(dp1467
g32
g35
sg33
g35
sg38
g1
(g39
g3
Ntp1468
Rp1469
(dp1470
g43
I0
sg44
I56139
sg45
g47
sg49
I1
sg50
g47
sg51
I0
sg52
I64
sg53
I72
sg38
g1
(g54
g3
Ntp1471
Rp1472
(dp1473
g58
I0
sg44
I3639
sg59
g1469
sg60
I0
sg38
S'PingPingPingPingPingPingPingPingPingPingPingPing'
p1474
sbsg62
Nsg63
I0
sg64
I5
sg65
I4
sg66
I42091
sg59
g1466
sg67
I00
sbsg62
Nsg59
Nsg60
I2048
sg67
I00
sbsbag1
(g2
g3
Ntp1475
Rp1476
(dp1477
g7
g10
sg27
g1
(g28
g3
Ntp1478
Rp1479
(dp1480
g32
g15
sg33
g35
sg38
g1
(g39
g3
Ntp1481
Rp1482
(dp1483
g43
I0
sg44
I56392
sg45
g47
sg49
I1
sg50
g23
sg51
I0
sg52
I64
sg53
I72
sg38
g1
(g54
g3
Ntp1484
Rp1485
(dp1486
g58
I0
sg44
I1591
sg59
g1482
sg60
I8
sg38
S'PingPingPingPingPingPingPingPingPingPingPingPing'
p1487
sbsg62
Nsg63
I0
sg64
I5
sg65
I4
sg66
I42094
sg59
g1479
sg67
I00
sbsg62
Nsg59
Nsg60
I2048
sg67
I00
sbsbag1
(g2
g3
Ntp1488
Rp1489
(dp1490
g7
g110
sg27
g1
(g28
g3
Ntp1491
Rp1492
(dp1493
g32
g93
sg33
g93
sg38
g1
(g39
g3
Ntp1494
Rp1495
(dp1496
g43
I0
sg44
I55623
sg45
g100
sg49
I1
sg50
g100
sg51
I0
sg52
I64
sg53
I72
sg38
g1
(g54
g3
Ntp1497
Rp1498
(dp1499
g58
I0
sg44
I3639
sg59
g1495
sg60
I0
sg38
S'PingPingPingPingPingPingPingPingPingPingPingPing'
p1500
sbsg62
Nsg63
I0
sg64
I5
sg65
I4
sg66
I42095
sg59
g1492
sg67
I00
sbsg62
Nsg59
Nsg60
I2048
sg67
I00
sbsbag1
(g2
g3
Ntp1501
Rp1502
(dp1503
g7
g110
sg27
g1
(g28
g3
Ntp1504
Rp1505
(dp1506
g32
g93
sg33
g35
sg38
g1
(g39
g3
Ntp1507
Rp1508
(dp1509
g43
I0
sg44
I55877
sg45
g47
sg49
I1
sg50
g100
sg51
I0
sg52
I64
sg53
I72
sg38
g1
(g54
g3
Ntp1510
Rp1511
(dp1512
g58
I0
sg44
I3639
sg59
g1508
sg60
I0
sg38
S'PingPingPingPingPingPingPingPingPingPingPingPing'
p1513
sbsg62
Nsg63
I0
sg64
I5
sg65
I4
sg66
I42097
sg59
g1505
sg67
I00
sbsg62
Nsg59
Nsg60
I2048
sg67
I00
sbsbag1
(g2
g3
Ntp1514
Rp1515
(dp1516
g7
g110
sg27
g1
(g28
g3
Ntp1517
Rp1518
(dp1519
g32
g93
sg33
g144
sg38
g1
(g39
g3
Ntp1520
Rp1521
(dp1522
g43
I0
sg44
I55363
sg45
g149
sg49
I1
sg50
g100
sg51
I0
sg52
I64
sg53
I72
sg38
g1
(g54
g3
Ntp1523
Rp1524
(dp1525
g58
I0
sg44
I3639
sg59
g1521
sg60
I0
sg38
S'PingPingPingPingPingPingPingPingPingPingPingPing'
p1526
sbsg62
Nsg63
I0
sg64
I5
sg65
I4
sg66
I42099
sg59
g1518
sg67
I00
sbsg62
Nsg59
Nsg60
I2048
sg67
I00
sbsbag1
(g2
g3
Ntp1527
Rp1528
(dp1529
g7
g110
sg27
g1
(g28
g3
Ntp1530
Rp1531
(dp1532
g32
g93
sg33
g15
sg38
g1
(g39
g3
Ntp1533
Rp1534
(dp1535
g43
I0
sg44
I0
sg45
g23
sg49
I1
sg50
g100
sg51
I0
sg52
I64
sg53
I20
sg38
g1
(g54
g3
Ntp1536
Rp1537
(dp1538
g58
I0
sg44
I0
sg59
g1534
sg60
I8
sg38
S'PingPingPingPingPingPingPingPingPingPingPingPing'
p1539
sbsg62
Nsg63
I0
sg64
I5
sg65
I4
sg66
I42100
sg59
g1531
sg67
I00
sbsg62
Nsg59
Nsg60
I2048
sg67
I00
sbsbag1
(g2
g3
Ntp1540
Rp1541
(dp1542
g7
g110
sg27
g1
(g28
g3
Ntp1543
Rp1544
(dp1545
g32
g93
sg33
g35
sg38
g1
(g39
g3
Ntp1546
Rp1547
(dp1548
g43
I0
sg44
I55873
sg45
g47
sg49
I1
sg50
g100
sg51
I0
sg52
I64
sg53
I72
sg38
g1
(g54
g3
Ntp1549
Rp1550
(dp1551
g58
I0
sg44
I1591
sg59
g1547
sg60
I8
sg38
S'PingPingPingPingPingPingPingPingPingPingPingPing'
p1552
sbsg62
Nsg63
I0
sg64
I5
sg65
I4
sg66
I42101
sg59
g1544
sg67
I00
sbsg62
Nsg59
Nsg60
I2048
sg67
I00
sbsbag1
(g2
g3
Ntp1553
Rp1554
(dp1555
g7
g141
sg27
g1
(g28
g3
Ntp1556
Rp1557
(dp1558
g32
g144
sg33
g144
sg38
g1
(g39
g3
Ntp1559
Rp1560
(dp1561
g43
I0
sg44
I0
sg45
g149
sg49
I1
sg50
g149
sg51
I0
sg52
I64
sg53
I20
sg38
g1
(g54
g3
Ntp1562
Rp1563
(dp1564
g58
I0
sg44
I0
sg59
g1560
sg60
I0
sg38
S'PingPingPingPingPingPingPingPingPingPingPingPing'
p1565
sbsg62
Nsg63
I0
sg64
I5
sg65
I4
sg66
I42102
sg59
g1557
sg67
I00
sbsg62
Nsg59
Nsg60
I2048
sg67
I00
sbsbag1
(g2
g3
Ntp1566
Rp1567
(dp1568
g7
g110
sg27
g1
(g28
g3
Ntp1569
Rp1570
(dp1571
g32
g93
sg33
g144
sg38
g1
(g39
g3
Ntp1572
Rp1573
(dp1574
g43
I0
sg44
I55358
sg45
g149
sg49
I1
sg50
g100
sg51
I0
sg52
I64
sg53
I72
sg38
g1
(g54
g3
Ntp1575
Rp1576
(dp1577
g58
I0
sg44
I3639
sg59
g1573
sg60
I0
sg38
S'PingPingPingPingPingPingPingPingPingPingPingPing'
p1578
sbsg62
Nsg63
I0
sg64
I5
sg65
I4
sg66
I42104
sg59
g1570
sg67
I00
sbsg62
Nsg59
Nsg60
I2048
sg67
I00
sbsbag1
(g2
g3
Ntp1579
Rp1580
(dp1581
g7
g72
sg27
g1
(g28
g3
Ntp1582
Rp1583
(dp1584
g32
g35
sg33
g144
sg38
g1
(g39
g3
Ntp1585
Rp1586
(dp1587
g43
I0
sg44
I55612
sg45
g149
sg49
I1
sg50
g47
sg51
I0
sg52
I64
sg53
I72
sg38
g1
(g54
g3
Ntp1588
Rp1589
(dp1590
g58
I0
sg44
I1591
sg59
g1586
sg60
I8
sg38
S'PingPingPingPingPingPingPingPingPingPingPingPing'
p1591
sbsg62
Nsg63
I0
sg64
I5
sg65
I4
sg66
I42106
sg59
g1583
sg67
I00
sbsg62
Nsg59
Nsg60
I2048
sg67
I00
sbsbag1
(g2
g3
Ntp1592
Rp1593
(dp1594
g7
g141
sg27
g1
(g28
g3
Ntp1595
Rp1596
(dp1597
g32
g144
sg33
g15
sg38
g1
(g39
g3
Ntp1598
Rp1599
(dp1600
g43
I0
sg44
I55867
sg45
g23
sg49
I1
sg50
g149
sg51
I0
sg52
I64
sg53
I72
sg38
g1
(g54
g3
Ntp1601
Rp1602
(dp1603
g58
I0
sg44
I3639
sg59
g1599
sg60
I0
sg38
S'PingPingPingPingPingPingPingPingPingPingPingPing'
p1604
sbsg62
Nsg63
I0
sg64
I5
sg65
I4
sg66
I42107
sg59
g1596
sg67
I00
sbsg62
Nsg59
Nsg60
I2048
sg67
I00
sbsbag1
(g2
g3
Ntp1605
Rp1606
(dp1607
g7
g110
sg27
g1
(g28
g3
Ntp1608
Rp1609
(dp1610
g32
g93
sg33
g93
sg38
g1
(g39
g3
Ntp1611
Rp1612
(dp1613
g43
I0
sg44
I55608
sg45
g100
sg49
I1
sg50
g100
sg51
I0
sg52
I64
sg53
I72
sg38
g1
(g54
g3
Ntp1614
Rp1615
(dp1616
g58
I0
sg44
I1591
sg59
g1612
sg60
I8
sg38
S'PingPingPingPingPingPingPingPingPingPingPingPing'
p1617
sbsg62
Nsg63
I0
sg64
I5
sg65
I4
sg66
I42110
sg59
g1609
sg67
I00
sbsg62
Nsg59
Nsg60
I2048
sg67
I00
sbsbag1
(g2
g3
Ntp1618
Rp1619
(dp1620
g7
g10
sg27
g1
(g28
g3
Ntp1621
Rp1622
(dp1623
g32
g15
sg33
g93
sg38
g1
(g39
g3
Ntp1624
Rp1625
(dp1626
g43
I0
sg44
I56118
sg45
g100
sg49
I1
sg50
g23
sg51
I0
sg52
I64
sg53
I72
sg38
g1
(g54
g3
Ntp1627
Rp1628
(dp1629
g58
I0
sg44
I1591
sg59
g1625
sg60
I8
sg38
S'PingPingPingPingPingPingPingPingPingPingPingPing'
p1630
sbsg62
Nsg63
I0
sg64
I5
sg65
I4
sg66
I42112
sg59
g1622
sg67
I00
sbsg62
Nsg59
Nsg60
I2048
sg67
I00
sbsbag1
(g2
g3
Ntp1631
Rp1632
(dp1633
g7
g10
sg27
g1
(g28
g3
Ntp1634
Rp1635
(dp1636
g32
g15
sg33
g144
sg38
g1
(g39
g3
Ntp1637
Rp1638
(dp1639
g43
I0
sg44
I55861
sg45
g149
sg49
I1
sg50
g23
sg51
I0
sg52
I64
sg53
I72
sg38
g1
(g54
g3
Ntp1640
Rp1641
(dp1642
g58
I0
sg44
I1591
sg59
g1638
sg60
I8
sg38
S'PingPingPingPingPingPingPingPingPingPingPingPing'
p1643
sbsg62
Nsg63
I0
sg64
I5
sg65
I4
sg66
I42113
sg59
g1635
sg67
I00
sbsg62
Nsg59
Nsg60
I2048
sg67
I00
sbsbag1
(g2
g3
Ntp1644
Rp1645
(dp1646
g7
g72
sg27
g1
(g28
g3
Ntp1647
Rp1648
(dp1649
g32
g35
sg33
g15
sg38
g1
(g39
g3
Ntp1650
Rp1651
(dp1652
g43
I0
sg44
I56372
sg45
g23
sg49
I1
sg50
g47
sg51
I0
sg52
I64
sg53
I72
sg38
g1
(g54
g3
Ntp1653
Rp1654
(dp1655
g58
I0
sg44
I1591
sg59
g1651
sg60
I8
sg38
S'PingPingPingPingPingPingPingPingPingPingPingPing'
p1656
sbsg62
Nsg63
I0
sg64
I5
sg65
I4
sg66
I42114
sg59
g1648
sg67
I00
sbsg62
Nsg59
Nsg60
I2048
sg67
I00
sbsbag1
(g2
g3
Ntp1657
Rp1658
(dp1659
g7
g110
sg27
g1
(g28
g3
Ntp1660
Rp1661
(dp1662
g32
g93
sg33
g15
sg38
g1
(g39
g3
Ntp1663
Rp1664
(dp1665
g43
I0
sg44
I56114
sg45
g23
sg49
I1
sg50
g100
sg51
I0
sg52
I64
sg53
I72
sg38
g1
(g54
g3
Ntp1666
Rp1667
(dp1668
g58
I0
sg44
I1591
sg59
g1664
sg60
I8
sg38
S'PingPingPingPingPingPingPingPingPingPingPingPing'
p1669
sbsg62
Nsg63
I0
sg64
I5
sg65
I4
sg66
I42116
sg59
g1661
sg67
I00
sbsg62
Nsg59
Nsg60
I2048
sg67
I00
sbsbag1
(g2
g3
Ntp1670
Rp1671
(dp1672
g7
g141
sg27
g1
(g28
g3
Ntp1673
Rp1674
(dp1675
g32
g144
sg33
g35
sg38
g1
(g39
g3
Ntp1676
Rp1677
(dp1678
g43
I0
sg44
I55600
sg45
g47
sg49
I1
sg50
g149
sg51
I0
sg52
I64
sg53
I72
sg38
g1
(g54
g3
Ntp1679
Rp1680
(dp1681
g58
I0
sg44
I1591
sg59
g1677
sg60
I8
sg38
S'PingPingPingPingPingPingPingPingPingPingPingPing'
p1682
sbsg62
Nsg63
I0
sg64
I5
sg65
I4
sg66
I42118
sg59
g1674
sg67
I00
sbsg62
Nsg59
Nsg60
I2048
sg67
I00
sbsbag1
(g2
g3
Ntp1683
Rp1684
(dp1685
g7
g10
sg27
g1
(g28
g3
Ntp1686
Rp1687
(dp1688
g32
g15
sg33
g35
sg38
g1
(g39
g3
Ntp1689
Rp1690
(dp1691
g43
I0
sg44
I56366
sg45
g47
sg49
I1
sg50
g23
sg51
I0
sg52
I64
sg53
I72
sg38
g1
(g54
g3
Ntp1692
Rp1693
(dp1694
g58
I0
sg44
I3639
sg59
g1690
sg60
I0
sg38
S'PingPingPingPingPingPingPingPingPingPingPingPing'
p1695
sbsg62
Nsg63
I0
sg64
I5
sg65
I4
sg66
I42120
sg59
g1687
sg67
I00
sbsg62
Nsg59
Nsg60
I2048
sg67
I00
sbsbag1
(g2
g3
Ntp1696
Rp1697
(dp1698
g7
g72
sg27
g1
(g28
g3
Ntp1699
Rp1700
(dp1701
g32
g35
sg33
g93
sg38
g1
(g39
g3
Ntp1702
Rp1703
(dp1704
g43
I0
sg44
I55853
sg45
g100
sg49
I1
sg50
g47
sg51
I0
sg52
I64
sg53
I72
sg38
g1
(g54
g3
Ntp1705
Rp1706
(dp1707
g58
I0
sg44
I3639
sg59
g1703
sg60
I0
sg38
S'PingPingPingPingPingPingPingPingPingPingPingPing'
p1708
sbsg62
Nsg63
I0
sg64
I5
sg65
I4
sg66
I42121
sg59
g1700
sg67
I00
sbsg62
Nsg59
Nsg60
I2048
sg67
I00
sbsbag1
(g2
g3
Ntp1709
Rp1710
(dp1711
g7
g110
sg27
g1
(g28
g3
Ntp1712
Rp1713
(dp1714
g32
g93
sg33
g35
sg38
g1
(g39
g3
Ntp1715
Rp1716
(dp1717
g43
I0
sg44
I55852
sg45
g47
sg49
I1
sg50
g100
sg51
I0
sg52
I64
sg53
I72
sg38
g1
(g54
g3
Ntp1718
Rp1719
(dp1720
g58
I0
sg44
I3639
sg59
g1716
sg60
I0
sg38
S'PingPingPingPingPingPingPingPingPingPingPingPing'
p1721
sbsg62
Nsg63
I0
sg64
I5
sg65
I4
sg66
I42122
sg59
g1713
sg67
I00
sbsg62
Nsg59
Nsg60
I2048
sg67
I00
sbsbag1
(g2
g3
Ntp1722
Rp1723
(dp1724
g7
g10
sg27
g1
(g28
g3
Ntp1725
Rp1726
(dp1727
g32
g15
sg33
g93
sg38
g1
(g39
g3
Ntp1728
Rp1729
(dp1730
g43
I0
sg44
I56105
sg45
g100
sg49
I1
sg50
g23
sg51
I0
sg52
I64
sg53
I72
sg38
g1
(g54
g3
Ntp1731
Rp1732
(dp1733
g58
I0
sg44
I1591
sg59
g1729
sg60
I8
sg38
S'PingPingPingPingPingPingPingPingPingPingPingPing'
p1734
sbsg62
Nsg63
I0
sg64
I5
sg65
I4
sg66
I42125
sg59
g1726
sg67
I00
sbsg62
Nsg59
Nsg60
I2048
sg67
I00
sbsbag1
(g2
g3
Ntp1735
Rp1736
(dp1737
g7
g141
sg27
g1
(g28
g3
Ntp1738
Rp1739
(dp1740
g32
g144
sg33
g93
sg38
g1
(g39
g3
Ntp1741
Rp1742
(dp1743
g43
I0
sg44
I55336
sg45
g100
sg49
I1
sg50
g149
sg51
I0
sg52
I64
sg53
I72
sg38
g1
(g54
g3
Ntp1744
Rp1745
(dp1746
g58
I0
sg44
I1591
sg59
g1742
sg60
I8
sg38
S'PingPingPingPingPingPingPingPingPingPingPingPing'
p1747
sbsg62
Nsg63
I0
sg64
I5
sg65
I4
sg66
I42126
sg59
g1739
sg67
I00
sbsg62
Nsg59
Nsg60
I2048
sg67
I00
sbsbag1
(g2
g3
Ntp1748
Rp1749
(dp1750
g7
g72
sg27
g1
(g28
g3
Ntp1751
Rp1752
(dp1753
g32
g35
sg33
g144
sg38
g1
(g39
g3
Ntp1754
Rp1755
(dp1756
g43
I0
sg44
I55590
sg45
g149
sg49
I1
sg50
g47
sg51
I0
sg52
I64
sg53
I72
sg38
g1
(g54
g3
Ntp1757
Rp1758
(dp1759
g58
I0
sg44
I3639
sg59
g1755
sg60
I0
sg38
S'PingPingPingPingPingPingPingPingPingPingPingPing'
p1760
sbsg62
Nsg63
I0
sg64
I5
sg65
I4
sg66
I42128
sg59
g1752
sg67
I00
sbsg62
Nsg59
Nsg60
I2048
sg67
I00
sbsbag1
(g2
g3
Ntp1761
Rp1762
(dp1763
g7
g10
sg27
g1
(g28
g3
Ntp1764
Rp1765
(dp1766
g32
g15
sg33
g144
sg38
g1
(g39
g3
Ntp1767
Rp1768
(dp1769
g43
I0
sg44
I55844
sg45
g149
sg49
I1
sg50
g23
sg51
I0
sg52
I64
sg53
I72
sg38
g1
(g54
g3
Ntp1770
Rp1771
(dp1772
g58
I0
sg44
I1591
sg59
g1768
sg60
I8
sg38
S'PingPingPingPingPingPingPingPingPingPingPingPing'
p1773
sbsg62
Nsg63
I0
sg64
I5
sg65
I4
sg66
I42130
sg59
g1765
sg67
I00
sbsg62
Nsg59
Nsg60
I2048
sg67
I00
sbsbag1
(g2
g3
Ntp1774
Rp1775
(dp1776
g7
g141
sg27
g1
(g28
g3
Ntp1777
Rp1778
(dp1779
g32
g144
sg33
g15
sg38
g1
(g39
g3
Ntp1780
Rp1781
(dp1782
g43
I0
sg44
I0
sg45
g23
sg49
I1
sg50
g149
sg51
I0
sg52
I64
sg53
I20
sg38
g1
(g54
g3
Ntp1783
Rp1784
(dp1785
g58
I0
sg44
I0
sg59
g1781
sg60
I0
sg38
S'PingPingPingPingPingPingPingPingPingPingPingPing'
p1786
sbsg62
Nsg63
I0
sg64
I5
sg65
I4
sg66
I42131
sg59
g1778
sg67
I00
sbsg62
Nsg59
Nsg60
I2048
sg67
I00
sbsbag1
(g2
g3
Ntp1787
Rp1788
(dp1789
g7
g110
sg27
g1
(g28
g3
Ntp1790
Rp1791
(dp1792
g32
g93
sg33
g144
sg38
g1
(g39
g3
Ntp1793
Rp1794
(dp1795
g43
I0
sg44
I55330
sg45
g149
sg49
I1
sg50
g100
sg51
I0
sg52
I64
sg53
I72
sg38
g1
(g54
g3
Ntp1796
Rp1797
(dp1798
g58
I0
sg44
I3639
sg59
g1794
sg60
I0
sg38
S'PingPingPingPingPingPingPingPingPingPingPingPing'
p1799
sbsg62
Nsg63
I0
sg64
I5
sg65
I4
sg66
I42132
sg59
g1791
sg67
I00
sbsg62
Nsg59
Nsg60
I2048
sg67
I00
sbsbag1
(g2
g3
Ntp1800
Rp1801
(dp1802
g7
g110
sg27
g1
(g28
g3
Ntp1803
Rp1804
(dp1805
g32
g93
sg33
g15
sg38
g1
(g39
g3
Ntp1806
Rp1807
(dp1808
g43
I0
sg44
I56096
sg45
g23
sg49
I1
sg50
g100
sg51
I0
sg52
I64
sg53
I72
sg38
g1
(g54
g3
Ntp1809
Rp1810
(dp1811
g58
I0
sg44
I1591
sg59
g1807
sg60
I8
sg38
S'PingPingPingPingPingPingPingPingPingPingPingPing'
p1812
sbsg62
Nsg63
I0
sg64
I5
sg65
I4
sg66
I42134
sg59
g1804
sg67
I00
sbsg62
Nsg59
Nsg60
I2048
sg67
I00
sbsbag1
(g2
g3
Ntp1813
Rp1814
(dp1815
g7
g110
sg27
g1
(g28
g3
Ntp1816
Rp1817
(dp1818
g32
g93
sg33
g93
sg38
g1
(g39
g3
Ntp1819
Rp1820
(dp1821
g43
I0
sg44
I55583
sg45
g100
sg49
I1
sg50
g100
sg51
I0
sg52
I64
sg53
I72
sg38
g1
(g54
g3
Ntp1822
Rp1823
(dp1824
g58
I0
sg44
I1591
sg59
g1820
sg60
I8
sg38
S'PingPingPingPingPingPingPingPingPingPingPingPing'
p1825
sbsg62
Nsg63
I0
sg64
I5
sg65
I4
sg66
I42135
sg59
g1817
sg67
I00
sbsg62
Nsg59
Nsg60
I2048
sg67
I00
sbsbag1
(g2
g3
Ntp1826
Rp1827
(dp1828
g7
g10
sg27
g1
(g28
g3
Ntp1829
Rp1830
(dp1831
g32
g15
sg33
g35
sg38
g1
(g39
g3
Ntp1832
Rp1833
(dp1834
g43
I0
sg44
I56348
sg45
g47
sg49
I1
sg50
g23
sg51
I0
sg52
I64
sg53
I72
sg38
g1
(g54
g3
Ntp1835
Rp1836
(dp1837
g58
I0
sg44
I3639
sg59
g1833
sg60
I0
sg38
S'PingPingPingPingPingPingPingPingPingPingPingPing'
p1838
sbsg62
Nsg63
I0
sg64
I5
sg65
I4
sg66
I42138
sg59
g1830
sg67
I00
sbsg62
Nsg59
Nsg60
I2048
sg67
I00
sbsbag1
(g2
g3
Ntp1839
Rp1840
(dp1841
g7
g72
sg27
g1
(g28
g3
Ntp1842
Rp1843
(dp1844
g32
g35
sg33
g15
sg38
g1
(g39
g3
Ntp1845
Rp1846
(dp1847
g43
I0
sg44
I56347
sg45
g23
sg49
I1
sg50
g47
sg51
I0
sg52
I64
sg53
I72
sg38
g1
(g54
g3
Ntp1848
Rp1849
(dp1850
g58
I0
sg44
I3639
sg59
g1846
sg60
I0
sg38
S'PingPingPingPingPingPingPingPingPingPingPingPing'
p1851
sbsg62
Nsg63
I0
sg64
I5
sg65
I4
sg66
I42139
sg59
g1843
sg67
I00
sbsg62
Nsg59
Nsg60
I2048
sg67
I00
sbsbag1
(g2
g3
Ntp1852
Rp1853
(dp1854
g7
g141
sg27
g1
(g28
g3
Ntp1855
Rp1856
(dp1857
g32
g144
sg33
g35
sg38
g1
(g39
g3
Ntp1858
Rp1859
(dp1860
g43
I0
sg44
I55578
sg45
g47
sg49
I1
sg50
g149
sg51
I0
sg52
I64
sg53
I72
sg38
g1
(g54
g3
Ntp1861
Rp1862
(dp1863
g58
I0
sg44
I1591
sg59
g1859
sg60
I8
sg38
S'PingPingPingPingPingPingPingPingPingPingPingPing'
p1864
sbsg62
Nsg63
I0
sg64
I5
sg65
I4
sg66
I42140
sg59
g1856
sg67
I00
sbsg62
Nsg59
Nsg60
I2048
sg67
I00
sbsbag1
(g2
g3
Ntp1865
Rp1866
(dp1867
g7
g72
sg27
g1
(g28
g3
Ntp1868
Rp1869
(dp1870
g32
g35
sg33
g93
sg38
g1
(g39
g3
Ntp1871
Rp1872
(dp1873
g43
I0
sg44
I55831
sg45
g100
sg49
I1
sg50
g47
sg51
I0
sg52
I64
sg53
I72
sg38
g1
(g54
g3
Ntp1874
Rp1875
(dp1876
g58
I0
sg44
I1591
sg59
g1872
sg60
I8
sg38
S'PingPingPingPingPingPingPingPingPingPingPingPing'
p1877
sbsg62
Nsg63
I0
sg64
I5
sg65
I4
sg66
I42143
sg59
g1869
sg67
I00
sbsg62
Nsg59
Nsg60
I2048
sg67
I00
sbsbag1
(g2
g3
Ntp1878
Rp1879
(dp1880
g7
g110
sg27
g1
(g28
g3
Ntp1881
Rp1882
(dp1883
g32
g93
sg33
g35
sg38
g1
(g39
g3
Ntp1884
Rp1885
(dp1886
g43
I0
sg44
I55830
sg45
g47
sg49
I1
sg50
g100
sg51
I0
sg52
I64
sg53
I72
sg38
g1
(g54
g3
Ntp1887
Rp1888
(dp1889
g58
I0
sg44
I1591
sg59
g1885
sg60
I8
sg38
S'PingPingPingPingPingPingPingPingPingPingPingPing'
p1890
sbsg62
Nsg63
I0
sg64
I5
sg65
I4
sg66
I42144
sg59
g1882
sg67
I00
sbsg62
Nsg59
Nsg60
I2048
sg67
I00
sbsbag1
(g2
g3
Ntp1891
Rp1892
(dp1893
g7
g72
sg27
g1
(g28
g3
Ntp1894
Rp1895
(dp1896
g32
g35
sg33
g144
sg38
g1
(g39
g3
Ntp1897
Rp1898
(dp1899
g43
I0
sg44
I55571
sg45
g149
sg49
I1
sg50
g47
sg51
I0
sg52
I64
sg53
I72
sg38
g1
(g54
g3
Ntp1900
Rp1901
(dp1902
g58
I0
sg44
I3639
sg59
g1898
sg60
I0
sg38
S'PingPingPingPingPingPingPingPingPingPingPingPing'
p1903
sbsg62
Nsg63
I0
sg64
I5
sg65
I4
sg66
I42147
sg59
g1895
sg67
I00
sbsg62
Nsg59
Nsg60
I2048
sg67
I00
sbsbag1
(g2
g3
Ntp1904
Rp1905
(dp1906
g7
g141
sg27
g1
(g28
g3
Ntp1907
Rp1908
(dp1909
g32
g144
sg33
g93
sg38
g1
(g39
g3
Ntp1910
Rp1911
(dp1912
g43
I0
sg44
I55314
sg45
g100
sg49
I1
sg50
g149
sg51
I0
sg52
I64
sg53
I72
sg38
g1
(g54
g3
Ntp1913
Rp1914
(dp1915
g58
I0
sg44
I1591
sg59
g1911
sg60
I8
sg38
S'PingPingPingPingPingPingPingPingPingPingPingPing'
p1916
sbsg62
Nsg63
I0
sg64
I5
sg65
I4
sg66
I42148
sg59
g1908
sg67
I00
sbsg62
Nsg59
Nsg60
I2048
sg67
I00
sbsbag1
(g2
g3
Ntp1917
Rp1918
(dp1919
g7
g10
sg27
g1
(g28
g3
Ntp1920
Rp1921
(dp1922
g32
g15
sg33
g93
sg38
g1
(g39
g3
Ntp1923
Rp1924
(dp1925
g43
I0
sg44
I0
sg45
g100
sg49
I1
sg50
g23
sg51
I0
sg52
I64
sg53
I20
sg38
g1
(g54
g3
Ntp1926
Rp1927
(dp1928
g58
I0
sg44
I0
sg59
g1924
sg60
I0
sg38
S'PingPingPingPingPingPingPingPingPingPingPingPing'
p1929
sbsg62
Nsg63
I0
sg64
I5
sg65
I4
sg66
I42151
sg59
g1921
sg67
I00
sbsg62
Nsg59
Nsg60
I2048
sg67
I00
sbsbag1
(g2
g3
Ntp1930
Rp1931
(dp1932
g7
g72
sg27
g1
(g28
g3
Ntp1933
Rp1934
(dp1935
g32
g35
sg33
g15
sg38
g1
(g39
g3
Ntp1936
Rp1937
(dp1938
g43
I0
sg44
I56334
sg45
g23
sg49
I1
sg50
g47
sg51
I0
sg52
I64
sg53
I72
sg38
g1
(g54
g3
Ntp1939
Rp1940
(dp1941
g58
I0
sg44
I3639
sg59
g1937
sg60
I0
sg38
S'PingPingPingPingPingPingPingPingPingPingPingPing'
p1942
sbsg62
Nsg63
I0
sg64
I5
sg65
I4
sg66
I42152
sg59
g1934
sg67
I00
sbsg62
Nsg59
Nsg60
I2048
sg67
I00
sbsbag1
(g2
g3
Ntp1943
Rp1944
(dp1945
g7
g72
sg27
g1
(g28
g3
Ntp1946
Rp1947
(dp1948
g32
g35
sg33
g93
sg38
g1
(g39
g3
Ntp1949
Rp1950
(dp1951
g43
I0
sg44
I55820
sg45
g100
sg49
I1
sg50
g47
sg51
I0
sg52
I64
sg53
I72
sg38
g1
(g54
g3
Ntp1952
Rp1953
(dp1954
g58
I0
sg44
I3639
sg59
g1950
sg60
I0
sg38
S'PingPingPingPingPingPingPingPingPingPingPingPing'
p1955
sbsg62
Nsg63
I0
sg64
I5
sg65
I4
sg66
I42154
sg59
g1947
sg67
I00
sbsg62
Nsg59
Nsg60
I2048
sg67
I00
sbsbag1
(g2
g3
Ntp1956
Rp1957
(dp1958
g7
g110
sg27
g1
(g28
g3
Ntp1959
Rp1960
(dp1961
g32
g93
sg33
g144
sg38
g1
(g39
g3
Ntp1962
Rp1963
(dp1964
g43
I0
sg44
I55307
sg45
g149
sg49
I1
sg50
g100
sg51
I0
sg52
I64
sg53
I72
sg38
g1
(g54
g3
Ntp1965
Rp1966
(dp1967
g58
I0
sg44
I3639
sg59
g1963
sg60
I0
sg38
S'PingPingPingPingPingPingPingPingPingPingPingPing'
p1968
sbsg62
Nsg63
I0
sg64
I5
sg65
I4
sg66
I42155
sg59
g1960
sg67
I00
sbsg62
Nsg59
Nsg60
I2048
sg67
I00
sbsbag1
(g2
g3
Ntp1969
Rp1970
(dp1971
g7
g72
sg27
g1
(g28
g3
Ntp1972
Rp1973
(dp1974
g32
g35
sg33
g35
sg38
g1
(g39
g3
Ntp1975
Rp1976
(dp1977
g43
I0
sg44
I56074
sg45
g47
sg49
I1
sg50
g47
sg51
I0
sg52
I64
sg53
I72
sg38
g1
(g54
g3
Ntp1978
Rp1979
(dp1980
g58
I0
sg44
I3639
sg59
g1976
sg60
I0
sg38
S'PingPingPingPingPingPingPingPingPingPingPingPing'
p1981
sbsg62
Nsg63
I0
sg64
I5
sg65
I4
sg66
I42156
sg59
g1973
sg67
I00
sbsg62
Nsg59
Nsg60
I2048
sg67
I00
sbsbag1
(g2
g3
Ntp1982
Rp1983
(dp1984
g7
g10
sg27
g1
(g28
g3
Ntp1985
Rp1986
(dp1987
g32
g15
sg33
g144
sg38
g1
(g39
g3
Ntp1988
Rp1989
(dp1990
g43
I0
sg44
I55814
sg45
g149
sg49
I1
sg50
g23
sg51
I0
sg52
I64
sg53
I72
sg38
g1
(g54
g3
Ntp1991
Rp1992
(dp1993
g58
I0
sg44
I3639
sg59
g1989
sg60
I0
sg38
S'PingPingPingPingPingPingPingPingPingPingPingPing'
p1994
sbsg62
Nsg63
I0
sg64
I5
sg65
I4
sg66
I42160
sg59
g1986
sg67
I00
sbsg62
Nsg59
Nsg60
I2048
sg67
I00
sbsbag1
(g2
g3
Ntp1995
Rp1996
(dp1997
g7
g72
sg27
g1
(g28
g3
Ntp1998
Rp1999
(dp2000
g32
g35
sg33
g144
sg38
g1
(g39
g3
Ntp2001
Rp2002
(dp2003
g43
I0
sg44
I55557
sg45
g149
sg49
I1
sg50
g47
sg51
I0
sg52
I64
sg53
I72
sg38
g1
(g54
g3
Ntp2004
Rp2005
(dp2006
g58
I0
sg44
I3639
sg59
g2002
sg60
I0
sg38
S'PingPingPingPingPingPingPingPingPingPingPingPing'
p2007
sbsg62
Nsg63
I0
sg64
I5
sg65
I4
sg66
I42161
sg59
g1999
sg67
I00
sbsg62
Nsg59
Nsg60
I2048
sg67
I00
sbsbag1
(g2
g3
Ntp2008
Rp2009
(dp2010
g7
g141
sg27
g1
(g28
g3
Ntp2011
Rp2012
(dp2013
g32
g144
sg33
g15
sg38
g1
(g39
g3
Ntp2014
Rp2015
(dp2016
g43
I0
sg44
I55812
sg45
g23
sg49
I1
sg50
g149
sg51
I0
sg52
I64
sg53
I72
sg38
g1
(g54
g3
Ntp2017
Rp2018
(dp2019
g58
I0
sg44
I3639
sg59
g2015
sg60
I0
sg38
S'PingPingPingPingPingPingPingPingPingPingPingPing'
p2020
sbsg62
Nsg63
I0
sg64
I5
sg65
I4
sg66
I42162
sg59
g2012
sg67
I00
sbsg62
Nsg59
Nsg60
I2048
sg67
I00
sbsbag1
(g2
g3
Ntp2021
Rp2022
(dp2023
g7
g10
sg27
g1
(g28
g3
Ntp2024
Rp2025
(dp2026
g32
g15
sg33
g35
sg38
g1
(g39
g3
Ntp2027
Rp2028
(dp2029
g43
I0
sg44
I56321
sg45
g47
sg49
I1
sg50
g23
sg51
I0
sg52
I64
sg53
I72
sg38
g1
(g54
g3
Ntp2030
Rp2031
(dp2032
g58
I0
sg44
I3639
sg59
g2028
sg60
I0
sg38
S'PingPingPingPingPingPingPingPingPingPingPingPing'
p2033
sbsg62
Nsg63
I0
sg64
I5
sg65
I4
sg66
I42165
sg59
g2025
sg67
I00
sbsg62
Nsg59
Nsg60
I2048
sg67
I00
sbsbag1
(g2
g3
Ntp2034
Rp2035
(dp2036
g7
g72
sg27
g1
(g28
g3
Ntp2037
Rp2038
(dp2039
g32
g35
sg33
g15
sg38
g1
(g39
g3
Ntp2040
Rp2041
(dp2042
g43
I0
sg44
I0
sg45
g23
sg49
I1
sg50
g47
sg51
I0
sg52
I64
sg53
I20
sg38
g1
(g54
g3
Ntp2043
Rp2044
(dp2045
g58
I0
sg44
I0
sg59
g2041
sg60
I0
sg38
S'PingPingPingPingPingPingPingPingPingPingPingPing'
p2046
sbsg62
Nsg63
I0
sg64
I5
sg65
I4
sg66
I42166
sg59
g2038
sg67
I00
sbsg62
Nsg59
Nsg60
I2048
sg67
I00
sbsbag1
(g2
g3
Ntp2047
Rp2048
(dp2049
g7
g10
sg27
g1
(g28
g3
Ntp2050
Rp2051
(dp2052
g32
g15
sg33
g93
sg38
g1
(g39
g3
Ntp2053
Rp2054
(dp2055
g43
I0
sg44
I56063
sg45
g100
sg49
I1
sg50
g23
sg51
I0
sg52
I64
sg53
I72
sg38
g1
(g54
g3
Ntp2056
Rp2057
(dp2058
g58
I0
sg44
I3639
sg59
g2054
sg60
I0
sg38
S'PingPingPingPingPingPingPingPingPingPingPingPing'
p2059
sbsg62
Nsg63
I0
sg64
I5
sg65
I4
sg66
I42167
sg59
g2051
sg67
I00
sbsg62
Nsg59
Nsg60
I2048
sg67
I00
sbsbag1
(g2
g3
Ntp2060
Rp2061
(dp2062
g7
g10
sg27
g1
(g28
g3
Ntp2063
Rp2064
(dp2065
g32
g15
sg33
g144
sg38
g1
(g39
g3
Ntp2066
Rp2067
(dp2068
g43
I0
sg44
I55806
sg45
g149
sg49
I1
sg50
g23
sg51
I0
sg52
I64
sg53
I72
sg38
g1
(g54
g3
Ntp2069
Rp2070
(dp2071
g58
I0
sg44
I3639
sg59
g2067
sg60
I0
sg38
S'PingPingPingPingPingPingPingPingPingPingPingPing'
p2072
sbsg62
Nsg63
I0
sg64
I5
sg65
I4
sg66
I42168
sg59
g2064
sg67
I00
sbsg62
Nsg59
Nsg60
I2048
sg67
I00
sbsbag1
(g2
g3
Ntp2073
Rp2074
(dp2075
g7
g110
sg27
g1
(g28
g3
Ntp2076
Rp2077
(dp2078
g32
g93
sg33
g15
sg38
g1
(g39
g3
Ntp2079
Rp2080
(dp2081
g43
I0
sg44
I56061
sg45
g23
sg49
I1
sg50
g100
sg51
I0
sg52
I64
sg53
I72
sg38
g1
(g54
g3
Ntp2082
Rp2083
(dp2084
g58
I0
sg44
I1591
sg59
g2080
sg60
I8
sg38
S'PingPingPingPingPingPingPingPingPingPingPingPing'
p2085
sbsg62
Nsg63
I0
sg64
I5
sg65
I4
sg66
I42169
sg59
g2077
sg67
I00
sbsg62
Nsg59
Nsg60
I2048
sg67
I00
sbsbag1
(g2
g3
Ntp2086
Rp2087
(dp2088
g7
g141
sg27
g1
(g28
g3
Ntp2089
Rp2090
(dp2091
g32
g144
sg33
g35
sg38
g1
(g39
g3
Ntp2092
Rp2093
(dp2094
g43
I0
sg44
I55548
sg45
g47
sg49
I1
sg50
g149
sg51
I0
sg52
I64
sg53
I72
sg38
g1
(g54
g3
Ntp2095
Rp2096
(dp2097
g58
I0
sg44
I1591
sg59
g2093
sg60
I8
sg38
S'PingPingPingPingPingPingPingPingPingPingPingPing'
p2098
sbsg62
Nsg63
I0
sg64
I5
sg65
I4
sg66
I42170
sg59
g2090
sg67
I00
sbsg62
Nsg59
Nsg60
I2048
sg67
I00
sbsbag1
(g2
g3
Ntp2099
Rp2100
(dp2101
g7
g72
sg27
g1
(g28
g3
Ntp2102
Rp2103
(dp2104
g32
g35
sg33
g93
sg38
g1
(g39
g3
Ntp2105
Rp2106
(dp2107
g43
I0
sg44
I55801
sg45
g100
sg49
I1
sg50
g47
sg51
I0
sg52
I64
sg53
I72
sg38
g1
(g54
g3
Ntp2108
Rp2109
(dp2110
g58
I0
sg44
I3639
sg59
g2106
sg60
I0
sg38
S'PingPingPingPingPingPingPingPingPingPingPingPing'
p2111
sbsg62
Nsg63
I0
sg64
I5
sg65
I4
sg66
I42173
sg59
g2103
sg67
I00
sbsg62
Nsg59
Nsg60
I2048
sg67
I00
sbsbag1
(g2
g3
Ntp2112
Rp2113
(dp2114
g7
g141
sg27
g1
(g28
g3
Ntp2115
Rp2116
(dp2117
g32
g144
sg33
g93
sg38
g1
(g39
g3
Ntp2118
Rp2119
(dp2120
g43
I0
sg44
I55287
sg45
g100
sg49
I1
sg50
g149
sg51
I0
sg52
I64
sg53
I72
sg38
g1
(g54
g3
Ntp2121
Rp2122
(dp2123
g58
I0
sg44
I1591
sg59
g2119
sg60
I8
sg38
S'PingPingPingPingPingPingPingPingPingPingPingPing'
p2124
sbsg62
Nsg63
I0
sg64
I5
sg65
I4
sg66
I42175
sg59
g2116
sg67
I00
sbsg62
Nsg59
Nsg60
I2048
sg67
I00
sbsbag1
(g2
g3
Ntp2125
Rp2126
(dp2127
g7
g10
sg27
g1
(g28
g3
Ntp2128
Rp2129
(dp2130
g32
g15
sg33
g35
sg38
g1
(g39
g3
Ntp2131
Rp2132
(dp2133
g43
I0
sg44
I56309
sg45
g47
sg49
I1
sg50
g23
sg51
I0
sg52
I64
sg53
I72
sg38
g1
(g54
g3
Ntp2134
Rp2135
(dp2136
g58
I0
sg44
I3639
sg59
g2132
sg60
I0
sg38
S'PingPingPingPingPingPingPingPingPingPingPingPing'
p2137
sbsg62
Nsg63
I0
sg64
I5
sg65
I4
sg66
I42177
sg59
g2129
sg67
I00
sbsg62
Nsg59
Nsg60
I2048
sg67
I00
sbsbag1
(g2
g3
Ntp2138
Rp2139
(dp2140
g7
g72
sg27
g1
(g28
g3
Ntp2141
Rp2142
(dp2143
g32
g35
sg33
g144
sg38
g1
(g39
g3
Ntp2144
Rp2145
(dp2146
g43
I0
sg44
I55540
sg45
g149
sg49
I1
sg50
g47
sg51
I0
sg52
I64
sg53
I72
sg38
g1
(g54
g3
Ntp2147
Rp2148
(dp2149
g58
I0
sg44
I3639
sg59
g2145
sg60
I0
sg38
S'PingPingPingPingPingPingPingPingPingPingPingPing'
p2150
sbsg62
Nsg63
I0
sg64
I5
sg65
I4
sg66
I42178
sg59
g2142
sg67
I00
sbsg62
Nsg59
Nsg60
I2048
sg67
I00
sbsbag1
(g2
g3
Ntp2151
Rp2152
(dp2153
g7
g141
sg27
g1
(g28
g3
Ntp2154
Rp2155
(dp2156
g32
g144
sg33
g15
sg38
g1
(g39
g3
Ntp2157
Rp2158
(dp2159
g43
I0
sg44
I55794
sg45
g23
sg49
I1
sg50
g149
sg51
I0
sg52
I64
sg53
I72
sg38
g1
(g54
g3
Ntp2160
Rp2161
(dp2162
g58
I0
sg44
I3639
sg59
g2158
sg60
I0
sg38
S'PingPingPingPingPingPingPingPingPingPingPingPing'
p2163
sbsg62
Nsg63
I0
sg64
I5
sg65
I4
sg66
I42180
sg59
g2155
sg67
I00
sbsg62
Nsg59
Nsg60
I2048
sg67
I00
sbsbag1
(g2
g3
Ntp2164
Rp2165
(dp2166
g7
g72
sg27
g1
(g28
g3
Ntp2167
Rp2168
(dp2169
g32
g35
sg33
g15
sg38
g1
(g39
g3
Ntp2170
Rp2171
(dp2172
g43
I0
sg44
I56304
sg45
g23
sg49
I1
sg50
g47
sg51
I0
sg52
I64
sg53
I72
sg38
g1
(g54
g3
Ntp2173
Rp2174
(dp2175
g58
I0
sg44
I3639
sg59
g2171
sg60
I0
sg38
S'PingPingPingPingPingPingPingPingPingPingPingPing'
p2176
sbsg62
Nsg63
I0
sg64
I5
sg65
I4
sg66
I42182
sg59
g2168
sg67
I00
sbsg62
Nsg59
Nsg60
I2048
sg67
I00
sbsbag1
(g2
g3
Ntp2177
Rp2178
(dp2179
g7
g72
sg27
g1
(g28
g3
Ntp2180
Rp2181
(dp2182
g32
g35
sg33
g93
sg38
g1
(g39
g3
Ntp2183
Rp2184
(dp2185
g43
I0
sg44
I55791
sg45
g100
sg49
I1
sg50
g47
sg51
I0
sg52
I64
sg53
I72
sg38
g1
(g54
g3
Ntp2186
Rp2187
(dp2188
g58
I0
sg44
I1591
sg59
g2184
sg60
I8
sg38
S'PingPingPingPingPingPingPingPingPingPingPingPing'
p2189
sbsg62
Nsg63
I0
sg64
I5
sg65
I4
sg66
I42183
sg59
g2181
sg67
I00
sbsg62
Nsg59
Nsg60
I2048
sg67
I00
sbsbag1
(g2
g3
Ntp2190
Rp2191
(dp2192
g7
g141
sg27
g1
(g28
g3
Ntp2193
Rp2194
(dp2195
g32
g144
sg33
g35
sg38
g1
(g39
g3
Ntp2196
Rp2197
(dp2198
g43
I0
sg44
I55534
sg45
g47
sg49
I1
sg50
g149
sg51
I0
sg52
I64
sg53
I72
sg38
g1
(g54
g3
Ntp2199
Rp2200
(dp2201
g58
I0
sg44
I1591
sg59
g2197
sg60
I8
sg38
S'PingPingPingPingPingPingPingPingPingPingPingPing'
p2202
sbsg62
Nsg63
I0
sg64
I5
sg65
I4
sg66
I42184
sg59
g2194
sg67
I00
sbsg62
Nsg59
Nsg60
I2048
sg67
I00
sbsbag1
(g2
g3
Ntp2203
Rp2204
(dp2205
g7
g72
sg27
g1
(g28
g3
Ntp2206
Rp2207
(dp2208
g32
g35
sg33
g144
sg38
g1
(g39
g3
Ntp2209
Rp2210
(dp2211
g43
I0
sg44
I55533
sg45
g149
sg49
I1
sg50
g47
sg51
I0
sg52
I64
sg53
I72
sg38
g1
(g54
g3
Ntp2212
Rp2213
(dp2214
g58
I0
sg44
I3639
sg59
g2210
sg60
I0
sg38
S'PingPingPingPingPingPingPingPingPingPingPingPing'
p2215
sbsg62
Nsg63
I0
sg64
I5
sg65
I4
sg66
I42185
sg59
g2207
sg67
I00
sbsg62
Nsg59
Nsg60
I2048
sg67
I00
sbsbag1
(g2
g3
Ntp2216
Rp2217
(dp2218
g7
g10
sg27
g1
(g28
g3
Ntp2219
Rp2220
(dp2221
g32
g15
sg33
g93
sg38
g1
(g39
g3
Ntp2222
Rp2223
(dp2224
g43
I0
sg44
I56044
sg45
g100
sg49
I1
sg50
g23
sg51
I0
sg52
I64
sg53
I72
sg38
g1
(g54
g3
Ntp2225
Rp2226
(dp2227
g58
I0
sg44
I3639
sg59
g2223
sg60
I0
sg38
S'PingPingPingPingPingPingPingPingPingPingPingPing'
p2228
sbsg62
Nsg63
I0
sg64
I5
sg65
I4
sg66
I42186
sg59
g2220
sg67
I00
sbsg62
Nsg59
Nsg60
I2048
sg67
I00
sbsbag1
(g2
g3
Ntp2229
Rp2230
(dp2231
g7
g72
sg27
g1
(g28
g3
Ntp2232
Rp2233
(dp2234
g32
g35
sg33
g15
sg38
g1
(g39
g3
Ntp2235
Rp2236
(dp2237
g43
I0
sg44
I56299
sg45
g23
sg49
I1
sg50
g47
sg51
I0
sg52
I64
sg53
I72
sg38
g1
(g54
g3
Ntp2238
Rp2239
(dp2240
g58
I0
sg44
I3639
sg59
g2236
sg60
I0
sg38
S'PingPingPingPingPingPingPingPingPingPingPingPing'
p2241
sbsg62
Nsg63
I0
sg64
I5
sg65
I4
sg66
I42187
sg59
g2233
sg67
I00
sbsg62
Nsg59
Nsg60
I2048
sg67
I00
sbsbag1
(g2
g3
Ntp2242
Rp2243
(dp2244
g7
g110
sg27
g1
(g28
g3
Ntp2245
Rp2246
(dp2247
g32
g93
sg33
g35
sg38
g1
(g39
g3
Ntp2248
Rp2249
(dp2250
g43
I0
sg44
I55786
sg45
g47
sg49
I1
sg50
g100
sg51
I0
sg52
I64
sg53
I72
sg38
g1
(g54
g3
Ntp2251
Rp2252
(dp2253
g58
I0
sg44
I1591
sg59
g2249
sg60
I8
sg38
S'PingPingPingPingPingPingPingPingPingPingPingPing'
p2254
sbsg62
Nsg63
I0
sg64
I5
sg65
I4
sg66
I42188
sg59
g2246
sg67
I00
sbsg62
Nsg59
Nsg60
I2048
sg67
I00
sbsbag1
(g2
g3
Ntp2255
Rp2256
(dp2257
g7
g141
sg27
g1
(g28
g3
Ntp2258
Rp2259
(dp2260
g32
g144
sg33
g93
sg38
g1
(g39
g3
Ntp2261
Rp2262
(dp2263
g43
I0
sg44
I55271
sg45
g100
sg49
I1
sg50
g149
sg51
I0
sg52
I64
sg53
I72
sg38
g1
(g54
g3
Ntp2264
Rp2265
(dp2266
g58
I0
sg44
I1591
sg59
g2262
sg60
I8
sg38
S'PingPingPingPingPingPingPingPingPingPingPingPing'
p2267
sbsg62
Nsg63
I0
sg64
I5
sg65
I4
sg66
I42191
sg59
g2259
sg67
I00
sbsg62
Nsg59
Nsg60
I2048
sg67
I00
sbsbag1
(g2
g3
Ntp2268
Rp2269
(dp2270
g7
g10
sg27
g1
(g28
g3
Ntp2271
Rp2272
(dp2273
g32
g15
sg33
g144
sg38
g1
(g39
g3
Ntp2274
Rp2275
(dp2276
g43
I0
sg44
I55782
sg45
g149
sg49
I1
sg50
g23
sg51
I0
sg52
I64
sg53
I72
sg38
g1
(g54
g3
Ntp2277
Rp2278
(dp2279
g58
I0
sg44
I1591
sg59
g2275
sg60
I8
sg38
S'PingPingPingPingPingPingPingPingPingPingPingPing'
p2280
sbsg62
Nsg63
I0
sg64
I5
sg65
I4
sg66
I42192
sg59
g2272
sg67
I00
sbsg62
Nsg59
Nsg60
I2048
sg67
I00
sbsbag1
(g2
g3
Ntp2281
Rp2282
(dp2283
g7
g141
sg27
g1
(g28
g3
Ntp2284
Rp2285
(dp2286
g32
g144
sg33
g15
sg38
g1
(g39
g3
Ntp2287
Rp2288
(dp2289
g43
I0
sg44
I55780
sg45
g23
sg49
I1
sg50
g149
sg51
I0
sg52
I64
sg53
I72
sg38
g1
(g54
g3
Ntp2290
Rp2291
(dp2292
g58
I0
sg44
I1591
sg59
g2288
sg60
I8
sg38
S'PingPingPingPingPingPingPingPingPingPingPingPing'
p2293
sbsg62
Nsg63
I0
sg64
I5
sg65
I4
sg66
I42194
sg59
g2285
sg67
I00
sbsg62
Nsg59
Nsg60
I2048
sg67
I00
sbsbag1
(g2
g3
Ntp2294
Rp2295
(dp2296
g7
g110
sg27
g1
(g28
g3
Ntp2297
Rp2298
(dp2299
g32
g93
sg33
g93
sg38
g1
(g39
g3
Ntp2300
Rp2301
(dp2302
g43
I0
sg44
I55523
sg45
g100
sg49
I1
sg50
g100
sg51
I0
sg52
I64
sg53
I72
sg38
g1
(g54
g3
Ntp2303
Rp2304
(dp2305
g58
I0
sg44
I3639
sg59
g2301
sg60
I0
sg38
S'PingPingPingPingPingPingPingPingPingPingPingPing'
p2306
sbsg62
Nsg63
I0
sg64
I5
sg65
I4
sg66
I42195
sg59
g2298
sg67
I00
sbsg62
Nsg59
Nsg60
I2048
sg67
I00
sbsbag1
(g2
g3
Ntp2307
Rp2308
(dp2309
g7
g72
sg27
g1
(g28
g3
Ntp2310
Rp2311
(dp2312
g32
g35
sg33
g93
sg38
g1
(g39
g3
Ntp2313
Rp2314
(dp2315
g43
I0
sg44
I55777
sg45
g100
sg49
I1
sg50
g47
sg51
I0
sg52
I64
sg53
I72
sg38
g1
(g54
g3
Ntp2316
Rp2317
(dp2318
g58
I0
sg44
I3639
sg59
g2314
sg60
I0
sg38
S'PingPingPingPingPingPingPingPingPingPingPingPing'
p2319
sbsg62
Nsg63
I0
sg64
I5
sg65
I4
sg66
I42197
sg59
g2311
sg67
I00
sbsg62
Nsg59
Nsg60
I2048
sg67
I00
sbsbag1
(g2
g3
Ntp2320
Rp2321
(dp2322
g7
g10
sg27
g1
(g28
g3
Ntp2323
Rp2324
(dp2325
g32
g15
sg33
g35
sg38
g1
(g39
g3
Ntp2326
Rp2327
(dp2328
g43
I0
sg44
I56288
sg45
g47
sg49
I1
sg50
g23
sg51
I0
sg52
I64
sg53
I72
sg38
g1
(g54
g3
Ntp2329
Rp2330
(dp2331
g58
I0
sg44
I1591
sg59
g2327
sg60
I8
sg38
S'PingPingPingPingPingPingPingPingPingPingPingPing'
p2332
sbsg62
Nsg63
I0
sg64
I5
sg65
I4
sg66
I42198
sg59
g2324
sg67
I00
sbsg62
Nsg59
Nsg60
I2048
sg67
I00
sbsbag1
(g2
g3
Ntp2333
Rp2334
(dp2335
g7
g72
sg27
g1
(g28
g3
Ntp2336
Rp2337
(dp2338
g32
g35
sg33
g144
sg38
g1
(g39
g3
Ntp2339
Rp2340
(dp2341
g43
I0
sg44
I55519
sg45
g149
sg49
I1
sg50
g47
sg51
I0
sg52
I64
sg53
I72
sg38
g1
(g54
g3
Ntp2342
Rp2343
(dp2344
g58
I0
sg44
I1591
sg59
g2340
sg60
I8
sg38
S'PingPingPingPingPingPingPingPingPingPingPingPing'
p2345
sbsg62
Nsg63
I0
sg64
I5
sg65
I4
sg66
I42199
sg59
g2337
sg67
I00
sbsg62
Nsg59
Nsg60
I2048
sg67
I00
sbsbag1
(g2
g3
Ntp2346
Rp2347
(dp2348
g7
g141
sg27
g1
(g28
g3
Ntp2349
Rp2350
(dp2351
g32
g144
sg33
g35
sg38
g1
(g39
g3
Ntp2352
Rp2353
(dp2354
g43
I0
sg44
I55518
sg45
g47
sg49
I1
sg50
g149
sg51
I0
sg52
I64
sg53
I72
sg38
g1
(g54
g3
Ntp2355
Rp2356
(dp2357
g58
I0
sg44
I1591
sg59
g2353
sg60
I8
sg38
S'PingPingPingPingPingPingPingPingPingPingPingPing'
p2358
sbsg62
Nsg63
I0
sg64
I5
sg65
I4
sg66
I42200
sg59
g2350
sg67
I00
sbsg62
Nsg59
Nsg60
I2048
sg67
I00
sbsbag1
(g2
g3
Ntp2359
Rp2360
(dp2361
g7
g110
sg27
g1
(g28
g3
Ntp2362
Rp2363
(dp2364
g32
g93
sg33
g144
sg38
g1
(g39
g3
Ntp2365
Rp2366
(dp2367
g43
I0
sg44
I0
sg45
g149
sg49
I1
sg50
g100
sg51
I0
sg52
I64
sg53
I20
sg38
g1
(g54
g3
Ntp2368
Rp2369
(dp2370
g58
I0
sg44
I0
sg59
g2366
sg60
I0
sg38
S'PingPingPingPingPingPingPingPingPingPingPingPing'
p2371
sbsg62
Nsg63
I0
sg64
I5
sg65
I4
sg66
I42201
sg59
g2363
sg67
I00
sbsg62
Nsg59
Nsg60
I2048
sg67
I00
sbsbag1
(g2
g3
Ntp2372
Rp2373
(dp2374
g7
g141
sg27
g1
(g28
g3
Ntp2375
Rp2376
(dp2377
g32
g144
sg33
g93
sg38
g1
(g39
g3
Ntp2378
Rp2379
(dp2380
g43
I0
sg44
I55260
sg45
g100
sg49
I1
sg50
g149
sg51
I0
sg52
I64
sg53
I72
sg38
g1
(g54
g3
Ntp2381
Rp2382
(dp2383
g58
I0
sg44
I1591
sg59
g2379
sg60
I8
sg38
S'PingPingPingPingPingPingPingPingPingPingPingPing'
p2384
sbsg62
Nsg63
I0
sg64
I5
sg65
I4
sg66
I42202
sg59
g2376
sg67
I00
sbsg62
Nsg59
Nsg60
I2048
sg67
I00
sbsbag1
(g2
g3
Ntp2385
Rp2386
(dp2387
g7
g72
sg27
g1
(g28
g3
Ntp2388
Rp2389
(dp2390
g32
g35
sg33
g15
sg38
g1
(g39
g3
Ntp2391
Rp2392
(dp2393
g43
I0
sg44
I56283
sg45
g23
sg49
I1
sg50
g47
sg51
I0
sg52
I64
sg53
I72
sg38
g1
(g54
g3
Ntp2394
Rp2395
(dp2396
g58
I0
sg44
I1591
sg59
g2392
sg60
I8
sg38
S'PingPingPingPingPingPingPingPingPingPingPingPing'
p2397
sbsg62
Nsg63
I0
sg64
I5
sg65
I4
sg66
I42203
sg59
g2389
sg67
I00
sbsg62
Nsg59
Nsg60
I2048
sg67
I00
sbsbag1
(g2
g3
Ntp2398
Rp2399
(dp2400
g7
g141
sg27
g1
(g28
g3
Ntp2401
Rp2402
(dp2403
g32
g144
sg33
g144
sg38
g1
(g39
g3
Ntp2404
Rp2405
(dp2406
g43
I0
sg44
I55002
sg45
g149
sg49
I1
sg50
g149
sg51
I0
sg52
I64
sg53
I72
sg38
g1
(g54
g3
Ntp2407
Rp2408
(dp2409
g58
I0
sg44
I3639
sg59
g2405
sg60
I0
sg38
S'PingPingPingPingPingPingPingPingPingPingPingPing'
p2410
sbsg62
Nsg63
I0
sg64
I5
sg65
I4
sg66
I42204
sg59
g2402
sg67
I00
sbsg62
Nsg59
Nsg60
I2048
sg67
I00
sbsbag1
(g2
g3
Ntp2411
Rp2412
(dp2413
g7
g110
sg27
g1
(g28
g3
Ntp2414
Rp2415
(dp2416
g32
g93
sg33
g93
sg38
g1
(g39
g3
Ntp2417
Rp2418
(dp2419
g43
I0
sg44
I55513
sg45
g100
sg49
I1
sg50
g100
sg51
I0
sg52
I64
sg53
I72
sg38
g1
(g54
g3
Ntp2420
Rp2421
(dp2422
g58
I0
sg44
I1591
sg59
g2418
sg60
I8
sg38
S'PingPingPingPingPingPingPingPingPingPingPingPing'
p2423
sbsg62
Nsg63
I0
sg64
I5
sg65
I4
sg66
I42205
sg59
g2415
sg67
I00
sbsg62
Nsg59
Nsg60
I2048
sg67
I00
sbsbag1
(g2
g3
Ntp2424
Rp2425
(dp2426
g7
g72
sg27
g1
(g28
g3
Ntp2427
Rp2428
(dp2429
g32
g35
sg33
g93
sg38
g1
(g39
g3
Ntp2430
Rp2431
(dp2432
g43
I0
sg44
I55766
sg45
g100
sg49
I1
sg50
g47
sg51
I0
sg52
I64
sg53
I72
sg38
g1
(g54
g3
Ntp2433
Rp2434
(dp2435
g58
I0
sg44
I3639
sg59
g2431
sg60
I0
sg38
S'PingPingPingPingPingPingPingPingPingPingPingPing'
p2436
sbsg62
Nsg63
I0
sg64
I5
sg65
I4
sg66
I42208
sg59
g2428
sg67
I00
sbsg62
Nsg59
Nsg60
I2048
sg67
I00
sbsbag1
(g2
g3
Ntp2437
Rp2438
(dp2439
g7
g10
sg27
g1
(g28
g3
Ntp2440
Rp2441
(dp2442
g32
g15
sg33
g93
sg38
g1
(g39
g3
Ntp2443
Rp2444
(dp2445
g43
I0
sg44
I56021
sg45
g100
sg49
I1
sg50
g23
sg51
I0
sg52
I64
sg53
I72
sg38
g1
(g54
g3
Ntp2446
Rp2447
(dp2448
g58
I0
sg44
I1591
sg59
g2444
sg60
I8
sg38
S'PingPingPingPingPingPingPingPingPingPingPingPing'
p2449
sbsg62
Nsg63
I0
sg64
I5
sg65
I4
sg66
I42209
sg59
g2441
sg67
I00
sbsg62
Nsg59
Nsg60
I2048
sg67
I00
sbsbag1
(g2
g3
Ntp2450
Rp2451
(dp2452
g7
g141
sg27
g1
(g28
g3
Ntp2453
Rp2454
(dp2455
g32
g144
sg33
g15
sg38
g1
(g39
g3
Ntp2456
Rp2457
(dp2458
g43
I0
sg44
I55764
sg45
g23
sg49
I1
sg50
g149
sg51
I0
sg52
I64
sg53
I72
sg38
g1
(g54
g3
Ntp2459
Rp2460
(dp2461
g58
I0
sg44
I1591
sg59
g2457
sg60
I8
sg38
S'PingPingPingPingPingPingPingPingPingPingPingPing'
p2462
sbsg62
Nsg63
I0
sg64
I5
sg65
I4
sg66
I42210
sg59
g2454
sg67
I00
sbsg62
Nsg59
Nsg60
I2048
sg67
I00
sbsbag1
(g2
g3
Ntp2463
Rp2464
(dp2465
g7
g141
sg27
g1
(g28
g3
Ntp2466
Rp2467
(dp2468
g32
g144
sg33
g144
sg38
g1
(g39
g3
Ntp2469
Rp2470
(dp2471
g43
I0
sg44
I0
sg45
g149
sg49
I1
sg50
g149
sg51
I0
sg52
I64
sg53
I20
sg38
g1
(g54
g3
Ntp2472
Rp2473
(dp2474
g58
I0
sg44
I0
sg59
g2470
sg60
I8
sg38
S'PingPingPingPingPingPingPingPingPingPingPingPing'
p2475
sbsg62
Nsg63
I0
sg64
I5
sg65
I4
sg66
I42211
sg59
g2467
sg67
I00
sbsg62
Nsg59
Nsg60
I2048
sg67
I00
sbsbag1
(g2
g3
Ntp2476
Rp2477
(dp2478
g7
g141
sg27
g1
(g28
g3
Ntp2479
Rp2480
(dp2481
g32
g144
sg33
g35
sg38
g1
(g39
g3
Ntp2482
Rp2483
(dp2484
g43
I0
sg44
I55504
sg45
g47
sg49
I1
sg50
g149
sg51
I0
sg52
I64
sg53
I72
sg38
g1
(g54
g3
Ntp2485
Rp2486
(dp2487
g58
I0
sg44
I1591
sg59
g2483
sg60
I8
sg38
S'PingPingPingPingPingPingPingPingPingPingPingPing'
p2488
sbsg62
Nsg63
I0
sg64
I5
sg65
I4
sg66
I42214
sg59
g2480
sg67
I00
sbsg62
Nsg59
Nsg60
I2048
sg67
I00
sbsbag1
(g2
g3
Ntp2489
Rp2490
(dp2491
g7
g72
sg27
g1
(g28
g3
Ntp2492
Rp2493
(dp2494
g32
g35
sg33
g35
sg38
g1
(g39
g3
Ntp2495
Rp2496
(dp2497
g43
I0
sg44
I56015
sg45
g47
sg49
I1
sg50
g47
sg51
I0
sg52
I64
sg53
I72
sg38
g1
(g54
g3
Ntp2498
Rp2499
(dp2500
g58
I0
sg44
I3639
sg59
g2496
sg60
I0
sg38
S'PingPingPingPingPingPingPingPingPingPingPingPing'
p2501
sbsg62
Nsg63
I0
sg64
I5
sg65
I4
sg66
I42215
sg59
g2493
sg67
I00
sbsg62
Nsg59
Nsg60
I2048
sg67
I00
sbsbag1
(g2
g3
Ntp2502
Rp2503
(dp2504
g7
g72
sg27
g1
(g28
g3
Ntp2505
Rp2506
(dp2507
g32
g35
sg33
g144
sg38
g1
(g39
g3
Ntp2508
Rp2509
(dp2510
g43
I0
sg44
I55500
sg45
g149
sg49
I1
sg50
g47
sg51
I0
sg52
I64
sg53
I72
sg38
g1
(g54
g3
Ntp2511
Rp2512
(dp2513
g58
I0
sg44
I3639
sg59
g2509
sg60
I0
sg38
S'PingPingPingPingPingPingPingPingPingPingPingPing'
p2514
sbsg62
Nsg63
I0
sg64
I5
sg65
I4
sg66
I42218
sg59
g2506
sg67
I00
sbsg62
Nsg59
Nsg60
I2048
sg67
I00
sbsbag1
(g2
g3
Ntp2515
Rp2516
(dp2517
g7
g110
sg27
g1
(g28
g3
Ntp2518
Rp2519
(dp2520
g32
g93
sg33
g15
sg38
g1
(g39
g3
Ntp2521
Rp2522
(dp2523
g43
I0
sg44
I56011
sg45
g23
sg49
I1
sg50
g100
sg51
I0
sg52
I64
sg53
I72
sg38
g1
(g54
g3
Ntp2524
Rp2525
(dp2526
g58
I0
sg44
I3639
sg59
g2522
sg60
I0
sg38
S'PingPingPingPingPingPingPingPingPingPingPingPing'
p2527
sbsg62
Nsg63
I0
sg64
I5
sg65
I4
sg66
I42219
sg59
g2519
sg67
I00
sbsg62
Nsg59
Nsg60
I2048
sg67
I00
sbsbag1
(g2
g3
Ntp2528
Rp2529
(dp2530
g7
g141
sg27
g1
(g28
g3
Ntp2531
Rp2532
(dp2533
g32
g144
sg33
g93
sg38
g1
(g39
g3
Ntp2534
Rp2535
(dp2536
g43
I0
sg44
I0
sg45
g100
sg49
I1
sg50
g149
sg51
I0
sg52
I64
sg53
I20
sg38
g1
(g54
g3
Ntp2537
Rp2538
(dp2539
g58
I0
sg44
I0
sg59
g2535
sg60
I8
sg38
S'PingPingPingPingPingPingPingPingPingPingPingPing'
p2540
sbsg62
Nsg63
I0
sg64
I5
sg65
I4
sg66
I42220
sg59
g2532
sg67
I00
sbsg62
Nsg59
Nsg60
I2048
sg67
I00
sbsbag1
(g2
g3
Ntp2541
Rp2542
(dp2543
g7
g10
sg27
g1
(g28
g3
Ntp2544
Rp2545
(dp2546
g32
g15
sg33
g144
sg38
g1
(g39
g3
Ntp2547
Rp2548
(dp2549
g43
I0
sg44
I55751
sg45
g149
sg49
I1
sg50
g23
sg51
I0
sg52
I64
sg53
I72
sg38
g1
(g54
g3
Ntp2550
Rp2551
(dp2552
g58
I0
sg44
I1591
sg59
g2548
sg60
I8
sg38
S'PingPingPingPingPingPingPingPingPingPingPingPing'
p2553
sbsg62
Nsg63
I0
sg64
I5
sg65
I4
sg66
I42223
sg59
g2545
sg67
I00
sbsg62
Nsg59
Nsg60
I2048
sg67
I00
sbsbag1
(g2
g3
Ntp2554
Rp2555
(dp2556
g7
g10
sg27
g1
(g28
g3
Ntp2557
Rp2558
(dp2559
g32
g15
sg33
g35
sg38
g1
(g39
g3
Ntp2560
Rp2561
(dp2562
g43
I0
sg44
I56261
sg45
g47
sg49
I1
sg50
g23
sg51
I0
sg52
I64
sg53
I72
sg38
g1
(g54
g3
Ntp2563
Rp2564
(dp2565
g58
I0
sg44
I3639
sg59
g2561
sg60
I0
sg38
S'PingPingPingPingPingPingPingPingPingPingPingPing'
p2566
sbsg62
Nsg63
I0
sg64
I5
sg65
I4
sg66
I42225
sg59
g2558
sg67
I00
sbsg62
Nsg59
Nsg60
I2048
sg67
I00
sbsbag1
(g2
g3
Ntp2567
Rp2568
(dp2569
g7
g110
sg27
g1
(g28
g3
Ntp2570
Rp2571
(dp2572
g32
g93
sg33
g93
sg38
g1
(g39
g3
Ntp2573
Rp2574
(dp2575
g43
I0
sg44
I55491
sg45
g100
sg49
I1
sg50
g100
sg51
I0
sg52
I64
sg53
I72
sg38
g1
(g54
g3
Ntp2576
Rp2577
(dp2578
g58
I0
sg44
I1591
sg59
g2574
sg60
I8
sg38
S'PingPingPingPingPingPingPingPingPingPingPingPing'
p2579
sbsg62
Nsg63
I0
sg64
I5
sg65
I4
sg66
I42227
sg59
g2571
sg67
I00
sbsg62
Nsg59
Nsg60
I2048
sg67
I00
sbsbag1
(g2
g3
Ntp2580
Rp2581
(dp2582
g7
g72
sg27
g1
(g28
g3
Ntp2583
Rp2584
(dp2585
g32
g35
sg33
g15
sg38
g1
(g39
g3
Ntp2586
Rp2587
(dp2588
g43
I0
sg44
I56257
sg45
g23
sg49
I1
sg50
g47
sg51
I0
sg52
I64
sg53
I72
sg38
g1
(g54
g3
Ntp2589
Rp2590
(dp2591
g58
I0
sg44
I3639
sg59
g2587
sg60
I0
sg38
S'PingPingPingPingPingPingPingPingPingPingPingPing'
p2592
sbsg62
Nsg63
I0
sg64
I5
sg65
I4
sg66
I42229
sg59
g2584
sg67
I00
sbsg62
Nsg59
Nsg60
I2048
sg67
I00
sbsbag1
(g2
g3
Ntp2593
Rp2594
(dp2595
g7
g10
sg27
g1
(g28
g3
Ntp2596
Rp2597
(dp2598
g32
g15
sg33
g93
sg38
g1
(g39
g3
Ntp2599
Rp2600
(dp2601
g43
I0
sg44
I0
sg45
g100
sg49
I1
sg50
g23
sg51
I0
sg52
I64
sg53
I20
sg38
g1
(g54
g3
Ntp2602
Rp2603
(dp2604
g58
I0
sg44
I0
sg59
g2600
sg60
I8
sg38
S'PingPingPingPingPingPingPingPingPingPingPingPing'
p2605
sbsg62
Nsg63
I0
sg64
I5
sg65
I4
sg66
I42230
sg59
g2597
sg67
I00
sbsg62
Nsg59
Nsg60
I2048
sg67
I00
sbsbag1
(g2
g3
Ntp2606
Rp2607
(dp2608
g7
g72
sg27
g1
(g28
g3
Ntp2609
Rp2610
(dp2611
g32
g35
sg33
g93
sg38
g1
(g39
g3
Ntp2612
Rp2613
(dp2614
g43
I0
sg44
I0
sg45
g100
sg49
I1
sg50
g47
sg51
I0
sg52
I64
sg53
I20
sg38
g1
(g54
g3
Ntp2615
Rp2616
(dp2617
g58
I0
sg44
I0
sg59
g2613
sg60
I0
sg38
S'PingPingPingPingPingPingPingPingPingPingPingPing'
p2618
sbsg62
Nsg63
I0
sg64
I5
sg65
I4
sg66
I42231
sg59
g2610
sg67
I00
sbsg62
Nsg59
Nsg60
I2048
sg67
I00
sbsba.