xss =  -ea -javaagent:/home/mininet/apache-cassandra-1.2.4/bin/../lib/jamm-0.2.5.jar -XX:+UseThreadPriorities -XX:ThreadPriorityPolicy=42 -Xms1001M -Xmx1001M -Xmn100M -XX:+HeapDumpOnOutOfMemoryError -Xss228k
 INFO 02:56:13,312 Logging initialized
 INFO 02:56:13,324 JVM vendor/version: OpenJDK 64-Bit Server VM/1.7.0_51
 WARN 02:56:13,324 OpenJDK is not recommended. Please upgrade to the newest Oracle Java release
 INFO 02:56:13,325 Heap size: 1039138816/1040187392
 INFO 02:56:13,325 Classpath: /home/mininet/apache-cassandra-1.2.4/bin/../conf:/home/mininet/apache-cassandra-1.2.4/bin/../build/classes/main:/home/mininet/apache-cassandra-1.2.4/bin/../build/classes/thrift:/home/mininet/apache-cassandra-1.2.4/bin/../lib/antlr-3.2.jar:/home/mininet/apache-cassandra-1.2.4/bin/../lib/apache-cassandra-1.2.4.jar:/home/mininet/apache-cassandra-1.2.4/bin/../lib/apache-cassandra-clientutil-1.2.4.jar:/home/mininet/apache-cassandra-1.2.4/bin/../lib/apache-cassandra-thrift-1.2.4.jar:/home/mininet/apache-cassandra-1.2.4/bin/../lib/avro-1.4.0-fixes.jar:/home/mininet/apache-cassandra-1.2.4/bin/../lib/avro-1.4.0-sources-fixes.jar:/home/mininet/apache-cassandra-1.2.4/bin/../lib/commons-cli-1.1.jar:/home/mininet/apache-cassandra-1.2.4/bin/../lib/commons-codec-1.2.jar:/home/mininet/apache-cassandra-1.2.4/bin/../lib/commons-lang-2.6.jar:/home/mininet/apache-cassandra-1.2.4/bin/../lib/compress-lzf-0.8.4.jar:/home/mininet/apache-cassandra-1.2.4/bin/../lib/concurrentlinkedhashmap-lru-1.3.jar:/home/mininet/apache-cassandra-1.2.4/bin/../lib/guava-13.0.1.jar:/home/mininet/apache-cassandra-1.2.4/bin/../lib/high-scale-lib-1.1.2.jar:/home/mininet/apache-cassandra-1.2.4/bin/../lib/jackson-core-asl-1.9.2.jar:/home/mininet/apache-cassandra-1.2.4/bin/../lib/jackson-mapper-asl-1.9.2.jar:/home/mininet/apache-cassandra-1.2.4/bin/../lib/jamm-0.2.5.jar:/home/mininet/apache-cassandra-1.2.4/bin/../lib/jbcrypt-0.3m.jar:/home/mininet/apache-cassandra-1.2.4/bin/../lib/jline-1.0.jar:/home/mininet/apache-cassandra-1.2.4/bin/../lib/json-simple-1.1.jar:/home/mininet/apache-cassandra-1.2.4/bin/../lib/libthrift-0.7.0.jar:/home/mininet/apache-cassandra-1.2.4/bin/../lib/log4j-1.2.16.jar:/home/mininet/apache-cassandra-1.2.4/bin/../lib/lz4-1.1.0.jar:/home/mininet/apache-cassandra-1.2.4/bin/../lib/metrics-core-2.0.3.jar:/home/mininet/apache-cassandra-1.2.4/bin/../lib/netty-3.5.9.Final.jar:/home/mininet/apache-cassandra-1.2.4/bin/../lib/servlet-api-2.5-20081211.jar:/home/mininet/apache-cassandra-1.2.4/bin/../lib/slf4j-api-1.7.2.jar:/home/mininet/apache-cassandra-1.2.4/bin/../lib/slf4j-log4j12-1.7.2.jar:/home/mininet/apache-cassandra-1.2.4/bin/../lib/snakeyaml-1.6.jar:/home/mininet/apache-cassandra-1.2.4/bin/../lib/snappy-java-1.0.4.1.jar:/home/mininet/apache-cassandra-1.2.4/bin/../lib/snaptree-0.1.jar:/home/mininet/apache-cassandra-1.2.4/bin/../lib/jamm-0.2.5.jar
 INFO 02:56:13,327 JNA not found. Native methods will be disabled.
 INFO 02:56:13,336 Loading settings from file:/home/mininet/apache-cassandra-1.2.4/conf/cassandra.yaml
 INFO 02:56:13,915 Data files directories: [/var/lib/cassandra/data]
 INFO 02:56:13,923 Commit log directory: /var/lib/cassandra/commitlog
 INFO 02:56:13,923 DiskAccessMode 'auto' determined to be mmap, indexAccessMode is mmap
 INFO 02:56:13,924 disk_failure_policy is stop
 INFO 02:56:13,937 Global memtable threshold is enabled at 330MB
 INFO 02:56:14,136 Not using multi-threaded compaction
 INFO 02:56:14,982 Initializing key cache with capacity of 49 MBs.
 INFO 02:56:15,005 Scheduling key cache save to each 14400 seconds (going to save all keys).
 INFO 02:56:15,007 Initializing row cache with capacity of 0 MBs and provider org.apache.cassandra.cache.SerializingCacheProvider
 INFO 02:56:15,060 Scheduling row cache save to each 0 seconds (going to save all keys).
 INFO 02:56:15,666 Couldn't detect any schema definitions in local storage.
 INFO 02:56:15,667 To create keyspaces and column families, see 'help create keyspace' in the CLI, or set up a schema using the thrift system_* calls.
 INFO 02:56:15,746 No commitlog files found; skipping replay
 INFO 02:56:16,156 Cassandra version: 1.2.4
 INFO 02:56:16,158 Thrift API version: 19.35.0
 INFO 02:56:16,162 CQL supported versions: 2.0.0,3.0.1 (default: 3.0.1)
 INFO 02:56:16,194 Loading persisted ring state
 INFO 02:56:16,197 Starting up server gossip
 WARN 02:56:16,201 No host ID found, created 7204564e-1e13-4608-8f95-be436e79a95e (Note: This should happen exactly once per node).
 INFO 02:56:16,213 Enqueuing flush of Memtable-local@1144545164(361/361 serialized/live bytes, 15 ops)
 INFO 02:56:16,221 Writing Memtable-local@1144545164(361/361 serialized/live bytes, 15 ops)
 INFO 02:56:16,283 Completed flushing /var/lib/cassandra/data/system/local/system-local-ib-1-Data.db (352 bytes) for commitlog position ReplayPosition(segmentId=1391165775637, position=50656)
 INFO 02:56:16,378 Starting Messaging Service on port 7000
 INFO 02:56:16,466 Saved token not found. Using [-9223372036854775808] from configuration
 INFO 02:56:16,469 Enqueuing flush of Memtable-local@760739872(84/84 serialized/live bytes, 4 ops)
 INFO 02:56:16,470 Writing Memtable-local@760739872(84/84 serialized/live bytes, 4 ops)
 INFO 02:56:16,491 Completed flushing /var/lib/cassandra/data/system/local/system-local-ib-2-Data.db (120 bytes) for commitlog position ReplayPosition(segmentId=1391165775637, position=50931)
 INFO 02:56:16,500 Enqueuing flush of Memtable-local@1859455622(51/51 serialized/live bytes, 2 ops)
 INFO 02:56:16,502 Writing Memtable-local@1859455622(51/51 serialized/live bytes, 2 ops)
 INFO 02:56:16,517 Completed flushing /var/lib/cassandra/data/system/local/system-local-ib-3-Data.db (110 bytes) for commitlog position ReplayPosition(segmentId=1391165775637, position=51106)
 INFO 02:56:16,536 Node /192.168.56.11 state jump to normal
 INFO 02:56:16,539 Startup completed! Now serving reads.
 INFO 02:56:16,540 Create new Keyspace: system_auth, rep strategy:SimpleStrategy{}, strategy_options: {replication_factor=1}, durable_writes: true
 INFO 02:56:16,605 Enqueuing flush of Memtable-schema_keyspaces@2007721111(389/389 serialized/live bytes, 11 ops)
 INFO 02:56:16,607 Writing Memtable-schema_keyspaces@2007721111(389/389 serialized/live bytes, 11 ops)
 INFO 02:56:16,627 Completed flushing /var/lib/cassandra/data/system/schema_keyspaces/system-schema_keyspaces-ib-1-Data.db (267 bytes) for commitlog position ReplayPosition(segmentId=1391165775637, position=51347)
 INFO 02:56:16,631 Enqueuing flush of Memtable-schema_columnfamilies@1721339467(21969/21969 serialized/live bytes, 359 ops)
 INFO 02:56:16,633 Writing Memtable-schema_columnfamilies@1721339467(21969/21969 serialized/live bytes, 359 ops)
 INFO 02:56:16,661 Completed flushing /var/lib/cassandra/data/system/schema_columnfamilies/system-schema_columnfamilies-ib-1-Data.db (4563 bytes) for commitlog position ReplayPosition(segmentId=1391165775637, position=51347)
 INFO 02:56:16,662 Enqueuing flush of Memtable-schema_columns@1035357326(21903/21903 serialized/live bytes, 332 ops)
 INFO 02:56:16,663 Writing Memtable-schema_columns@1035357326(21903/21903 serialized/live bytes, 332 ops)
 INFO 02:56:16,692 Completed flushing /var/lib/cassandra/data/system/schema_columns/system-schema_columns-ib-1-Data.db (3853 bytes) for commitlog position ReplayPosition(segmentId=1391165775637, position=51347)
 INFO 02:56:16,907 Create new ColumnFamily: org.apache.cassandra.config.CFMetaData@737a5c01[cfId=473588ad-9c79-38be-8b59-e06c10456ba0,ksName=system_auth,cfName=users,cfType=Standard,comparator=org.apache.cassandra.db.marshal.CompositeType(org.apache.cassandra.db.marshal.UTF8Type),subcolumncomparator=<null>,comment=,readRepairChance=0.1,dclocalReadRepairChance=0.0,replicateOnWrite=true,gcGraceSeconds=7776000,defaultValidator=org.apache.cassandra.db.marshal.BytesType,keyValidator=org.apache.cassandra.db.marshal.UTF8Type,minCompactionThreshold=4,maxCompactionThreshold=32,keyAliases=[java.nio.HeapByteBuffer[pos=0 lim=4 cap=4]],columnAliases=[],valueAlias=<null>,column_metadata={java.nio.HeapByteBuffer[pos=0 lim=5 cap=5]=ColumnDefinition{name=7375706572, validator=org.apache.cassandra.db.marshal.BooleanType, index_type=null, index_name='null', component_index=0}},compactionStrategyClass=class org.apache.cassandra.db.compaction.SizeTieredCompactionStrategy,compactionStrategyOptions={},compressionOptions={sstable_compression=org.apache.cassandra.io.compress.SnappyCompressor},bloomFilterFpChance=0.01,caching=KEYS_ONLY,populateIoCacheOnFlush=false]
 INFO 02:56:16,935 Enqueuing flush of Memtable-schema_columnfamilies@966675144(1097/1097 serialized/live bytes, 20 ops)
 INFO 02:56:16,936 Writing Memtable-schema_columnfamilies@966675144(1097/1097 serialized/live bytes, 20 ops)
 INFO 02:56:16,968 Completed flushing /var/lib/cassandra/data/system/schema_columnfamilies/system-schema_columnfamilies-ib-2-Data.db (698 bytes) for commitlog position ReplayPosition(segmentId=1391165775637, position=53131)
 INFO 02:56:16,969 Enqueuing flush of Memtable-schema_columns@693034498(251/251 serialized/live bytes, 5 ops)
 INFO 02:56:16,970 Writing Memtable-schema_columns@693034498(251/251 serialized/live bytes, 5 ops)
 INFO 02:56:16,983 Completed flushing /var/lib/cassandra/data/system/schema_columns/system-schema_columns-ib-2-Data.db (209 bytes) for commitlog position ReplayPosition(segmentId=1391165775637, position=53131)
