xss =  -ea -javaagent:/home/mininet/apache-cassandra-1.2.4/bin/../lib/jamm-0.2.5.jar -XX:+UseThreadPriorities -XX:ThreadPriorityPolicy=42 -Xms1996M -Xmx1996M -Xmn100M -XX:+HeapDumpOnOutOfMemoryError -Xss256k
 INFO 10:48:12,140 Logging initialized
 INFO 10:48:12,156 JVM vendor/version: OpenJDK 64-Bit Server VM/1.7.0_51
 WARN 10:48:12,156 OpenJDK is not recommended. Please upgrade to the newest Oracle Java release
 INFO 10:48:12,157 Heap size: 2082471936/2082471936
 INFO 10:48:12,157 Classpath: /home/mininet/apache-cassandra-1.2.4/bin/../conf:/home/mininet/apache-cassandra-1.2.4/bin/../build/classes/main:/home/mininet/apache-cassandra-1.2.4/bin/../build/classes/thrift:/home/mininet/apache-cassandra-1.2.4/bin/../lib/antlr-3.2.jar:/home/mininet/apache-cassandra-1.2.4/bin/../lib/apache-cassandra-1.2.4.jar:/home/mininet/apache-cassandra-1.2.4/bin/../lib/apache-cassandra-clientutil-1.2.4.jar:/home/mininet/apache-cassandra-1.2.4/bin/../lib/apache-cassandra-thrift-1.2.4.jar:/home/mininet/apache-cassandra-1.2.4/bin/../lib/avro-1.4.0-fixes.jar:/home/mininet/apache-cassandra-1.2.4/bin/../lib/avro-1.4.0-sources-fixes.jar:/home/mininet/apache-cassandra-1.2.4/bin/../lib/commons-cli-1.1.jar:/home/mininet/apache-cassandra-1.2.4/bin/../lib/commons-codec-1.2.jar:/home/mininet/apache-cassandra-1.2.4/bin/../lib/commons-lang-2.6.jar:/home/mininet/apache-cassandra-1.2.4/bin/../lib/compress-lzf-0.8.4.jar:/home/mininet/apache-cassandra-1.2.4/bin/../lib/concurrentlinkedhashmap-lru-1.3.jar:/home/mininet/apache-cassandra-1.2.4/bin/../lib/guava-13.0.1.jar:/home/mininet/apache-cassandra-1.2.4/bin/../lib/high-scale-lib-1.1.2.jar:/home/mininet/apache-cassandra-1.2.4/bin/../lib/jackson-core-asl-1.9.2.jar:/home/mininet/apache-cassandra-1.2.4/bin/../lib/jackson-mapper-asl-1.9.2.jar:/home/mininet/apache-cassandra-1.2.4/bin/../lib/jamm-0.2.5.jar:/home/mininet/apache-cassandra-1.2.4/bin/../lib/jbcrypt-0.3m.jar:/home/mininet/apache-cassandra-1.2.4/bin/../lib/jline-1.0.jar:/home/mininet/apache-cassandra-1.2.4/bin/../lib/json-simple-1.1.jar:/home/mininet/apache-cassandra-1.2.4/bin/../lib/libthrift-0.7.0.jar:/home/mininet/apache-cassandra-1.2.4/bin/../lib/log4j-1.2.16.jar:/home/mininet/apache-cassandra-1.2.4/bin/../lib/lz4-1.1.0.jar:/home/mininet/apache-cassandra-1.2.4/bin/../lib/metrics-core-2.0.3.jar:/home/mininet/apache-cassandra-1.2.4/bin/../lib/netty-3.5.9.Final.jar:/home/mininet/apache-cassandra-1.2.4/bin/../lib/servlet-api-2.5-20081211.jar:/home/mininet/apache-cassandra-1.2.4/bin/../lib/slf4j-api-1.7.2.jar:/home/mininet/apache-cassandra-1.2.4/bin/../lib/slf4j-log4j12-1.7.2.jar:/home/mininet/apache-cassandra-1.2.4/bin/../lib/snakeyaml-1.6.jar:/home/mininet/apache-cassandra-1.2.4/bin/../lib/snappy-java-1.0.4.1.jar:/home/mininet/apache-cassandra-1.2.4/bin/../lib/snaptree-0.1.jar:/home/mininet/apache-cassandra-1.2.4/bin/../lib/jamm-0.2.5.jar
 INFO 10:48:12,160 JNA not found. Native methods will be disabled.
 INFO 10:48:12,170 Loading settings from file:/home/mininet/apache-cassandra-1.2.4/conf/cassandra.yaml
 INFO 10:48:12,613 Data files directories: [/var/lib/cassandra/data]
 INFO 10:48:12,613 Commit log directory: /var/lib/cassandra/commitlog
 INFO 10:48:12,614 DiskAccessMode 'auto' determined to be mmap, indexAccessMode is mmap
 INFO 10:48:12,614 disk_failure_policy is stop
 INFO 10:48:12,623 Global memtable threshold is enabled at 662MB
 INFO 10:48:12,760 Not using multi-threaded compaction
 INFO 10:48:13,214 Initializing key cache with capacity of 99 MBs.
 INFO 10:48:13,234 Scheduling key cache save to each 14400 seconds (going to save all keys).
 INFO 10:48:13,237 Initializing row cache with capacity of 0 MBs and provider org.apache.cassandra.cache.SerializingCacheProvider
 INFO 10:48:13,245 Scheduling row cache save to each 0 seconds (going to save all keys).
 INFO 10:48:13,627 Couldn't detect any schema definitions in local storage.
 INFO 10:48:13,628 To create keyspaces and column families, see 'help create keyspace' in the CLI, or set up a schema using the thrift system_* calls.
 INFO 10:48:13,710 No commitlog files found; skipping replay
 INFO 10:48:14,142 Cassandra version: 1.2.4
 INFO 10:48:14,145 Thrift API version: 19.35.0
 INFO 10:48:14,146 CQL supported versions: 2.0.0,3.0.1 (default: 3.0.1)
 INFO 10:48:14,177 Loading persisted ring state
 INFO 10:48:14,179 Starting up server gossip
 WARN 10:48:14,184 No host ID found, created 8e24c9cb-fd0d-4596-84a4-08e7af355670 (Note: This should happen exactly once per node).
 INFO 10:48:14,196 Enqueuing flush of Memtable-local@1156511567(361/361 serialized/live bytes, 15 ops)
 INFO 10:48:14,204 Writing Memtable-local@1156511567(361/361 serialized/live bytes, 15 ops)
 INFO 10:48:14,248 Completed flushing /var/lib/cassandra/data/system/local/system-local-ib-1-Data.db (351 bytes) for commitlog position ReplayPosition(segmentId=1401472093606, position=50656)
 INFO 10:48:14,325 Starting Messaging Service on port 7000
 INFO 10:48:14,373 Enqueuing flush of Memtable-local@1622940842(86/86 serialized/live bytes, 4 ops)
 INFO 10:48:14,374 Writing Memtable-local@1622940842(86/86 serialized/live bytes, 4 ops)
 INFO 10:48:14,389 Completed flushing /var/lib/cassandra/data/system/local/system-local-ib-2-Data.db (122 bytes) for commitlog position ReplayPosition(segmentId=1401472093606, position=50933)
 INFO 10:48:14,391 JOINING: waiting for ring information
 INFO 10:48:16,331 Node /192.168.56.11 is now part of the cluster
 INFO 10:48:16,332 InetAddress /192.168.56.11 is now UP
 INFO 10:48:16,360 Enqueuing flush of Memtable-peers@1163541184(202/202 serialized/live bytes, 12 ops)
 INFO 10:48:16,361 Writing Memtable-peers@1163541184(202/202 serialized/live bytes, 12 ops)
 INFO 10:48:16,395 Completed flushing /var/lib/cassandra/data/system/peers/system-peers-ib-1-Data.db (254 bytes) for commitlog position ReplayPosition(segmentId=1401472093606, position=51758)
 INFO 10:48:16,406 Enqueuing flush of Memtable-schema_keyspaces@203568414(389/389 serialized/live bytes, 11 ops)
 INFO 10:48:16,407 Writing Memtable-schema_keyspaces@203568414(389/389 serialized/live bytes, 11 ops)
 INFO 10:48:16,421 Completed flushing /var/lib/cassandra/data/system/schema_keyspaces/system-schema_keyspaces-ib-1-Data.db (264 bytes) for commitlog position ReplayPosition(segmentId=1401472093606, position=53730)
 INFO 10:48:16,425 Enqueuing flush of Memtable-schema_columnfamilies@1183600113(23066/23066 serialized/live bytes, 379 ops)
 INFO 10:48:16,426 Writing Memtable-schema_columnfamilies@1183600113(23066/23066 serialized/live bytes, 379 ops)
 INFO 10:48:16,452 Completed flushing /var/lib/cassandra/data/system/schema_columnfamilies/system-schema_columnfamilies-ib-1-Data.db (4846 bytes) for commitlog position ReplayPosition(segmentId=1401472093606, position=53730)
 INFO 10:48:16,453 Enqueuing flush of Memtable-schema_columns@867027876(22154/22154 serialized/live bytes, 337 ops)
 INFO 10:48:16,454 Writing Memtable-schema_columns@867027876(22154/22154 serialized/live bytes, 337 ops)
 INFO 10:48:16,483 Completed flushing /var/lib/cassandra/data/system/schema_columns/system-schema_columns-ib-1-Data.db (3898 bytes) for commitlog position ReplayPosition(segmentId=1401472093606, position=53730)
 INFO 10:48:17,392 JOINING: schema complete, ready to bootstrap
 INFO 10:48:17,394 JOINING: getting bootstrap token
 INFO 10:48:17,401 Enqueuing flush of Memtable-local@2033952918(73/73 serialized/live bytes, 4 ops)
 INFO 10:48:17,402 Writing Memtable-local@2033952918(73/73 serialized/live bytes, 4 ops)
 INFO 10:48:17,428 Completed flushing /var/lib/cassandra/data/system/local/system-local-ib-3-Data.db (136 bytes) for commitlog position ReplayPosition(segmentId=1401472093606, position=54028)
 INFO 10:48:17,446 JOINING: sleeping 30000 ms for pending range setup
 INFO 10:48:47,447 JOINING: Starting to bootstrap...
 INFO 10:48:47,516 Finished streaming session a6b46860-e822-11e3-afcd-c1b7d013ecd2 from /192.168.56.11
 INFO 10:48:47,519 Bootstrap completed! for the tokens [0]
 INFO 10:48:47,522 Enqueuing flush of Memtable-local@318038292(43/43 serialized/live bytes, 2 ops)
 INFO 10:48:47,522 Writing Memtable-local@318038292(43/43 serialized/live bytes, 2 ops)
 INFO 10:48:47,538 Completed flushing /var/lib/cassandra/data/system/local/system-local-ib-4-Data.db (75 bytes) for commitlog position ReplayPosition(segmentId=1401472093606, position=54161)
 INFO 10:48:47,546 Enqueuing flush of Memtable-local@471437253(32/32 serialized/live bytes, 2 ops)
 INFO 10:48:47,547 Writing Memtable-local@471437253(32/32 serialized/live bytes, 2 ops)
 INFO 10:48:47,552 Compacting [SSTableReader(path='/var/lib/cassandra/data/system/local/system-local-ib-4-Data.db'), SSTableReader(path='/var/lib/cassandra/data/system/local/system-local-ib-2-Data.db'), SSTableReader(path='/var/lib/cassandra/data/system/local/system-local-ib-1-Data.db'), SSTableReader(path='/var/lib/cassandra/data/system/local/system-local-ib-3-Data.db')]
 INFO 10:48:47,564 Completed flushing /var/lib/cassandra/data/system/local/system-local-ib-5-Data.db (91 bytes) for commitlog position ReplayPosition(segmentId=1401472093606, position=54317)
 INFO 10:48:47,576 Node /192.168.56.12 state jump to normal
 INFO 10:48:47,577 Startup completed! Now serving reads.
 INFO 10:48:47,613 Compacted 4 sstables to [/var/lib/cassandra/data/system/local/system-local-ib-6,].  684 bytes to 412 (~60% of original) in 59ms = 0.006660MB/s.  4 total rows, 1 unique.  Row merge counts were {1:0, 2:0, 3:0, 4:1, }
