INFO:Controller: =====> Starting POX Controller <===== 
[1;36mStarting POX controller c1[1;m
INFO:Controller:Launching controller c1: ./pox.py --verbose openflow.discovery forwarding.l2_multi_synthetic_link_failure_crash sts.util.socket_mux.pox_monkeypatcher openflow.of_01 --address=127.0.0.1 --port=6633
INFO:simulation:Launched controller c1: ./pox.py --verbose openflow.discovery forwarding.l2_multi_synthetic_link_failure_crash sts.util.socket_mux.pox_monkeypatcher openflow.of_01 --address=127.0.0.1 --port=6633 [PID 23046]
INFO:simulation:Creating topology...
connect_socket_with_backoff ('127.0.0.1', 6633)
Error connecting.  -- [Errno 111] Connection refused. Backing off 1 seconds ...
[1;33m[c1] POX 0.0.0 / Copyright 2011 James McCauley[1;m

[1;41m[1;33m[c1] DEBUG:core:POX 0.0.0 going up...[1;m

[1;41m[1;33m[c1] DEBUG:core:Running on CPython (2.7.3/Sep 26 2013 20:03:06)[1;m

[1;41m[1;33m[c1] INFO:core:POX 0.0.0 is up.[1;m

[1;41m[1;33m[c1] DEBUG:openflow.of_01:Listening for connections on ('127.0.0.1', 6633)[1;m

connect_socket_with_backoff ('127.0.0.1', 6633)[1;33m[c1] Incoming true socket connected[1;m


connect_socket_with_backoff ('127.0.0.1', 6633)[1;33m[c1] Incoming MockSocket connection [u'127.0.0.1', 37121][1;m


connect_socket_with_backoff ('127.0.0.1', 6633)
[1;33m[c1] Incoming MockSocket connection [u'127.0.0.1', 37121][1;m

INFO:control_flow:Waiting until first OpenFlow message received..
[1;33m[c1] Incoming MockSocket connection [u'127.0.0.1', 37121][1;m
[1;36mRound 1 completed.[1;m

[1;36mMigrating host host:[IPAddr('123.123.2.3')] (2), New switch 1, New port 4[1;m
INFO:host:[IPAddr('123.123.2.3')]:sending packet on interface eth2: [12:34:56:78:02:03>12:34:56:78:02:03:IP]|([v:4hl:5l:20t:64]ICMP cs:0[123.123.2.3>123.123.2.3]){t:ECHO_REPLY c:0 chk:0}PingPingPingPingPingPingPingPingPingPingPingPing
[1;36mMigrating host host:[IPAddr('123.123.1.3')] (1), New switch 2, New port 4[1;m
INFO:host:[IPAddr('123.123.1.3')]:sending packet on interface eth1: [12:34:56:78:01:03>12:34:56:78:01:03:IP]|([v:4hl:5l:20t:64]ICMP cs:0[123.123.1.3>123.123.1.3]){t:ECHO_REQUEST c:0 chk:0}PingPingPingPingPingPingPingPingPingPingPingPing
[1;36mRound 2 completed.[1;m
[1;36mForwarding dataplane event[1;m
[1;36mForwarding dataplane event[1;m
[1;36mRound 3 completed.[1;m
[1;41m[1;33m[c1] INFO:openflow.of_01:of_01 [Con 3/3] Connected to 00-00-00-00-00-03[1;m

[1;41m[1;33m[c1] DEBUG:forwarding.l2_multi_synthetic_link_failure_crash:Connect [Con 3/3][1;m

[1;41m[1;33m[c1] DEBUG:openflow.discovery:Installing flow for 00-00-00-00-00-03[1;m

[1;36mRound 4 completed.[1;m
[1;41m[1;33m[c1] INFO:openflow.of_01:of_01 [Con 2/2] Connected to 00-00-00-00-00-02[1;m

[1;41m[1;33m[c1] DEBUG:forwarding.l2_multi_synthetic_link_failure_crash:Connect [Con 2/2][1;m

[1;41m[1;33m[c1] DEBUG:openflow.discovery:Installing flow for 00-00-00-00-00-02[1;m

[1;41m[1;33m[c1] INFO:openflow.of_01:of_01 [Con 1/1] Connected to 00-00-00-00-00-01[1;m

[1;41m[1;33m[c1] DEBUG:forwarding.l2_multi_synthetic_link_failure_crash:Connect [Con 1/1][1;m

[1;41m[1;33m[c1] DEBUG:openflow.discovery:Installing flow for 00-00-00-00-00-01[1;m

[1;42m[1;37mNo correctness violations![1;m
[1;36mRound 5 completed.[1;m
[1;36mCrashing software_switch SoftwareSwitch(dpid=2, num_ports=4)[1;m
[1;36mRound 6 completed.[1;m
[1;36mInjecting a random packet[1;m
INFO:host:[IPAddr('123.123.2.3')]:sending packet on interface eth2: [12:34:56:78:02:03>12:34:56:78:03:03:IP]|([v:4hl:5l:20t:64]ICMP cs:0[123.123.2.3>123.123.3.3]){t:ECHO_REPLY c:0 chk:0}PingPingPingPingPingPingPingPingPingPingPingPing
[1;36mRound 7 completed.[1;m
[1;36mForwarding dataplane event[1;m
[1;36mRound 8 completed.[1;m
[1;41m[1;33m[c1] DEBUG:forwarding.l2_multi_synthetic_link_failure_crash:Learned 12:34:56:78:02:03 at 00-00-00-00-00-01.4[1;m

[1;41m[1;33m[c1] DEBUG:forwarding.l2_multi_synthetic_link_failure_crash:12:34:56:78:03:03 unknown -- flooding[1;m

WARNING:FuzzSoftwareSwitch(1):Port 3 is currently down. Dropping packet
[1;36mRound 9 completed.[1;m
[1;36mDropping dataplane event[1;m
[1;36mForwarding dataplane event[1;m
WARNING:FuzzSoftwareSwitch(2):Currently down. Dropping send()
[1;36mForwarding dataplane event[1;m
[1;42m[1;37mNo correctness violations![1;m
[1;36mRound 10 completed.[1;m
[1;41m[1;33m[c1] DEBUG:forwarding.l2_multi_synthetic_link_failure_crash:12:34:56:78:02:03 moved from 00-00-00-00-00-01.4 to 00-00-00-00-00-03.2?[1;m

[1;41m[1;33m[c1] DEBUG:forwarding.l2_multi_synthetic_link_failure_crash:Learned 12:34:56:78:02:03 at 00-00-00-00-00-03.2[1;m

[1;41m[1;33m[c1] DEBUG:forwarding.l2_multi_synthetic_link_failure_crash:12:34:56:78:03:03 unknown -- flooding[1;m

[1;36mForwarding dataplane event[1;m
WARNING:FuzzSoftwareSwitch(2):Currently down. Dropping send()
[1;36mRound 11 completed.[1;m
[1;36mForwarding dataplane event[1;m
WARNING:FuzzSoftwareSwitch(2):Currently down. Dropping send()
[1;36mForwarding dataplane event[1;m
INFO:host:[IPAddr('123.123.3.3')]:Recieved packet [12:34:56:78:02:03>12:34:56:78:03:03:IP]|([v:4hl:5l:72t:64]ICMP cs:f839[123.123.2.3>123.123.3.3]){t:ECHO_REPLY c:0 chk:e37}PingPingPingPingPingPingPingPingPingPingPingPing on interface eth3
[1;36mCutting link (3:1) -> (2:1)[1;m
[1;36mMigrating host host:[IPAddr('123.123.1.3')] (1), New switch 1, New port 5[1;m
WARNING:FuzzSoftwareSwitch(2):Currently down. Dropping send()
INFO:host:[IPAddr('123.123.1.3')]:sending packet on interface eth1: [12:34:56:78:01:03>12:34:56:78:01:03:IP]|([v:4hl:5l:20t:64]ICMP cs:0[123.123.1.3>123.123.1.3]){t:ECHO_REQUEST c:0 chk:0}PingPingPingPingPingPingPingPingPingPingPingPing
[1;36mRound 12 completed.[1;m
[1;36mForwarding dataplane event[1;m
[1;36mRound 13 completed.[1;m
[1;41m[1;33m[c1] DEBUG:forwarding.l2_multi_synthetic_link_failure_crash:Learned 12:34:56:78:01:03 at 00-00-00-00-00-01.5[1;m

[1;41m[1;33m[c1] DEBUG:forwarding.l2_multi_synthetic_link_failure_crash:Installing path for 12:34:56:78:01:03 -> 12:34:56:78:01:03 0800 (1 hops)[1;m

WARNING:FuzzSoftwareSwitch(1):out_port 5 == in_port. Dropping
[1;36mRound 14 completed.[1;m
[1;42m[1;37mNo correctness violations![1;m
[1;36mRound 15 completed.[1;m
[1;36mRound 16 completed.[1;m
[1;36mRound 17 completed.[1;m
[1;36mInjecting a random packet[1;m
INFO:host:[IPAddr('123.123.2.3')]:sending packet on interface eth2: [12:34:56:78:02:03>12:34:56:78:03:03:IP]|([v:4hl:5l:20t:64]ICMP cs:0[123.123.2.3>123.123.3.3]){t:ECHO_REPLY c:0 chk:0}PingPingPingPingPingPingPingPingPingPingPingPing
[1;36mRound 18 completed.[1;m
[1;36mForwarding dataplane event[1;m
[1;36mRound 19 completed.[1;m
[1;41m[1;33m[c1] DEBUG:forwarding.l2_multi_synthetic_link_failure_crash:12:34:56:78:02:03 moved from 00-00-00-00-00-03.2 to 00-00-00-00-00-01.4?[1;m

[1;41m[1;33m[c1] DEBUG:forwarding.l2_multi_synthetic_link_failure_crash:Learned 12:34:56:78:02:03 at 00-00-00-00-00-01.4[1;m

[1;41m[1;33m[c1] DEBUG:forwarding.l2_multi_synthetic_link_failure_crash:12:34:56:78:03:03 unknown -- flooding[1;m

[1;36mForwarding dataplane event[1;m
WARNING:FuzzSoftwareSwitch(1):Port 3 is currently down. Dropping packet
[1;42m[1;37mNo correctness violations![1;m
[1;36mRound 20 completed.[1;m
[1;41m[1;33m[c1] INFO:openflow.discovery:link detected: 00-00-00-00-00-03.2 -> 00-00-00-00-00-01.1[1;m

[1;36mForwarding dataplane event[1;m
INFO:host:[IPAddr('123.123.1.3')]:Recieved packet [12:34:56:78:02:03>12:34:56:78:03:03:IP]|([v:4hl:5l:72t:64]ICMP cs:f834[123.123.2.3>123.123.3.3]){t:ECHO_REPLY c:0 chk:e37}PingPingPingPingPingPingPingPingPingPingPingPing on interface eth1
[1;36mForwarding dataplane event[1;m
WARNING:FuzzSoftwareSwitch(2):Currently down. Dropping send()
[1;36mDropping dataplane event[1;m
[1;36mForwarding dataplane event[1;m
[1;36mRound 21 completed.[1;m
[1;41m[1;33m[c1] DEBUG:forwarding.l2_multi_synthetic_link_failure_crash:12:34:56:78:02:03 moved from 00-00-00-00-00-01.4 to 00-00-00-00-00-03.2?[1;m

[1;41m[1;33m[c1] DEBUG:forwarding.l2_multi_synthetic_link_failure_crash:Learned 12:34:56:78:02:03 at 00-00-00-00-00-03.2[1;m

[1;41m[1;33m[c1] DEBUG:forwarding.l2_multi_synthetic_link_failure_crash:12:34:56:78:03:03 unknown -- flooding[1;m

WARNING:FuzzSoftwareSwitch(3):Port 1 is currently down. Dropping packet
[1;36mRound 22 completed.[1;m
[1;36mDropping dataplane event[1;m
[1;36mForwarding dataplane event[1;m
INFO:host:[IPAddr('123.123.3.3')]:Recieved packet [12:34:56:78:02:03>12:34:56:78:03:03:IP]|([v:4hl:5l:72t:64]ICMP cs:f834[123.123.2.3>123.123.3.3]){t:ECHO_REPLY c:0 chk:e37}PingPingPingPingPingPingPingPingPingPingPingPing on interface eth3
[1;36mRound 23 completed.[1;m
[1;36mRound 24 completed.[1;m
[1;42m[1;37mNo correctness violations![1;m
[1;36mRound 25 completed.[1;m
[1;36mForwarding dataplane event[1;m
INFO:host:[IPAddr('123.123.3.3')]:Recieved packet [00:00:00:00:03:03>01:23:20:00:00:01:LLDP]|<chasis ID:64:70:69:64:3a:33><port ID:33><ttl:120><pox.lib.packet.lldp.system_description object at 0x2480910><tlv end> on interface eth3
[1;36mInjecting a random packet[1;m
INFO:host:[IPAddr('123.123.1.3')]:sending packet on interface eth1: [12:34:56:78:01:03>12:34:56:78:02:03:IP]|([v:4hl:5l:20t:64]ICMP cs:0[123.123.1.3>123.123.2.3]){t:ECHO_REPLY c:0 chk:0}PingPingPingPingPingPingPingPingPingPingPingPing
[1;36mRound 26 completed.[1;m
[1;36mForwarding dataplane event[1;m
[1;36mInjecting a random packet[1;m
INFO:host:[IPAddr('123.123.3.3')]:sending packet on interface eth3: [12:34:56:78:03:03>12:34:56:78:02:03:IP]|([v:4hl:5l:20t:64]ICMP cs:0[123.123.3.3>123.123.2.3]){t:ECHO_REPLY c:0 chk:0}PingPingPingPingPingPingPingPingPingPingPingPing
[1;36mRound 27 completed.[1;m
[1;41m[1;33m[c1] WARNING:forwarding.l2_multi_synthetic_link_failure_crash:Can't get from 12:34:56:78:01:03 to 12:34:56:78:02:03[1;m

[1;41m[1;33m[c1] DEBUG:forwarding.l2_multi_synthetic_link_failure_crash:Dest unreachable (12:34:56:78:01:03 -> 12:34:56:78:02:03)[1;m

[1;36mForwarding dataplane event[1;m
[1;36mCutting link (1:2) -> (2:2)[1;m
[1;36mRound 28 completed.[1;m
[1;41m[1;33m[c1] DEBUG:forwarding.l2_multi_synthetic_link_failure_crash:Learned 12:34:56:78:03:03 at 00-00-00-00-00-03.3[1;m

[1;41m[1;33m[c1] DEBUG:forwarding.l2_multi_synthetic_link_failure_crash:Installing path for 12:34:56:78:03:03 -> 12:34:56:78:02:03 0800 (1 hops)[1;m

[1;36mForwarding dataplane event[1;m
INFO:host:[IPAddr('123.123.1.3')]:Recieved packet [00:00:00:00:00:01>12:34:56:78:01:03:IP]|([v:4hl:5l:56t:64]ICMP cs:fa3f[123.123.2.3>123.123.1.3]){t:DEST_UNREACH c:1 chk:2ff7}{m:0}([v:4hl:5l:72t:64]ICMP cs:fa31[123.123.1.3>123.123.2.3]){t:ECHO_REPLY c:0 chk:e37}{id:20585 seq:28263} on interface eth1
[1;36mRebooting software_switch SoftwareSwitch(dpid=2, num_ports=4)[1;m
connect_socket_with_backoff ('127.0.0.1', 6633)
Error connecting.  -- [Errno 111] Connection refused. Backing off 1 seconds ...
Error connecting.  -- [Errno 111] Connection refused. Backing off 2 seconds ...
WARNING:control_flow:Unable to connect to controllers
[1;36mMigrating host host:[IPAddr('123.123.3.3')] (3), New switch 3, New port 4[1;m
INFO:host:[IPAddr('123.123.3.3')]:sending packet on interface eth3: [12:34:56:78:03:03>12:34:56:78:03:03:IP]|([v:4hl:5l:20t:64]ICMP cs:0[123.123.3.3>123.123.3.3]){t:ECHO_REQUEST c:0 chk:0}PingPingPingPingPingPingPingPingPingPingPingPing
[1;36mRound 29 completed.[1;m
[1;36mForwarding dataplane event[1;m
[1;36mForwarding dataplane event[1;m
[1;42m[1;37mNo correctness violations![1;m
[1;36mRound 30 completed.[1;m
[1;41m[1;33m[c1] DEBUG:forwarding.l2_multi_synthetic_link_failure_crash:12:34:56:78:03:03 moved from 00-00-00-00-00-03.3 to 00-00-00-00-00-03.4?[1;m

[1;41m[1;33m[c1] DEBUG:forwarding.l2_multi_synthetic_link_failure_crash:Learned 12:34:56:78:03:03 at 00-00-00-00-00-03.4[1;m

[1;41m[1;33m[c1] DEBUG:forwarding.l2_multi_synthetic_link_failure_crash:Installing path for 12:34:56:78:03:03 -> 12:34:56:78:03:03 0800 (1 hops)[1;m

[1;41m[1;33m[c1] DEBUG:forwarding.l2_multi_synthetic_link_failure_crash:12:34:56:78:03:03 moved from 00-00-00-00-00-03.4 to 00-00-00-00-00-01.1?[1;m

[1;41m[1;33m[c1] DEBUG:forwarding.l2_multi_synthetic_link_failure_crash:Learned 12:34:56:78:03:03 at 00-00-00-00-00-01.1[1;m

[1;41m[1;33m[c1] WARNING:forwarding.l2_multi_synthetic_link_failure_crash:Can't get from 12:34:56:78:03:03 to 12:34:56:78:02:03[1;m

[1;41m[1;33m[c1] DEBUG:forwarding.l2_multi_synthetic_link_failure_crash:Dest unreachable (12:34:56:78:03:03 -> 12:34:56:78:02:03)[1;m

WARNING:FuzzSoftwareSwitch(3):out_port 4 == in_port. Dropping
[1;36mRound 31 completed.[1;m
[1;36mForwarding dataplane event[1;m
[1;36mRound 32 completed.[1;m
[1;41m[1;33m[c1] DEBUG:forwarding.l2_multi_synthetic_link_failure_crash:Learned 00:00:00:00:00:01 at 00-00-00-00-00-03.2[1;m

[1;41m[1;33m[c1] WARNING:forwarding.l2_multi_synthetic_link_failure_crash:Can't get from 00:00:00:00:00:01 to 12:34:56:78:03:03[1;m

[1;41m[1;33m[c1] DEBUG:forwarding.l2_multi_synthetic_link_failure_crash:Dest unreachable (00:00:00:00:00:01 -> 12:34:56:78:03:03)[1;m

[1;36mRound 33 completed.[1;m
[1;36mForwarding dataplane event[1;m
[1;36mInjecting a random packet[1;m
INFO:host:[IPAddr('123.123.2.3')]:sending packet on interface eth2: [12:34:56:78:02:03>12:34:56:78:01:03:IP]|([v:4hl:5l:20t:64]ICMP cs:0[123.123.2.3>123.123.1.3]){t:ECHO_REPLY c:0 chk:0}PingPingPingPingPingPingPingPingPingPingPingPing
[1;36mRound 34 completed.[1;m
[1;41m[1;33m[c1] DEBUG:forwarding.l2_multi_synthetic_link_failure_crash:Learned 00:00:00:00:00:03 at 00-00-00-00-00-01.1[1;m

[1;41m[1;33m[c1] WARNING:forwarding.l2_multi_synthetic_link_failure_crash:Can't get from 00:00:00:00:00:03 to 00:00:00:00:00:01[1;m

[1;41m[1;33m[c1] DEBUG:forwarding.l2_multi_synthetic_link_failure_crash:Dest unreachable (00:00:00:00:00:03 -> 00:00:00:00:00:01)[1;m

[1;36mForwarding dataplane event[1;m
[1;42m[1;37mNo correctness violations![1;m
[1;36mRound 35 completed.[1;m
[1;41m[1;33m[c1] DEBUG:forwarding.l2_multi_synthetic_link_failure_crash:12:34:56:78:02:03 moved from 00-00-00-00-00-03.2 to 00-00-00-00-00-01.4?[1;m

[1;41m[1;33m[c1] DEBUG:forwarding.l2_multi_synthetic_link_failure_crash:Learned 12:34:56:78:02:03 at 00-00-00-00-00-01.4[1;m

[1;41m[1;33m[c1] DEBUG:forwarding.l2_multi_synthetic_link_failure_crash:Installing path for 12:34:56:78:02:03 -> 12:34:56:78:01:03 0800 (1 hops)[1;m

[1;36mForwarding dataplane event[1;m
[1;36mRound 36 completed.[1;m
[1;41m[1;33m[c1] WARNING:forwarding.l2_multi_synthetic_link_failure_crash:Can't get from 00:00:00:00:00:01 to 00:00:00:00:00:03[1;m

[1;41m[1;33m[c1] DEBUG:forwarding.l2_multi_synthetic_link_failure_crash:Dest unreachable (00:00:00:00:00:01 -> 00:00:00:00:00:03)[1;m

[1;36mForwarding dataplane event[1;m
INFO:host:[IPAddr('123.123.1.3')]:Recieved packet [12:34:56:78:02:03>12:34:56:78:01:03:IP]|([v:4hl:5l:72t:64]ICMP cs:fa1a[123.123.2.3>123.123.1.3]){t:ECHO_REPLY c:0 chk:e37}PingPingPingPingPingPingPingPingPingPingPingPing on interface eth1
[1;36mRound 37 completed.[1;m
[1;36mForwarding dataplane event[1;m
[1;36mRound 38 completed.[1;m
[1;41m[1;33m[c1] WARNING:forwarding.l2_multi_synthetic_link_failure_crash:Can't get from 00:00:00:00:00:03 to 00:00:00:00:00:01[1;m

[1;41m[1;33m[c1] DEBUG:forwarding.l2_multi_synthetic_link_failure_crash:Dest unreachable (00:00:00:00:00:03 -> 00:00:00:00:00:01)[1;m

[1;36mRound 39 completed.[1;m
[1;36mForwarding dataplane event[1;m
[1;42m[1;37mNo correctness violations![1;m
[1;36mRound 40 completed.[1;m
[1;41m[1;33m[c1] WARNING:forwarding.l2_multi_synthetic_link_failure_crash:Can't get from 00:00:00:00:00:01 to 00:00:00:00:00:03[1;m

[1;41m[1;33m[c1] DEBUG:forwarding.l2_multi_synthetic_link_failure_crash:Dest unreachable (00:00:00:00:00:01 -> 00:00:00:00:00:03)[1;m

[1;36mInjecting a random packet[1;m
INFO:host:[IPAddr('123.123.1.3')]:sending packet on interface eth1: [12:34:56:78:01:03>12:34:56:78:03:03:IP]|([v:4hl:5l:20t:64]ICMP cs:0[123.123.1.3>123.123.3.3]){t:ECHO_REPLY c:0 chk:0}PingPingPingPingPingPingPingPingPingPingPingPing
[1;36mRound 41 completed.[1;m
[1;36mForwarding dataplane event[1;m
[1;36mForwarding dataplane event[1;m
[1;36mRound 42 completed.[1;m
[1;41m[1;33m[c1] WARNING:forwarding.l2_multi_synthetic_link_failure_crash:Can't get from 00:00:00:00:00:03 to 00:00:00:00:00:01[1;m

[1;41m[1;33m[c1] DEBUG:forwarding.l2_multi_synthetic_link_failure_crash:Dest unreachable (00:00:00:00:00:03 -> 00:00:00:00:00:01)[1;m

[1;41m[1;33m[c1] DEBUG:forwarding.l2_multi_synthetic_link_failure_crash:Installing path for 12:34:56:78:01:03 -> 12:34:56:78:03:03 0800 (1 hops)[1;m

[1;36mInjecting a random packet[1;m
INFO:host:[IPAddr('123.123.2.3')]:sending packet on interface eth2: [12:34:56:78:02:03>12:34:56:78:03:03:IP]|([v:4hl:5l:20t:64]ICMP cs:0[123.123.2.3>123.123.3.3]){t:ECHO_REQUEST c:0 chk:0}PingPingPingPingPingPingPingPingPingPingPingPing
[1;36mInjecting a random packet[1;m
INFO:host:[IPAddr('123.123.3.3')]:sending packet on interface eth3: [12:34:56:78:03:03>12:34:56:78:02:03:IP]|([v:4hl:5l:20t:64]ICMP cs:0[123.123.3.3>123.123.2.3]){t:ECHO_REPLY c:0 chk:0}PingPingPingPingPingPingPingPingPingPingPingPing
[1;36mRound 43 completed.[1;m
[1;36mForwarding dataplane event[1;m
[1;36mForwarding dataplane event[1;m
[1;36mForwarding dataplane event[1;m
[1;36mForwarding dataplane event[1;m
[1;36mRound 44 completed.[1;m
[1;41m[1;33m[c1] WARNING:forwarding.l2_multi_synthetic_link_failure_crash:Can't get from 00:00:00:00:00:01 to 00:00:00:00:00:03[1;m

[1;41m[1;33m[c1] DEBUG:forwarding.l2_multi_synthetic_link_failure_crash:Dest unreachable (00:00:00:00:00:01 -> 00:00:00:00:00:03)[1;m

[1;41m[1;33m[c1] DEBUG:forwarding.l2_multi_synthetic_link_failure_crash:12:34:56:78:01:03 moved from 00-00-00-00-00-01.5 to 00-00-00-00-00-03.2?[1;m

[1;41m[1;33m[c1] DEBUG:forwarding.l2_multi_synthetic_link_failure_crash:Learned 12:34:56:78:01:03 at 00-00-00-00-00-03.2[1;m

[1;41m[1;33m[c1] WARNING:forwarding.l2_multi_synthetic_link_failure_crash:Can't get from 12:34:56:78:01:03 to 12:34:56:78:03:03[1;m

[1;41m[1;33m[c1] DEBUG:forwarding.l2_multi_synthetic_link_failure_crash:Dest unreachable (12:34:56:78:01:03 -> 12:34:56:78:03:03)[1;m

[1;41m[1;33m[c1] DEBUG:forwarding.l2_multi_synthetic_link_failure_crash:Installing path for 12:34:56:78:02:03 -> 12:34:56:78:03:03 0800 (1 hops)[1;m

[1;36mForwarding dataplane event[1;m
[1;42m[1;37mNo correctness violations![1;m
[1;36mRound 45 completed.[1;m
[1;41m[1;33m[c1] DEBUG:forwarding.l2_multi_synthetic_link_failure_crash:Installing path for 12:34:56:78:03:03 -> 12:34:56:78:02:03 0800 (1 hops)[1;m

[1;36mForwarding dataplane event[1;m
[1;36mForwarding dataplane event[1;m
[1;36mForwarding dataplane event[1;m
[1;36mMigrating host host:[IPAddr('123.123.2.3')] (2), New switch 3, New port 5[1;m
INFO:host:[IPAddr('123.123.2.3')]:sending packet on interface eth2: [12:34:56:78:02:03>12:34:56:78:02:03:IP]|([v:4hl:5l:20t:64]ICMP cs:0[123.123.2.3>123.123.2.3]){t:ECHO_REPLY c:0 chk:0}PingPingPingPingPingPingPingPingPingPingPingPing
[1;36mRound 46 completed.[1;m
[1;41m[1;33m[c1] DEBUG:forwarding.l2_multi_synthetic_link_failure_crash:12:34:56:78:02:03 moved from 00-00-00-00-00-01.4 to 00-00-00-00-00-03.2?[1;m

[1;41m[1;33m[c1] DEBUG:forwarding.l2_multi_synthetic_link_failure_crash:Learned 12:34:56:78:02:03 at 00-00-00-00-00-03.2[1;m

[1;41m[1;33m[c1] WARNING:forwarding.l2_multi_synthetic_link_failure_crash:Can't get from 12:34:56:78:02:03 to 12:34:56:78:03:03[1;m

[1;41m[1;33m[c1] DEBUG:forwarding.l2_multi_synthetic_link_failure_crash:Dest unreachable (12:34:56:78:02:03 -> 12:34:56:78:03:03)[1;m

[1;41m[1;33m[c1] WARNING:forwarding.l2_multi_synthetic_link_failure_crash:Can't get from 00:00:00:00:00:03 to 12:34:56:78:01:03[1;m

[1;41m[1;33m[c1] DEBUG:forwarding.l2_multi_synthetic_link_failure_crash:Dest unreachable (00:00:00:00:00:03 -> 12:34:56:78:01:03)[1;m

[1;41m[1;33m[c1] WARNING:forwarding.l2_multi_synthetic_link_failure_crash:Can't get from 00:00:00:00:00:03 to 00:00:00:00:00:01[1;m

[1;41m[1;33m[c1] DEBUG:forwarding.l2_multi_synthetic_link_failure_crash:Dest unreachable (00:00:00:00:00:03 -> 00:00:00:00:00:01)[1;m

[1;36mDropping dataplane event[1;m
[1;36mForwarding dataplane event[1;m
[1;36mRound 47 completed.[1;m
[1;41m[1;33m[c1] DEBUG:forwarding.l2_multi_synthetic_link_failure_crash:12:34:56:78:02:03 moved from 00-00-00-00-00-03.2 to 00-00-00-00-00-03.5?[1;m

[1;41m[1;33m[c1] DEBUG:forwarding.l2_multi_synthetic_link_failure_crash:Learned 12:34:56:78:02:03 at 00-00-00-00-00-03.5[1;m

[1;41m[1;33m[c1] DEBUG:forwarding.l2_multi_synthetic_link_failure_crash:Installing path for 12:34:56:78:02:03 -> 12:34:56:78:02:03 0800 (1 hops)[1;m

[1;36mForwarding dataplane event[1;m
[1;36mForwarding dataplane event[1;m
[1;36mForwarding dataplane event[1;m
WARNING:FuzzSoftwareSwitch(3):out_port 5 == in_port. Dropping
[1;36mRound 48 completed.[1;m
[1;41m[1;33m[c1] WARNING:forwarding.l2_multi_synthetic_link_failure_crash:Can't get from 00:00:00:00:00:01 to 00:00:00:00:00:03[1;m

[1;41m[1;33m[c1] DEBUG:forwarding.l2_multi_synthetic_link_failure_crash:Dest unreachable (00:00:00:00:00:01 -> 00:00:00:00:00:03)[1;m

[1;41m[1;33m[c1] WARNING:forwarding.l2_multi_synthetic_link_failure_crash:Can't get from 00:00:00:00:00:01 to 00:00:00:00:00:03[1;m

[1;41m[1;33m[c1] DEBUG:forwarding.l2_multi_synthetic_link_failure_crash:Dest unreachable (00:00:00:00:00:01 -> 00:00:00:00:00:03)[1;m

[1;41m[1;33m[c1] WARNING:forwarding.l2_multi_synthetic_link_failure_crash:Can't get from 00:00:00:00:00:03 to 12:34:56:78:02:03[1;m

[1;41m[1;33m[c1] DEBUG:forwarding.l2_multi_synthetic_link_failure_crash:Dest unreachable (00:00:00:00:00:03 -> 12:34:56:78:02:03)[1;m

[1;36mRound 49 completed.[1;m
[1;36mForwarding dataplane event[1;m
[1;36mForwarding dataplane event[1;m
[1;36mForwarding dataplane event[1;m
[1;42m[1;37mNo correctness violations![1;m
[1;36mRound 50 completed.[1;m
[1;41m[1;33m[c1] WARNING:forwarding.l2_multi_synthetic_link_failure_crash:Can't get from 00:00:00:00:00:01 to 00:00:00:00:00:03[1;m

[1;41m[1;33m[c1] DEBUG:forwarding.l2_multi_synthetic_link_failure_crash:Dest unreachable (00:00:00:00:00:01 -> 00:00:00:00:00:03)[1;m

[1;41m[1;33m[c1] WARNING:forwarding.l2_multi_synthetic_link_failure_crash:Can't get from 00:00:00:00:00:03 to 00:00:00:00:00:01[1;m

[1;41m[1;33m[c1] DEBUG:forwarding.l2_multi_synthetic_link_failure_crash:Dest unreachable (00:00:00:00:00:03 -> 00:00:00:00:00:01)[1;m

[1;41m[1;33m[c1] WARNING:forwarding.l2_multi_synthetic_link_failure_crash:Can't get from 00:00:00:00:00:03 to 00:00:00:00:00:01[1;m

[1;41m[1;33m[c1] DEBUG:forwarding.l2_multi_synthetic_link_failure_crash:Dest unreachable (00:00:00:00:00:03 -> 00:00:00:00:00:01)[1;m

[1;36mRound 51 completed.[1;m
[1;36mForwarding dataplane event[1;m
[1;36mForwarding dataplane event[1;m
[1;36mForwarding dataplane event[1;m
[1;36mRound 52 completed.[1;m
[1;41m[1;33m[c1] WARNING:forwarding.l2_multi_synthetic_link_failure_crash:Can't get from 00:00:00:00:00:01 to 00:00:00:00:00:03[1;m

[1;41m[1;33m[c1] DEBUG:forwarding.l2_multi_synthetic_link_failure_crash:Dest unreachable (00:00:00:00:00:01 -> 00:00:00:00:00:03)[1;m

[1;41m[1;33m[c1] WARNING:forwarding.l2_multi_synthetic_link_failure_crash:Can't get from 00:00:00:00:00:01 to 00:00:00:00:00:03[1;m

[1;41m[1;33m[c1] DEBUG:forwarding.l2_multi_synthetic_link_failure_crash:Dest unreachable (00:00:00:00:00:01 -> 00:00:00:00:00:03)[1;m

[1;41m[1;33m[c1] WARNING:forwarding.l2_multi_synthetic_link_failure_crash:Can't get from 00:00:00:00:00:03 to 00:00:00:00:00:01[1;m

[1;41m[1;33m[c1] DEBUG:forwarding.l2_multi_synthetic_link_failure_crash:Dest unreachable (00:00:00:00:00:03 -> 00:00:00:00:00:01)[1;m

[1;36mRound 53 completed.[1;m
[1;36mForwarding dataplane event[1;m
[1;36mDropping dataplane event[1;m
[1;36mForwarding dataplane event[1;m
[1;36mForwarding dataplane event[1;m
[1;36mRound 54 completed.[1;m
[1;41m[1;33m[c1] INFO:openflow.discovery:link detected: 00-00-00-00-00-01.1 -> 00-00-00-00-00-03.2[1;m

[1;41m[1;33m[c1] CRITICAL:forwarding.l2_multi_synthetic_link_failure_crash:You found the synthetic link failure bug![1;m

Socket read error: Connection reset by peer
INFO:invariant_checker:Problems found while checking controller liveness:
INFO:invariant_checker:Controller c1 - Controller c1: Alive, but controller process terminated with return code 1
INFO:invariant_checker:No live controllers left
[1;41m[1;37mThe following correctness violations have occurred: ['c1'][1;m
[1;41m[1;37mPersistent violations detected!: ['c1'][1;m
INFO:control_flow:Terminating fuzzing after 55 rounds
INFO:control_flow:Pending Messages:
