xss =  -ea -javaagent:/home/mininet/apache-cassandra-1.2.4/bin/../lib/jamm-0.2.5.jar -XX:+UseThreadPriorities -XX:ThreadPriorityPolicy=42 -Xms1996M -Xmx1996M -Xmn100M -XX:+HeapDumpOnOutOfMemoryError -Xss256k
 INFO 13:38:57,638 Logging initialized
 INFO 13:38:57,650 JVM vendor/version: OpenJDK 64-Bit Server VM/1.7.0_51
 WARN 13:38:57,650 OpenJDK is not recommended. Please upgrade to the newest Oracle Java release
 INFO 13:38:57,651 Heap size: 2082471936/2082471936
 INFO 13:38:57,651 Classpath: /home/mininet/apache-cassandra-1.2.4/bin/../conf:/home/mininet/apache-cassandra-1.2.4/bin/../build/classes/main:/home/mininet/apache-cassandra-1.2.4/bin/../build/classes/thrift:/home/mininet/apache-cassandra-1.2.4/bin/../lib/antlr-3.2.jar:/home/mininet/apache-cassandra-1.2.4/bin/../lib/apache-cassandra-1.2.4.jar:/home/mininet/apache-cassandra-1.2.4/bin/../lib/apache-cassandra-clientutil-1.2.4.jar:/home/mininet/apache-cassandra-1.2.4/bin/../lib/apache-cassandra-thrift-1.2.4.jar:/home/mininet/apache-cassandra-1.2.4/bin/../lib/avro-1.4.0-fixes.jar:/home/mininet/apache-cassandra-1.2.4/bin/../lib/avro-1.4.0-sources-fixes.jar:/home/mininet/apache-cassandra-1.2.4/bin/../lib/commons-cli-1.1.jar:/home/mininet/apache-cassandra-1.2.4/bin/../lib/commons-codec-1.2.jar:/home/mininet/apache-cassandra-1.2.4/bin/../lib/commons-lang-2.6.jar:/home/mininet/apache-cassandra-1.2.4/bin/../lib/compress-lzf-0.8.4.jar:/home/mininet/apache-cassandra-1.2.4/bin/../lib/concurrentlinkedhashmap-lru-1.3.jar:/home/mininet/apache-cassandra-1.2.4/bin/../lib/guava-13.0.1.jar:/home/mininet/apache-cassandra-1.2.4/bin/../lib/high-scale-lib-1.1.2.jar:/home/mininet/apache-cassandra-1.2.4/bin/../lib/jackson-core-asl-1.9.2.jar:/home/mininet/apache-cassandra-1.2.4/bin/../lib/jackson-mapper-asl-1.9.2.jar:/home/mininet/apache-cassandra-1.2.4/bin/../lib/jamm-0.2.5.jar:/home/mininet/apache-cassandra-1.2.4/bin/../lib/jbcrypt-0.3m.jar:/home/mininet/apache-cassandra-1.2.4/bin/../lib/jline-1.0.jar:/home/mininet/apache-cassandra-1.2.4/bin/../lib/json-simple-1.1.jar:/home/mininet/apache-cassandra-1.2.4/bin/../lib/libthrift-0.7.0.jar:/home/mininet/apache-cassandra-1.2.4/bin/../lib/log4j-1.2.16.jar:/home/mininet/apache-cassandra-1.2.4/bin/../lib/lz4-1.1.0.jar:/home/mininet/apache-cassandra-1.2.4/bin/../lib/metrics-core-2.0.3.jar:/home/mininet/apache-cassandra-1.2.4/bin/../lib/netty-3.5.9.Final.jar:/home/mininet/apache-cassandra-1.2.4/bin/../lib/servlet-api-2.5-20081211.jar:/home/mininet/apache-cassandra-1.2.4/bin/../lib/slf4j-api-1.7.2.jar:/home/mininet/apache-cassandra-1.2.4/bin/../lib/slf4j-log4j12-1.7.2.jar:/home/mininet/apache-cassandra-1.2.4/bin/../lib/snakeyaml-1.6.jar:/home/mininet/apache-cassandra-1.2.4/bin/../lib/snappy-java-1.0.4.1.jar:/home/mininet/apache-cassandra-1.2.4/bin/../lib/snaptree-0.1.jar:/home/mininet/apache-cassandra-1.2.4/bin/../lib/jamm-0.2.5.jar
 INFO 13:38:57,653 JNA not found. Native methods will be disabled.
 INFO 13:38:57,662 Loading settings from file:/home/mininet/apache-cassandra-1.2.4/conf/cassandra.yaml
 INFO 13:38:58,093 Data files directories: [/var/lib/cassandra/data]
 INFO 13:38:58,093 Commit log directory: /var/lib/cassandra/commitlog
 INFO 13:38:58,093 DiskAccessMode 'auto' determined to be mmap, indexAccessMode is mmap
 INFO 13:38:58,094 disk_failure_policy is stop
 INFO 13:38:58,102 Global memtable threshold is enabled at 662MB
 INFO 13:38:58,214 Not using multi-threaded compaction
 INFO 13:38:58,896 Initializing key cache with capacity of 99 MBs.
 INFO 13:38:58,913 Scheduling key cache save to each 14400 seconds (going to save all keys).
 INFO 13:38:58,913 Initializing row cache with capacity of 0 MBs and provider org.apache.cassandra.cache.SerializingCacheProvider
 INFO 13:38:58,935 Scheduling row cache save to each 0 seconds (going to save all keys).
 INFO 13:38:59,328 Couldn't detect any schema definitions in local storage.
 INFO 13:38:59,328 To create keyspaces and column families, see 'help create keyspace' in the CLI, or set up a schema using the thrift system_* calls.
 INFO 13:38:59,409 No commitlog files found; skipping replay
 INFO 13:38:59,783 Cassandra version: 1.2.4
 INFO 13:38:59,787 Thrift API version: 19.35.0
 INFO 13:38:59,791 CQL supported versions: 2.0.0,3.0.1 (default: 3.0.1)
 INFO 13:38:59,820 Loading persisted ring state
 INFO 13:38:59,822 Starting up server gossip
 WARN 13:38:59,827 No host ID found, created b421977b-9365-4c3e-a29a-fa21d752b38a (Note: This should happen exactly once per node).
 INFO 13:38:59,838 Enqueuing flush of Memtable-local@1156511567(361/361 serialized/live bytes, 15 ops)
 INFO 13:38:59,844 Writing Memtable-local@1156511567(361/361 serialized/live bytes, 15 ops)
 INFO 13:38:59,902 Completed flushing /var/lib/cassandra/data/system/local/system-local-ib-1-Data.db (350 bytes) for commitlog position ReplayPosition(segmentId=1402259939308, position=50656)
 INFO 13:38:59,986 Starting Messaging Service on port 7000
 INFO 13:39:00,089 Enqueuing flush of Memtable-local@1622940842(86/86 serialized/live bytes, 4 ops)
 INFO 13:39:00,090 Writing Memtable-local@1622940842(86/86 serialized/live bytes, 4 ops)
 INFO 13:39:00,102 Completed flushing /var/lib/cassandra/data/system/local/system-local-ib-2-Data.db (122 bytes) for commitlog position ReplayPosition(segmentId=1402259939308, position=50933)
 INFO 13:39:00,103 JOINING: waiting for ring information
 INFO 13:39:01,280 Node /192.168.56.11 is now part of the cluster
 INFO 13:39:01,281 InetAddress /192.168.56.11 is now UP
 INFO 13:39:01,309 Enqueuing flush of Memtable-peers@63447224(182/182 serialized/live bytes, 10 ops)
 INFO 13:39:01,309 Writing Memtable-peers@63447224(182/182 serialized/live bytes, 10 ops)
 INFO 13:39:01,326 Completed flushing /var/lib/cassandra/data/system/peers/system-peers-ib-1-Data.db (234 bytes) for commitlog position ReplayPosition(segmentId=1402259939308, position=51638)
 INFO 13:39:01,363 Enqueuing flush of Memtable-schema_keyspaces@191197583(389/389 serialized/live bytes, 11 ops)
 INFO 13:39:01,364 Writing Memtable-schema_keyspaces@191197583(389/389 serialized/live bytes, 11 ops)
 INFO 13:39:01,403 Completed flushing /var/lib/cassandra/data/system/schema_keyspaces/system-schema_keyspaces-ib-1-Data.db (261 bytes) for commitlog position ReplayPosition(segmentId=1402259939308, position=53730)
 INFO 13:39:01,406 Enqueuing flush of Memtable-schema_columnfamilies@203568414(23066/23066 serialized/live bytes, 379 ops)
 INFO 13:39:01,408 Writing Memtable-schema_columnfamilies@203568414(23066/23066 serialized/live bytes, 379 ops)
 INFO 13:39:01,439 Completed flushing /var/lib/cassandra/data/system/schema_columnfamilies/system-schema_columnfamilies-ib-1-Data.db (4851 bytes) for commitlog position ReplayPosition(segmentId=1402259939308, position=53730)
 INFO 13:39:01,441 Enqueuing flush of Memtable-schema_columns@1183600113(22154/22154 serialized/live bytes, 337 ops)
 INFO 13:39:01,441 Writing Memtable-schema_columns@1183600113(22154/22154 serialized/live bytes, 337 ops)
 INFO 13:39:01,469 Completed flushing /var/lib/cassandra/data/system/schema_columns/system-schema_columns-ib-1-Data.db (3899 bytes) for commitlog position ReplayPosition(segmentId=1402259939308, position=53730)
 INFO 13:39:02,104 JOINING: schema complete, ready to bootstrap
 INFO 13:39:02,105 JOINING: getting bootstrap token
 INFO 13:39:02,109 Enqueuing flush of Memtable-local@1658221466(73/73 serialized/live bytes, 4 ops)
 INFO 13:39:02,109 Writing Memtable-local@1658221466(73/73 serialized/live bytes, 4 ops)
 INFO 13:39:02,128 Completed flushing /var/lib/cassandra/data/system/local/system-local-ib-3-Data.db (136 bytes) for commitlog position ReplayPosition(segmentId=1402259939308, position=54028)
 INFO 13:39:02,147 JOINING: sleeping 30000 ms for pending range setup
 INFO 13:39:32,148 JOINING: Starting to bootstrap...
 INFO 13:39:32,262 Finished streaming session febeb1b0-ef4c-11e3-9302-c1b7d013ecd2 from /192.168.56.11
 INFO 13:39:32,264 Bootstrap completed! for the tokens [0]
 INFO 13:39:32,266 Enqueuing flush of Memtable-local@1699593206(43/43 serialized/live bytes, 2 ops)
 INFO 13:39:32,266 Writing Memtable-local@1699593206(43/43 serialized/live bytes, 2 ops)
 INFO 13:39:32,282 Completed flushing /var/lib/cassandra/data/system/local/system-local-ib-4-Data.db (75 bytes) for commitlog position ReplayPosition(segmentId=1402259939308, position=54161)
 INFO 13:39:32,306 Enqueuing flush of Memtable-local@2071566859(32/32 serialized/live bytes, 2 ops)
 INFO 13:39:32,307 Writing Memtable-local@2071566859(32/32 serialized/live bytes, 2 ops)
 INFO 13:39:32,328 Completed flushing /var/lib/cassandra/data/system/local/system-local-ib-5-Data.db (90 bytes) for commitlog position ReplayPosition(segmentId=1402259939308, position=54317)
 INFO 13:39:32,336 Compacting [SSTableReader(path='/var/lib/cassandra/data/system/local/system-local-ib-2-Data.db'), SSTableReader(path='/var/lib/cassandra/data/system/local/system-local-ib-1-Data.db'), SSTableReader(path='/var/lib/cassandra/data/system/local/system-local-ib-4-Data.db'), SSTableReader(path='/var/lib/cassandra/data/system/local/system-local-ib-3-Data.db')]
 INFO 13:39:32,346 Node /192.168.56.12 state jump to normal
 INFO 13:39:32,346 Startup completed! Now serving reads.
