xss =  -ea -javaagent:/home/mininet/apache-cassandra-1.2.4/bin/../lib/jamm-0.2.5.jar -XX:+UseThreadPriorities -XX:ThreadPriorityPolicy=42 -Xms1996M -Xmx1996M -Xmn100M -XX:+HeapDumpOnOutOfMemoryError -Xss256k
 INFO 16:33:38,309 Logging initialized
 INFO 16:33:38,321 JVM vendor/version: OpenJDK 64-Bit Server VM/1.7.0_51
 WARN 16:33:38,322 OpenJDK is not recommended. Please upgrade to the newest Oracle Java release
 INFO 16:33:38,322 Heap size: 2082471936/2082471936
 INFO 16:33:38,322 Classpath: /home/mininet/apache-cassandra-1.2.4/bin/../conf:/home/mininet/apache-cassandra-1.2.4/bin/../build/classes/main:/home/mininet/apache-cassandra-1.2.4/bin/../build/classes/thrift:/home/mininet/apache-cassandra-1.2.4/bin/../lib/antlr-3.2.jar:/home/mininet/apache-cassandra-1.2.4/bin/../lib/apache-cassandra-1.2.4.jar:/home/mininet/apache-cassandra-1.2.4/bin/../lib/apache-cassandra-clientutil-1.2.4.jar:/home/mininet/apache-cassandra-1.2.4/bin/../lib/apache-cassandra-thrift-1.2.4.jar:/home/mininet/apache-cassandra-1.2.4/bin/../lib/avro-1.4.0-fixes.jar:/home/mininet/apache-cassandra-1.2.4/bin/../lib/avro-1.4.0-sources-fixes.jar:/home/mininet/apache-cassandra-1.2.4/bin/../lib/commons-cli-1.1.jar:/home/mininet/apache-cassandra-1.2.4/bin/../lib/commons-codec-1.2.jar:/home/mininet/apache-cassandra-1.2.4/bin/../lib/commons-lang-2.6.jar:/home/mininet/apache-cassandra-1.2.4/bin/../lib/compress-lzf-0.8.4.jar:/home/mininet/apache-cassandra-1.2.4/bin/../lib/concurrentlinkedhashmap-lru-1.3.jar:/home/mininet/apache-cassandra-1.2.4/bin/../lib/guava-13.0.1.jar:/home/mininet/apache-cassandra-1.2.4/bin/../lib/high-scale-lib-1.1.2.jar:/home/mininet/apache-cassandra-1.2.4/bin/../lib/jackson-core-asl-1.9.2.jar:/home/mininet/apache-cassandra-1.2.4/bin/../lib/jackson-mapper-asl-1.9.2.jar:/home/mininet/apache-cassandra-1.2.4/bin/../lib/jamm-0.2.5.jar:/home/mininet/apache-cassandra-1.2.4/bin/../lib/jbcrypt-0.3m.jar:/home/mininet/apache-cassandra-1.2.4/bin/../lib/jline-1.0.jar:/home/mininet/apache-cassandra-1.2.4/bin/../lib/json-simple-1.1.jar:/home/mininet/apache-cassandra-1.2.4/bin/../lib/libthrift-0.7.0.jar:/home/mininet/apache-cassandra-1.2.4/bin/../lib/log4j-1.2.16.jar:/home/mininet/apache-cassandra-1.2.4/bin/../lib/lz4-1.1.0.jar:/home/mininet/apache-cassandra-1.2.4/bin/../lib/metrics-core-2.0.3.jar:/home/mininet/apache-cassandra-1.2.4/bin/../lib/netty-3.5.9.Final.jar:/home/mininet/apache-cassandra-1.2.4/bin/../lib/servlet-api-2.5-20081211.jar:/home/mininet/apache-cassandra-1.2.4/bin/../lib/slf4j-api-1.7.2.jar:/home/mininet/apache-cassandra-1.2.4/bin/../lib/slf4j-log4j12-1.7.2.jar:/home/mininet/apache-cassandra-1.2.4/bin/../lib/snakeyaml-1.6.jar:/home/mininet/apache-cassandra-1.2.4/bin/../lib/snappy-java-1.0.4.1.jar:/home/mininet/apache-cassandra-1.2.4/bin/../lib/snaptree-0.1.jar:/home/mininet/apache-cassandra-1.2.4/bin/../lib/jamm-0.2.5.jar
 INFO 16:33:38,324 JNA not found. Native methods will be disabled.
 INFO 16:33:38,334 Loading settings from file:/home/mininet/apache-cassandra-1.2.4/conf/cassandra.yaml
 INFO 16:33:38,808 Data files directories: [/var/lib/cassandra/data]
 INFO 16:33:38,811 Commit log directory: /var/lib/cassandra/commitlog
 INFO 16:33:38,813 DiskAccessMode 'auto' determined to be mmap, indexAccessMode is mmap
 INFO 16:33:38,814 disk_failure_policy is stop
 INFO 16:33:38,824 Global memtable threshold is enabled at 662MB
 INFO 16:33:39,049 Not using multi-threaded compaction
 INFO 16:33:39,620 Initializing key cache with capacity of 99 MBs.
 INFO 16:33:39,628 Scheduling key cache save to each 14400 seconds (going to save all keys).
 INFO 16:33:39,629 Initializing row cache with capacity of 0 MBs and provider org.apache.cassandra.cache.SerializingCacheProvider
 INFO 16:33:39,638 Scheduling row cache save to each 0 seconds (going to save all keys).
 INFO 16:33:40,028 Couldn't detect any schema definitions in local storage.
 INFO 16:33:40,029 To create keyspaces and column families, see 'help create keyspace' in the CLI, or set up a schema using the thrift system_* calls.
 INFO 16:33:40,126 No commitlog files found; skipping replay
 INFO 16:33:40,533 Cassandra version: 1.2.4
 INFO 16:33:40,539 Thrift API version: 19.35.0
 INFO 16:33:40,540 CQL supported versions: 2.0.0,3.0.1 (default: 3.0.1)
 INFO 16:33:40,595 Loading persisted ring state
 INFO 16:33:40,606 Starting up server gossip
 WARN 16:33:40,616 No host ID found, created 5fb695b0-b75d-46b0-845d-27f2f546eca5 (Note: This should happen exactly once per node).
 INFO 16:33:40,639 Enqueuing flush of Memtable-local@1156511567(361/361 serialized/live bytes, 15 ops)
 INFO 16:33:40,653 Writing Memtable-local@1156511567(361/361 serialized/live bytes, 15 ops)
 INFO 16:33:40,722 Completed flushing /var/lib/cassandra/data/system/local/system-local-ib-1-Data.db (350 bytes) for commitlog position ReplayPosition(segmentId=1402529619997, position=50656)
 INFO 16:33:40,869 Starting Messaging Service on port 7000
 INFO 16:33:40,938 Enqueuing flush of Memtable-local@1622940842(86/86 serialized/live bytes, 4 ops)
 INFO 16:33:40,939 Writing Memtable-local@1622940842(86/86 serialized/live bytes, 4 ops)
 INFO 16:33:40,962 Completed flushing /var/lib/cassandra/data/system/local/system-local-ib-2-Data.db (122 bytes) for commitlog position ReplayPosition(segmentId=1402529619997, position=50933)
 INFO 16:33:40,965 JOINING: waiting for ring information
 INFO 16:33:42,087 Node /192.168.56.11 is now part of the cluster
 INFO 16:33:42,088 InetAddress /192.168.56.11 is now UP
 INFO 16:33:42,119 Enqueuing flush of Memtable-peers@63447224(182/182 serialized/live bytes, 10 ops)
 INFO 16:33:42,120 Writing Memtable-peers@63447224(182/182 serialized/live bytes, 10 ops)
 INFO 16:33:42,137 Completed flushing /var/lib/cassandra/data/system/peers/system-peers-ib-1-Data.db (233 bytes) for commitlog position ReplayPosition(segmentId=1402529619997, position=51638)
 INFO 16:33:42,158 Enqueuing flush of Memtable-schema_keyspaces@191197583(389/389 serialized/live bytes, 11 ops)
 INFO 16:33:42,159 Writing Memtable-schema_keyspaces@191197583(389/389 serialized/live bytes, 11 ops)
 INFO 16:33:42,177 Completed flushing /var/lib/cassandra/data/system/schema_keyspaces/system-schema_keyspaces-ib-1-Data.db (261 bytes) for commitlog position ReplayPosition(segmentId=1402529619997, position=53730)
 INFO 16:33:42,179 Enqueuing flush of Memtable-schema_columnfamilies@203568414(23066/23066 serialized/live bytes, 379 ops)
 INFO 16:33:42,179 Writing Memtable-schema_columnfamilies@203568414(23066/23066 serialized/live bytes, 379 ops)
 INFO 16:33:42,207 Completed flushing /var/lib/cassandra/data/system/schema_columnfamilies/system-schema_columnfamilies-ib-1-Data.db (4844 bytes) for commitlog position ReplayPosition(segmentId=1402529619997, position=53730)
 INFO 16:33:42,209 Enqueuing flush of Memtable-schema_columns@1183600113(22154/22154 serialized/live bytes, 337 ops)
 INFO 16:33:42,210 Writing Memtable-schema_columns@1183600113(22154/22154 serialized/live bytes, 337 ops)
 INFO 16:33:42,243 Completed flushing /var/lib/cassandra/data/system/schema_columns/system-schema_columns-ib-1-Data.db (3889 bytes) for commitlog position ReplayPosition(segmentId=1402529619997, position=53730)
 INFO 16:33:42,966 JOINING: schema complete, ready to bootstrap
 INFO 16:33:42,967 JOINING: getting bootstrap token
 INFO 16:33:42,973 Enqueuing flush of Memtable-local@1658221466(73/73 serialized/live bytes, 4 ops)
 INFO 16:33:42,973 Writing Memtable-local@1658221466(73/73 serialized/live bytes, 4 ops)
 INFO 16:33:42,992 Completed flushing /var/lib/cassandra/data/system/local/system-local-ib-3-Data.db (137 bytes) for commitlog position ReplayPosition(segmentId=1402529619997, position=54028)
 INFO 16:33:43,008 JOINING: sleeping 30000 ms for pending range setup
 INFO 16:34:13,010 JOINING: Starting to bootstrap...
 INFO 16:34:13,253 Finished streaming session e5104370-f1c0-11e3-968a-c1b7d013ecd2 from /192.168.56.11
 INFO 16:34:13,257 Bootstrap completed! for the tokens [0]
 INFO 16:34:13,259 Enqueuing flush of Memtable-local@1699593206(43/43 serialized/live bytes, 2 ops)
 INFO 16:34:13,260 Writing Memtable-local@1699593206(43/43 serialized/live bytes, 2 ops)
 INFO 16:34:13,273 Completed flushing /var/lib/cassandra/data/system/local/system-local-ib-4-Data.db (75 bytes) for commitlog position ReplayPosition(segmentId=1402529619997, position=54161)
 INFO 16:34:13,283 Enqueuing flush of Memtable-local@1937755020(32/32 serialized/live bytes, 2 ops)
 INFO 16:34:13,284 Writing Memtable-local@1937755020(32/32 serialized/live bytes, 2 ops)
 INFO 16:34:13,294 Compacting [SSTableReader(path='/var/lib/cassandra/data/system/local/system-local-ib-2-Data.db'), SSTableReader(path='/var/lib/cassandra/data/system/local/system-local-ib-1-Data.db'), SSTableReader(path='/var/lib/cassandra/data/system/local/system-local-ib-4-Data.db'), SSTableReader(path='/var/lib/cassandra/data/system/local/system-local-ib-3-Data.db')]
 INFO 16:34:13,312 Completed flushing /var/lib/cassandra/data/system/local/system-local-ib-5-Data.db (90 bytes) for commitlog position ReplayPosition(segmentId=1402529619997, position=54317)
 INFO 16:34:13,335 Node /192.168.56.12 state jump to normal
 INFO 16:34:13,341 Startup completed! Now serving reads.
