xss =  -ea -javaagent:/home/mininet/apache-cassandra-1.2.4/bin/../lib/jamm-0.2.5.jar -XX:+UseThreadPriorities -XX:ThreadPriorityPolicy=42 -Xms1996M -Xmx1996M -Xmn100M -XX:+HeapDumpOnOutOfMemoryError -Xss256k
 INFO 21:05:22,412 Logging initialized
 INFO 21:05:22,425 JVM vendor/version: OpenJDK 64-Bit Server VM/1.7.0_51
 WARN 21:05:22,425 OpenJDK is not recommended. Please upgrade to the newest Oracle Java release
 INFO 21:05:22,425 Heap size: 2082471936/2082471936
 INFO 21:05:22,426 Classpath: /home/mininet/apache-cassandra-1.2.4/bin/../conf:/home/mininet/apache-cassandra-1.2.4/bin/../build/classes/main:/home/mininet/apache-cassandra-1.2.4/bin/../build/classes/thrift:/home/mininet/apache-cassandra-1.2.4/bin/../lib/antlr-3.2.jar:/home/mininet/apache-cassandra-1.2.4/bin/../lib/apache-cassandra-1.2.4.jar:/home/mininet/apache-cassandra-1.2.4/bin/../lib/apache-cassandra-clientutil-1.2.4.jar:/home/mininet/apache-cassandra-1.2.4/bin/../lib/apache-cassandra-thrift-1.2.4.jar:/home/mininet/apache-cassandra-1.2.4/bin/../lib/avro-1.4.0-fixes.jar:/home/mininet/apache-cassandra-1.2.4/bin/../lib/avro-1.4.0-sources-fixes.jar:/home/mininet/apache-cassandra-1.2.4/bin/../lib/commons-cli-1.1.jar:/home/mininet/apache-cassandra-1.2.4/bin/../lib/commons-codec-1.2.jar:/home/mininet/apache-cassandra-1.2.4/bin/../lib/commons-lang-2.6.jar:/home/mininet/apache-cassandra-1.2.4/bin/../lib/compress-lzf-0.8.4.jar:/home/mininet/apache-cassandra-1.2.4/bin/../lib/concurrentlinkedhashmap-lru-1.3.jar:/home/mininet/apache-cassandra-1.2.4/bin/../lib/guava-13.0.1.jar:/home/mininet/apache-cassandra-1.2.4/bin/../lib/high-scale-lib-1.1.2.jar:/home/mininet/apache-cassandra-1.2.4/bin/../lib/jackson-core-asl-1.9.2.jar:/home/mininet/apache-cassandra-1.2.4/bin/../lib/jackson-mapper-asl-1.9.2.jar:/home/mininet/apache-cassandra-1.2.4/bin/../lib/jamm-0.2.5.jar:/home/mininet/apache-cassandra-1.2.4/bin/../lib/jbcrypt-0.3m.jar:/home/mininet/apache-cassandra-1.2.4/bin/../lib/jline-1.0.jar:/home/mininet/apache-cassandra-1.2.4/bin/../lib/json-simple-1.1.jar:/home/mininet/apache-cassandra-1.2.4/bin/../lib/libthrift-0.7.0.jar:/home/mininet/apache-cassandra-1.2.4/bin/../lib/log4j-1.2.16.jar:/home/mininet/apache-cassandra-1.2.4/bin/../lib/lz4-1.1.0.jar:/home/mininet/apache-cassandra-1.2.4/bin/../lib/metrics-core-2.0.3.jar:/home/mininet/apache-cassandra-1.2.4/bin/../lib/netty-3.5.9.Final.jar:/home/mininet/apache-cassandra-1.2.4/bin/../lib/servlet-api-2.5-20081211.jar:/home/mininet/apache-cassandra-1.2.4/bin/../lib/slf4j-api-1.7.2.jar:/home/mininet/apache-cassandra-1.2.4/bin/../lib/slf4j-log4j12-1.7.2.jar:/home/mininet/apache-cassandra-1.2.4/bin/../lib/snakeyaml-1.6.jar:/home/mininet/apache-cassandra-1.2.4/bin/../lib/snappy-java-1.0.4.1.jar:/home/mininet/apache-cassandra-1.2.4/bin/../lib/snaptree-0.1.jar:/home/mininet/apache-cassandra-1.2.4/bin/../lib/jamm-0.2.5.jar
 INFO 21:05:22,428 JNA not found. Native methods will be disabled.
 INFO 21:05:22,438 Loading settings from file:/home/mininet/apache-cassandra-1.2.4/conf/cassandra.yaml
 INFO 21:05:22,916 Data files directories: [/var/lib/cassandra/data]
 INFO 21:05:22,916 Commit log directory: /var/lib/cassandra/commitlog
 INFO 21:05:22,917 DiskAccessMode 'auto' determined to be mmap, indexAccessMode is mmap
 INFO 21:05:22,917 disk_failure_policy is stop
 INFO 21:05:22,925 Global memtable threshold is enabled at 662MB
 INFO 21:05:23,084 Not using multi-threaded compaction
 INFO 21:05:23,750 Initializing key cache with capacity of 99 MBs.
 INFO 21:05:23,759 Scheduling key cache save to each 14400 seconds (going to save all keys).
 INFO 21:05:23,760 Initializing row cache with capacity of 0 MBs and provider org.apache.cassandra.cache.SerializingCacheProvider
 INFO 21:05:23,769 Scheduling row cache save to each 0 seconds (going to save all keys).
 INFO 21:05:24,148 Couldn't detect any schema definitions in local storage.
 INFO 21:05:24,148 To create keyspaces and column families, see 'help create keyspace' in the CLI, or set up a schema using the thrift system_* calls.
 INFO 21:05:24,224 No commitlog files found; skipping replay
 INFO 21:05:24,596 Cassandra version: 1.2.4
 INFO 21:05:24,599 Thrift API version: 19.35.0
 INFO 21:05:24,600 CQL supported versions: 2.0.0,3.0.1 (default: 3.0.1)
 INFO 21:05:24,629 Loading persisted ring state
 INFO 21:05:24,631 Starting up server gossip
 WARN 21:05:24,635 No host ID found, created 7b2e88d7-8be6-41c4-9ec9-1b6e9d440403 (Note: This should happen exactly once per node).
 INFO 21:05:24,646 Enqueuing flush of Memtable-local@1156511567(361/361 serialized/live bytes, 15 ops)
 INFO 21:05:24,654 Writing Memtable-local@1156511567(361/361 serialized/live bytes, 15 ops)
 INFO 21:05:24,699 Completed flushing /var/lib/cassandra/data/system/local/system-local-ib-1-Data.db (352 bytes) for commitlog position ReplayPosition(segmentId=1402373124124, position=50656)
 INFO 21:05:24,794 Starting Messaging Service on port 7000
 INFO 21:05:24,861 Enqueuing flush of Memtable-local@1622940842(86/86 serialized/live bytes, 4 ops)
 INFO 21:05:24,864 Writing Memtable-local@1622940842(86/86 serialized/live bytes, 4 ops)
 INFO 21:05:24,883 Completed flushing /var/lib/cassandra/data/system/local/system-local-ib-2-Data.db (122 bytes) for commitlog position ReplayPosition(segmentId=1402373124124, position=50933)
 INFO 21:05:24,885 JOINING: waiting for ring information
 INFO 21:05:26,500 Node /192.168.56.11 is now part of the cluster
 INFO 21:05:26,502 InetAddress /192.168.56.11 is now UP
 INFO 21:05:26,528 Enqueuing flush of Memtable-peers@285401532(182/182 serialized/live bytes, 10 ops)
 INFO 21:05:26,529 Writing Memtable-peers@285401532(182/182 serialized/live bytes, 10 ops)
 INFO 21:05:26,548 Completed flushing /var/lib/cassandra/data/system/peers/system-peers-ib-1-Data.db (227 bytes) for commitlog position ReplayPosition(segmentId=1402373124124, position=51638)
 INFO 21:05:26,581 Enqueuing flush of Memtable-schema_keyspaces@656328142(389/389 serialized/live bytes, 11 ops)
 INFO 21:05:26,581 Writing Memtable-schema_keyspaces@656328142(389/389 serialized/live bytes, 11 ops)
 INFO 21:05:26,621 Completed flushing /var/lib/cassandra/data/system/schema_keyspaces/system-schema_keyspaces-ib-1-Data.db (261 bytes) for commitlog position ReplayPosition(segmentId=1402373124124, position=53730)
 INFO 21:05:26,625 Enqueuing flush of Memtable-schema_columnfamilies@105660303(23066/23066 serialized/live bytes, 379 ops)
 INFO 21:05:26,625 Writing Memtable-schema_columnfamilies@105660303(23066/23066 serialized/live bytes, 379 ops)
 INFO 21:05:26,655 Completed flushing /var/lib/cassandra/data/system/schema_columnfamilies/system-schema_columnfamilies-ib-1-Data.db (4851 bytes) for commitlog position ReplayPosition(segmentId=1402373124124, position=53730)
 INFO 21:05:26,657 Enqueuing flush of Memtable-schema_columns@1575056281(22154/22154 serialized/live bytes, 337 ops)
 INFO 21:05:26,658 Writing Memtable-schema_columns@1575056281(22154/22154 serialized/live bytes, 337 ops)
 INFO 21:05:26,702 Completed flushing /var/lib/cassandra/data/system/schema_columns/system-schema_columns-ib-1-Data.db (3901 bytes) for commitlog position ReplayPosition(segmentId=1402373124124, position=53730)
 INFO 21:05:26,888 JOINING: schema complete, ready to bootstrap
 INFO 21:05:26,889 JOINING: getting bootstrap token
 INFO 21:05:26,901 Enqueuing flush of Memtable-local@969404150(73/73 serialized/live bytes, 4 ops)
 INFO 21:05:26,909 Writing Memtable-local@969404150(73/73 serialized/live bytes, 4 ops)
 INFO 21:05:26,942 Completed flushing /var/lib/cassandra/data/system/local/system-local-ib-3-Data.db (136 bytes) for commitlog position ReplayPosition(segmentId=1402373124124, position=54028)
 INFO 21:05:26,975 JOINING: sleeping 30000 ms for pending range setup
 INFO 21:05:56,997 JOINING: Starting to bootstrap...
 INFO 21:05:57,083 Finished streaming session 8629eae0-f054-11e3-8627-c1b7d013ecd2 from /192.168.56.11
 INFO 21:05:57,089 Bootstrap completed! for the tokens [0]
 INFO 21:05:57,091 Enqueuing flush of Memtable-local@1650311758(43/43 serialized/live bytes, 2 ops)
 INFO 21:05:57,093 Writing Memtable-local@1650311758(43/43 serialized/live bytes, 2 ops)
 INFO 21:05:57,110 Completed flushing /var/lib/cassandra/data/system/local/system-local-ib-4-Data.db (75 bytes) for commitlog position ReplayPosition(segmentId=1402373124124, position=54161)
 INFO 21:05:57,119 Enqueuing flush of Memtable-local@1078778116(32/32 serialized/live bytes, 2 ops)
 INFO 21:05:57,120 Writing Memtable-local@1078778116(32/32 serialized/live bytes, 2 ops)
 INFO 21:05:57,136 Compacting [SSTableReader(path='/var/lib/cassandra/data/system/local/system-local-ib-4-Data.db'), SSTableReader(path='/var/lib/cassandra/data/system/local/system-local-ib-2-Data.db'), SSTableReader(path='/var/lib/cassandra/data/system/local/system-local-ib-3-Data.db'), SSTableReader(path='/var/lib/cassandra/data/system/local/system-local-ib-1-Data.db')]
 INFO 21:05:57,147 Completed flushing /var/lib/cassandra/data/system/local/system-local-ib-5-Data.db (90 bytes) for commitlog position ReplayPosition(segmentId=1402373124124, position=54317)
 INFO 21:05:57,161 Node /192.168.56.12 state jump to normal
 INFO 21:05:57,164 Startup completed! Now serving reads.
 INFO 21:05:57,218 Compacted 4 sstables to [/var/lib/cassandra/data/system/local/system-local-ib-6,].  685 bytes to 410 (~59% of original) in 80ms = 0.004888MB/s.  4 total rows, 1 unique.  Row merge counts were {1:0, 2:0, 3:0, 4:1, }
