OpenJDK 64-Bit Server VM warning: ignoring option PreBlockSpin=8; support was removed in 7.0_40
OpenJDK 64-Bit Server VM warning: ignoring option PreBlockSpin=8; support was removed in 7.0_40
OpenJDK 64-Bit Server VM warning: disabling UseAdaptiveSizePolicy; it is incompatible with UseConcMarkSweepGC.
22:02:47,140 |-INFO in ch.qos.logback.classic.LoggerContext[default] - Found resource [./logback.onosdev1.xml] at [file:/vagrant/ONOS/./logback.onosdev1.xml]
22:02:47,422 |-INFO in ch.qos.logback.classic.joran.action.ConfigurationAction - Setting ReconfigureOnChangeFilter scanning period to 1 minutes
22:02:47,422 |-INFO in ReconfigureOnChangeFilter{invocationCounter=0} - Will scan for changes in [[/vagrant/ONOS/./logback.onosdev1.xml]] every 60 seconds. 
22:02:47,422 |-INFO in ch.qos.logback.classic.joran.action.ConfigurationAction - Adding ReconfigureOnChangeFilter as a turbo filter
22:02:47,431 |-INFO in ch.qos.logback.core.joran.action.AppenderAction - About to instantiate appender of type [ch.qos.logback.core.ConsoleAppender]
22:02:47,435 |-INFO in ch.qos.logback.core.joran.action.AppenderAction - Naming appender as [STDOUT]
22:02:47,475 |-INFO in ch.qos.logback.core.joran.action.NestedComplexPropertyIA - Assuming default type [ch.qos.logback.classic.encoder.PatternLayoutEncoder] for [encoder] property
22:02:47,550 |-INFO in ch.qos.logback.core.joran.action.AppenderAction - About to instantiate appender of type [ch.qos.logback.core.FileAppender]
22:02:47,554 |-INFO in ch.qos.logback.core.joran.action.AppenderAction - Naming appender as [FILE]
22:02:47,559 |-INFO in ch.qos.logback.core.joran.action.NestedComplexPropertyIA - Assuming default type [ch.qos.logback.classic.encoder.PatternLayoutEncoder] for [encoder] property
22:02:47,567 |-INFO in ch.qos.logback.core.FileAppender[FILE] - File property is set to [./onos-logs/onos.onosdev1.log]
22:02:47,581 |-INFO in ch.qos.logback.classic.joran.action.LoggerAction - Setting level of logger [org] to WARN
22:02:47,583 |-INFO in ch.qos.logback.classic.joran.action.LoggerAction - Setting level of logger [LogService] to WARN
22:02:47,585 |-INFO in ch.qos.logback.classic.joran.action.LoggerAction - Setting level of logger [net.floodlightcontroller.logging] to WARN
22:02:47,585 |-INFO in ch.qos.logback.classic.joran.action.LoggerAction - Setting level of logger [com.thinkaurelius.titan] to INFO
22:02:47,585 |-INFO in ch.qos.logback.classic.joran.action.RootLoggerAction - Setting level of ROOT logger to DEBUG
22:02:47,585 |-INFO in ch.qos.logback.core.joran.action.AppenderRefAction - Attaching appender named [FILE] to Logger[ROOT]
22:02:47,586 |-INFO in ch.qos.logback.classic.joran.action.ConfigurationAction - End of configuration.
22:02:47,594 |-INFO in ch.qos.logback.classic.joran.JoranConfigurator@357506de - Registering current configuration as safe fallback point
