INFO:Replayer:Transforming dag
INFO:Controller: =====> Starting POX Controller <===== 
[1;36mStarting POX controller c1[1;m
INFO:Controller:Launching controller c1: ./pox.py --verbose openflow.discovery forwarding.l2_multi forwarding.capabilities_manager sts.util.socket_mux.pox_monkeypatcher --snapshot_address=/tmp/snapshot_socket openflow.of_01 --address=127.0.0.1 --port=6633
connect_socket_with_backoff /tmp/snapshot_socket
Error connecting.  -- [Errno 61] Connection refused. Backing off 1 seconds ...
[1;33m[c1] POX 0.0.0 / Copyright 2011 James McCauley[1;m

[1;41m[1;33m[c1] DEBUG:ext.sts.util.socket_mux.pox_monkeypatcher:Creating snapshot listen socket[1;m

[1;41m[1;33m[c1] DEBUG:ext.sts.util.socket_mux.pox_monkeypatcher:accept()ing snapshot socket[1;m

[1;41m[1;33m[c1] DEBUG:ext.sts.util.socket_mux.pox_monkeypatcher:snapshot socket accept()ed[1;m
INFO:simulation:Launched controller c1: ./pox.py --verbose openflow.discovery forwarding.l2_multi forwarding.capabilities_manager sts.util.socket_mux.pox_monkeypatcher --snapshot_address=/tmp/snapshot_socket openflow.of_01 --address=127.0.0.1 --port=6633 [PID 15182]

INFO:simulation:Creating topology...
[1;41m[1;33m[c1] DEBUG:core:POX 0.0.0 going up...[1;m
connect_socket_with_backoff ('127.0.0.1', 6633)

Error connecting.  -- [Errno 61] Connection refused. Backing off 1 seconds ...
[1;41m[1;33m[c1] DEBUG:core:Running on CPython (2.7.5/Sep 12 2013 21:33:34)[1;m

[1;41m[1;33m[c1] INFO:core:POX 0.0.0 is up.[1;m

[1;41m[1;33m[c1] DEBUG:openflow.of_01:Listening for connections on ('127.0.0.1', 6633)[1;m

[1;36m[1;44m00:00.000 00:00.000 Successfully matched event NOPInput:e85[1;m[1;33m[c1] Incoming true socket connected[1;m

[1;36m[1;44mEvent Stats: Events matched: 1, timed out: 0
Matches per event type:
  NOPInput 1
Timeouts per event type:
[1;m

[1;36m[1;44mDataplaneDrop Stats: Expected drops (0), Actual drops (0)
Missed Drops (expected if TrafficInjections pruned):[1;m
INFO:Controller:Initiating snapshot
[1;41m[1;33m[c1] DEBUG:ext.sts.util.socket_mux.pox_monkeypatcher:Received SNAPSHOT signal in 15182. fork()ing[1;m

[1;41m[1;33m[c1] DEBUG:ext.sts.util.socket_mux.pox_monkeypatcher:Sending READY 15185[1;m

INFO:peeker:Injecting input ConnectToControllers:e1
connect_socket_with_backoff ('127.0.0.1', 6633)
[1;33m[c1] Incoming MockSocket connection [u'127.0.0.1', 55642][1;m

connect_socket_with_backoff ('127.0.0.1', 6633)
INFO:peeker:peek()'ing for 5.124280 seconds
[1;33m[c1] Incoming MockSocket connection [u'127.0.0.1', 55642][1;m

[1;41m[1;33m[c1] INFO:openflow.of_01:of_01 [Con 1/1] Connected to 00-00-00-00-00-01[1;m

[1;41m[1;33m[c1] DEBUG:forwarding.l2_multi:Connect [Con 1/1][1;m

[1;41m[1;33m[c1] DEBUG:openflow.discovery:Installing flow for 00-00-00-00-00-01[1;m

[1;41m[1;33m[c1] INFO:openflow.of_01:of_01 [Con 2/2] Connected to 00-00-00-00-00-02[1;m

[1;41m[1;33m[c1] DEBUG:forwarding.l2_multi:Connect [Con 2/2][1;m

[1;41m[1;33m[c1] DEBUG:openflow.discovery:Installing flow for 00-00-00-00-00-02[1;m

[1;36mForwarding dataplane event[1;m
[1;41m[1;33m[c1] INFO:openflow.discovery:link detected: 00-00-00-00-00-01.1 -> 00-00-00-00-00-02.1[1;m

[1;36mForwarding dataplane event[1;m
INFO:host:[IPAddr('10.1.2.2')]:Recieved packet [00:00:00:00:01:02>01:23:20:00:00:01:LLDP]|<chasis ID:64:70:69:64:3a:31><port ID:32><ttl:120><pox.lib.packet.lldp.system_description object at 0x106b73b10><tlv end> on interface eth1
[1;36mForwarding dataplane event[1;m
[1;41m[1;33m[c1] INFO:openflow.discovery:link detected: 00-00-00-00-00-02.1 -> 00-00-00-00-00-01.1[1;m

[1;36mForwarding dataplane event[1;m
INFO:host:[IPAddr('10.2.2.2')]:Recieved packet [00:00:00:00:02:02>01:23:20:00:00:01:LLDP]|<chasis ID:64:70:69:64:3a:32><port ID:32><ttl:120><pox.lib.packet.lldp.system_description object at 0x106b78750><tlv end> on interface eth2
[1;36mKilling controller c1 (pid 15182)[1;m
Terminating child controllers...close() called on stdout during concurrent operation
 OK
127.0.0.1 - - [24/Jan/2014 19:27:09] "POST / HTTP/1.1" 200 -
INFO:peeker:Expected total: 29
INFO:peeker:Inferred total: 30
INFO:peeker:Matched events total: 29
INFO:peeker:Unmatched events total: 0
INFO:Controller:Initiating snapshot proceed
connect_socket_with_backoff ('127.0.0.1', 6633)
Error connecting.  -- [Errno 61] Connection refused. Backing off 1 seconds ...
[1;41m[1;33m[c1] DEBUG:ext.sts.util.socket_mux.pox_monkeypatcher:Read command PROCEED[1;m

[1;41m[1;33m[c1] DEBUG:ext.sts.util.socket_mux.pox_monkeypatcher:Received PROCEED command. Wiring new mux socket[1;m

[1;41m[1;33m[c1] DEBUG:ext.sts.util.socket_mux.pox_monkeypatcher:accept()ing new mux socket[1;m

[1;41m[1;33m[c1] DEBUG:ext.sts.util.socket_mux.pox_monkeypatcher:Done rewiring[1;m
connect_socket_with_backoff ('127.0.0.1', 6633)

connect_socket_with_backoff ('127.0.0.1', 6633)
[1;36m[1;44m00:00.000 00:00.000 Successfully matched event ConnectToControllers:e1[1;m[1;33m[c1] Incoming MockSocket connection [u'127.0.0.1', 55642][1;m


[1;36m[1;44m00:00.001 00:00.000 Successfully matched event ControlMessageReceive:i2 c c1 -> s 2 [ofp_hello: ][1;m[1;33m[c1] Incoming MockSocket connection [u'127.0.0.1', 55642][1;m

[1;36m[1;36mRound 1[1;37m[1;m

[1;36m[1;44m00:00.002 00:00.001 Successfully matched event ControlMessageReceive:i3 c c1 -> s 1 [ofp_hello: ][1;m
[1;36m[1;44m00:00.002 00:00.001 Successfully matched event ControlMessageSend:i4 c 2 -> s c1 [ofp_hello: ][1;m
[1;36m[1;44m00:00.002 00:00.001 Successfully matched event ControlMessageSend:i5 c 1 -> s c1 [ofp_hello: ][1;m
[1;36m[1;44m00:00.003 00:00.103 Successfully matched event ControlMessageReceive:i6 c c1 -> s 2 [ofp_features_request: ][1;m
[1;36m[1;36mRound 2[1;37m[1;m
[1;36m[1;44m00:00.003 00:00.103 Successfully matched event ControlMessageReceive:i7 c c1 -> s 1 [ofp_features_request: ][1;m
[1;36m[1;44m00:00.003 00:00.104 Successfully matched event ControlMessageSend:i8 c 2 -> s c1 [ofp_features_reply: datapath_id=2][1;m
[1;36m[1;44m00:00.003 00:00.104 Successfully matched event ControlMessageSend:i9 c 1 -> s c1 [ofp_features_reply: datapath_id=1][1;m
[1;36m[1;44m00:00.005 00:00.206 Successfully matched event ControlMessageReceive:i10 c c1 -> s 1 [ofp_set_config: ][1;m
[1;36m[1;36mRound 3[1;37m[1;m
[1;36m[1;44m00:00.005 00:00.207 Successfully matched event ControlMessageReceive:i11 c c1 -> s 2 [ofp_barrier_request: ][1;m
[1;36m[1;44m00:00.005 00:00.207 Successfully matched event ControlMessageReceive:i12 c c1 -> s 1 [ofp_flow_mod: hard_timeout=0, out_port=65535, priority=32768, idle_timeout=0, command=delete, actions=(), flags=0, match=x^L,in_port:None][1;m
[1;36m[1;44m00:00.005 00:00.208 Successfully matched event ControlMessageReceive:i13 c c1 -> s 2 [ofp_set_config: ][1;m
[1;36m[1;44m00:00.006 00:00.208 Successfully matched event ControlMessageReceive:i14 c c1 -> s 1 [ofp_barrier_request: ][1;m
[1;36m[1;44m00:00.006 00:00.208 Successfully matched event ControlMessageReceive:i15 c c1 -> s 2 [ofp_flow_mod: hard_timeout=0, out_port=65535, priority=32768, idle_timeout=0, command=delete, actions=(), flags=0, match=x^L,in_port:None][1;m
[1;36m[1;44m00:00.006 00:00.209 Successfully matched event ControlMessageSend:i16 c 2 -> s c1 [ofp_barrier_reply: ][1;m
[1;36m[1;44m00:00.006 00:00.209 Successfully matched event ControlMessageSend:i17 c 1 -> s c1 [ofp_barrier_reply: ][1;m
[1;41m[1;33m[c1] INFO:openflow.of_01:of_01 [Con 2/2] Connected to 00-00-00-00-00-02[1;m

[1;41m[1;33m[c1] DEBUG:forwarding.l2_multi:Connect [Con 2/2][1;m

[1;41m[1;33m[c1] DEBUG:openflow.discovery:Installing flow for 00-00-00-00-00-02[1;m

[1;36m[1;44m00:00.008 00:00.311 Successfully matched event ControlMessageReceive:i18 c c1 -> s 2 [ofp_flow_mod: hard_timeout=0, out_port=65535, priority=32768, idle_timeout=0, command=add, actions=(u'output(65533)',), flags=0, match=dl_dst:01:23:20:00:00:01,dl_type:35020,in_port:None][1;m
[1;36m[1;36mRound 4[1;37m[1;m
[1;41m[1;33m[c1] INFO:openflow.of_01:of_01 [Con 1/1] Connected to 00-00-00-00-00-01[1;m

[1;41m[1;33m[c1] DEBUG:forwarding.l2_multi:Connect [Con 1/1][1;m

[1;41m[1;33m[c1] DEBUG:openflow.discovery:Installing flow for 00-00-00-00-00-01[1;m

[1;36m[1;44m00:00.008 00:00.312 Successfully matched event ControlMessageReceive:i19 c c1 -> s 1 [ofp_flow_mod: hard_timeout=0, out_port=65535, priority=32768, idle_timeout=0, command=add, actions=(u'output(65533)',), flags=0, match=dl_dst:01:23:20:00:00:01,dl_type:35020,in_port:None][1;m
[1;36m[1;44m00:00.009 00:01.523 Successfully matched event ControlMessageReceive:i20 c c1 -> s 2 [ofp_packet_out: actions=(u'output(1)',), data={u'class': u'lldp'}, in_port=65535][1;m
[1;36m[1;36mRound 16[1;37m[1;m
[1;36m[1;44m00:00.009 00:01.626 Successfully matched event ControlMessageSend:i22 c 1 -> s c1 [ofp_packet_in: data={u'class': u'lldp'}, in_port=1][1;m
[1;36m[1;36mRound 17[1;37m[1;m
[1;35m[1;41m00:00.610 00:01.728 Event timed out ControlMessageReceive:i23 c c1 -> s 1 [ofp_flow_mod: hard_timeout=0, out_port=65535, priority=32768, idle_timeout=0, command=delete, actions=(), flags=0, match=x^L,in_port:None][1;m
[1;36m[1;36mRound 18[1;37m[1;m
[1;36m[1;44m00:00.610 00:01.729 Successfully matched event ControlMessageReceive:i24 c c1 -> s 1 [ofp_packet_out: actions=(), data=(), in_port=1][1;m
[1;35m[1;41m00:01.213 00:01.730 Event timed out ControlMessageReceive:i25 c c1 -> s 2 [ofp_flow_mod: hard_timeout=0, out_port=65535, priority=32768, idle_timeout=0, command=delete, actions=(), flags=0, match=x^L,in_port:None][1;m
[1;36m[1;44m00:01.213 00:02.741 Successfully matched event ControlMessageReceive:i26 c c1 -> s 2 [ofp_packet_out: actions=(u'output(2)',), data={u'class': u'lldp'}, in_port=65535][1;m
[1;36m[1;36mRound 28[1;37m[1;m
[1;36m[1;44m00:01.213 00:04.058 Successfully matched event ControlMessageReceive:i28 c c1 -> s 1 [ofp_packet_out: actions=(u'output(1)',), data={u'class': u'lldp'}, in_port=65535][1;m
[1;36m[1;36mRound 41[1;37m[1;m
[1;36m[1;44m00:01.213 00:04.160 Successfully matched event ControlMessageSend:i30 c 2 -> s c1 [ofp_packet_in: data={u'class': u'lldp'}, in_port=1][1;m
[1;36m[1;36mRound 42[1;37m[1;m
[1;36m[1;44m00:01.213 00:04.262 Successfully matched event ControlMessageReceive:i31 c c1 -> s 2 [ofp_packet_out: actions=(), data=(), in_port=1][1;m
[1;36m[1;36mRound 43[1;37m[1;m
[1;35m[1;41m00:01.864 00:04.263 Event timed out ControlMessageReceive:i32 c c1 -> s 1 [ofp_flow_mod: hard_timeout=0, out_port=65535, priority=32768, idle_timeout=0, command=delete, actions=(), flags=0, match=x^L,in_port:None][1;m
[1;35m[1;41m00:02.465 00:04.263 Event timed out ControlMessageReceive:i33 c c1 -> s 2 [ofp_flow_mod: hard_timeout=0, out_port=65535, priority=32768, idle_timeout=0, command=delete, actions=(), flags=0, match=x^L,in_port:None][1;m
[1;36m[1;44m00:03.278 00:05.074 Successfully matched event NOPInput:e116[1;m
[1;36m[1;36mRound 51[1;37m[1;m
[1;36m[1;44mEvent Stats: Events matched: 27, timed out: 4
Matches per event type:
  ConnectToControllers 1
  NOPInput 1
  ControlMessageSend 8
  ControlMessageReceive 17
Timeouts per event type:
  ControlMessageReceive 4
[1;m
[1;36m[1;44mDataplaneDrop Stats: Expected drops (0), Actual drops (0)
Missed Drops (expected if TrafficInjections pruned):[1;m
INFO:host:[IPAddr('10.1.2.2')]:sending packet on interface eth1: [12:34:56:78:01:02>12:34:56:78:01:02:IP]|([v:4hl:5l:72t:64]ICMP cs:42ba[10.1.2.2>10.1.2.2]){t:ECHO_REPLY c:0 chk:e37}{id:20585 seq:28263}
[1;36m[1;44m00:00.000 00:00.000 Successfully matched event TrafficInjection:e34[1;m
[1;36m[1;36mRound 51[1;37m[1;m
[1;36mForwarding dataplane event[1;m
[1;36m[1;44m00:00.001 00:00.000 Successfully matched event NOPInput:e117[1;m
[1;36m[1;44mEvent Stats: Events matched: 2, timed out: 0
Matches per event type:
  NOPInput 1
  TrafficInjection 1
Timeouts per event type:
[1;m
[1;36m[1;44mDataplaneDrop Stats: Expected drops (0), Actual drops (0)
Missed Drops (expected if TrafficInjections pruned):[1;m
INFO:Controller:Initiating snapshot
[1;41m[1;33m[c1] DEBUG:ext.sts.util.socket_mux.pox_monkeypatcher:Received SNAPSHOT signal in 15185. fork()ing[1;m

[1;41m[1;33m[c1] DEBUG:ext.sts.util.socket_mux.pox_monkeypatcher:Sending READY 15190[1;m

Error connecting.  -- [Errno 61] Connection refused. Backing off 1 seconds ...
INFO:peeker:Injecting input TrafficInjection:e35
INFO:host:[IPAddr('10.2.2.2')]:sending packet on interface eth2: [12:34:56:78:02:02>12:34:56:78:02:02:IP]|([v:4hl:5l:72t:64]ICMP cs:42b7[10.2.2.2>10.2.2.2]){t:ECHO_REQUEST c:0 chk:637}{id:20585 seq:28263}
INFO:peeker:peek()'ing for 0.154106 seconds
[1;36mForwarding dataplane event[1;m
[1;41m[1;33m[c1] DEBUG:forwarding.l2_multi:Learned 12:34:56:78:02:02 at 00-00-00-00-00-02.2[1;m

[1;41m[1;33m[c1] DEBUG:forwarding.l2_multi:Installing path for 12:34:56:78:02:02 -> 12:34:56:78:02:02 0800 (1 hops)[1;m

WARNING:FuzzSoftwareSwitch(2):out_port 2 == in_port. Dropping
[1;36mKilling controller c1 (pid 15185)[1;m
Terminating child controllers... OK
127.0.0.1 - - [24/Jan/2014 19:27:15] "POST / HTTP/1.1" 200 -
INFO:peeker:Expected total: 2
INFO:peeker:Inferred total: 2
INFO:peeker:Matched events total: 1
INFO:peeker:Unmatched events total: 1
INFO:Controller:Initiating snapshot proceed
connect_socket_with_backoff ('127.0.0.1', 6633)
Error connecting.  -- [Errno 61] Connection refused. Backing off 1 seconds ...
[1;41m[1;33m[c1] DEBUG:ext.sts.util.socket_mux.pox_monkeypatcher:Read command PROCEED[1;m

[1;41m[1;33m[c1] DEBUG:ext.sts.util.socket_mux.pox_monkeypatcher:Received PROCEED command. Wiring new mux socket[1;m

[1;41m[1;33m[c1] DEBUG:ext.sts.util.socket_mux.pox_monkeypatcher:accept()ing new mux socket[1;m

[1;41m[1;33m[c1] DEBUG:ext.sts.util.socket_mux.pox_monkeypatcher:Done rewiring[1;m
INFO:host:[IPAddr('10.2.2.2')]:sending packet on interface eth2: [12:34:56:78:02:02>12:34:56:78:02:02:IP]|([v:4hl:5l:72t:64]ICMP cs:42b7[10.2.2.2>10.2.2.2]){t:ECHO_REQUEST c:0 chk:637}{id:20585 seq:28263}

[1;36m[1;44m00:00.000 00:00.000 Successfully matched event TrafficInjection:e35[1;m
[1;36m[1;36mRound 51[1;37m[1;m
[1;36mForwarding dataplane event[1;m
[1;36m[1;44m00:00.001 00:00.103 Successfully matched event ControlMessageSend:i39 c 2 -> s c1 [ofp_packet_in: data={u'dl_dst': u'12:34:56:78:02:02', u'nw_src': u'10.2.2.2', u'dl_src': u'12:34:56:78:02:02', u'nw_dst': u'10.2.2.2'}, in_port=2][1;m
[1;36m[1;36mRound 52[1;37m[1;m
[1;36m[1;44m00:00.001 00:00.104 Successfully matched event NOPInput:e120[1;m
[1;36m[1;44mEvent Stats: Events matched: 3, timed out: 0
Matches per event type:
  NOPInput 1
  TrafficInjection 1
  ControlMessageSend 1
Timeouts per event type:
[1;m
[1;36m[1;44mDataplaneDrop Stats: Expected drops (0), Actual drops (0)
Missed Drops (expected if TrafficInjections pruned):[1;m
INFO:Controller:Initiating snapshot
[1;41m[1;33m[c1] DEBUG:ext.sts.util.socket_mux.pox_monkeypatcher:Received SNAPSHOT signal in 15190. fork()ing[1;m

[1;41m[1;33m[c1] DEBUG:ext.sts.util.socket_mux.pox_monkeypatcher:Sending READY 15192[1;m

Error connecting.  -- [Errno 61] Connection refused. Backing off 1 seconds ...
[1;41m[1;33m[c1] DEBUG:forwarding.l2_multi:Learned 12:34:56:78:02:02 at 00-00-00-00-00-02.2[1;m

[1;41m[1;33m[c1] DEBUG:forwarding.l2_multi:Installing path for 12:34:56:78:02:02 -> 12:34:56:78:02:02 0800 (1 hops)[1;m

INFO:peeker:Injecting input CheckInvariants:e40
[1;42m[1;37mNo correctness violations![1;m
INFO:peeker:peek()'ing for 0.154198 seconds
[1;36mForwarding dataplane event[1;m
[1;41m[1;33m[c1] DEBUG:forwarding.l2_multi:Installing path for 12:34:56:78:02:02 -> 12:34:56:78:02:02 0800 (1 hops)[1;m

[1;41m[1;33m[c1] INFO:openflow.discovery:link detected: 00-00-00-00-00-01.1 -> 00-00-00-00-00-02.1[1;m

WARNING:FuzzSoftwareSwitch(2):out_port 2 == in_port. Dropping
[1;36mKilling controller c1 (pid 15190)[1;m
Terminating child controllers... OK
127.0.0.1 - - [24/Jan/2014 19:27:17] "POST / HTTP/1.1" 200 -
INFO:peeker:Expected total: 3
INFO:peeker:Inferred total: 6
INFO:peeker:Matched events total: 1
INFO:peeker:Unmatched events total: 2
INFO:Controller:Initiating snapshot proceed
connect_socket_with_backoff ('127.0.0.1', 6633)
Error connecting.  -- [Errno 61] Connection refused. Backing off 1 seconds ...[1;41m[1;33m[c1] DEBUG:ext.sts.util.socket_mux.pox_monkeypatcher:Read command PROCEED[1;m


[1;41m[1;33m[c1] DEBUG:ext.sts.util.socket_mux.pox_monkeypatcher:Received PROCEED command. Wiring new mux socket[1;m

[1;41m[1;33m[c1] DEBUG:ext.sts.util.socket_mux.pox_monkeypatcher:accept()ing new mux socket[1;m

[1;42m[1;37mNo correctness violations![1;m
 [1;36m[1;44m00:00.000 00:00.000 Successfully matched event CheckInvariants:e40[1;m
[1;41m[1;33m[c1] DEBUG:ext.sts.util.socket_mux.pox_monkeypatcher:Done rewiring[1;m
[1;36m[1;36mRound 52[1;37m[1;m

WARNING:FuzzSoftwareSwitch(2):out_port 2 == in_port. Dropping
[1;36m[1;44m00:00.001 00:00.103 Successfully matched event ControlMessageReceive:i43 c c1 -> s 2 [ofp_flow_mod: hard_timeout=30, out_port=65535, priority=32768, idle_timeout=10, command=add, actions=(u'output(2)',), flags=0, match=dl_src:12:34:56:78:02:02,dl_dst:12:34:56:78:02:02,dl_vlan:65535,dl_vlan_pcp:0,dl_type:2048,nw_tos:0,nw_proto:1,nw_src:10.2.2.2/32,nw_dst:10.2.2.2/32,tp_src:8,tp_dst:0,in_port:None][1;m
[1;36m[1;36mRound 53[1;37m[1;m
[1;36m[1;44m00:00.001 00:00.104 Successfully matched event NOPInput:e127[1;m
[1;36m[1;44mEvent Stats: Events matched: 3, timed out: 0
Matches per event type:
  NOPInput 1
  CheckInvariants 1
  ControlMessageReceive 1
Timeouts per event type:
[1;m
[1;36m[1;44mDataplaneDrop Stats: Expected drops (0), Actual drops (0)
Missed Drops (expected if TrafficInjections pruned):[1;m
INFO:Controller:Initiating snapshot
[1;41m[1;33m[c1] DEBUG:ext.sts.util.socket_mux.pox_monkeypatcher:Received SNAPSHOT signal in 15192. fork()ing[1;m

[1;41m[1;33m[c1] DEBUG:ext.sts.util.socket_mux.pox_monkeypatcher:Sending READY 15194[1;m

Error connecting.  -- [Errno 61] Connection refused. Backing off 1 seconds ...
INFO:peeker:Injecting input CheckInvariants:e44
[1;42m[1;37mNo correctness violations![1;m
INFO:peeker:peek()'ing for 0.151829 seconds
[1;36mForwarding dataplane event[1;m
INFO:host:[IPAddr('10.1.2.2')]:Recieved packet [00:00:00:00:01:02>01:23:20:00:00:01:LLDP]|<chasis ID:64:70:69:64:3a:31><port ID:32><ttl:120><pox.lib.packet.lldp.system_description object at 0x106b704d0><tlv end> on interface eth1
[1;36mKilling controller c1 (pid 15192)[1;m
Terminating child controllers... OK
127.0.0.1 - - [24/Jan/2014 19:27:19] "POST / HTTP/1.1" 200 -
INFO:peeker:Expected total: 0
INFO:peeker:Inferred total: 1
INFO:peeker:Matched events total: 0
INFO:peeker:Unmatched events total: 0
INFO:Controller:Initiating snapshot proceed
connect_socket_with_backoff ('127.0.0.1', 6633)
Error connecting.  -- [Errno 61] Connection refused. Backing off 1 seconds ...
[1;41m[1;33m[c1] DEBUG:ext.sts.util.socket_mux.pox_monkeypatcher:Read command PROCEED[1;m

[1;41m[1;33m[c1] DEBUG:ext.sts.util.socket_mux.pox_monkeypatcher:Received PROCEED command. Wiring new mux socket[1;m

[1;41m[1;33m[c1] DEBUG:ext.sts.util.socket_mux.pox_monkeypatcher:accept()ing new mux socket[1;m

[1;42m[1;37mNo correctness violations![1;m
[1;36m[1;44m00:00.000 00:00.000 Successfully matched event CheckInvariants:e44[1;m[1;41m[1;33m[c1] DEBUG:ext.sts.util.socket_mux.pox_monkeypatcher:Done rewiring[1;m


[1;36m[1;36mRound 53[1;37m[1;m
[1;36m[1;44m00:00.103 00:00.101 Successfully matched event NOPInput:e129[1;m
[1;36m[1;36mRound 54[1;37m[1;m
[1;36m[1;44mEvent Stats: Events matched: 2, timed out: 0
Matches per event type:
  NOPInput 1
  CheckInvariants 1
Timeouts per event type:
[1;m
[1;36m[1;44mDataplaneDrop Stats: Expected drops (0), Actual drops (0)
Missed Drops (expected if TrafficInjections pruned):[1;m
[1;42m[1;37mNo correctness violations![1;m
[1;36m[1;44m00:00.000 00:00.000 Successfully matched event CheckInvariants:e46[1;m
[1;36m[1;36mRound 54[1;37m[1;m
[1;36m[1;44m00:00.102 00:00.101 Successfully matched event NOPInput:e130[1;m
[1;36m[1;36mRound 55[1;37m[1;m
[1;36m[1;44mEvent Stats: Events matched: 2, timed out: 0
Matches per event type:
  NOPInput 1
  CheckInvariants 1
Timeouts per event type:
[1;m
[1;36m[1;44mDataplaneDrop Stats: Expected drops (0), Actual drops (0)
Missed Drops (expected if TrafficInjections pruned):[1;m
[1;42m[1;37mNo correctness violations![1;m
[1;36m[1;44m00:00.000 00:00.000 Successfully matched event CheckInvariants:e47[1;m
[1;36m[1;36mRound 55[1;37m[1;m
[1;36m[1;44m00:00.102 00:00.101 Successfully matched event NOPInput:e131[1;m
[1;36m[1;36mRound 56[1;37m[1;m
[1;36m[1;44mEvent Stats: Events matched: 2, timed out: 0
Matches per event type:
  NOPInput 1
  CheckInvariants 1
Timeouts per event type:
[1;m
[1;36m[1;44mDataplaneDrop Stats: Expected drops (0), Actual drops (0)
Missed Drops (expected if TrafficInjections pruned):[1;m
[1;42m[1;37mNo correctness violations![1;m
[1;36m[1;44m00:00.000 00:00.000 Successfully matched event CheckInvariants:e48[1;m
[1;36m[1;36mRound 56[1;37m[1;m
[1;36m[1;44m00:00.102 00:00.101 Successfully matched event NOPInput:e132[1;m
[1;36m[1;36mRound 57[1;37m[1;m
[1;36m[1;44mEvent Stats: Events matched: 2, timed out: 0
Matches per event type:
  NOPInput 1
  CheckInvariants 1
Timeouts per event type:
[1;m
[1;36m[1;44mDataplaneDrop Stats: Expected drops (0), Actual drops (0)
Missed Drops (expected if TrafficInjections pruned):[1;m
[1;42m[1;37mNo correctness violations![1;m
[1;36m[1;44m00:00.000 00:00.000 Successfully matched event CheckInvariants:e49[1;m
[1;36m[1;36mRound 57[1;37m[1;m
[1;36m[1;44m00:00.102 00:00.101 Successfully matched event NOPInput:e133[1;m
[1;36m[1;36mRound 58[1;37m[1;m
[1;36m[1;44mEvent Stats: Events matched: 2, timed out: 0
Matches per event type:
  NOPInput 1
  CheckInvariants 1
Timeouts per event type:
[1;m
[1;36m[1;44mDataplaneDrop Stats: Expected drops (0), Actual drops (0)
Missed Drops (expected if TrafficInjections pruned):[1;m
[1;42m[1;37mNo correctness violations![1;m
[1;36m[1;44m00:00.000 00:00.000 Successfully matched event CheckInvariants:e50[1;m
[1;36m[1;36mRound 58[1;37m[1;m
[1;36m[1;44m00:00.102 00:00.101 Successfully matched event NOPInput:e134[1;m
[1;36m[1;36mRound 59[1;37m[1;m
[1;36m[1;44mEvent Stats: Events matched: 2, timed out: 0
Matches per event type:
  NOPInput 1
  CheckInvariants 1
Timeouts per event type:
[1;m
[1;36m[1;44mDataplaneDrop Stats: Expected drops (0), Actual drops (0)
Missed Drops (expected if TrafficInjections pruned):[1;m
[1;42m[1;37mNo correctness violations![1;m
[1;36m[1;44m00:00.000 00:00.000 Successfully matched event CheckInvariants:e51[1;m
[1;36m[1;36mRound 59[1;37m[1;m
[1;36m[1;44m00:00.103 00:00.101 Successfully matched event NOPInput:e135[1;m
[1;36m[1;36mRound 60[1;37m[1;m
[1;36m[1;44mEvent Stats: Events matched: 2, timed out: 0
Matches per event type:
  NOPInput 1
  CheckInvariants 1
Timeouts per event type:
[1;m
[1;36m[1;44mDataplaneDrop Stats: Expected drops (0), Actual drops (0)
Missed Drops (expected if TrafficInjections pruned):[1;m
[1;42m[1;37mNo correctness violations![1;m
[1;36m[1;44m00:00.000 00:00.000 Successfully matched event CheckInvariants:e52[1;m
[1;36m[1;36mRound 60[1;37m[1;m
[1;36m[1;44m00:00.102 00:00.101 Successfully matched event NOPInput:e136[1;m
[1;36m[1;36mRound 61[1;37m[1;m
[1;36m[1;44mEvent Stats: Events matched: 2, timed out: 0
Matches per event type:
  NOPInput 1
  CheckInvariants 1
Timeouts per event type:
[1;m
[1;36m[1;44mDataplaneDrop Stats: Expected drops (0), Actual drops (0)
Missed Drops (expected if TrafficInjections pruned):[1;m
[1;42m[1;37mNo correctness violations![1;m
[1;36m[1;44m00:00.000 00:00.000 Successfully matched event CheckInvariants:e53[1;m
[1;36m[1;36mRound 61[1;37m[1;m
[1;36m[1;44m00:00.102 00:00.101 Successfully matched event NOPInput:e137[1;m
[1;36m[1;36mRound 62[1;37m[1;m
[1;36m[1;44mEvent Stats: Events matched: 2, timed out: 0
Matches per event type:
  NOPInput 1
  CheckInvariants 1
Timeouts per event type:
[1;m
[1;36m[1;44mDataplaneDrop Stats: Expected drops (0), Actual drops (0)
Missed Drops (expected if TrafficInjections pruned):[1;m
[1;42m[1;37mNo correctness violations![1;m
[1;36m[1;44m00:00.000 00:00.000 Successfully matched event CheckInvariants:e54[1;m
[1;36m[1;36mRound 62[1;37m[1;m
[1;36m[1;44m00:00.103 00:00.101 Successfully matched event NOPInput:e138[1;m
[1;36m[1;36mRound 63[1;37m[1;m
[1;36m[1;44mEvent Stats: Events matched: 2, timed out: 0
Matches per event type:
  NOPInput 1
  CheckInvariants 1
Timeouts per event type:
[1;m
[1;36m[1;44mDataplaneDrop Stats: Expected drops (0), Actual drops (0)
Missed Drops (expected if TrafficInjections pruned):[1;m
[1;42m[1;37mNo correctness violations![1;m
[1;36m[1;44m00:00.000 00:00.000 Successfully matched event CheckInvariants:e55[1;m
[1;36m[1;36mRound 63[1;37m[1;m
[1;36m[1;44m00:00.102 00:00.101 Successfully matched event NOPInput:e139[1;m
[1;36m[1;36mRound 64[1;37m[1;m
[1;36m[1;44mEvent Stats: Events matched: 2, timed out: 0
Matches per event type:
  NOPInput 1
  CheckInvariants 1
Timeouts per event type:
[1;m
[1;36m[1;44mDataplaneDrop Stats: Expected drops (0), Actual drops (0)
Missed Drops (expected if TrafficInjections pruned):[1;m
INFO:Controller:Initiating snapshot
[1;41m[1;33m[c1] DEBUG:ext.sts.util.socket_mux.pox_monkeypatcher:Received SNAPSHOT signal in 15194. fork()ing[1;m

[1;41m[1;33m[c1] DEBUG:ext.sts.util.socket_mux.pox_monkeypatcher:Sending READY 15196[1;m

Error connecting.  -- [Errno 61] Connection refused. Backing off 1 seconds ...
INFO:peeker:Injecting input CheckInvariants:e56
[1;42m[1;37mNo correctness violations![1;m
INFO:peeker:peek()'ing for 0.152412 seconds
[1;36mKilling controller c1 (pid 15194)[1;m
Terminating child controllers... OK
127.0.0.1 - - [24/Jan/2014 19:27:23] "POST / HTTP/1.1" 200 -
INFO:peeker:Expected total: 1
INFO:peeker:Inferred total: 0
INFO:peeker:Matched events total: 0
INFO:peeker:Unmatched events total: 1
INFO:Controller:Initiating snapshot proceed
connect_socket_with_backoff ('127.0.0.1', 6633)
Error connecting.  -- [Errno 61] Connection refused. Backing off 1 seconds ...
[1;41m[1;33m[c1] DEBUG:ext.sts.util.socket_mux.pox_monkeypatcher:Read command PROCEED[1;m

[1;41m[1;33m[c1] DEBUG:ext.sts.util.socket_mux.pox_monkeypatcher:Received PROCEED command. Wiring new mux socket[1;m

[1;41m[1;33m[c1] DEBUG:ext.sts.util.socket_mux.pox_monkeypatcher:accept()ing new mux socket[1;m

[1;42m[1;37mNo correctness violations![1;m [1;41m[1;33m[c1] DEBUG:ext.sts.util.socket_mux.pox_monkeypatcher:Done rewiring[1;m


[1;36m[1;44m00:00.000 00:00.000 Successfully matched event CheckInvariants:e56[1;m
[1;36m[1;36mRound 64[1;37m[1;m
[1;36m[1;44m00:00.103 00:00.102 Successfully matched event NOPInput:e140[1;m
[1;36m[1;36mRound 65[1;37m[1;m
[1;36m[1;44mEvent Stats: Events matched: 2, timed out: 0
Matches per event type:
  NOPInput 1
  CheckInvariants 1
Timeouts per event type:
[1;m
[1;36m[1;44mDataplaneDrop Stats: Expected drops (0), Actual drops (0)
Missed Drops (expected if TrafficInjections pruned):[1;m
INFO:Controller:Initiating snapshot
[1;41m[1;33m[c1] DEBUG:ext.sts.util.socket_mux.pox_monkeypatcher:Received SNAPSHOT signal in 15196. fork()ing[1;m

[1;41m[1;33m[c1] DEBUG:ext.sts.util.socket_mux.pox_monkeypatcher:Sending READY 15198[1;m

Error connecting.  -- [Errno 61] Connection refused. Backing off 1 seconds ...
INFO:peeker:Injecting input CheckInvariants:e58
[1;42m[1;37mNo correctness violations![1;m
INFO:peeker:peek()'ing for 0.152183 seconds
[1;36mKilling controller c1 (pid 15196)[1;m
Terminating child controllers... OK
127.0.0.1 - - [24/Jan/2014 19:27:25] "POST / HTTP/1.1" 200 -
INFO:peeker:Expected total: 1
INFO:peeker:Inferred total: 0
INFO:peeker:Matched events total: 0
INFO:peeker:Unmatched events total: 1
INFO:Controller:Initiating snapshot proceed
connect_socket_with_backoff ('127.0.0.1', 6633)
Error connecting.  -- [Errno 61] Connection refused. Backing off 1 seconds ...
[1;41m[1;33m[c1] DEBUG:ext.sts.util.socket_mux.pox_monkeypatcher:Read command PROCEED[1;m

[1;41m[1;33m[c1] DEBUG:ext.sts.util.socket_mux.pox_monkeypatcher:Received PROCEED command. Wiring new mux socket[1;m

[1;41m[1;33m[c1] DEBUG:ext.sts.util.socket_mux.pox_monkeypatcher:accept()ing new mux socket[1;m

[1;42m[1;37mNo correctness violations![1;m[1;41m[1;33m[c1] DEBUG:ext.sts.util.socket_mux.pox_monkeypatcher:Done rewiring[1;m


[1;36m[1;44m00:00.000 00:00.000 Successfully matched event CheckInvariants:e58[1;m
[1;36m[1;36mRound 65[1;37m[1;m
[1;36m[1;44m00:00.103 00:00.102 Successfully matched event NOPInput:e141[1;m
[1;36m[1;36mRound 66[1;37m[1;m
[1;36m[1;44mEvent Stats: Events matched: 2, timed out: 0
Matches per event type:
  NOPInput 1
  CheckInvariants 1
Timeouts per event type:
[1;m
[1;36m[1;44mDataplaneDrop Stats: Expected drops (0), Actual drops (0)
Missed Drops (expected if TrafficInjections pruned):[1;m
INFO:Controller:Initiating snapshot
[1;41m[1;33m[c1] DEBUG:ext.sts.util.socket_mux.pox_monkeypatcher:Received SNAPSHOT signal in 15198. fork()ing[1;m

[1;41m[1;33m[c1] DEBUG:ext.sts.util.socket_mux.pox_monkeypatcher:Sending READY 15200[1;m

Error connecting.  -- [Errno 61] Connection refused. Backing off 1 seconds ...
INFO:peeker:Injecting input CheckInvariants:e61
[1;42m[1;37mNo correctness violations![1;m
INFO:peeker:peek()'ing for 0.152210 seconds
[1;36mKilling controller c1 (pid 15198)[1;m
Terminating child controllers... OK
127.0.0.1 - - [24/Jan/2014 19:27:28] "POST / HTTP/1.1" 200 -
INFO:peeker:Expected total: 1
INFO:peeker:Inferred total: 0
INFO:peeker:Matched events total: 0
INFO:peeker:Unmatched events total: 1
INFO:Controller:Initiating snapshot proceed
connect_socket_with_backoff ('127.0.0.1', 6633)
Error connecting.  -- [Errno 61] Connection refused. Backing off 1 seconds ...[1;41m[1;33m[c1] DEBUG:ext.sts.util.socket_mux.pox_monkeypatcher:Read command PROCEED[1;m


[1;41m[1;33m[c1] DEBUG:ext.sts.util.socket_mux.pox_monkeypatcher:Received PROCEED command. Wiring new mux socket[1;m

[1;41m[1;33m[c1] DEBUG:ext.sts.util.socket_mux.pox_monkeypatcher:accept()ing new mux socket[1;m

[1;42m[1;37mNo correctness violations![1;m[1;41m[1;33m[c1] DEBUG:ext.sts.util.socket_mux.pox_monkeypatcher:Done rewiring[1;m


[1;36m[1;44m00:00.000 00:00.000 Successfully matched event CheckInvariants:e61[1;m
[1;36m[1;36mRound 66[1;37m[1;m
[1;36m[1;44m00:00.103 00:00.102 Successfully matched event NOPInput:e142[1;m
[1;36m[1;36mRound 67[1;37m[1;m
[1;36m[1;44mEvent Stats: Events matched: 2, timed out: 0
Matches per event type:
  NOPInput 1
  CheckInvariants 1
Timeouts per event type:
[1;m
[1;36m[1;44mDataplaneDrop Stats: Expected drops (0), Actual drops (0)
Missed Drops (expected if TrafficInjections pruned):[1;m
[1;42m[1;37mNo correctness violations![1;m
[1;36m[1;44m00:00.000 00:00.000 Successfully matched event CheckInvariants:e63[1;m
[1;36m[1;36mRound 67[1;37m[1;m
[1;36m[1;44m00:00.103 00:00.102 Successfully matched event NOPInput:e143[1;m
[1;36m[1;36mRound 68[1;37m[1;m
[1;36m[1;44mEvent Stats: Events matched: 2, timed out: 0
Matches per event type:
  NOPInput 1
  CheckInvariants 1
Timeouts per event type:
[1;m
[1;36m[1;44mDataplaneDrop Stats: Expected drops (0), Actual drops (0)
Missed Drops (expected if TrafficInjections pruned):[1;m
INFO:host:[IPAddr('10.2.2.2')]:sending packet on interface eth2: [12:34:56:78:02:02>12:34:56:78:01:02:IP]|([v:4hl:5l:72t:64]ICMP cs:42b5[10.2.2.2>10.1.2.2]){t:ECHO_REPLY c:0 chk:e37}{id:20585 seq:28263}
[1;36m[1;44m00:00.000 00:00.000 Successfully matched event TrafficInjection:e64[1;m
[1;36m[1;36mRound 68[1;37m[1;m
[1;36mForwarding dataplane event[1;m
[1;36m[1;44m00:00.001 00:00.000 Successfully matched event NOPInput:e144[1;m
[1;36m[1;44mEvent Stats: Events matched: 2, timed out: 0
Matches per event type:
  NOPInput 1
  TrafficInjection 1
Timeouts per event type:
[1;m
[1;36m[1;44mDataplaneDrop Stats: Expected drops (0), Actual drops (0)
Missed Drops (expected if TrafficInjections pruned):[1;m
INFO:Controller:Initiating snapshot
[1;41m[1;33m[c1] DEBUG:ext.sts.util.socket_mux.pox_monkeypatcher:Received SNAPSHOT signal in 15200. fork()ing[1;m

[1;41m[1;33m[c1] DEBUG:ext.sts.util.socket_mux.pox_monkeypatcher:Sending READY 15202[1;m

Error connecting.  -- [Errno 61] Connection refused. Backing off 1 seconds ...
INFO:peeker:Injecting input CheckInvariants:e65
[1;42m[1;37mNo correctness violations![1;m
INFO:peeker:peek()'ing for 0.152281 seconds
[1;36mKilling controller c1 (pid 15200)[1;m
Terminating child controllers... OK
127.0.0.1 - - [24/Jan/2014 19:27:30] "POST / HTTP/1.1" 200 -
INFO:peeker:Expected total: 1
INFO:peeker:Inferred total: 0
INFO:peeker:Matched events total: 0
INFO:peeker:Unmatched events total: 1
INFO:Controller:Initiating snapshot proceed
connect_socket_with_backoff ('127.0.0.1', 6633)
Error connecting.  -- [Errno 61] Connection refused. Backing off 1 seconds ...
[1;41m[1;33m[c1] DEBUG:ext.sts.util.socket_mux.pox_monkeypatcher:Read command PROCEED[1;m

[1;41m[1;33m[c1] DEBUG:ext.sts.util.socket_mux.pox_monkeypatcher:Received PROCEED command. Wiring new mux socket[1;m

[1;41m[1;33m[c1] DEBUG:ext.sts.util.socket_mux.pox_monkeypatcher:accept()ing new mux socket[1;m

[1;42m[1;37mNo correctness violations![1;m[1;41m[1;33m[c1] DEBUG:ext.sts.util.socket_mux.pox_monkeypatcher:Done rewiring[1;m


[1;36m[1;44m00:00.000 00:00.000 Successfully matched event CheckInvariants:e65[1;m
[1;36m[1;36mRound 68[1;37m[1;m
[1;36m[1;44m00:00.103 00:00.102 Successfully matched event NOPInput:e145[1;m
[1;36m[1;36mRound 69[1;37m[1;m
[1;36m[1;44mEvent Stats: Events matched: 2, timed out: 0
Matches per event type:
  NOPInput 1
  CheckInvariants 1
Timeouts per event type:
[1;m
[1;36m[1;44mDataplaneDrop Stats: Expected drops (0), Actual drops (0)
Missed Drops (expected if TrafficInjections pruned):[1;m
INFO:Controller:Initiating snapshot
[1;41m[1;33m[c1] DEBUG:ext.sts.util.socket_mux.pox_monkeypatcher:Received SNAPSHOT signal in 15202. fork()ing[1;m

[1;41m[1;33m[c1] DEBUG:ext.sts.util.socket_mux.pox_monkeypatcher:Sending READY 15204[1;m

Error connecting.  -- [Errno 61] Connection refused. Backing off 1 seconds ...
INFO:peeker:Injecting input CheckInvariants:e68
[1;42m[1;37mNo correctness violations![1;m
INFO:peeker:peek()'ing for 0.152613 seconds
[1;36mKilling controller c1 (pid 15202)[1;m
Terminating child controllers... OK
127.0.0.1 - - [24/Jan/2014 19:27:33] "POST / HTTP/1.1" 200 -
INFO:peeker:Expected total: 2
INFO:peeker:Inferred total: 0
INFO:peeker:Matched events total: 0
INFO:peeker:Unmatched events total: 2
INFO:Controller:Initiating snapshot proceed
connect_socket_with_backoff ('127.0.0.1', 6633)
Error connecting.  -- [Errno 61] Connection refused. Backing off 1 seconds ...
[1;41m[1;33m[c1] DEBUG:ext.sts.util.socket_mux.pox_monkeypatcher:Read command PROCEED[1;m

[1;41m[1;33m[c1] DEBUG:ext.sts.util.socket_mux.pox_monkeypatcher:Received PROCEED command. Wiring new mux socket[1;m

[1;41m[1;33m[c1] DEBUG:ext.sts.util.socket_mux.pox_monkeypatcher:accept()ing new mux socket[1;m

[1;42m[1;37mNo correctness violations![1;m[1;41m[1;33m[c1] DEBUG:ext.sts.util.socket_mux.pox_monkeypatcher:Done rewiring[1;m

[1;36m[1;44m00:00.000 00:00.000 Successfully matched event CheckInvariants:e68[1;m
[1;36m[1;36mRound 69[1;37m[1;m

[1;36m[1;44m00:00.103 00:00.102 Successfully matched event NOPInput:e146[1;m
[1;36m[1;36mRound 70[1;37m[1;m
[1;36m[1;44mEvent Stats: Events matched: 2, timed out: 0
Matches per event type:
  NOPInput 1
  CheckInvariants 1
Timeouts per event type:
[1;m
[1;36m[1;44mDataplaneDrop Stats: Expected drops (0), Actual drops (0)
Missed Drops (expected if TrafficInjections pruned):[1;m
INFO:Controller:Initiating snapshot
[1;41m[1;33m[c1] DEBUG:ext.sts.util.socket_mux.pox_monkeypatcher:Received SNAPSHOT signal in 15204. fork()ing[1;m

[1;41m[1;33m[c1] DEBUG:ext.sts.util.socket_mux.pox_monkeypatcher:Sending READY 15206[1;m

Error connecting.  -- [Errno 61] Connection refused. Backing off 1 seconds ...
INFO:peeker:Injecting input CheckInvariants:e71
[1;42m[1;37mNo correctness violations![1;m
INFO:peeker:peek()'ing for 0.152969 seconds
[1;36mKilling controller c1 (pid 15204)[1;m
Terminating child controllers... OK
127.0.0.1 - - [24/Jan/2014 19:27:35] "POST / HTTP/1.1" 200 -
INFO:peeker:Expected total: 0
INFO:peeker:Inferred total: 0
INFO:peeker:Matched events total: 0
INFO:peeker:Unmatched events total: 0
INFO:Controller:Initiating snapshot proceed
connect_socket_with_backoff ('127.0.0.1', 6633)
Error connecting.  -- [Errno 61] Connection refused. Backing off 1 seconds ...
[1;41m[1;33m[c1] DEBUG:ext.sts.util.socket_mux.pox_monkeypatcher:Read command PROCEED[1;m

[1;41m[1;33m[c1] DEBUG:ext.sts.util.socket_mux.pox_monkeypatcher:Received PROCEED command. Wiring new mux socket[1;m

[1;41m[1;33m[c1] DEBUG:ext.sts.util.socket_mux.pox_monkeypatcher:accept()ing new mux socket[1;m

[1;42m[1;37mNo correctness violations![1;m[1;41m[1;33m[c1] DEBUG:ext.sts.util.socket_mux.pox_monkeypatcher:Done rewiring[1;m


[1;36m[1;44m00:00.000 00:00.000 Successfully matched event CheckInvariants:e71[1;m
[1;36m[1;36mRound 70[1;37m[1;m
[1;36m[1;44m00:00.104 00:00.102 Successfully matched event NOPInput:e147[1;m
[1;36m[1;36mRound 71[1;37m[1;m
[1;36m[1;44mEvent Stats: Events matched: 2, timed out: 0
Matches per event type:
  NOPInput 1
  CheckInvariants 1
Timeouts per event type:
[1;m
[1;36m[1;44mDataplaneDrop Stats: Expected drops (0), Actual drops (0)
Missed Drops (expected if TrafficInjections pruned):[1;m
INFO:Controller:Initiating snapshot
[1;41m[1;33m[c1] DEBUG:ext.sts.util.socket_mux.pox_monkeypatcher:Received SNAPSHOT signal in 15206. fork()ing[1;m

[1;41m[1;33m[c1] DEBUG:ext.sts.util.socket_mux.pox_monkeypatcher:Sending READY 15208[1;m

Error connecting.  -- [Errno 61] Connection refused. Backing off 1 seconds ...
INFO:peeker:Injecting input CheckInvariants:e73
[1;42m[1;37mNo correctness violations![1;m
INFO:peeker:peek()'ing for 0.152544 seconds
[1;36mForwarding dataplane event[1;m
INFO:host:[IPAddr('10.1.2.2')]:Recieved packet [00:00:00:00:01:02>01:23:20:00:00:01:LLDP]|<chasis ID:64:70:69:64:3a:31><port ID:32><ttl:120><pox.lib.packet.lldp.system_description object at 0x106b6ab10><tlv end> on interface eth1
[1;36mKilling controller c1 (pid 15206)[1;m
Terminating child controllers... OK
127.0.0.1 - - [24/Jan/2014 19:27:37] "POST / HTTP/1.1" 200 -
INFO:peeker:Expected total: 0
INFO:peeker:Inferred total: 1
INFO:peeker:Matched events total: 0
INFO:peeker:Unmatched events total: 0
INFO:Controller:Initiating snapshot proceed
connect_socket_with_backoff ('127.0.0.1', 6633)
Error connecting.  -- [Errno 61] Connection refused. Backing off 1 seconds ...
[1;41m[1;33m[c1] DEBUG:ext.sts.util.socket_mux.pox_monkeypatcher:Read command PROCEED[1;m

[1;41m[1;33m[c1] DEBUG:ext.sts.util.socket_mux.pox_monkeypatcher:Received PROCEED command. Wiring new mux socket[1;m

[1;41m[1;33m[c1] DEBUG:ext.sts.util.socket_mux.pox_monkeypatcher:accept()ing new mux socket[1;m

[1;42m[1;37mNo correctness violations![1;m [1;41m[1;33m[c1] DEBUG:ext.sts.util.socket_mux.pox_monkeypatcher:Done rewiring[1;m

[1;36m[1;44m00:00.000 00:00.000 Successfully matched event CheckInvariants:e73[1;m

[1;36m[1;36mRound 71[1;37m[1;m
[1;36m[1;44m00:00.104 00:00.102 Successfully matched event NOPInput:e149[1;m
[1;36m[1;36mRound 72[1;37m[1;m
[1;36m[1;44mEvent Stats: Events matched: 2, timed out: 0
Matches per event type:
  NOPInput 1
  CheckInvariants 1
Timeouts per event type:
[1;m
[1;36m[1;44mDataplaneDrop Stats: Expected drops (0), Actual drops (0)
Missed Drops (expected if TrafficInjections pruned):[1;m
INFO:Controller:Initiating snapshot
[1;41m[1;33m[c1] DEBUG:ext.sts.util.socket_mux.pox_monkeypatcher:Received SNAPSHOT signal in 15208. fork()ing[1;m

[1;41m[1;33m[c1] DEBUG:ext.sts.util.socket_mux.pox_monkeypatcher:Sending READY 15210[1;m

Error connecting.  -- [Errno 61] Connection refused. Backing off 1 seconds ...
INFO:peeker:Injecting input CheckInvariants:e75
[1;42m[1;37mNo correctness violations![1;m
INFO:peeker:peek()'ing for 0.153625 seconds
[1;36mKilling controller c1 (pid 15208)[1;m
Terminating child controllers... OK
127.0.0.1 - - [24/Jan/2014 19:27:40] "POST / HTTP/1.1" 200 -
INFO:peeker:Expected total: 1
INFO:peeker:Inferred total: 0
INFO:peeker:Matched events total: 0
INFO:peeker:Unmatched events total: 1
INFO:Controller:Initiating snapshot proceed
connect_socket_with_backoff ('127.0.0.1', 6633)
Error connecting.  -- [Errno 61] Connection refused. Backing off 1 seconds ...
[1;41m[1;33m[c1] DEBUG:ext.sts.util.socket_mux.pox_monkeypatcher:Read command PROCEED[1;m

[1;41m[1;33m[c1] DEBUG:ext.sts.util.socket_mux.pox_monkeypatcher:Received PROCEED command. Wiring new mux socket[1;m

[1;41m[1;33m[c1] DEBUG:ext.sts.util.socket_mux.pox_monkeypatcher:accept()ing new mux socket[1;m

[1;42m[1;37mNo correctness violations![1;m
[1;41m[1;33m[c1] DEBUG:ext.sts.util.socket_mux.pox_monkeypatcher:Done rewiring[1;m
[1;36m[1;44m00:00.000 00:00.000 Successfully matched event CheckInvariants:e75[1;m
[1;36m[1;36mRound 72[1;37m[1;m

[1;36m[1;44m00:00.104 00:00.103 Successfully matched event NOPInput:e150[1;m
[1;36m[1;36mRound 73[1;37m[1;m
[1;36m[1;44mEvent Stats: Events matched: 2, timed out: 0
Matches per event type:
  NOPInput 1
  CheckInvariants 1
Timeouts per event type:
[1;m
[1;36m[1;44mDataplaneDrop Stats: Expected drops (0), Actual drops (0)
Missed Drops (expected if TrafficInjections pruned):[1;m
INFO:Controller:Initiating snapshot
[1;41m[1;33m[c1] DEBUG:ext.sts.util.socket_mux.pox_monkeypatcher:Received SNAPSHOT signal in 15210. fork()ing[1;m

[1;41m[1;33m[c1] DEBUG:ext.sts.util.socket_mux.pox_monkeypatcher:Sending READY 15212[1;m

Error connecting.  -- [Errno 61] Connection refused. Backing off 1 seconds ...
INFO:peeker:Injecting input CheckInvariants:e78
[1;42m[1;37mNo correctness violations![1;m
INFO:peeker:peek()'ing for 0.153694 seconds
[1;36mKilling controller c1 (pid 15210)[1;m
Terminating child controllers... OK
127.0.0.1 - - [24/Jan/2014 19:27:42] "POST / HTTP/1.1" 200 -
INFO:peeker:Expected total: 3
INFO:peeker:Inferred total: 0
INFO:peeker:Matched events total: 0
INFO:peeker:Unmatched events total: 3
INFO:Controller:Initiating snapshot proceed
connect_socket_with_backoff ('127.0.0.1', 6633)
Error connecting.  -- [Errno 61] Connection refused. Backing off 1 seconds ...
[1;41m[1;33m[c1] DEBUG:ext.sts.util.socket_mux.pox_monkeypatcher:Read command PROCEED[1;m

[1;41m[1;33m[c1] DEBUG:ext.sts.util.socket_mux.pox_monkeypatcher:Received PROCEED command. Wiring new mux socket[1;m

[1;41m[1;33m[c1] DEBUG:ext.sts.util.socket_mux.pox_monkeypatcher:accept()ing new mux socket[1;m

[1;41m[1;33m[c1] DEBUG:ext.sts.util.socket_mux.pox_monkeypatcher:Done rewiring[1;m
[1;42m[1;37mNo correctness violations![1;m

[1;36m[1;44m00:00.000 00:00.000 Successfully matched event CheckInvariants:e78[1;m
[1;36m[1;36mRound 73[1;37m[1;m
[1;36m[1;44m00:00.105 00:00.103 Successfully matched event NOPInput:e151[1;m
[1;36m[1;36mRound 74[1;37m[1;m
[1;36m[1;44mEvent Stats: Events matched: 2, timed out: 0
Matches per event type:
  NOPInput 1
  CheckInvariants 1
Timeouts per event type:
[1;m
[1;36m[1;44mDataplaneDrop Stats: Expected drops (0), Actual drops (0)
Missed Drops (expected if TrafficInjections pruned):[1;m
[1;42m[1;37mNo correctness violations![1;m
[1;36m[1;44m00:00.000 00:00.000 Successfully matched event CheckInvariants:e82[1;m
[1;36m[1;36mRound 74[1;37m[1;m
[1;36m[1;44m00:00.000 00:00.000 Successfully matched event NOPInput:e152[1;m
[1;36m[1;36mRound -1[1;37m[1;m
[1;36m[1;44mEvent Stats: Events matched: 2, timed out: 0
Matches per event type:
  NOPInput 1
  CheckInvariants 1
Timeouts per event type:
[1;m
[1;36m[1;44mDataplaneDrop Stats: Expected drops (0), Actual drops (0)
Missed Drops (expected if TrafficInjections pruned):[1;m
[1;36mKilling controller c1 (pid 15212)[1;m
Terminating child controllers... OK
INFO:Replayer:Proceeding with normal replay
INFO:Controller: =====> Starting POX Controller <===== 
[1;36mStarting POX controller c1[1;m
INFO:Controller:Launching controller c1: ./pox.py --verbose openflow.discovery forwarding.l2_multi forwarding.capabilities_manager sts.util.socket_mux.pox_monkeypatcher --snapshot_address=/tmp/snapshot_socket openflow.of_01 --address=127.0.0.1 --port=6633
connect_socket_with_backoff /tmp/snapshot_socket
Error connecting.  -- [Errno 61] Connection refused. Backing off 1 seconds ...
[1;33m[c1] POX 0.0.0 / Copyright 2011 James McCauley[1;m

[1;41m[1;33m[c1] DEBUG:ext.sts.util.socket_mux.pox_monkeypatcher:Creating snapshot listen socket[1;m

[1;41m[1;33m[c1] DEBUG:ext.sts.util.socket_mux.pox_monkeypatcher:accept()ing snapshot socket[1;m

[1;41m[1;33m[c1] DEBUG:ext.sts.util.socket_mux.pox_monkeypatcher:snapshot socket accept()ed[1;m

INFO:simulation:Launched controller c1: ./pox.py --verbose openflow.discovery forwarding.l2_multi forwarding.capabilities_manager sts.util.socket_mux.pox_monkeypatcher --snapshot_address=/tmp/snapshot_socket openflow.of_01 --address=127.0.0.1 --port=6633 [PID 15214]
INFO:simulation:Creating topology...
[1;41m[1;33m[c1] DEBUG:core:POX 0.0.0 going up...[1;m
connect_socket_with_backoff ('127.0.0.1', 6633)

Error connecting.  -- [Errno 61] Connection refused. Backing off 1 seconds ...
[1;41m[1;33m[c1] DEBUG:core:Running on CPython (2.7.5/Sep 12 2013 21:33:34)[1;m

[1;41m[1;33m[c1] INFO:core:POX 0.0.0 is up.[1;m

[1;41m[1;33m[c1] DEBUG:openflow.of_01:Listening for connections on ('127.0.0.1', 6633)[1;m

[1;33m[c1] Incoming true socket connected[1;m

connect_socket_with_backoff ('127.0.0.1', 6633)
connect_socket_with_backoff ('127.0.0.1', 6633)
[1;36m[1;44m00:00.501 00:00.000 Successfully matched event ConnectToControllers:e1[1;m[1;33m[c1] Incoming MockSocket connection [u'127.0.0.1', 55751][1;m


[1;33m[c1] Incoming MockSocket connection [u'127.0.0.1', 55751][1;m
[1;36m[1;44m00:00.503 00:00.000 Successfully matched event ControlMessageReceive:i2 c c1 -> s 2 [ofp_hello: ][1;m

[1;36m[1;36mRound 1[1;37m[1;m
[1;35m[1;41m00:01.107 00:00.001 Event timed out ControlMessageReceive:i3 c c1 -> s 1 [ofp_hello: ][1;m
[1;35m[1;41m00:01.712 00:00.001 Event timed out ControlMessageSend:i4 c 2 -> s c1 [ofp_hello: ][1;m
[1;35m[1;41m00:02.316 00:00.001 Event timed out ControlMessageSend:i5 c 1 -> s c1 [ofp_hello: ][1;m
[1;35m[1;41m00:02.920 00:00.103 Event timed out ControlMessageReceive:i6 c c1 -> s 2 [ofp_features_request: ][1;m
[1;36m[1;36mRound 2[1;37m[1;m
[1;41m[1;33m[c1] INFO:openflow.of_01:of_01 [Con 2/2] Connected to 00-00-00-00-00-02[1;m

[1;41m[1;33m[c1] DEBUG:forwarding.l2_multi:Connect [Con 2/2][1;m

[1;41m[1;33m[c1] DEBUG:openflow.discovery:Installing flow for 00-00-00-00-00-02[1;m

[1;35m[1;41m00:03.526 00:00.103 Event timed out ControlMessageReceive:i7 c c1 -> s 1 [ofp_features_request: ][1;m
[1;41m[1;33m[c1] INFO:openflow.of_01:of_01 [Con 1/1] Connected to 00-00-00-00-00-01[1;m

[1;41m[1;33m[c1] DEBUG:forwarding.l2_multi:Connect [Con 1/1][1;m

[1;41m[1;33m[c1] DEBUG:openflow.discovery:Installing flow for 00-00-00-00-00-01[1;m

[1;35m[1;41m00:04.133 00:00.104 Event timed out ControlMessageSend:i8 c 2 -> s c1 [ofp_features_reply: datapath_id=2][1;m
[1;35m[1;41m00:04.737 00:00.104 Event timed out ControlMessageSend:i9 c 1 -> s c1 [ofp_features_reply: datapath_id=1][1;m
[1;35m[1;41m00:05.385 00:00.206 Event timed out ControlMessageReceive:i10 c c1 -> s 1 [ofp_set_config: ][1;m
[1;36m[1;36mRound 3[1;37m[1;m
[1;35m[1;41m00:05.988 00:00.207 Event timed out ControlMessageReceive:i11 c c1 -> s 2 [ofp_barrier_request: ][1;m
[1;36mForwarding dataplane event[1;m
[1;41m[1;33m[c1] INFO:openflow.discovery:link detected: 00-00-00-00-00-02.1 -> 00-00-00-00-00-01.1[1;m

[1;36m[1;44m00:05.991 00:00.207 Successfully matched event ControlMessageReceive:i12 c c1 -> s 1 [ofp_flow_mod: hard_timeout=0, out_port=65535, priority=32768, idle_timeout=0, command=delete, actions=(), flags=0, match=x^L,in_port:None][1;m
[1;35m[1;41m00:06.633 00:00.208 Event timed out ControlMessageReceive:i13 c c1 -> s 2 [ofp_set_config: ][1;m
[1;35m[1;41m00:07.238 00:00.208 Event timed out ControlMessageReceive:i14 c c1 -> s 1 [ofp_barrier_request: ][1;m
[1;36mForwarding dataplane event[1;m
INFO:host:[IPAddr('10.2.2.2')]:Recieved packet [00:00:00:00:02:02>01:23:20:00:00:01:LLDP]|<chasis ID:64:70:69:64:3a:32><port ID:32><ttl:120><pox.lib.packet.lldp.system_description object at 0x106bb5250><tlv end> on interface eth2
[1;35m[1;41m00:07.886 00:00.208 Event timed out ControlMessageReceive:i15 c c1 -> s 2 [ofp_flow_mod: hard_timeout=0, out_port=65535, priority=32768, idle_timeout=0, command=delete, actions=(), flags=0, match=x^L,in_port:None][1;m
[1;35m[1;41m00:08.489 00:00.209 Event timed out ControlMessageSend:i16 c 2 -> s c1 [ofp_barrier_reply: ][1;m
[1;36mForwarding dataplane event[1;m
[1;41m[1;33m[c1] INFO:openflow.discovery:link detected: 00-00-00-00-00-01.1 -> 00-00-00-00-00-02.1[1;m

[1;35m[1;41m00:09.137 00:00.209 Event timed out ControlMessageSend:i17 c 1 -> s c1 [ofp_barrier_reply: ][1;m
[1;35m[1;41m00:09.741 00:00.311 Event timed out ControlMessageReceive:i18 c c1 -> s 2 [ofp_flow_mod: hard_timeout=0, out_port=65535, priority=32768, idle_timeout=0, command=add, actions=(u'output(65533)',), flags=0, match=dl_dst:01:23:20:00:00:01,dl_type:35020,in_port:None][1;m
[1;36m[1;36mRound 4[1;37m[1;m
[1;36mForwarding dataplane event[1;m
INFO:host:[IPAddr('10.1.2.2')]:Recieved packet [00:00:00:00:01:02>01:23:20:00:00:01:LLDP]|<chasis ID:64:70:69:64:3a:31><port ID:32><ttl:120><pox.lib.packet.lldp.system_description object at 0x106b70910><tlv end> on interface eth1
[1;35m[1;41m00:10.388 00:00.312 Event timed out ControlMessageReceive:i19 c c1 -> s 1 [ofp_flow_mod: hard_timeout=0, out_port=65535, priority=32768, idle_timeout=0, command=add, actions=(u'output(65533)',), flags=0, match=dl_dst:01:23:20:00:00:01,dl_type:35020,in_port:None][1;m
[1;36m[1;44m00:10.390 00:01.523 Successfully matched event ControlMessageReceive:i20 c c1 -> s 2 [ofp_packet_out: actions=(u'output(1)',), data={u'class': u'lldp'}, in_port=65535][1;m
[1;36m[1;36mRound 16[1;37m[1;m
[1;36mForwarding dataplane event[1;m
[1;36m[1;44m00:10.391 00:01.626 Successfully matched event ControlMessageSend:i22 c 1 -> s c1 [ofp_packet_in: data={u'class': u'lldp'}, in_port=1][1;m
[1;36m[1;36mRound 17[1;37m[1;m
[1;35m[1;41m00:10.995 00:01.728 Event timed out ControlMessageReceive:i23 c c1 -> s 1 [ofp_flow_mod: hard_timeout=0, out_port=65535, priority=32768, idle_timeout=0, command=delete, actions=(), flags=0, match=x^L,in_port:None][1;m
[1;36m[1;36mRound 18[1;37m[1;m
[1;36m[1;44m00:10.997 00:01.729 Successfully matched event ControlMessageReceive:i24 c c1 -> s 1 [ofp_packet_out: actions=(), data=(), in_port=1][1;m
[1;35m[1;41m00:11.638 00:01.730 Event timed out ControlMessageReceive:i25 c c1 -> s 2 [ofp_flow_mod: hard_timeout=0, out_port=65535, priority=32768, idle_timeout=0, command=delete, actions=(), flags=0, match=x^L,in_port:None][1;m
[1;36m[1;44m00:11.640 00:02.741 Successfully matched event ControlMessageReceive:i26 c c1 -> s 2 [ofp_packet_out: actions=(u'output(2)',), data={u'class': u'lldp'}, in_port=65535][1;m
[1;36m[1;36mRound 28[1;37m[1;m
[1;36mForwarding dataplane event[1;m
INFO:host:[IPAddr('10.2.2.2')]:Recieved packet [00:00:00:00:02:02>01:23:20:00:00:01:LLDP]|<chasis ID:64:70:69:64:3a:32><port ID:32><ttl:120><pox.lib.packet.lldp.system_description object at 0x106b70210><tlv end> on interface eth2
[1;36m[1;44m00:11.640 00:04.058 Successfully matched event ControlMessageReceive:i28 c c1 -> s 1 [ofp_packet_out: actions=(u'output(1)',), data={u'class': u'lldp'}, in_port=65535][1;m
[1;36m[1;36mRound 41[1;37m[1;m
[1;36m[1;44m00:11.641 00:04.160 Successfully matched event ControlMessageSend:i30 c 2 -> s c1 [ofp_packet_in: data={u'class': u'lldp'}, in_port=1][1;m
[1;36m[1;36mRound 42[1;37m[1;m
[1;36m[1;44m00:11.641 00:04.262 Successfully matched event ControlMessageReceive:i31 c c1 -> s 2 [ofp_packet_out: actions=(), data=(), in_port=1][1;m
[1;36m[1;36mRound 43[1;37m[1;m
[1;35m[1;41m00:12.244 00:04.263 Event timed out ControlMessageReceive:i32 c c1 -> s 1 [ofp_flow_mod: hard_timeout=0, out_port=65535, priority=32768, idle_timeout=0, command=delete, actions=(), flags=0, match=x^L,in_port:None][1;m
[1;35m[1;41m00:12.891 00:04.263 Event timed out ControlMessageReceive:i33 c c1 -> s 2 [ofp_flow_mod: hard_timeout=0, out_port=65535, priority=32768, idle_timeout=0, command=delete, actions=(), flags=0, match=x^L,in_port:None][1;m
INFO:host:[IPAddr('10.1.2.2')]:sending packet on interface eth1: [12:34:56:78:01:02>12:34:56:78:01:02:IP]|([v:4hl:5l:72t:64]ICMP cs:42ba[10.1.2.2>10.1.2.2]){t:ECHO_REPLY c:0 chk:e37}{id:20585 seq:28263}
[1;36m[1;44m00:13.703 00:05.074 Successfully matched event TrafficInjection:e34[1;m
[1;36m[1;36mRound 51[1;37m[1;m
[1;36mForwarding dataplane event[1;m
[1;36mForwarding dataplane event[1;m
INFO:host:[IPAddr('10.2.2.2')]:sending packet on interface eth2: [12:34:56:78:02:02>12:34:56:78:02:02:IP]|([v:4hl:5l:72t:64]ICMP cs:42b7[10.2.2.2>10.2.2.2]){t:ECHO_REQUEST c:0 chk:637}{id:20585 seq:28263}
[1;36m[1;44m00:13.706 00:05.074 Successfully matched event TrafficInjection:e35[1;m
[1;36mForwarding dataplane event[1;m
INFO:host:[IPAddr('10.1.2.2')]:Recieved packet [00:00:00:00:01:02>01:23:20:00:00:01:LLDP]|<chasis ID:64:70:69:64:3a:31><port ID:32><ttl:120><pox.lib.packet.lldp.system_description object at 0x106ba9e50><tlv end> on interface eth1
[1;36mForwarding dataplane event[1;m
[1;41m[1;33m[c1] DEBUG:forwarding.l2_multi:Learned 12:34:56:78:02:02 at 00-00-00-00-00-02.2[1;m

[1;41m[1;33m[c1] DEBUG:forwarding.l2_multi:Installing path for 12:34:56:78:02:02 -> 12:34:56:78:02:02 0800 (1 hops)[1;m

[1;41m[1;33m[c1] DEBUG:forwarding.l2_multi:Learned 12:34:56:78:01:02 at 00-00-00-00-00-01.2[1;m

[1;41m[1;33m[c1] DEBUG:forwarding.l2_multi:Installing path for 12:34:56:78:01:02 -> 12:34:56:78:01:02 0800 (1 hops)[1;m

[1;35m[1;41m00:14.311 00:05.178 Event timed out ControlMessageSend:i39 c 2 -> s c1 [ofp_packet_in: data={u'dl_dst': u'12:34:56:78:02:02', u'nw_src': u'10.2.2.2', u'dl_src': u'12:34:56:78:02:02', u'nw_dst': u'10.2.2.2'}, in_port=2][1;m
[1;36m[1;36mRound 52[1;37m[1;m
WARNING:FuzzSoftwareSwitch(1):out_port 2 == in_port. Dropping
WARNING:FuzzSoftwareSwitch(2):out_port 2 == in_port. Dropping
[1;42m[1;37mNo correctness violations![1;m
[1;36m[1;44m00:14.314 00:05.179 Successfully matched event CheckInvariants:e40[1;m
[1;35m[1;41m00:14.992 00:05.282 Event timed out ControlMessageReceive:i43 c c1 -> s 2 [ofp_flow_mod: hard_timeout=30, out_port=65535, priority=32768, idle_timeout=10, command=add, actions=(u'output(2)',), flags=0, match=dl_src:12:34:56:78:02:02,dl_dst:12:34:56:78:02:02,dl_vlan:65535,dl_vlan_pcp:0,dl_type:2048,nw_tos:0,nw_proto:1,nw_src:10.2.2.2/32,nw_dst:10.2.2.2/32,tp_src:8,tp_dst:0,in_port:None][1;m
[1;36m[1;36mRound 53[1;37m[1;m
[1;42m[1;37mNo correctness violations![1;m
[1;36m[1;44m00:14.993 00:05.283 Successfully matched event CheckInvariants:e44[1;m
[1;36mForwarding dataplane event[1;m
[1;42m[1;37mNo correctness violations![1;m
[1;36m[1;44m00:15.096 00:05.385 Successfully matched event CheckInvariants:e46[1;m
[1;36m[1;36mRound 54[1;37m[1;m
[1;42m[1;37mNo correctness violations![1;m
[1;36m[1;44m00:15.199 00:05.486 Successfully matched event CheckInvariants:e47[1;m
[1;36m[1;36mRound 55[1;37m[1;m
[1;42m[1;37mNo correctness violations![1;m
[1;36m[1;44m00:15.301 00:05.588 Successfully matched event CheckInvariants:e48[1;m
[1;36m[1;36mRound 56[1;37m[1;m
[1;42m[1;37mNo correctness violations![1;m
[1;36m[1;44m00:15.403 00:05.689 Successfully matched event CheckInvariants:e49[1;m
[1;36m[1;36mRound 57[1;37m[1;m
[1;42m[1;37mNo correctness violations![1;m
[1;36m[1;44m00:15.505 00:05.791 Successfully matched event CheckInvariants:e50[1;m
[1;36m[1;36mRound 58[1;37m[1;m
[1;42m[1;37mNo correctness violations![1;m
[1;36m[1;44m00:15.608 00:05.892 Successfully matched event CheckInvariants:e51[1;m
[1;36m[1;36mRound 59[1;37m[1;m
[1;42m[1;37mNo correctness violations![1;m
[1;36m[1;44m00:15.711 00:05.994 Successfully matched event CheckInvariants:e52[1;m
[1;36m[1;36mRound 60[1;37m[1;m
[1;42m[1;37mNo correctness violations![1;m
[1;36m[1;44m00:15.814 00:06.096 Successfully matched event CheckInvariants:e53[1;m
[1;36m[1;36mRound 61[1;37m[1;m
[1;42m[1;37mNo correctness violations![1;m
[1;36m[1;44m00:15.916 00:06.197 Successfully matched event CheckInvariants:e54[1;m
[1;36m[1;36mRound 62[1;37m[1;m
[1;42m[1;37mNo correctness violations![1;m
[1;36m[1;44m00:16.020 00:06.299 Successfully matched event CheckInvariants:e55[1;m
[1;36m[1;36mRound 63[1;37m[1;m
[1;42m[1;37mNo correctness violations![1;m
[1;36m[1;44m00:16.123 00:06.401 Successfully matched event CheckInvariants:e56[1;m
[1;36m[1;36mRound 64[1;37m[1;m
[1;42m[1;37mNo correctness violations![1;m
[1;36m[1;44m00:16.226 00:06.503 Successfully matched event CheckInvariants:e58[1;m
[1;36m[1;36mRound 65[1;37m[1;m
[1;36mForwarding dataplane event[1;m
INFO:host:[IPAddr('10.2.2.2')]:Recieved packet [00:00:00:00:02:02>01:23:20:00:00:01:LLDP]|<chasis ID:64:70:69:64:3a:32><port ID:32><ttl:120><pox.lib.packet.lldp.system_description object at 0x106bb5790><tlv end> on interface eth2
[1;42m[1;37mNo correctness violations![1;m
[1;36m[1;44m00:16.330 00:06.605 Successfully matched event CheckInvariants:e61[1;m
[1;36m[1;36mRound 66[1;37m[1;m
[1;42m[1;37mNo correctness violations![1;m
[1;36m[1;44m00:16.432 00:06.708 Successfully matched event CheckInvariants:e63[1;m
[1;36m[1;36mRound 67[1;37m[1;m
INFO:host:[IPAddr('10.2.2.2')]:sending packet on interface eth2: [12:34:56:78:02:02>12:34:56:78:01:02:IP]|([v:4hl:5l:72t:64]ICMP cs:42b5[10.2.2.2>10.1.2.2]){t:ECHO_REPLY c:0 chk:e37}{id:20585 seq:28263}
[1;36m[1;44m00:16.536 00:06.810 Successfully matched event TrafficInjection:e64[1;m
[1;36m[1;36mRound 68[1;37m[1;m
[1;36mForwarding dataplane event[1;m
[1;42m[1;37mNo correctness violations![1;m
[1;36m[1;44m00:16.537 00:06.811 Successfully matched event CheckInvariants:e65[1;m
[1;41m[1;33m[c1] DEBUG:forwarding.l2_multi:Installing path for 12:34:56:78:02:02 -> 12:34:56:78:01:02 0800 (2 hops)[1;m

[1;42m[1;37mNo correctness violations![1;m
[1;36m[1;44m00:16.640 00:06.913 Successfully matched event CheckInvariants:e68[1;m
[1;36m[1;36mRound 69[1;37m[1;m
[1;42m[1;37mNo correctness violations![1;m
[1;36m[1;44m00:16.743 00:07.015 Successfully matched event CheckInvariants:e71[1;m
[1;36m[1;36mRound 70[1;37m[1;m
[1;36mForwarding dataplane event[1;m
[1;42m[1;37mNo correctness violations![1;m
[1;36m[1;44m00:16.848 00:07.118 Successfully matched event CheckInvariants:e73[1;m
[1;36m[1;36mRound 71[1;37m[1;m
[1;36mForwarding dataplane event[1;m
INFO:host:[IPAddr('10.1.2.2')]:Sending RST on interface eth1: in reponse to: [12:34:56:78:02:02>12:34:56:78:01:02:IP]|([v:4hl:5l:72t:64]ICMP cs:42b5[10.2.2.2>10.1.2.2]){t:ECHO_REPLY c:0 chk:e37}{id:20585 seq:28263}
INFO:host:[IPAddr('10.1.2.2')]:sending packet on interface eth1: [12:34:56:78:01:02>12:34:56:78:02:02:IP]|([v:4hl:5l:20t:64]TCP cs:0[10.1.2.2>10.2.2.2]){0>0} seq:0 ack:0 f:0x0
INFO:host:[IPAddr('10.1.2.2')]:Recieved packet [12:34:56:78:02:02>12:34:56:78:01:02:IP]|([v:4hl:5l:72t:64]ICMP cs:42b5[10.2.2.2>10.1.2.2]){t:ECHO_REPLY c:0 chk:e37}{id:20585 seq:28263} on interface eth1
[1;42m[1;37mNo correctness violations![1;m
[1;36m[1;44m00:16.951 00:07.221 Successfully matched event CheckInvariants:e75[1;m
[1;36m[1;36mRound 72[1;37m[1;m
[1;36mForwarding dataplane event[1;m
INFO:packet:(tcp parse) warning TCP data offset too long or too short 0
[1;41m[1;33m[c1] INFO:packet:(tcp parse) warning TCP data offset too long or too short 0[1;m

[1;41m[1;33m[c1] INFO:packet:(tcp parse) warning TCP data offset too long or too short 0[1;m

[1;41m[1;33m[c1] DEBUG:forwarding.l2_multi:Installing path for 12:34:56:78:01:02 -> 12:34:56:78:02:02 0800 (2 hops)[1;m

[1;41m[1;33m[c1] INFO:packet:(tcp parse) warning TCP data offset too long or too short 0[1;m

[1;42m[1;37mNo correctness violations![1;m
[1;36m[1;44m00:17.056 00:07.325 Successfully matched event CheckInvariants:e78[1;m
[1;36m[1;36mRound 73[1;37m[1;m
WARNING:FuzzSoftwareSwitch(1):Buffer 0 has already been flushed
[1;41m[1;37mThe following correctness violations have occurred: ['123Found'][1;m
[1;41m[1;37mPersistent violations detected!: ['123Found'][1;m
[1;36m[1;44m00:17.160 00:07.428 Successfully matched event CheckInvariants:e82[1;m
[1;36m[1;36mRound 74[1;37m[1;m
[1;36mForwarding dataplane event[1;m
INFO:events:WaitTime: pausing simulation for 1.000000 seconds
[1;36m[1;44m00:18.162 00:07.429 Successfully matched event WaitTime:e84[1;m
[1;36m[1;36mRound -1[1;37m[1;m
[1;41m[1;37mViolations at end of trace: ['123Found'][1;m
[1;36m[1;44mEvent Stats: Events matched: 37, timed out: 22
Matches per event type:
  WaitTime 1
  ConnectToControllers 1
  ControlMessageSend 2
  TrafficInjection 3
  ControlMessageReceive 7
  CheckInvariants 23
Timeouts per event type:
  ControlMessageSend 7
  ControlMessageReceive 15
[1;m
[1;36m[1;44mDataplaneDrop Stats: Expected drops (0), Actual drops (0)
Missed Drops (expected if TrafficInjections pruned):[1;m
[1;36mKilling controller c1 (pid 15214)[1;m
Killing child controllers...close() called on stdout during concurrent operation
 OK
