Sleeping 0 seconds after run
Sleeping 0 seconds after run
Sleeping 0 seconds after run
Violation reproduced successfully! Proceeding with pruning
Sleeping 0 seconds after run
Sleeping 0 seconds after run
Sleeping 0 seconds after run
Sleeping 0 seconds after run
Sleeping 0 seconds after run
Sleeping 0 seconds after run
Sleeping 0 seconds after run
	** No events pruned for event type <class 'sts.replay_event.HostMigration'>. Next!
	** No events pruned for event type <class 'sts.replay_event.ControllerFailure'>. Next!
	** No events pruned for event type <class 'sts.replay_event.ControllerRecovery'>. Next!
	** No events pruned for event type <class 'sts.replay_event.PolicyChange'>. Next!
Sleeping 0 seconds after run
Sleeping 0 seconds after run
Subsets:
l/0: e4 e5 e9 e10 e18 e19 a(e20,e21) a(e27,e29) a(e28,e30) e45 e46 e47 e48 e49 e50 e51 e52 e53 e62 e63 e64 e65 e66 e67 e68 e69 e70 a(e71,e72) a(e74,e81) e75 e76 e77 e78 e79 e82 e83 e86 e87 a(e88,e89) e91 e96 e97 e98 e99 a(e101,e102) e112 e113 e114 e115 e116 e117 e118 a(e119,e152) e120 e121 e126 e127 e128 e129 e130 e131 e132 e133 e134 e135 e136 e137 e138 e139 e140 e143 e144 e145 e146 e153 e154 e155 e156 e157 e158 e159 e160 e161 e162 e163 e164 e169 e170 e171 e172 e173 a(e174,e175) e190 e191 e192 e193 e194 e195 e203 e204 e205 a(e206,e207) e209 e210 e211 e212 e213 e214 e215 e216 e217 a(e218,e219) a(e220,e226) a(e221,e232) e222 e227 e228 a(e229,e230) e233 e234 a(e235,e236) a(e240,e252) e241 e242 e243 e244 e245 e246 a(e247,e248) e256 e257 e258 a(e259,e260) e268 e269 e270 e271 e272 e273 a(e274,e281) a(e275,e282) e276 e277 e278 e279 e280 e283 e284 e285 e286 e291 e292 a(e293,e294) e296 e297 e301 a(e302,e303) e306 e314 e315 e316 e317 e318 e319 e320 e321 e322 a(e323,e328) a(e324,e327) e325 e326 e329 e330 e335 e336 e337 e338 e339 e340 e341 e342 e343 e344 e346 e347 e348 a(e349,e358) e350 e351 e352 e353 e354 e355 e356 e357 a(e359,e367) e360 e361 e362 e363 e364 a(e366,e374) e368 e369 e370 e371 e372 e375 e376 e377 e378 e379 e380 e385 e386 e387 e388 e389 e390 e391 e392 e393 e394 e397 e398 e399 e400 e410 e411 e412 e413 e414 e415 e416 e417 e419 e420 a(e421,e422) e430 e431 e432 e433 e434 e435 e436 e437 e438
r/0: e439 e440 e442 e443 e444 e445 e446 e447 a(e448,e449) a(e451,e459) e452 e453 e454 e455 e456 e460 e461 e462 e463 e464 e465 e466 e470 e471 e472 e473 e474 e475 a(e476,e477) e479 e480 e481 e482 e483 e484 e485 e486 e487 e488 e489 e490 e491 e492 a(e497,e512) e498 e499 e500 e501 e502 e504 e505 e506 e507 e508 e509 a(e510,e511) e513 e514 e515 e516 e517 e518 e519 e520 a(e521,e522) e524 e525 e526 e527 e528 a(e530,e546) e531 e532 e533 e534 e535 e536 e537 e538 a(e539,e541) a(e540,e542) e547 e548 e549 e550 e551 a(e552,e553) e557 e558 e559 e560 e561 e562 e563 e573 e574 e575 e576 e577 e578 e579 e580 e581 a(e582,e583) a(e585,e594) e586 e587 e588 e589 e590 e591 e592 e593 e595 e596 e598 a(e600,e609) e601 e602 e606 e607 a(e610,e612) a(e611,e613) e623 e624 e625 e626 e627 e628 e629 e630 e631 e632 e633 e634 a(e635,e636) a(e639,e647) e640 e641 e642 e643 e644 e645 e648 e649 e650 e653 e654 e655 a(e656,e657) e658 e659 e660 e661 e662 e663 e664 a(e665,e666) e667 e668 e669 e671 e672 e673 e674 e675 e676 a(e677,e678) e679 e680 e681 e682 e683 e684 e685 e686 e687 e688 e689 e690 e691 e692 e693 e694 e695 e697 e698 e699 e700 e701 e702 e703 e704 e705 e706 e707 e708 a(e709,e711) a(e710,e712) e717 e718 e719 e720 e721 e722 e723 e724 e725 e726 e731 e732 e733 e734 a(e735,e736) e737 e738 e739 a(e740,e743) e741 e742 e744 e745 a(e746,e747) e750 e751 e752 e753 e754 e755 e756 e757 e758 e759 a(e760,e762) e761 e763 e764 e765 e766 e768 e769 e770 e771 e773 e774 e775
Current subset: l/0: e4 e5 e9 e10 e18 e19 a(e20,e21) a(e27,e29) a(e28,e30) e45 e46 e47 e48 e49 e50 e51 e52 e53 e62 e63 e64 e65 e66 e67 e68 e69 e70 a(e71,e72) a(e74,e81) e75 e76 e77 e78 e79 e82 e83 e86 e87 a(e88,e89) e91 e96 e97 e98 e99 a(e101,e102) e112 e113 e114 e115 e116 e117 e118 a(e119,e152) e120 e121 e126 e127 e128 e129 e130 e131 e132 e133 e134 e135 e136 e137 e138 e139 e140 e143 e144 e145 e146 e153 e154 e155 e156 e157 e158 e159 e160 e161 e162 e163 e164 e169 e170 e171 e172 e173 a(e174,e175) e190 e191 e192 e193 e194 e195 e203 e204 e205 a(e206,e207) e209 e210 e211 e212 e213 e214 e215 e216 e217 a(e218,e219) a(e220,e226) a(e221,e232) e222 e227 e228 a(e229,e230) e233 e234 a(e235,e236) a(e240,e252) e241 e242 e243 e244 e245 e246 a(e247,e248) e256 e257 e258 a(e259,e260) e268 e269 e270 e271 e272 e273 a(e274,e281) a(e275,e282) e276 e277 e278 e279 e280 e283 e284 e285 e286 e291 e292 a(e293,e294) e296 e297 e301 a(e302,e303) e306 e314 e315 e316 e317 e318 e319 e320 e321 e322 a(e323,e328) a(e324,e327) e325 e326 e329 e330 e335 e336 e337 e338 e339 e340 e341 e342 e343 e344 e346 e347 e348 a(e349,e358) e350 e351 e352 e353 e354 e355 e356 e357 a(e359,e367) e360 e361 e362 e363 e364 a(e366,e374) e368 e369 e370 e371 e372 e375 e376 e377 e378 e379 e380 e385 e386 e387 e388 e389 e390 e391 e392 e393 e394 e397 e398 e399 e400 e410 e411 e412 e413 e414 e415 e416 e417 e419 e420 a(e421,e422) e430 e431 e432 e433 e434 e435 e436 e437 e438
Sleeping 0 seconds after run
Sleeping 0 seconds after run
Sleeping 0 seconds after run
Sleeping 0 seconds after run
Sleeping 0 seconds after run
Sleeping 0 seconds after run
Sleeping 0 seconds after run
Sleeping 0 seconds after run
Sleeping 0 seconds after run
Sleeping 0 seconds after run
Sleeping 0 seconds after run
Sleeping 0 seconds after run
Sleeping 0 seconds after run
No violation in 0'th...
Current subset: r/0: e439 e440 e442 e443 e444 e445 e446 e447 a(e448,e449) a(e451,e459) e452 e453 e454 e455 e456 e460 e461 e462 e463 e464 e465 e466 e470 e471 e472 e473 e474 e475 a(e476,e477) e479 e480 e481 e482 e483 e484 e485 e486 e487 e488 e489 e490 e491 e492 a(e497,e512) e498 e499 e500 e501 e502 e504 e505 e506 e507 e508 e509 a(e510,e511) e513 e514 e515 e516 e517 e518 e519 e520 a(e521,e522) e524 e525 e526 e527 e528 a(e530,e546) e531 e532 e533 e534 e535 e536 e537 e538 a(e539,e541) a(e540,e542) e547 e548 e549 e550 e551 a(e552,e553) e557 e558 e559 e560 e561 e562 e563 e573 e574 e575 e576 e577 e578 e579 e580 e581 a(e582,e583) a(e585,e594) e586 e587 e588 e589 e590 e591 e592 e593 e595 e596 e598 a(e600,e609) e601 e602 e606 e607 a(e610,e612) a(e611,e613) e623 e624 e625 e626 e627 e628 e629 e630 e631 e632 e633 e634 a(e635,e636) a(e639,e647) e640 e641 e642 e643 e644 e645 e648 e649 e650 e653 e654 e655 a(e656,e657) e658 e659 e660 e661 e662 e663 e664 a(e665,e666) e667 e668 e669 e671 e672 e673 e674 e675 e676 a(e677,e678) e679 e680 e681 e682 e683 e684 e685 e686 e687 e688 e689 e690 e691 e692 e693 e694 e695 e697 e698 e699 e700 e701 e702 e703 e704 e705 e706 e707 e708 a(e709,e711) a(e710,e712) e717 e718 e719 e720 e721 e722 e723 e724 e725 e726 e731 e732 e733 e734 a(e735,e736) e737 e738 e739 a(e740,e743) e741 e742 e744 e745 a(e746,e747) e750 e751 e752 e753 e754 e755 e756 e757 e758 e759 a(e760,e762) e761 e763 e764 e765 e766 e768 e769 e770 e771 e773 e774 e775
Sleeping 0 seconds after run
Sleeping 0 seconds after run
Sleeping 0 seconds after run
Sleeping 0 seconds after run
Sleeping 0 seconds after run
Sleeping 0 seconds after run
Sleeping 0 seconds after run
Sleeping 0 seconds after run
Sleeping 0 seconds after run
Sleeping 0 seconds after run
Sleeping 0 seconds after run
Sleeping 0 seconds after run
Sleeping 0 seconds after run
No violation in 1'th...
Interference
Recursing on left half
Subsets:
il/0.l/1: e4 e5 e9 e10 e18 e19 a(e20,e21) a(e27,e29) a(e28,e30) e45 e46 e47 e48 e49 e50 e51 e52 e53 e62 e63 e64 e65 e66 e67 e68 e69 e70 a(e71,e72) a(e74,e81) e75 e76 e77 e78 e79 e82 e83 e86 e87 a(e88,e89) e91 e96 e97 e98 e99 a(e101,e102) e112 e113 e114 e115 e116 e117 e118 a(e119,e152) e120 e121 e126 e127 e128 e129 e130 e131 e132 e133 e134 e135 e136 e137 e138 e139 e140 e143 e144 e145 e146 e153 e154 e155 e156 e157 e158 e159 e160 e161 e162 e163 e164 e169 e170 e171 e172 e173 a(e174,e175) e190 e191 e192 e193 e194 e195 e203 e204 e205 a(e206,e207) e209 e210 e211 e212 e213 e214 e215 e216 e217 a(e218,e219) a(e220,e226) a(e221,e232) e222 e227 e228 a(e229,e230) e233 e234 a(e235,e236) a(e240,e252) e241 e242
il/0.r/1: e243 e244 e245 e246 a(e247,e248) e256 e257 e258 a(e259,e260) e268 e269 e270 e271 e272 e273 a(e274,e281) a(e275,e282) e276 e277 e278 e279 e280 e283 e284 e285 e286 e291 e292 a(e293,e294) e296 e297 e301 a(e302,e303) e306 e314 e315 e316 e317 e318 e319 e320 e321 e322 a(e323,e328) a(e324,e327) e325 e326 e329 e330 e335 e336 e337 e338 e339 e340 e341 e342 e343 e344 e346 e347 e348 a(e349,e358) e350 e351 e352 e353 e354 e355 e356 e357 a(e359,e367) e360 e361 e362 e363 e364 a(e366,e374) e368 e369 e370 e371 e372 e375 e376 e377 e378 e379 e380 e385 e386 e387 e388 e389 e390 e391 e392 e393 e394 e397 e398 e399 e400 e410 e411 e412 e413 e414 e415 e416 e417 e419 e420 a(e421,e422) e430 e431 e432 e433 e434 e435 e436 e437 e438
Current subset: il/0.l/1: e4 e5 e9 e10 e18 e19 a(e20,e21) a(e27,e29) a(e28,e30) e45 e46 e47 e48 e49 e50 e51 e52 e53 e62 e63 e64 e65 e66 e67 e68 e69 e70 a(e71,e72) a(e74,e81) e75 e76 e77 e78 e79 e82 e83 e86 e87 a(e88,e89) e91 e96 e97 e98 e99 a(e101,e102) e112 e113 e114 e115 e116 e117 e118 a(e119,e152) e120 e121 e126 e127 e128 e129 e130 e131 e132 e133 e134 e135 e136 e137 e138 e139 e140 e143 e144 e145 e146 e153 e154 e155 e156 e157 e158 e159 e160 e161 e162 e163 e164 e169 e170 e171 e172 e173 a(e174,e175) e190 e191 e192 e193 e194 e195 e203 e204 e205 a(e206,e207) e209 e210 e211 e212 e213 e214 e215 e216 e217 a(e218,e219) a(e220,e226) a(e221,e232) e222 e227 e228 a(e229,e230) e233 e234 a(e235,e236) a(e240,e252) e241 e242
Sleeping 0 seconds after run
Sleeping 0 seconds after run
Sleeping 0 seconds after run
Sleeping 0 seconds after run
Sleeping 0 seconds after run
Sleeping 0 seconds after run
Sleeping 0 seconds after run
Sleeping 0 seconds after run
Sleeping 0 seconds after run
Sleeping 0 seconds after run
Sleeping 0 seconds after run
Sleeping 0 seconds after run
Sleeping 0 seconds after run
Violation! Considering 0'th
Violation found in 0th half. Recursing
Subsets:
il/0.l/1.l/2: e4 e5 e9 e10 e18 e19 a(e20,e21) a(e27,e29) a(e28,e30) e45 e46 e47 e48 e49 e50 e51 e52 e53 e62 e63 e64 e65 e66 e67 e68 e69 e70 a(e71,e72) a(e74,e81) e75 e76 e77 e78 e79 e82 e83 e86 e87 a(e88,e89) e91 e96 e97 e98 e99 a(e101,e102) e112 e113 e114 e115 e116 e117 e118 a(e119,e152) e120 e121 e126 e127 e128 e129 e130 e131 e132
il/0.l/1.r/2: e133 e134 e135 e136 e137 e138 e139 e140 e143 e144 e145 e146 e153 e154 e155 e156 e157 e158 e159 e160 e161 e162 e163 e164 e169 e170 e171 e172 e173 a(e174,e175) e190 e191 e192 e193 e194 e195 e203 e204 e205 a(e206,e207) e209 e210 e211 e212 e213 e214 e215 e216 e217 a(e218,e219) a(e220,e226) a(e221,e232) e222 e227 e228 a(e229,e230) e233 e234 a(e235,e236) a(e240,e252) e241 e242
Current subset: il/0.l/1.l/2: e4 e5 e9 e10 e18 e19 a(e20,e21) a(e27,e29) a(e28,e30) e45 e46 e47 e48 e49 e50 e51 e52 e53 e62 e63 e64 e65 e66 e67 e68 e69 e70 a(e71,e72) a(e74,e81) e75 e76 e77 e78 e79 e82 e83 e86 e87 a(e88,e89) e91 e96 e97 e98 e99 a(e101,e102) e112 e113 e114 e115 e116 e117 e118 a(e119,e152) e120 e121 e126 e127 e128 e129 e130 e131 e132
Sleeping 0 seconds after run
Sleeping 0 seconds after run
Sleeping 0 seconds after run
Sleeping 0 seconds after run
Sleeping 0 seconds after run
Sleeping 0 seconds after run
Sleeping 0 seconds after run
Sleeping 0 seconds after run
Sleeping 0 seconds after run
Sleeping 0 seconds after run
Sleeping 0 seconds after run
Sleeping 0 seconds after run
Sleeping 0 seconds after run
No violation in 0'th...
Current subset: il/0.l/1.r/2: e133 e134 e135 e136 e137 e138 e139 e140 e143 e144 e145 e146 e153 e154 e155 e156 e157 e158 e159 e160 e161 e162 e163 e164 e169 e170 e171 e172 e173 a(e174,e175) e190 e191 e192 e193 e194 e195 e203 e204 e205 a(e206,e207) e209 e210 e211 e212 e213 e214 e215 e216 e217 a(e218,e219) a(e220,e226) a(e221,e232) e222 e227 e228 a(e229,e230) e233 e234 a(e235,e236) a(e240,e252) e241 e242
Sleeping 0 seconds after run
Sleeping 0 seconds after run
Sleeping 0 seconds after run
Sleeping 0 seconds after run
Sleeping 0 seconds after run
Sleeping 0 seconds after run
Sleeping 0 seconds after run
Sleeping 0 seconds after run
Sleeping 0 seconds after run
Sleeping 0 seconds after run
Sleeping 0 seconds after run
Sleeping 0 seconds after run
Sleeping 0 seconds after run
No violation in 1'th...
Interference
Recursing on left half
Subsets:
il/0.l/1.il/2.l/3: e4 e5 e9 e10 e18 e19 a(e20,e21) a(e27,e29) a(e28,e30) e45 e46 e47 e48 e49 e50 e51 e52 e53 e62 e63 e64 e65 e66 e67 e68 e69 e70 a(e71,e72) a(e74,e81) e75 e76
il/0.l/1.il/2.r/3: e77 e78 e79 e82 e83 e86 e87 a(e88,e89) e91 e96 e97 e98 e99 a(e101,e102) e112 e113 e114 e115 e116 e117 e118 a(e119,e152) e120 e121 e126 e127 e128 e129 e130 e131 e132
Current subset: il/0.l/1.il/2.l/3: e4 e5 e9 e10 e18 e19 a(e20,e21) a(e27,e29) a(e28,e30) e45 e46 e47 e48 e49 e50 e51 e52 e53 e62 e63 e64 e65 e66 e67 e68 e69 e70 a(e71,e72) a(e74,e81) e75 e76
Sleeping 0 seconds after run
Sleeping 0 seconds after run
Sleeping 0 seconds after run
Sleeping 0 seconds after run
Sleeping 0 seconds after run
Sleeping 0 seconds after run
Sleeping 0 seconds after run
Sleeping 0 seconds after run
Sleeping 0 seconds after run
Sleeping 0 seconds after run
Sleeping 0 seconds after run
Sleeping 0 seconds after run
Sleeping 0 seconds after run
No violation in 0'th...
Current subset: il/0.l/1.il/2.r/3: e77 e78 e79 e82 e83 e86 e87 a(e88,e89) e91 e96 e97 e98 e99 a(e101,e102) e112 e113 e114 e115 e116 e117 e118 a(e119,e152) e120 e121 e126 e127 e128 e129 e130 e131 e132
Sleeping 0 seconds after run
Sleeping 0 seconds after run
Sleeping 0 seconds after run
Sleeping 0 seconds after run
Sleeping 0 seconds after run
Sleeping 0 seconds after run
Sleeping 0 seconds after run
Sleeping 0 seconds after run
Sleeping 0 seconds after run
Sleeping 0 seconds after run
Sleeping 0 seconds after run
Sleeping 0 seconds after run
Sleeping 0 seconds after run
No violation in 1'th...
Interference
Recursing on left half
Subsets:
il/0.l/1.il/2.il/3.l/4: e4 e5 e9 e10 e18 e19 a(e20,e21) a(e27,e29) a(e28,e30) e45 e46 e47 e48 e49 e50 e51
il/0.l/1.il/2.il/3.r/4: e52 e53 e62 e63 e64 e65 e66 e67 e68 e69 e70 a(e71,e72) a(e74,e81) e75 e76
Current subset: il/0.l/1.il/2.il/3.l/4: e4 e5 e9 e10 e18 e19 a(e20,e21) a(e27,e29) a(e28,e30) e45 e46 e47 e48 e49 e50 e51
Sleeping 0 seconds after run
Sleeping 0 seconds after run
Sleeping 0 seconds after run
Sleeping 0 seconds after run
Sleeping 0 seconds after run
Sleeping 0 seconds after run
Sleeping 0 seconds after run
Sleeping 0 seconds after run
Sleeping 0 seconds after run
Sleeping 0 seconds after run
Sleeping 0 seconds after run
Sleeping 0 seconds after run
Sleeping 0 seconds after run
No violation in 0'th...
Current subset: il/0.l/1.il/2.il/3.r/4: e52 e53 e62 e63 e64 e65 e66 e67 e68 e69 e70 a(e71,e72) a(e74,e81) e75 e76
Sleeping 0 seconds after run
Sleeping 0 seconds after run
Sleeping 0 seconds after run
Sleeping 0 seconds after run
Sleeping 0 seconds after run
Sleeping 0 seconds after run
Sleeping 0 seconds after run
Sleeping 0 seconds after run
Sleeping 0 seconds after run
Sleeping 0 seconds after run
Sleeping 0 seconds after run
Sleeping 0 seconds after run
Sleeping 0 seconds after run
No violation in 1'th...
Interference
Recursing on left half
Subsets:
il/0.l/1.il/2.il/3.il/4.l/5: e4 e5 e9 e10 e18 e19 a(e20,e21) a(e27,e29)
il/0.l/1.il/2.il/3.il/4.r/5: a(e28,e30) e45 e46 e47 e48 e49 e50 e51
Current subset: il/0.l/1.il/2.il/3.il/4.l/5: e4 e5 e9 e10 e18 e19 a(e20,e21) a(e27,e29)
Sleeping 0 seconds after run
Sleeping 0 seconds after run
Sleeping 0 seconds after run
Sleeping 0 seconds after run
Sleeping 0 seconds after run
Sleeping 0 seconds after run
Sleeping 0 seconds after run
Sleeping 0 seconds after run
Sleeping 0 seconds after run
Sleeping 0 seconds after run
Sleeping 0 seconds after run
Sleeping 0 seconds after run
Sleeping 0 seconds after run
No violation in 0'th...
Current subset: il/0.l/1.il/2.il/3.il/4.r/5: a(e28,e30) e45 e46 e47 e48 e49 e50 e51
Sleeping 0 seconds after run
Sleeping 0 seconds after run
Sleeping 0 seconds after run
Sleeping 0 seconds after run
Sleeping 0 seconds after run
Sleeping 0 seconds after run
Sleeping 0 seconds after run
Sleeping 0 seconds after run
Sleeping 0 seconds after run
Sleeping 0 seconds after run
Sleeping 0 seconds after run
Sleeping 0 seconds after run
Sleeping 0 seconds after run
No violation in 1'th...
Interference
Recursing on left half
Subsets:
il/0.l/1.il/2.il/3.il/4.il/5.l/6: e4 e5 e9 e10
il/0.l/1.il/2.il/3.il/4.il/5.r/6: e18 e19 a(e20,e21) a(e27,e29)
Current subset: il/0.l/1.il/2.il/3.il/4.il/5.l/6: e4 e5 e9 e10
Sleeping 0 seconds after run
Sleeping 0 seconds after run
Sleeping 0 seconds after run
Sleeping 0 seconds after run
Sleeping 0 seconds after run
Sleeping 0 seconds after run
Sleeping 0 seconds after run
Sleeping 0 seconds after run
Sleeping 0 seconds after run
Sleeping 0 seconds after run
Sleeping 0 seconds after run
Sleeping 0 seconds after run
Sleeping 0 seconds after run
No violation in 0'th...
Current subset: il/0.l/1.il/2.il/3.il/4.il/5.r/6: e18 e19 a(e20,e21) a(e27,e29)
Sleeping 0 seconds after run
Violation! Considering 1'th
Violation found in 1th half. Recursing
Subsets:
il/0.l/1.il/2.il/3.il/4.il/5.r/6.l/7: e18 e19
il/0.l/1.il/2.il/3.il/4.il/5.r/6.r/7: a(e20,e21) a(e27,e29)
Current subset: il/0.l/1.il/2.il/3.il/4.il/5.r/6.l/7: e18 e19
Sleeping 0 seconds after run
Violation! Considering 0'th
Violation found in 0th half. Recursing
Subsets:
il/0.l/1.il/2.il/3.il/4.il/5.r/6.l/7.l/8: e18
il/0.l/1.il/2.il/3.il/4.il/5.r/6.l/7.r/8: e19
Current subset: il/0.l/1.il/2.il/3.il/4.il/5.r/6.l/7.l/8: e18
Sleeping 0 seconds after run
Sleeping 0 seconds after run
Sleeping 0 seconds after run
Violation! Considering 0'th
Violation found in 0th half. Recursing
Base case [TrafficInjection:e18]
Recursing on right half
Subsets:
il/0.l/1.il/2.il/3.il/4.ir/5.l/6: a(e28,e30) e45 e46 e47
il/0.l/1.il/2.il/3.il/4.ir/5.r/6: e48 e49 e50 e51
Current subset: il/0.l/1.il/2.il/3.il/4.ir/5.l/6: a(e28,e30) e45 e46 e47
Sleeping 0 seconds after run
Sleeping 0 seconds after run
Sleeping 0 seconds after run
Sleeping 0 seconds after run
Violation! Considering 0'th
Violation found in 0th half. Recursing
Subsets:
il/0.l/1.il/2.il/3.il/4.ir/5.l/6.l/7: a(e28,e30) e45
il/0.l/1.il/2.il/3.il/4.ir/5.l/6.r/7: e46 e47
Current subset: il/0.l/1.il/2.il/3.il/4.ir/5.l/6.l/7: a(e28,e30) e45
Sleeping 0 seconds after run
Sleeping 0 seconds after run
Sleeping 0 seconds after run
Violation! Considering 0'th
Violation found in 0th half. Recursing
Subsets:
il/0.l/1.il/2.il/3.il/4.ir/5.l/6.l/7.l/8: a(e28,e30)
il/0.l/1.il/2.il/3.il/4.ir/5.l/6.l/7.r/8: e45
Current subset: il/0.l/1.il/2.il/3.il/4.ir/5.l/6.l/7.l/8: a(e28,e30)
Sleeping 0 seconds after run
Sleeping 0 seconds after run
Sleeping 0 seconds after run
Sleeping 0 seconds after run
Sleeping 0 seconds after run
Sleeping 0 seconds after run
Sleeping 0 seconds after run
Sleeping 0 seconds after run
Sleeping 0 seconds after run
Sleeping 0 seconds after run
Sleeping 0 seconds after run
Sleeping 0 seconds after run
Sleeping 0 seconds after run
No violation in 0'th...
Current subset: il/0.l/1.il/2.il/3.il/4.ir/5.l/6.l/7.r/8: e45
Sleeping 0 seconds after run
Sleeping 0 seconds after run
Sleeping 0 seconds after run
Sleeping 0 seconds after run
Sleeping 0 seconds after run
Sleeping 0 seconds after run
Sleeping 0 seconds after run
Sleeping 0 seconds after run
Sleeping 0 seconds after run
Sleeping 0 seconds after run
Sleeping 0 seconds after run
Sleeping 0 seconds after run
Sleeping 0 seconds after run
No violation in 1'th...
Interference
Recursing on left half
Base case [ControlChannelBlock:e28:('ControlChannelBlock', 3, (u'127.0.0.1', 6633)), ControlChannelUnblock:e30:('ControlChannelUnblock', 3, (u'127.0.0.1', 6633))]
Recursing on right half
Base case [TrafficInjection:e45]
Recursing on right half
Subsets:
il/0.l/1.il/2.il/3.ir/4.l/5: e52 e53 e62 e63 e64 e65 e66 e67
il/0.l/1.il/2.il/3.ir/4.r/5: e68 e69 e70 a(e71,e72) a(e74,e81) e75 e76
Current subset: il/0.l/1.il/2.il/3.ir/4.l/5: e52 e53 e62 e63 e64 e65 e66 e67
Sleeping 0 seconds after run
Sleeping 0 seconds after run
Sleeping 0 seconds after run
Sleeping 0 seconds after run
Sleeping 0 seconds after run
Sleeping 0 seconds after run
Sleeping 0 seconds after run
Sleeping 0 seconds after run
Sleeping 0 seconds after run
Sleeping 0 seconds after run
Sleeping 0 seconds after run
Sleeping 0 seconds after run
Sleeping 0 seconds after run
No violation in 0'th...
Current subset: il/0.l/1.il/2.il/3.ir/4.r/5: e68 e69 e70 a(e71,e72) a(e74,e81) e75 e76
Sleeping 0 seconds after run
Sleeping 0 seconds after run
Sleeping 0 seconds after run
Sleeping 0 seconds after run
Sleeping 0 seconds after run
Sleeping 0 seconds after run
Sleeping 0 seconds after run
Sleeping 0 seconds after run
Sleeping 0 seconds after run
Sleeping 0 seconds after run
Sleeping 0 seconds after run
Sleeping 0 seconds after run
Sleeping 0 seconds after run
No violation in 1'th...
Interference
Recursing on left half
Subsets:
il/0.l/1.il/2.il/3.ir/4.il/5.l/6: e52 e53 e62 e63
il/0.l/1.il/2.il/3.ir/4.il/5.r/6: e64 e65 e66 e67
Current subset: il/0.l/1.il/2.il/3.ir/4.il/5.l/6: e52 e53 e62 e63
Sleeping 0 seconds after run
Sleeping 0 seconds after run
Sleeping 0 seconds after run
Sleeping 0 seconds after run
Sleeping 0 seconds after run
Sleeping 0 seconds after run
Sleeping 0 seconds after run
Sleeping 0 seconds after run
Sleeping 0 seconds after run
Sleeping 0 seconds after run
Sleeping 0 seconds after run
Sleeping 0 seconds after run
Sleeping 0 seconds after run
No violation in 0'th...
Current subset: il/0.l/1.il/2.il/3.ir/4.il/5.r/6: e64 e65 e66 e67
Sleeping 0 seconds after run
Sleeping 0 seconds after run
Sleeping 0 seconds after run
Sleeping 0 seconds after run
Sleeping 0 seconds after run
Sleeping 0 seconds after run
Sleeping 0 seconds after run
Sleeping 0 seconds after run
Sleeping 0 seconds after run
Sleeping 0 seconds after run
Sleeping 0 seconds after run
Sleeping 0 seconds after run
Sleeping 0 seconds after run
No violation in 1'th...
Interference
Recursing on left half
Subsets:
il/0.l/1.il/2.il/3.ir/4.il/5.il/6.l/7: e52 e53
il/0.l/1.il/2.il/3.ir/4.il/5.il/6.r/7: e62 e63
Current subset: il/0.l/1.il/2.il/3.ir/4.il/5.il/6.l/7: e52 e53
Sleeping 0 seconds after run
Sleeping 0 seconds after run
Sleeping 0 seconds after run
Sleeping 0 seconds after run
Sleeping 0 seconds after run
Sleeping 0 seconds after run
Sleeping 0 seconds after run
Sleeping 0 seconds after run
Sleeping 0 seconds after run
Sleeping 0 seconds after run
Sleeping 0 seconds after run
Sleeping 0 seconds after run
Sleeping 0 seconds after run
No violation in 0'th...
Current subset: il/0.l/1.il/2.il/3.ir/4.il/5.il/6.r/7: e62 e63
Sleeping 0 seconds after run
Sleeping 0 seconds after run
Sleeping 0 seconds after run
Sleeping 0 seconds after run
Sleeping 0 seconds after run
Sleeping 0 seconds after run
Sleeping 0 seconds after run
Sleeping 0 seconds after run
Sleeping 0 seconds after run
Sleeping 0 seconds after run
Sleeping 0 seconds after run
Sleeping 0 seconds after run
Sleeping 0 seconds after run
No violation in 1'th...
Interference
Recursing on left half
Subsets:
il/0.l/1.il/2.il/3.ir/4.il/5.il/6.il/7.l/8: e52
il/0.l/1.il/2.il/3.ir/4.il/5.il/6.il/7.r/8: e53
Current subset: il/0.l/1.il/2.il/3.ir/4.il/5.il/6.il/7.l/8: e52
Sleeping 0 seconds after run
Sleeping 0 seconds after run
Sleeping 0 seconds after run
Sleeping 0 seconds after run
Sleeping 0 seconds after run
Sleeping 0 seconds after run
Sleeping 0 seconds after run
Sleeping 0 seconds after run
Sleeping 0 seconds after run
Sleeping 0 seconds after run
Sleeping 0 seconds after run
Sleeping 0 seconds after run
Sleeping 0 seconds after run
No violation in 0'th...
Current subset: il/0.l/1.il/2.il/3.ir/4.il/5.il/6.il/7.r/8: e53
Sleeping 0 seconds after run
Sleeping 0 seconds after run
Sleeping 0 seconds after run
Sleeping 0 seconds after run
Sleeping 0 seconds after run
Sleeping 0 seconds after run
Sleeping 0 seconds after run
Sleeping 0 seconds after run
Sleeping 0 seconds after run
Sleeping 0 seconds after run
Sleeping 0 seconds after run
Sleeping 0 seconds after run
Sleeping 0 seconds after run
No violation in 1'th...
Interference
Recursing on left half
Base case [DataplanePermit:e52:(u'DataplanePermit', DPFingerprint{u'class': u'lldp'}, 1, 3)]
Recursing on right half
Base case [DataplanePermit:e53:(u'DataplanePermit', DPFingerprint{u'dl_type': 35138}, 1, 3)]
Recursing on right half
Subsets:
il/0.l/1.il/2.il/3.ir/4.il/5.il/6.ir/7.l/8: e62
il/0.l/1.il/2.il/3.ir/4.il/5.il/6.ir/7.r/8: e63
Current subset: il/0.l/1.il/2.il/3.ir/4.il/5.il/6.ir/7.l/8: e62
Sleeping 0 seconds after run
Sleeping 0 seconds after run
Sleeping 0 seconds after run
Sleeping 0 seconds after run
Sleeping 0 seconds after run
Sleeping 0 seconds after run
Sleeping 0 seconds after run
Sleeping 0 seconds after run
Sleeping 0 seconds after run
Sleeping 0 seconds after run
Sleeping 0 seconds after run
Sleeping 0 seconds after run
Sleeping 0 seconds after run
No violation in 0'th...
Current subset: il/0.l/1.il/2.il/3.ir/4.il/5.il/6.ir/7.r/8: e63
Sleeping 0 seconds after run
Sleeping 0 seconds after run
Sleeping 0 seconds after run
Sleeping 0 seconds after run
Sleeping 0 seconds after run
Sleeping 0 seconds after run
Sleeping 0 seconds after run
Sleeping 0 seconds after run
Sleeping 0 seconds after run
Sleeping 0 seconds after run
Sleeping 0 seconds after run
Sleeping 0 seconds after run
Sleeping 0 seconds after run
No violation in 1'th...
Interference
Recursing on left half
Base case [TrafficInjection:e62]
Recursing on right half
Base case [DataplaneDrop:e63:(u'DataplaneDrop', DPFingerprint{u'dl_type': 35138}, 3, 2)]
Recursing on right half
Subsets:
il/0.l/1.il/2.il/3.ir/4.il/5.ir/6.l/7: e64 e65
il/0.l/1.il/2.il/3.ir/4.il/5.ir/6.r/7: e66 e67
Current subset: il/0.l/1.il/2.il/3.ir/4.il/5.ir/6.l/7: e64 e65
Sleeping 0 seconds after run
Sleeping 0 seconds after run
Sleeping 0 seconds after run
Sleeping 0 seconds after run
Sleeping 0 seconds after run
Sleeping 0 seconds after run
Sleeping 0 seconds after run
Sleeping 0 seconds after run
Sleeping 0 seconds after run
Sleeping 0 seconds after run
Sleeping 0 seconds after run
Sleeping 0 seconds after run
Sleeping 0 seconds after run
No violation in 0'th...
Current subset: il/0.l/1.il/2.il/3.ir/4.il/5.ir/6.r/7: e66 e67
Sleeping 0 seconds after run
Sleeping 0 seconds after run
Sleeping 0 seconds after run
Sleeping 0 seconds after run
Sleeping 0 seconds after run
Sleeping 0 seconds after run
Sleeping 0 seconds after run
Sleeping 0 seconds after run
Sleeping 0 seconds after run
Sleeping 0 seconds after run
Sleeping 0 seconds after run
Sleeping 0 seconds after run
Sleeping 0 seconds after run
No violation in 1'th...
Interference
Recursing on left half
Subsets:
il/0.l/1.il/2.il/3.ir/4.il/5.ir/6.il/7.l/8: e64
il/0.l/1.il/2.il/3.ir/4.il/5.ir/6.il/7.r/8: e65
Current subset: il/0.l/1.il/2.il/3.ir/4.il/5.ir/6.il/7.l/8: e64
Sleeping 0 seconds after run
Sleeping 0 seconds after run
Sleeping 0 seconds after run
Sleeping 0 seconds after run
Sleeping 0 seconds after run
Sleeping 0 seconds after run
Sleeping 0 seconds after run
Sleeping 0 seconds after run
Sleeping 0 seconds after run
Sleeping 0 seconds after run
Sleeping 0 seconds after run
Sleeping 0 seconds after run
Sleeping 0 seconds after run
No violation in 0'th...
Current subset: il/0.l/1.il/2.il/3.ir/4.il/5.ir/6.il/7.r/8: e65
Sleeping 0 seconds after run
Sleeping 0 seconds after run
Sleeping 0 seconds after run
Sleeping 0 seconds after run
Sleeping 0 seconds after run
Sleeping 0 seconds after run
Sleeping 0 seconds after run
Sleeping 0 seconds after run
Sleeping 0 seconds after run
Sleeping 0 seconds after run
Sleeping 0 seconds after run
Sleeping 0 seconds after run
Sleeping 0 seconds after run
No violation in 1'th...
Interference
Recursing on left half
Base case [DataplanePermit:e64:(u'DataplanePermit', DPFingerprint{u'dl_dst': u'12:34:56:78:03:03', u'nw_src': u'123.123.1.3', u'dl_src': u'12:34:56:78:01:03', u'nw_dst': u'123.123.3.3'}, u"host:[IPAddr('123.123.1.3')]", u'12:34:56:78:01:03')]
Recursing on right half
Base case [DataplanePermit:e65:(u'DataplanePermit', DPFingerprint{u'dl_type': 35138}, 3, 1)]
Recursing on right half
Subsets:
il/0.l/1.il/2.il/3.ir/4.il/5.ir/6.ir/7.l/8: e66
il/0.l/1.il/2.il/3.ir/4.il/5.ir/6.ir/7.r/8: e67
Current subset: il/0.l/1.il/2.il/3.ir/4.il/5.ir/6.ir/7.l/8: e66
Sleeping 0 seconds after run
Sleeping 0 seconds after run
Sleeping 0 seconds after run
Sleeping 0 seconds after run
Sleeping 0 seconds after run
Sleeping 0 seconds after run
Sleeping 0 seconds after run
Sleeping 0 seconds after run
Sleeping 0 seconds after run
Sleeping 0 seconds after run
Sleeping 0 seconds after run
Sleeping 0 seconds after run
Sleeping 0 seconds after run
No violation in 0'th...
Current subset: il/0.l/1.il/2.il/3.ir/4.il/5.ir/6.ir/7.r/8: e67
Sleeping 0 seconds after run
Sleeping 0 seconds after run
Sleeping 0 seconds after run
Sleeping 0 seconds after run
Sleeping 0 seconds after run
Sleeping 0 seconds after run
Sleeping 0 seconds after run
Sleeping 0 seconds after run
Sleeping 0 seconds after run
Sleeping 0 seconds after run
Sleeping 0 seconds after run
Sleeping 0 seconds after run
Sleeping 0 seconds after run
No violation in 1'th...
Interference
Recursing on left half
Base case [DataplanePermit:e66:(u'DataplanePermit', DPFingerprint{u'class': u'lldp'}, 1, 2)]
Recursing on right half
Base case [DataplanePermit:e67:(u'DataplanePermit', DPFingerprint{u'dl_type': 35138}, 3, 3)]
Recursing on right half
Subsets:
il/0.l/1.il/2.il/3.ir/4.ir/5.l/6: e68 e69 e70 a(e71,e72)
il/0.l/1.il/2.il/3.ir/4.ir/5.r/6: a(e74,e81) e75 e76
Current subset: il/0.l/1.il/2.il/3.ir/4.ir/5.l/6: e68 e69 e70 a(e71,e72)
Sleeping 0 seconds after run
Sleeping 0 seconds after run
Sleeping 0 seconds after run
Sleeping 0 seconds after run
Sleeping 0 seconds after run
Sleeping 0 seconds after run
Sleeping 0 seconds after run
Sleeping 0 seconds after run
Sleeping 0 seconds after run
Sleeping 0 seconds after run
Sleeping 0 seconds after run
Sleeping 0 seconds after run
Sleeping 0 seconds after run
No violation in 0'th...
Current subset: il/0.l/1.il/2.il/3.ir/4.ir/5.r/6: a(e74,e81) e75 e76
Sleeping 0 seconds after run
Sleeping 0 seconds after run
Sleeping 0 seconds after run
Sleeping 0 seconds after run
Sleeping 0 seconds after run
Sleeping 0 seconds after run
Sleeping 0 seconds after run
Sleeping 0 seconds after run
Sleeping 0 seconds after run
Sleeping 0 seconds after run
Sleeping 0 seconds after run
Sleeping 0 seconds after run
Sleeping 0 seconds after run
No violation in 1'th...
Interference
Recursing on left half
Subsets:
il/0.l/1.il/2.il/3.ir/4.ir/5.il/6.l/7: e68 e69
il/0.l/1.il/2.il/3.ir/4.ir/5.il/6.r/7: e70 a(e71,e72)
Current subset: il/0.l/1.il/2.il/3.ir/4.ir/5.il/6.l/7: e68 e69
Sleeping 0 seconds after run
Sleeping 0 seconds after run
Sleeping 0 seconds after run
Sleeping 0 seconds after run
Violation! Considering 0'th
Violation found in 0th half. Recursing
Subsets:
il/0.l/1.il/2.il/3.ir/4.ir/5.il/6.l/7.l/8: e68
il/0.l/1.il/2.il/3.ir/4.ir/5.il/6.l/7.r/8: e69
Current subset: il/0.l/1.il/2.il/3.ir/4.ir/5.il/6.l/7.l/8: e68
Sleeping 0 seconds after run
Sleeping 0 seconds after run
Sleeping 0 seconds after run
Sleeping 0 seconds after run
Sleeping 0 seconds after run
Sleeping 0 seconds after run
Sleeping 0 seconds after run
Sleeping 0 seconds after run
Sleeping 0 seconds after run
Sleeping 0 seconds after run
Sleeping 0 seconds after run
Sleeping 0 seconds after run
Sleeping 0 seconds after run
No violation in 0'th...
Current subset: il/0.l/1.il/2.il/3.ir/4.ir/5.il/6.l/7.r/8: e69
Sleeping 0 seconds after run
Sleeping 0 seconds after run
Sleeping 0 seconds after run
Violation! Considering 1'th
Violation found in 1th half. Recursing
Base case [DataplaneDrop:e69:(u'DataplaneDrop', DPFingerprint{u'class': u'lldp'}, 3, 2)]
Recursing on right half
Subsets:
il/0.l/1.il/2.il/3.ir/4.ir/5.ir/6.l/7: a(e74,e81) e75
il/0.l/1.il/2.il/3.ir/4.ir/5.ir/6.r/7: e76
Current subset: il/0.l/1.il/2.il/3.ir/4.ir/5.ir/6.l/7: a(e74,e81) e75
Sleeping 0 seconds after run
Sleeping 0 seconds after run
Sleeping 0 seconds after run
Sleeping 0 seconds after run
Sleeping 0 seconds after run
Sleeping 0 seconds after run
Sleeping 0 seconds after run
Sleeping 0 seconds after run
Sleeping 0 seconds after run
Sleeping 0 seconds after run
Sleeping 0 seconds after run
Sleeping 0 seconds after run
Sleeping 0 seconds after run
No violation in 0'th...
Current subset: il/0.l/1.il/2.il/3.ir/4.ir/5.ir/6.r/7: e76
Sleeping 0 seconds after run
Sleeping 0 seconds after run
Sleeping 0 seconds after run
Sleeping 0 seconds after run
Sleeping 0 seconds after run
Sleeping 0 seconds after run
Sleeping 0 seconds after run
Sleeping 0 seconds after run
Sleeping 0 seconds after run
Sleeping 0 seconds after run
Sleeping 0 seconds after run
Sleeping 0 seconds after run
Sleeping 0 seconds after run
No violation in 1'th...
Interference
Recursing on left half
Subsets:
il/0.l/1.il/2.il/3.ir/4.ir/5.ir/6.il/7.l/8: a(e74,e81)
il/0.l/1.il/2.il/3.ir/4.ir/5.ir/6.il/7.r/8: e75
Current subset: il/0.l/1.il/2.il/3.ir/4.ir/5.ir/6.il/7.l/8: a(e74,e81)
Sleeping 0 seconds after run
Sleeping 0 seconds after run
Sleeping 0 seconds after run
Sleeping 0 seconds after run
Sleeping 0 seconds after run
Sleeping 0 seconds after run
Sleeping 0 seconds after run
Sleeping 0 seconds after run
Sleeping 0 seconds after run
Sleeping 0 seconds after run
Sleeping 0 seconds after run
Sleeping 0 seconds after run
Sleeping 0 seconds after run
No violation in 0'th...
Current subset: il/0.l/1.il/2.il/3.ir/4.ir/5.ir/6.il/7.r/8: e75
Sleeping 0 seconds after run
Sleeping 0 seconds after run
Sleeping 0 seconds after run
Sleeping 0 seconds after run
Sleeping 0 seconds after run
Sleeping 0 seconds after run
Sleeping 0 seconds after run
