[1;33m[c1] INFO:core:POX 0.1.0 (betta) is up.[1;m

connect_socket_with_backoff ('127.0.0.1', 6633)
connect_socket_with_backoff ('127.0.0.1', 6633)
connect_socket_with_backoff ('127.0.0.1', 6633)
[1;36m[1;44m00:00.504 00:00.000 Successfully matched event ConnectToControllers:e1[1;m
[1;33m[c1] INFO:openflow.of_01:[00-00-00-00-00-01 1] connected[1;m

[1;33m[c1] INFO:openflow.of_01:[00-00-00-00-00-02 2] connected[1;m

[1;41m[1;33m[c1] DEBUG:pyretic.core.runtime.DEBUG_TOPO_DISCOVERY: handle_switch_joins[1;m

[1;41m[1;33m[c1] INFO:pyretic.core.runtime.ConcreteNetwork: OpenFlow switch 1 connected[1;m

[1;41m[1;33m[c1] DEBUG:pyretic.core.runtime.DEBUG_TOPO_DISCOVERY: ---------------------------------------------[1;m

[1;41m[1;33m[c1] switch  |  switch edges    |  egress ports  |[1;m

[1;41m[1;33m[c1] ---------------------------------------------[1;m

[1;41m[1;33m[c1] 1       |                  |                |[1;m

[1;41m[1;33m[c1] ---------------------------------------------[1;m

[1;33m[c1] INFO:openflow.of_01:[00-00-00-00-00-03 3] connected[1;m

[1;41m[1;33m[c1] DEBUG:pyretic.core.runtime.DEBUG_TOPO_DISCOVERY: handle_port_joins 1:1:True:True[1;m

[1;41m[1;33m[c1] DEBUG:pyretic.core.runtime.DEBUG_TOPO_DISCOVERY: ---------------------------------------------[1;m

[1;41m[1;33m[c1] switch  |  switch edges    |  egress ports  |[1;m

[1;41m[1;33m[c1] ---------------------------------------------[1;m

[1;41m[1;33m[c1] 1       |                  |  1[1]---       |[1;m

[1;41m[1;33m[c1] ---------------------------------------------[1;m

[1;41m[1;33m[c1] DEBUG:pyretic.core.runtime.DEBUG_TOPO_DISCOVERY: handle_port_joins 1:2:True:True[1;m

[1;41m[1;33m[c1] DEBUG:pyretic.core.runtime.DEBUG_TOPO_DISCOVERY: -------------------------------------------------[1;m

[1;41m[1;33m[c1] switch  |  switch edges    |  egress ports      |[1;m

[1;41m[1;33m[c1] -------------------------------------------------[1;m

[1;41m[1;33m[c1] 1       |                  |  1[2]---, 1[1]---  |[1;m

[1;41m[1;33m[c1] -------------------------------------------------[1;m

[1;41m[1;33m[c1] DEBUG:pyretic.core.runtime.DEBUG_TOPO_DISCOVERY: handle_port_joins 1:3:True:True[1;m

[1;41m[1;33m[c1] DEBUG:pyretic.core.runtime.DEBUG_TOPO_DISCOVERY: ----------------------------------------------------------[1;m

[1;41m[1;33m[c1] switch  |  switch edges    |   egress ports              |[1;m

[1;41m[1;33m[c1] ----------------------------------------------------------[1;m

[1;41m[1;33m[c1] 1       |                  |  1[2]---, 1[3]---, 1[1]---  |[1;m

[1;41m[1;33m[c1] ----------------------------------------------------------[1;m

[1;41m[1;33m[c1] DEBUG:pyretic.core.runtime.DEBUG_TOPO_DISCOVERY: handle_switch_joins[1;m

[1;41m[1;33m[c1] INFO:pyretic.core.runtime.ConcreteNetwork: OpenFlow switch 2 connected[1;m

[1;41m[1;33m[c1] DEBUG:pyretic.core.runtime.DEBUG_TOPO_DISCOVERY: ----------------------------------------------------------[1;m

[1;41m[1;33m[c1] switch  |  switch edges    |   egress ports              |[1;m

[1;41m[1;33m[c1] ----------------------------------------------------------[1;m

[1;41m[1;33m[c1] 1       |                  |  1[2]---, 1[3]---, 1[1]---  |[1;m

[1;41m[1;33m[c1] 2       |                  |                             |[1;m

[1;41m[1;33m[c1] ----------------------------------------------------------[1;m

[1;41m[1;33m[c1] DEBUG:pyretic.core.runtime.DEBUG_TOPO_DISCOVERY: handle_port_joins 2:1:True:True[1;m

[1;41m[1;33m[c1] DEBUG:pyretic.core.runtime.DEBUG_TOPO_DISCOVERY: ----------------------------------------------------------[1;m

[1;41m[1;33m[c1] switch  |  switch edges    |   egress ports              |[1;m

[1;41m[1;33m[c1] ----------------------------------------------------------[1;m

[1;41m[1;33m[c1] 1       |                  |  1[2]---, 1[3]---, 1[1]---  |[1;m

[1;41m[1;33m[c1] 2       |                  |  2[1]---                    |[1;m

[1;41m[1;33m[c1] ----------------------------------------------------------[1;m

[1;41m[1;33m[c1] DEBUG:pyretic.core.runtime.DEBUG_TOPO_DISCOVERY: handle_port_joins 2:2:True:True[1;m

[1;41m[1;33m[c1] DEBUG:pyretic.core.runtime.DEBUG_TOPO_DISCOVERY: ----------------------------------------------------------[1;m

[1;41m[1;33m[c1] switch  |  switch edges    |   egress ports              |[1;m

[1;41m[1;33m[c1] ----------------------------------------------------------[1;m

[1;41m[1;33m[c1] 1       |                  |  1[2]---, 1[3]---, 1[1]---  |[1;m

[1;41m[1;33m[c1] 2       |                  |  2[1]---, 2[2]---           |[1;m

[1;41m[1;33m[c1] ----------------------------------------------------------[1;m

[1;41m[1;33m[c1] DEBUG:pyretic.core.runtime.DEBUG_TOPO_DISCOVERY: handle_port_joins 2:3:True:True[1;m

[1;41m[1;33m[c1] DEBUG:pyretic.core.runtime.DEBUG_TOPO_DISCOVERY: ----------------------------------------------------------[1;m

[1;41m[1;33m[c1] switch  |  switch edges    |   egress ports              |[1;m

[1;41m[1;33m[c1] ----------------------------------------------------------[1;m

[1;41m[1;33m[c1] 1       |                  |  1[2]---, 1[3]---, 1[1]---  |[1;m

[1;41m[1;33m[c1] 2       |                  |  2[3]---, 2[1]---, 2[2]---  |[1;m

[1;41m[1;33m[c1] ----------------------------------------------------------[1;m

[1;41m[1;33m[c1] DEBUG:pyretic.core.runtime.DEBUG_TOPO_DISCOVERY: handle_switch_joins[1;m

[1;41m[1;33m[c1] INFO:pyretic.core.runtime.ConcreteNetwork: OpenFlow switch 3 connected[1;m

[1;41m[1;33m[c1] DEBUG:pyretic.core.runtime.DEBUG_TOPO_DISCOVERY: ----------------------------------------------------------[1;m

[1;41m[1;33m[c1] switch  |  switch edges    |   egress ports              |[1;m

[1;41m[1;33m[c1] ----------------------------------------------------------[1;m

[1;41m[1;33m[c1] 1       |                  |  1[2]---, 1[3]---, 1[1]---  |[1;m

[1;41m[1;33m[c1] 2       |                  |  2[3]---, 2[1]---, 2[2]---  |[1;m

[1;41m[1;33m[c1] 3       |                  |                             |[1;m

[1;41m[1;33m[c1] ----------------------------------------------------------[1;m

[1;41m[1;33m[c1] DEBUG:pyretic.core.runtime.DEBUG_TOPO_DISCOVERY: handle_port_joins 3:1:True:True[1;m

[1;41m[1;33m[c1] DEBUG:pyretic.core.runtime.DEBUG_TOPO_DISCOVERY: ----------------------------------------------------------[1;m

[1;41m[1;33m[c1] switch  |  switch edges    |   egress ports              |[1;m

[1;41m[1;33m[c1] ----------------------------------------------------------[1;m

[1;41m[1;33m[c1] 1       |                  |  1[2]---, 1[3]---, 1[1]---  |[1;m

[1;41m[1;33m[c1] 2       |                  |  2[3]---, 2[1]---, 2[2]---  |[1;m

[1;41m[1;33m[c1] 3       |                  |  3[1]---                    |[1;m

[1;41m[1;33m[c1] ----------------------------------------------------------[1;m

[1;41m[1;33m[c1] DEBUG:pyretic.core.runtime.DEBUG_TOPO_DISCOVERY: handle_port_joins 3:2:True:True[1;m

[1;41m[1;33m[c1] DEBUG:pyretic.core.runtime.DEBUG_TOPO_DISCOVERY: ----------------------------------------------------------[1;m

[1;41m[1;33m[c1] switch  |  switch edges    |   egress ports              |[1;m

[1;41m[1;33m[c1] ----------------------------------------------------------[1;m

[1;41m[1;33m[c1] 1       |                  |  1[2]---, 1[3]---, 1[1]---  |[1;m

[1;41m[1;33m[c1] 2       |                  |  2[3]---, 2[1]---, 2[2]---  |[1;m

[1;41m[1;33m[c1] 3       |                  |  3[2]---, 3[1]---           |[1;m

[1;41m[1;33m[c1] ----------------------------------------------------------[1;m

[1;41m[1;33m[c1] DEBUG:pyretic.core.runtime.DEBUG_TOPO_DISCOVERY: handle_port_joins 3:3:True:True[1;m

[1;41m[1;33m[c1] DEBUG:pyretic.core.runtime.DEBUG_TOPO_DISCOVERY: ----------------------------------------------------------[1;m

[1;41m[1;33m[c1] switch  |  switch edges    |   egress ports              |[1;m

[1;41m[1;33m[c1] ----------------------------------------------------------[1;m

[1;41m[1;33m[c1] 1       |                  |  1[2]---, 1[3]---, 1[1]---  |[1;m

[1;41m[1;33m[c1] 2       |                  |  2[3]---, 2[1]---, 2[2]---  |[1;m

[1;41m[1;33m[c1] 3       |                  |  3[2]---, 3[1]---, 3[3]---  |[1;m

[1;41m[1;33m[c1] ----------------------------------------------------------[1;m

[1;41m[1;33m[c1] DEBUG:pyretic.core.runtime.Runtime: |2014-05-03 13:39:48.241100|[1;m

[1;41m[1;33m[c1] 	generate classifier[1;m

[1;41m[1;33m[c1] 	policy=flood on:[1;m

[1;41m[1;33m[c1] ----------------------------------------------------------[1;m

[1;41m[1;33m[c1] switch  |  switch edges    |   egress ports              |[1;m

[1;41m[1;33m[c1] ----------------------------------------------------------[1;m

[1;41m[1;33m[c1] 1       |                  |  1[2]---, 1[3]---, 1[1]---  |[1;m

[1;41m[1;33m[c1] 2       |                  |  2[3]---, 2[1]---, 2[2]---  |[1;m

[1;41m[1;33m[c1] 3       |                  |  3[2]---, 3[1]---, 3[3]---  |[1;m

[1;41m[1;33m[c1] ----------------------------------------------------------[1;m

[1;41m[1;33m[c1] 	classifier=match: ('switch', 1) ('inport', 1)[1;m

[1;41m[1;33m[c1]   -> [modify: ('outport', 2), modify: ('outport', 3)][1;m

[1;41m[1;33m[c1]  match: ('switch', 1) ('inport', 2)[1;m

[1;41m[1;33m[c1]   -> [modify: ('outport', 1), modify: ('outport', 3)][1;m

[1;41m[1;33m[c1]  match: ('switch', 1) ('inport', 3)[1;m

[1;41m[1;33m[c1]   -> [modify: ('outport', 1), modify: ('outport', 2)][1;m

[1;41m[1;33m[c1]  match: ('switch', 1)[1;m

[1;41m[1;33m[c1]   -> [modify: ('outport', 1), modify: ('outport', 2), modify: ('outport', 3)][1;m

[1;41m[1;33m[c1]  match: ('switch', 2) ('inport', 1)[1;m

[1;41m[1;33m[c1]   -> [modify: ('outport', 2), modify: ('outport', 3)][1;m

[1;41m[1;33m[c1]  match: ('switch', 2) ('inport', 2)[1;m

[1;41m[1;33m[c1]   -> [modify: ('outport', 1), modify: ('outport', 3)][1;m

[1;41m[1;33m[c1]  match: ('switch', 2) ('inport', 3)[1;m

[1;41m[1;33m[c1]   -> [modify: ('outport', 1), modify: ('outport', 2)][1;m

[1;41m[1;33m[c1]  match: ('switch', 2)[1;m

[1;41m[1;33m[c1]   -> [modify: ('outport', 1), modify: ('outport', 2), modify: ('outport', 3)][1;m

[1;41m[1;33m[c1]  match: ('switch', 3) ('inport', 1)[1;m

[1;41m[1;33m[c1]   -> [modify: ('outport', 2), modify: ('outport', 3)][1;m

[1;41m[1;33m[c1]  match: ('switch', 3) ('inport', 2)[1;m

[1;41m[1;33m[c1]   -> [modify: ('outport', 1), modify: ('outport', 3)][1;m

[1;41m[1;33m[c1]  match: ('switch', 3) ('inport', 3)[1;m

[1;41m[1;33m[c1]   -> [modify: ('outport', 1), modify: ('outport', 2)][1;m

[1;41m[1;33m[c1]  match: ('switch', 3)[1;m

[1;41m[1;33m[c1]   -> [modify: ('outport', 1), modify: ('outport', 2), modify: ('outport', 3)][1;m

[1;41m[1;33m[c1]  identity[1;m

[1;41m[1;33m[c1]   -> [drop][1;m

[1;41m[1;33m[c1] [1;m

[1;41m[1;33m[c1] DEBUG:pyretic.core.runtime.Runtime: |2014-05-03 13:39:48.257771|[1;m

[1;41m[1;33m[c1] 	sending openflow rule:[1;m

[1;41m[1;33m[c1] 	0 {'switch': 1} [{'outport': 65533}][1;m

[1;41m[1;33m[c1] [1;m

[1;41m[1;33m[c1] DEBUG:pyretic.core.runtime.Runtime: |2014-05-03 13:39:48.259139|[1;m

[1;41m[1;33m[c1] 	sending openflow rule:[1;m

[1;41m[1;33m[c1] 	0 {'switch': 2} [{'outport': 65533}][1;m

[1;41m[1;33m[c1] [1;m

[1;41m[1;33m[c1] DEBUG:pyretic.core.runtime.Runtime: |2014-05-03 13:39:48.259624|[1;m

[1;41m[1;33m[c1] 	sending openflow rule:[1;m

[1;41m[1;33m[c1] 	0 {'switch': 3} [{'outport': 65533}][1;m

[1;41m[1;33m[c1] [1;m

[1;41m[1;33m[c1] DEBUG:pyretic.core.runtime.Runtime: |2014-05-03 13:39:48.259853|[1;m

[1;41m[1;33m[c1] 	sending openflow rule:[1;m

[1;41m[1;33m[c1] 	60000 {'switch': 1, 'vlan_pcp': 0, 'vlan_id': 65535, 'ethtype': 35020} [{'outport': 65533}][1;m

[1;41m[1;33m[c1] [1;m

[1;41m[1;33m[c1] DEBUG:pyretic.core.runtime.Runtime: |2014-05-03 13:39:48.260228|[1;m

[1;41m[1;33m[c1] 	sending openflow rule:[1;m

[1;41m[1;33m[c1] 	60000 {'switch': 2, 'vlan_pcp': 0, 'vlan_id': 65535, 'ethtype': 35020} [{'outport': 65533}][1;m

[1;41m[1;33m[c1] [1;m

[1;41m[1;33m[c1] DEBUG:pyretic.core.runtime.Runtime: |2014-05-03 13:39:48.260468|[1;m

[1;41m[1;33m[c1] 	sending openflow rule:[1;m

[1;41m[1;33m[c1] 	60000 {'switch': 3, 'vlan_pcp': 0, 'vlan_id': 65535, 'ethtype': 35020} [{'outport': 65533}][1;m

[1;41m[1;33m[c1] [1;m

[1;41m[1;33m[c1] DEBUG:pyretic.core.runtime.Runtime: |2014-05-03 13:39:48.260778|[1;m

[1;41m[1;33m[c1] 	sending openflow rule:[1;m

[1;41m[1;33m[c1] 	59999 {'switch': 1, 'vlan_pcp': 0, 'vlan_id': 65535, 'inport': 1} [{'outport': 2}, {'outport': 3}][1;m

[1;41m[1;33m[c1] [1;m

[1;41m[1;33m[c1] DEBUG:pyretic.core.runtime.Runtime: |2014-05-03 13:39:48.261059|[1;m

[1;41m[1;33m[c1] 	sending openflow rule:[1;m

[1;41m[1;33m[c1] 	59998 {'switch': 1, 'vlan_pcp': 0, 'vlan_id': 65535, 'inport': 2} [{'outport': 1}, {'outport': 3}][1;m

[1;41m[1;33m[c1] [1;m

[1;41m[1;33m[c1] DEBUG:pyretic.core.runtime.Runtime: |2014-05-03 13:39:48.261309|[1;m

[1;41m[1;33m[c1] 	sending openflow rule:[1;m

[1;41m[1;33m[c1] 	59997 {'switch': 1, 'vlan_pcp': 0, 'vlan_id': 65535, 'inport': 3} [{'outport': 1}, {'outport': 2}][1;m

[1;41m[1;33m[c1] [1;m

[1;41m[1;33m[c1] DEBUG:pyretic.core.runtime.Runtime: |2014-05-03 13:39:48.261547|[1;m

[1;41m[1;33m[c1] 	sending openflow rule:[1;m

[1;41m[1;33m[c1] 	59996 {'switch': 1, 'vlan_pcp': 0, 'inport': 1, 'vlan_id': 65535} [{'outport': 65528}, {'outport': 2}, {'outport': 3}][1;m

[1;41m[1;33m[c1] [1;m

[1;41m[1;33m[c1] DEBUG:pyretic.core.runtime.Runtime: |2014-05-03 13:39:48.261841|[1;m

[1;41m[1;33m[c1] 	sending openflow rule:[1;m

[1;41m[1;33m[c1] 	59995 {'switch': 1, 'vlan_pcp': 0, 'inport': 2, 'vlan_id': 65535} [{'outport': 1}, {'outport': 65528}, {'outport': 3}][1;m

[1;41m[1;33m[c1] [1;m

[1;41m[1;33m[c1] DEBUG:pyretic.core.runtime.Runtime: |2014-05-03 13:39:48.269720|[1;m

[1;41m[1;33m[c1] 	sending openflow rule:[1;m

[1;41m[1;33m[c1] 	59994 {'switch': 1, 'vlan_pcp': 0, 'inport': 3, 'vlan_id': 65535} [{'outport': 1}, {'outport': 2}, {'outport': 65528}][1;m

[1;41m[1;33m[c1] [1;m

[1;41m[1;33m[c1] DEBUG:pyretic.core.runtime.Runtime: |2014-05-03 13:39:48.270150|[1;m

[1;41m[1;33m[c1] 	sending openflow rule:[1;m

[1;41m[1;33m[c1] 	59993 {'switch': 1, 'vlan_pcp': 0, 'vlan_id': 65535} [{'outport': 1}, {'outport': 2}, {'outport': 3}][1;m

[1;41m[1;33m[c1] [1;m

[1;41m[1;33m[c1] DEBUG:pyretic.core.runtime.Runtime: |2014-05-03 13:39:48.283220|[1;m

[1;41m[1;33m[c1] 	sending openflow rule:[1;m

[1;41m[1;33m[c1] 	59999 {'switch': 2, 'vlan_pcp': 0, 'vlan_id': 65535, 'inport': 1} [{'outport': 2}, {'outport': 3}][1;m

[1;41m[1;33m[c1] [1;m

[1;41m[1;33m[c1] DEBUG:pyretic.core.runtime.Runtime: |2014-05-03 13:39:48.283530|[1;m

[1;41m[1;33m[c1] 	sending openflow rule:[1;m

[1;41m[1;33m[c1] 	59998 {'switch': 2, 'vlan_pcp': 0, 'vlan_id': 65535, 'inport': 2} [{'outport': 1}, {'outport': 3}][1;m

[1;41m[1;33m[c1] [1;m

[1;41m[1;33m[c1] DEBUG:pyretic.core.runtime.Runtime: |2014-05-03 13:39:48.283712|[1;m

[1;41m[1;33m[c1] 	sending openflow rule:[1;m

[1;41m[1;33m[c1] 	59997 {'switch': 2, 'vlan_pcp': 0, 'vlan_id': 65535, 'inport': 3} [{'outport': 1}, {'outport': 2}][1;m

[1;41m[1;33m[c1] [1;m

[1;41m[1;33m[c1] DEBUG:pyretic.core.runtime.Runtime: |2014-05-03 13:39:48.283886|[1;m

[1;41m[1;33m[c1] 	sending openflow rule:[1;m

[1;41m[1;33m[c1] 	59996 {'switch': 2, 'vlan_pcp': 0, 'inport': 1, 'vlan_id': 65535} [{'outport': 65528}, {'outport': 2}, {'outport': 3}][1;m

[1;41m[1;33m[c1] [1;m

[1;41m[1;33m[c1] DEBUG:pyretic.core.runtime.Runtime: |2014-05-03 13:39:48.284065|[1;m

[1;41m[1;33m[c1] 	sending openflow rule:[1;m

[1;41m[1;33m[c1] 	59995 {'switch': 2, 'vlan_pcp': 0, 'inport': 2, 'vlan_id': 65535} [{'outport': 1}, {'outport': 65528}, {'outport': 3}][1;m

[1;41m[1;33m[c1] [1;m

[1;41m[1;33m[c1] DEBUG:pyretic.core.runtime.Runtime: |2014-05-03 13:39:48.284221|[1;m

[1;41m[1;33m[c1] 	sending openflow rule:[1;m

[1;41m[1;33m[c1] 	59994 {'switch': 2, 'vlan_pcp': 0, 'inport': 3, 'vlan_id': 65535} [{'outport': 1}, {'outport': 2}, {'outport': 65528}][1;m

[1;41m[1;33m[c1] [1;m

[1;41m[1;33m[c1] DEBUG:pyretic.core.runtime.Runtime: |2014-05-03 13:39:48.284428|[1;m

[1;41m[1;33m[c1] 	sending openflow rule:[1;m

[1;41m[1;33m[c1] 	59993 {'switch': 2, 'vlan_pcp': 0, 'vlan_id': 65535} [{'outport': 1}, {'outport': 2}, {'outport': 3}][1;m

[1;41m[1;33m[c1] [1;m

[1;41m[1;33m[c1] DEBUG:pyretic.core.runtime.Runtime: |2014-05-03 13:39:48.284663|[1;m

[1;41m[1;33m[c1] 	sending openflow rule:[1;m

[1;41m[1;33m[c1] 	59999 {'switch': 3, 'vlan_pcp': 0, 'vlan_id': 65535, 'inport': 1} [{'outport': 2}, {'outport': 3}][1;m

[1;41m[1;33m[c1] [1;m

[1;41m[1;33m[c1] DEBUG:pyretic.core.runtime.Runtime: |2014-05-03 13:39:48.284774|[1;m

[1;41m[1;33m[c1] 	sending openflow rule:[1;m

[1;41m[1;33m[c1] 	59998 {'switch': 3, 'vlan_pcp': 0, 'vlan_id': 65535, 'inport': 2} [{'outport': 1}, {'outport': 3}][1;m

[1;41m[1;33m[c1] [1;m

[1;41m[1;33m[c1] DEBUG:pyretic.core.runtime.Runtime: |2014-05-03 13:39:48.284881|[1;m

[1;41m[1;33m[c1] 	sending openflow rule:[1;m

[1;41m[1;33m[c1] 	59997 {'switch': 3, 'vlan_pcp': 0, 'vlan_id': 65535, 'inport': 3} [{'outport': 1}, {'outport': 2}][1;m

[1;41m[1;33m[c1] [1;m

[1;41m[1;33m[c1] DEBUG:pyretic.core.runtime.Runtime: |2014-05-03 13:39:48.284988|[1;m

[1;41m[1;33m[c1] 	sending openflow rule:[1;m

[1;41m[1;33m[c1] 	59996 {'switch': 3, 'vlan_pcp': 0, 'inport': 1, 'vlan_id': 65535} [{'outport': 65528}, {'outport': 2}, {'outport': 3}][1;m

[1;41m[1;33m[c1] [1;m

[1;41m[1;33m[c1] DEBUG:pyretic.core.runtime.Runtime: |2014-05-03 13:39:48.285110|[1;m

[1;41m[1;33m[c1] 	sending openflow rule:[1;m

[1;41m[1;33m[c1] 	59995 {'switch': 3, 'vlan_pcp': 0, 'inport': 2, 'vlan_id': 65535} [{'outport': 1}, {'outport': 65528}, {'outport': 3}][1;m

[1;41m[1;33m[c1] [1;m

[1;41m[1;33m[c1] DEBUG:pyretic.core.runtime.Runtime: |2014-05-03 13:39:48.285246|[1;m

[1;41m[1;33m[c1] 	sending openflow rule:[1;m

[1;41m[1;33m[c1] 	59994 {'switch': 3, 'vlan_pcp': 0, 'inport': 3, 'vlan_id': 65535} [{'outport': 1}, {'outport': 2}, {'outport': 65528}][1;m

[1;41m[1;33m[c1] [1;m

[1;41m[1;33m[c1] DEBUG:pyretic.core.runtime.Runtime: |2014-05-03 13:39:48.285424|[1;m

[1;41m[1;33m[c1] 	sending openflow rule:[1;m

[1;41m[1;33m[c1] 	59993 {'switch': 3, 'vlan_pcp': 0, 'vlan_id': 65535} [{'outport': 1}, {'outport': 2}, {'outport': 3}][1;m

[1;41m[1;33m[c1] [1;m

[1;41m[1;33m[c1] DEBUG:pyretic.core.runtime.Runtime: |2014-05-03 13:39:48.285548|[1;m

[1;41m[1;33m[c1] 	sending openflow rule:[1;m

[1;41m[1;33m[c1] 	59992 {'switch': 1, 'vlan_pcp': 0, 'vlan_id': 65535} [][1;m

[1;41m[1;33m[c1] [1;m

[1;41m[1;33m[c1] DEBUG:pyretic.core.runtime.Runtime: |2014-05-03 13:39:48.285669|[1;m

[1;41m[1;33m[c1] 	sending openflow rule:[1;m

[1;41m[1;33m[c1] 	59992 {'switch': 2, 'vlan_pcp': 0, 'vlan_id': 65535} [][1;m

[1;41m[1;33m[c1] [1;m

[1;41m[1;33m[c1] DEBUG:pyretic.core.runtime.Runtime: |2014-05-03 13:39:48.285762|[1;m

[1;41m[1;33m[c1] 	sending openflow rule:[1;m

[1;41m[1;33m[c1] 	59992 {'switch': 3, 'vlan_pcp': 0, 'vlan_id': 65535} [][1;m

[1;41m[1;33m[c1] [1;m

[1;35m[1;41m00:02.060 00:01.026 Event timed out ControlMessageReceive:i2 c c1 -> s 1 [ofp_hello: ][1;m
[1;36m[1;36mRound 1[1;37m[1;m
[1;36mForwarding dataplane event[1;m
[1;36mForwarding dataplane event[1;m
[1;36mForwarding dataplane event[1;m
[1;36mForwarding dataplane event[1;m
[1;36mForwarding dataplane event[1;m
[1;36mForwarding dataplane event[1;m
[1;36mForwarding dataplane event[1;m
[1;36mForwarding dataplane event[1;m
[1;36mForwarding dataplane event[1;m
[1;41m[1;33m[c1] DEBUG:pyretic.core.runtime.DEBUG_TOPO_DISCOVERY: handle_link_updates[1;m

[1;41m[1;33m[c1] DEBUG:pyretic.core.runtime.DEBUG_TOPO_DISCOVERY: ----------------------------------------------------------[1;m

[1;41m[1;33m[c1] switch  |  switch edges    |   egress ports              |[1;m

[1;41m[1;33m[c1] ----------------------------------------------------------[1;m

[1;41m[1;33m[c1] 1       |  1[2] --- 2[2]   |  1[3]---, 1[1]---           |[1;m

[1;41m[1;33m[c1] 2       |  1[2] --- 2[2]   |  2[3]---, 2[1]---           |[1;m

[1;41m[1;33m[c1] 3       |                  |  3[2]---, 3[1]---, 3[3]---  |[1;m

[1;41m[1;33m[c1] ----------------------------------------------------------[1;m

[1;41m[1;33m[c1] DEBUG:pyretic.core.runtime.DEBUG_TOPO_DISCOVERY: handle_link_updates[1;m

[1;41m[1;33m[c1] DEBUG:pyretic.core.runtime.DEBUG_TOPO_DISCOVERY: ---------------------------------------------------------------[1;m

[1;41m[1;33m[c1] switch  |     switch edges               |  egress ports      |[1;m

[1;41m[1;33m[c1] ---------------------------------------------------------------[1;m

[1;41m[1;33m[c1] 1       |  1[2] --- 2[2], 1[1] --- 3[2]  |  1[3]---           |[1;m

[1;41m[1;33m[c1] 2       |  1[2] --- 2[2]                 |  2[3]---, 2[1]---  |[1;m

[1;41m[1;33m[c1] 3       |  1[1] --- 3[2]                 |  3[1]---, 3[3]---  |[1;m

[1;41m[1;33m[c1] ---------------------------------------------------------------[1;m

[1;41m[1;33m[c1] DEBUG:pyretic.core.runtime.DEBUG_TOPO_DISCOVERY: handle_link_updates[1;m

[1;41m[1;33m[c1] DEBUG:pyretic.core.runtime.DEBUG_TOPO_DISCOVERY: nothing to do[1;m

[1;41m[1;33m[c1] DEBUG:pyretic.core.runtime.DEBUG_TOPO_DISCOVERY: handle_link_updates[1;m

[1;41m[1;33m[c1] DEBUG:pyretic.core.runtime.DEBUG_TOPO_DISCOVERY: -----------------------------------------------------------[1;m

[1;41m[1;33m[c1] switch  |     switch edges               |  egress ports  |[1;m

[1;41m[1;33m[c1] -----------------------------------------------------------[1;m

[1;41m[1;33m[c1] 1       |  1[2] --- 2[2], 1[1] --- 3[2]  |  1[3]---       |[1;m

[1;41m[1;33m[c1] 2       |  1[2] --- 2[2], 2[1] --- 3[1]  |  2[3]---       |[1;m

[1;41m[1;33m[c1] 3       |  1[1] --- 3[2], 2[1] --- 3[1]  |  3[3]---       |[1;m

[1;41m[1;33m[c1] -----------------------------------------------------------[1;m

[1;41m[1;33m[c1] DEBUG:pyretic.core.runtime.DEBUG_TOPO_DISCOVERY: handle_link_updates[1;m

[1;41m[1;33m[c1] DEBUG:pyretic.core.runtime.DEBUG_TOPO_DISCOVERY: nothing to do[1;m

[1;41m[1;33m[c1] DEBUG:pyretic.core.runtime.DEBUG_TOPO_DISCOVERY: handle_link_updates[1;m

[1;41m[1;33m[c1] DEBUG:pyretic.core.runtime.DEBUG_TOPO_DISCOVERY: nothing to do[1;m

[1;41m[1;33m[c1] DEBUG:pyretic.core.runtime.Runtime: |2014-05-03 13:39:49.729943|[1;m

[1;41m[1;33m[c1] 	generate classifier[1;m

[1;41m[1;33m[c1] 	policy=flood on:[1;m

[1;41m[1;33m[c1] -----------------------------------------------------------[1;m

[1;41m[1;33m[c1] switch  |     switch edges               |  egress ports  |[1;m

[1;41m[1;33m[c1] -----------------------------------------------------------[1;m

[1;41m[1;33m[c1] 1       |  1[2] --- 2[2], 1[1] --- 3[2]  |  1[3]---       |[1;m

[1;41m[1;33m[c1] 2       |  1[2] --- 2[2]                 |  2[3]---       |[1;m

[1;41m[1;33m[c1] 3       |  1[1] --- 3[2]                 |  3[3]---       |[1;m

[1;41m[1;33m[c1] -----------------------------------------------------------[1;m

[1;41m[1;33m[c1] 	classifier=match: ('switch', 1) ('inport', 1)[1;m

[1;41m[1;33m[c1]   -> [modify: ('outport', 2), modify: ('outport', 3)][1;m

[1;41m[1;33m[c1]  match: ('switch', 1) ('inport', 2)[1;m

[1;41m[1;33m[c1]   -> [modify: ('outport', 1), modify: ('outport', 3)][1;m

[1;41m[1;33m[c1]  match: ('switch', 1) ('inport', 3)[1;m

[1;41m[1;33m[c1]   -> [modify: ('outport', 1), modify: ('outport', 2)][1;m

[1;41m[1;33m[c1]  match: ('switch', 1)[1;m

[1;41m[1;33m[c1]   -> [modify: ('outport', 1), modify: ('outport', 2), modify: ('outport', 3)][1;m

[1;41m[1;33m[c1]  match: ('switch', 2) ('inport', 2)[1;m

[1;41m[1;33m[c1]   -> [modify: ('outport', 3)][1;m

[1;41m[1;33m[c1]  match: ('switch', 2) ('inport', 3)[1;m

[1;41m[1;33m[c1]   -> [modify: ('outport', 2)][1;m

[1;41m[1;33m[c1]  match: ('switch', 2)[1;m

[1;41m[1;33m[c1]   -> [modify: ('outport', 2), modify: ('outport', 3)][1;m

[1;41m[1;33m[c1]  match: ('switch', 3) ('inport', 2)[1;m

[1;41m[1;33m[c1]   -> [modify: ('outport', 3)][1;m

[1;41m[1;33m[c1]  match: ('switch', 3) ('inport', 3)[1;m

[1;41m[1;33m[c1]   -> [modify: ('outport', 2)][1;m

[1;41m[1;33m[c1]  match: ('switch', 3)[1;m

[1;41m[1;33m[c1]   -> [modify: ('outport', 2), modify: ('outport', 3)][1;m

[1;41m[1;33m[c1]  identity[1;m

[1;41m[1;33m[c1]   -> [drop][1;m

[1;41m[1;33m[c1] [1;m

[1;41m[1;33m[c1] DEBUG:pyretic.core.runtime.Runtime: |2014-05-03 13:39:49.747984|[1;m

[1;41m[1;33m[c1] 	sending openflow rule:[1;m

[1;41m[1;33m[c1] 	0 {'switch': 1} [{'outport': 65533}][1;m

[1;41m[1;33m[c1] [1;m

[1;41m[1;33m[c1] DEBUG:pyretic.core.runtime.Runtime: |2014-05-03 13:39:49.749408|[1;m

[1;41m[1;33m[c1] 	sending openflow rule:[1;m

[1;41m[1;33m[c1] 	0 {'switch': 2} [{'outport': 65533}][1;m

[1;41m[1;33m[c1] [1;m

[1;41m[1;33m[c1] DEBUG:pyretic.core.runtime.Runtime: |2014-05-03 13:39:49.749981|[1;m

[1;41m[1;33m[c1] 	sending openflow rule:[1;m

[1;41m[1;33m[c1] 	0 {'switch': 3} [{'outport': 65533}][1;m

[1;41m[1;33m[c1] [1;m

[1;41m[1;33m[c1] DEBUG:pyretic.core.runtime.Runtime: |2014-05-03 13:39:49.756532|[1;m

[1;41m[1;33m[c1] 	sending openflow rule:[1;m

[1;41m[1;33m[c1] 	60000 {'switch': 1, 'vlan_pcp': 0, 'vlan_id': 65535, 'ethtype': 35020} [{'outport': 65533}][1;m

[1;41m[1;33m[c1] [1;m

[1;41m[1;33m[c1] DEBUG:pyretic.core.runtime.Runtime: |2014-05-03 13:39:49.757096|[1;m

[1;41m[1;33m[c1] 	sending openflow rule:[1;m

[1;41m[1;33m[c1] 	60000 {'switch': 2, 'vlan_pcp': 0, 'vlan_id': 65535, 'ethtype': 35020} [{'outport': 65533}][1;m

[1;41m[1;33m[c1] [1;m

[1;41m[1;33m[c1] DEBUG:pyretic.core.runtime.Runtime: |2014-05-03 13:39:49.757495|[1;m

[1;41m[1;33m[c1] 	sending openflow rule:[1;m

[1;41m[1;33m[c1] 	60000 {'switch': 3, 'vlan_pcp': 0, 'vlan_id': 65535, 'ethtype': 35020} [{'outport': 65533}][1;m

[1;41m[1;33m[c1] [1;m

[1;41m[1;33m[c1] DEBUG:pyretic.core.runtime.Runtime: |2014-05-03 13:39:49.757958|[1;m

[1;41m[1;33m[c1] 	sending openflow rule:[1;m

[1;41m[1;33m[c1] 	59999 {'switch': 1, 'vlan_pcp': 0, 'vlan_id': 65535, 'inport': 1} [{'outport': 2}, {'outport': 3}][1;m

[1;41m[1;33m[c1] [1;m

[1;41m[1;33m[c1] DEBUG:pyretic.core.runtime.Runtime: |2014-05-03 13:39:49.758522|[1;m

[1;41m[1;33m[c1] 	sending openflow rule:[1;m

[1;41m[1;33m[c1] 	59998 {'switch': 1, 'vlan_pcp': 0, 'vlan_id': 65535, 'inport': 2} [{'outport': 1}, {'outport': 3}][1;m

[1;41m[1;33m[c1] [1;m

[1;41m[1;33m[c1] DEBUG:pyretic.core.runtime.Runtime: |2014-05-03 13:39:49.758957|[1;m

[1;41m[1;33m[c1] 	sending openflow rule:[1;m

[1;41m[1;33m[c1] 	59997 {'switch': 1, 'vlan_pcp': 0, 'vlan_id': 65535, 'inport': 3} [{'outport': 1}, {'outport': 2}][1;m

[1;41m[1;33m[c1] [1;m

[1;41m[1;33m[c1] DEBUG:pyretic.core.runtime.Runtime: |2014-05-03 13:39:49.759353|[1;m

[1;41m[1;33m[c1] 	sending openflow rule:[1;m

[1;41m[1;33m[c1] 	59996 {'switch': 1, 'vlan_pcp': 0, 'inport': 1, 'vlan_id': 65535} [{'outport': 65528}, {'outport': 2}, {'outport': 3}][1;m

[1;41m[1;33m[c1] [1;m

[1;41m[1;33m[c1] DEBUG:pyretic.core.runtime.Runtime: |2014-05-03 13:39:49.759801|[1;m

[1;41m[1;33m[c1] 	sending openflow rule:[1;m

[1;41m[1;33m[c1] 	59995 {'switch': 1, 'vlan_pcp': 0, 'inport': 2, 'vlan_id': 65535} [{'outport': 1}, {'outport': 65528}, {'outport': 3}][1;m

[1;41m[1;33m[c1] [1;m

[1;41m[1;33m[c1] DEBUG:pyretic.core.runtime.Runtime: |2014-05-03 13:39:49.760297|[1;m

[1;41m[1;33m[c1] 	sending openflow rule:[1;m

[1;41m[1;33m[c1] 	59994 {'switch': 1, 'vlan_pcp': 0, 'inport': 3, 'vlan_id': 65535} [{'outport': 1}, {'outport': 2}, {'outport': 65528}][1;m

[1;41m[1;33m[c1] [1;m

[1;41m[1;33m[c1] DEBUG:pyretic.core.runtime.Runtime: |2014-05-03 13:39:49.760698|[1;m

[1;41m[1;33m[c1] 	sending openflow rule:[1;m

[1;41m[1;33m[c1] 	59993 {'switch': 1, 'vlan_pcp': 0, 'vlan_id': 65535} [{'outport': 1}, {'outport': 2}, {'outport': 3}][1;m

[1;41m[1;33m[c1] [1;m

[1;41m[1;33m[c1] DEBUG:pyretic.core.runtime.Runtime: |2014-05-03 13:39:49.761086|[1;m

[1;41m[1;33m[c1] 	sending openflow rule:[1;m

[1;41m[1;33m[c1] 	59999 {'switch': 2, 'vlan_pcp': 0, 'vlan_id': 65535, 'inport': 2} [{'outport': 3}][1;m

[1;41m[1;33m[c1] [1;m

[1;41m[1;33m[c1] DEBUG:pyretic.core.runtime.Runtime: |2014-05-03 13:39:49.761439|[1;m

[1;41m[1;33m[c1] 	sending openflow rule:[1;m

[1;41m[1;33m[c1] 	59998 {'switch': 2, 'vlan_pcp': 0, 'vlan_id': 65535, 'inport': 3} [{'outport': 2}][1;m

[1;41m[1;33m[c1] [1;m

[1;41m[1;33m[c1] DEBUG:pyretic.core.runtime.Runtime: |2014-05-03 13:39:49.761772|[1;m

[1;41m[1;33m[c1] 	sending openflow rule:[1;m

[1;41m[1;33m[c1] 	59997 {'switch': 2, 'vlan_pcp': 0, 'inport': 2, 'vlan_id': 65535} [{'outport': 65528}, {'outport': 3}][1;m

[1;41m[1;33m[c1] [1;m

[1;41m[1;33m[c1] DEBUG:pyretic.core.runtime.Runtime: |2014-05-03 13:39:49.766903|[1;m

[1;41m[1;33m[c1] 	sending openflow rule:[1;m

[1;41m[1;33m[c1] 	59996 {'switch': 2, 'vlan_pcp': 0, 'inport': 3, 'vlan_id': 65535} [{'outport': 2}, {'outport': 65528}][1;m

[1;41m[1;33m[c1] [1;m

[1;41m[1;33m[c1] DEBUG:pyretic.core.runtime.Runtime: |2014-05-03 13:39:49.786369|[1;m

[1;41m[1;33m[c1] 	sending openflow rule:[1;m

[1;41m[1;33m[c1] 	59995 {'switch': 2, 'vlan_pcp': 0, 'vlan_id': 65535} [{'outport': 2}, {'outport': 3}][1;m

[1;41m[1;33m[c1] [1;m

[1;41m[1;33m[c1] DEBUG:pyretic.core.runtime.Runtime: |2014-05-03 13:39:49.787865|[1;m

[1;41m[1;33m[c1] 	sending openflow rule:[1;m

[1;41m[1;33m[c1] 	59999 {'switch': 3, 'vlan_pcp': 0, 'vlan_id': 65535, 'inport': 2} [{'outport': 3}][1;m

[1;41m[1;33m[c1] [1;m

[1;41m[1;33m[c1] DEBUG:pyretic.core.runtime.Runtime: |2014-05-03 13:39:49.803493|[1;m

[1;41m[1;33m[c1] 	sending openflow rule:[1;m

[1;41m[1;33m[c1] 	59998 {'switch': 3, 'vlan_pcp': 0, 'vlan_id': 65535, 'inport': 3} [{'outport': 2}][1;m

[1;41m[1;33m[c1] [1;m

[1;41m[1;33m[c1] DEBUG:pyretic.core.runtime.Runtime: |2014-05-03 13:39:49.804833|[1;m

[1;41m[1;33m[c1] 	sending openflow rule:[1;m

[1;41m[1;33m[c1] 	59997 {'switch': 3, 'vlan_pcp': 0, 'inport': 2, 'vlan_id': 65535} [{'outport': 65528}, {'outport': 3}][1;m

[1;41m[1;33m[c1] [1;m

[1;41m[1;33m[c1] DEBUG:pyretic.core.runtime.Runtime: |2014-05-03 13:39:49.805973|[1;m

[1;41m[1;33m[c1] 	sending openflow rule:[1;m

[1;41m[1;33m[c1] 	59996 {'switch': 3, 'vlan_pcp': 0, 'inport': 3, 'vlan_id': 65535} [{'outport': 2}, {'outport': 65528}][1;m

[1;41m[1;33m[c1] [1;m

[1;41m[1;33m[c1] DEBUG:pyretic.core.runtime.Runtime: |2014-05-03 13:39:49.807273|[1;m

[1;41m[1;33m[c1] 	sending openflow rule:[1;m

[1;41m[1;33m[c1] 	59995 {'switch': 3, 'vlan_pcp': 0, 'vlan_id': 65535} [{'outport': 2}, {'outport': 3}][1;m

[1;41m[1;33m[c1] [1;m

[1;41m[1;33m[c1] DEBUG:pyretic.core.runtime.Runtime: |2014-05-03 13:39:49.814683|[1;m

[1;41m[1;33m[c1] 	sending openflow rule:[1;m

[1;41m[1;33m[c1] 	59992 {'switch': 1, 'vlan_pcp': 0, 'vlan_id': 65535} [][1;m

[1;41m[1;33m[c1] [1;m

[1;41m[1;33m[c1] DEBUG:pyretic.core.runtime.Runtime: |2014-05-03 13:39:49.826514|[1;m

[1;41m[1;33m[c1] 	sending openflow rule:[1;m

[1;41m[1;33m[c1] 	59994 {'switch': 2, 'vlan_pcp': 0, 'vlan_id': 65535} [][1;m

[1;41m[1;33m[c1] [1;m

[1;41m[1;33m[c1] DEBUG:pyretic.core.runtime.Runtime: |2014-05-03 13:39:49.827287|[1;m

[1;41m[1;33m[c1] 	sending openflow rule:[1;m

[1;41m[1;33m[c1] 	59994 {'switch': 3, 'vlan_pcp': 0, 'vlan_id': 65535} [][1;m

[1;41m[1;33m[c1] [1;m

[1;35m[1;41m00:02.753 00:01.026 Event timed out ControlMessageSend:i3 c 1 -> s c1 [ofp_hello: ][1;m
[1;42m[1;37mNo correctness violations![1;m
[1;36m[1;44m00:02.776 00:01.027 Successfully matched event CheckInvariants:e4[1;m
[1;35m[1;41m00:03.380 00:01.131 Event timed out ControlMessageReceive:i5 c c1 -> s 3 [ofp_hello: ][1;m
[1;36m[1;36mRound 2[1;37m[1;m
[1;35m[1;41m00:03.985 00:01.131 Event timed out ControlMessageReceive:i6 c c1 -> s 2 [ofp_hello: ][1;m
[1;35m[1;41m00:04.589 00:01.132 Event timed out ControlMessageReceive:i7 c c1 -> s 1 [ofp_features_request: ][1;m
[1;35m[1;41m00:05.193 00:01.132 Event timed out ControlMessageSend:i8 c 3 -> s c1 [ofp_hello: ][1;m
[1;35m[1;41m00:05.795 00:01.132 Event timed out ControlMessageSend:i9 c 2 -> s c1 [ofp_hello: ][1;m
[1;35m[1;41m00:06.398 00:01.132 Event timed out ControlMessageSend:i10 c 1 -> s c1 [ofp_features_reply: datapath_id=1][1;m
[1;42m[1;37mNo correctness violations![1;m
[1;36m[1;44m00:06.419 00:01.133 Successfully matched event CheckInvariants:e11[1;m
[1;35m[1;41m00:07.022 00:01.235 Event timed out ControlMessageReceive:i12 c c1 -> s 1 [ofp_barrier_request: ][1;m
[1;36m[1;36mRound 3[1;37m[1;m
[1;35m[1;41m00:07.627 00:01.235 Event timed out ControlMessageReceive:i13 c c1 -> s 1 [ofp_set_config: ][1;m
[1;35m[1;41m00:08.229 00:01.236 Event timed out ControlMessageReceive:i14 c c1 -> s 3 [ofp_features_request: ][1;m
[1;35m[1;41m00:08.832 00:01.236 Event timed out ControlMessageReceive:i15 c c1 -> s 2 [ofp_features_request: ][1;m
[1;35m[1;41m00:09.434 00:01.236 Event timed out ControlMessageReceive:i16 c c1 -> s 1 [ofp_flow_mod: hard_timeout=0, out_port=65535, priority=32768, idle_timeout=0, command=delete, actions=(), flags=0, match=x^L,in_port:None][1;m
[1;35m[1;41m00:10.037 00:01.237 Event timed out ControlMessageSend:i17 c 3 -> s c1 [ofp_features_reply: datapath_id=3][1;m
[1;35m[1;41m00:10.640 00:01.238 Event timed out ControlMessageSend:i18 c 1 -> s c1 [ofp_barrier_reply: ][1;m
[1;35m[1;41m00:11.242 00:01.238 Event timed out ControlMessageSend:i19 c 2 -> s c1 [ofp_features_reply: datapath_id=2][1;m
[1;42m[1;37mNo correctness violations![1;m
[1;36m[1;44m00:11.262 00:01.238 Successfully matched event CheckInvariants:e20[1;m
[1;35m[1;41m00:11.866 00:01.341 Event timed out ControlMessageReceive:i21 c c1 -> s 1 [ofp_packet_out: actions=(u'output(1)',), data={u'class': u'lldp'}, in_port=65535][1;m
[1;36m[1;36mRound 4[1;37m[1;m
[1;35m[1;41m00:12.472 00:01.342 Event timed out ControlMessageReceive:i22 c c1 -> s 2 [ofp_barrier_request: ][1;m
[1;35m[1;41m00:13.075 00:01.343 Event timed out ControlMessageReceive:i23 c c1 -> s 3 [ofp_barrier_request: ][1;m
[1;35m[1;41m00:13.678 00:01.343 Event timed out ControlMessageReceive:i24 c c1 -> s 1 [ofp_flow_mod: hard_timeout=0, out_port=65535, priority=32768, idle_timeout=0, command=add, actions=(u'output(65533)',), flags=0, match=x^L,in_port:None][1;m
[1;35m[1;41m00:14.281 00:01.344 Event timed out ControlMessageReceive:i25 c c1 -> s 2 [ofp_set_config: ][1;m
[1;35m[1;41m00:14.884 00:01.344 Event timed out ControlMessageReceive:i26 c c1 -> s 1 [ofp_packet_out: actions=(u'output(3)',), data={u'class': u'lldp'}, in_port=65535][1;m
[1;35m[1;41m00:15.486 00:01.345 Event timed out ControlMessageReceive:i27 c c1 -> s 3 [ofp_flow_mod: hard_timeout=0, out_port=65535, priority=32768, idle_timeout=0, command=delete, actions=(), flags=0, match=x^L,in_port:None][1;m
[1;35m[1;41m00:16.089 00:01.345 Event timed out ControlMessageReceive:i28 c c1 -> s 2 [ofp_flow_mod: hard_timeout=0, out_port=65535, priority=32768, idle_timeout=0, command=delete, actions=(), flags=0, match=x^L,in_port:None][1;m
[1;35m[1;41m00:16.693 00:01.346 Event timed out ControlMessageReceive:i29 c c1 -> s 1 [ofp_packet_out: actions=(u'output(2)',), data={u'class': u'lldp'}, in_port=65535][1;m
[1;35m[1;41m00:17.296 00:01.346 Event timed out ControlMessageReceive:i30 c c1 -> s 3 [ofp_set_config: ][1;m
[1;35m[1;41m00:17.898 00:01.346 Event timed out ControlMessageSend:i31 c 3 -> s c1 [ofp_barrier_reply: ][1;m
[1;35m[1;41m00:18.501 00:01.346 Event timed out ControlMessageSend:i32 c 2 -> s c1 [ofp_barrier_reply: ][1;m
[1;42m[1;37mNo correctness violations![1;m
[1;36m[1;44m00:18.522 00:01.347 Successfully matched event CheckInvariants:e33[1;m
[1;36m[1;44m00:18.523 00:01.461 Successfully matched event DataplanePermit:i34[1;m
[1;36m[1;36mRound 5[1;37m[1;m
[1;36m[1;44m00:18.526 00:01.463 Successfully matched event DataplanePermit:i35[1;m
[1;36m[1;44m00:18.527 00:01.464 Successfully matched event DataplanePermit:i36[1;m
[1;35m[1;41m00:19.131 00:01.464 Event timed out ControlMessageReceive:i37 c c1 -> s 3 [ofp_packet_out: actions=(u'output(3)',), data={u'class': u'lldp'}, in_port=65535][1;m
[1;35m[1;41m00:19.735 00:01.465 Event timed out ControlMessageReceive:i38 c c1 -> s 2 [ofp_packet_out: actions=(u'output(3)',), data={u'class': u'lldp'}, in_port=65535][1;m
[1;35m[1;41m00:20.337 00:01.465 Event timed out ControlMessageReceive:i39 c c1 -> s 2 [ofp_packet_out: actions=(u'output(1)',), data={u'class': u'lldp'}, in_port=65535][1;m
[1;35m[1;41m00:20.940 00:01.465 Event timed out ControlMessageReceive:i40 c c1 -> s 3 [ofp_packet_out: actions=(u'output(2)',), data={u'class': u'lldp'}, in_port=65535][1;m
[1;35m[1;41m00:21.543 00:01.466 Event timed out ControlMessageReceive:i41 c c1 -> s 3 [ofp_flow_mod: hard_timeout=0, out_port=65535, priority=32768, idle_timeout=0, command=add, actions=(u'output(65533)',), flags=0, match=x^L,in_port:None][1;m
[1;35m[1;41m00:22.146 00:01.466 Event timed out ControlMessageReceive:i42 c c1 -> s 2 [ofp_flow_mod: hard_timeout=0, out_port=65535, priority=32768, idle_timeout=0, command=add, actions=(u'output(65533)',), flags=0, match=x^L,in_port:None][1;m
[1;35m[1;41m00:22.749 00:01.467 Event timed out ControlMessageReceive:i43 c c1 -> s 3 [ofp_packet_out: actions=(u'output(1)',), data={u'class': u'lldp'}, in_port=65535][1;m
[1;35m[1;41m00:23.352 00:01.467 Event timed out ControlMessageReceive:i44 c c1 -> s 2 [ofp_packet_out: actions=(u'output(2)',), data={u'class': u'lldp'}, in_port=65535][1;m
[1;35m[1;41m00:23.955 00:01.468 Event timed out ControlMessageSend:i45 c 3 -> s c1 [ofp_packet_in: data={u'class': u'lldp'}, in_port=2][1;m
[1;35m[1;41m00:24.558 00:01.468 Event timed out ControlMessageSend:i46 c 2 -> s c1 [ofp_packet_in: data={u'class': u'lldp'}, in_port=2][1;m
[1;42m[1;37mNo correctness violations![1;m
[1;36m[1;44m00:24.578 00:01.468 Successfully matched event CheckInvariants:e47[1;m
[1;36m[1;44m00:24.579 00:01.570 Successfully matched event DataplanePermit:i48[1;m
[1;36m[1;36mRound 6[1;37m[1;m
[1;36m[1;44m00:24.582 00:01.571 Successfully matched event DataplanePermit:i49[1;m
[1;36m[1;44m00:24.584 00:01.572 Successfully matched event DataplanePermit:i50[1;m
[1;36m[1;44m00:24.585 00:01.573 Successfully matched event DataplanePermit:i51[1;m
[1;36m[1;44m00:24.587 00:01.573 Successfully matched event DataplanePermit:i52[1;m
[1;36m[1;44m00:24.589 00:01.574 Successfully matched event DataplanePermit:i53[1;m
[1;35m[1;41m00:25.192 00:01.575 Event timed out ControlMessageSend:i54 c 2 -> s c1 [ofp_packet_in: data={u'class': u'lldp'}, in_port=1][1;m
[1;35m[1;41m00:25.796 00:01.576 Event timed out ControlMessageSend:i55 c 3 -> s c1 [ofp_packet_in: data={u'class': u'lldp'}, in_port=1][1;m
[1;35m[1;41m00:26.400 00:01.576 Event timed out ControlMessageSend:i56 c 1 -> s c1 [ofp_packet_in: data={u'class': u'lldp'}, in_port=2][1;m
[1;35m[1;41m00:27.003 00:01.576 Event timed out ControlMessageSend:i57 c 1 -> s c1 [ofp_packet_in: data={u'class': u'lldp'}, in_port=1][1;m
[1;42m[1;37mNo correctness violations![1;m
[1;36m[1;44m00:27.021 00:01.577 Successfully matched event CheckInvariants:e58[1;m
[1;42m[1;37mNo correctness violations![1;m
[1;36m[1;44m00:27.165 00:01.700 Successfully matched event CheckInvariants:e59[1;m
[1;36m[1;36mRound 7[1;37m[1;m
[1;42m[1;37mNo correctness violations![1;m
[1;36m[1;44m00:27.288 00:01.803 Successfully matched event CheckInvariants:e60[1;m
[1;36m[1;36mRound 8[1;37m[1;m
[1;35m[1;41m00:27.892 00:01.896 Event timed out ControlMessageReceive:i61 c c1 -> s 1 [ofp_flow_mod: hard_timeout=0, out_port=65535, priority=59997, idle_timeout=0, command=add, actions=(u'output(1)', u'output(2)'), flags=0, match=dl_vlan:65535,dl_vlan_pcp:0,in_port:3][1;m
[1;36m[1;36mRound 9[1;37m[1;m
[1;35m[1;41m00:28.497 00:01.897 Event timed out ControlMessageReceive:i62 c c1 -> s 1 [ofp_flow_mod: hard_timeout=0, out_port=65535, priority=0, idle_timeout=0, command=add, actions=(u'output(65533)',), flags=0, match=x^L,in_port:None][1;m
[1;35m[1;41m00:29.101 00:01.897 Event timed out ControlMessageReceive:i63 c c1 -> s 1 [ofp_flow_mod: hard_timeout=0, out_port=65535, priority=59998, idle_timeout=0, command=add, actions=(u'output(1)', u'output(3)'), flags=0, match=dl_vlan:65535,dl_vlan_pcp:0,in_port:2][1;m
[1;35m[1;41m00:29.703 00:01.898 Event timed out ControlMessageReceive:i64 c c1 -> s 2 [ofp_flow_mod: hard_timeout=0, out_port=65535, priority=32768, idle_timeout=0, command=delete, actions=(), flags=0, match=x^L,in_port:None][1;m
[1;35m[1;41m00:30.306 00:01.898 Event timed out ControlMessageReceive:i65 c c1 -> s 2 [ofp_flow_mod: hard_timeout=0, out_port=65535, priority=59999, idle_timeout=0, command=add, actions=(u'output(3)',), flags=0, match=dl_vlan:65535,dl_vlan_pcp:0,in_port:2][1;m
[1;35m[1;41m00:30.909 00:01.899 Event timed out ControlMessageReceive:i66 c c1 -> s 1 [ofp_flow_mod: hard_timeout=0, out_port=65535, priority=59996, idle_timeout=0, command=add, actions=(u'output(65528)', u'output(2)', u'output(3)'), flags=0, match=dl_vlan:65535,dl_vlan_pcp:0,in_port:1][1;m
[1;35m[1;41m00:31.512 00:01.900 Event timed out ControlMessageReceive:i67 c c1 -> s 1 [ofp_barrier_request: ][1;m
[1;35m[1;41m00:32.114 00:01.900 Event timed out ControlMessageReceive:i68 c c1 -> s 1 [ofp_flow_mod: hard_timeout=0, out_port=65535, priority=60000, idle_timeout=0, command=add, actions=(u'output(65533)',), flags=0, match=dl_vlan:65535,dl_vlan_pcp:0,dl_type:35020,in_port:None][1;m
[1;35m[1;41m00:32.717 00:01.901 Event timed out ControlMessageReceive:i69 c c1 -> s 3 [ofp_flow_mod: hard_timeout=0, out_port=65535, priority=60000, idle_timeout=0, command=add, actions=(u'output(65533)',), flags=0, match=dl_vlan:65535,dl_vlan_pcp:0,dl_type:35020,in_port:None][1;m
[1;35m[1;41m00:33.320 00:01.902 Event timed out ControlMessageReceive:i70 c c1 -> s 1 [ofp_flow_mod: hard_timeout=0, out_port=65535, priority=59995, idle_timeout=0, command=add, actions=(u'output(1)', u'output(65528)', u'output(3)'), flags=0, match=dl_vlan:65535,dl_vlan_pcp:0,in_port:2][1;m
[1;35m[1;41m00:33.923 00:01.902 Event timed out ControlMessageReceive:i71 c c1 -> s 3 [ofp_flow_mod: hard_timeout=0, out_port=65535, priority=32768, idle_timeout=0, command=delete, actions=(), flags=0, match=x^L,in_port:None][1;m
[1;35m[1;41m00:34.526 00:01.904 Event timed out ControlMessageReceive:i72 c c1 -> s 1 [ofp_flow_mod: hard_timeout=0, out_port=65535, priority=59999, idle_timeout=0, command=add, actions=(u'output(2)', u'output(3)'), flags=0, match=dl_vlan:65535,dl_vlan_pcp:0,in_port:1][1;m
[1;35m[1;41m00:35.129 00:01.904 Event timed out ControlMessageReceive:i73 c c1 -> s 3 [ofp_barrier_request: ][1;m
[1;35m[1;41m00:35.732 00:01.905 Event timed out ControlMessageReceive:i74 c c1 -> s 1 [ofp_flow_mod: hard_timeout=0, out_port=65535, priority=32768, idle_timeout=0, command=delete, actions=(), flags=0, match=x^L,in_port:None][1;m
[1;35m[1;41m00:36.334 00:01.906 Event timed out ControlMessageReceive:i75 c c1 -> s 2 [ofp_flow_mod: hard_timeout=0, out_port=65535, priority=0, idle_timeout=0, command=add, actions=(u'output(65533)',), flags=0, match=x^L,in_port:None][1;m
[1;35m[1;41m00:36.940 00:01.907 Event timed out ControlMessageReceive:i76 c c1 -> s 2 [ofp_flow_mod: hard_timeout=0, out_port=65535, priority=60000, idle_timeout=0, command=add, actions=(u'output(65533)',), flags=0, match=dl_vlan:65535,dl_vlan_pcp:0,dl_type:35020,in_port:None][1;m
[1;35m[1;41m00:37.543 00:01.908 Event timed out ControlMessageReceive:i77 c c1 -> s 1 [ofp_flow_mod: hard_timeout=0, out_port=65535, priority=59994, idle_timeout=0, command=add, actions=(u'output(1)', u'output(2)', u'output(65528)'), flags=0, match=dl_vlan:65535,dl_vlan_pcp:0,in_port:3][1;m
[1;35m[1;41m00:38.146 00:01.909 Event timed out ControlMessageReceive:i78 c c1 -> s 2 [ofp_barrier_request: ][1;m
[1;35m[1;41m00:38.749 00:01.910 Event timed out ControlMessageReceive:i79 c c1 -> s 3 [ofp_flow_mod: hard_timeout=0, out_port=65535, priority=0, idle_timeout=0, command=add, actions=(u'output(65533)',), flags=0, match=x^L,in_port:None][1;m
[1;35m[1;41m00:39.352 00:01.911 Event timed out ControlMessageReceive:i80 c c1 -> s 1 [ofp_flow_mod: hard_timeout=0, out_port=65535, priority=59993, idle_timeout=0, command=add, actions=(u'output(1)', u'output(2)', u'output(3)'), flags=0, match=dl_vlan:65535,dl_vlan_pcp:0,in_port:None][1;m
[1;35m[1;41m00:39.955 00:01.912 Event timed out ControlMessageSend:i81 c 3 -> s c1 [ofp_barrier_reply: ][1;m
[1;35m[1;41m00:40.557 00:01.912 Event timed out ControlMessageSend:i82 c 2 -> s c1 [ofp_barrier_reply: ][1;m
[1;35m[1;41m00:41.160 00:01.912 Event timed out ControlMessageSend:i83 c 1 -> s c1 [ofp_barrier_reply: ][1;m
[1;42m[1;37mNo correctness violations![1;m
[1;36m[1;44m00:41.182 00:01.913 Successfully matched event CheckInvariants:e84[1;m
[1;35m[1;41m00:41.786 00:02.018 Event timed out ControlMessageReceive:i85 c c1 -> s 2 [ofp_flow_mod: hard_timeout=0, out_port=65535, priority=59994, idle_timeout=0, command=add, actions=(), flags=0, match=dl_vlan:65535,dl_vlan_pcp:0,in_port:None][1;m
[1;36m[1;36mRound 10[1;37m[1;m
[1;35m[1;41m00:42.391 00:02.018 Event timed out ControlMessageReceive:i86 c c1 -> s 3 [ofp_flow_mod: hard_timeout=0, out_port=65535, priority=59995, idle_timeout=0, command=add, actions=(u'output(2)', u'output(3)'), flags=0, match=dl_vlan:65535,dl_vlan_pcp:0,in_port:None][1;m
[1;35m[1;41m00:42.996 00:02.020 Event timed out ControlMessageReceive:i87 c c1 -> s 3 [ofp_flow_mod: hard_timeout=0, out_port=65535, priority=59996, idle_timeout=0, command=add, actions=(u'output(2)', u'output(65528)'), flags=0, match=dl_vlan:65535,dl_vlan_pcp:0,in_port:3][1;m
[1;35m[1;41m00:43.599 00:02.020 Event timed out ControlMessageReceive:i88 c c1 -> s 3 [ofp_flow_mod: hard_timeout=0, out_port=65535, priority=59994, idle_timeout=0, command=add, actions=(), flags=0, match=dl_vlan:65535,dl_vlan_pcp:0,in_port:None][1;m
[1;35m[1;41m00:44.202 00:02.021 Event timed out ControlMessageReceive:i89 c c1 -> s 3 [ofp_flow_mod: hard_timeout=0, out_port=65535, priority=59999, idle_timeout=0, command=add, actions=(u'output(3)',), flags=0, match=dl_vlan:65535,dl_vlan_pcp:0,in_port:2][1;m
[1;35m[1;41m00:44.805 00:02.021 Event timed out ControlMessageReceive:i90 c c1 -> s 1 [ofp_flow_mod: hard_timeout=0, out_port=65535, priority=59992, idle_timeout=0, command=add, actions=(), flags=0, match=dl_vlan:65535,dl_vlan_pcp:0,in_port:None][1;m
[1;35m[1;41m00:45.409 00:02.022 Event timed out ControlMessageReceive:i91 c c1 -> s 2 [ofp_flow_mod: hard_timeout=0, out_port=65535, priority=59995, idle_timeout=0, command=add, actions=(u'output(2)', u'output(3)'), flags=0, match=dl_vlan:65535,dl_vlan_pcp:0,in_port:None][1;m
[1;35m[1;41m00:46.012 00:02.023 Event timed out ControlMessageReceive:i92 c c1 -> s 2 [ofp_flow_mod: hard_timeout=0, out_port=65535, priority=59996, idle_timeout=0, command=add, actions=(u'output(2)', u'output(65528)'), flags=0, match=dl_vlan:65535,dl_vlan_pcp:0,in_port:3][1;m
[1;35m[1;41m00:46.615 00:02.023 Event timed out ControlMessageReceive:i93 c c1 -> s 2 [ofp_flow_mod: hard_timeout=0, out_port=65535, priority=59997, idle_timeout=0, command=add, actions=(u'output(65528)', u'output(3)'), flags=0, match=dl_vlan:65535,dl_vlan_pcp:0,in_port:2][1;m
[1;35m[1;41m00:47.219 00:02.024 Event timed out ControlMessageReceive:i94 c c1 -> s 1 [ofp_barrier_request: ][1;m
[1;35m[1;41m00:47.822 00:02.024 Event timed out ControlMessageReceive:i95 c c1 -> s 2 [ofp_flow_mod: hard_timeout=0, out_port=65535, priority=59998, idle_timeout=0, command=add, actions=(u'output(2)',), flags=0, match=dl_vlan:65535,dl_vlan_pcp:0,in_port:3][1;m
[1;35m[1;41m00:48.424 00:02.025 Event timed out ControlMessageReceive:i96 c c1 -> s 3 [ofp_barrier_request: ][1;m
[1;35m[1;41m00:49.027 00:02.025 Event timed out ControlMessageReceive:i97 c c1 -> s 2 [ofp_barrier_request: ][1;m
[1;35m[1;41m00:49.629 00:02.026 Event timed out ControlMessageReceive:i98 c c1 -> s 3 [ofp_flow_mod: hard_timeout=0, out_port=65535, priority=59998, idle_timeout=0, command=add, actions=(u'output(2)',), flags=0, match=dl_vlan:65535,dl_vlan_pcp:0,in_port:3][1;m
[1;35m[1;41m00:50.233 00:02.026 Event timed out ControlMessageReceive:i99 c c1 -> s 3 [ofp_flow_mod: hard_timeout=0, out_port=65535, priority=59997, idle_timeout=0, command=add, actions=(u'output(65528)', u'output(3)'), flags=0, match=dl_vlan:65535,dl_vlan_pcp:0,in_port:2][1;m
[1;35m[1;41m00:50.836 00:02.027 Event timed out ControlMessageSend:i100 c 3 -> s c1 [ofp_barrier_reply: ][1;m
[1;35m[1;41m00:51.439 00:02.027 Event timed out ControlMessageSend:i101 c 2 -> s c1 [ofp_barrier_reply: ][1;m
[1;35m[1;41m00:52.041 00:02.027 Event timed out ControlMessageSend:i102 c 1 -> s c1 [ofp_barrier_reply: ][1;m
[1;42m[1;37mNo correctness violations![1;m
[1;36m[1;44m00:52.060 00:02.028 Successfully matched event CheckInvariants:e103[1;m
[1;35m[1;41m00:52.663 00:02.136 Event timed out ControlMessageReceive:i104 c c1 -> s 1 [ofp_barrier_request: ][1;m
[1;36m[1;36mRound 11[1;37m[1;m
[1;35m[1;41m00:53.268 00:02.137 Event timed out ControlMessageReceive:i105 c c1 -> s 3 [ofp_barrier_request: ][1;m
[1;35m[1;41m00:53.871 00:02.137 Event timed out ControlMessageReceive:i106 c c1 -> s 2 [ofp_barrier_request: ][1;m
[1;35m[1;41m00:54.474 00:02.137 Event timed out ControlMessageSend:i107 c 3 -> s c1 [ofp_barrier_reply: ][1;m
[1;35m[1;41m00:55.077 00:02.138 Event timed out ControlMessageSend:i108 c 2 -> s c1 [ofp_barrier_reply: ][1;m
[1;35m[1;41m00:55.679 00:02.138 Event timed out ControlMessageSend:i109 c 1 -> s c1 [ofp_barrier_reply: ][1;m
[1;42m[1;37mNo correctness violations![1;m
[1;36m[1;44m00:55.699 00:02.138 Successfully matched event CheckInvariants:e110[1;m
[1;35m[1;41m00:56.904 00:02.766 Event timed out ControlMessageSend:i116 c 1 -> s c1 [ofp_port_status: reason=2, desc=(1, u'00:00:00:00:01:01')][1;m
[1;36m[1;36mRound 16[1;37m[1;m
[1;35m[1;41m00:57.506 00:02.877 Event timed out ControlMessageReceive:i118 c c1 -> s 1 [ofp_packet_out: actions=(u'output(1)',), data={u'class': u'lldp'}, in_port=65535][1;m
[1;36m[1;36mRound 17[1;37m[1;m
[1;35m[1;41m00:58.310 00:03.097 Event timed out ControlMessageReceive:i121 c c1 -> s 1 [ofp_flow_mod: hard_timeout=0, out_port=65535, priority=59997, idle_timeout=0, command=add, actions=(u'output(1)', u'output(2)'), flags=0, match=dl_vlan:65535,dl_vlan_pcp:0,in_port:3][1;m
[1;36m[1;36mRound 19[1;37m[1;m
[1;35m[1;41m00:58.913 00:03.098 Event timed out ControlMessageReceive:i122 c c1 -> s 1 [ofp_flow_mod: hard_timeout=0, out_port=65535, priority=0, idle_timeout=0, command=add, actions=(u'output(65533)',), flags=0, match=x^L,in_port:None][1;m
[1;35m[1;41m00:59.515 00:03.099 Event timed out ControlMessageReceive:i123 c c1 -> s 2 [ofp_flow_mod: hard_timeout=0, out_port=65535, priority=59992, idle_timeout=0, command=add, actions=(), flags=0, match=dl_vlan:65535,dl_vlan_pcp:0,in_port:None][1;m
[1;35m[1;41m01:00.118 00:03.100 Event timed out ControlMessageReceive:i124 c c1 -> s 1 [ofp_flow_mod: hard_timeout=0, out_port=65535, priority=59998, idle_timeout=0, command=add, actions=(u'output(1)', u'output(3)'), flags=0, match=dl_vlan:65535,dl_vlan_pcp:0,in_port:2][1;m
[1;35m[1;41m01:00.721 00:03.101 Event timed out ControlMessageReceive:i125 c c1 -> s 2 [ofp_flow_mod: hard_timeout=0, out_port=65535, priority=32768, idle_timeout=0, command=delete, actions=(), flags=0, match=x^L,in_port:None][1;m
[1;35m[1;41m01:01.324 00:03.103 Event timed out ControlMessageReceive:i126 c c1 -> s 1 [ofp_flow_mod: hard_timeout=0, out_port=65535, priority=59996, idle_timeout=0, command=add, actions=(u'output(65528)', u'output(2)', u'output(3)'), flags=0, match=dl_vlan:65535,dl_vlan_pcp:0,in_port:1][1;m
[1;35m[1;41m01:01.927 00:03.104 Event timed out ControlMessageReceive:i127 c c1 -> s 3 [ofp_flow_mod: hard_timeout=0, out_port=65535, priority=60000, idle_timeout=0, command=add, actions=(u'output(65533)',), flags=0, match=dl_vlan:65535,dl_vlan_pcp:0,dl_type:35020,in_port:None][1;m
[1;35m[1;41m01:02.530 00:03.105 Event timed out ControlMessageReceive:i128 c c1 -> s 1 [ofp_flow_mod: hard_timeout=0, out_port=65535, priority=60000, idle_timeout=0, command=add, actions=(u'output(65533)',), flags=0, match=dl_vlan:65535,dl_vlan_pcp:0,dl_type:35020,in_port:None][1;m
[1;35m[1;41m01:03.133 00:03.106 Event timed out ControlMessageReceive:i129 c c1 -> s 1 [ofp_barrier_request: ][1;m
[1;35m[1;41m01:03.736 00:03.106 Event timed out ControlMessageReceive:i130 c c1 -> s 2 [ofp_flow_mod: hard_timeout=0, out_port=65535, priority=59999, idle_timeout=0, command=add, actions=(u'output(2)', u'output(3)'), flags=0, match=dl_vlan:65535,dl_vlan_pcp:0,in_port:1][1;m
[1;35m[1;41m01:04.339 00:03.108 Event timed out ControlMessageReceive:i131 c c1 -> s 3 [ofp_flow_mod: hard_timeout=0, out_port=65535, priority=32768, idle_timeout=0, command=delete, actions=(), flags=0, match=x^L,in_port:None][1;m
[1;35m[1;41m01:04.942 00:03.109 Event timed out ControlMessageReceive:i132 c c1 -> s 2 [ofp_flow_mod: hard_timeout=0, out_port=65535, priority=59998, idle_timeout=0, command=add, actions=(u'output(1)', u'output(3)'), flags=0, match=dl_vlan:65535,dl_vlan_pcp:0,in_port:2][1;m
[1;35m[1;41m01:05.546 00:03.110 Event timed out ControlMessageReceive:i133 c c1 -> s 1 [ofp_flow_mod: hard_timeout=0, out_port=65535, priority=59999, idle_timeout=0, command=add, actions=(u'output(2)', u'output(3)'), flags=0, match=dl_vlan:65535,dl_vlan_pcp:0,in_port:1][1;m
[1;35m[1;41m01:06.149 00:03.111 Event timed out ControlMessageReceive:i134 c c1 -> s 3 [ofp_barrier_request: ][1;m
[1;35m[1;41m01:06.752 00:03.112 Event timed out ControlMessageReceive:i135 c c1 -> s 1 [ofp_flow_mod: hard_timeout=0, out_port=65535, priority=32768, idle_timeout=0, command=delete, actions=(), flags=0, match=x^L,in_port:None][1;m
[1;35m[1;41m01:07.355 00:03.113 Event timed out ControlMessageReceive:i136 c c1 -> s 2 [ofp_flow_mod: hard_timeout=0, out_port=65535, priority=0, idle_timeout=0, command=add, actions=(u'output(65533)',), flags=0, match=x^L,in_port:None][1;m
[1;35m[1;41m01:07.958 00:03.113 Event timed out ControlMessageReceive:i137 c c1 -> s 2 [ofp_flow_mod: hard_timeout=0, out_port=65535, priority=59995, idle_timeout=0, command=add, actions=(u'output(1)', u'output(65528)', u'output(3)'), flags=0, match=dl_vlan:65535,dl_vlan_pcp:0,in_port:2][1;m
[1;35m[1;41m01:08.561 00:03.114 Event timed out ControlMessageReceive:i138 c c1 -> s 2 [ofp_flow_mod: hard_timeout=0, out_port=65535, priority=59994, idle_timeout=0, command=add, actions=(u'output(1)', u'output(2)', u'output(65528)'), flags=0, match=dl_vlan:65535,dl_vlan_pcp:0,in_port:3][1;m
[1;35m[1;41m01:09.164 00:03.115 Event timed out ControlMessageReceive:i139 c c1 -> s 2 [ofp_flow_mod: hard_timeout=0, out_port=65535, priority=60000, idle_timeout=0, command=add, actions=(u'output(65533)',), flags=0, match=dl_vlan:65535,dl_vlan_pcp:0,dl_type:35020,in_port:None][1;m
[1;35m[1;41m01:09.767 00:03.115 Event timed out ControlMessageReceive:i140 c c1 -> s 1 [ofp_flow_mod: hard_timeout=0, out_port=65535, priority=59994, idle_timeout=0, command=add, actions=(u'output(1)', u'output(2)', u'output(65528)'), flags=0, match=dl_vlan:65535,dl_vlan_pcp:0,in_port:3][1;m
[1;35m[1;41m01:10.370 00:03.116 Event timed out ControlMessageReceive:i141 c c1 -> s 2 [ofp_barrier_request: ][1;m
[1;35m[1;41m01:10.973 00:03.116 Event timed out ControlMessageReceive:i142 c c1 -> s 1 [ofp_flow_mod: hard_timeout=0, out_port=65535, priority=59995, idle_timeout=0, command=add, actions=(u'output(1)', u'output(65528)', u'output(3)'), flags=0, match=dl_vlan:65535,dl_vlan_pcp:0,in_port:2][1;m
[1;35m[1;41m01:11.576 00:03.116 Event timed out ControlMessageReceive:i143 c c1 -> s 2 [ofp_flow_mod: hard_timeout=0, out_port=65535, priority=59993, idle_timeout=0, command=add, actions=(u'output(1)', u'output(2)', u'output(3)'), flags=0, match=dl_vlan:65535,dl_vlan_pcp:0,in_port:None][1;m
[1;35m[1;41m01:12.179 00:03.117 Event timed out ControlMessageReceive:i144 c c1 -> s 3 [ofp_flow_mod: hard_timeout=0, out_port=65535, priority=0, idle_timeout=0, command=add, actions=(u'output(65533)',), flags=0, match=x^L,in_port:None][1;m
[1;35m[1;41m01:12.782 00:03.118 Event timed out ControlMessageReceive:i145 c c1 -> s 2 [ofp_flow_mod: hard_timeout=0, out_port=65535, priority=59996, idle_timeout=0, command=add, actions=(u'output(65528)', u'output(2)', u'output(3)'), flags=0, match=dl_vlan:65535,dl_vlan_pcp:0,in_port:1][1;m
[1;35m[1;41m01:13.386 00:03.118 Event timed out ControlMessageReceive:i146 c c1 -> s 1 [ofp_flow_mod: hard_timeout=0, out_port=65535, priority=59993, idle_timeout=0, command=add, actions=(u'output(1)', u'output(2)', u'output(3)'), flags=0, match=dl_vlan:65535,dl_vlan_pcp:0,in_port:None][1;m
[1;35m[1;41m01:13.989 00:03.119 Event timed out ControlMessageReceive:i147 c c1 -> s 2 [ofp_flow_mod: hard_timeout=0, out_port=65535, priority=59997, idle_timeout=0, command=add, actions=(u'output(1)', u'output(2)'), flags=0, match=dl_vlan:65535,dl_vlan_pcp:0,in_port:3][1;m
[1;35m[1;41m01:14.592 00:03.119 Event timed out ControlMessageSend:i148 c 3 -> s c1 [ofp_barrier_reply: ][1;m
[1;35m[1;41m01:15.194 00:03.120 Event timed out ControlMessageSend:i149 c 2 -> s c1 [ofp_barrier_reply: ][1;m
[1;35m[1;41m01:15.797 00:03.120 Event timed out ControlMessageSend:i150 c 1 -> s c1 [ofp_barrier_reply: ][1;m
[1;35m[1;41m01:16.400 00:03.228 Event timed out ControlMessageReceive:i152 c c1 -> s 3 [ofp_flow_mod: hard_timeout=0, out_port=65535, priority=59994, idle_timeout=0, command=add, actions=(u'output(1)', u'output(2)', u'output(65528)'), flags=0, match=dl_vlan:65535,dl_vlan_pcp:0,in_port:3][1;m
[1;36m[1;36mRound 20[1;37m[1;m
[1;35m[1;41m01:17.005 00:03.229 Event timed out ControlMessageReceive:i153 c c1 -> s 3 [ofp_flow_mod: hard_timeout=0, out_port=65535, priority=59995, idle_timeout=0, command=add, actions=(u'output(1)', u'output(65528)', u'output(3)'), flags=0, match=dl_vlan:65535,dl_vlan_pcp:0,in_port:2][1;m
[1;35m[1;41m01:17.608 00:03.230 Event timed out ControlMessageReceive:i154 c c1 -> s 1 [ofp_flow_mod: hard_timeout=0, out_port=65535, priority=59992, idle_timeout=0, command=add, actions=(), flags=0, match=dl_vlan:65535,dl_vlan_pcp:0,in_port:None][1;m
[1;35m[1;41m01:18.211 00:03.230 Event timed out ControlMessageReceive:i155 c c1 -> s 3 [ofp_flow_mod: hard_timeout=0, out_port=65535, priority=59996, idle_timeout=0, command=add, actions=(u'output(65528)', u'output(2)', u'output(3)'), flags=0, match=dl_vlan:65535,dl_vlan_pcp:0,in_port:1][1;m
[1;35m[1;41m01:18.815 00:03.231 Event timed out ControlMessageReceive:i156 c c1 -> s 3 [ofp_flow_mod: hard_timeout=0, out_port=65535, priority=59992, idle_timeout=0, command=add, actions=(), flags=0, match=dl_vlan:65535,dl_vlan_pcp:0,in_port:None][1;m
[1;35m[1;41m01:19.418 00:03.231 Event timed out ControlMessageReceive:i157 c c1 -> s 3 [ofp_flow_mod: hard_timeout=0, out_port=65535, priority=59998, idle_timeout=0, command=add, actions=(u'output(1)', u'output(3)'), flags=0, match=dl_vlan:65535,dl_vlan_pcp:0,in_port:2][1;m
[1;35m[1;41m01:20.021 00:03.232 Event timed out ControlMessageReceive:i158 c c1 -> s 3 [ofp_flow_mod: hard_timeout=0, out_port=65535, priority=59997, idle_timeout=0, command=add, actions=(u'output(1)', u'output(2)'), flags=0, match=dl_vlan:65535,dl_vlan_pcp:0,in_port:3][1;m
[1;35m[1;41m01:20.624 00:03.233 Event timed out ControlMessageReceive:i159 c c1 -> s 1 [ofp_barrier_request: ][1;m
[1;35m[1;41m01:21.227 00:03.233 Event timed out ControlMessageReceive:i160 c c1 -> s 3 [ofp_flow_mod: hard_timeout=0, out_port=65535, priority=59999, idle_timeout=0, command=add, actions=(u'output(2)', u'output(3)'), flags=0, match=dl_vlan:65535,dl_vlan_pcp:0,in_port:1][1;m
[1;35m[1;41m01:21.830 00:03.234 Event timed out ControlMessageReceive:i161 c c1 -> s 3 [ofp_barrier_request: ][1;m
[1;35m[1;41m01:22.432 00:03.234 Event timed out ControlMessageReceive:i162 c c1 -> s 2 [ofp_barrier_request: ][1;m
[1;35m[1;41m01:23.035 00:03.234 Event timed out ControlMessageReceive:i163 c c1 -> s 3 [ofp_flow_mod: hard_timeout=0, out_port=65535, priority=59993, idle_timeout=0, command=add, actions=(u'output(1)', u'output(2)', u'output(3)'), flags=0, match=dl_vlan:65535,dl_vlan_pcp:0,in_port:None][1;m
[1;35m[1;41m01:23.638 00:03.235 Event timed out ControlMessageSend:i164 c 3 -> s c1 [ofp_barrier_reply: ][1;m
[1;35m[1;41m01:24.241 00:03.235 Event timed out ControlMessageSend:i165 c 2 -> s c1 [ofp_barrier_reply: ][1;m
[1;35m[1;41m01:24.844 00:03.236 Event timed out ControlMessageSend:i166 c 1 -> s c1 [ofp_barrier_reply: ][1;m
[1;42m[1;37mNo correctness violations![1;m
[1;36m[1;44mEvent Stats: Events matched: 21, timed out: 136
Matches per event type:
  ConnectToControllers 1
  DataplanePermit 9
  CheckInvariants 11
Timeouts per event type:
  ControlMessageSend 31
  ControlMessageReceive 105
[1;m
[1;36m[1;44mDataplaneDrop Stats: Expected drops (0), Actual drops (0)
Missed Drops (expected if TrafficInjections pruned):[1;m
[1;36mKilling controller c1 (pid 12602)[1;m
Terminating child controllers...close() called on stdout during concurrent operation
close() called on stderr during concurrent operation
 OK
