[1;33mc1 Killed existing process (pid: 19858)[1;m

[1;33mc1 rotate log: ./onos-logs/onos.onosdev1.log[1;m

[1;33mc1 rotate log: ./onos-logs/onos.onosdev1.pcap[1;m

[1;33mc1 Starting ONOS controller ...[1;m

[1;33mc1 [1;m

[1;33mc1 .[1;m

[1;33mc1 /home/mininet/ONOS[1;m

[1;33mc1 Waiting for ONOS to start...[1;m

[1;33mc1 .[1;m

[1;33mc2 Killed existing process (pid: 18477)[1;m

[1;33mc2 rotate log: ./onos-logs/onos.onosdev2.log[1;m

[1;33mc2 rotate log: ./onos-logs/onos.onosdev2.pcap[1;m

[1;33mc2 Starting ONOS controller ...[1;m

[1;33mc2 [1;m

[1;33mc2 .[1;m

[1;33mc2 /home/mininet/ONOS[1;m

[1;33mc2 Waiting for ONOS to start...[1;m

[1;33mc2 .[1;m

[1;42m[1;37mNo correctness violations![1;m
connect_socket_with_backoff ('192.168.56.11', 6633)
Error connecting.  -- [Errno 111] Connection refused. Backing off 1 seconds ...
Error connecting.  -- [Errno 111] Connection refused. Backing off 2 seconds ...
Error connecting.  -- [Errno 111] Connection refused. Backing off 4 seconds ...
Error connecting.  -- [Errno 111] Connection refused. Backing off 8 seconds ...
Error connecting.  -- [Errno 111] Connection refused. Backing off 16 seconds ...
connect_socket_with_backoff ('192.168.56.12', 6633)
Error connecting.  -- [Errno 111] Connection refused. Backing off 1 seconds ...
Error connecting.  -- [Errno 111] Connection refused. Backing off 2 seconds ...
Error connecting.  -- [Errno 111] Connection refused. Backing off 4 seconds ...
[1;36m[1;44m00:38.558 00:00.000 Successfully matched event ConnectToControllers:e1[1;m
[1;36mForwarding dataplane event[1;m
[1;36mForwarding dataplane event[1;m
[1;36mForwarding dataplane event[1;m
[1;36mForwarding dataplane event[1;m
[1;36mForwarding dataplane event[1;m
[1;36mForwarding dataplane event[1;m
[1;36mForwarding dataplane event[1;m
[1;36mForwarding dataplane event[1;m
[1;36mForwarding dataplane event[1;m
[1;36mForwarding dataplane event[1;m
[1;36mForwarding dataplane event[1;m
[1;36mForwarding dataplane event[1;m
[1;36mForwarding dataplane event[1;m
[1;36mForwarding dataplane event[1;m
[1;36mForwarding dataplane event[1;m
[1;36mForwarding dataplane event[1;m
[1;36mForwarding dataplane event[1;m
[1;36mForwarding dataplane event[1;m
[1;36mForwarding dataplane event[1;m
[1;36mForwarding dataplane event[1;m
[1;36mForwarding dataplane event[1;m
[1;36mForwarding dataplane event[1;m
[1;36mForwarding dataplane event[1;m
[1;36mForwarding dataplane event[1;m
[1;36mForwarding dataplane event[1;m
[1;36mForwarding dataplane event[1;m
[1;36mForwarding dataplane event[1;m
[1;36mForwarding dataplane event[1;m
[1;36mForwarding dataplane event[1;m
[1;36mForwarding dataplane event[1;m
[1;36mForwarding dataplane event[1;m
[1;36mForwarding dataplane event[1;m
[1;36mForwarding dataplane event[1;m
[1;36mForwarding dataplane event[1;m
[1;36mForwarding dataplane event[1;m
[1;36mForwarding dataplane event[1;m
[1;36mForwarding dataplane event[1;m
[1;36mForwarding dataplane event[1;m
[1;36mForwarding dataplane event[1;m
[1;36mForwarding dataplane event[1;m
[1;36mForwarding dataplane event[1;m
[1;36mForwarding dataplane event[1;m
[1;36mForwarding dataplane event[1;m
[1;36mForwarding dataplane event[1;m
[1;36mForwarding dataplane event[1;m
[1;36mForwarding dataplane event[1;m
[1;36mForwarding dataplane event[1;m
[1;36mForwarding dataplane event[1;m
[1;36mForwarding dataplane event[1;m
[1;36mForwarding dataplane event[1;m
[1;36mForwarding dataplane event[1;m
[1;36mForwarding dataplane event[1;m
[1;36mForwarding dataplane event[1;m
[1;36mForwarding dataplane event[1;m
[1;36mForwarding dataplane event[1;m
[1;36mForwarding dataplane event[1;m
[1;36mForwarding dataplane event[1;m
[1;36mForwarding dataplane event[1;m
[1;36mForwarding dataplane event[1;m
[1;36mForwarding dataplane event[1;m
[1;36mForwarding dataplane event[1;m
[1;36mForwarding dataplane event[1;m
[1;36mForwarding dataplane event[1;m
[1;36mForwarding dataplane event[1;m
[1;36mForwarding dataplane event[1;m
[1;36mForwarding dataplane event[1;m
[1;36mForwarding dataplane event[1;m
[1;36mForwarding dataplane event[1;m
[1;36mForwarding dataplane event[1;m
[1;36mForwarding dataplane event[1;m
[1;36mForwarding dataplane event[1;m
[1;36mForwarding dataplane event[1;m
[1;36mForwarding dataplane event[1;m
[1;36mForwarding dataplane event[1;m
[1;36mForwarding dataplane event[1;m
[1;36mForwarding dataplane event[1;m
[1;36m[1;44m02:50.139 02:11.579 Successfully matched event TrafficInjection:e158[1;m
[1;36m[1;36mRound 28[1;37m[1;m
[1;36mForwarding dataplane event[1;m
[1;42m[1;37mNo correctness violations![1;m
[1;36m[1;44m02:57.124 02:17.592 Successfully matched event CheckInvariants:e161[1;m
[1;36m[1;36mRound 30[1;37m[1;m
[1;36mForwarding dataplane event[1;m
[1;36mForwarding dataplane event[1;m
[1;36mForwarding dataplane event[1;m
[1;36mForwarding dataplane event[1;m
[1;36mForwarding dataplane event[1;m
[1;36mForwarding dataplane event[1;m
[1;36mForwarding dataplane event[1;m
[1;36mForwarding dataplane event[1;m
[1;36m[1;44m03:10.086 02:30.542 Successfully matched event TrafficInjection:e182[1;m
[1;36m[1;36mRound 34[1;37m[1;m
[1;36mForwarding dataplane event[1;m
[1;36mForwarding dataplane event[1;m
[1;36mForwarding dataplane event[1;m
[1;36mForwarding dataplane event[1;m
[1;36mForwarding dataplane event[1;m
[1;36mForwarding dataplane event[1;m
[1;36mForwarding dataplane event[1;m
[1;36mForwarding dataplane event[1;m
[1;36mForwarding dataplane event[1;m
[1;36mForwarding dataplane event[1;m
[1;36mForwarding dataplane event[1;m
[1;36mForwarding dataplane event[1;m
[1;36mForwarding dataplane event[1;m
[1;36mForwarding dataplane event[1;m
[1;36mForwarding dataplane event[1;m
[1;36mForwarding dataplane event[1;m
[1;36mForwarding dataplane event[1;m
[1;42m[1;37mNo correctness violations![1;m
[1;36m[1;44m03:30.246 02:49.890 Successfully matched event CheckInvariants:e211[1;m
[1;36m[1;36mRound 40[1;37m[1;m
[1;42m[1;37mNo correctness violations![1;m
[1;36mForwarding dataplane event[1;m
[1;36mForwarding dataplane event[1;m
[1;36mForwarding dataplane event[1;m
[1;36mForwarding dataplane event[1;m
[1;36mForwarding dataplane event[1;m
[1;36mForwarding dataplane event[1;m
[1;36mForwarding dataplane event[1;m
[1;36mForwarding dataplane event[1;m
[1;36mForwarding dataplane event[1;m
[1;36mForwarding dataplane event[1;m
[1;36mForwarding dataplane event[1;m
[1;36mForwarding dataplane event[1;m
[1;36mForwarding dataplane event[1;m
[1;36mForwarding dataplane event[1;m
[1;36mForwarding dataplane event[1;m
[1;36mForwarding dataplane event[1;m
[1;36mForwarding dataplane event[1;m
[1;36mForwarding dataplane event[1;m
[1;36mForwarding dataplane event[1;m
[1;36mForwarding dataplane event[1;m
[1;36mForwarding dataplane event[1;m
[1;36mForwarding dataplane event[1;m
[1;36mForwarding dataplane event[1;m
[1;36mForwarding dataplane event[1;m
[1;42m[1;37mNo correctness violations![1;m
[1;36m[1;44m04:20.397 03:38.997 Successfully matched event CheckInvariants:e229[1;m
[1;36m[1;36mRound 45[1;37m[1;m
[1;36mForwarding dataplane event[1;m
[1;36mForwarding dataplane event[1;m
[1;36mForwarding dataplane event[1;m
[1;36mForwarding dataplane event[1;m
[1;36mForwarding dataplane event[1;m
[1;36mForwarding dataplane event[1;m
[1;36mForwarding dataplane event[1;m
[1;36mForwarding dataplane event[1;m
[1;42m[1;37mNo correctness violations![1;m
[1;36m[1;44m04:37.041 03:54.853 Successfully matched event CheckInvariants:e279[1;m
[1;36m[1;36mRound 50[1;37m[1;m
[1;36mForwarding dataplane event[1;m
[1;36mForwarding dataplane event[1;m
[1;36mForwarding dataplane event[1;m
[1;36mForwarding dataplane event[1;m
[1;36mForwarding dataplane event[1;m
[1;36mForwarding dataplane event[1;m
[1;36mForwarding dataplane event[1;m
[1;36mForwarding dataplane event[1;m
[1;42m[1;37mNo correctness violations![1;m
[1;36m[1;44m04:53.814 04:10.603 Successfully matched event CheckInvariants:e307[1;m
[1;36m[1;36mRound 55[1;37m[1;m
[1;36m[1;44m04:54.816 04:11.418 Successfully matched event WaitTime:e309[1;m
[1;36m[1;36mRound -1[1;37m[1;m
[1;42m[1;37mNo correctness violations![1;m
[1;36m[1;44mEvent Stats: Events matched: 9, timed out: 0
Matches per event type:
  ConnectToControllers 1
  WaitTime 1
  TrafficInjection 2
  CheckInvariants 5
Timeouts per event type:
[1;m
[1;36m[1;44mDataplaneDrop Stats: Expected drops (0), Actual drops (0)
Missed Drops (expected if TrafficInjections pruned):[1;m
