Violation reproduced successfully! Proceeding with pruning
Subsets:
l/0: e25 e26 a(e29,[u'e30']) a(e33,[u'e34']) e38 e39 e40 e41 e50 e51 e52 e53 e62 e63 a(e68,[u'e75']) e69 e70 a(e76,[u'e83']) e77 e78 e84 e85 e90 e91 a(e93,[u'e97']) e98 e99 a(e101,[u'e102']) e106 e107 e112 e113 e118 e119 a(e124,[u'e129']) a(e125,[u'e134']) e126 e127 e136 e137 a(e142,[u'e145']) a(e143,[u'e149']) a(e147,[u'e148']) e150 e151 e156 e157 a(e162,[u'e163']) e164 e165 e170 e171 a(e176,[u'e182']) e177 e178 a(e180,[u'e181']) e186 e187 e192 e193 e198 e199 a(e204,[u'e205']) a(e206,[u'e207']) a(e208,[u'e212']) e209 e210 e219 e220 e225 e226 e231 e232 e237 e238 e243 e244 e249 e250 a(e255,[u'e258']) a(e256,[u'e257']) a(e259,[u'e260']) e261 e262 a(e267,[u'e268']) a(e269,[u'e271']) e273 e274 e279 a(e280,[u'e281']) e282 e283 e288 e289 e294 e295 e300 e301 e306 e307 a(e312,[u'e320']) e314 e315 e321 e322 e328 e329 a(e334,[u'e337']) a(e335,[u'e338']) e342 e343 a(e345,[u'e351']) e357 e358 e366 e367 a(e375,[u'e397']) a(e377,[u'e381']) a(e378,[u'e379']) e382 e383 a(e389,[u'e396']) e390 e391 e402 e403 a(e409,[u'e412']) a(e413,[u'e415']) a(e417,[u'e422']) e424 e425 e431 e432 a(e439,[u'e440']) a(e443,[u'e444']) a(e451,[u'e477']) e454 e455 e456 e457 e468 e469 e474 e475 a(e485,[u'e486']) a(e489,[u'e490']) e491 e492 a(e500,[u'e503']) a(e502,[u'e505']) e507 e508 a(e510,[u'e517']) e519 e520 e525 e526 e527 e528 e538 e539 a(e545,[u'e549']) a(e546,[u'e547']) a(e548,[u'e550']) a(e552,[u'e562']) e555 e556 a(e563,[u'e567']) a(e570,[u'e572']) e573 e574 e580 e581 a(e586,[u'e587']) e606 e607 e614 e615 a(e624,[u'e625']) a(e630,[u'e631']) e632 e633 e639 a(e647,[u'e652']) a(e648,[u'e650']) a(e649,[u'e655']) a(e653,[u'e666']) e658 e659 a(e670,[u'e671']) a(e678,[u'e681']) e689 e690 a(e692,[u'e693']) e697 e698 a(e704,[u'e710']) a(e707,[u'e708']) e715 e716 e722 e723 e728 e729 e734 e735 e741 e742 e749 e750 a(e756,[u'e777']) e759 e760 e770 e771 a(e778,[u'e782']) e779 e780 a(e787,[u'e792']) a(e788,[u'e789']) e797 e798 a(e806,[u'e808']) e812 e813 a(e830,[u'e839']) e831 a(e835,[u'e836']) e852 e853 a(e860,[u'e866']) e869 e870 e878 e879 e886 e887 a(e893,[u'e895']) e918 e919 e941 e942 e950 e951 a(e961,[u'e962']) e964 e965 e972 e973 e979 e980 a(e989,[u'e994']) e991 e992 a(e1001,[u'e1004']) a(e1006,[u'e1009']) a(e1013,[u'e1017']) e1016 a(e1023,[u'e1026']) a(e1035,[u'e1041']) e1038 e1039 a(e1048,[u'e1057']) e1049 e1050 a(e1065,[u'e1078']) e1075 e1076 a(e1086,[u'e1087']) a(e1090,[u'e1094']) e1100
r/0: e1101 e1107 e1108 a(e1115,[u'e1117']) a(e1120,[u'e1131']) e1123 e1124 a(e1126,[u'e1127']) e1139 e1140 e1154 e1155 a(e1163,[u'e1169']) e1166 e1167 a(e1182,[u'e1202']) e1185 e1186 a(e1197,[u'e1201']) a(e1209,[u'e1213']) a(e1210,[u'e1214']) e1222 e1223 e1230 e1231 a(e1233,[u'e1234']) e1240 e1241 a(e1248,[u'e1256']) e1249 e1250 e1270 e1271 a(e1281,[u'e1298']) e1289 e1292 e1293 a(e1299,[u'e1301']) a(e1300,[u'e1311']) e1302 e1303 a(e1310,[u'e1328']) e1314 e1315 e1316 e1317 e1326 e1335 e1336 a(e1338,[u'e1346']) e1357 e1358 a(e1371,[u'e1372']) e1377 e1378 a(e1394,[u'e1403']) a(e1402,[u'e1409']) e1415 e1416 a(e1418,[u'e1425']) a(e1428,[u'e1429']) a(e1436,[u'e1443']) a(e1439,[u'e1444']) e1449 e1450 a(e1465,[u'e1468']) a(e1479,[u'e1480']) e1483 e1484 a(e1491,[u'e1492']) a(e1495,[u'e1500']) a(e1503,[u'e1510']) e1507 e1508 a(e1517,[u'e1518']) a(e1521,[u'e1529']) e1522 e1523 e1536 e1537 a(e1539,[u'e1540']) a(e1557,[u'e1576']) e1558 e1559 e1560 e1561 a(e1573,[u'e1574']) a(e1582,[u'e1583']) a(e1586,[u'e1592']) a(e1589,[u'e1590']) e1591 a(e1602,[u'e1608']) e1603 e1604 e1611 e1612 e1619 e1620 e1632 e1633 a(e1652,[u'e1653']) e1657 e1658 a(e1665,[u'e1667']) e1673 e1674 e1684 e1685 a(e1687,[u'e1688']) e1694 e1695 e1707 e1708 e1716 e1717 e1726 e1727 e1738 e1739 a(e1747,[u'e1752']) a(e1750,[u'e1751']) a(e1768,[u'e1772']) e1773 e1774 e1788 e1789 a(e1800,[u'e1808']) e1814 e1815 a(e1817,[u'e1826']) e1823 e1824 e1843 e1844 a(e1851,[u'e1880']) a(e1858,[u'e1868']) e1859 e1860 e1877 e1878 e1921 e1922 a(e1934,[u'e1935']) a(e1946,[u'e1952']) a(e1947,[u'e1957']) e1954 e1955 e1965 e1966 a(e1975,[u'e1979']) a(e1990,[u'e1991']) a(e1995,[u'e1996']) a(e1999,[u'e2004']) a(e2003,[u'e2015']) a(e2010,[u'e2024']) e2012 e2013 a(e2025,[u'e2035']) e2029 e2030 a(e2066,[u'e2072']) a(e2070,[u'e2087']) a(e2071,[u'e2073']) a(e2088,[u'e2089']) a(e2094,[u'e2095']) e2103 e2104 a(e2119,[u'e2124']) e2128 e2129 a(e2131,[u'e2132']) e2145 e2146 a(e2162,[u'e2167']) e2173 e2174 e2182 e2183 e2192 e2193 a(e2195,[u'e2196']) a(e2226,[u'e2239']) e2230 e2233 e2234 e2235 e2236 e2249 e2250 e2257 e2258 a(e2260,[u'e2261']) e2267 e2268 e2280 e2281 e2298 e2299 a(e2301,[u'e2323']) e2308 e2309 e2314 e2315 e2320 e2321 e2340 e2341 e2373 e2374 a(e2389,[u'e2395']) e2399 e2400 e2417 e2418 e2426 e2427 e2434 e2435 e2442 e2443 a(e2445,[u'e2446']) a(e2467,[u'e2471']) e2475 e2476 e2496 e2497 a(e2499,[u'e2505']) e2508 e2509 a(e2526,[u'e2530']) a(e2535,[u'e2539']) a(e2538,[u'e2540']) e2557 e2558 e2584 e2585 a(e2603,[u'e2610']) e2604 e2605 a(e2611,[u'e2616']) a(e2614,[u'e2615']) a(e2619,[u'e2627']) e2640 e2641 a(e2654,[u'e2655']) e2656 e2657 e2662 e2663 e2668 e2669 a(e2674,[u'e2675', u'e2694', u'e2695', u'e2702', u'e2703', u'e2704', u'e2705', u'e2706', u'e2721', u'e2728', u'e2731', u'e2732', u'e2733', u'e2735']) e2676 e2677 e2678 e2679 e2688 e2689 e2696 e2697 e2707 e2708 e2709 e2710 a(e2719,[u'e2720']) e2722 e2723 a(e2729,[u'e2730']) a(e2734,[u'e2736']) e2737 e2739
Current subset: l/0: e25 e26 a(e29,[u'e30']) a(e33,[u'e34']) e38 e39 e40 e41 e50 e51 e52 e53 e62 e63 a(e68,[u'e75']) e69 e70 a(e76,[u'e83']) e77 e78 e84 e85 e90 e91 a(e93,[u'e97']) e98 e99 a(e101,[u'e102']) e106 e107 e112 e113 e118 e119 a(e124,[u'e129']) a(e125,[u'e134']) e126 e127 e136 e137 a(e142,[u'e145']) a(e143,[u'e149']) a(e147,[u'e148']) e150 e151 e156 e157 a(e162,[u'e163']) e164 e165 e170 e171 a(e176,[u'e182']) e177 e178 a(e180,[u'e181']) e186 e187 e192 e193 e198 e199 a(e204,[u'e205']) a(e206,[u'e207']) a(e208,[u'e212']) e209 e210 e219 e220 e225 e226 e231 e232 e237 e238 e243 e244 e249 e250 a(e255,[u'e258']) a(e256,[u'e257']) a(e259,[u'e260']) e261 e262 a(e267,[u'e268']) a(e269,[u'e271']) e273 e274 e279 a(e280,[u'e281']) e282 e283 e288 e289 e294 e295 e300 e301 e306 e307 a(e312,[u'e320']) e314 e315 e321 e322 e328 e329 a(e334,[u'e337']) a(e335,[u'e338']) e342 e343 a(e345,[u'e351']) e357 e358 e366 e367 a(e375,[u'e397']) a(e377,[u'e381']) a(e378,[u'e379']) e382 e383 a(e389,[u'e396']) e390 e391 e402 e403 a(e409,[u'e412']) a(e413,[u'e415']) a(e417,[u'e422']) e424 e425 e431 e432 a(e439,[u'e440']) a(e443,[u'e444']) a(e451,[u'e477']) e454 e455 e456 e457 e468 e469 e474 e475 a(e485,[u'e486']) a(e489,[u'e490']) e491 e492 a(e500,[u'e503']) a(e502,[u'e505']) e507 e508 a(e510,[u'e517']) e519 e520 e525 e526 e527 e528 e538 e539 a(e545,[u'e549']) a(e546,[u'e547']) a(e548,[u'e550']) a(e552,[u'e562']) e555 e556 a(e563,[u'e567']) a(e570,[u'e572']) e573 e574 e580 e581 a(e586,[u'e587']) e606 e607 e614 e615 a(e624,[u'e625']) a(e630,[u'e631']) e632 e633 e639 a(e647,[u'e652']) a(e648,[u'e650']) a(e649,[u'e655']) a(e653,[u'e666']) e658 e659 a(e670,[u'e671']) a(e678,[u'e681']) e689 e690 a(e692,[u'e693']) e697 e698 a(e704,[u'e710']) a(e707,[u'e708']) e715 e716 e722 e723 e728 e729 e734 e735 e741 e742 e749 e750 a(e756,[u'e777']) e759 e760 e770 e771 a(e778,[u'e782']) e779 e780 a(e787,[u'e792']) a(e788,[u'e789']) e797 e798 a(e806,[u'e808']) e812 e813 a(e830,[u'e839']) e831 a(e835,[u'e836']) e852 e853 a(e860,[u'e866']) e869 e870 e878 e879 e886 e887 a(e893,[u'e895']) e918 e919 e941 e942 e950 e951 a(e961,[u'e962']) e964 e965 e972 e973 e979 e980 a(e989,[u'e994']) e991 e992 a(e1001,[u'e1004']) a(e1006,[u'e1009']) a(e1013,[u'e1017']) e1016 a(e1023,[u'e1026']) a(e1035,[u'e1041']) e1038 e1039 a(e1048,[u'e1057']) e1049 e1050 a(e1065,[u'e1078']) e1075 e1076 a(e1086,[u'e1087']) a(e1090,[u'e1094']) e1100
No violation in 0'th...
Current subset: r/0: e1101 e1107 e1108 a(e1115,[u'e1117']) a(e1120,[u'e1131']) e1123 e1124 a(e1126,[u'e1127']) e1139 e1140 e1154 e1155 a(e1163,[u'e1169']) e1166 e1167 a(e1182,[u'e1202']) e1185 e1186 a(e1197,[u'e1201']) a(e1209,[u'e1213']) a(e1210,[u'e1214']) e1222 e1223 e1230 e1231 a(e1233,[u'e1234']) e1240 e1241 a(e1248,[u'e1256']) e1249 e1250 e1270 e1271 a(e1281,[u'e1298']) e1289 e1292 e1293 a(e1299,[u'e1301']) a(e1300,[u'e1311']) e1302 e1303 a(e1310,[u'e1328']) e1314 e1315 e1316 e1317 e1326 e1335 e1336 a(e1338,[u'e1346']) e1357 e1358 a(e1371,[u'e1372']) e1377 e1378 a(e1394,[u'e1403']) a(e1402,[u'e1409']) e1415 e1416 a(e1418,[u'e1425']) a(e1428,[u'e1429']) a(e1436,[u'e1443']) a(e1439,[u'e1444']) e1449 e1450 a(e1465,[u'e1468']) a(e1479,[u'e1480']) e1483 e1484 a(e1491,[u'e1492']) a(e1495,[u'e1500']) a(e1503,[u'e1510']) e1507 e1508 a(e1517,[u'e1518']) a(e1521,[u'e1529']) e1522 e1523 e1536 e1537 a(e1539,[u'e1540']) a(e1557,[u'e1576']) e1558 e1559 e1560 e1561 a(e1573,[u'e1574']) a(e1582,[u'e1583']) a(e1586,[u'e1592']) a(e1589,[u'e1590']) e1591 a(e1602,[u'e1608']) e1603 e1604 e1611 e1612 e1619 e1620 e1632 e1633 a(e1652,[u'e1653']) e1657 e1658 a(e1665,[u'e1667']) e1673 e1674 e1684 e1685 a(e1687,[u'e1688']) e1694 e1695 e1707 e1708 e1716 e1717 e1726 e1727 e1738 e1739 a(e1747,[u'e1752']) a(e1750,[u'e1751']) a(e1768,[u'e1772']) e1773 e1774 e1788 e1789 a(e1800,[u'e1808']) e1814 e1815 a(e1817,[u'e1826']) e1823 e1824 e1843 e1844 a(e1851,[u'e1880']) a(e1858,[u'e1868']) e1859 e1860 e1877 e1878 e1921 e1922 a(e1934,[u'e1935']) a(e1946,[u'e1952']) a(e1947,[u'e1957']) e1954 e1955 e1965 e1966 a(e1975,[u'e1979']) a(e1990,[u'e1991']) a(e1995,[u'e1996']) a(e1999,[u'e2004']) a(e2003,[u'e2015']) a(e2010,[u'e2024']) e2012 e2013 a(e2025,[u'e2035']) e2029 e2030 a(e2066,[u'e2072']) a(e2070,[u'e2087']) a(e2071,[u'e2073']) a(e2088,[u'e2089']) a(e2094,[u'e2095']) e2103 e2104 a(e2119,[u'e2124']) e2128 e2129 a(e2131,[u'e2132']) e2145 e2146 a(e2162,[u'e2167']) e2173 e2174 e2182 e2183 e2192 e2193 a(e2195,[u'e2196']) a(e2226,[u'e2239']) e2230 e2233 e2234 e2235 e2236 e2249 e2250 e2257 e2258 a(e2260,[u'e2261']) e2267 e2268 e2280 e2281 e2298 e2299 a(e2301,[u'e2323']) e2308 e2309 e2314 e2315 e2320 e2321 e2340 e2341 e2373 e2374 a(e2389,[u'e2395']) e2399 e2400 e2417 e2418 e2426 e2427 e2434 e2435 e2442 e2443 a(e2445,[u'e2446']) a(e2467,[u'e2471']) e2475 e2476 e2496 e2497 a(e2499,[u'e2505']) e2508 e2509 a(e2526,[u'e2530']) a(e2535,[u'e2539']) a(e2538,[u'e2540']) e2557 e2558 e2584 e2585 a(e2603,[u'e2610']) e2604 e2605 a(e2611,[u'e2616']) a(e2614,[u'e2615']) a(e2619,[u'e2627']) e2640 e2641 a(e2654,[u'e2655']) e2656 e2657 e2662 e2663 e2668 e2669 a(e2674,[u'e2675', u'e2694', u'e2695', u'e2702', u'e2703', u'e2704', u'e2705', u'e2706', u'e2721', u'e2728', u'e2731', u'e2732', u'e2733', u'e2735']) e2676 e2677 e2678 e2679 e2688 e2689 e2696 e2697 e2707 e2708 e2709 e2710 a(e2719,[u'e2720']) e2722 e2723 a(e2729,[u'e2730']) a(e2734,[u'e2736']) e2737 e2739
No violation in 1'th...
Interference
Recursing on left half
Subsets:
il/0.l/1: e25 e26 a(e29,[u'e30']) a(e33,[u'e34']) e38 e39 e40 e41 e50 e51 e52 e53 e62 e63 a(e68,[u'e75']) e69 e70 a(e76,[u'e83']) e77 e78 e84 e85 e90 e91 a(e93,[u'e97']) e98 e99 a(e101,[u'e102']) e106 e107 e112 e113 e118 e119 a(e124,[u'e129']) a(e125,[u'e134']) e126 e127 e136 e137 a(e142,[u'e145']) a(e143,[u'e149']) a(e147,[u'e148']) e150 e151 e156 e157 a(e162,[u'e163']) e164 e165 e170 e171 a(e176,[u'e182']) e177 e178 a(e180,[u'e181']) e186 e187 e192 e193 e198 e199 a(e204,[u'e205']) a(e206,[u'e207']) a(e208,[u'e212']) e209 e210 e219 e220 e225 e226 e231 e232 e237 e238 e243 e244 e249 e250 a(e255,[u'e258']) a(e256,[u'e257']) a(e259,[u'e260']) e261 e262 a(e267,[u'e268']) a(e269,[u'e271']) e273 e274 e279 a(e280,[u'e281']) e282 e283 e288 e289 e294 e295 e300 e301 e306 e307 a(e312,[u'e320']) e314 e315 e321 e322 e328 e329 a(e334,[u'e337']) a(e335,[u'e338']) e342 e343 a(e345,[u'e351']) e357 e358 e366 e367 a(e375,[u'e397']) a(e377,[u'e381']) a(e378,[u'e379']) e382 e383 a(e389,[u'e396']) e390 e391 e402 e403 a(e409,[u'e412']) a(e413,[u'e415']) a(e417,[u'e422']) e424 e425 e431 e432 a(e439,[u'e440']) a(e443,[u'e444']) a(e451,[u'e477'])
il/0.r/1: e454 e455 e456 e457 e468 e469 e474 e475 a(e485,[u'e486']) a(e489,[u'e490']) e491 e492 a(e500,[u'e503']) a(e502,[u'e505']) e507 e508 a(e510,[u'e517']) e519 e520 e525 e526 e527 e528 e538 e539 a(e545,[u'e549']) a(e546,[u'e547']) a(e548,[u'e550']) a(e552,[u'e562']) e555 e556 a(e563,[u'e567']) a(e570,[u'e572']) e573 e574 e580 e581 a(e586,[u'e587']) e606 e607 e614 e615 a(e624,[u'e625']) a(e630,[u'e631']) e632 e633 e639 a(e647,[u'e652']) a(e648,[u'e650']) a(e649,[u'e655']) a(e653,[u'e666']) e658 e659 a(e670,[u'e671']) a(e678,[u'e681']) e689 e690 a(e692,[u'e693']) e697 e698 a(e704,[u'e710']) a(e707,[u'e708']) e715 e716 e722 e723 e728 e729 e734 e735 e741 e742 e749 e750 a(e756,[u'e777']) e759 e760 e770 e771 a(e778,[u'e782']) e779 e780 a(e787,[u'e792']) a(e788,[u'e789']) e797 e798 a(e806,[u'e808']) e812 e813 a(e830,[u'e839']) e831 a(e835,[u'e836']) e852 e853 a(e860,[u'e866']) e869 e870 e878 e879 e886 e887 a(e893,[u'e895']) e918 e919 e941 e942 e950 e951 a(e961,[u'e962']) e964 e965 e972 e973 e979 e980 a(e989,[u'e994']) e991 e992 a(e1001,[u'e1004']) a(e1006,[u'e1009']) a(e1013,[u'e1017']) e1016 a(e1023,[u'e1026']) a(e1035,[u'e1041']) e1038 e1039 a(e1048,[u'e1057']) e1049 e1050 a(e1065,[u'e1078']) e1075 e1076 a(e1086,[u'e1087']) a(e1090,[u'e1094']) e1100
Current subset: il/0.l/1: e25 e26 a(e29,[u'e30']) a(e33,[u'e34']) e38 e39 e40 e41 e50 e51 e52 e53 e62 e63 a(e68,[u'e75']) e69 e70 a(e76,[u'e83']) e77 e78 e84 e85 e90 e91 a(e93,[u'e97']) e98 e99 a(e101,[u'e102']) e106 e107 e112 e113 e118 e119 a(e124,[u'e129']) a(e125,[u'e134']) e126 e127 e136 e137 a(e142,[u'e145']) a(e143,[u'e149']) a(e147,[u'e148']) e150 e151 e156 e157 a(e162,[u'e163']) e164 e165 e170 e171 a(e176,[u'e182']) e177 e178 a(e180,[u'e181']) e186 e187 e192 e193 e198 e199 a(e204,[u'e205']) a(e206,[u'e207']) a(e208,[u'e212']) e209 e210 e219 e220 e225 e226 e231 e232 e237 e238 e243 e244 e249 e250 a(e255,[u'e258']) a(e256,[u'e257']) a(e259,[u'e260']) e261 e262 a(e267,[u'e268']) a(e269,[u'e271']) e273 e274 e279 a(e280,[u'e281']) e282 e283 e288 e289 e294 e295 e300 e301 e306 e307 a(e312,[u'e320']) e314 e315 e321 e322 e328 e329 a(e334,[u'e337']) a(e335,[u'e338']) e342 e343 a(e345,[u'e351']) e357 e358 e366 e367 a(e375,[u'e397']) a(e377,[u'e381']) a(e378,[u'e379']) e382 e383 a(e389,[u'e396']) e390 e391 e402 e403 a(e409,[u'e412']) a(e413,[u'e415']) a(e417,[u'e422']) e424 e425 e431 e432 a(e439,[u'e440']) a(e443,[u'e444']) a(e451,[u'e477'])
No violation in 0'th...
Current subset: il/0.r/1: e454 e455 e456 e457 e468 e469 e474 e475 a(e485,[u'e486']) a(e489,[u'e490']) e491 e492 a(e500,[u'e503']) a(e502,[u'e505']) e507 e508 a(e510,[u'e517']) e519 e520 e525 e526 e527 e528 e538 e539 a(e545,[u'e549']) a(e546,[u'e547']) a(e548,[u'e550']) a(e552,[u'e562']) e555 e556 a(e563,[u'e567']) a(e570,[u'e572']) e573 e574 e580 e581 a(e586,[u'e587']) e606 e607 e614 e615 a(e624,[u'e625']) a(e630,[u'e631']) e632 e633 e639 a(e647,[u'e652']) a(e648,[u'e650']) a(e649,[u'e655']) a(e653,[u'e666']) e658 e659 a(e670,[u'e671']) a(e678,[u'e681']) e689 e690 a(e692,[u'e693']) e697 e698 a(e704,[u'e710']) a(e707,[u'e708']) e715 e716 e722 e723 e728 e729 e734 e735 e741 e742 e749 e750 a(e756,[u'e777']) e759 e760 e770 e771 a(e778,[u'e782']) e779 e780 a(e787,[u'e792']) a(e788,[u'e789']) e797 e798 a(e806,[u'e808']) e812 e813 a(e830,[u'e839']) e831 a(e835,[u'e836']) e852 e853 a(e860,[u'e866']) e869 e870 e878 e879 e886 e887 a(e893,[u'e895']) e918 e919 e941 e942 e950 e951 a(e961,[u'e962']) e964 e965 e972 e973 e979 e980 a(e989,[u'e994']) e991 e992 a(e1001,[u'e1004']) a(e1006,[u'e1009']) a(e1013,[u'e1017']) e1016 a(e1023,[u'e1026']) a(e1035,[u'e1041']) e1038 e1039 a(e1048,[u'e1057']) e1049 e1050 a(e1065,[u'e1078']) e1075 e1076 a(e1086,[u'e1087']) a(e1090,[u'e1094']) e1100
Violation! Considering 1'th
Violation found in 1th half. Recursing
Subsets:
il/0.r/1.l/2: e454 e455 e456 e457 e468 e469 e474 e475 a(e485,[u'e486']) a(e489,[u'e490']) e491 e492 a(e500,[u'e503']) a(e502,[u'e505']) e507 e508 a(e510,[u'e517']) e519 e520 e525 e526 e527 e528 e538 e539 a(e545,[u'e549']) a(e546,[u'e547']) a(e548,[u'e550']) a(e552,[u'e562']) e555 e556 a(e563,[u'e567']) a(e570,[u'e572']) e573 e574 e580 e581 a(e586,[u'e587']) e606 e607 e614 e615 a(e624,[u'e625']) a(e630,[u'e631']) e632 e633 e639 a(e647,[u'e652']) a(e648,[u'e650']) a(e649,[u'e655']) a(e653,[u'e666']) e658 e659 a(e670,[u'e671']) a(e678,[u'e681']) e689 e690 a(e692,[u'e693']) e697 e698 a(e704,[u'e710']) a(e707,[u'e708']) e715 e716 e722 e723 e728 e729
il/0.r/1.r/2: e734 e735 e741 e742 e749 e750 a(e756,[u'e777']) e759 e760 e770 e771 a(e778,[u'e782']) e779 e780 a(e787,[u'e792']) a(e788,[u'e789']) e797 e798 a(e806,[u'e808']) e812 e813 a(e830,[u'e839']) e831 a(e835,[u'e836']) e852 e853 a(e860,[u'e866']) e869 e870 e878 e879 e886 e887 a(e893,[u'e895']) e918 e919 e941 e942 e950 e951 a(e961,[u'e962']) e964 e965 e972 e973 e979 e980 a(e989,[u'e994']) e991 e992 a(e1001,[u'e1004']) a(e1006,[u'e1009']) a(e1013,[u'e1017']) e1016 a(e1023,[u'e1026']) a(e1035,[u'e1041']) e1038 e1039 a(e1048,[u'e1057']) e1049 e1050 a(e1065,[u'e1078']) e1075 e1076 a(e1086,[u'e1087']) a(e1090,[u'e1094']) e1100
Current subset: il/0.r/1.l/2: e454 e455 e456 e457 e468 e469 e474 e475 a(e485,[u'e486']) a(e489,[u'e490']) e491 e492 a(e500,[u'e503']) a(e502,[u'e505']) e507 e508 a(e510,[u'e517']) e519 e520 e525 e526 e527 e528 e538 e539 a(e545,[u'e549']) a(e546,[u'e547']) a(e548,[u'e550']) a(e552,[u'e562']) e555 e556 a(e563,[u'e567']) a(e570,[u'e572']) e573 e574 e580 e581 a(e586,[u'e587']) e606 e607 e614 e615 a(e624,[u'e625']) a(e630,[u'e631']) e632 e633 e639 a(e647,[u'e652']) a(e648,[u'e650']) a(e649,[u'e655']) a(e653,[u'e666']) e658 e659 a(e670,[u'e671']) a(e678,[u'e681']) e689 e690 a(e692,[u'e693']) e697 e698 a(e704,[u'e710']) a(e707,[u'e708']) e715 e716 e722 e723 e728 e729
No violation in 0'th...
Current subset: il/0.r/1.r/2: e734 e735 e741 e742 e749 e750 a(e756,[u'e777']) e759 e760 e770 e771 a(e778,[u'e782']) e779 e780 a(e787,[u'e792']) a(e788,[u'e789']) e797 e798 a(e806,[u'e808']) e812 e813 a(e830,[u'e839']) e831 a(e835,[u'e836']) e852 e853 a(e860,[u'e866']) e869 e870 e878 e879 e886 e887 a(e893,[u'e895']) e918 e919 e941 e942 e950 e951 a(e961,[u'e962']) e964 e965 e972 e973 e979 e980 a(e989,[u'e994']) e991 e992 a(e1001,[u'e1004']) a(e1006,[u'e1009']) a(e1013,[u'e1017']) e1016 a(e1023,[u'e1026']) a(e1035,[u'e1041']) e1038 e1039 a(e1048,[u'e1057']) e1049 e1050 a(e1065,[u'e1078']) e1075 e1076 a(e1086,[u'e1087']) a(e1090,[u'e1094']) e1100
No violation in 1'th...
Interference
Recursing on left half
Subsets:
il/0.r/1.il/2.l/3: e454 e455 e456 e457 e468 e469 e474 e475 a(e485,[u'e486']) a(e489,[u'e490']) e491 e492 a(e500,[u'e503']) a(e502,[u'e505']) e507 e508 a(e510,[u'e517']) e519 e520 e525 e526 e527 e528 e538 e539 a(e545,[u'e549']) a(e546,[u'e547']) a(e548,[u'e550']) a(e552,[u'e562']) e555 e556 a(e563,[u'e567']) a(e570,[u'e572']) e573
il/0.r/1.il/2.r/3: e574 e580 e581 a(e586,[u'e587']) e606 e607 e614 e615 a(e624,[u'e625']) a(e630,[u'e631']) e632 e633 e639 a(e647,[u'e652']) a(e648,[u'e650']) a(e649,[u'e655']) a(e653,[u'e666']) e658 e659 a(e670,[u'e671']) a(e678,[u'e681']) e689 e690 a(e692,[u'e693']) e697 e698 a(e704,[u'e710']) a(e707,[u'e708']) e715 e716 e722 e723 e728 e729
Current subset: il/0.r/1.il/2.l/3: e454 e455 e456 e457 e468 e469 e474 e475 a(e485,[u'e486']) a(e489,[u'e490']) e491 e492 a(e500,[u'e503']) a(e502,[u'e505']) e507 e508 a(e510,[u'e517']) e519 e520 e525 e526 e527 e528 e538 e539 a(e545,[u'e549']) a(e546,[u'e547']) a(e548,[u'e550']) a(e552,[u'e562']) e555 e556 a(e563,[u'e567']) a(e570,[u'e572']) e573
No violation in 0'th...
Current subset: il/0.r/1.il/2.r/3: e574 e580 e581 a(e586,[u'e587']) e606 e607 e614 e615 a(e624,[u'e625']) a(e630,[u'e631']) e632 e633 e639 a(e647,[u'e652']) a(e648,[u'e650']) a(e649,[u'e655']) a(e653,[u'e666']) e658 e659 a(e670,[u'e671']) a(e678,[u'e681']) e689 e690 a(e692,[u'e693']) e697 e698 a(e704,[u'e710']) a(e707,[u'e708']) e715 e716 e722 e723 e728 e729
Violation! Considering 1'th
Violation found in 1th half. Recursing
Subsets:
il/0.r/1.il/2.r/3.l/4: e574 e580 e581 a(e586,[u'e587']) e606 e607 e614 e615 a(e624,[u'e625']) a(e630,[u'e631']) e632 e633 e639 a(e647,[u'e652']) a(e648,[u'e650']) a(e649,[u'e655']) a(e653,[u'e666'])
il/0.r/1.il/2.r/3.r/4: e658 e659 a(e670,[u'e671']) a(e678,[u'e681']) e689 e690 a(e692,[u'e693']) e697 e698 a(e704,[u'e710']) a(e707,[u'e708']) e715 e716 e722 e723 e728 e729
Current subset: il/0.r/1.il/2.r/3.l/4: e574 e580 e581 a(e586,[u'e587']) e606 e607 e614 e615 a(e624,[u'e625']) a(e630,[u'e631']) e632 e633 e639 a(e647,[u'e652']) a(e648,[u'e650']) a(e649,[u'e655']) a(e653,[u'e666'])
Violation! Considering 0'th
Violation found in 0th half. Recursing
Subsets:
il/0.r/1.il/2.r/3.l/4.l/5: e574 e580 e581 a(e586,[u'e587']) e606 e607 e614 e615 a(e624,[u'e625'])
il/0.r/1.il/2.r/3.l/4.r/5: a(e630,[u'e631']) e632 e633 e639 a(e647,[u'e652']) a(e648,[u'e650']) a(e649,[u'e655']) a(e653,[u'e666'])
Current subset: il/0.r/1.il/2.r/3.l/4.l/5: e574 e580 e581 a(e586,[u'e587']) e606 e607 e614 e615 a(e624,[u'e625'])
Violation! Considering 0'th
Violation found in 0th half. Recursing
Subsets:
il/0.r/1.il/2.r/3.l/4.l/5.l/6: e574 e580 e581 a(e586,[u'e587']) e606
il/0.r/1.il/2.r/3.l/4.l/5.r/6: e607 e614 e615 a(e624,[u'e625'])
Current subset: il/0.r/1.il/2.r/3.l/4.l/5.l/6: e574 e580 e581 a(e586,[u'e587']) e606
Violation! Considering 0'th
Violation found in 0th half. Recursing
Subsets:
il/0.r/1.il/2.r/3.l/4.l/5.l/6.l/7: e574 e580 e581
il/0.r/1.il/2.r/3.l/4.l/5.l/6.r/7: a(e586,[u'e587']) e606
Current subset: il/0.r/1.il/2.r/3.l/4.l/5.l/6.l/7: e574 e580 e581
No violation in 0'th...
Current subset: il/0.r/1.il/2.r/3.l/4.l/5.l/6.r/7: a(e586,[u'e587']) e606
Violation! Considering 1'th
Violation found in 1th half. Recursing
Subsets:
il/0.r/1.il/2.r/3.l/4.l/5.l/6.r/7.l/8: a(e586,[u'e587'])
il/0.r/1.il/2.r/3.l/4.l/5.l/6.r/7.r/8: e606
Current subset: il/0.r/1.il/2.r/3.l/4.l/5.l/6.r/7.l/8: a(e586,[u'e587'])
Violation! Considering 0'th
Violation found in 0th half. Recursing
Base case [SwitchFailure:e586:('SwitchFailure', 2), SwitchRecovery:e587:('SwitchRecovery', 2)]
Recursing on right half
Subsets:
il/0.r/1.ir/2.l/3: e734 e735 e741 e742 e749 e750 a(e756,[u'e777']) e759 e760 e770 e771 a(e778,[u'e782']) e779 e780 a(e787,[u'e792']) a(e788,[u'e789']) e797 e798 a(e806,[u'e808']) e812 e813 a(e830,[u'e839']) e831 a(e835,[u'e836']) e852 e853 a(e860,[u'e866']) e869 e870 e878 e879 e886 e887 a(e893,[u'e895'])
il/0.r/1.ir/2.r/3: e918 e919 e941 e942 e950 e951 a(e961,[u'e962']) e964 e965 e972 e973 e979 e980 a(e989,[u'e994']) e991 e992 a(e1001,[u'e1004']) a(e1006,[u'e1009']) a(e1013,[u'e1017']) e1016 a(e1023,[u'e1026']) a(e1035,[u'e1041']) e1038 e1039 a(e1048,[u'e1057']) e1049 e1050 a(e1065,[u'e1078']) e1075 e1076 a(e1086,[u'e1087']) a(e1090,[u'e1094']) e1100
Current subset: il/0.r/1.ir/2.l/3: e734 e735 e741 e742 e749 e750 a(e756,[u'e777']) e759 e760 e770 e771 a(e778,[u'e782']) e779 e780 a(e787,[u'e792']) a(e788,[u'e789']) e797 e798 a(e806,[u'e808']) e812 e813 a(e830,[u'e839']) e831 a(e835,[u'e836']) e852 e853 a(e860,[u'e866']) e869 e870 e878 e879 e886 e887 a(e893,[u'e895'])
No violation in 0'th...
Current subset: il/0.r/1.ir/2.r/3: e918 e919 e941 e942 e950 e951 a(e961,[u'e962']) e964 e965 e972 e973 e979 e980 a(e989,[u'e994']) e991 e992 a(e1001,[u'e1004']) a(e1006,[u'e1009']) a(e1013,[u'e1017']) e1016 a(e1023,[u'e1026']) a(e1035,[u'e1041']) e1038 e1039 a(e1048,[u'e1057']) e1049 e1050 a(e1065,[u'e1078']) e1075 e1076 a(e1086,[u'e1087']) a(e1090,[u'e1094']) e1100
No violation in 1'th...
Interference
Recursing on left half
Subsets:
il/0.r/1.ir/2.il/3.l/4: e734 e735 e741 e742 e749 e750 a(e756,[u'e777']) e759 e760 e770 e771 a(e778,[u'e782']) e779 e780 a(e787,[u'e792']) a(e788,[u'e789']) e797
il/0.r/1.ir/2.il/3.r/4: e798 a(e806,[u'e808']) e812 e813 a(e830,[u'e839']) e831 a(e835,[u'e836']) e852 e853 a(e860,[u'e866']) e869 e870 e878 e879 e886 e887 a(e893,[u'e895'])
Current subset: il/0.r/1.ir/2.il/3.l/4: e734 e735 e741 e742 e749 e750 a(e756,[u'e777']) e759 e760 e770 e771 a(e778,[u'e782']) e779 e780 a(e787,[u'e792']) a(e788,[u'e789']) e797
No violation in 0'th...
Current subset: il/0.r/1.ir/2.il/3.r/4: e798 a(e806,[u'e808']) e812 e813 a(e830,[u'e839']) e831 a(e835,[u'e836']) e852 e853 a(e860,[u'e866']) e869 e870 e878 e879 e886 e887 a(e893,[u'e895'])
Violation! Considering 1'th
Violation found in 1th half. Recursing
Subsets:
il/0.r/1.ir/2.il/3.r/4.l/5: e798 a(e806,[u'e808']) e812 e813 a(e830,[u'e839']) e831 a(e835,[u'e836']) e852 e853
il/0.r/1.ir/2.il/3.r/4.r/5: a(e860,[u'e866']) e869 e870 e878 e879 e886 e887 a(e893,[u'e895'])
Current subset: il/0.r/1.ir/2.il/3.r/4.l/5: e798 a(e806,[u'e808']) e812 e813 a(e830,[u'e839']) e831 a(e835,[u'e836']) e852 e853
Violation! Considering 0'th
Violation found in 0th half. Recursing
Subsets:
il/0.r/1.ir/2.il/3.r/4.l/5.l/6: e798 a(e806,[u'e808']) e812 e813 a(e830,[u'e839'])
il/0.r/1.ir/2.il/3.r/4.l/5.r/6: e831 a(e835,[u'e836']) e852 e853
Current subset: il/0.r/1.ir/2.il/3.r/4.l/5.l/6: e798 a(e806,[u'e808']) e812 e813 a(e830,[u'e839'])
No violation in 0'th...
Current subset: il/0.r/1.ir/2.il/3.r/4.l/5.r/6: e831 a(e835,[u'e836']) e852 e853
No violation in 1'th...
Interference
Recursing on left half
Subsets:
il/0.r/1.ir/2.il/3.r/4.l/5.il/6.l/7: e798 a(e806,[u'e808']) e812
il/0.r/1.ir/2.il/3.r/4.l/5.il/6.r/7: e813 a(e830,[u'e839'])
Current subset: il/0.r/1.ir/2.il/3.r/4.l/5.il/6.l/7: e798 a(e806,[u'e808']) e812
Violation! Considering 0'th
Violation found in 0th half. Recursing
Subsets:
il/0.r/1.ir/2.il/3.r/4.l/5.il/6.l/7.l/8: e798 a(e806,[u'e808'])
il/0.r/1.ir/2.il/3.r/4.l/5.il/6.l/7.r/8: e812
Current subset: il/0.r/1.ir/2.il/3.r/4.l/5.il/6.l/7.l/8: e798 a(e806,[u'e808'])
Violation! Considering 0'th
Violation found in 0th half. Recursing
Subsets:
il/0.r/1.ir/2.il/3.r/4.l/5.il/6.l/7.l/8.l/9: e798
il/0.r/1.ir/2.il/3.r/4.l/5.il/6.l/7.l/8.r/9: a(e806,[u'e808'])
Current subset: il/0.r/1.ir/2.il/3.r/4.l/5.il/6.l/7.l/8.l/9: e798
No violation in 0'th...
Current subset: il/0.r/1.ir/2.il/3.r/4.l/5.il/6.l/7.l/8.r/9: a(e806,[u'e808'])
Violation! Considering 1'th
Violation found in 1th half. Recursing
Base case [SwitchFailure:e806:('SwitchFailure', 1), SwitchRecovery:e808:('SwitchRecovery', 1)]
Recursing on right half
Subsets:
il/0.r/1.ir/2.il/3.r/4.l/5.ir/6.l/7: e831 a(e835,[u'e836'])
il/0.r/1.ir/2.il/3.r/4.l/5.ir/6.r/7: e852 e853
Current subset: il/0.r/1.ir/2.il/3.r/4.l/5.ir/6.l/7: e831 a(e835,[u'e836'])
Violation! Considering 0'th
Violation found in 0th half. Recursing
Subsets:
il/0.r/1.ir/2.il/3.r/4.l/5.ir/6.l/7.l/8: e831
il/0.r/1.ir/2.il/3.r/4.l/5.ir/6.l/7.r/8: a(e835,[u'e836'])
Current subset: il/0.r/1.ir/2.il/3.r/4.l/5.ir/6.l/7.l/8: e831
No violation in 0'th...
Current subset: il/0.r/1.ir/2.il/3.r/4.l/5.ir/6.l/7.r/8: a(e835,[u'e836'])
Violation! Considering 1'th
Violation found in 1th half. Recursing
Base case [SwitchFailure:e835:('SwitchFailure', 2), SwitchRecovery:e836:('SwitchRecovery', 2)]
Recursing on right half
Subsets:
il/0.r/1.ir/2.ir/3.l/4: e918 e919 e941 e942 e950 e951 a(e961,[u'e962']) e964 e965 e972 e973 e979 e980 a(e989,[u'e994']) e991 e992 a(e1001,[u'e1004'])
il/0.r/1.ir/2.ir/3.r/4: a(e1006,[u'e1009']) a(e1013,[u'e1017']) e1016 a(e1023,[u'e1026']) a(e1035,[u'e1041']) e1038 e1039 a(e1048,[u'e1057']) e1049 e1050 a(e1065,[u'e1078']) e1075 e1076 a(e1086,[u'e1087']) a(e1090,[u'e1094']) e1100
Current subset: il/0.r/1.ir/2.ir/3.l/4: e918 e919 e941 e942 e950 e951 a(e961,[u'e962']) e964 e965 e972 e973 e979 e980 a(e989,[u'e994']) e991 e992 a(e1001,[u'e1004'])
No violation in 0'th...
Current subset: il/0.r/1.ir/2.ir/3.r/4: a(e1006,[u'e1009']) a(e1013,[u'e1017']) e1016 a(e1023,[u'e1026']) a(e1035,[u'e1041']) e1038 e1039 a(e1048,[u'e1057']) e1049 e1050 a(e1065,[u'e1078']) e1075 e1076 a(e1086,[u'e1087']) a(e1090,[u'e1094']) e1100
Violation! Considering 1'th
Violation found in 1th half. Recursing
Subsets:
il/0.r/1.ir/2.ir/3.r/4.l/5: a(e1006,[u'e1009']) a(e1013,[u'e1017']) e1016 a(e1023,[u'e1026']) a(e1035,[u'e1041']) e1038 e1039 a(e1048,[u'e1057'])
il/0.r/1.ir/2.ir/3.r/4.r/5: e1049 e1050 a(e1065,[u'e1078']) e1075 e1076 a(e1086,[u'e1087']) a(e1090,[u'e1094']) e1100
Current subset: il/0.r/1.ir/2.ir/3.r/4.l/5: a(e1006,[u'e1009']) a(e1013,[u'e1017']) e1016 a(e1023,[u'e1026']) a(e1035,[u'e1041']) e1038 e1039 a(e1048,[u'e1057'])
Violation! Considering 0'th
Violation found in 0th half. Recursing
Subsets:
il/0.r/1.ir/2.ir/3.r/4.l/5.l/6: a(e1006,[u'e1009']) a(e1013,[u'e1017']) e1016 a(e1023,[u'e1026'])
il/0.r/1.ir/2.ir/3.r/4.l/5.r/6: a(e1035,[u'e1041']) e1038 e1039 a(e1048,[u'e1057'])
Current subset: il/0.r/1.ir/2.ir/3.r/4.l/5.l/6: a(e1006,[u'e1009']) a(e1013,[u'e1017']) e1016 a(e1023,[u'e1026'])
No violation in 0'th...
Current subset: il/0.r/1.ir/2.ir/3.r/4.l/5.r/6: a(e1035,[u'e1041']) e1038 e1039 a(e1048,[u'e1057'])
Violation! Considering 1'th
Violation found in 1th half. Recursing
Subsets:
il/0.r/1.ir/2.ir/3.r/4.l/5.r/6.l/7: a(e1035,[u'e1041']) e1038
il/0.r/1.ir/2.ir/3.r/4.l/5.r/6.r/7: e1039 a(e1048,[u'e1057'])
Current subset: il/0.r/1.ir/2.ir/3.r/4.l/5.r/6.l/7: a(e1035,[u'e1041']) e1038
No violation in 0'th...
Current subset: il/0.r/1.ir/2.ir/3.r/4.l/5.r/6.r/7: e1039 a(e1048,[u'e1057'])
Violation! Considering 1'th
Violation found in 1th half. Recursing
Subsets:
il/0.r/1.ir/2.ir/3.r/4.l/5.r/6.r/7.l/8: e1039
il/0.r/1.ir/2.ir/3.r/4.l/5.r/6.r/7.r/8: a(e1048,[u'e1057'])
Current subset: il/0.r/1.ir/2.ir/3.r/4.l/5.r/6.r/7.l/8: e1039
No violation in 0'th...
Current subset: il/0.r/1.ir/2.ir/3.r/4.l/5.r/6.r/7.r/8: a(e1048,[u'e1057'])
Violation! Considering 1'th
Violation found in 1th half. Recursing
Base case [SwitchFailure:e1048:('SwitchFailure', 2), SwitchRecovery:e1057:('SwitchRecovery', 2)]
Recursing on right half
Subsets:
ir/0.l/1: e1101 e1107 e1108 a(e1115,[u'e1117']) a(e1120,[u'e1131']) e1123 e1124 a(e1126,[u'e1127']) e1139 e1140 e1154 e1155 a(e1163,[u'e1169']) e1166 e1167 a(e1182,[u'e1202']) e1185 e1186 a(e1197,[u'e1201']) a(e1209,[u'e1213']) a(e1210,[u'e1214']) e1222 e1223 e1230 e1231 a(e1233,[u'e1234']) e1240 e1241 a(e1248,[u'e1256']) e1249 e1250 e1270 e1271 a(e1281,[u'e1298']) e1289 e1292 e1293 a(e1299,[u'e1301']) a(e1300,[u'e1311']) e1302 e1303 a(e1310,[u'e1328']) e1314 e1315 e1316 e1317 e1326 e1335 e1336 a(e1338,[u'e1346']) e1357 e1358 a(e1371,[u'e1372']) e1377 e1378 a(e1394,[u'e1403']) a(e1402,[u'e1409']) e1415 e1416 a(e1418,[u'e1425']) a(e1428,[u'e1429']) a(e1436,[u'e1443']) a(e1439,[u'e1444']) e1449 e1450 a(e1465,[u'e1468']) a(e1479,[u'e1480']) e1483 e1484 a(e1491,[u'e1492']) a(e1495,[u'e1500']) a(e1503,[u'e1510']) e1507 e1508 a(e1517,[u'e1518']) a(e1521,[u'e1529']) e1522 e1523 e1536 e1537 a(e1539,[u'e1540']) a(e1557,[u'e1576']) e1558 e1559 e1560 e1561 a(e1573,[u'e1574']) a(e1582,[u'e1583']) a(e1586,[u'e1592']) a(e1589,[u'e1590']) e1591 a(e1602,[u'e1608']) e1603 e1604 e1611 e1612 e1619 e1620 e1632 e1633 a(e1652,[u'e1653']) e1657 e1658 a(e1665,[u'e1667']) e1673 e1674 e1684 e1685 a(e1687,[u'e1688']) e1694 e1695 e1707 e1708 e1716 e1717 e1726 e1727 e1738 e1739 a(e1747,[u'e1752']) a(e1750,[u'e1751']) a(e1768,[u'e1772']) e1773 e1774 e1788 e1789 a(e1800,[u'e1808']) e1814 e1815 a(e1817,[u'e1826']) e1823 e1824 e1843 e1844 a(e1851,[u'e1880']) a(e1858,[u'e1868'])
ir/0.r/1: e1859 e1860 e1877 e1878 e1921 e1922 a(e1934,[u'e1935']) a(e1946,[u'e1952']) a(e1947,[u'e1957']) e1954 e1955 e1965 e1966 a(e1975,[u'e1979']) a(e1990,[u'e1991']) a(e1995,[u'e1996']) a(e1999,[u'e2004']) a(e2003,[u'e2015']) a(e2010,[u'e2024']) e2012 e2013 a(e2025,[u'e2035']) e2029 e2030 a(e2066,[u'e2072']) a(e2070,[u'e2087']) a(e2071,[u'e2073']) a(e2088,[u'e2089']) a(e2094,[u'e2095']) e2103 e2104 a(e2119,[u'e2124']) e2128 e2129 a(e2131,[u'e2132']) e2145 e2146 a(e2162,[u'e2167']) e2173 e2174 e2182 e2183 e2192 e2193 a(e2195,[u'e2196']) a(e2226,[u'e2239']) e2230 e2233 e2234 e2235 e2236 e2249 e2250 e2257 e2258 a(e2260,[u'e2261']) e2267 e2268 e2280 e2281 e2298 e2299 a(e2301,[u'e2323']) e2308 e2309 e2314 e2315 e2320 e2321 e2340 e2341 e2373 e2374 a(e2389,[u'e2395']) e2399 e2400 e2417 e2418 e2426 e2427 e2434 e2435 e2442 e2443 a(e2445,[u'e2446']) a(e2467,[u'e2471']) e2475 e2476 e2496 e2497 a(e2499,[u'e2505']) e2508 e2509 a(e2526,[u'e2530']) a(e2535,[u'e2539']) a(e2538,[u'e2540']) e2557 e2558 e2584 e2585 a(e2603,[u'e2610']) e2604 e2605 a(e2611,[u'e2616']) a(e2614,[u'e2615']) a(e2619,[u'e2627']) e2640 e2641 a(e2654,[u'e2655']) e2656 e2657 e2662 e2663 e2668 e2669 a(e2674,[u'e2675', u'e2694', u'e2695', u'e2702', u'e2703', u'e2704', u'e2705', u'e2706', u'e2721', u'e2728', u'e2731', u'e2732', u'e2733', u'e2735']) e2676 e2677 e2678 e2679 e2688 e2689 e2696 e2697 e2707 e2708 e2709 e2710 a(e2719,[u'e2720']) e2722 e2723 a(e2729,[u'e2730']) a(e2734,[u'e2736']) e2737 e2739
Current subset: ir/0.l/1: e1101 e1107 e1108 a(e1115,[u'e1117']) a(e1120,[u'e1131']) e1123 e1124 a(e1126,[u'e1127']) e1139 e1140 e1154 e1155 a(e1163,[u'e1169']) e1166 e1167 a(e1182,[u'e1202']) e1185 e1186 a(e1197,[u'e1201']) a(e1209,[u'e1213']) a(e1210,[u'e1214']) e1222 e1223 e1230 e1231 a(e1233,[u'e1234']) e1240 e1241 a(e1248,[u'e1256']) e1249 e1250 e1270 e1271 a(e1281,[u'e1298']) e1289 e1292 e1293 a(e1299,[u'e1301']) a(e1300,[u'e1311']) e1302 e1303 a(e1310,[u'e1328']) e1314 e1315 e1316 e1317 e1326 e1335 e1336 a(e1338,[u'e1346']) e1357 e1358 a(e1371,[u'e1372']) e1377 e1378 a(e1394,[u'e1403']) a(e1402,[u'e1409']) e1415 e1416 a(e1418,[u'e1425']) a(e1428,[u'e1429']) a(e1436,[u'e1443']) a(e1439,[u'e1444']) e1449 e1450 a(e1465,[u'e1468']) a(e1479,[u'e1480']) e1483 e1484 a(e1491,[u'e1492']) a(e1495,[u'e1500']) a(e1503,[u'e1510']) e1507 e1508 a(e1517,[u'e1518']) a(e1521,[u'e1529']) e1522 e1523 e1536 e1537 a(e1539,[u'e1540']) a(e1557,[u'e1576']) e1558 e1559 e1560 e1561 a(e1573,[u'e1574']) a(e1582,[u'e1583']) a(e1586,[u'e1592']) a(e1589,[u'e1590']) e1591 a(e1602,[u'e1608']) e1603 e1604 e1611 e1612 e1619 e1620 e1632 e1633 a(e1652,[u'e1653']) e1657 e1658 a(e1665,[u'e1667']) e1673 e1674 e1684 e1685 a(e1687,[u'e1688']) e1694 e1695 e1707 e1708 e1716 e1717 e1726 e1727 e1738 e1739 a(e1747,[u'e1752']) a(e1750,[u'e1751']) a(e1768,[u'e1772']) e1773 e1774 e1788 e1789 a(e1800,[u'e1808']) e1814 e1815 a(e1817,[u'e1826']) e1823 e1824 e1843 e1844 a(e1851,[u'e1880']) a(e1858,[u'e1868'])
No violation in 0'th...
Current subset: ir/0.r/1: e1859 e1860 e1877 e1878 e1921 e1922 a(e1934,[u'e1935']) a(e1946,[u'e1952']) a(e1947,[u'e1957']) e1954 e1955 e1965 e1966 a(e1975,[u'e1979']) a(e1990,[u'e1991']) a(e1995,[u'e1996']) a(e1999,[u'e2004']) a(e2003,[u'e2015']) a(e2010,[u'e2024']) e2012 e2013 a(e2025,[u'e2035']) e2029 e2030 a(e2066,[u'e2072']) a(e2070,[u'e2087']) a(e2071,[u'e2073']) a(e2088,[u'e2089']) a(e2094,[u'e2095']) e2103 e2104 a(e2119,[u'e2124']) e2128 e2129 a(e2131,[u'e2132']) e2145 e2146 a(e2162,[u'e2167']) e2173 e2174 e2182 e2183 e2192 e2193 a(e2195,[u'e2196']) a(e2226,[u'e2239']) e2230 e2233 e2234 e2235 e2236 e2249 e2250 e2257 e2258 a(e2260,[u'e2261']) e2267 e2268 e2280 e2281 e2298 e2299 a(e2301,[u'e2323']) e2308 e2309 e2314 e2315 e2320 e2321 e2340 e2341 e2373 e2374 a(e2389,[u'e2395']) e2399 e2400 e2417 e2418 e2426 e2427 e2434 e2435 e2442 e2443 a(e2445,[u'e2446']) a(e2467,[u'e2471']) e2475 e2476 e2496 e2497 a(e2499,[u'e2505']) e2508 e2509 a(e2526,[u'e2530']) a(e2535,[u'e2539']) a(e2538,[u'e2540']) e2557 e2558 e2584 e2585 a(e2603,[u'e2610']) e2604 e2605 a(e2611,[u'e2616']) a(e2614,[u'e2615']) a(e2619,[u'e2627']) e2640 e2641 a(e2654,[u'e2655']) e2656 e2657 e2662 e2663 e2668 e2669 a(e2674,[u'e2675', u'e2694', u'e2695', u'e2702', u'e2703', u'e2704', u'e2705', u'e2706', u'e2721', u'e2728', u'e2731', u'e2732', u'e2733', u'e2735']) e2676 e2677 e2678 e2679 e2688 e2689 e2696 e2697 e2707 e2708 e2709 e2710 a(e2719,[u'e2720']) e2722 e2723 a(e2729,[u'e2730']) a(e2734,[u'e2736']) e2737 e2739
No violation in 1'th...
Interference
Recursing on left half
Subsets:
ir/0.il/1.l/2: e1101 e1107 e1108 a(e1115,[u'e1117']) a(e1120,[u'e1131']) e1123 e1124 a(e1126,[u'e1127']) e1139 e1140 e1154 e1155 a(e1163,[u'e1169']) e1166 e1167 a(e1182,[u'e1202']) e1185 e1186 a(e1197,[u'e1201']) a(e1209,[u'e1213']) a(e1210,[u'e1214']) e1222 e1223 e1230 e1231 a(e1233,[u'e1234']) e1240 e1241 a(e1248,[u'e1256']) e1249 e1250 e1270 e1271 a(e1281,[u'e1298']) e1289 e1292 e1293 a(e1299,[u'e1301']) a(e1300,[u'e1311']) e1302 e1303 a(e1310,[u'e1328']) e1314 e1315 e1316 e1317 e1326 e1335 e1336 a(e1338,[u'e1346']) e1357 e1358 a(e1371,[u'e1372']) e1377 e1378 a(e1394,[u'e1403']) a(e1402,[u'e1409']) e1415 e1416 a(e1418,[u'e1425']) a(e1428,[u'e1429']) a(e1436,[u'e1443']) a(e1439,[u'e1444']) e1449 e1450 a(e1465,[u'e1468']) a(e1479,[u'e1480']) e1483
ir/0.il/1.r/2: e1484 a(e1491,[u'e1492']) a(e1495,[u'e1500']) a(e1503,[u'e1510']) e1507 e1508 a(e1517,[u'e1518']) a(e1521,[u'e1529']) e1522 e1523 e1536 e1537 a(e1539,[u'e1540']) a(e1557,[u'e1576']) e1558 e1559 e1560 e1561 a(e1573,[u'e1574']) a(e1582,[u'e1583']) a(e1586,[u'e1592']) a(e1589,[u'e1590']) e1591 a(e1602,[u'e1608']) e1603 e1604 e1611 e1612 e1619 e1620 e1632 e1633 a(e1652,[u'e1653']) e1657 e1658 a(e1665,[u'e1667']) e1673 e1674 e1684 e1685 a(e1687,[u'e1688']) e1694 e1695 e1707 e1708 e1716 e1717 e1726 e1727 e1738 e1739 a(e1747,[u'e1752']) a(e1750,[u'e1751']) a(e1768,[u'e1772']) e1773 e1774 e1788 e1789 a(e1800,[u'e1808']) e1814 e1815 a(e1817,[u'e1826']) e1823 e1824 e1843 e1844 a(e1851,[u'e1880']) a(e1858,[u'e1868'])
Current subset: ir/0.il/1.l/2: e1101 e1107 e1108 a(e1115,[u'e1117']) a(e1120,[u'e1131']) e1123 e1124 a(e1126,[u'e1127']) e1139 e1140 e1154 e1155 a(e1163,[u'e1169']) e1166 e1167 a(e1182,[u'e1202']) e1185 e1186 a(e1197,[u'e1201']) a(e1209,[u'e1213']) a(e1210,[u'e1214']) e1222 e1223 e1230 e1231 a(e1233,[u'e1234']) e1240 e1241 a(e1248,[u'e1256']) e1249 e1250 e1270 e1271 a(e1281,[u'e1298']) e1289 e1292 e1293 a(e1299,[u'e1301']) a(e1300,[u'e1311']) e1302 e1303 a(e1310,[u'e1328']) e1314 e1315 e1316 e1317 e1326 e1335 e1336 a(e1338,[u'e1346']) e1357 e1358 a(e1371,[u'e1372']) e1377 e1378 a(e1394,[u'e1403']) a(e1402,[u'e1409']) e1415 e1416 a(e1418,[u'e1425']) a(e1428,[u'e1429']) a(e1436,[u'e1443']) a(e1439,[u'e1444']) e1449 e1450 a(e1465,[u'e1468']) a(e1479,[u'e1480']) e1483
No violation in 0'th...
Current subset: ir/0.il/1.r/2: e1484 a(e1491,[u'e1492']) a(e1495,[u'e1500']) a(e1503,[u'e1510']) e1507 e1508 a(e1517,[u'e1518']) a(e1521,[u'e1529']) e1522 e1523 e1536 e1537 a(e1539,[u'e1540']) a(e1557,[u'e1576']) e1558 e1559 e1560 e1561 a(e1573,[u'e1574']) a(e1582,[u'e1583']) a(e1586,[u'e1592']) a(e1589,[u'e1590']) e1591 a(e1602,[u'e1608']) e1603 e1604 e1611 e1612 e1619 e1620 e1632 e1633 a(e1652,[u'e1653']) e1657 e1658 a(e1665,[u'e1667']) e1673 e1674 e1684 e1685 a(e1687,[u'e1688']) e1694 e1695 e1707 e1708 e1716 e1717 e1726 e1727 e1738 e1739 a(e1747,[u'e1752']) a(e1750,[u'e1751']) a(e1768,[u'e1772']) e1773 e1774 e1788 e1789 a(e1800,[u'e1808']) e1814 e1815 a(e1817,[u'e1826']) e1823 e1824 e1843 e1844 a(e1851,[u'e1880']) a(e1858,[u'e1868'])
Violation! Considering 1'th
Violation found in 1th half. Recursing
Subsets:
ir/0.il/1.r/2.l/3: e1484 a(e1491,[u'e1492']) a(e1495,[u'e1500']) a(e1503,[u'e1510']) e1507 e1508 a(e1517,[u'e1518']) a(e1521,[u'e1529']) e1522 e1523 e1536 e1537 a(e1539,[u'e1540']) a(e1557,[u'e1576']) e1558 e1559 e1560 e1561 a(e1573,[u'e1574']) a(e1582,[u'e1583']) a(e1586,[u'e1592']) a(e1589,[u'e1590']) e1591 a(e1602,[u'e1608']) e1603 e1604 e1611 e1612 e1619 e1620 e1632 e1633 a(e1652,[u'e1653']) e1657
ir/0.il/1.r/2.r/3: e1658 a(e1665,[u'e1667']) e1673 e1674 e1684 e1685 a(e1687,[u'e1688']) e1694 e1695 e1707 e1708 e1716 e1717 e1726 e1727 e1738 e1739 a(e1747,[u'e1752']) a(e1750,[u'e1751']) a(e1768,[u'e1772']) e1773 e1774 e1788 e1789 a(e1800,[u'e1808']) e1814 e1815 a(e1817,[u'e1826']) e1823 e1824 e1843 e1844 a(e1851,[u'e1880']) a(e1858,[u'e1868'])
Current subset: ir/0.il/1.r/2.l/3: e1484 a(e1491,[u'e1492']) a(e1495,[u'e1500']) a(e1503,[u'e1510']) e1507 e1508 a(e1517,[u'e1518']) a(e1521,[u'e1529']) e1522 e1523 e1536 e1537 a(e1539,[u'e1540']) a(e1557,[u'e1576']) e1558 e1559 e1560 e1561 a(e1573,[u'e1574']) a(e1582,[u'e1583']) a(e1586,[u'e1592']) a(e1589,[u'e1590']) e1591 a(e1602,[u'e1608']) e1603 e1604 e1611 e1612 e1619 e1620 e1632 e1633 a(e1652,[u'e1653']) e1657
No violation in 0'th...
Current subset: ir/0.il/1.r/2.r/3: e1658 a(e1665,[u'e1667']) e1673 e1674 e1684 e1685 a(e1687,[u'e1688']) e1694 e1695 e1707 e1708 e1716 e1717 e1726 e1727 e1738 e1739 a(e1747,[u'e1752']) a(e1750,[u'e1751']) a(e1768,[u'e1772']) e1773 e1774 e1788 e1789 a(e1800,[u'e1808']) e1814 e1815 a(e1817,[u'e1826']) e1823 e1824 e1843 e1844 a(e1851,[u'e1880']) a(e1858,[u'e1868'])
No violation in 1'th...
Interference
Recursing on left half
Subsets:
ir/0.il/1.r/2.il/3.l/4: e1484 a(e1491,[u'e1492']) a(e1495,[u'e1500']) a(e1503,[u'e1510']) e1507 e1508 a(e1517,[u'e1518']) a(e1521,[u'e1529']) e1522 e1523 e1536 e1537 a(e1539,[u'e1540']) a(e1557,[u'e1576']) e1558 e1559 e1560
ir/0.il/1.r/2.il/3.r/4: e1561 a(e1573,[u'e1574']) a(e1582,[u'e1583']) a(e1586,[u'e1592']) a(e1589,[u'e1590']) e1591 a(e1602,[u'e1608']) e1603 e1604 e1611 e1612 e1619 e1620 e1632 e1633 a(e1652,[u'e1653']) e1657
Current subset: ir/0.il/1.r/2.il/3.l/4: e1484 a(e1491,[u'e1492']) a(e1495,[u'e1500']) a(e1503,[u'e1510']) e1507 e1508 a(e1517,[u'e1518']) a(e1521,[u'e1529']) e1522 e1523 e1536 e1537 a(e1539,[u'e1540']) a(e1557,[u'e1576']) e1558 e1559 e1560
No violation in 0'th...
Current subset: ir/0.il/1.r/2.il/3.r/4: e1561 a(e1573,[u'e1574']) a(e1582,[u'e1583']) a(e1586,[u'e1592']) a(e1589,[u'e1590']) e1591 a(e1602,[u'e1608']) e1603 e1604 e1611 e1612 e1619 e1620 e1632 e1633 a(e1652,[u'e1653']) e1657
No violation in 1'th...
Interference
Recursing on left half
Subsets:
ir/0.il/1.r/2.il/3.il/4.l/5: e1484 a(e1491,[u'e1492']) a(e1495,[u'e1500']) a(e1503,[u'e1510']) e1507 e1508 a(e1517,[u'e1518']) a(e1521,[u'e1529']) e1522
ir/0.il/1.r/2.il/3.il/4.r/5: e1523 e1536 e1537 a(e1539,[u'e1540']) a(e1557,[u'e1576']) e1558 e1559 e1560
Current subset: ir/0.il/1.r/2.il/3.il/4.l/5: e1484 a(e1491,[u'e1492']) a(e1495,[u'e1500']) a(e1503,[u'e1510']) e1507 e1508 a(e1517,[u'e1518']) a(e1521,[u'e1529']) e1522
Violation! Considering 0'th
Violation found in 0th half. Recursing
Subsets:
ir/0.il/1.r/2.il/3.il/4.l/5.l/6: e1484 a(e1491,[u'e1492']) a(e1495,[u'e1500']) a(e1503,[u'e1510']) e1507
ir/0.il/1.r/2.il/3.il/4.l/5.r/6: e1508 a(e1517,[u'e1518']) a(e1521,[u'e1529']) e1522
Current subset: ir/0.il/1.r/2.il/3.il/4.l/5.l/6: e1484 a(e1491,[u'e1492']) a(e1495,[u'e1500']) a(e1503,[u'e1510']) e1507
No violation in 0'th...
Current subset: ir/0.il/1.r/2.il/3.il/4.l/5.r/6: e1508 a(e1517,[u'e1518']) a(e1521,[u'e1529']) e1522
Violation! Considering 1'th
Violation found in 1th half. Recursing
Subsets:
ir/0.il/1.r/2.il/3.il/4.l/5.r/6.l/7: e1508 a(e1517,[u'e1518'])
ir/0.il/1.r/2.il/3.il/4.l/5.r/6.r/7: a(e1521,[u'e1529']) e1522
Current subset: ir/0.il/1.r/2.il/3.il/4.l/5.r/6.l/7: e1508 a(e1517,[u'e1518'])
No violation in 0'th...
Current subset: ir/0.il/1.r/2.il/3.il/4.l/5.r/6.r/7: a(e1521,[u'e1529']) e1522
Violation! Considering 1'th
Violation found in 1th half. Recursing
Subsets:
ir/0.il/1.r/2.il/3.il/4.l/5.r/6.r/7.l/8: a(e1521,[u'e1529'])
ir/0.il/1.r/2.il/3.il/4.l/5.r/6.r/7.r/8: e1522
Current subset: ir/0.il/1.r/2.il/3.il/4.l/5.r/6.r/7.l/8: a(e1521,[u'e1529'])
Violation! Considering 0'th
Violation found in 0th half. Recursing
Base case [SwitchFailure:e1521:('SwitchFailure', 2), SwitchRecovery:e1529:('SwitchRecovery', 2)]
Recursing on right half
Subsets:
ir/0.il/1.r/2.il/3.ir/4.l/5: e1561 a(e1573,[u'e1574']) a(e1582,[u'e1583']) a(e1586,[u'e1592']) a(e1589,[u'e1590']) e1591 a(e1602,[u'e1608']) e1603 e1604
ir/0.il/1.r/2.il/3.ir/4.r/5: e1611 e1612 e1619 e1620 e1632 e1633 a(e1652,[u'e1653']) e1657
Current subset: ir/0.il/1.r/2.il/3.ir/4.l/5: e1561 a(e1573,[u'e1574']) a(e1582,[u'e1583']) a(e1586,[u'e1592']) a(e1589,[u'e1590']) e1591 a(e1602,[u'e1608']) e1603 e1604
Violation! Considering 0'th
Violation found in 0th half. Recursing
Subsets:
ir/0.il/1.r/2.il/3.ir/4.l/5.l/6: e1561 a(e1573,[u'e1574']) a(e1582,[u'e1583']) a(e1586,[u'e1592']) a(e1589,[u'e1590'])
ir/0.il/1.r/2.il/3.ir/4.l/5.r/6: e1591 a(e1602,[u'e1608']) e1603 e1604
Current subset: ir/0.il/1.r/2.il/3.ir/4.l/5.l/6: e1561 a(e1573,[u'e1574']) a(e1582,[u'e1583']) a(e1586,[u'e1592']) a(e1589,[u'e1590'])
No violation in 0'th...
Current subset: ir/0.il/1.r/2.il/3.ir/4.l/5.r/6: e1591 a(e1602,[u'e1608']) e1603 e1604
Violation! Considering 1'th
Violation found in 1th half. Recursing
Subsets:
ir/0.il/1.r/2.il/3.ir/4.l/5.r/6.l/7: e1591 a(e1602,[u'e1608'])
ir/0.il/1.r/2.il/3.ir/4.l/5.r/6.r/7: e1603 e1604
Current subset: ir/0.il/1.r/2.il/3.ir/4.l/5.r/6.l/7: e1591 a(e1602,[u'e1608'])
Violation! Considering 0'th
Violation found in 0th half. Recursing
Subsets:
ir/0.il/1.r/2.il/3.ir/4.l/5.r/6.l/7.l/8: e1591
ir/0.il/1.r/2.il/3.ir/4.l/5.r/6.l/7.r/8: a(e1602,[u'e1608'])
Current subset: ir/0.il/1.r/2.il/3.ir/4.l/5.r/6.l/7.l/8: e1591
No violation in 0'th...
Current subset: ir/0.il/1.r/2.il/3.ir/4.l/5.r/6.l/7.r/8: a(e1602,[u'e1608'])
Violation! Considering 1'th
Violation found in 1th half. Recursing
Base case [SwitchFailure:e1602:('SwitchFailure', 1), SwitchRecovery:e1608:('SwitchRecovery', 1)]
Recursing on right half
Subsets:
ir/0.il/1.r/2.ir/3.l/4: e1658 a(e1665,[u'e1667']) e1673 e1674 e1684 e1685 a(e1687,[u'e1688']) e1694 e1695 e1707 e1708 e1716 e1717 e1726 e1727 e1738 e1739
ir/0.il/1.r/2.ir/3.r/4: a(e1747,[u'e1752']) a(e1750,[u'e1751']) a(e1768,[u'e1772']) e1773 e1774 e1788 e1789 a(e1800,[u'e1808']) e1814 e1815 a(e1817,[u'e1826']) e1823 e1824 e1843 e1844 a(e1851,[u'e1880']) a(e1858,[u'e1868'])
Current subset: ir/0.il/1.r/2.ir/3.l/4: e1658 a(e1665,[u'e1667']) e1673 e1674 e1684 e1685 a(e1687,[u'e1688']) e1694 e1695 e1707 e1708 e1716 e1717 e1726 e1727 e1738 e1739
No violation in 0'th...
Current subset: ir/0.il/1.r/2.ir/3.r/4: a(e1747,[u'e1752']) a(e1750,[u'e1751']) a(e1768,[u'e1772']) e1773 e1774 e1788 e1789 a(e1800,[u'e1808']) e1814 e1815 a(e1817,[u'e1826']) e1823 e1824 e1843 e1844 a(e1851,[u'e1880']) a(e1858,[u'e1868'])
Violation! Considering 1'th
Violation found in 1th half. Recursing
Subsets:
ir/0.il/1.r/2.ir/3.r/4.l/5: a(e1747,[u'e1752']) a(e1750,[u'e1751']) a(e1768,[u'e1772']) e1773 e1774 e1788 e1789 a(e1800,[u'e1808']) e1814
ir/0.il/1.r/2.ir/3.r/4.r/5: e1815 a(e1817,[u'e1826']) e1823 e1824 e1843 e1844 a(e1851,[u'e1880']) a(e1858,[u'e1868'])
Current subset: ir/0.il/1.r/2.ir/3.r/4.l/5: a(e1747,[u'e1752']) a(e1750,[u'e1751']) a(e1768,[u'e1772']) e1773 e1774 e1788 e1789 a(e1800,[u'e1808']) e1814
Violation! Considering 0'th
Violation found in 0th half. Recursing
Subsets:
ir/0.il/1.r/2.ir/3.r/4.l/5.l/6: a(e1747,[u'e1752']) a(e1750,[u'e1751']) a(e1768,[u'e1772']) e1773 e1774
ir/0.il/1.r/2.ir/3.r/4.l/5.r/6: e1788 e1789 a(e1800,[u'e1808']) e1814
Current subset: ir/0.il/1.r/2.ir/3.r/4.l/5.l/6: a(e1747,[u'e1752']) a(e1750,[u'e1751']) a(e1768,[u'e1772']) e1773 e1774
Violation! Considering 0'th
Violation found in 0th half. Recursing
Subsets:
ir/0.il/1.r/2.ir/3.r/4.l/5.l/6.l/7: a(e1747,[u'e1752']) a(e1750,[u'e1751']) a(e1768,[u'e1772'])
ir/0.il/1.r/2.ir/3.r/4.l/5.l/6.r/7: e1773 e1774
Current subset: ir/0.il/1.r/2.ir/3.r/4.l/5.l/6.l/7: a(e1747,[u'e1752']) a(e1750,[u'e1751']) a(e1768,[u'e1772'])
Violation! Considering 0'th
Violation found in 0th half. Recursing
Subsets:
ir/0.il/1.r/2.ir/3.r/4.l/5.l/6.l/7.l/8: a(e1747,[u'e1752']) a(e1750,[u'e1751'])
ir/0.il/1.r/2.ir/3.r/4.l/5.l/6.l/7.r/8: a(e1768,[u'e1772'])
Current subset: ir/0.il/1.r/2.ir/3.r/4.l/5.l/6.l/7.l/8: a(e1747,[u'e1752']) a(e1750,[u'e1751'])
No violation in 0'th...
Current subset: ir/0.il/1.r/2.ir/3.r/4.l/5.l/6.l/7.r/8: a(e1768,[u'e1772'])
Violation! Considering 1'th
Violation found in 1th half. Recursing
Base case [SwitchFailure:e1768:('SwitchFailure', 2), SwitchRecovery:e1772:('SwitchRecovery', 2)]
Recursing on right half
Subsets:
ir/0.ir/1.l/2: e1859 e1860 e1877 e1878 e1921 e1922 a(e1934,[u'e1935']) a(e1946,[u'e1952']) a(e1947,[u'e1957']) e1954 e1955 e1965 e1966 a(e1975,[u'e1979']) a(e1990,[u'e1991']) a(e1995,[u'e1996']) a(e1999,[u'e2004']) a(e2003,[u'e2015']) a(e2010,[u'e2024']) e2012 e2013 a(e2025,[u'e2035']) e2029 e2030 a(e2066,[u'e2072']) a(e2070,[u'e2087']) a(e2071,[u'e2073']) a(e2088,[u'e2089']) a(e2094,[u'e2095']) e2103 e2104 a(e2119,[u'e2124']) e2128 e2129 a(e2131,[u'e2132']) e2145 e2146 a(e2162,[u'e2167']) e2173 e2174 e2182 e2183 e2192 e2193 a(e2195,[u'e2196']) a(e2226,[u'e2239']) e2230 e2233 e2234 e2235 e2236 e2249 e2250 e2257 e2258 a(e2260,[u'e2261']) e2267 e2268 e2280 e2281 e2298 e2299 a(e2301,[u'e2323']) e2308 e2309 e2314 e2315 e2320
ir/0.ir/1.r/2: e2321 e2340 e2341 e2373 e2374 a(e2389,[u'e2395']) e2399 e2400 e2417 e2418 e2426 e2427 e2434 e2435 e2442 e2443 a(e2445,[u'e2446']) a(e2467,[u'e2471']) e2475 e2476 e2496 e2497 a(e2499,[u'e2505']) e2508 e2509 a(e2526,[u'e2530']) a(e2535,[u'e2539']) a(e2538,[u'e2540']) e2557 e2558 e2584 e2585 a(e2603,[u'e2610']) e2604 e2605 a(e2611,[u'e2616']) a(e2614,[u'e2615']) a(e2619,[u'e2627']) e2640 e2641 a(e2654,[u'e2655']) e2656 e2657 e2662 e2663 e2668 e2669 a(e2674,[u'e2675', u'e2694', u'e2695', u'e2702', u'e2703', u'e2704', u'e2705', u'e2706', u'e2721', u'e2728', u'e2731', u'e2732', u'e2733', u'e2735']) e2676 e2677 e2678 e2679 e2688 e2689 e2696 e2697 e2707 e2708 e2709 e2710 a(e2719,[u'e2720']) e2722 e2723 a(e2729,[u'e2730']) a(e2734,[u'e2736']) e2737 e2739
Current subset: ir/0.ir/1.l/2: e1859 e1860 e1877 e1878 e1921 e1922 a(e1934,[u'e1935']) a(e1946,[u'e1952']) a(e1947,[u'e1957']) e1954 e1955 e1965 e1966 a(e1975,[u'e1979']) a(e1990,[u'e1991']) a(e1995,[u'e1996']) a(e1999,[u'e2004']) a(e2003,[u'e2015']) a(e2010,[u'e2024']) e2012 e2013 a(e2025,[u'e2035']) e2029 e2030 a(e2066,[u'e2072']) a(e2070,[u'e2087']) a(e2071,[u'e2073']) a(e2088,[u'e2089']) a(e2094,[u'e2095']) e2103 e2104 a(e2119,[u'e2124']) e2128 e2129 a(e2131,[u'e2132']) e2145 e2146 a(e2162,[u'e2167']) e2173 e2174 e2182 e2183 e2192 e2193 a(e2195,[u'e2196']) a(e2226,[u'e2239']) e2230 e2233 e2234 e2235 e2236 e2249 e2250 e2257 e2258 a(e2260,[u'e2261']) e2267 e2268 e2280 e2281 e2298 e2299 a(e2301,[u'e2323']) e2308 e2309 e2314 e2315 e2320
No violation in 0'th...
Current subset: ir/0.ir/1.r/2: e2321 e2340 e2341 e2373 e2374 a(e2389,[u'e2395']) e2399 e2400 e2417 e2418 e2426 e2427 e2434 e2435 e2442 e2443 a(e2445,[u'e2446']) a(e2467,[u'e2471']) e2475 e2476 e2496 e2497 a(e2499,[u'e2505']) e2508 e2509 a(e2526,[u'e2530']) a(e2535,[u'e2539']) a(e2538,[u'e2540']) e2557 e2558 e2584 e2585 a(e2603,[u'e2610']) e2604 e2605 a(e2611,[u'e2616']) a(e2614,[u'e2615']) a(e2619,[u'e2627']) e2640 e2641 a(e2654,[u'e2655']) e2656 e2657 e2662 e2663 e2668 e2669 a(e2674,[u'e2675', u'e2694', u'e2695', u'e2702', u'e2703', u'e2704', u'e2705', u'e2706', u'e2721', u'e2728', u'e2731', u'e2732', u'e2733', u'e2735']) e2676 e2677 e2678 e2679 e2688 e2689 e2696 e2697 e2707 e2708 e2709 e2710 a(e2719,[u'e2720']) e2722 e2723 a(e2729,[u'e2730']) a(e2734,[u'e2736']) e2737 e2739
Violation! Considering 1'th
Violation found in 1th half. Recursing
Subsets:
ir/0.ir/1.r/2.l/3: e2321 e2340 e2341 e2373 e2374 a(e2389,[u'e2395']) e2399 e2400 e2417 e2418 e2426 e2427 e2434 e2435 e2442 e2443 a(e2445,[u'e2446']) a(e2467,[u'e2471']) e2475 e2476 e2496 e2497 a(e2499,[u'e2505']) e2508 e2509 a(e2526,[u'e2530']) a(e2535,[u'e2539']) a(e2538,[u'e2540']) e2557 e2558 e2584 e2585 a(e2603,[u'e2610']) e2604
ir/0.ir/1.r/2.r/3: e2605 a(e2611,[u'e2616']) a(e2614,[u'e2615']) a(e2619,[u'e2627']) e2640 e2641 a(e2654,[u'e2655']) e2656 e2657 e2662 e2663 e2668 e2669 a(e2674,[u'e2675', u'e2694', u'e2695', u'e2702', u'e2703', u'e2704', u'e2705', u'e2706', u'e2721', u'e2728', u'e2731', u'e2732', u'e2733', u'e2735']) e2676 e2677 e2678 e2679 e2688 e2689 e2696 e2697 e2707 e2708 e2709 e2710 a(e2719,[u'e2720']) e2722 e2723 a(e2729,[u'e2730']) a(e2734,[u'e2736']) e2737 e2739
Current subset: ir/0.ir/1.r/2.l/3: e2321 e2340 e2341 e2373 e2374 a(e2389,[u'e2395']) e2399 e2400 e2417 e2418 e2426 e2427 e2434 e2435 e2442 e2443 a(e2445,[u'e2446']) a(e2467,[u'e2471']) e2475 e2476 e2496 e2497 a(e2499,[u'e2505']) e2508 e2509 a(e2526,[u'e2530']) a(e2535,[u'e2539']) a(e2538,[u'e2540']) e2557 e2558 e2584 e2585 a(e2603,[u'e2610']) e2604
No violation in 0'th...
Current subset: ir/0.ir/1.r/2.r/3: e2605 a(e2611,[u'e2616']) a(e2614,[u'e2615']) a(e2619,[u'e2627']) e2640 e2641 a(e2654,[u'e2655']) e2656 e2657 e2662 e2663 e2668 e2669 a(e2674,[u'e2675', u'e2694', u'e2695', u'e2702', u'e2703', u'e2704', u'e2705', u'e2706', u'e2721', u'e2728', u'e2731', u'e2732', u'e2733', u'e2735']) e2676 e2677 e2678 e2679 e2688 e2689 e2696 e2697 e2707 e2708 e2709 e2710 a(e2719,[u'e2720']) e2722 e2723 a(e2729,[u'e2730']) a(e2734,[u'e2736']) e2737 e2739
Violation! Considering 1'th
Violation found in 1th half. Recursing
Subsets:
ir/0.ir/1.r/2.r/3.l/4: e2605 a(e2611,[u'e2616']) a(e2614,[u'e2615']) a(e2619,[u'e2627']) e2640 e2641 a(e2654,[u'e2655']) e2656 e2657 e2662 e2663 e2668 e2669 a(e2674,[u'e2675', u'e2694', u'e2695', u'e2702', u'e2703', u'e2704', u'e2705', u'e2706', u'e2721', u'e2728', u'e2731', u'e2732', u'e2733', u'e2735']) e2676 e2677 e2678
ir/0.ir/1.r/2.r/3.r/4: e2679 e2688 e2689 e2696 e2697 e2707 e2708 e2709 e2710 a(e2719,[u'e2720']) e2722 e2723 a(e2729,[u'e2730']) a(e2734,[u'e2736']) e2737 e2739
Current subset: ir/0.ir/1.r/2.r/3.l/4: e2605 a(e2611,[u'e2616']) a(e2614,[u'e2615']) a(e2619,[u'e2627']) e2640 e2641 a(e2654,[u'e2655']) e2656 e2657 e2662 e2663 e2668 e2669 a(e2674,[u'e2675', u'e2694', u'e2695', u'e2702', u'e2703', u'e2704', u'e2705', u'e2706', u'e2721', u'e2728', u'e2731', u'e2732', u'e2733', u'e2735']) e2676 e2677 e2678
Violation! Considering 0'th
Violation found in 0th half. Recursing
Subsets:
ir/0.ir/1.r/2.r/3.l/4.l/5: e2605 a(e2611,[u'e2616']) a(e2614,[u'e2615']) a(e2619,[u'e2627']) e2640 e2641 a(e2654,[u'e2655']) e2656 e2657
ir/0.ir/1.r/2.r/3.l/4.r/5: e2662 e2663 e2668 e2669 a(e2674,[u'e2675', u'e2694', u'e2695', u'e2702', u'e2703', u'e2704', u'e2705', u'e2706', u'e2721', u'e2728', u'e2731', u'e2732', u'e2733', u'e2735']) e2676 e2677 e2678
Current subset: ir/0.ir/1.r/2.r/3.l/4.l/5: e2605 a(e2611,[u'e2616']) a(e2614,[u'e2615']) a(e2619,[u'e2627']) e2640 e2641 a(e2654,[u'e2655']) e2656 e2657
No violation in 0'th...
Current subset: ir/0.ir/1.r/2.r/3.l/4.r/5: e2662 e2663 e2668 e2669 a(e2674,[u'e2675', u'e2694', u'e2695', u'e2702', u'e2703', u'e2704', u'e2705', u'e2706', u'e2721', u'e2728', u'e2731', u'e2732', u'e2733', u'e2735']) e2676 e2677 e2678
No violation in 1'th...
Interference
Recursing on left half
Subsets:
ir/0.ir/1.r/2.r/3.l/4.il/5.l/6: e2605 a(e2611,[u'e2616']) a(e2614,[u'e2615']) a(e2619,[u'e2627']) e2640
ir/0.ir/1.r/2.r/3.l/4.il/5.r/6: e2641 a(e2654,[u'e2655']) e2656 e2657
Current subset: ir/0.ir/1.r/2.r/3.l/4.il/5.l/6: e2605 a(e2611,[u'e2616']) a(e2614,[u'e2615']) a(e2619,[u'e2627']) e2640
No violation in 0'th...
Current subset: ir/0.ir/1.r/2.r/3.l/4.il/5.r/6: e2641 a(e2654,[u'e2655']) e2656 e2657
Violation! Considering 1'th
Violation found in 1th half. Recursing
Subsets:
ir/0.ir/1.r/2.r/3.l/4.il/5.r/6.l/7: e2641 a(e2654,[u'e2655'])
ir/0.ir/1.r/2.r/3.l/4.il/5.r/6.r/7: e2656 e2657
Current subset: ir/0.ir/1.r/2.r/3.l/4.il/5.r/6.l/7: e2641 a(e2654,[u'e2655'])
Violation! Considering 0'th
Violation found in 0th half. Recursing
Subsets:
ir/0.ir/1.r/2.r/3.l/4.il/5.r/6.l/7.l/8: e2641
ir/0.ir/1.r/2.r/3.l/4.il/5.r/6.l/7.r/8: a(e2654,[u'e2655'])
Current subset: ir/0.ir/1.r/2.r/3.l/4.il/5.r/6.l/7.l/8: e2641
No violation in 0'th...
Current subset: ir/0.ir/1.r/2.r/3.l/4.il/5.r/6.l/7.r/8: a(e2654,[u'e2655'])
Violation! Considering 1'th
Violation found in 1th half. Recursing
Base case [SwitchFailure:e2654:('SwitchFailure', 1), SwitchRecovery:e2655:('SwitchRecovery', 1)]
Recursing on right half
Subsets:
ir/0.ir/1.r/2.r/3.l/4.ir/5.l/6: e2662 e2663 e2668 e2669
ir/0.ir/1.r/2.r/3.l/4.ir/5.r/6: a(e2674,[u'e2675', u'e2694', u'e2695', u'e2702', u'e2703', u'e2704', u'e2705', u'e2706', u'e2721', u'e2728', u'e2731', u'e2732', u'e2733', u'e2735']) e2676 e2677 e2678
Current subset: ir/0.ir/1.r/2.r/3.l/4.ir/5.l/6: e2662 e2663 e2668 e2669
No violation in 0'th...
Current subset: ir/0.ir/1.r/2.r/3.l/4.ir/5.r/6: a(e2674,[u'e2675', u'e2694', u'e2695', u'e2702', u'e2703', u'e2704', u'e2705', u'e2706', u'e2721', u'e2728', u'e2731', u'e2732', u'e2733', u'e2735']) e2676 e2677 e2678
Violation! Considering 1'th
Violation found in 1th half. Recursing
Subsets:
ir/0.ir/1.r/2.r/3.l/4.ir/5.r/6.l/7: a(e2674,[u'e2675', u'e2694', u'e2695', u'e2702', u'e2703', u'e2704', u'e2705', u'e2706', u'e2721', u'e2728', u'e2731', u'e2732', u'e2733', u'e2735']) e2676
ir/0.ir/1.r/2.r/3.l/4.ir/5.r/6.r/7: e2677 e2678
Current subset: ir/0.ir/1.r/2.r/3.l/4.ir/5.r/6.l/7: a(e2674,[u'e2675', u'e2694', u'e2695', u'e2702', u'e2703', u'e2704', u'e2705', u'e2706', u'e2721', u'e2728', u'e2731', u'e2732', u'e2733', u'e2735']) e2676
Violation! Considering 0'th
Violation found in 0th half. Recursing
Subsets:
ir/0.ir/1.r/2.r/3.l/4.ir/5.r/6.l/7.l/8: a(e2674,[u'e2675', u'e2694', u'e2695', u'e2702', u'e2703', u'e2704', u'e2705', u'e2706', u'e2721', u'e2728', u'e2731', u'e2732', u'e2733', u'e2735'])
ir/0.ir/1.r/2.r/3.l/4.ir/5.r/6.l/7.r/8: e2676
Current subset: ir/0.ir/1.r/2.r/3.l/4.ir/5.r/6.l/7.l/8: a(e2674,[u'e2675', u'e2694', u'e2695', u'e2702', u'e2703', u'e2704', u'e2705', u'e2706', u'e2721', u'e2728', u'e2731', u'e2732', u'e2733', u'e2735'])
Violation! Considering 0'th
Violation found in 0th half. Recursing
Base case [SwitchFailure:e2674:('SwitchFailure', 2), SwitchRecovery:e2675:('SwitchRecovery', 2), SwitchRecovery:e2694:('SwitchRecovery', 2), SwitchRecovery:e2695:('SwitchRecovery', 2), SwitchRecovery:e2702:('SwitchRecovery', 2), SwitchRecovery:e2703:('SwitchRecovery', 2), SwitchRecovery:e2704:('SwitchRecovery', 2), SwitchRecovery:e2705:('SwitchRecovery', 2), SwitchRecovery:e2706:('SwitchRecovery', 2), SwitchRecovery:e2721:('SwitchRecovery', 2), SwitchRecovery:e2728:('SwitchRecovery', 2), SwitchRecovery:e2731:('SwitchRecovery', 2), SwitchRecovery:e2732:('SwitchRecovery', 2), SwitchRecovery:e2733:('SwitchRecovery', 2), SwitchRecovery:e2735:('SwitchRecovery', 2)]
Warning: MCS did not result in violation. Trying replay again without timed out events.
Warning! Final MCS did not result in violation, even after ignoring timed out internal events. Your run ''
                   '' is probably effected by non-determinism.
Try setting MCSFinder's max_replays_per_subsequence parameter in your config file (e.g. max_replays_per_subsequence=10)
If that still doesn't work, see tools/visualization/visualize1D.html for debugging
=== Total replays: 163 ===
Final MCS (31 elements):
 - SwitchFailure:e586
 - SwitchRecovery:e587
 - SwitchFailure:e806
 - SwitchRecovery:e808
 - SwitchFailure:e835
 - SwitchRecovery:e836
 - SwitchFailure:e1048
 - SwitchRecovery:e1057
 - SwitchFailure:e1521
 - SwitchRecovery:e1529
 - SwitchFailure:e1602
 - SwitchRecovery:e1608
 - SwitchFailure:e1768
 - SwitchRecovery:e1772
 - SwitchFailure:e2654
 - SwitchRecovery:e2655
 - SwitchFailure:e2674
 - SwitchRecovery:e2675
 - SwitchRecovery:e2694
 - SwitchRecovery:e2695
 - SwitchRecovery:e2702
 - SwitchRecovery:e2703
 - SwitchRecovery:e2704
 - SwitchRecovery:e2705
 - SwitchRecovery:e2706
 - SwitchRecovery:e2721
 - SwitchRecovery:e2728
 - SwitchRecovery:e2731
 - SwitchRecovery:e2732
 - SwitchRecovery:e2733
 - SwitchRecovery:e2735
