xss =  -ea -javaagent:/home/mininet/apache-cassandra-1.2.4/bin/../lib/jamm-0.2.5.jar -XX:+UseThreadPriorities -XX:ThreadPriorityPolicy=42 -Xms1024M -Xmx1024M -Xmn100M -XX:+HeapDumpOnOutOfMemoryError -Xss180k
 INFO 15:58:55,879 Logging initialized
 INFO 15:58:55,891 JVM vendor/version: OpenJDK 64-Bit Server VM/1.7.0_25
 WARN 15:58:55,892 OpenJDK is not recommended. Please upgrade to the newest Oracle Java release
 INFO 15:58:55,892 Heap size: 1063256064/1063256064
 INFO 15:58:55,892 Classpath: /home/mininet/apache-cassandra-1.2.4/bin/../conf:/home/mininet/apache-cassandra-1.2.4/bin/../build/classes/main:/home/mininet/apache-cassandra-1.2.4/bin/../build/classes/thrift:/home/mininet/apache-cassandra-1.2.4/bin/../lib/antlr-3.2.jar:/home/mininet/apache-cassandra-1.2.4/bin/../lib/apache-cassandra-1.2.4.jar:/home/mininet/apache-cassandra-1.2.4/bin/../lib/apache-cassandra-clientutil-1.2.4.jar:/home/mininet/apache-cassandra-1.2.4/bin/../lib/apache-cassandra-thrift-1.2.4.jar:/home/mininet/apache-cassandra-1.2.4/bin/../lib/avro-1.4.0-fixes.jar:/home/mininet/apache-cassandra-1.2.4/bin/../lib/avro-1.4.0-sources-fixes.jar:/home/mininet/apache-cassandra-1.2.4/bin/../lib/commons-cli-1.1.jar:/home/mininet/apache-cassandra-1.2.4/bin/../lib/commons-codec-1.2.jar:/home/mininet/apache-cassandra-1.2.4/bin/../lib/commons-lang-2.6.jar:/home/mininet/apache-cassandra-1.2.4/bin/../lib/compress-lzf-0.8.4.jar:/home/mininet/apache-cassandra-1.2.4/bin/../lib/concurrentlinkedhashmap-lru-1.3.jar:/home/mininet/apache-cassandra-1.2.4/bin/../lib/guava-13.0.1.jar:/home/mininet/apache-cassandra-1.2.4/bin/../lib/high-scale-lib-1.1.2.jar:/home/mininet/apache-cassandra-1.2.4/bin/../lib/jackson-core-asl-1.9.2.jar:/home/mininet/apache-cassandra-1.2.4/bin/../lib/jackson-mapper-asl-1.9.2.jar:/home/mininet/apache-cassandra-1.2.4/bin/../lib/jamm-0.2.5.jar:/home/mininet/apache-cassandra-1.2.4/bin/../lib/jbcrypt-0.3m.jar:/home/mininet/apache-cassandra-1.2.4/bin/../lib/jline-1.0.jar:/home/mininet/apache-cassandra-1.2.4/bin/../lib/json-simple-1.1.jar:/home/mininet/apache-cassandra-1.2.4/bin/../lib/libthrift-0.7.0.jar:/home/mininet/apache-cassandra-1.2.4/bin/../lib/log4j-1.2.16.jar:/home/mininet/apache-cassandra-1.2.4/bin/../lib/lz4-1.1.0.jar:/home/mininet/apache-cassandra-1.2.4/bin/../lib/metrics-core-2.0.3.jar:/home/mininet/apache-cassandra-1.2.4/bin/../lib/netty-3.5.9.Final.jar:/home/mininet/apache-cassandra-1.2.4/bin/../lib/servlet-api-2.5-20081211.jar:/home/mininet/apache-cassandra-1.2.4/bin/../lib/slf4j-api-1.7.2.jar:/home/mininet/apache-cassandra-1.2.4/bin/../lib/slf4j-log4j12-1.7.2.jar:/home/mininet/apache-cassandra-1.2.4/bin/../lib/snakeyaml-1.6.jar:/home/mininet/apache-cassandra-1.2.4/bin/../lib/snappy-java-1.0.4.1.jar:/home/mininet/apache-cassandra-1.2.4/bin/../lib/snaptree-0.1.jar:/home/mininet/apache-cassandra-1.2.4/bin/../lib/jamm-0.2.5.jar
 INFO 15:58:55,894 JNA not found. Native methods will be disabled.
 INFO 15:58:55,903 Loading settings from file:/home/mininet/apache-cassandra-1.2.4/conf/cassandra.yaml
 INFO 15:58:56,319 Data files directories: [/var/lib/cassandra/data]
 INFO 15:58:56,320 Commit log directory: /var/lib/cassandra/commitlog
 INFO 15:58:56,320 DiskAccessMode 'auto' determined to be mmap, indexAccessMode is mmap
 INFO 15:58:56,320 disk_failure_policy is stop
 INFO 15:58:56,329 Global memtable threshold is enabled at 338MB
 INFO 15:58:56,442 Not using multi-threaded compaction
 INFO 15:58:56,903 Initializing key cache with capacity of 50 MBs.
 INFO 15:58:56,916 Scheduling key cache save to each 14400 seconds (going to save all keys).
 INFO 15:58:56,917 Initializing row cache with capacity of 0 MBs and provider org.apache.cassandra.cache.SerializingCacheProvider
 INFO 15:58:56,926 Scheduling row cache save to each 0 seconds (going to save all keys).
 INFO 15:58:57,295 Couldn't detect any schema definitions in local storage.
 INFO 15:58:57,296 To create keyspaces and column families, see 'help create keyspace' in the CLI, or set up a schema using the thrift system_* calls.
 INFO 15:58:57,371 No commitlog files found; skipping replay
 INFO 15:58:57,717 Cassandra version: 1.2.4
 INFO 15:58:57,720 Thrift API version: 19.35.0
 INFO 15:58:57,721 CQL supported versions: 2.0.0,3.0.1 (default: 3.0.1)
 INFO 15:58:57,747 Loading persisted ring state
 INFO 15:58:57,751 Starting up server gossip
 WARN 15:58:57,756 No host ID found, created e971bb24-8e23-46b2-a811-85cde4ac4083 (Note: This should happen exactly once per node).
 INFO 15:58:57,768 Enqueuing flush of Memtable-local@1502606662(361/361 serialized/live bytes, 15 ops)
 INFO 15:58:57,783 Writing Memtable-local@1502606662(361/361 serialized/live bytes, 15 ops)
 INFO 15:58:57,823 Completed flushing /var/lib/cassandra/data/system/local/system-local-ib-1-Data.db (353 bytes) for commitlog position ReplayPosition(segmentId=1402009137276, position=50656)
 INFO 15:58:57,899 Starting Messaging Service on port 7000
 INFO 15:58:57,945 Enqueuing flush of Memtable-local@1003102178(86/86 serialized/live bytes, 4 ops)
 INFO 15:58:57,946 Writing Memtable-local@1003102178(86/86 serialized/live bytes, 4 ops)
 INFO 15:58:57,954 Completed flushing /var/lib/cassandra/data/system/local/system-local-ib-2-Data.db (122 bytes) for commitlog position ReplayPosition(segmentId=1402009137276, position=50933)
 INFO 15:58:57,955 JOINING: waiting for ring information
 INFO 15:58:59,729 Node /192.168.56.11 is now part of the cluster
 INFO 15:58:59,730 InetAddress /192.168.56.11 is now UP
 INFO 15:58:59,741 Enqueuing flush of Memtable-peers@1209359081(51/51 serialized/live bytes, 2 ops)
 INFO 15:58:59,742 Writing Memtable-peers@1209359081(51/51 serialized/live bytes, 2 ops)
 INFO 15:58:59,755 Completed flushing /var/lib/cassandra/data/system/peers/system-peers-ib-1-Data.db (109 bytes) for commitlog position ReplayPosition(segmentId=1402009137276, position=51107)
 INFO 15:58:59,803 Enqueuing flush of Memtable-schema_keyspaces@1859455622(389/389 serialized/live bytes, 11 ops)
 INFO 15:58:59,804 Writing Memtable-schema_keyspaces@1859455622(389/389 serialized/live bytes, 11 ops)
 INFO 15:58:59,814 Completed flushing /var/lib/cassandra/data/system/schema_keyspaces/system-schema_keyspaces-ib-1-Data.db (260 bytes) for commitlog position ReplayPosition(segmentId=1402009137276, position=53730)
 INFO 15:58:59,816 Enqueuing flush of Memtable-schema_columnfamilies@13557354(23066/23066 serialized/live bytes, 379 ops)
 INFO 15:58:59,817 Writing Memtable-schema_columnfamilies@13557354(23066/23066 serialized/live bytes, 379 ops)
 INFO 15:58:59,834 Completed flushing /var/lib/cassandra/data/system/schema_columnfamilies/system-schema_columnfamilies-ib-1-Data.db (4846 bytes) for commitlog position ReplayPosition(segmentId=1402009137276, position=53730)
 INFO 15:58:59,835 Enqueuing flush of Memtable-schema_columns@79883862(22154/22154 serialized/live bytes, 337 ops)
 INFO 15:58:59,836 Writing Memtable-schema_columns@79883862(22154/22154 serialized/live bytes, 337 ops)
 INFO 15:58:59,854 Completed flushing /var/lib/cassandra/data/system/schema_columns/system-schema_columns-ib-1-Data.db (3896 bytes) for commitlog position ReplayPosition(segmentId=1402009137276, position=53730)
 INFO 15:58:59,957 JOINING: schema complete, ready to bootstrap
 INFO 15:58:59,958 JOINING: getting bootstrap token
 INFO 15:58:59,960 Enqueuing flush of Memtable-local@563877004(73/73 serialized/live bytes, 4 ops)
 INFO 15:58:59,961 Writing Memtable-local@563877004(73/73 serialized/live bytes, 4 ops)
 INFO 15:58:59,974 Completed flushing /var/lib/cassandra/data/system/local/system-local-ib-3-Data.db (135 bytes) for commitlog position ReplayPosition(segmentId=1402009137276, position=54028)
 INFO 15:58:59,989 JOINING: sleeping 30000 ms for pending range setup
 INFO 15:59:29,991 JOINING: Starting to bootstrap...
 INFO 15:59:30,031 Finished streaming session 0d0026e0-ed05-11e3-a4ec-c1b7d013ecd2 from /192.168.56.11
 INFO 15:59:30,032 Bootstrap completed! for the tokens [0]
 INFO 15:59:30,033 Enqueuing flush of Memtable-local@1603870009(43/43 serialized/live bytes, 2 ops)
 INFO 15:59:30,034 Writing Memtable-local@1603870009(43/43 serialized/live bytes, 2 ops)
 INFO 15:59:30,042 Completed flushing /var/lib/cassandra/data/system/local/system-local-ib-4-Data.db (75 bytes) for commitlog position ReplayPosition(segmentId=1402009137276, position=54161)
 INFO 15:59:30,048 Compacting [SSTableReader(path='/var/lib/cassandra/data/system/local/system-local-ib-2-Data.db'), SSTableReader(path='/var/lib/cassandra/data/system/local/system-local-ib-4-Data.db'), SSTableReader(path='/var/lib/cassandra/data/system/local/system-local-ib-1-Data.db'), SSTableReader(path='/var/lib/cassandra/data/system/local/system-local-ib-3-Data.db')]
 INFO 15:59:30,050 Enqueuing flush of Memtable-local@1749251535(32/32 serialized/live bytes, 2 ops)
 INFO 15:59:30,051 Writing Memtable-local@1749251535(32/32 serialized/live bytes, 2 ops)
 INFO 15:59:30,063 Completed flushing /var/lib/cassandra/data/system/local/system-local-ib-5-Data.db (90 bytes) for commitlog position ReplayPosition(segmentId=1402009137276, position=54317)
 INFO 15:59:30,076 Node /192.168.56.12 state jump to normal
 INFO 15:59:30,077 Startup completed! Now serving reads.
 INFO 15:59:30,123 Compacted 4 sstables to [/var/lib/cassandra/data/system/local/system-local-ib-6,].  685 bytes to 411 (~60% of original) in 72ms = 0.005444MB/s.  4 total rows, 1 unique.  Row merge counts were {1:0, 2:0, 3:0, 4:1, }
