INFO:Controller: =====> Starting POX Controller <===== 
[1;36mStarting POX controller c1[1;m
DEBUG:Controller:Creating symlink /Users/cs/Research/UCB/code/sts/sts/util/io_master.py -> pox/ext/sts/util/io_master.py
DEBUG:Controller:Creating symlink /Users/cs/Research/UCB/code/sts/sts/syncproto/base.py -> pox/ext/sts/syncproto/base.py
DEBUG:Controller:Creating symlink /Users/cs/Research/UCB/code/sts/sts/syncproto/pox_syncer.py -> pox/ext/sts/syncproto/pox_syncer.py
DEBUG:Controller:Creating symlink /Users/cs/Research/UCB/code/sts/sts/util/socket_mux/pox_monkeypatcher.py -> pox/ext/sts/util/socket_mux/pox_monkeypatcher.py
DEBUG:Controller:Creating symlink /Users/cs/Research/UCB/code/sts/sts/util/socket_mux/base.py -> pox/ext/sts/util/socket_mux/base.py
DEBUG:Controller:Creating symlink /Users/cs/Research/UCB/code/sts/sts/util/socket_mux/server_socket_multiplexer.py -> pox/ext/sts/util/socket_mux/server_socket_multiplexer.py
INFO:Controller:Launching controller c1: ./pox.py --verbose openflow.discovery forwarding.l2_multi forwarding.capabilities_manager sts.util.socket_mux.pox_monkeypatcher openflow.of_01 --address=127.0.0.1 --port=6633
INFO:simulation:Launched controller c1: ./pox.py --verbose openflow.discovery forwarding.l2_multi forwarding.capabilities_manager sts.util.socket_mux.pox_monkeypatcher openflow.of_01 --address=127.0.0.1 --port=6633 [PID 14617]
INFO:simulation:Creating topology...
DEBUG:simulation:Monkeypatching STS select
connect_socket_with_backoff ('127.0.0.1', 6633)
Error connecting.  -- [Errno 61] Connection refused. Backing off 1 seconds ...
[1;33m[c1] POX 0.0.0 / Copyright 2011 James McCauley[1;m

[1;41m[1;33m[c1] DEBUG:core:POX 0.0.0 going up...[1;m

[1;41m[1;33m[c1] DEBUG:core:Running on CPython (2.7.5/Sep 12 2013 21:33:34)[1;m

[1;41m[1;33m[c1] INFO:core:POX 0.0.0 is up.[1;m

[1;41m[1;33m[c1] DEBUG:openflow.of_01:Listening for connections on ('127.0.0.1', 6633)[1;m

DEBUG:sts.topology:Connecting 2 switches to 1 controllers (setting up 1 conns per switch)...
[1;33m[c1] Incoming true socket connected[1;m
DEBUG:sts.topology:Connecting switch 0 / 2

connect_socket_with_backoff ('127.0.0.1', 6633)
[1;33m[c1] Incoming MockSocket connection [u'127.0.0.1', 54718][1;m
DEBUG:sts.topology:Connecting switch 1 / 2
connect_socket_with_backoff ('127.0.0.1', 6633)

DEBUG:sts.topology:Controller connections done
DEBUG:input_logger:logging event ConnectToControllers:e1:('ConnectToControllers',)
[1;33m[c1] Incoming MockSocket connection [u'127.0.0.1', 54718][1;m

INFO:control_flow:Waiting until first OpenFlow message received..
DEBUG:FuzzSoftwareSwitch(2):Receive hello SoftSwitch(2)
DEBUG:FuzzSoftwareSwitch(2):Send hello SoftSwitch(2) 
DEBUG:input_logger:logging event ControlMessageReceive:i2:('ControlMessageReceive', OFFingerprint{'class': 'ofp_hello'}, 2, 'c1')
DEBUG:FuzzSoftwareSwitch(1):Receive hello SoftSwitch(1)
DEBUG:FuzzSoftwareSwitch(1):Send hello SoftSwitch(1) 
DEBUG:input_logger:logging event ControlMessageReceive:i3:('ControlMessageReceive', OFFingerprint{'class': 'ofp_hello'}, 1, 'c1')
DEBUG:input_logger:logging event ControlMessageSend:i4:('ControlMessageSend', OFFingerprint{'class': 'ofp_hello'}, 2, 'c1')
DEBUG:input_logger:logging event ControlMessageSend:i5:('ControlMessageSend', OFFingerprint{'class': 'ofp_hello'}, 1, 'c1')
[1;36mRound 1 completed.[1;m
DEBUG:FuzzSoftwareSwitch(2):Reply features request of xid ofp_features_request
  header: 
    version: 1
    type:    5 (OFPT_FEATURES_REQUEST)
    length:  8
    xid:     5 SoftSwitch(2)
DEBUG:input_logger:logging event ControlMessageReceive:i6:('ControlMessageReceive', OFFingerprint{'class': 'ofp_features_request'}, 2, 'c1')
DEBUG:FuzzSoftwareSwitch(1):Reply features request of xid ofp_features_request
  header: 
    version: 1
    type:    5 (OFPT_FEATURES_REQUEST)
    length:  8
    xid:     7 SoftSwitch(1)
DEBUG:input_logger:logging event ControlMessageReceive:i7:('ControlMessageReceive', OFFingerprint{'class': 'ofp_features_request'}, 1, 'c1')
DEBUG:input_logger:logging event ControlMessageSend:i8:('ControlMessageSend', OFFingerprint{'datapath_id': 2, 'class': 'ofp_features_reply'}, 2, 'c1')
DEBUG:input_logger:logging event ControlMessageSend:i9:('ControlMessageSend', OFFingerprint{'datapath_id': 1, 'class': 'ofp_features_reply'}, 1, 'c1')
[1;36mRound 2 completed.[1;m
DEBUG:FuzzSoftwareSwitch(1):Set config SoftSwitch(1) ofp_set_config
  header: 
    version: 1
    type:    9 (OFPT_SET_CONFIG)
    length:  12
    xid:     15
  flags: 0
  miss_send_len: 128
DEBUG:input_logger:logging event ControlMessageReceive:i10:('ControlMessageReceive', OFFingerprint{'class': 'ofp_set_config'}, 1, 'c1')
DEBUG:FuzzSoftwareSwitch(2):Barrier request SoftSwitch(2) ofp_barrier_request
  header: 
    version: 1
    type:    18 (OFPT_BARRIER_REQUEST)
    length:  8
    xid:     13
DEBUG:input_logger:logging event ControlMessageReceive:i11:('ControlMessageReceive', OFFingerprint{'class': 'ofp_barrier_request'}, 2, 'c1')
DEBUG:FuzzSoftwareSwitch(1):Flow mod SoftSwitch(1): header: 
  version: 1
  type:    14 (OFPT_FLOW_MOD)
  length:  72
  xid:     17
match: 
  wildcards: nw_tos|tp_dst|dl_dst|dl_src|in_port|dl_vlan_pcp|nw_proto|dl_vlan|tp_src|dl_type|nw_src(/0)|nw_dst(/0) (1110000010000011111111 = 0x3820ff)
cookie: 0
command: 3
idle_timeout: 0
hard_timeout: 0
priority: 32768
buffer_id: -1
out_port: 65535
flags: 0
actions: 

DEBUG:input_logger:logging event ControlMessageReceive:i12:('ControlMessageReceive', OFFingerprint{'hard_timeout': 0, 'out_port': 65535, 'priority': 32768, 'idle_timeout': 0, 'command': 'delete', 'actions': (), 'flags': 0, 'class': 'ofp_flow_mod', 'match': 'x^L,in_port:None'}, 1, 'c1')
DEBUG:FuzzSoftwareSwitch(2):Set config SoftSwitch(2) ofp_set_config
  header: 
    version: 1
    type:    9 (OFPT_SET_CONFIG)
    length:  12
    xid:     9
  flags: 0
  miss_send_len: 128
DEBUG:input_logger:logging event ControlMessageReceive:i13:('ControlMessageReceive', OFFingerprint{'class': 'ofp_set_config'}, 2, 'c1')
DEBUG:FuzzSoftwareSwitch(1):Barrier request SoftSwitch(1) ofp_barrier_request
  header: 
    version: 1
    type:    18 (OFPT_BARRIER_REQUEST)
    length:  8
    xid:     19
DEBUG:input_logger:logging event ControlMessageReceive:i14:('ControlMessageReceive', OFFingerprint{'class': 'ofp_barrier_request'}, 1, 'c1')
DEBUG:FuzzSoftwareSwitch(2):Flow mod SoftSwitch(2): header: 
  version: 1
  type:    14 (OFPT_FLOW_MOD)
  length:  72
  xid:     11
match: 
  wildcards: nw_tos|tp_dst|dl_dst|dl_src|in_port|dl_vlan_pcp|nw_proto|dl_vlan|tp_src|dl_type|nw_src(/0)|nw_dst(/0) (1110000010000011111111 = 0x3820ff)
cookie: 0
command: 3
idle_timeout: 0
hard_timeout: 0
priority: 32768
buffer_id: -1
out_port: 65535
flags: 0
actions: 

DEBUG:input_logger:logging event ControlMessageReceive:i15:('ControlMessageReceive', OFFingerprint{'hard_timeout': 0, 'out_port': 65535, 'priority': 32768, 'idle_timeout': 0, 'command': 'delete', 'actions': (), 'flags': 0, 'class': 'ofp_flow_mod', 'match': 'x^L,in_port:None'}, 2, 'c1')
DEBUG:input_logger:logging event ControlMessageSend:i16:('ControlMessageSend', OFFingerprint{'class': 'ofp_barrier_reply'}, 2, 'c1')
DEBUG:input_logger:logging event ControlMessageSend:i17:('ControlMessageSend', OFFingerprint{'class': 'ofp_barrier_reply'}, 1, 'c1')
[1;36mRound 3 completed.[1;m
[1;41m[1;33m[c1] INFO:openflow.of_01:of_01 [Con 2/2] Connected to 00-00-00-00-00-02[1;m

[1;41m[1;33m[c1] DEBUG:forwarding.l2_multi:Connect [Con 2/2][1;m

[1;41m[1;33m[c1] DEBUG:openflow.discovery:Installing flow for 00-00-00-00-00-02[1;m

[1;41m[1;33m[c1] INFO:openflow.of_01:of_01 [Con 1/1] Connected to 00-00-00-00-00-01[1;m

[1;41m[1;33m[c1] DEBUG:forwarding.l2_multi:Connect [Con 1/1][1;m

[1;41m[1;33m[c1] DEBUG:openflow.discovery:Installing flow for 00-00-00-00-00-01[1;m

DEBUG:FuzzSoftwareSwitch(2):Flow mod SoftSwitch(2): header: 
  version: 1
  type:    14 (OFPT_FLOW_MOD)
  length:  80
  xid:     21
match: 
  wildcards: nw_tos|tp_dst|dl_src|in_port|dl_vlan_pcp|nw_proto|dl_vlan|tp_src|nw_src(/0)|nw_dst(/0) (1110000010000011100111 = 0x3820e7)
  dl_dst: 01:23:20:00:00:01
  dl_type: 0x88cc
cookie: 0
command: 0
idle_timeout: 0
hard_timeout: 0
priority: 32768
buffer_id: -1
out_port: 65535
flags: 0
actions: 
  type: 0
  len: 8
  port: 65533
  max_len: 65535

DEBUG:input_logger:logging event ControlMessageReceive:i18:('ControlMessageReceive', OFFingerprint{'hard_timeout': 0, 'out_port': 65535, 'priority': 32768, 'idle_timeout': 0, 'command': 'add', 'actions': ('output(65533)',), 'flags': 0, 'class': 'ofp_flow_mod', 'match': 'dl_dst:01:23:20:00:00:01,dl_type:35020,in_port:None'}, 2, 'c1')
DEBUG:FuzzSoftwareSwitch(1):Flow mod SoftSwitch(1): header: 
  version: 1
  type:    14 (OFPT_FLOW_MOD)
  length:  80
  xid:     27
match: 
  wildcards: nw_tos|tp_dst|dl_src|in_port|dl_vlan_pcp|nw_proto|dl_vlan|tp_src|nw_src(/0)|nw_dst(/0) (1110000010000011100111 = 0x3820e7)
  dl_dst: 01:23:20:00:00:01
  dl_type: 0x88cc
cookie: 0
command: 0
idle_timeout: 0
hard_timeout: 0
priority: 32768
buffer_id: -1
out_port: 65535
flags: 0
actions: 
  type: 0
  len: 8
  port: 65533
  max_len: 65535

DEBUG:input_logger:logging event ControlMessageReceive:i19:('ControlMessageReceive', OFFingerprint{'hard_timeout': 0, 'out_port': 65535, 'priority': 32768, 'idle_timeout': 0, 'command': 'add', 'actions': ('output(65533)',), 'flags': 0, 'class': 'ofp_flow_mod', 'match': 'dl_dst:01:23:20:00:00:01,dl_type:35020,in_port:None'}, 1, 'c1')
[1;36mRound 4 completed.[1;m
[1;36mRound 5 completed.[1;m
[1;36mRound 6 completed.[1;m
[1;36mRound 7 completed.[1;m
[1;36mRound 8 completed.[1;m
[1;36mRound 9 completed.[1;m
[1;36mRound 10 completed.[1;m
[1;36mRound 11 completed.[1;m
[1;36mRound 12 completed.[1;m
[1;36mRound 13 completed.[1;m
[1;36mRound 14 completed.[1;m
[1;36mRound 15 completed.[1;m
DEBUG:FuzzSoftwareSwitch(2):Packet out: header: 
  version: 1
  type:    13 (OFPT_PACKET_OUT)
  length:  65
  xid:     23
buffer_id: -1
in_port: 65535
actions_len: 1
actions: 
  type: 0
  len: 8
  port: 1
  max_len: 0

DEBUG:input_logger:logging event ControlMessageReceive:i20:('ControlMessageReceive', OFFingerprint{'actions': ('output(1)',), 'data': DPFingerprint{'class': 'lldp'}, 'class': 'ofp_packet_out', 'in_port': 65535}, 2, 'c1')
[1;36mForwarding dataplane event[1;m
DEBUG:FuzzSoftwareSwitch(1):Send PacketIn SoftSwitch(1) 
DEBUG:input_logger:logging event DataplanePermit:i21:('DataplanePermit', DPFingerprint{'class': 'lldp'}, 2, 1)
[1;36mRound 16 completed.[1;m
DEBUG:input_logger:logging event ControlMessageSend:i22:('ControlMessageSend', OFFingerprint{'data': DPFingerprint{'class': 'lldp'}, 'class': 'ofp_packet_in', 'in_port': 1}, 1, 'c1')
[1;36mRound 17 completed.[1;m
[1;41m[1;33m[c1] INFO:openflow.discovery:link detected: 00-00-00-00-00-02.1 -> 00-00-00-00-00-01.1[1;m

DEBUG:FuzzSoftwareSwitch(1):Flow mod SoftSwitch(1): header: 
  version: 1
  type:    14 (OFPT_FLOW_MOD)
  length:  72
  xid:     33
match: 
  wildcards: nw_tos|tp_dst|dl_dst|dl_src|in_port|dl_vlan_pcp|nw_proto|dl_vlan|tp_src|dl_type|nw_src(/0)|nw_dst(/0) (1110000010000011111111 = 0x3820ff)
cookie: 0
command: 3
idle_timeout: 0
hard_timeout: 0
priority: 32768
buffer_id: -1
out_port: 65535
flags: 0
actions: 

DEBUG:FuzzSoftwareSwitch(1):Table entry removed [TableEntry(priority=32768, cookie=0, idle_timeoout=0, hard_timeout=0, match=ofp_match
  wildcards: nw_tos|tp_dst|dl_src|in_port|dl_vlan_pcp|nw_proto|dl_vlan|tp_src|nw_src(/0)|nw_dst(/0) (1110000010000011100111 = 0x3820e7)
  dl_dst: 01:23:20:00:00:01
  dl_type: 0x88cc, actions=[ofp_action_output(port=65533)] buffer_id=-1)]
DEBUG:input_logger:logging event ControlMessageReceive:i23:('ControlMessageReceive', OFFingerprint{'hard_timeout': 0, 'out_port': 65535, 'priority': 32768, 'idle_timeout': 0, 'command': 'delete', 'actions': (), 'flags': 0, 'class': 'ofp_flow_mod', 'match': 'x^L,in_port:None'}, 1, 'c1')
DEBUG:FuzzSoftwareSwitch(1):Packet out: header: 
  version: 1
  type:    13 (OFPT_PACKET_OUT)
  length:  16
  xid:     35
buffer_id: 1
in_port: 1
actions_len: 0
actions: 

DEBUG:input_logger:logging event ControlMessageReceive:i24:('ControlMessageReceive', OFFingerprint{'actions': (), 'data': (), 'class': 'ofp_packet_out', 'in_port': 1}, 1, 'c1')
DEBUG:FuzzSoftwareSwitch(2):Flow mod SoftSwitch(2): header: 
  version: 1
  type:    14 (OFPT_FLOW_MOD)
  length:  72
  xid:     33
match: 
  wildcards: nw_tos|tp_dst|dl_dst|dl_src|in_port|dl_vlan_pcp|nw_proto|dl_vlan|tp_src|dl_type|nw_src(/0)|nw_dst(/0) (1110000010000011111111 = 0x3820ff)
cookie: 0
command: 3
idle_timeout: 0
hard_timeout: 0
priority: 32768
buffer_id: -1
out_port: 65535
flags: 0
actions: 

DEBUG:FuzzSoftwareSwitch(2):Table entry removed [TableEntry(priority=32768, cookie=0, idle_timeoout=0, hard_timeout=0, match=ofp_match
  wildcards: nw_tos|tp_dst|dl_src|in_port|dl_vlan_pcp|nw_proto|dl_vlan|tp_src|nw_src(/0)|nw_dst(/0) (1110000010000011100111 = 0x3820e7)
  dl_dst: 01:23:20:00:00:01
  dl_type: 0x88cc, actions=[ofp_action_output(port=65533)] buffer_id=-1)]
DEBUG:input_logger:logging event ControlMessageReceive:i25:('ControlMessageReceive', OFFingerprint{'hard_timeout': 0, 'out_port': 65535, 'priority': 32768, 'idle_timeout': 0, 'command': 'delete', 'actions': (), 'flags': 0, 'class': 'ofp_flow_mod', 'match': 'x^L,in_port:None'}, 2, 'c1')
[1;36mRound 18 completed.[1;m
[1;36mRound 19 completed.[1;m
[1;36mRound 20 completed.[1;m
[1;36mRound 21 completed.[1;m
[1;36mRound 22 completed.[1;m
[1;36mRound 23 completed.[1;m
[1;36mRound 24 completed.[1;m
[1;36mRound 25 completed.[1;m
[1;36mRound 26 completed.[1;m
[1;36mRound 27 completed.[1;m
DEBUG:FuzzSoftwareSwitch(2):Packet out: header: 
  version: 1
  type:    13 (OFPT_PACKET_OUT)
  length:  65
  xid:     25
buffer_id: -1
in_port: 65535
actions_len: 1
actions: 
  type: 0
  len: 8
  port: 2
  max_len: 0

DEBUG:input_logger:logging event ControlMessageReceive:i26:('ControlMessageReceive', OFFingerprint{'actions': ('output(2)',), 'data': DPFingerprint{'class': 'lldp'}, 'class': 'ofp_packet_out', 'in_port': 65535}, 2, 'c1')
[1;36mForwarding dataplane event[1;m
INFO:host:[IPAddr('10.2.2.2')]:Recieved packet [00:00:00:00:02:02>01:23:20:00:00:01:LLDP]|<chasis ID:64:70:69:64:3a:32><port ID:32><ttl:120><pox.lib.packet.lldp.system_description object at 0x1035e2850><tlv end> on interface eth2
DEBUG:input_logger:logging event DataplanePermit:i27:('DataplanePermit', DPFingerprint{'class': 'lldp'}, 2, 2)
[1;36mRound 28 completed.[1;m
[1;36mRound 29 completed.[1;m
[1;36mRound 30 completed.[1;m
[1;36mRound 31 completed.[1;m
[1;36mRound 32 completed.[1;m
[1;36mRound 33 completed.[1;m
[1;36mRound 34 completed.[1;m
[1;36mRound 35 completed.[1;m
[1;36mRound 36 completed.[1;m
[1;36mRound 37 completed.[1;m
[1;36mRound 38 completed.[1;m
[1;36mRound 39 completed.[1;m
[1;36mRound 40 completed.[1;m
DEBUG:FuzzSoftwareSwitch(1):Packet out: header: 
  version: 1
  type:    13 (OFPT_PACKET_OUT)
  length:  65
  xid:     29
buffer_id: -1
in_port: 65535
actions_len: 1
actions: 
  type: 0
  len: 8
  port: 1
  max_len: 0

DEBUG:input_logger:logging event ControlMessageReceive:i28:('ControlMessageReceive', OFFingerprint{'actions': ('output(1)',), 'data': DPFingerprint{'class': 'lldp'}, 'class': 'ofp_packet_out', 'in_port': 65535}, 1, 'c1')
[1;36mForwarding dataplane event[1;m
DEBUG:FuzzSoftwareSwitch(2):Send PacketIn SoftSwitch(2) 
DEBUG:input_logger:logging event DataplanePermit:i29:('DataplanePermit', DPFingerprint{'class': 'lldp'}, 1, 1)
[1;36mRound 41 completed.[1;m
DEBUG:input_logger:logging event ControlMessageSend:i30:('ControlMessageSend', OFFingerprint{'data': DPFingerprint{'class': 'lldp'}, 'class': 'ofp_packet_in', 'in_port': 1}, 2, 'c1')
[1;36mRound 42 completed.[1;m
[1;41m[1;33m[c1] INFO:openflow.discovery:link detected: 00-00-00-00-00-01.1 -> 00-00-00-00-00-02.1[1;m

DEBUG:FuzzSoftwareSwitch(2):Packet out: header: 
  version: 1
  type:    13 (OFPT_PACKET_OUT)
  length:  16
  xid:     39
buffer_id: 1
in_port: 1
actions_len: 0
actions: 

DEBUG:input_logger:logging event ControlMessageReceive:i31:('ControlMessageReceive', OFFingerprint{'actions': (), 'data': (), 'class': 'ofp_packet_out', 'in_port': 1}, 2, 'c1')
DEBUG:FuzzSoftwareSwitch(1):Flow mod SoftSwitch(1): header: 
  version: 1
  type:    14 (OFPT_FLOW_MOD)
  length:  72
  xid:     37
match: 
  wildcards: nw_tos|tp_dst|dl_dst|dl_src|in_port|dl_vlan_pcp|nw_proto|dl_vlan|tp_src|dl_type|nw_src(/0)|nw_dst(/0) (1110000010000011111111 = 0x3820ff)
cookie: 0
command: 3
idle_timeout: 0
hard_timeout: 0
priority: 32768
buffer_id: -1
out_port: 65535
flags: 0
actions: 

DEBUG:input_logger:logging event ControlMessageReceive:i32:('ControlMessageReceive', OFFingerprint{'hard_timeout': 0, 'out_port': 65535, 'priority': 32768, 'idle_timeout': 0, 'command': 'delete', 'actions': (), 'flags': 0, 'class': 'ofp_flow_mod', 'match': 'x^L,in_port:None'}, 1, 'c1')
DEBUG:FuzzSoftwareSwitch(2):Flow mod SoftSwitch(2): header: 
  version: 1
  type:    14 (OFPT_FLOW_MOD)
  length:  72
  xid:     37
match: 
  wildcards: nw_tos|tp_dst|dl_dst|dl_src|in_port|dl_vlan_pcp|nw_proto|dl_vlan|tp_src|dl_type|nw_src(/0)|nw_dst(/0) (1110000010000011111111 = 0x3820ff)
cookie: 0
command: 3
idle_timeout: 0
hard_timeout: 0
priority: 32768
buffer_id: -1
out_port: 65535
flags: 0
actions: 

DEBUG:input_logger:logging event ControlMessageReceive:i33:('ControlMessageReceive', OFFingerprint{'hard_timeout': 0, 'out_port': 65535, 'priority': 32768, 'idle_timeout': 0, 'command': 'delete', 'actions': (), 'flags': 0, 'class': 'ofp_flow_mod', 'match': 'x^L,in_port:None'}, 2, 'c1')
[1;36mRound 43 completed.[1;m
[1;36mRound 44 completed.[1;m
[1;36mRound 45 completed.[1;m
[1;36mRound 46 completed.[1;m
[1;36mRound 47 completed.[1;m
[1;36mRound 48 completed.[1;m
[1;36mRound 49 completed.[1;m
[1;36mRound 50 completed.[1;m
INFO:host:[IPAddr('10.1.2.2')]:sending packet on interface eth1: [12:34:56:78:01:02>12:34:56:78:01:02:IP]|([v:4hl:5l:20t:64]ICMP cs:0[10.1.2.2>10.1.2.2]){t:ECHO_REQUEST c:0 chk:0}PingPingPingPingPingPingPingPingPingPingPingPing
DEBUG:input_logger:logging event TrafficInjection:e34:('TrafficInjection', Interface:HostInterface:eth1:12:34:56:78:01:02:[IPAddr('10.1.2.2')] Packet:[12:34:56:78:01:02>12:34:56:78:01:02:IP]|([v:4hl:5l:72t:64]ICMP cs:5199[10.1.2.2>10.1.2.2]){t:ECHO_REQUEST c:0 chk:637}PingPingPingPingPingPingPingPingPingPingPingPing, 1)
INFO:host:[IPAddr('10.2.2.2')]:sending packet on interface eth2: [12:34:56:78:02:02>12:34:56:78:02:02:IP]|([v:4hl:5l:20t:64]ICMP cs:0[10.2.2.2>10.2.2.2]){t:ECHO_REPLY c:0 chk:0}PingPingPingPingPingPingPingPingPingPingPingPing
DEBUG:input_logger:logging event TrafficInjection:e35:('TrafficInjection', Interface:HostInterface:eth2:12:34:56:78:02:02:[IPAddr('10.2.2.2')] Packet:[12:34:56:78:02:02>12:34:56:78:02:02:IP]|([v:4hl:5l:72t:64]ICMP cs:5196[10.2.2.2>10.2.2.2]){t:ECHO_REPLY c:0 chk:e37}PingPingPingPingPingPingPingPingPingPingPingPing, 2)
[1;36mForwarding dataplane event[1;m
DEBUG:FuzzSoftwareSwitch(1):Send PacketIn SoftSwitch(1) 
DEBUG:input_logger:logging event DataplanePermit:i36:('DataplanePermit', DPFingerprint{'dl_dst': '12:34:56:78:01:02', 'nw_src': '10.1.2.2', 'dl_src': '12:34:56:78:01:02', 'nw_dst': '10.1.2.2'}, 1, '12:34:56:78:01:02')
[1;36mForwarding dataplane event[1;m
DEBUG:FuzzSoftwareSwitch(2):Send PacketIn SoftSwitch(2) 
DEBUG:input_logger:logging event DataplanePermit:i37:('DataplanePermit', DPFingerprint{'dl_dst': '12:34:56:78:02:02', 'nw_src': '10.2.2.2', 'dl_src': '12:34:56:78:02:02', 'nw_dst': '10.2.2.2'}, 2, '12:34:56:78:02:02')
[1;36mRound 51 completed.[1;m
DEBUG:input_logger:logging event ControlMessageSend:i38:('ControlMessageSend', OFFingerprint{'data': DPFingerprint{'dl_dst': '12:34:56:78:01:02', 'nw_src': '10.1.2.2', 'dl_src': '12:34:56:78:01:02', 'nw_dst': '10.1.2.2'}, 'class': 'ofp_packet_in', 'in_port': 2}, 1, 'c1')
DEBUG:input_logger:logging event ControlMessageSend:i39:('ControlMessageSend', OFFingerprint{'data': DPFingerprint{'dl_dst': '12:34:56:78:02:02', 'nw_src': '10.2.2.2', 'dl_src': '12:34:56:78:02:02', 'nw_dst': '10.2.2.2'}, 'class': 'ofp_packet_in', 'in_port': 2}, 2, 'c1')
DEBUG:input_logger:logging event CheckInvariants:e40:('CheckInvariants',)
[1;42m[1;37mNo correctness violations![1;m
[1;36mRound 52 completed.[1;m
[1;41m[1;33m[c1] DEBUG:forwarding.l2_multi:Learned 12:34:56:78:02:02 at 00-00-00-00-00-02.2[1;m

[1;41m[1;33m[c1] DEBUG:forwarding.l2_multi:Installing path for 12:34:56:78:02:02 -> 12:34:56:78:02:02 0800 (1 hops)[1;m

[1;41m[1;33m[c1] DEBUG:forwarding.l2_multi:Learned 12:34:56:78:01:02 at 00-00-00-00-00-01.2[1;m

[1;41m[1;33m[c1] DEBUG:forwarding.l2_multi:Installing path for 12:34:56:78:01:02 -> 12:34:56:78:01:02 0800 (1 hops)[1;m

DEBUG:FuzzSoftwareSwitch(1):Flow mod SoftSwitch(1): header: 
  version: 1
  type:    14 (OFPT_FLOW_MOD)
  length:  80
  xid:     43
match: 
  wildcards: in_port (1 = 0x1)
  dl_src: 12:34:56:78:01:02
  dl_dst: 12:34:56:78:01:02
  dl_vlan: 65535
  dl_vlan_pcp: 0
  dl_type: 0x800
  nw_tos: 0
  nw_proto: 1
  nw_src: 10.1.2.2
  nw_dst: 10.1.2.2
  tp_src: 8
  tp_dst: 0
cookie: 0
command: 0
idle_timeout: 10
hard_timeout: 30
priority: 32768
buffer_id: 1
out_port: 65535
flags: 0
actions: 
  type: 0
  len: 8
  port: 2
  max_len: 0

WARNING:FuzzSoftwareSwitch(1):out_port 2 == in_port. Dropping
DEBUG:input_logger:logging event ControlMessageReceive:i41:('ControlMessageReceive', OFFingerprint{'hard_timeout': 30, 'out_port': 65535, 'priority': 32768, 'idle_timeout': 10, 'command': 'add', 'actions': ('output(2)',), 'flags': 0, 'class': 'ofp_flow_mod', 'match': 'dl_src:12:34:56:78:01:02,dl_dst:12:34:56:78:01:02,dl_vlan:65535,dl_vlan_pcp:0,dl_type:2048,nw_tos:0,nw_proto:1,nw_src:10.1.2.2/32,nw_dst:10.1.2.2/32,tp_src:8,tp_dst:0,in_port:None'}, 1, 'c1')
DEBUG:FuzzSoftwareSwitch(2):Flow mod SoftSwitch(2): header: 
  version: 1
  type:    14 (OFPT_FLOW_MOD)
  length:  80
  xid:     41
match: 
  wildcards: in_port (1 = 0x1)
  dl_src: 12:34:56:78:02:02
  dl_dst: 12:34:56:78:02:02
  dl_vlan: 65535
  dl_vlan_pcp: 0
  dl_type: 0x800
  nw_tos: 0
  nw_proto: 1
  nw_src: 10.2.2.2
  nw_dst: 10.2.2.2
  tp_src: 0
  tp_dst: 0
cookie: 0
command: 0
idle_timeout: 10
hard_timeout: 30
priority: 32768
buffer_id: 1
out_port: 65535
flags: 0
actions: 
  type: 0
  len: 8
  port: 2
  max_len: 0

WARNING:FuzzSoftwareSwitch(2):out_port 2 == in_port. Dropping
DEBUG:input_logger:logging event ControlMessageReceive:i42:('ControlMessageReceive', OFFingerprint{'hard_timeout': 30, 'out_port': 65535, 'priority': 32768, 'idle_timeout': 10, 'command': 'add', 'actions': ('output(2)',), 'flags': 0, 'class': 'ofp_flow_mod', 'match': 'dl_src:12:34:56:78:02:02,dl_dst:12:34:56:78:02:02,dl_vlan:65535,dl_vlan_pcp:0,dl_type:2048,nw_tos:0,nw_proto:1,nw_src:10.2.2.2/32,nw_dst:10.2.2.2/32,tp_src:0,tp_dst:0,in_port:None'}, 2, 'c1')
DEBUG:FuzzSoftwareSwitch(1):Packet out: header: 
  version: 1
  type:    13 (OFPT_PACKET_OUT)
  length:  65
  xid:     31
buffer_id: -1
in_port: 65535
actions_len: 1
actions: 
  type: 0
  len: 8
  port: 2
  max_len: 0

DEBUG:input_logger:logging event ControlMessageReceive:i43:('ControlMessageReceive', OFFingerprint{'actions': ('output(2)',), 'data': DPFingerprint{'class': 'lldp'}, 'class': 'ofp_packet_out', 'in_port': 65535}, 1, 'c1')
DEBUG:input_logger:logging event CheckInvariants:e44:('CheckInvariants',)
[1;42m[1;37mNo correctness violations![1;m
[1;36mRound 53 completed.[1;m
[1;36mForwarding dataplane event[1;m
INFO:host:[IPAddr('10.1.2.2')]:Recieved packet [00:00:00:00:01:02>01:23:20:00:00:01:LLDP]|<chasis ID:64:70:69:64:3a:31><port ID:32><ttl:120><pox.lib.packet.lldp.system_description object at 0x1035ea3d0><tlv end> on interface eth1
DEBUG:input_logger:logging event DataplanePermit:i45:('DataplanePermit', DPFingerprint{'class': 'lldp'}, 1, 2)
DEBUG:input_logger:logging event CheckInvariants:e46:('CheckInvariants',)
[1;42m[1;37mNo correctness violations![1;m
[1;36mRound 54 completed.[1;m
DEBUG:input_logger:logging event CheckInvariants:e47:('CheckInvariants',)
[1;42m[1;37mNo correctness violations![1;m
[1;36mRound 55 completed.[1;m
DEBUG:input_logger:logging event CheckInvariants:e48:('CheckInvariants',)
[1;42m[1;37mNo correctness violations![1;m
[1;36mRound 56 completed.[1;m
DEBUG:input_logger:logging event CheckInvariants:e49:('CheckInvariants',)
[1;42m[1;37mNo correctness violations![1;m
[1;36mRound 57 completed.[1;m
DEBUG:input_logger:logging event CheckInvariants:e50:('CheckInvariants',)
[1;42m[1;37mNo correctness violations![1;m
[1;36mRound 58 completed.[1;m
DEBUG:input_logger:logging event CheckInvariants:e51:('CheckInvariants',)
[1;42m[1;37mNo correctness violations![1;m
[1;36mRound 59 completed.[1;m
DEBUG:input_logger:logging event CheckInvariants:e52:('CheckInvariants',)
[1;42m[1;37mNo correctness violations![1;m
[1;36mRound 60 completed.[1;m
DEBUG:input_logger:logging event CheckInvariants:e53:('CheckInvariants',)
[1;42m[1;37mNo correctness violations![1;m
[1;36mRound 61 completed.[1;m
[1;36mInjecting a random packet[1;m
INFO:host:[IPAddr('10.1.2.2')]:sending packet on interface eth1: [12:34:56:78:01:02>12:34:56:78:02:02:IP]|([v:4hl:5l:20t:64]ICMP cs:0[10.1.2.2>10.2.2.2]){t:ECHO_REPLY c:0 chk:0}PingPingPingPingPingPingPingPingPingPingPingPing
DEBUG:input_logger:logging event TrafficInjection:e54:('TrafficInjection', Interface:HostInterface:eth1:12:34:56:78:01:02:[IPAddr('10.1.2.2')] Packet:[12:34:56:78:01:02>12:34:56:78:02:02:IP]|([v:4hl:5l:72t:64]ICMP cs:5194[10.1.2.2>10.2.2.2]){t:ECHO_REPLY c:0 chk:e37}PingPingPingPingPingPingPingPingPingPingPingPing, None)
DEBUG:input_logger:logging event CheckInvariants:e55:('CheckInvariants',)
[1;42m[1;37mNo correctness violations![1;m
[1;36mRound 62 completed.[1;m
[1;36mForwarding dataplane event[1;m
DEBUG:FuzzSoftwareSwitch(1):Send PacketIn SoftSwitch(1) 
DEBUG:input_logger:logging event DataplanePermit:i56:('DataplanePermit', DPFingerprint{'dl_dst': '12:34:56:78:02:02', 'nw_src': '10.1.2.2', 'dl_src': '12:34:56:78:01:02', 'nw_dst': '10.2.2.2'}, 1, '12:34:56:78:01:02')
DEBUG:input_logger:logging event ControlMessageSend:i57:('ControlMessageSend', OFFingerprint{'data': DPFingerprint{'dl_dst': '12:34:56:78:02:02', 'nw_src': '10.1.2.2', 'dl_src': '12:34:56:78:01:02', 'nw_dst': '10.2.2.2'}, 'class': 'ofp_packet_in', 'in_port': 2}, 1, 'c1')
DEBUG:input_logger:logging event CheckInvariants:e58:('CheckInvariants',)
[1;42m[1;37mNo correctness violations![1;m
[1;36mRound 63 completed.[1;m
[1;41m[1;33m[c1] DEBUG:forwarding.l2_multi:Installing path for 12:34:56:78:01:02 -> 12:34:56:78:02:02 0800 (2 hops)[1;m

DEBUG:FuzzSoftwareSwitch(2):Flow mod SoftSwitch(2): header: 
  version: 1
  type:    14 (OFPT_FLOW_MOD)
  length:  80
  xid:     45
match: 
  wildcards: in_port (1 = 0x1)
  dl_src: 12:34:56:78:01:02
  dl_dst: 12:34:56:78:02:02
  dl_vlan: 65535
  dl_vlan_pcp: 0
  dl_type: 0x800
  nw_tos: 0
  nw_proto: 1
  nw_src: 10.1.2.2
  nw_dst: 10.2.2.2
  tp_src: 0
  tp_dst: 0
cookie: 0
command: 0
idle_timeout: 10
hard_timeout: 30
priority: 32768
buffer_id: -1
out_port: 65535
flags: 0
actions: 
  type: 0
  len: 8
  port: 2
  max_len: 0

DEBUG:input_logger:logging event ControlMessageReceive:i59:('ControlMessageReceive', OFFingerprint{'hard_timeout': 30, 'out_port': 65535, 'priority': 32768, 'idle_timeout': 10, 'command': 'add', 'actions': ('output(2)',), 'flags': 0, 'class': 'ofp_flow_mod', 'match': 'dl_src:12:34:56:78:01:02,dl_dst:12:34:56:78:02:02,dl_vlan:65535,dl_vlan_pcp:0,dl_type:2048,nw_tos:0,nw_proto:1,nw_src:10.1.2.2/32,nw_dst:10.2.2.2/32,tp_src:0,tp_dst:0,in_port:None'}, 2, 'c1')
DEBUG:FuzzSoftwareSwitch(1):Flow mod SoftSwitch(1): header: 
  version: 1
  type:    14 (OFPT_FLOW_MOD)
  length:  80
  xid:     47
match: 
  wildcards: in_port (1 = 0x1)
  dl_src: 12:34:56:78:01:02
  dl_dst: 12:34:56:78:02:02
  dl_vlan: 65535
  dl_vlan_pcp: 0
  dl_type: 0x800
  nw_tos: 0
  nw_proto: 1
  nw_src: 10.1.2.2
  nw_dst: 10.2.2.2
  tp_src: 0
  tp_dst: 0
cookie: 0
command: 0
idle_timeout: 10
hard_timeout: 30
priority: 32768
buffer_id: 1
out_port: 65535
flags: 0
actions: 
  type: 0
  len: 8
  port: 1
  max_len: 0

DEBUG:input_logger:logging event ControlMessageReceive:i60:('ControlMessageReceive', OFFingerprint{'hard_timeout': 30, 'out_port': 65535, 'priority': 32768, 'idle_timeout': 10, 'command': 'add', 'actions': ('output(1)',), 'flags': 0, 'class': 'ofp_flow_mod', 'match': 'dl_src:12:34:56:78:01:02,dl_dst:12:34:56:78:02:02,dl_vlan:65535,dl_vlan_pcp:0,dl_type:2048,nw_tos:0,nw_proto:1,nw_src:10.1.2.2/32,nw_dst:10.2.2.2/32,tp_src:0,tp_dst:0,in_port:None'}, 1, 'c1')
DEBUG:input_logger:logging event CheckInvariants:e61:('CheckInvariants',)
[1;42m[1;37mNo correctness violations![1;m
[1;36mRound 64 completed.[1;m
[1;36mForwarding dataplane event[1;m
DEBUG:input_logger:logging event DataplanePermit:i62:('DataplanePermit', DPFingerprint{'dl_dst': '12:34:56:78:02:02', 'nw_src': '10.1.2.2', 'dl_src': '12:34:56:78:01:02', 'nw_dst': '10.2.2.2'}, 1, 1)
DEBUG:FuzzSoftwareSwitch(2):Packet out: header: 
  version: 1
  type:    13 (OFPT_PACKET_OUT)
  length:  65
  xid:     23
buffer_id: -1
in_port: 65535
actions_len: 1
actions: 
  type: 0
  len: 8
  port: 1
  max_len: 0

DEBUG:input_logger:logging event ControlMessageReceive:i63:('ControlMessageReceive', OFFingerprint{'actions': ('output(1)',), 'data': DPFingerprint{'class': 'lldp'}, 'class': 'ofp_packet_out', 'in_port': 65535}, 2, 'c1')
[1;36mInjecting a random packet[1;m
INFO:host:[IPAddr('10.1.2.2')]:sending packet on interface eth1: [12:34:56:78:01:02>ff:ff:ff:ff:ff:ff:ARP]|REQUEST hw:1 p:2048 12:34:56:78:01:02>ff:ff:ff:ff:ff:ff 10.1.2.2>10.2.2.2
DEBUG:input_logger:logging event TrafficInjection:e64:('TrafficInjection', Interface:HostInterface:eth1:12:34:56:78:01:02:[IPAddr('10.1.2.2')] Packet:[12:34:56:78:01:02>ff:ff:ff:ff:ff:ff:ARP]|REQUEST hw:1 p:2048 12:34:56:78:01:02>ff:ff:ff:ff:ff:ff 10.1.2.2>10.2.2.2, None)
DEBUG:input_logger:logging event CheckInvariants:e65:('CheckInvariants',)
[1;42m[1;37mNo correctness violations![1;m
[1;36mRound 65 completed.[1;m
[1;36mForwarding dataplane event[1;m
DEBUG:FuzzSoftwareSwitch(1):Send PacketIn SoftSwitch(1) 
DEBUG:input_logger:logging event DataplanePermit:i66:('DataplanePermit', DPFingerprint{'class': 'lldp'}, 2, 1)
[1;36mForwarding dataplane event[1;m
INFO:host:[IPAddr('10.2.2.2')]:Sending RST on interface eth2: in reponse to: [12:34:56:78:01:02>12:34:56:78:02:02:IP]|([v:4hl:5l:72t:64]ICMP cs:5194[10.1.2.2>10.2.2.2]){t:ECHO_REPLY c:0 chk:e37}PingPingPingPingPingPingPingPingPingPingPingPing
INFO:host:[IPAddr('10.2.2.2')]:sending packet on interface eth2: [12:34:56:78:02:02>12:34:56:78:01:02:IP]|([v:4hl:5l:20t:64]TCP cs:0[10.2.2.2>10.1.2.2]){0>0} seq:0 ack:0 f:0x0
INFO:host:[IPAddr('10.2.2.2')]:Recieved packet [12:34:56:78:01:02>12:34:56:78:02:02:IP]|([v:4hl:5l:72t:64]ICMP cs:5194[10.1.2.2>10.2.2.2]){t:ECHO_REPLY c:0 chk:e37}PingPingPingPingPingPingPingPingPingPingPingPing on interface eth2
DEBUG:input_logger:logging event DataplanePermit:i67:('DataplanePermit', DPFingerprint{'dl_dst': '12:34:56:78:02:02', 'nw_src': '10.1.2.2', 'dl_src': '12:34:56:78:01:02', 'nw_dst': '10.2.2.2'}, 2, 2)
[1;36mForwarding dataplane event[1;m
DEBUG:FuzzSoftwareSwitch(1):Send PacketIn SoftSwitch(1) 
DEBUG:input_logger:logging event DataplanePermit:i68:('DataplanePermit', DPFingerprint{'class': 'arp'}, 1, '12:34:56:78:01:02')
DEBUG:input_logger:logging event ControlMessageSend:i69:('ControlMessageSend', OFFingerprint{'data': DPFingerprint{'class': 'arp'}, 'class': 'ofp_packet_in', 'in_port': 2}, 1, 'c1')
DEBUG:input_logger:logging event ControlMessageSend:i70:('ControlMessageSend', OFFingerprint{'data': DPFingerprint{'class': 'lldp'}, 'class': 'ofp_packet_in', 'in_port': 1}, 1, 'c1')
DEBUG:input_logger:logging event CheckInvariants:e71:('CheckInvariants',)
[1;42m[1;37mNo correctness violations![1;m
[1;36mRound 66 completed.[1;m
[1;41m[1;33m[c1] DEBUG:forwarding.l2_multi:Flood multicast from 12:34:56:78:01:02[1;m

[1;36mForwarding dataplane event[1;m
DEBUG:FuzzSoftwareSwitch(2):Send PacketIn SoftSwitch(2) 
INFO:packet:(tcp parse) warning TCP data offset too long or too short 0
DEBUG:input_logger:logging event DataplanePermit:i72:('DataplanePermit', DPFingerprint{'dl_dst': '12:34:56:78:01:02', 'nw_src': '10.2.2.2', 'dl_src': '12:34:56:78:02:02', 'nw_dst': '10.1.2.2'}, 2, '12:34:56:78:02:02')
DEBUG:FuzzSoftwareSwitch(1):Packet out: header: 
  version: 1
  type:    13 (OFPT_PACKET_OUT)
  length:  16
  xid:     51
buffer_id: 1
in_port: 1
actions_len: 0
actions: 

DEBUG:input_logger:logging event ControlMessageReceive:i73:('ControlMessageReceive', OFFingerprint{'actions': (), 'data': (), 'class': 'ofp_packet_out', 'in_port': 1}, 1, 'c1')
DEBUG:FuzzSoftwareSwitch(1):Packet out: header: 
  version: 1
  type:    13 (OFPT_PACKET_OUT)
  length:  24
  xid:     49
buffer_id: 2
in_port: 2
actions_len: 1
actions: 
  type: 0
  len: 8
  port: 65531
  max_len: 0

DEBUG:input_logger:logging event ControlMessageReceive:i74:('ControlMessageReceive', OFFingerprint{'actions': ('output(65531)',), 'data': (), 'class': 'ofp_packet_out', 'in_port': 2}, 1, 'c1')
DEBUG:input_logger:logging event ControlMessageSend:i75:('ControlMessageSend', OFFingerprint{'data': DPFingerprint{'dl_dst': '12:34:56:78:01:02', 'nw_src': '10.2.2.2', 'dl_src': '12:34:56:78:02:02', 'nw_dst': '10.1.2.2'}, 'class': 'ofp_packet_in', 'in_port': 2}, 2, 'c1')
DEBUG:input_logger:logging event CheckInvariants:e76:('CheckInvariants',)
[1;42m[1;37mNo correctness violations![1;m
[1;36mRound 67 completed.[1;m
[1;41m[1;33m[c1] INFO:packet:(tcp parse) warning TCP data offset too long or too short 0[1;m

[1;41m[1;33m[c1] INFO:packet:(tcp parse) warning TCP data offset too long or too short 0[1;m

[1;41m[1;33m[c1] DEBUG:forwarding.l2_multi:Installing path for 12:34:56:78:02:02 -> 12:34:56:78:01:02 0800 (2 hops)[1;m

[1;41m[1;33m[c1] INFO:packet:(tcp parse) warning TCP data offset too long or too short 0[1;m

[1;36mForwarding dataplane event[1;m
DEBUG:FuzzSoftwareSwitch(2):Send PacketIn SoftSwitch(2) 
DEBUG:input_logger:logging event DataplanePermit:i77:('DataplanePermit', DPFingerprint{'class': 'arp'}, 1, 1)
DEBUG:FuzzSoftwareSwitch(1):Flow mod SoftSwitch(1): header: 
  version: 1
  type:    14 (OFPT_FLOW_MOD)
  length:  80
  xid:     53
match: 
  wildcards: tp_dst|in_port|tp_src (11000001 = 0xc1)
  dl_src: 12:34:56:78:02:02
  dl_dst: 12:34:56:78:01:02
  dl_vlan: 65535
  dl_vlan_pcp: 0
  dl_type: 0x800
  nw_tos: 0
  nw_proto: 6
  nw_src: 10.2.2.2
  nw_dst: 10.1.2.2
cookie: 0
command: 0
idle_timeout: 10
hard_timeout: 30
priority: 32768
buffer_id: -1
out_port: 65535
flags: 0
actions: 
  type: 0
  len: 8
  port: 2
  max_len: 0

DEBUG:input_logger:logging event ControlMessageReceive:i78:('ControlMessageReceive', OFFingerprint{'hard_timeout': 30, 'out_port': 65535, 'priority': 32768, 'idle_timeout': 10, 'command': 'add', 'actions': ('output(2)',), 'flags': 0, 'class': 'ofp_flow_mod', 'match': 'dl_src:12:34:56:78:02:02,dl_dst:12:34:56:78:01:02,dl_vlan:65535,dl_vlan_pcp:0,dl_type:2048,nw_tos:0,nw_proto:6,nw_src:10.2.2.2/32,nw_dst:10.1.2.2/32,in_port:None'}, 1, 'c1')
DEBUG:FuzzSoftwareSwitch(2):Flow mod SoftSwitch(2): header: 
  version: 1
  type:    14 (OFPT_FLOW_MOD)
  length:  80
  xid:     55
match: 
  wildcards: tp_dst|in_port|tp_src (11000001 = 0xc1)
  dl_src: 12:34:56:78:02:02
  dl_dst: 12:34:56:78:01:02
  dl_vlan: 65535
  dl_vlan_pcp: 0
  dl_type: 0x800
  nw_tos: 0
  nw_proto: 6
  nw_src: 10.2.2.2
  nw_dst: 10.1.2.2
cookie: 0
command: 0
idle_timeout: 10
hard_timeout: 30
priority: 32768
buffer_id: 1
out_port: 65535
flags: 0
actions: 
  type: 0
  len: 8
  port: 1
  max_len: 0

DEBUG:input_logger:logging event ControlMessageReceive:i79:('ControlMessageReceive', OFFingerprint{'hard_timeout': 30, 'out_port': 65535, 'priority': 32768, 'idle_timeout': 10, 'command': 'add', 'actions': ('output(1)',), 'flags': 0, 'class': 'ofp_flow_mod', 'match': 'dl_src:12:34:56:78:02:02,dl_dst:12:34:56:78:01:02,dl_vlan:65535,dl_vlan_pcp:0,dl_type:2048,nw_tos:0,nw_proto:6,nw_src:10.2.2.2/32,nw_dst:10.1.2.2/32,in_port:None'}, 2, 'c1')
DEBUG:input_logger:logging event ControlMessageSend:i80:('ControlMessageSend', OFFingerprint{'data': DPFingerprint{'class': 'arp'}, 'class': 'ofp_packet_in', 'in_port': 1}, 2, 'c1')
DEBUG:input_logger:logging event CheckInvariants:e81:('CheckInvariants',)
[1;42m[1;37mNo correctness violations![1;m
[1;36mRound 68 completed.[1;m
[1;41m[1;33m[c1] DEBUG:forwarding.l2_multi:Flood multicast from 12:34:56:78:01:02[1;m

[1;36mForwarding dataplane event[1;m
DEBUG:input_logger:logging event DataplanePermit:i82:('DataplanePermit', DPFingerprint{'dl_dst': '12:34:56:78:01:02', 'nw_src': '10.2.2.2', 'dl_src': '12:34:56:78:02:02', 'nw_dst': '10.1.2.2'}, 2, 1)
DEBUG:FuzzSoftwareSwitch(2):Packet out: header: 
  version: 1
  type:    13 (OFPT_PACKET_OUT)
  length:  24
  xid:     57
buffer_id: 2
in_port: 1
actions_len: 1
actions: 
  type: 0
  len: 8
  port: 65531
  max_len: 0

DEBUG:input_logger:logging event ControlMessageReceive:i83:('ControlMessageReceive', OFFingerprint{'actions': ('output(65531)',), 'data': (), 'class': 'ofp_packet_out', 'in_port': 1}, 2, 'c1')
DEBUG:input_logger:logging event CheckInvariants:e84:('CheckInvariants',)
[1;42m[1;37mNo correctness violations![1;m
[1;36mRound 69 completed.[1;m
[1;36mForwarding dataplane event[1;m
INFO:host:[IPAddr('10.1.2.2')]:Recieved packet [12:34:56:78:02:02>12:34:56:78:01:02:IP]|([v:4hl:5l:40t:64]TCP cs:51ad[10.2.2.2>10.1.2.2]){0>0} seq:0 ack:0 f:0x0 on interface eth1
DEBUG:input_logger:logging event DataplanePermit:i85:('DataplanePermit', DPFingerprint{'dl_dst': '12:34:56:78:01:02', 'nw_src': '10.2.2.2', 'dl_src': '12:34:56:78:02:02', 'nw_dst': '10.1.2.2'}, 1, 2)
[1;36mForwarding dataplane event[1;m
INFO:host:[IPAddr('10.2.2.2')]:received valid arp packet on interface eth2: [12:34:56:78:01:02>ff:ff:ff:ff:ff:ff:ARP]|REQUEST hw:1 p:2048 12:34:56:78:01:02>ff:ff:ff:ff:ff:ff 10.1.2.2>10.2.2.2
INFO:host:[IPAddr('10.2.2.2')]:sending packet on interface eth2: [12:34:56:78:02:02>12:34:56:78:01:02:ARP]|REPLY hw:1 p:2048 12:34:56:78:02:02>12:34:56:78:01:02 10.2.2.2>10.1.2.2
DEBUG:input_logger:logging event DataplanePermit:i86:('DataplanePermit', DPFingerprint{'class': 'arp'}, 2, 2)
[1;36mInjecting a random packet[1;m
INFO:host:[IPAddr('10.2.2.2')]:sending packet on interface eth2: [12:34:56:78:02:02>12:34:56:78:01:02:IP]|([v:4hl:5l:20t:64]ICMP cs:0[10.2.2.2>10.1.2.2]){t:ECHO_REPLY c:0 chk:0}PingPingPingPingPingPingPingPingPingPingPingPing
DEBUG:input_logger:logging event TrafficInjection:e87:('TrafficInjection', Interface:HostInterface:eth2:12:34:56:78:02:02:[IPAddr('10.2.2.2')] Packet:[12:34:56:78:02:02>12:34:56:78:01:02:IP]|([v:4hl:5l:72t:64]ICMP cs:5190[10.2.2.2>10.1.2.2]){t:ECHO_REPLY c:0 chk:e37}PingPingPingPingPingPingPingPingPingPingPingPing, None)
DEBUG:input_logger:logging event CheckInvariants:e88:('CheckInvariants',)
[1;42m[1;37mNo correctness violations![1;m
[1;36mRound 70 completed.[1;m
[1;36mForwarding dataplane event[1;m
DEBUG:FuzzSoftwareSwitch(2):Send PacketIn SoftSwitch(2) 
DEBUG:input_logger:logging event DataplanePermit:i89:('DataplanePermit', DPFingerprint{'class': 'arp'}, 2, '12:34:56:78:02:02')
[1;36mForwarding dataplane event[1;m
DEBUG:FuzzSoftwareSwitch(2):Send PacketIn SoftSwitch(2) 
DEBUG:input_logger:logging event DataplanePermit:i90:('DataplanePermit', DPFingerprint{'dl_dst': '12:34:56:78:01:02', 'nw_src': '10.2.2.2', 'dl_src': '12:34:56:78:02:02', 'nw_dst': '10.1.2.2'}, 2, '12:34:56:78:02:02')
DEBUG:input_logger:logging event ControlMessageSend:i91:('ControlMessageSend', OFFingerprint{'data': DPFingerprint{'class': 'arp'}, 'class': 'ofp_packet_in', 'in_port': 2}, 2, 'c1')
DEBUG:input_logger:logging event ControlMessageSend:i92:('ControlMessageSend', OFFingerprint{'data': DPFingerprint{'dl_dst': '12:34:56:78:01:02', 'nw_src': '10.2.2.2', 'dl_src': '12:34:56:78:02:02', 'nw_dst': '10.1.2.2'}, 'class': 'ofp_packet_in', 'in_port': 2}, 2, 'c1')
DEBUG:input_logger:logging event CheckInvariants:e93:('CheckInvariants',)
[1;42m[1;37mNo correctness violations![1;m
[1;36mRound 71 completed.[1;m
[1;41m[1;33m[c1] DEBUG:forwarding.l2_multi:Installing path for 12:34:56:78:02:02 -> 12:34:56:78:01:02 0806 (2 hops)[1;m

[1;41m[1;33m[c1] DEBUG:forwarding.l2_multi:Installing path for 12:34:56:78:02:02 -> 12:34:56:78:01:02 0800 (2 hops)[1;m

DEBUG:FuzzSoftwareSwitch(1):Flow mod SoftSwitch(1): header: 
  version: 1
  type:    14 (OFPT_FLOW_MOD)
  length:  80
  xid:     59
match: 
  wildcards: nw_tos|tp_dst|in_port|tp_src (1000000000000011000001 = 0x2000c1)
  dl_src: 12:34:56:78:02:02
  dl_dst: 12:34:56:78:01:02
  dl_vlan: 65535
  dl_vlan_pcp: 0
  dl_type: 0x806
  nw_proto: 2
  nw_src: 10.2.2.2
  nw_dst: 10.1.2.2
cookie: 0
command: 0
idle_timeout: 10
hard_timeout: 30
priority: 32768
buffer_id: -1
out_port: 65535
flags: 0
actions: 
  type: 0
  len: 8
  port: 2
  max_len: 0

DEBUG:input_logger:logging event ControlMessageReceive:i94:('ControlMessageReceive', OFFingerprint{'hard_timeout': 30, 'out_port': 65535, 'priority': 32768, 'idle_timeout': 10, 'command': 'add', 'actions': ('output(2)',), 'flags': 0, 'class': 'ofp_flow_mod', 'match': 'dl_src:12:34:56:78:02:02,dl_dst:12:34:56:78:01:02,dl_vlan:65535,dl_vlan_pcp:0,dl_type:2054,nw_proto:2,nw_src:10.2.2.2/32,nw_dst:10.1.2.2/32,in_port:None'}, 1, 'c1')
DEBUG:FuzzSoftwareSwitch(1):Flow mod SoftSwitch(1): header: 
  version: 1
  type:    14 (OFPT_FLOW_MOD)
  length:  80
  xid:     63
match: 
  wildcards: in_port (1 = 0x1)
  dl_src: 12:34:56:78:02:02
  dl_dst: 12:34:56:78:01:02
  dl_vlan: 65535
  dl_vlan_pcp: 0
  dl_type: 0x800
  nw_tos: 0
  nw_proto: 1
  nw_src: 10.2.2.2
  nw_dst: 10.1.2.2
  tp_src: 0
  tp_dst: 0
cookie: 0
command: 0
idle_timeout: 10
hard_timeout: 30
priority: 32768
buffer_id: -1
out_port: 65535
flags: 0
actions: 
  type: 0
  len: 8
  port: 2
  max_len: 0

DEBUG:input_logger:logging event ControlMessageReceive:i95:('ControlMessageReceive', OFFingerprint{'hard_timeout': 30, 'out_port': 65535, 'priority': 32768, 'idle_timeout': 10, 'command': 'add', 'actions': ('output(2)',), 'flags': 0, 'class': 'ofp_flow_mod', 'match': 'dl_src:12:34:56:78:02:02,dl_dst:12:34:56:78:01:02,dl_vlan:65535,dl_vlan_pcp:0,dl_type:2048,nw_tos:0,nw_proto:1,nw_src:10.2.2.2/32,nw_dst:10.1.2.2/32,tp_src:0,tp_dst:0,in_port:None'}, 1, 'c1')
DEBUG:FuzzSoftwareSwitch(2):Flow mod SoftSwitch(2): header: 
  version: 1
  type:    14 (OFPT_FLOW_MOD)
  length:  80
  xid:     61
match: 
  wildcards: nw_tos|tp_dst|in_port|tp_src (1000000000000011000001 = 0x2000c1)
  dl_src: 12:34:56:78:02:02
  dl_dst: 12:34:56:78:01:02
  dl_vlan: 65535
  dl_vlan_pcp: 0
  dl_type: 0x806
  nw_proto: 2
  nw_src: 10.2.2.2
  nw_dst: 10.1.2.2
cookie: 0
command: 0
idle_timeout: 10
hard_timeout: 30
priority: 32768
buffer_id: 1
out_port: 65535
flags: 0
actions: 
  type: 0
  len: 8
  port: 1
  max_len: 0

DEBUG:input_logger:logging event ControlMessageReceive:i96:('ControlMessageReceive', OFFingerprint{'hard_timeout': 30, 'out_port': 65535, 'priority': 32768, 'idle_timeout': 10, 'command': 'add', 'actions': ('output(1)',), 'flags': 0, 'class': 'ofp_flow_mod', 'match': 'dl_src:12:34:56:78:02:02,dl_dst:12:34:56:78:01:02,dl_vlan:65535,dl_vlan_pcp:0,dl_type:2054,nw_proto:2,nw_src:10.2.2.2/32,nw_dst:10.1.2.2/32,in_port:None'}, 2, 'c1')
DEBUG:FuzzSoftwareSwitch(2):Flow mod SoftSwitch(2): header: 
  version: 1
  type:    14 (OFPT_FLOW_MOD)
  length:  80
  xid:     65
match: 
  wildcards: in_port (1 = 0x1)
  dl_src: 12:34:56:78:02:02
  dl_dst: 12:34:56:78:01:02
  dl_vlan: 65535
  dl_vlan_pcp: 0
  dl_type: 0x800
  nw_tos: 0
  nw_proto: 1
  nw_src: 10.2.2.2
  nw_dst: 10.1.2.2
  tp_src: 0
  tp_dst: 0
cookie: 0
command: 0
idle_timeout: 10
hard_timeout: 30
priority: 32768
buffer_id: 2
out_port: 65535
flags: 0
actions: 
  type: 0
  len: 8
  port: 1
  max_len: 0

DEBUG:input_logger:logging event ControlMessageReceive:i97:('ControlMessageReceive', OFFingerprint{'hard_timeout': 30, 'out_port': 65535, 'priority': 32768, 'idle_timeout': 10, 'command': 'add', 'actions': ('output(1)',), 'flags': 0, 'class': 'ofp_flow_mod', 'match': 'dl_src:12:34:56:78:02:02,dl_dst:12:34:56:78:01:02,dl_vlan:65535,dl_vlan_pcp:0,dl_type:2048,nw_tos:0,nw_proto:1,nw_src:10.2.2.2/32,nw_dst:10.1.2.2/32,tp_src:0,tp_dst:0,in_port:None'}, 2, 'c1')
DEBUG:input_logger:logging event CheckInvariants:e98:('CheckInvariants',)
[1;42m[1;37mNo correctness violations![1;m
[1;36mRound 72 completed.[1;m
[1;36mForwarding dataplane event[1;m
DEBUG:input_logger:logging event DataplanePermit:i99:('DataplanePermit', DPFingerprint{'class': 'arp'}, 2, 1)
[1;36mForwarding dataplane event[1;m
DEBUG:input_logger:logging event DataplanePermit:i100:('DataplanePermit', DPFingerprint{'dl_dst': '12:34:56:78:01:02', 'nw_src': '10.2.2.2', 'dl_src': '12:34:56:78:02:02', 'nw_dst': '10.1.2.2'}, 2, 1)
DEBUG:input_logger:logging event CheckInvariants:e101:('CheckInvariants',)
[1;42m[1;37mNo correctness violations![1;m
[1;36mRound 73 completed.[1;m
[1;36mForwarding dataplane event[1;m
INFO:host:[IPAddr('10.1.2.2')]:received invalid arp packet on interface eth1: [12:34:56:78:02:02>12:34:56:78:01:02:ARP]|REPLY hw:1 p:2048 12:34:56:78:02:02>12:34:56:78:01:02 10.2.2.2>10.1.2.2
DEBUG:input_logger:logging event DataplanePermit:i102:('DataplanePermit', DPFingerprint{'class': 'arp'}, 1, 2)
[1;36mForwarding dataplane event[1;m
INFO:host:[IPAddr('10.1.2.2')]:Sending RST on interface eth1: in reponse to: [12:34:56:78:02:02>12:34:56:78:01:02:IP]|([v:4hl:5l:72t:64]ICMP cs:5190[10.2.2.2>10.1.2.2]){t:ECHO_REPLY c:0 chk:e37}PingPingPingPingPingPingPingPingPingPingPingPing
INFO:host:[IPAddr('10.1.2.2')]:sending packet on interface eth1: [12:34:56:78:01:02>12:34:56:78:02:02:IP]|([v:4hl:5l:20t:64]TCP cs:0[10.1.2.2>10.2.2.2]){0>0} seq:0 ack:0 f:0x0
INFO:host:[IPAddr('10.1.2.2')]:Recieved packet [12:34:56:78:02:02>12:34:56:78:01:02:IP]|([v:4hl:5l:72t:64]ICMP cs:5190[10.2.2.2>10.1.2.2]){t:ECHO_REPLY c:0 chk:e37}PingPingPingPingPingPingPingPingPingPingPingPing on interface eth1
DEBUG:input_logger:logging event DataplanePermit:i103:('DataplanePermit', DPFingerprint{'dl_dst': '12:34:56:78:01:02', 'nw_src': '10.2.2.2', 'dl_src': '12:34:56:78:02:02', 'nw_dst': '10.1.2.2'}, 1, 2)
DEBUG:input_logger:logging event CheckInvariants:e104:('CheckInvariants',)
[1;42m[1;37mNo correctness violations![1;m
[1;36mRound 74 completed.[1;m
[1;36mForwarding dataplane event[1;m
DEBUG:FuzzSoftwareSwitch(1):Send PacketIn SoftSwitch(1) 
INFO:packet:(tcp parse) warning TCP data offset too long or too short 0
DEBUG:input_logger:logging event DataplanePermit:i105:('DataplanePermit', DPFingerprint{'dl_dst': '12:34:56:78:02:02', 'nw_src': '10.1.2.2', 'dl_src': '12:34:56:78:01:02', 'nw_dst': '10.2.2.2'}, 1, '12:34:56:78:01:02')
DEBUG:input_logger:logging event ControlMessageSend:i106:('ControlMessageSend', OFFingerprint{'data': DPFingerprint{'dl_dst': '12:34:56:78:02:02', 'nw_src': '10.1.2.2', 'dl_src': '12:34:56:78:01:02', 'nw_dst': '10.2.2.2'}, 'class': 'ofp_packet_in', 'in_port': 2}, 1, 'c1')
DEBUG:input_logger:logging event CheckInvariants:e107:('CheckInvariants',)
[1;42m[1;37mNo correctness violations![1;m
[1;36mRound 75 completed.[1;m
[1;41m[1;33m[c1] INFO:packet:(tcp parse) warning TCP data offset too long or too short 0[1;m

[1;41m[1;33m[c1] INFO:packet:(tcp parse) warning TCP data offset too long or too short 0[1;m

[1;41m[1;33m[c1] DEBUG:forwarding.l2_multi:Installing path for 12:34:56:78:01:02 -> 12:34:56:78:02:02 0800 (2 hops)[1;m

[1;41m[1;33m[c1] INFO:packet:(tcp parse) warning TCP data offset too long or too short 0[1;m

DEBUG:FuzzSoftwareSwitch(2):Flow mod SoftSwitch(2): header: 
  version: 1
  type:    14 (OFPT_FLOW_MOD)
  length:  80
  xid:     67
match: 
  wildcards: tp_dst|in_port|tp_src (11000001 = 0xc1)
  dl_src: 12:34:56:78:01:02
  dl_dst: 12:34:56:78:02:02
  dl_vlan: 65535
  dl_vlan_pcp: 0
  dl_type: 0x800
  nw_tos: 0
  nw_proto: 6
  nw_src: 10.1.2.2
  nw_dst: 10.2.2.2
cookie: 0
command: 0
idle_timeout: 10
hard_timeout: 30
priority: 32768
buffer_id: -1
out_port: 65535
flags: 0
actions: 
  type: 0
  len: 8
  port: 2
  max_len: 0

DEBUG:input_logger:logging event ControlMessageReceive:i108:('ControlMessageReceive', OFFingerprint{'hard_timeout': 30, 'out_port': 65535, 'priority': 32768, 'idle_timeout': 10, 'command': 'add', 'actions': ('output(2)',), 'flags': 0, 'class': 'ofp_flow_mod', 'match': 'dl_src:12:34:56:78:01:02,dl_dst:12:34:56:78:02:02,dl_vlan:65535,dl_vlan_pcp:0,dl_type:2048,nw_tos:0,nw_proto:6,nw_src:10.1.2.2/32,nw_dst:10.2.2.2/32,in_port:None'}, 2, 'c1')
DEBUG:FuzzSoftwareSwitch(1):Flow mod SoftSwitch(1): header: 
  version: 1
  type:    14 (OFPT_FLOW_MOD)
  length:  72
  xid:     71
match: 
  wildcards: nw_tos|tp_dst|dl_dst|dl_src|in_port|dl_vlan_pcp|nw_proto|dl_vlan|tp_src|dl_type|nw_src(/0)|nw_dst(/0) (1110000010000011111111 = 0x3820ff)
cookie: 0
command: 0
idle_timeout: 0
hard_timeout: 0
priority: 123
buffer_id: 1
out_port: 65535
flags: 0
actions: 

DEBUG:input_logger:logging event ControlMessageReceive:i109:('ControlMessageReceive', OFFingerprint{'hard_timeout': 0, 'out_port': 65535, 'priority': 123, 'idle_timeout': 0, 'command': 'add', 'actions': (), 'flags': 0, 'class': 'ofp_flow_mod', 'match': 'x^L,in_port:None'}, 1, 'c1')
DEBUG:FuzzSoftwareSwitch(1):Flow mod SoftSwitch(1): header: 
  version: 1
  type:    14 (OFPT_FLOW_MOD)
  length:  80
  xid:     69
match: 
  wildcards: tp_dst|in_port|tp_src (11000001 = 0xc1)
  dl_src: 12:34:56:78:01:02
  dl_dst: 12:34:56:78:02:02
  dl_vlan: 65535
  dl_vlan_pcp: 0
  dl_type: 0x800
  nw_tos: 0
  nw_proto: 6
  nw_src: 10.1.2.2
  nw_dst: 10.2.2.2
cookie: 0
command: 0
idle_timeout: 10
hard_timeout: 30
priority: 32768
buffer_id: 1
out_port: 65535
flags: 0
actions: 
  type: 0
  len: 8
  port: 1
  max_len: 0

WARNING:FuzzSoftwareSwitch(1):Buffer 0 has already been flushed
DEBUG:input_logger:logging event ControlMessageReceive:i110:('ControlMessageReceive', OFFingerprint{'hard_timeout': 30, 'out_port': 65535, 'priority': 32768, 'idle_timeout': 10, 'command': 'add', 'actions': ('output(1)',), 'flags': 0, 'class': 'ofp_flow_mod', 'match': 'dl_src:12:34:56:78:01:02,dl_dst:12:34:56:78:02:02,dl_vlan:65535,dl_vlan_pcp:0,dl_type:2048,nw_tos:0,nw_proto:6,nw_src:10.1.2.2/32,nw_dst:10.2.2.2/32,in_port:None'}, 1, 'c1')
[1;36mInjecting a random packet[1;m
INFO:host:[IPAddr('10.1.2.2')]:sending packet on interface eth1: [12:34:56:78:01:02>ff:ff:ff:ff:ff:ff:ARP]|REQUEST hw:1 p:2048 12:34:56:78:01:02>ff:ff:ff:ff:ff:ff 10.1.2.2>10.2.2.2
DEBUG:input_logger:logging event TrafficInjection:e111:('TrafficInjection', Interface:HostInterface:eth1:12:34:56:78:01:02:[IPAddr('10.1.2.2')] Packet:[12:34:56:78:01:02>ff:ff:ff:ff:ff:ff:ARP]|REQUEST hw:1 p:2048 12:34:56:78:01:02>ff:ff:ff:ff:ff:ff 10.1.2.2>10.2.2.2, None)
DEBUG:input_logger:logging event CheckInvariants:e112:('CheckInvariants',)
[1;41m[1;37mThe following correctness violations have occurred: ['123Found'][1;m
[1;41m[1;37mPersistent violations detected!: ['123Found'][1;m
DEBUG:input_logger:logging event InvariantViolation:e113:('InvariantViolation',)
INFO:control_flow:Terminating fuzzing after 76 rounds
INFO:control_flow:Pending Messages:
DEBUG:input_logger:logging event WaitTime:e114:('WaitTime',)
[1;36mKilling controller c1 (pid 14617)[1;m
Terminating child controllers... OK
