Sleeping 0 seconds after run
Violation reproduced successfully! Proceeding with pruning
Subsets:
l/0: e24 e25 e29 e34 e36 e42 e43 e44 e48 e53 e55 e56 e57 e61 e67 e72 e73 e74 e75 e81 e82 e88 e89 e90 e95 e101 e102 e103 e104 e105 e110 e115 e116 e117
r/0: e118 e122 e126 e128 e129 e130 e131 e135 e139 e141 e145 e149 e150 e153 e159 e160 e172 e173 e178 e180 e181 e182 e183 e184 e189 e190 e191 e192 e193 e198 e200 e201 e202 e204
Current subset: l/0: e24 e25 e29 e34 e36 e42 e43 e44 e48 e53 e55 e56 e57 e61 e67 e72 e73 e74 e75 e81 e82 e88 e89 e90 e95 e101 e102 e103 e104 e105 e110 e115 e116 e117
Sleeping 0 seconds after run
No violation in 0'th...
Current subset: r/0: e118 e122 e126 e128 e129 e130 e131 e135 e139 e141 e145 e149 e150 e153 e159 e160 e172 e173 e178 e180 e181 e182 e183 e184 e189 e190 e191 e192 e193 e198 e200 e201 e202 e204
Sleeping 0 seconds after run
No violation in 1'th...
Interference
Recursing on left half
Subsets:
il/0.l/1: e24 e25 e29 e34 e36 e42 e43 e44 e48 e53 e55 e56 e57 e61 e67 e72 e73
il/0.r/1: e74 e75 e81 e82 e88 e89 e90 e95 e101 e102 e103 e104 e105 e110 e115 e116 e117
Current subset: il/0.l/1: e24 e25 e29 e34 e36 e42 e43 e44 e48 e53 e55 e56 e57 e61 e67 e72 e73
Sleeping 0 seconds after run
No violation in 0'th...
Current subset: il/0.r/1: e74 e75 e81 e82 e88 e89 e90 e95 e101 e102 e103 e104 e105 e110 e115 e116 e117
Sleeping 0 seconds after run
No violation in 1'th...
Interference
Recursing on left half
Subsets:
il/0.il/1.l/2: e24 e25 e29 e34 e36 e42 e43 e44 e48
il/0.il/1.r/2: e53 e55 e56 e57 e61 e67 e72 e73
Current subset: il/0.il/1.l/2: e24 e25 e29 e34 e36 e42 e43 e44 e48
Sleeping 0 seconds after run
No violation in 0'th...
Current subset: il/0.il/1.r/2: e53 e55 e56 e57 e61 e67 e72 e73
Sleeping 0 seconds after run
No violation in 1'th...
Interference
Recursing on left half
Subsets:
il/0.il/1.il/2.l/3: e24 e25 e29 e34 e36
il/0.il/1.il/2.r/3: e42 e43 e44 e48
Current subset: il/0.il/1.il/2.l/3: e24 e25 e29 e34 e36
Sleeping 0 seconds after run
No violation in 0'th...
Current subset: il/0.il/1.il/2.r/3: e42 e43 e44 e48
Sleeping 0 seconds after run
No violation in 1'th...
Interference
Recursing on left half
Subsets:
il/0.il/1.il/2.il/3.l/4: e24 e25 e29
il/0.il/1.il/2.il/3.r/4: e34 e36
Current subset: il/0.il/1.il/2.il/3.l/4: e24 e25 e29
Sleeping 0 seconds after run
No violation in 0'th...
Current subset: il/0.il/1.il/2.il/3.r/4: e34 e36
Sleeping 0 seconds after run
No violation in 1'th...
Interference
Recursing on left half
Subsets:
il/0.il/1.il/2.il/3.il/4.l/5: e24 e25
il/0.il/1.il/2.il/3.il/4.r/5: e29
Current subset: il/0.il/1.il/2.il/3.il/4.l/5: e24 e25
Sleeping 0 seconds after run
No violation in 0'th...
Current subset: il/0.il/1.il/2.il/3.il/4.r/5: e29
Sleeping 0 seconds after run
No violation in 1'th...
Interference
Recursing on left half
Subsets:
il/0.il/1.il/2.il/3.il/4.il/5.l/6: e24
il/0.il/1.il/2.il/3.il/4.il/5.r/6: e25
Current subset: il/0.il/1.il/2.il/3.il/4.il/5.l/6: e24
Sleeping 0 seconds after run
Violation! Considering 0'th
Violation found in 0th half. Recursing
Base case [TrafficInjection:e24]
Recursing on right half
Base case [DataplanePermit:e29:(u'DataplanePermit', DPFingerprint{u'class': u'arp'}, 2, 1)]
Recursing on right half
Subsets:
il/0.il/1.il/2.il/3.ir/4.l/5: e34
il/0.il/1.il/2.il/3.ir/4.r/5: e36
Current subset: il/0.il/1.il/2.il/3.ir/4.l/5: e34
Sleeping 0 seconds after run
No violation in 0'th...
Current subset: il/0.il/1.il/2.il/3.ir/4.r/5: e36
Sleeping 0 seconds after run
Violation! Considering 1'th
Violation found in 1th half. Recursing
Base case [DataplanePermit:e36:(u'DataplanePermit', DPFingerprint{u'class': u'lldp'}, 1, 1)]
Recursing on right half
Subsets:
il/0.il/1.il/2.ir/3.l/4: e42 e43
il/0.il/1.il/2.ir/3.r/4: e44 e48
Current subset: il/0.il/1.il/2.ir/3.l/4: e42 e43
Sleeping 0 seconds after run
No violation in 0'th...
Current subset: il/0.il/1.il/2.ir/3.r/4: e44 e48
Sleeping 0 seconds after run
No violation in 1'th...
Interference
Recursing on left half
Subsets:
il/0.il/1.il/2.ir/3.il/4.l/5: e42
il/0.il/1.il/2.ir/3.il/4.r/5: e43
Current subset: il/0.il/1.il/2.ir/3.il/4.l/5: e42
Sleeping 0 seconds after run
No violation in 0'th...
Current subset: il/0.il/1.il/2.ir/3.il/4.r/5: e43
Sleeping 0 seconds after run
Violation! Considering 1'th
Violation found in 1th half. Recursing
Base case [TrafficInjection:e43]
Recursing on right half
Subsets:
il/0.il/1.il/2.ir/3.ir/4.l/5: e44
il/0.il/1.il/2.ir/3.ir/4.r/5: e48
Current subset: il/0.il/1.il/2.ir/3.ir/4.l/5: e44
Sleeping 0 seconds after run
No violation in 0'th...
Current subset: il/0.il/1.il/2.ir/3.ir/4.r/5: e48
Sleeping 0 seconds after run
No violation in 1'th...
Interference
Recursing on left half
Base case [DataplanePermit:e44:(u'DataplanePermit', DPFingerprint{u'class': u'arp'}, u"host:[IPAddr('123.123.1.2')]", u'12:34:56:78:01:02')]
Recursing on right half
Base case [DataplanePermit:e48:(u'DataplanePermit', DPFingerprint{u'class': u'arp'}, 1, 1)]
Recursing on right half
Subsets:
il/0.il/1.ir/2.l/3: e53 e55 e56 e57
il/0.il/1.ir/2.r/3: e61 e67 e72 e73
Current subset: il/0.il/1.ir/2.l/3: e53 e55 e56 e57
Sleeping 0 seconds after run
No violation in 0'th...
Current subset: il/0.il/1.ir/2.r/3: e61 e67 e72 e73
Sleeping 0 seconds after run
No violation in 1'th...
Interference
Recursing on left half
Subsets:
il/0.il/1.ir/2.il/3.l/4: e53 e55
il/0.il/1.ir/2.il/3.r/4: e56 e57
Current subset: il/0.il/1.ir/2.il/3.l/4: e53 e55
Sleeping 0 seconds after run
No violation in 0'th...
Current subset: il/0.il/1.ir/2.il/3.r/4: e56 e57
Sleeping 0 seconds after run
Violation! Considering 1'th
Violation found in 1th half. Recursing
Subsets:
il/0.il/1.ir/2.il/3.r/4.l/5: e56
il/0.il/1.ir/2.il/3.r/4.r/5: e57
Current subset: il/0.il/1.ir/2.il/3.r/4.l/5: e56
Sleeping 0 seconds after run
No violation in 0'th...
Current subset: il/0.il/1.ir/2.il/3.r/4.r/5: e57
Sleeping 0 seconds after run
No violation in 1'th...
Interference
Recursing on left half
Base case [TrafficInjection:e56]
Recursing on right half
Base case [DataplanePermit:e57:(u'DataplanePermit', DPFingerprint{u'dl_dst': u'12:34:56:78:01:02', u'nw_src': u'123.123.2.2', u'dl_src': u'12:34:56:78:02:02', u'nw_dst': u'123.123.1.2'}, u"host:[IPAddr('123.123.2.2')]", u'12:34:56:78:02:02')]
Recursing on right half
Subsets:
il/0.il/1.ir/2.ir/3.l/4: e61 e67
il/0.il/1.ir/2.ir/3.r/4: e72 e73
Current subset: il/0.il/1.ir/2.ir/3.l/4: e61 e67
Sleeping 0 seconds after run
Violation! Considering 0'th
Violation found in 0th half. Recursing
Subsets:
il/0.il/1.ir/2.ir/3.l/4.l/5: e61
il/0.il/1.ir/2.ir/3.l/4.r/5: e67
Current subset: il/0.il/1.ir/2.ir/3.l/4.l/5: e61
Sleeping 0 seconds after run
Violation! Considering 0'th
Violation found in 0th half. Recursing
Base case [DataplanePermit:e61:(u'DataplanePermit', DPFingerprint{u'dl_dst': u'12:34:56:78:01:02', u'nw_src': u'123.123.2.2', u'dl_src': u'12:34:56:78:02:02', u'nw_dst': u'123.123.1.2'}, 2, 1)]
Recursing on right half
Subsets:
il/0.ir/1.l/2: e74 e75 e81 e82 e88 e89 e90 e95 e101
il/0.ir/1.r/2: e102 e103 e104 e105 e110 e115 e116 e117
Current subset: il/0.ir/1.l/2: e74 e75 e81 e82 e88 e89 e90 e95 e101
Sleeping 0 seconds after run
No violation in 0'th...
Current subset: il/0.ir/1.r/2: e102 e103 e104 e105 e110 e115 e116 e117
Sleeping 0 seconds after run
No violation in 1'th...
Interference
Recursing on left half
Subsets:
il/0.ir/1.il/2.l/3: e74 e75 e81 e82 e88
il/0.ir/1.il/2.r/3: e89 e90 e95 e101
Current subset: il/0.ir/1.il/2.l/3: e74 e75 e81 e82 e88
Sleeping 0 seconds after run
No violation in 0'th...
Current subset: il/0.ir/1.il/2.r/3: e89 e90 e95 e101
Sleeping 0 seconds after run
No violation in 1'th...
Interference
Recursing on left half
Subsets:
il/0.ir/1.il/2.il/3.l/4: e74 e75 e81
il/0.ir/1.il/2.il/3.r/4: e82 e88
Current subset: il/0.ir/1.il/2.il/3.l/4: e74 e75 e81
Sleeping 0 seconds after run
Violation! Considering 0'th
Violation found in 0th half. Recursing
Subsets:
il/0.ir/1.il/2.il/3.l/4.l/5: e74 e75
il/0.ir/1.il/2.il/3.l/4.r/5: e81
Current subset: il/0.ir/1.il/2.il/3.l/4.l/5: e74 e75
Sleeping 0 seconds after run
Violation! Considering 0'th
Violation found in 0th half. Recursing
Subsets:
il/0.ir/1.il/2.il/3.l/4.l/5.l/6: e74
il/0.ir/1.il/2.il/3.l/4.l/5.r/6: e75
Current subset: il/0.ir/1.il/2.il/3.l/4.l/5.l/6: e74
Sleeping 0 seconds after run
No violation in 0'th...
Current subset: il/0.ir/1.il/2.il/3.l/4.l/5.r/6: e75
Sleeping 0 seconds after run
No violation in 1'th...
Interference
Recursing on left half
Base case [TrafficInjection:e74]
Recursing on right half
Base case [DataplanePermit:e75:(u'DataplanePermit', DPFingerprint{u'dl_dst': u'12:34:56:78:02:02', u'nw_src': u'123.123.1.2', u'dl_src': u'12:34:56:78:01:02', u'nw_dst': u'123.123.2.2'}, u"host:[IPAddr('123.123.1.2')]", u'12:34:56:78:01:02')]
Recursing on right half
Subsets:
il/0.ir/1.il/2.ir/3.l/4: e89 e90
il/0.ir/1.il/2.ir/3.r/4: e95 e101
Current subset: il/0.ir/1.il/2.ir/3.l/4: e89 e90
Sleeping 0 seconds after run
No violation in 0'th...
Current subset: il/0.ir/1.il/2.ir/3.r/4: e95 e101
Sleeping 0 seconds after run
No violation in 1'th...
Interference
Recursing on left half
Subsets:
il/0.ir/1.il/2.ir/3.il/4.l/5: e89
il/0.ir/1.il/2.ir/3.il/4.r/5: e90
Current subset: il/0.ir/1.il/2.ir/3.il/4.l/5: e89
Sleeping 0 seconds after run
Violation! Considering 0'th
Violation found in 0th half. Recursing
Base case [TrafficInjection:e89]
Recursing on right half
Subsets:
il/0.ir/1.il/2.ir/3.ir/4.l/5: e95
il/0.ir/1.il/2.ir/3.ir/4.r/5: e101
Current subset: il/0.ir/1.il/2.ir/3.ir/4.l/5: e95
Sleeping 0 seconds after run
Violation! Considering 0'th
Violation found in 0th half. Recursing
Base case [DataplanePermit:e95:(u'DataplanePermit', DPFingerprint{u'class': u'arp'}, 2, 1)]
Recursing on right half
Subsets:
il/0.ir/1.ir/2.l/3: e102 e103 e104 e105
il/0.ir/1.ir/2.r/3: e110 e115 e116 e117
Current subset: il/0.ir/1.ir/2.l/3: e102 e103 e104 e105
Sleeping 0 seconds after run
No violation in 0'th...
Current subset: il/0.ir/1.ir/2.r/3: e110 e115 e116 e117
Sleeping 0 seconds after run
No violation in 1'th...
Interference
Recursing on left half
Subsets:
il/0.ir/1.ir/2.il/3.l/4: e102 e103
il/0.ir/1.ir/2.il/3.r/4: e104 e105
Current subset: il/0.ir/1.ir/2.il/3.l/4: e102 e103
Sleeping 0 seconds after run
No violation in 0'th...
Current subset: il/0.ir/1.ir/2.il/3.r/4: e104 e105
Sleeping 0 seconds after run
Violation! Considering 1'th
Violation found in 1th half. Recursing
Subsets:
il/0.ir/1.ir/2.il/3.r/4.l/5: e104
il/0.ir/1.ir/2.il/3.r/4.r/5: e105
Current subset: il/0.ir/1.ir/2.il/3.r/4.l/5: e104
Sleeping 0 seconds after run
No violation in 0'th...
Current subset: il/0.ir/1.ir/2.il/3.r/4.r/5: e105
Sleeping 0 seconds after run
No violation in 1'th...
Interference
Recursing on left half
Base case [TrafficInjection:e104]
Recursing on right half
Base case [DataplanePermit:e105:(u'DataplanePermit', DPFingerprint{u'class': u'arp'}, u"host:[IPAddr('123.123.1.2')]", u'12:34:56:78:01:02')]
Recursing on right half
Subsets:
il/0.ir/1.ir/2.ir/3.l/4: e110 e115
il/0.ir/1.ir/2.ir/3.r/4: e116 e117
Current subset: il/0.ir/1.ir/2.ir/3.l/4: e110 e115
Sleeping 0 seconds after run
No violation in 0'th...
Current subset: il/0.ir/1.ir/2.ir/3.r/4: e116 e117
Sleeping 0 seconds after run
Violation! Considering 1'th
Violation found in 1th half. Recursing
Subsets:
il/0.ir/1.ir/2.ir/3.r/4.l/5: e116
il/0.ir/1.ir/2.ir/3.r/4.r/5: e117
Current subset: il/0.ir/1.ir/2.ir/3.r/4.l/5: e116
Sleeping 0 seconds after run
Violation! Considering 0'th
Violation found in 0th half. Recursing
Base case [TrafficInjection:e116]
Recursing on right half
Subsets:
ir/0.l/1: e118 e122 e126 e128 e129 e130 e131 e135 e139 e141 e145 e149 e150 e153 e159 e160 e172
ir/0.r/1: e173 e178 e180 e181 e182 e183 e184 e189 e190 e191 e192 e193 e198 e200 e201 e202 e204
Current subset: ir/0.l/1: e118 e122 e126 e128 e129 e130 e131 e135 e139 e141 e145 e149 e150 e153 e159 e160 e172
Sleeping 0 seconds after run
No violation in 0'th...
Current subset: ir/0.r/1: e173 e178 e180 e181 e182 e183 e184 e189 e190 e191 e192 e193 e198 e200 e201 e202 e204
Sleeping 0 seconds after run
No violation in 1'th...
Interference
Recursing on left half
Subsets:
ir/0.il/1.l/2: e118 e122 e126 e128 e129 e130 e131 e135 e139
ir/0.il/1.r/2: e141 e145 e149 e150 e153 e159 e160 e172
Current subset: ir/0.il/1.l/2: e118 e122 e126 e128 e129 e130 e131 e135 e139
Sleeping 0 seconds after run
No violation in 0'th...
Current subset: ir/0.il/1.r/2: e141 e145 e149 e150 e153 e159 e160 e172
Sleeping 0 seconds after run
No violation in 1'th...
Interference
Recursing on left half
Subsets:
ir/0.il/1.il/2.l/3: e118 e122 e126 e128 e129
ir/0.il/1.il/2.r/3: e130 e131 e135 e139
Current subset: ir/0.il/1.il/2.l/3: e118 e122 e126 e128 e129
Sleeping 0 seconds after run
Violation! Considering 0'th
Violation found in 0th half. Recursing
Subsets:
ir/0.il/1.il/2.l/3.l/4: e118 e122 e126
ir/0.il/1.il/2.l/3.r/4: e128 e129
Current subset: ir/0.il/1.il/2.l/3.l/4: e118 e122 e126
Sleeping 0 seconds after run
No violation in 0'th...
Current subset: ir/0.il/1.il/2.l/3.r/4: e128 e129
Sleeping 0 seconds after run
Violation! Considering 1'th
Violation found in 1th half. Recursing
Subsets:
ir/0.il/1.il/2.l/3.r/4.l/5: e128
ir/0.il/1.il/2.l/3.r/4.r/5: e129
Current subset: ir/0.il/1.il/2.l/3.r/4.l/5: e128
Sleeping 0 seconds after run
No violation in 0'th...
Current subset: ir/0.il/1.il/2.l/3.r/4.r/5: e129
Sleeping 0 seconds after run
Violation! Considering 1'th
Violation found in 1th half. Recursing
Base case [TrafficInjection:e129]
Recursing on right half
Subsets:
ir/0.il/1.ir/2.l/3: e141 e145 e149 e150
ir/0.il/1.ir/2.r/3: e153 e159 e160 e172
Current subset: ir/0.il/1.ir/2.l/3: e141 e145 e149 e150
Sleeping 0 seconds after run
No violation in 0'th...
Current subset: ir/0.il/1.ir/2.r/3: e153 e159 e160 e172
Sleeping 0 seconds after run
No violation in 1'th...
Interference
Recursing on left half
Subsets:
ir/0.il/1.ir/2.il/3.l/4: e141 e145
ir/0.il/1.ir/2.il/3.r/4: e149 e150
Current subset: ir/0.il/1.ir/2.il/3.l/4: e141 e145
Sleeping 0 seconds after run
No violation in 0'th...
Current subset: ir/0.il/1.ir/2.il/3.r/4: e149 e150
Sleeping 0 seconds after run
Violation! Considering 1'th
Violation found in 1th half. Recursing
Subsets:
ir/0.il/1.ir/2.il/3.r/4.l/5: e149
ir/0.il/1.ir/2.il/3.r/4.r/5: e150
Current subset: ir/0.il/1.ir/2.il/3.r/4.l/5: e149
Sleeping 0 seconds after run
No violation in 0'th...
Current subset: ir/0.il/1.ir/2.il/3.r/4.r/5: e150
Sleeping 0 seconds after run
Violation! Considering 1'th
Violation found in 1th half. Recursing
Base case [TrafficInjection:e150]
Recursing on right half
Subsets:
ir/0.il/1.ir/2.ir/3.l/4: e153 e159
ir/0.il/1.ir/2.ir/3.r/4: e160 e172
Current subset: ir/0.il/1.ir/2.ir/3.l/4: e153 e159
Sleeping 0 seconds after run
Violation! Considering 0'th
Violation found in 0th half. Recursing
Subsets:
ir/0.il/1.ir/2.ir/3.l/4.l/5: e153
ir/0.il/1.ir/2.ir/3.l/4.r/5: e159
Current subset: ir/0.il/1.ir/2.ir/3.l/4.l/5: e153
Sleeping 0 seconds after run
No violation in 0'th...
Current subset: ir/0.il/1.ir/2.ir/3.l/4.r/5: e159
Sleeping 0 seconds after run
Violation! Considering 1'th
Violation found in 1th half. Recursing
Base case [DataplanePermit:e159:(u'DataplanePermit', DPFingerprint{u'class': u'lldp'}, 2, 1)]
Recursing on right half
Subsets:
ir/0.ir/1.l/2: e173 e178 e180 e181 e182 e183 e184 e189 e190
ir/0.ir/1.r/2: e191 e192 e193 e198 e200 e201 e202 e204
Current subset: ir/0.ir/1.l/2: e173 e178 e180 e181 e182 e183 e184 e189 e190
Sleeping 0 seconds after run
No violation in 0'th...
Current subset: ir/0.ir/1.r/2: e191 e192 e193 e198 e200 e201 e202 e204
Sleeping 0 seconds after run
No violation in 1'th...
Interference
Recursing on left half
Subsets:
ir/0.ir/1.il/2.l/3: e173 e178 e180 e181 e182
ir/0.ir/1.il/2.r/3: e183 e184 e189 e190
Current subset: ir/0.ir/1.il/2.l/3: e173 e178 e180 e181 e182
Sleeping 0 seconds after run
No violation in 0'th...
Current subset: ir/0.ir/1.il/2.r/3: e183 e184 e189 e190
Sleeping 0 seconds after run
No violation in 1'th...
Interference
Recursing on left half
Subsets:
ir/0.ir/1.il/2.il/3.l/4: e173 e178 e180
ir/0.ir/1.il/2.il/3.r/4: e181 e182
Current subset: ir/0.ir/1.il/2.il/3.l/4: e173 e178 e180
Sleeping 0 seconds after run
No violation in 0'th...
Current subset: ir/0.ir/1.il/2.il/3.r/4: e181 e182
Sleeping 0 seconds after run
Violation! Considering 1'th
Violation found in 1th half. Recursing
Subsets:
ir/0.ir/1.il/2.il/3.r/4.l/5: e181
ir/0.ir/1.il/2.il/3.r/4.r/5: e182
Current subset: ir/0.ir/1.il/2.il/3.r/4.l/5: e181
Sleeping 0 seconds after run
No violation in 0'th...
Current subset: ir/0.ir/1.il/2.il/3.r/4.r/5: e182
Sleeping 0 seconds after run
Violation! Considering 1'th
Violation found in 1th half. Recursing
Base case [TrafficInjection:e182]
Recursing on right half
Subsets:
ir/0.ir/1.il/2.ir/3.l/4: e183 e184
ir/0.ir/1.il/2.ir/3.r/4: e189 e190
Current subset: ir/0.ir/1.il/2.ir/3.l/4: e183 e184
Sleeping 0 seconds after run
Violation! Considering 0'th
Violation found in 0th half. Recursing
Subsets:
ir/0.ir/1.il/2.ir/3.l/4.l/5: e183
ir/0.ir/1.il/2.ir/3.l/4.r/5: e184
Current subset: ir/0.ir/1.il/2.ir/3.l/4.l/5: e183
Sleeping 0 seconds after run
No violation in 0'th...
Current subset: ir/0.ir/1.il/2.ir/3.l/4.r/5: e184
Sleeping 0 seconds after run
No violation in 1'th...
Interference
Recursing on left half
Base case [DataplanePermit:e183:(u'DataplanePermit', DPFingerprint{u'class': u'arp'}, u"host:[IPAddr('123.123.1.2')]", u'12:34:56:78:01:02')]
Recursing on right half
Base case [DataplanePermit:e184:(u'DataplanePermit', DPFingerprint{u'class': u'arp'}, 1, 1)]
Recursing on right half
Subsets:
ir/0.ir/1.ir/2.l/3: e191 e192 e193 e198
ir/0.ir/1.ir/2.r/3: e200 e201 e202 e204
Current subset: ir/0.ir/1.ir/2.l/3: e191 e192 e193 e198
Sleeping 0 seconds after run
Violation! Considering 0'th
Violation found in 0th half. Recursing
Subsets:
ir/0.ir/1.ir/2.l/3.l/4: e191 e192
ir/0.ir/1.ir/2.l/3.r/4: e193 e198
Current subset: ir/0.ir/1.ir/2.l/3.l/4: e191 e192
Sleeping 0 seconds after run
No violation in 0'th...
Current subset: ir/0.ir/1.ir/2.l/3.r/4: e193 e198
Sleeping 0 seconds after run
No violation in 1'th...
Interference
Recursing on left half
Subsets:
ir/0.ir/1.ir/2.l/3.il/4.l/5: e191
ir/0.ir/1.ir/2.l/3.il/4.r/5: e192
Current subset: ir/0.ir/1.ir/2.l/3.il/4.l/5: e191
Sleeping 0 seconds after run
No violation in 0'th...
Current subset: ir/0.ir/1.ir/2.l/3.il/4.r/5: e192
Sleeping 0 seconds after run
No violation in 1'th...
Interference
Recursing on left half
Base case [TrafficInjection:e191]
Recursing on right half
Base case [DataplanePermit:e192:(u'DataplanePermit', DPFingerprint{u'dl_dst': u'12:34:56:78:01:02', u'nw_src': u'123.123.2.2', u'dl_src': u'12:34:56:78:02:02', u'nw_dst': u'123.123.1.2'}, u"host:[IPAddr('123.123.2.2')]", u'12:34:56:78:02:02')]
Recursing on right half
Subsets:
ir/0.ir/1.ir/2.l/3.ir/4.l/5: e193
ir/0.ir/1.ir/2.l/3.ir/4.r/5: e198
Current subset: ir/0.ir/1.ir/2.l/3.ir/4.l/5: e193
Sleeping 0 seconds after run
Violation! Considering 0'th
Violation found in 0th half. Recursing
Base case [DataplanePermit:e193:(u'DataplanePermit', DPFingerprint{u'dl_dst': u'12:34:56:78:01:02', u'nw_src': u'123.123.2.2', u'dl_src': u'12:34:56:78:02:02', u'nw_dst': u'123.123.1.2'}, 2, 1)]
Final MCS (25 elements):
 - TrafficInjection:e24
 - DataplanePermit:e29
 - DataplanePermit:e36
 - TrafficInjection:e43
 - DataplanePermit:e44
 - DataplanePermit:e48
 - TrafficInjection:e56
 - DataplanePermit:e57
 - DataplanePermit:e61
 - TrafficInjection:e74
 - DataplanePermit:e75
 - TrafficInjection:e89
 - DataplanePermit:e95
 - TrafficInjection:e104
 - DataplanePermit:e105
 - TrafficInjection:e116
 - TrafficInjection:e129
 - TrafficInjection:e150
 - DataplanePermit:e159
 - TrafficInjection:e182
 - DataplanePermit:e183
 - DataplanePermit:e184
 - TrafficInjection:e191
 - DataplanePermit:e192
 - DataplanePermit:e193
