Sleeping 0 seconds after run
Violation reproduced successfully! Proceeding with pruning
Subsets:
l/0: a(e2,e3) e14 e15 a(e16,e17) a(e30,e79) e31 e32 e62 e63 e80 e97 e98 e100 a(e101,e102) e141 e163 e164 e165 a(e167,e168) a(e174,e175) e179 e186 e187 e188 e191 e196 e213 e214 e218 a(e220,e221) a(e225,e236) e226 e227 e229 e231 a(e232,e233) e237 e238 a(e240,e241) a(e248,e262) e249 e250 e251 a(e253,e254) a(e261,e270) e263 e265 a(e266,e267) e271 e272 a(e283,e298) e284 a(e286,e288) a(e287,e289) e299 e314 e315 e322 e323 a(e324,e326) a(e325,e327) e333 e334 e335 e337 e340 e351 e352 e354 e356 e358 e360 a(e362,e363) e372 a(e378,e379) e380 e381 a(e384,e385) e390 e391 e397 e398 e399 e401 e403 a(e404,e405) a(e407,e418) e408 e409 a(e412,e413) e419 e420 e421 e424 e429 e430 e434 a(e435,e438) a(e436,e439) a(e437,e440) e448 a(e455,e462) e456 e459 e460 e463 e464 e465 e471 e477 e478 e487 e488 e489 e490 e491 a(e494,e495) e502 e503 e518 e519 a(e530,e531) e540 e542 a(e544,e546) a(e545,e547) e553 e554 e556 a(e558,e559) e565 e567 e573 e574 e580 e581 e585 e586 e587 e588 e590 a(e591,e592) e593 e594 a(e598,e599) e600 e601 e602 a(e607,e608) a(e610,e631) e611 e613 e615 a(e618,e624) e619 e621 e622 a(e623,e642) e625 e626 e632 e643 a(e644,e645) a(e662,e675) e663 e676 e677 e680 e697 e699 a(e700,e701) e716 e732 e733 e736 e763 e764 a(e767,e768) e771 e772 a(e779,e788) e780 e781 e782 a(e784,e785) e789 e790 e794 e795 e797 a(e800,e801) e806 e807 a(e810,e811) e814 a(e818,e822) e823 e824 a(e830,e831) a(e840,e852) a(e844,e846) a(e845,e847) e853 e857 e872 e874 a(e877,e879) a(e878,e880) e889 e890 a(e896,e898) a(e897,e899) e915 e916 a(e922,e923) a(e941,e943) a(e942,e944) a(e960,e961) e988 a(e995,e1008) e996 e997 e1002 e1003 a(e1010,e1011) a(e1015,e1037) e1016 e1017 e1028 e1029 e1040 e1042 a(e1049,e1074) e1050 e1051 a(e1055,e1056) e1063 e1064 e1100 e1101 e1102 e1113 a(e1114,e1115) e1127 e1128 e1134 e1135 e1136 e1137 e1142 a(e1143,e1144) e1146 a(e1150,e1151) e1155 e1156 a(e1157,e1158) e1161 e1162 a(e1166,e1167) e1168 e1169 e1172 e1173 e1177 a(e1178,e1180) a(e1179,e1181) e1182 e1183 e1184 e1187 e1189 a(e1191,e1192) a(e1194,e1195) e1196 e1198 e1201 e1202 e1203 a(e1206,e1207) e1208 a(e1212,e1237) a(e1216,e1217) e1220 e1228 e1229 e1230 a(e1234,e1235) e1238 e1243 e1244 e1248 e1250 a(e1251,e1252) e1253 e1254 e1256 a(e1258,e1264) e1259
r/0: e1261 e1265 e1266 e1267 a(e1269,e1270) e1273 a(e1276,e1277) a(e1278,e1288) e1281 e1282 a(e1286,e1287) e1289 e1290 e1291 e1293 e1296 e1306 e1307 e1308 e1310 e1314 a(e1315,e1316) e1324 a(e1325,e1326) e1338 e1343 a(e1344,e1345) e1352 e1353 a(e1356,e1357) e1363 e1364 e1365 a(e1373,e1374) a(e1385,e1423) e1386 e1389 e1395 a(e1396,e1397) e1407 e1408 e1412 e1424 a(e1429,e1430) e1441 a(e1443,e1444) e1449 e1450 e1451 e1454 e1462 e1463 e1464 a(e1468,e1469) e1476 e1477 e1483 e1484 e1485 e1489 a(e1491,e1492) e1493 e1494 a(e1500,e1501) e1502 e1503 e1508 a(e1510,e1511) e1520 e1521 e1530 a(e1532,e1533) e1536 a(e1539,e1541) a(e1540,e1542) e1545 e1546 e1548 a(e1550,e1556) e1551 a(e1552,e1553) e1557 e1558 e1560 e1568 e1569 a(e1574,e1582) e1575 e1577 a(e1578,e1579) e1585 e1586 e1587 e1589 e1590 e1595 a(e1597,e1599) a(e1598,e1600) a(e1601,e1630) e1605 e1606 e1607 e1608 e1609 e1610 e1611 a(e1614,e1615) e1616 e1617 e1620 e1622 e1623 e1625 e1626 e1627 a(e1628,e1629) e1631 a(e1633,e1634) e1637 a(e1639,e1640) e1641 e1642 e1644 a(e1647,e1648) e1649 e1650 e1652 e1653 e1655 e1656 e1657 e1660 a(e1664,e1665) e1666 e1667 e1669 e1671 a(e1673,e1674) e1675 a(e1676,e1677) e1678 a(e1679,e1680) e1681 a(e1683,e1684) a(e1685,e1692) a(e1686,e1693) e1687 a(e1690,e1691) e1694 e1696 a(e1698,e1699) a(e1706,e1712) e1707 e1713 e1714 e1718 e1723 a(e1727,e1728) e1733 e1734 e1735 e1736 e1740 a(e1743,e1744) e1755 e1756 e1761 e1766 e1767 a(e1771,e1772) e1781 e1782 a(e1794,e1842) e1795 e1796 e1800 e1803 e1812 e1813 a(e1818,e1819) e1821 e1827 a(e1833,e1841) a(e1835,e1836) e1843 e1844 e1845 e1846 e1869 e1873 e1879 e1893 e1894 e1895 e1913 e1914 e1921 e1922 e1923 e1938 e1939 e1941 e1948 e1950 e1955 e1956 e1957 e1958 a(e1959,e1960) e1964 a(e1966,e1968) a(e1967,e1969) e1970 e1971 e1972 e1976 e1977 a(e1982,e1985) a(e1983,e1986) a(e1984,e1987) e1988 e1991 a(e1993,e2001) e1994 e1995 e1998 e2002 a(e2011,e2024) e2012 e2013 a(e2018,e2019) e2020 e2025 a(e2038,e2039) a(e2044,e2049) e2045 e2046 e2050 e2051 a(e2055,e2056) e2062 a(e2068,e2069) a(e2080,e2165) e2081 e2082 a(e2085,e2087) a(e2086,e2088) e2095 e2096 e2097 e2100 a(e2105,e2125) e2106 e2107 a(e2112,e2113) e2126 e2127 e2128 e2129 e2130 e2138 e2146 a(e2150,e2151) e2152 e2153 e2154 e2156 e2157 e2158 e2159 e2160 a(e2163,e2164) e2166 e2167 e2174 e2176 e2177 e2179 a(e2182,e2184) a(e2183,e2185) e2186 e2188 a(e2190,e2193) a(e2191,e2194) a(e2192,e2195) a(e2198,e2200) a(e2199,e2201) e2202 e2206 e2207 a(e2210,e2211) e2214 e2215 e2216 e2219 e2220 e2223 e2224
Current subset: l/0: a(e2,e3) e14 e15 a(e16,e17) a(e30,e79) e31 e32 e62 e63 e80 e97 e98 e100 a(e101,e102) e141 e163 e164 e165 a(e167,e168) a(e174,e175) e179 e186 e187 e188 e191 e196 e213 e214 e218 a(e220,e221) a(e225,e236) e226 e227 e229 e231 a(e232,e233) e237 e238 a(e240,e241) a(e248,e262) e249 e250 e251 a(e253,e254) a(e261,e270) e263 e265 a(e266,e267) e271 e272 a(e283,e298) e284 a(e286,e288) a(e287,e289) e299 e314 e315 e322 e323 a(e324,e326) a(e325,e327) e333 e334 e335 e337 e340 e351 e352 e354 e356 e358 e360 a(e362,e363) e372 a(e378,e379) e380 e381 a(e384,e385) e390 e391 e397 e398 e399 e401 e403 a(e404,e405) a(e407,e418) e408 e409 a(e412,e413) e419 e420 e421 e424 e429 e430 e434 a(e435,e438) a(e436,e439) a(e437,e440) e448 a(e455,e462) e456 e459 e460 e463 e464 e465 e471 e477 e478 e487 e488 e489 e490 e491 a(e494,e495) e502 e503 e518 e519 a(e530,e531) e540 e542 a(e544,e546) a(e545,e547) e553 e554 e556 a(e558,e559) e565 e567 e573 e574 e580 e581 e585 e586 e587 e588 e590 a(e591,e592) e593 e594 a(e598,e599) e600 e601 e602 a(e607,e608) a(e610,e631) e611 e613 e615 a(e618,e624) e619 e621 e622 a(e623,e642) e625 e626 e632 e643 a(e644,e645) a(e662,e675) e663 e676 e677 e680 e697 e699 a(e700,e701) e716 e732 e733 e736 e763 e764 a(e767,e768) e771 e772 a(e779,e788) e780 e781 e782 a(e784,e785) e789 e790 e794 e795 e797 a(e800,e801) e806 e807 a(e810,e811) e814 a(e818,e822) e823 e824 a(e830,e831) a(e840,e852) a(e844,e846) a(e845,e847) e853 e857 e872 e874 a(e877,e879) a(e878,e880) e889 e890 a(e896,e898) a(e897,e899) e915 e916 a(e922,e923) a(e941,e943) a(e942,e944) a(e960,e961) e988 a(e995,e1008) e996 e997 e1002 e1003 a(e1010,e1011) a(e1015,e1037) e1016 e1017 e1028 e1029 e1040 e1042 a(e1049,e1074) e1050 e1051 a(e1055,e1056) e1063 e1064 e1100 e1101 e1102 e1113 a(e1114,e1115) e1127 e1128 e1134 e1135 e1136 e1137 e1142 a(e1143,e1144) e1146 a(e1150,e1151) e1155 e1156 a(e1157,e1158) e1161 e1162 a(e1166,e1167) e1168 e1169 e1172 e1173 e1177 a(e1178,e1180) a(e1179,e1181) e1182 e1183 e1184 e1187 e1189 a(e1191,e1192) a(e1194,e1195) e1196 e1198 e1201 e1202 e1203 a(e1206,e1207) e1208 a(e1212,e1237) a(e1216,e1217) e1220 e1228 e1229 e1230 a(e1234,e1235) e1238 e1243 e1244 e1248 e1250 a(e1251,e1252) e1253 e1254 e1256 a(e1258,e1264) e1259
Sleeping 0 seconds after run
Sleeping 0 seconds after run
Sleeping 0 seconds after run
Sleeping 0 seconds after run
Sleeping 0 seconds after run
No violation in 0'th...
Current subset: r/0: e1261 e1265 e1266 e1267 a(e1269,e1270) e1273 a(e1276,e1277) a(e1278,e1288) e1281 e1282 a(e1286,e1287) e1289 e1290 e1291 e1293 e1296 e1306 e1307 e1308 e1310 e1314 a(e1315,e1316) e1324 a(e1325,e1326) e1338 e1343 a(e1344,e1345) e1352 e1353 a(e1356,e1357) e1363 e1364 e1365 a(e1373,e1374) a(e1385,e1423) e1386 e1389 e1395 a(e1396,e1397) e1407 e1408 e1412 e1424 a(e1429,e1430) e1441 a(e1443,e1444) e1449 e1450 e1451 e1454 e1462 e1463 e1464 a(e1468,e1469) e1476 e1477 e1483 e1484 e1485 e1489 a(e1491,e1492) e1493 e1494 a(e1500,e1501) e1502 e1503 e1508 a(e1510,e1511) e1520 e1521 e1530 a(e1532,e1533) e1536 a(e1539,e1541) a(e1540,e1542) e1545 e1546 e1548 a(e1550,e1556) e1551 a(e1552,e1553) e1557 e1558 e1560 e1568 e1569 a(e1574,e1582) e1575 e1577 a(e1578,e1579) e1585 e1586 e1587 e1589 e1590 e1595 a(e1597,e1599) a(e1598,e1600) a(e1601,e1630) e1605 e1606 e1607 e1608 e1609 e1610 e1611 a(e1614,e1615) e1616 e1617 e1620 e1622 e1623 e1625 e1626 e1627 a(e1628,e1629) e1631 a(e1633,e1634) e1637 a(e1639,e1640) e1641 e1642 e1644 a(e1647,e1648) e1649 e1650 e1652 e1653 e1655 e1656 e1657 e1660 a(e1664,e1665) e1666 e1667 e1669 e1671 a(e1673,e1674) e1675 a(e1676,e1677) e1678 a(e1679,e1680) e1681 a(e1683,e1684) a(e1685,e1692) a(e1686,e1693) e1687 a(e1690,e1691) e1694 e1696 a(e1698,e1699) a(e1706,e1712) e1707 e1713 e1714 e1718 e1723 a(e1727,e1728) e1733 e1734 e1735 e1736 e1740 a(e1743,e1744) e1755 e1756 e1761 e1766 e1767 a(e1771,e1772) e1781 e1782 a(e1794,e1842) e1795 e1796 e1800 e1803 e1812 e1813 a(e1818,e1819) e1821 e1827 a(e1833,e1841) a(e1835,e1836) e1843 e1844 e1845 e1846 e1869 e1873 e1879 e1893 e1894 e1895 e1913 e1914 e1921 e1922 e1923 e1938 e1939 e1941 e1948 e1950 e1955 e1956 e1957 e1958 a(e1959,e1960) e1964 a(e1966,e1968) a(e1967,e1969) e1970 e1971 e1972 e1976 e1977 a(e1982,e1985) a(e1983,e1986) a(e1984,e1987) e1988 e1991 a(e1993,e2001) e1994 e1995 e1998 e2002 a(e2011,e2024) e2012 e2013 a(e2018,e2019) e2020 e2025 a(e2038,e2039) a(e2044,e2049) e2045 e2046 e2050 e2051 a(e2055,e2056) e2062 a(e2068,e2069) a(e2080,e2165) e2081 e2082 a(e2085,e2087) a(e2086,e2088) e2095 e2096 e2097 e2100 a(e2105,e2125) e2106 e2107 a(e2112,e2113) e2126 e2127 e2128 e2129 e2130 e2138 e2146 a(e2150,e2151) e2152 e2153 e2154 e2156 e2157 e2158 e2159 e2160 a(e2163,e2164) e2166 e2167 e2174 e2176 e2177 e2179 a(e2182,e2184) a(e2183,e2185) e2186 e2188 a(e2190,e2193) a(e2191,e2194) a(e2192,e2195) a(e2198,e2200) a(e2199,e2201) e2202 e2206 e2207 a(e2210,e2211) e2214 e2215 e2216 e2219 e2220 e2223 e2224
Sleeping 0 seconds after run
Violation! Considering 1'th
Violation found in 1th half. Recursing
Subsets:
r/0.l/1: e1261 e1265 e1266 e1267 a(e1269,e1270) e1273 a(e1276,e1277) a(e1278,e1288) e1281 e1282 a(e1286,e1287) e1289 e1290 e1291 e1293 e1296 e1306 e1307 e1308 e1310 e1314 a(e1315,e1316) e1324 a(e1325,e1326) e1338 e1343 a(e1344,e1345) e1352 e1353 a(e1356,e1357) e1363 e1364 e1365 a(e1373,e1374) a(e1385,e1423) e1386 e1389 e1395 a(e1396,e1397) e1407 e1408 e1412 e1424 a(e1429,e1430) e1441 a(e1443,e1444) e1449 e1450 e1451 e1454 e1462 e1463 e1464 a(e1468,e1469) e1476 e1477 e1483 e1484 e1485 e1489 a(e1491,e1492) e1493 e1494 a(e1500,e1501) e1502 e1503 e1508 a(e1510,e1511) e1520 e1521 e1530 a(e1532,e1533) e1536 a(e1539,e1541) a(e1540,e1542) e1545 e1546 e1548 a(e1550,e1556) e1551 a(e1552,e1553) e1557 e1558 e1560 e1568 e1569 a(e1574,e1582) e1575 e1577 a(e1578,e1579) e1585 e1586 e1587 e1589 e1590 e1595 a(e1597,e1599) a(e1598,e1600) a(e1601,e1630) e1605 e1606 e1607 e1608 e1609 e1610 e1611 a(e1614,e1615) e1616 e1617 e1620 e1622 e1623 e1625 e1626 e1627 a(e1628,e1629) e1631 a(e1633,e1634) e1637 a(e1639,e1640) e1641 e1642 e1644 a(e1647,e1648) e1649 e1650 e1652 e1653 e1655 e1656 e1657 e1660 a(e1664,e1665) e1666 e1667 e1669 e1671 a(e1673,e1674) e1675 a(e1676,e1677) e1678 a(e1679,e1680) e1681 a(e1683,e1684) a(e1685,e1692) a(e1686,e1693) e1687 a(e1690,e1691) e1694
r/0.r/1: e1696 a(e1698,e1699) a(e1706,e1712) e1707 e1713 e1714 e1718 e1723 a(e1727,e1728) e1733 e1734 e1735 e1736 e1740 a(e1743,e1744) e1755 e1756 e1761 e1766 e1767 a(e1771,e1772) e1781 e1782 a(e1794,e1842) e1795 e1796 e1800 e1803 e1812 e1813 a(e1818,e1819) e1821 e1827 a(e1833,e1841) a(e1835,e1836) e1843 e1844 e1845 e1846 e1869 e1873 e1879 e1893 e1894 e1895 e1913 e1914 e1921 e1922 e1923 e1938 e1939 e1941 e1948 e1950 e1955 e1956 e1957 e1958 a(e1959,e1960) e1964 a(e1966,e1968) a(e1967,e1969) e1970 e1971 e1972 e1976 e1977 a(e1982,e1985) a(e1983,e1986) a(e1984,e1987) e1988 e1991 a(e1993,e2001) e1994 e1995 e1998 e2002 a(e2011,e2024) e2012 e2013 a(e2018,e2019) e2020 e2025 a(e2038,e2039) a(e2044,e2049) e2045 e2046 e2050 e2051 a(e2055,e2056) e2062 a(e2068,e2069) a(e2080,e2165) e2081 e2082 a(e2085,e2087) a(e2086,e2088) e2095 e2096 e2097 e2100 a(e2105,e2125) e2106 e2107 a(e2112,e2113) e2126 e2127 e2128 e2129 e2130 e2138 e2146 a(e2150,e2151) e2152 e2153 e2154 e2156 e2157 e2158 e2159 e2160 a(e2163,e2164) e2166 e2167 e2174 e2176 e2177 e2179 a(e2182,e2184) a(e2183,e2185) e2186 e2188 a(e2190,e2193) a(e2191,e2194) a(e2192,e2195) a(e2198,e2200) a(e2199,e2201) e2202 e2206 e2207 a(e2210,e2211) e2214 e2215 e2216 e2219 e2220 e2223 e2224
Current subset: r/0.l/1: e1261 e1265 e1266 e1267 a(e1269,e1270) e1273 a(e1276,e1277) a(e1278,e1288) e1281 e1282 a(e1286,e1287) e1289 e1290 e1291 e1293 e1296 e1306 e1307 e1308 e1310 e1314 a(e1315,e1316) e1324 a(e1325,e1326) e1338 e1343 a(e1344,e1345) e1352 e1353 a(e1356,e1357) e1363 e1364 e1365 a(e1373,e1374) a(e1385,e1423) e1386 e1389 e1395 a(e1396,e1397) e1407 e1408 e1412 e1424 a(e1429,e1430) e1441 a(e1443,e1444) e1449 e1450 e1451 e1454 e1462 e1463 e1464 a(e1468,e1469) e1476 e1477 e1483 e1484 e1485 e1489 a(e1491,e1492) e1493 e1494 a(e1500,e1501) e1502 e1503 e1508 a(e1510,e1511) e1520 e1521 e1530 a(e1532,e1533) e1536 a(e1539,e1541) a(e1540,e1542) e1545 e1546 e1548 a(e1550,e1556) e1551 a(e1552,e1553) e1557 e1558 e1560 e1568 e1569 a(e1574,e1582) e1575 e1577 a(e1578,e1579) e1585 e1586 e1587 e1589 e1590 e1595 a(e1597,e1599) a(e1598,e1600) a(e1601,e1630) e1605 e1606 e1607 e1608 e1609 e1610 e1611 a(e1614,e1615) e1616 e1617 e1620 e1622 e1623 e1625 e1626 e1627 a(e1628,e1629) e1631 a(e1633,e1634) e1637 a(e1639,e1640) e1641 e1642 e1644 a(e1647,e1648) e1649 e1650 e1652 e1653 e1655 e1656 e1657 e1660 a(e1664,e1665) e1666 e1667 e1669 e1671 a(e1673,e1674) e1675 a(e1676,e1677) e1678 a(e1679,e1680) e1681 a(e1683,e1684) a(e1685,e1692) a(e1686,e1693) e1687 a(e1690,e1691) e1694
Sleeping 0 seconds after run
Sleeping 0 seconds after run
Sleeping 0 seconds after run
Sleeping 0 seconds after run
Sleeping 0 seconds after run
No violation in 0'th...
Current subset: r/0.r/1: e1696 a(e1698,e1699) a(e1706,e1712) e1707 e1713 e1714 e1718 e1723 a(e1727,e1728) e1733 e1734 e1735 e1736 e1740 a(e1743,e1744) e1755 e1756 e1761 e1766 e1767 a(e1771,e1772) e1781 e1782 a(e1794,e1842) e1795 e1796 e1800 e1803 e1812 e1813 a(e1818,e1819) e1821 e1827 a(e1833,e1841) a(e1835,e1836) e1843 e1844 e1845 e1846 e1869 e1873 e1879 e1893 e1894 e1895 e1913 e1914 e1921 e1922 e1923 e1938 e1939 e1941 e1948 e1950 e1955 e1956 e1957 e1958 a(e1959,e1960) e1964 a(e1966,e1968) a(e1967,e1969) e1970 e1971 e1972 e1976 e1977 a(e1982,e1985) a(e1983,e1986) a(e1984,e1987) e1988 e1991 a(e1993,e2001) e1994 e1995 e1998 e2002 a(e2011,e2024) e2012 e2013 a(e2018,e2019) e2020 e2025 a(e2038,e2039) a(e2044,e2049) e2045 e2046 e2050 e2051 a(e2055,e2056) e2062 a(e2068,e2069) a(e2080,e2165) e2081 e2082 a(e2085,e2087) a(e2086,e2088) e2095 e2096 e2097 e2100 a(e2105,e2125) e2106 e2107 a(e2112,e2113) e2126 e2127 e2128 e2129 e2130 e2138 e2146 a(e2150,e2151) e2152 e2153 e2154 e2156 e2157 e2158 e2159 e2160 a(e2163,e2164) e2166 e2167 e2174 e2176 e2177 e2179 a(e2182,e2184) a(e2183,e2185) e2186 e2188 a(e2190,e2193) a(e2191,e2194) a(e2192,e2195) a(e2198,e2200) a(e2199,e2201) e2202 e2206 e2207 a(e2210,e2211) e2214 e2215 e2216 e2219 e2220 e2223 e2224
Sleeping 0 seconds after run
Violation! Considering 1'th
Violation found in 1th half. Recursing
Subsets:
r/0.r/1.l/2: e1696 a(e1698,e1699) a(e1706,e1712) e1707 e1713 e1714 e1718 e1723 a(e1727,e1728) e1733 e1734 e1735 e1736 e1740 a(e1743,e1744) e1755 e1756 e1761 e1766 e1767 a(e1771,e1772) e1781 e1782 a(e1794,e1842) e1795 e1796 e1800 e1803 e1812 e1813 a(e1818,e1819) e1821 e1827 a(e1833,e1841) a(e1835,e1836) e1843 e1844 e1845 e1846 e1869 e1873 e1879 e1893 e1894 e1895 e1913 e1914 e1921 e1922 e1923 e1938 e1939 e1941 e1948 e1950 e1955 e1956 e1957 e1958 a(e1959,e1960) e1964 a(e1966,e1968) a(e1967,e1969) e1970 e1971 e1972 e1976 e1977 a(e1982,e1985) a(e1983,e1986) a(e1984,e1987) e1988 e1991 a(e1993,e2001) e1994
r/0.r/1.r/2: e1995 e1998 e2002 a(e2011,e2024) e2012 e2013 a(e2018,e2019) e2020 e2025 a(e2038,e2039) a(e2044,e2049) e2045 e2046 e2050 e2051 a(e2055,e2056) e2062 a(e2068,e2069) a(e2080,e2165) e2081 e2082 a(e2085,e2087) a(e2086,e2088) e2095 e2096 e2097 e2100 a(e2105,e2125) e2106 e2107 a(e2112,e2113) e2126 e2127 e2128 e2129 e2130 e2138 e2146 a(e2150,e2151) e2152 e2153 e2154 e2156 e2157 e2158 e2159 e2160 a(e2163,e2164) e2166 e2167 e2174 e2176 e2177 e2179 a(e2182,e2184) a(e2183,e2185) e2186 e2188 a(e2190,e2193) a(e2191,e2194) a(e2192,e2195) a(e2198,e2200) a(e2199,e2201) e2202 e2206 e2207 a(e2210,e2211) e2214 e2215 e2216 e2219 e2220 e2223 e2224
Current subset: r/0.r/1.l/2: e1696 a(e1698,e1699) a(e1706,e1712) e1707 e1713 e1714 e1718 e1723 a(e1727,e1728) e1733 e1734 e1735 e1736 e1740 a(e1743,e1744) e1755 e1756 e1761 e1766 e1767 a(e1771,e1772) e1781 e1782 a(e1794,e1842) e1795 e1796 e1800 e1803 e1812 e1813 a(e1818,e1819) e1821 e1827 a(e1833,e1841) a(e1835,e1836) e1843 e1844 e1845 e1846 e1869 e1873 e1879 e1893 e1894 e1895 e1913 e1914 e1921 e1922 e1923 e1938 e1939 e1941 e1948 e1950 e1955 e1956 e1957 e1958 a(e1959,e1960) e1964 a(e1966,e1968) a(e1967,e1969) e1970 e1971 e1972 e1976 e1977 a(e1982,e1985) a(e1983,e1986) a(e1984,e1987) e1988 e1991 a(e1993,e2001) e1994
Sleeping 0 seconds after run
Sleeping 0 seconds after run
Sleeping 0 seconds after run
Sleeping 0 seconds after run
Sleeping 0 seconds after run
No violation in 0'th...
Current subset: r/0.r/1.r/2: e1995 e1998 e2002 a(e2011,e2024) e2012 e2013 a(e2018,e2019) e2020 e2025 a(e2038,e2039) a(e2044,e2049) e2045 e2046 e2050 e2051 a(e2055,e2056) e2062 a(e2068,e2069) a(e2080,e2165) e2081 e2082 a(e2085,e2087) a(e2086,e2088) e2095 e2096 e2097 e2100 a(e2105,e2125) e2106 e2107 a(e2112,e2113) e2126 e2127 e2128 e2129 e2130 e2138 e2146 a(e2150,e2151) e2152 e2153 e2154 e2156 e2157 e2158 e2159 e2160 a(e2163,e2164) e2166 e2167 e2174 e2176 e2177 e2179 a(e2182,e2184) a(e2183,e2185) e2186 e2188 a(e2190,e2193) a(e2191,e2194) a(e2192,e2195) a(e2198,e2200) a(e2199,e2201) e2202 e2206 e2207 a(e2210,e2211) e2214 e2215 e2216 e2219 e2220 e2223 e2224
Sleeping 0 seconds after run
Violation! Considering 1'th
Violation found in 1th half. Recursing
Subsets:
r/0.r/1.r/2.l/3: e1995 e1998 e2002 a(e2011,e2024) e2012 e2013 a(e2018,e2019) e2020 e2025 a(e2038,e2039) a(e2044,e2049) e2045 e2046 e2050 e2051 a(e2055,e2056) e2062 a(e2068,e2069) a(e2080,e2165) e2081 e2082 a(e2085,e2087) a(e2086,e2088) e2095 e2096 e2097 e2100 a(e2105,e2125) e2106 e2107 a(e2112,e2113) e2126 e2127 e2128 e2129 e2130 e2138
r/0.r/1.r/2.r/3: e2146 a(e2150,e2151) e2152 e2153 e2154 e2156 e2157 e2158 e2159 e2160 a(e2163,e2164) e2166 e2167 e2174 e2176 e2177 e2179 a(e2182,e2184) a(e2183,e2185) e2186 e2188 a(e2190,e2193) a(e2191,e2194) a(e2192,e2195) a(e2198,e2200) a(e2199,e2201) e2202 e2206 e2207 a(e2210,e2211) e2214 e2215 e2216 e2219 e2220 e2223 e2224
Current subset: r/0.r/1.r/2.l/3: e1995 e1998 e2002 a(e2011,e2024) e2012 e2013 a(e2018,e2019) e2020 e2025 a(e2038,e2039) a(e2044,e2049) e2045 e2046 e2050 e2051 a(e2055,e2056) e2062 a(e2068,e2069) a(e2080,e2165) e2081 e2082 a(e2085,e2087) a(e2086,e2088) e2095 e2096 e2097 e2100 a(e2105,e2125) e2106 e2107 a(e2112,e2113) e2126 e2127 e2128 e2129 e2130 e2138
Sleeping 0 seconds after run
Sleeping 0 seconds after run
Sleeping 0 seconds after run
Sleeping 0 seconds after run
Sleeping 0 seconds after run
No violation in 0'th...
Current subset: r/0.r/1.r/2.r/3: e2146 a(e2150,e2151) e2152 e2153 e2154 e2156 e2157 e2158 e2159 e2160 a(e2163,e2164) e2166 e2167 e2174 e2176 e2177 e2179 a(e2182,e2184) a(e2183,e2185) e2186 e2188 a(e2190,e2193) a(e2191,e2194) a(e2192,e2195) a(e2198,e2200) a(e2199,e2201) e2202 e2206 e2207 a(e2210,e2211) e2214 e2215 e2216 e2219 e2220 e2223 e2224
Sleeping 0 seconds after run
Violation! Considering 1'th
Violation found in 1th half. Recursing
Subsets:
r/0.r/1.r/2.r/3.l/4: e2146 a(e2150,e2151) e2152 e2153 e2154 e2156 e2157 e2158 e2159 e2160 a(e2163,e2164) e2166 e2167 e2174 e2176 e2177 e2179 a(e2182,e2184) a(e2183,e2185)
r/0.r/1.r/2.r/3.r/4: e2186 e2188 a(e2190,e2193) a(e2191,e2194) a(e2192,e2195) a(e2198,e2200) a(e2199,e2201) e2202 e2206 e2207 a(e2210,e2211) e2214 e2215 e2216 e2219 e2220 e2223 e2224
Current subset: r/0.r/1.r/2.r/3.l/4: e2146 a(e2150,e2151) e2152 e2153 e2154 e2156 e2157 e2158 e2159 e2160 a(e2163,e2164) e2166 e2167 e2174 e2176 e2177 e2179 a(e2182,e2184) a(e2183,e2185)
Sleeping 0 seconds after run
Sleeping 0 seconds after run
Sleeping 0 seconds after run
Sleeping 0 seconds after run
Sleeping 0 seconds after run
No violation in 0'th...
Current subset: r/0.r/1.r/2.r/3.r/4: e2186 e2188 a(e2190,e2193) a(e2191,e2194) a(e2192,e2195) a(e2198,e2200) a(e2199,e2201) e2202 e2206 e2207 a(e2210,e2211) e2214 e2215 e2216 e2219 e2220 e2223 e2224
Sleeping 0 seconds after run
Violation! Considering 1'th
Violation found in 1th half. Recursing
Subsets:
r/0.r/1.r/2.r/3.r/4.l/5: e2186 e2188 a(e2190,e2193) a(e2191,e2194) a(e2192,e2195) a(e2198,e2200) a(e2199,e2201) e2202 e2206
r/0.r/1.r/2.r/3.r/4.r/5: e2207 a(e2210,e2211) e2214 e2215 e2216 e2219 e2220 e2223 e2224
Current subset: r/0.r/1.r/2.r/3.r/4.l/5: e2186 e2188 a(e2190,e2193) a(e2191,e2194) a(e2192,e2195) a(e2198,e2200) a(e2199,e2201) e2202 e2206
Sleeping 0 seconds after run
Violation! Considering 0'th
Violation found in 0th half. Recursing
Subsets:
r/0.r/1.r/2.r/3.r/4.l/5.l/6: e2186 e2188 a(e2190,e2193) a(e2191,e2194) a(e2192,e2195)
r/0.r/1.r/2.r/3.r/4.l/5.r/6: a(e2198,e2200) a(e2199,e2201) e2202 e2206
Current subset: r/0.r/1.r/2.r/3.r/4.l/5.l/6: e2186 e2188 a(e2190,e2193) a(e2191,e2194) a(e2192,e2195)
Sleeping 0 seconds after run
Sleeping 0 seconds after run
Sleeping 0 seconds after run
Sleeping 0 seconds after run
Sleeping 0 seconds after run
No violation in 0'th...
Current subset: r/0.r/1.r/2.r/3.r/4.l/5.r/6: a(e2198,e2200) a(e2199,e2201) e2202 e2206
Sleeping 0 seconds after run
Violation! Considering 1'th
Violation found in 1th half. Recursing
Subsets:
r/0.r/1.r/2.r/3.r/4.l/5.r/6.l/7: a(e2198,e2200) a(e2199,e2201)
r/0.r/1.r/2.r/3.r/4.l/5.r/6.r/7: e2202 e2206
Current subset: r/0.r/1.r/2.r/3.r/4.l/5.r/6.l/7: a(e2198,e2200) a(e2199,e2201)
Sleeping 0 seconds after run
Sleeping 0 seconds after run
Sleeping 0 seconds after run
Sleeping 0 seconds after run
Sleeping 0 seconds after run
No violation in 0'th...
Current subset: r/0.r/1.r/2.r/3.r/4.l/5.r/6.r/7: e2202 e2206
Sleeping 0 seconds after run
Violation! Considering 1'th
Violation found in 1th half. Recursing
Subsets:
r/0.r/1.r/2.r/3.r/4.l/5.r/6.r/7.l/8: e2202
r/0.r/1.r/2.r/3.r/4.l/5.r/6.r/7.r/8: e2206
Current subset: r/0.r/1.r/2.r/3.r/4.l/5.r/6.r/7.l/8: e2202
Sleeping 0 seconds after run
Sleeping 0 seconds after run
Sleeping 0 seconds after run
Sleeping 0 seconds after run
Sleeping 0 seconds after run
No violation in 0'th...
Current subset: r/0.r/1.r/2.r/3.r/4.l/5.r/6.r/7.r/8: e2206
Sleeping 0 seconds after run
Violation! Considering 1'th
Violation found in 1th half. Recursing
Base case [TrafficInjection:e2206:('TrafficInjection', Interface:HostInterface:eth2:12:34:56:78:02:03:[IPAddr('123.123.2.3')] Packet:[12:34:56:78:02:03>12:34:56:78:03:03:IP]|([v:4hl:5l:72t:64]ICMP cs:d406[123.123.2.3>123.123.3.3]){t:ECHO_REQUEST c:0 chk:637}{id:20585 seq:28263}, None)]
=== Total replays: 50 ===
Final MCS (1 elements):
 - TrafficInjection:e2206
Sleeping 0 seconds after run
