Violation reproduced successfully! Proceeding with pruning
Subsets:
l/0: e34 e35 e40 e44 e46 e47 e48 e49 e50 e51 e52 e53 e54 e55
r/0: e56 e58 e61 e63 e64 e65 e68 e71 e73 e75 e78 e82 e84
Current subset: l/0: e34 e35 e40 e44 e46 e47 e48 e49 e50 e51 e52 e53 e54 e55
No violation in 0'th...
Current subset: r/0: e56 e58 e61 e63 e64 e65 e68 e71 e73 e75 e78 e82 e84
No violation in 1'th...
Interference
Recursing on left half
Subsets:
il/0.l/1: e34 e35 e40 e44 e46 e47 e48
il/0.r/1: e49 e50 e51 e52 e53 e54 e55
Current subset: il/0.l/1: e34 e35 e40 e44 e46 e47 e48
Violation! Considering 0'th
Violation found in 0th half. Recursing
Subsets:
il/0.l/1.l/2: e34 e35 e40 e44
il/0.l/1.r/2: e46 e47 e48
Current subset: il/0.l/1.l/2: e34 e35 e40 e44
Violation! Considering 0'th
Violation found in 0th half. Recursing
Subsets:
il/0.l/1.l/2.l/3: e34 e35
il/0.l/1.l/2.r/3: e40 e44
Current subset: il/0.l/1.l/2.l/3: e34 e35
Violation! Considering 0'th
Violation found in 0th half. Recursing
Subsets:
il/0.l/1.l/2.l/3.l/4: e34
il/0.l/1.l/2.l/3.r/4: e35
Current subset: il/0.l/1.l/2.l/3.l/4: e34
Violation! Considering 0'th
Violation found in 0th half. Recursing
Base case [TrafficInjection:e34:('TrafficInjection', Interface:HostInterface:eth1:12:34:56:78:01:02:[IPAddr('10.1.2.2')] Packet:[12:34:56:78:01:02>12:34:56:78:01:02:IP]|([v:4hl:5l:72t:64]ICMP cs:42ba[10.1.2.2>10.1.2.2]){t:ECHO_REPLY c:0 chk:e37}{id:20585 seq:28263}, 1)]
Recursing on right half
Subsets:
ir/0.l/1: e56 e58 e61 e63 e64 e65 e68
ir/0.r/1: e71 e73 e75 e78 e82 e84
Current subset: ir/0.l/1: e56 e58 e61 e63 e64 e65 e68
Violation! Considering 0'th
Violation found in 0th half. Recursing
Subsets:
ir/0.l/1.l/2: e56 e58 e61 e63
ir/0.l/1.r/2: e64 e65 e68
Current subset: ir/0.l/1.l/2: e56 e58 e61 e63
No violation in 0'th...
Current subset: ir/0.l/1.r/2: e64 e65 e68
Violation! Considering 1'th
Violation found in 1th half. Recursing
Subsets:
ir/0.l/1.r/2.l/3: e64 e65
ir/0.l/1.r/2.r/3: e68
Current subset: ir/0.l/1.r/2.l/3: e64 e65
Violation! Considering 0'th
Violation found in 0th half. Recursing
Subsets:
ir/0.l/1.r/2.l/3.l/4: e64
ir/0.l/1.r/2.l/3.r/4: e65
Current subset: ir/0.l/1.r/2.l/3.l/4: e64
Violation! Considering 0'th
Violation found in 0th half. Recursing
Base case [TrafficInjection:e64:('TrafficInjection', Interface:HostInterface:eth2:12:34:56:78:02:02:[IPAddr('10.2.2.2')] Packet:[12:34:56:78:02:02>12:34:56:78:01:02:IP]|([v:4hl:5l:72t:64]ICMP cs:42b5[10.2.2.2>10.1.2.2]){t:ECHO_REPLY c:0 chk:e37}{id:20585 seq:28263}, None)]
=== Total replays: 12 ===
Final MCS (2 elements):
 - TrafficInjection:e34
 - TrafficInjection:e64
