xss =  -ea -javaagent:/home/mininet/apache-cassandra-1.2.4/bin/../lib/jamm-0.2.5.jar -XX:+UseThreadPriorities -XX:ThreadPriorityPolicy=42 -Xms1001M -Xmx1001M -Xmn100M -XX:+HeapDumpOnOutOfMemoryError -Xss228k
 INFO 13:49:54,628 Logging initialized
 INFO 13:49:54,641 JVM vendor/version: OpenJDK 64-Bit Server VM/1.7.0_51
 WARN 13:49:54,641 OpenJDK is not recommended. Please upgrade to the newest Oracle Java release
 INFO 13:49:54,642 Heap size: 1039138816/1040187392
 INFO 13:49:54,642 Classpath: /home/mininet/apache-cassandra-1.2.4/bin/../conf:/home/mininet/apache-cassandra-1.2.4/bin/../build/classes/main:/home/mininet/apache-cassandra-1.2.4/bin/../build/classes/thrift:/home/mininet/apache-cassandra-1.2.4/bin/../lib/antlr-3.2.jar:/home/mininet/apache-cassandra-1.2.4/bin/../lib/apache-cassandra-1.2.4.jar:/home/mininet/apache-cassandra-1.2.4/bin/../lib/apache-cassandra-clientutil-1.2.4.jar:/home/mininet/apache-cassandra-1.2.4/bin/../lib/apache-cassandra-thrift-1.2.4.jar:/home/mininet/apache-cassandra-1.2.4/bin/../lib/avro-1.4.0-fixes.jar:/home/mininet/apache-cassandra-1.2.4/bin/../lib/avro-1.4.0-sources-fixes.jar:/home/mininet/apache-cassandra-1.2.4/bin/../lib/commons-cli-1.1.jar:/home/mininet/apache-cassandra-1.2.4/bin/../lib/commons-codec-1.2.jar:/home/mininet/apache-cassandra-1.2.4/bin/../lib/commons-lang-2.6.jar:/home/mininet/apache-cassandra-1.2.4/bin/../lib/compress-lzf-0.8.4.jar:/home/mininet/apache-cassandra-1.2.4/bin/../lib/concurrentlinkedhashmap-lru-1.3.jar:/home/mininet/apache-cassandra-1.2.4/bin/../lib/guava-13.0.1.jar:/home/mininet/apache-cassandra-1.2.4/bin/../lib/high-scale-lib-1.1.2.jar:/home/mininet/apache-cassandra-1.2.4/bin/../lib/jackson-core-asl-1.9.2.jar:/home/mininet/apache-cassandra-1.2.4/bin/../lib/jackson-mapper-asl-1.9.2.jar:/home/mininet/apache-cassandra-1.2.4/bin/../lib/jamm-0.2.5.jar:/home/mininet/apache-cassandra-1.2.4/bin/../lib/jbcrypt-0.3m.jar:/home/mininet/apache-cassandra-1.2.4/bin/../lib/jline-1.0.jar:/home/mininet/apache-cassandra-1.2.4/bin/../lib/json-simple-1.1.jar:/home/mininet/apache-cassandra-1.2.4/bin/../lib/libthrift-0.7.0.jar:/home/mininet/apache-cassandra-1.2.4/bin/../lib/log4j-1.2.16.jar:/home/mininet/apache-cassandra-1.2.4/bin/../lib/lz4-1.1.0.jar:/home/mininet/apache-cassandra-1.2.4/bin/../lib/metrics-core-2.0.3.jar:/home/mininet/apache-cassandra-1.2.4/bin/../lib/netty-3.5.9.Final.jar:/home/mininet/apache-cassandra-1.2.4/bin/../lib/servlet-api-2.5-20081211.jar:/home/mininet/apache-cassandra-1.2.4/bin/../lib/slf4j-api-1.7.2.jar:/home/mininet/apache-cassandra-1.2.4/bin/../lib/slf4j-log4j12-1.7.2.jar:/home/mininet/apache-cassandra-1.2.4/bin/../lib/snakeyaml-1.6.jar:/home/mininet/apache-cassandra-1.2.4/bin/../lib/snappy-java-1.0.4.1.jar:/home/mininet/apache-cassandra-1.2.4/bin/../lib/snaptree-0.1.jar:/home/mininet/apache-cassandra-1.2.4/bin/../lib/jamm-0.2.5.jar
 INFO 13:49:54,644 JNA not found. Native methods will be disabled.
 INFO 13:49:54,653 Loading settings from file:/home/mininet/apache-cassandra-1.2.4/conf/cassandra.yaml
 INFO 13:49:55,115 Data files directories: [/var/lib/cassandra/data]
 INFO 13:49:55,116 Commit log directory: /var/lib/cassandra/commitlog
 INFO 13:49:55,116 DiskAccessMode 'auto' determined to be mmap, indexAccessMode is mmap
 INFO 13:49:55,116 disk_failure_policy is stop
 INFO 13:49:55,124 Global memtable threshold is enabled at 330MB
 INFO 13:49:55,234 Not using multi-threaded compaction
 INFO 13:49:55,693 Initializing key cache with capacity of 49 MBs.
 INFO 13:49:55,705 Scheduling key cache save to each 14400 seconds (going to save all keys).
 INFO 13:49:55,706 Initializing row cache with capacity of 0 MBs and provider org.apache.cassandra.cache.SerializingCacheProvider
 INFO 13:49:55,715 Scheduling row cache save to each 0 seconds (going to save all keys).
 INFO 13:49:56,092 Couldn't detect any schema definitions in local storage.
 INFO 13:49:56,092 To create keyspaces and column families, see 'help create keyspace' in the CLI, or set up a schema using the thrift system_* calls.
 INFO 13:49:56,175 No commitlog files found; skipping replay
 INFO 13:49:56,767 Cassandra version: 1.2.4
 INFO 13:49:56,771 Thrift API version: 19.35.0
 INFO 13:49:56,772 CQL supported versions: 2.0.0,3.0.1 (default: 3.0.1)
 INFO 13:49:56,802 Loading persisted ring state
 INFO 13:49:56,805 Starting up server gossip
 WARN 13:49:56,809 No host ID found, created eafc60ce-afff-4fa5-b4db-54e1b1c33736 (Note: This should happen exactly once per node).
 INFO 13:49:56,822 Enqueuing flush of Memtable-local@1156511567(361/361 serialized/live bytes, 15 ops)
 INFO 13:49:56,830 Writing Memtable-local@1156511567(361/361 serialized/live bytes, 15 ops)
 INFO 13:49:56,886 Completed flushing /var/lib/cassandra/data/system/local/system-local-ib-1-Data.db (349 bytes) for commitlog position ReplayPosition(segmentId=1391204996073, position=50656)
 INFO 13:49:56,961 Starting Messaging Service on port 7000
 INFO 13:49:57,005 Enqueuing flush of Memtable-local@1622940842(86/86 serialized/live bytes, 4 ops)
 INFO 13:49:57,006 Writing Memtable-local@1622940842(86/86 serialized/live bytes, 4 ops)
 INFO 13:49:57,025 Completed flushing /var/lib/cassandra/data/system/local/system-local-ib-2-Data.db (122 bytes) for commitlog position ReplayPosition(segmentId=1391204996073, position=50933)
 INFO 13:49:57,027 JOINING: waiting for ring information
 INFO 13:49:58,199 Node /192.168.56.11 is now part of the cluster
 INFO 13:49:58,207 InetAddress /192.168.56.11 is now UP
 INFO 13:49:58,239 Enqueuing flush of Memtable-peers@63447224(182/182 serialized/live bytes, 10 ops)
 INFO 13:49:58,243 Writing Memtable-peers@63447224(182/182 serialized/live bytes, 10 ops)
 INFO 13:49:58,266 Completed flushing /var/lib/cassandra/data/system/peers/system-peers-ib-1-Data.db (232 bytes) for commitlog position ReplayPosition(segmentId=1391204996073, position=51638)
 INFO 13:49:58,332 Enqueuing flush of Memtable-schema_keyspaces@191197583(389/389 serialized/live bytes, 11 ops)
 INFO 13:49:58,334 Writing Memtable-schema_keyspaces@191197583(389/389 serialized/live bytes, 11 ops)
 INFO 13:49:58,358 Completed flushing /var/lib/cassandra/data/system/schema_keyspaces/system-schema_keyspaces-ib-1-Data.db (260 bytes) for commitlog position ReplayPosition(segmentId=1391204996073, position=53730)
 INFO 13:49:58,360 Enqueuing flush of Memtable-schema_columnfamilies@203568414(23066/23066 serialized/live bytes, 379 ops)
 INFO 13:49:58,361 Writing Memtable-schema_columnfamilies@203568414(23066/23066 serialized/live bytes, 379 ops)
 INFO 13:49:58,395 Completed flushing /var/lib/cassandra/data/system/schema_columnfamilies/system-schema_columnfamilies-ib-1-Data.db (4847 bytes) for commitlog position ReplayPosition(segmentId=1391204996073, position=53730)
 INFO 13:49:58,397 Enqueuing flush of Memtable-schema_columns@1183600113(22154/22154 serialized/live bytes, 337 ops)
 INFO 13:49:58,399 Writing Memtable-schema_columns@1183600113(22154/22154 serialized/live bytes, 337 ops)
 INFO 13:49:58,435 Completed flushing /var/lib/cassandra/data/system/schema_columns/system-schema_columns-ib-1-Data.db (3896 bytes) for commitlog position ReplayPosition(segmentId=1391204996073, position=53730)
 INFO 13:49:59,030 JOINING: schema complete, ready to bootstrap
 INFO 13:49:59,031 JOINING: getting bootstrap token
 INFO 13:49:59,037 Enqueuing flush of Memtable-local@1658221466(73/73 serialized/live bytes, 4 ops)
 INFO 13:49:59,038 Writing Memtable-local@1658221466(73/73 serialized/live bytes, 4 ops)
 INFO 13:49:59,076 Completed flushing /var/lib/cassandra/data/system/local/system-local-ib-3-Data.db (136 bytes) for commitlog position ReplayPosition(segmentId=1391204996073, position=54169)
 INFO 13:49:59,090 JOINING: sleeping 30000 ms for pending range setup
 INFO 13:50:29,093 JOINING: Starting to bootstrap...
 INFO 13:50:29,172 Finished streaming session b333bb40-8ac1-11e3-8ad7-c1b7d013ecd2 from /192.168.56.11
 INFO 13:50:29,173 Bootstrap completed! for the tokens [0]
 INFO 13:50:29,174 Enqueuing flush of Memtable-local@1699593206(43/43 serialized/live bytes, 2 ops)
 INFO 13:50:29,175 Writing Memtable-local@1699593206(43/43 serialized/live bytes, 2 ops)
 INFO 13:50:29,193 Completed flushing /var/lib/cassandra/data/system/local/system-local-ib-4-Data.db (75 bytes) for commitlog position ReplayPosition(segmentId=1391204996073, position=54302)
 INFO 13:50:29,199 Enqueuing flush of Memtable-local@2108865544(32/32 serialized/live bytes, 2 ops)
 INFO 13:50:29,200 Writing Memtable-local@2108865544(32/32 serialized/live bytes, 2 ops)
 INFO 13:50:29,207 Compacting [SSTableReader(path='/var/lib/cassandra/data/system/local/system-local-ib-2-Data.db'), SSTableReader(path='/var/lib/cassandra/data/system/local/system-local-ib-1-Data.db'), SSTableReader(path='/var/lib/cassandra/data/system/local/system-local-ib-4-Data.db'), SSTableReader(path='/var/lib/cassandra/data/system/local/system-local-ib-3-Data.db')]
 INFO 13:50:29,219 Completed flushing /var/lib/cassandra/data/system/local/system-local-ib-5-Data.db (90 bytes) for commitlog position ReplayPosition(segmentId=1391204996073, position=54458)
 INFO 13:50:29,234 Node /192.168.56.12 state jump to normal
 INFO 13:50:29,235 Startup completed! Now serving reads.
