[1;36mStarting POX controller c1[1;m
connect_socket_with_backoff ('127.0.0.1', 6633)
Error connecting.  -- [Errno 111] Connection refused. Backing off 1 seconds ...
[1;33m[c1] POX 0.0.0 / Copyright 2011 James McCauley[1;m

[1;41m[1;33m[c1] DEBUG:core:POX 0.0.0 going up...[1;m

[1;41m[1;33m[c1] DEBUG:core:Running on CPython (2.7.3/Sep 26 2013 20:03:06)[1;m

[1;41m[1;33m[c1] INFO:core:POX 0.0.0 is up.[1;m

[1;41m[1;33m[c1] DEBUG:openflow.of_01:Listening for connections on ('127.0.0.1', 6633)[1;m

[1;33m[c1] Incoming true socket connected[1;m

connect_socket_with_backoff ('127.0.0.1', 6633)
connect_socket_with_backoff ('127.0.0.1', 6633)[1;33m[c1] Incoming MockSocket connection [u'127.0.0.1', 50920][1;m


connect_socket_with_backoff ('127.0.0.1', 6633)
[1;33m[c1] Incoming MockSocket connection [u'127.0.0.1', 50920][1;m

[1;36m[1;44m00:00.502 00:00.000 Successfully matched event ConnectToControllers:e1[1;m
[1;33m[c1] Incoming MockSocket connection [u'127.0.0.1', 50920][1;m
[1;36m[1;44m00:00.503 00:00.001 Successfully matched event ControlMessageReceive:i2 c c1 -> s 3 [ofp_hello: ][1;m

[1;36m[1;36mRound 1[1;37m[1;m
[1;36m[1;44m00:00.503 00:00.002 Successfully matched event ControlMessageReceive:i3 c c1 -> s 2 [ofp_hello: ][1;m
[1;36m[1;44m00:00.504 00:00.003 Successfully matched event ControlMessageReceive:i4 c c1 -> s 1 [ofp_hello: ][1;m
[1;36m[1;44m00:00.504 00:00.003 Successfully matched event ControlMessageSend:i5 c 3 -> s c1 [ofp_hello: ][1;m
[1;36m[1;44m00:00.504 00:00.003 Successfully matched event ControlMessageSend:i6 c 2 -> s c1 [ofp_hello: ][1;m
[1;36m[1;44m00:00.505 00:00.004 Successfully matched event ControlMessageSend:i7 c 1 -> s c1 [ofp_hello: ][1;m
[1;36m[1;44m00:00.506 00:00.105 Successfully matched event ControlMessageReceive:i8 c c1 -> s 3 [ofp_features_request: ][1;m
[1;36m[1;36mRound 2[1;37m[1;m
[1;36m[1;44m00:00.506 00:00.105 Successfully matched event ControlMessageReceive:i9 c c1 -> s 2 [ofp_features_request: ][1;m
[1;36m[1;44m00:00.546 00:00.106 Successfully matched event ControlMessageReceive:i10 c c1 -> s 1 [ofp_features_request: ][1;m
[1;36m[1;44m00:00.547 00:00.106 Successfully matched event ControlMessageSend:i11 c 3 -> s c1 [ofp_features_reply: datapath_id=3][1;m
[1;36m[1;44m00:00.547 00:00.107 Successfully matched event ControlMessageSend:i12 c 2 -> s c1 [ofp_features_reply: datapath_id=2][1;m
[1;36m[1;44m00:00.548 00:00.107 Successfully matched event ControlMessageSend:i13 c 1 -> s c1 [ofp_features_reply: datapath_id=1][1;m
[1;36m[1;44m00:00.590 00:00.208 Successfully matched event ControlMessageReceive:i14 c c1 -> s 1 [ofp_set_config: ][1;m
[1;36m[1;36mRound 3[1;37m[1;m
[1;36m[1;44m00:00.591 00:00.208 Successfully matched event ControlMessageReceive:i15 c c1 -> s 3 [ofp_barrier_request: ][1;m
[1;36m[1;44m00:00.593 00:00.208 Successfully matched event ControlMessageReceive:i16 c c1 -> s 1 [ofp_flow_mod: hard_timeout=0, out_port=65535, priority=32768, idle_timeout=0, command=delete, actions=(), flags=0, match=x^L,in_port:None][1;m
[1;36m[1;44m00:00.594 00:00.209 Successfully matched event ControlMessageReceive:i17 c c1 -> s 2 [ofp_set_config: ][1;m
[1;36m[1;44m00:00.595 00:00.210 Successfully matched event ControlMessageReceive:i18 c c1 -> s 2 [ofp_flow_mod: hard_timeout=0, out_port=65535, priority=32768, idle_timeout=0, command=delete, actions=(), flags=0, match=x^L,in_port:None][1;m
[1;36m[1;44m00:00.596 00:00.210 Successfully matched event ControlMessageReceive:i19 c c1 -> s 2 [ofp_barrier_request: ][1;m
[1;36m[1;44m00:00.597 00:00.211 Successfully matched event ControlMessageReceive:i20 c c1 -> s 1 [ofp_barrier_request: ][1;m
[1;36m[1;44m00:00.598 00:00.212 Successfully matched event ControlMessageReceive:i21 c c1 -> s 3 [ofp_flow_mod: hard_timeout=0, out_port=65535, priority=32768, idle_timeout=0, command=delete, actions=(), flags=0, match=x^L,in_port:None][1;m
[1;36m[1;44m00:00.599 00:00.212 Successfully matched event ControlMessageReceive:i22 c c1 -> s 3 [ofp_set_config: ][1;m
[1;36m[1;44m00:00.599 00:00.213 Successfully matched event ControlMessageSend:i23 c 3 -> s c1 [ofp_barrier_reply: ][1;m
[1;36m[1;44m00:00.600 00:00.213 Successfully matched event ControlMessageSend:i24 c 2 -> s c1 [ofp_barrier_reply: ][1;m
[1;36m[1;44m00:00.601 00:00.213 Successfully matched event ControlMessageSend:i25 c 1 -> s c1 [ofp_barrier_reply: ][1;m
[1;41m[1;33m[c1] INFO:openflow.of_01:of_01 [Con 3/3] Connected to 00-00-00-00-00-03[1;m

[1;41m[1;33m[c1] DEBUG:forwarding.l2_multi:Connect [Con 3/3][1;m

[1;41m[1;33m[c1] DEBUG:openflow.discovery:Installing flow for 00-00-00-00-00-03[1;m

[1;41m[1;33m[c1] INFO:openflow.of_01:of_01 [Con 2/2] Connected to 00-00-00-00-00-02[1;m

[1;41m[1;33m[c1] DEBUG:forwarding.l2_multi:Connect [Con 2/2][1;m

[1;41m[1;33m[c1] DEBUG:openflow.discovery:Installing flow for 00-00-00-00-00-02[1;m

[1;36m[1;44m00:00.605 00:00.314 Successfully matched event ControlMessageReceive:i26 c c1 -> s 2 [ofp_flow_mod: hard_timeout=0, out_port=65535, priority=32768, idle_timeout=0, command=add, actions=(u'output(65533)',), flags=0, match=dl_dst:01:23:20:00:00:01,dl_type:35020,in_port:None][1;m[1;41m[1;33m[c1] INFO:openflow.of_01:of_01 [Con 1/1] Connected to 00-00-00-00-00-01[1;m


[1;36m[1;36mRound 4[1;37m[1;m
[1;41m[1;33m[c1] DEBUG:forwarding.l2_multi:Connect [Con 1/1][1;m

[1;41m[1;33m[c1] DEBUG:openflow.discovery:Installing flow for 00-00-00-00-00-01[1;m

[1;36m[1;44m00:00.642 00:00.314 Successfully matched event ControlMessageReceive:i27 c c1 -> s 1 [ofp_flow_mod: hard_timeout=0, out_port=65535, priority=32768, idle_timeout=0, command=add, actions=(u'output(65533)',), flags=0, match=dl_dst:01:23:20:00:00:01,dl_type:35020,in_port:None][1;m
[1;36m[1;44m00:00.644 00:00.315 Successfully matched event ControlMessageReceive:i28 c c1 -> s 3 [ofp_flow_mod: hard_timeout=0, out_port=65535, priority=32768, idle_timeout=0, command=add, actions=(u'output(65533)',), flags=0, match=dl_dst:01:23:20:00:00:01,dl_type:35020,in_port:None][1;m
[1;36m[1;44m00:00.645 00:00.420 Successfully matched event DataplanePermit:i32[1;m
[1;36m[1;36mRound 5[1;37m[1;m
[1;36m[1;44m00:00.645 00:00.420 Successfully matched event DataplanePermit:i33[1;m
[1;36m[1;44m00:00.646 00:00.420 Successfully matched event DataplanePermit:i34[1;m
[1;35m[1;41m00:01.363 00:00.521 Event timed out ControlMessageSend:i35 c 1 -> s c1 [ofp_packet_in: data={u'class': u'arp'}, in_port=3][1;m
[1;36m[1;36mRound 6[1;37m[1;m
[1;35m[1;41m00:01.919 00:00.521 Event timed out ControlMessageSend:i36 c 2 -> s c1 [ofp_packet_in: data={u'class': u'arp'}, in_port=3][1;m
[1;35m[1;41m00:02.475 00:00.521 Event timed out ControlMessageSend:i37 c 3 -> s c1 [ofp_packet_in: data={u'class': u'arp'}, in_port=3][1;m
[1;35m[1;41m00:03.232 00:00.622 Event timed out ControlMessageReceive:i38 c c1 -> s 3 [ofp_packet_out: actions=(u'output(65531)',), data=(), in_port=3][1;m
[1;36m[1;36mRound 7[1;37m[1;m
[1;35m[1;41m00:03.788 00:00.623 Event timed out ControlMessageReceive:i39 c c1 -> s 1 [ofp_packet_out: actions=(u'output(65531)',), data=(), in_port=3][1;m
[1;35m[1;41m00:04.344 00:00.624 Event timed out ControlMessageReceive:i40 c c1 -> s 2 [ofp_packet_out: actions=(u'output(65531)',), data=(), in_port=3][1;m
[1;36m[1;44m00:04.345 00:00.625 Successfully matched event DataplanePermit:i41[1;m
[1;36m[1;44m00:04.346 00:00.626 Successfully matched event DataplanePermit:i42[1;m
[1;36m[1;44m00:04.346 00:00.627 Successfully matched event DataplanePermit:i43[1;m
[1;36m[1;44m00:04.346 00:00.628 Successfully matched event DataplanePermit:i44[1;m
[1;36m[1;44m00:04.347 00:00.629 Successfully matched event DataplanePermit:i45[1;m
[1;36m[1;44m00:04.347 00:00.629 Successfully matched event DataplanePermit:i46[1;m
[1;35m[1;41m00:05.056 00:00.730 Event timed out ControlMessageSend:i47 c 2 -> s c1 [ofp_packet_in: data={u'class': u'arp'}, in_port=1][1;m
[1;36m[1;36mRound 8[1;37m[1;m
[1;35m[1;41m00:05.612 00:00.731 Event timed out ControlMessageSend:i48 c 3 -> s c1 [ofp_packet_in: data={u'class': u'arp'}, in_port=1][1;m
[1;35m[1;41m00:06.168 00:00.731 Event timed out ControlMessageSend:i49 c 1 -> s c1 [ofp_packet_in: data={u'class': u'arp'}, in_port=2][1;m
[1;35m[1;41m00:06.725 00:00.732 Event timed out ControlMessageSend:i50 c 3 -> s c1 [ofp_packet_in: data={u'class': u'arp'}, in_port=2][1;m
[1;35m[1;41m00:07.281 00:00.732 Event timed out ControlMessageSend:i51 c 2 -> s c1 [ofp_packet_in: data={u'class': u'arp'}, in_port=2][1;m
[1;35m[1;41m00:07.838 00:00.733 Event timed out ControlMessageSend:i52 c 1 -> s c1 [ofp_packet_in: data={u'class': u'arp'}, in_port=1][1;m
[1;35m[1;41m00:08.594 00:00.834 Event timed out ControlMessageReceive:i53 c c1 -> s 1 [ofp_packet_out: actions=(u'output(65531)',), data=(), in_port=1][1;m
[1;36m[1;36mRound 9[1;37m[1;m
[1;35m[1;41m00:09.150 00:00.834 Event timed out ControlMessageReceive:i54 c c1 -> s 3 [ofp_packet_out: actions=(u'output(65531)',), data=(), in_port=2][1;m
[1;35m[1;41m00:09.707 00:00.835 Event timed out ControlMessageReceive:i55 c c1 -> s 1 [ofp_packet_out: actions=(u'output(65531)',), data=(), in_port=2][1;m
[1;35m[1;41m00:10.263 00:00.836 Event timed out ControlMessageReceive:i56 c c1 -> s 3 [ofp_packet_out: actions=(u'output(65531)',), data=(), in_port=1][1;m
[1;35m[1;41m00:10.819 00:00.836 Event timed out ControlMessageReceive:i57 c c1 -> s 2 [ofp_packet_out: actions=(u'output(65531)',), data=(), in_port=2][1;m
[1;35m[1;41m00:11.375 00:00.837 Event timed out ControlMessageReceive:i58 c c1 -> s 2 [ofp_packet_out: actions=(u'output(65531)',), data=(), in_port=1][1;m
[1;36m[1;44m00:11.376 00:00.838 Successfully matched event ControlMessageReceive:i59 c c1 -> s 3 [ofp_packet_out: actions=(u'output(1)',), data={u'class': u'lldp'}, in_port=65535][1;m
[1;36mForwarding dataplane event[1;m
[1;36m[1;44m00:11.378 00:00.839 Successfully matched event DataplanePermit:i60[1;m
[1;36m[1;44m00:11.379 00:00.840 Successfully matched event DataplanePermit:i61[1;m
[1;36m[1;44m00:11.379 00:00.840 Successfully matched event DataplanePermit:i62[1;m
[1;36m[1;44m00:11.379 00:00.841 Successfully matched event DataplanePermit:i63[1;m
[1;36m[1;44m00:11.380 00:00.842 Successfully matched event DataplanePermit:i64[1;m
[1;36m[1;44m00:11.380 00:00.843 Successfully matched event DataplanePermit:i65[1;m
[1;36m[1;44m00:11.381 00:00.844 Successfully matched event DataplanePermit:i66[1;m
[1;36m[1;44m00:11.381 00:00.844 Successfully matched event DataplanePermit:i67[1;m
[1;36m[1;44m00:11.381 00:00.845 Successfully matched event DataplanePermit:i68[1;m
[1;36m[1;44m00:11.382 00:00.846 Successfully matched event DataplanePermit:i69[1;m
[1;36m[1;44m00:11.382 00:00.847 Successfully matched event DataplanePermit:i70[1;m
[1;36m[1;44m00:11.383 00:00.848 Successfully matched event DataplanePermit:i71[1;m
[1;36m[1;44m00:11.383 00:00.848 Successfully matched event DataplanePermit:i72[1;m
[1;36m[1;44m00:11.384 00:00.949 Successfully matched event ControlMessageSend:i73 c 2 -> s c1 [ofp_packet_in: data={u'class': u'lldp'}, in_port=1][1;m
[1;36m[1;36mRound 10[1;37m[1;m
[1;41m[1;33m[c1] INFO:openflow.discovery:link detected: 00-00-00-00-00-03.1 -> 00-00-00-00-00-02.1[1;m

[1;35m[1;41m00:11.931 00:00.949 Event timed out ControlMessageSend:i74 c 3 -> s c1 [ofp_packet_in: data={u'class': u'arp'}, in_port=1][1;m
[1;35m[1;41m00:12.488 00:00.949 Event timed out ControlMessageSend:i75 c 1 -> s c1 [ofp_packet_in: data={u'class': u'arp'}, in_port=2][1;m
[1;35m[1;41m00:13.044 00:00.950 Event timed out ControlMessageSend:i76 c 2 -> s c1 [ofp_packet_in: data={u'class': u'arp'}, in_port=1][1;m
[1;35m[1;41m00:13.601 00:00.950 Event timed out ControlMessageSend:i77 c 3 -> s c1 [ofp_packet_in: data={u'class': u'arp'}, in_port=2][1;m
[1;35m[1;41m00:14.157 00:00.950 Event timed out ControlMessageSend:i78 c 2 -> s c1 [ofp_packet_in: data={u'class': u'arp'}, in_port=2][1;m
[1;35m[1;41m00:14.713 00:00.950 Event timed out ControlMessageSend:i79 c 1 -> s c1 [ofp_packet_in: data={u'class': u'arp'}, in_port=1][1;m
[1;36m[1;44m00:14.714 00:01.051 Successfully matched event ControlMessageReceive:i80 c c1 -> s 2 [ofp_flow_mod: hard_timeout=0, out_port=65535, priority=32768, idle_timeout=0, command=delete, actions=(), flags=0, match=x^L,in_port:None][1;m
[1;36m[1;36mRound 11[1;37m[1;m
[1;36m[1;44m00:14.715 00:01.052 Successfully matched event ControlMessageReceive:i81 c c1 -> s 1 [ofp_flow_mod: hard_timeout=0, out_port=65535, priority=32768, idle_timeout=0, command=delete, actions=(), flags=0, match=x^L,in_port:None][1;m
[1;35m[1;41m00:15.269 00:01.053 Event timed out ControlMessageReceive:i82 c c1 -> s 1 [ofp_packet_out: actions=(u'output(65531)',), data=(), in_port=1][1;m
[1;35m[1;41m00:15.825 00:01.054 Event timed out ControlMessageReceive:i83 c c1 -> s 3 [ofp_packet_out: actions=(u'output(65531)',), data=(), in_port=2][1;m
[1;35m[1;41m00:16.382 00:01.055 Event timed out ControlMessageReceive:i84 c c1 -> s 1 [ofp_packet_out: actions=(u'output(65531)',), data=(), in_port=2][1;m
[1;36m[1;44m00:16.383 00:01.055 Successfully matched event ControlMessageReceive:i85 c c1 -> s 2 [ofp_packet_out: actions=(), data=(), in_port=1][1;m
[1;35m[1;41m00:16.938 00:01.056 Event timed out ControlMessageReceive:i86 c c1 -> s 3 [ofp_packet_out: actions=(u'output(65531)',), data=(), in_port=1][1;m
[1;36m[1;44m00:16.939 00:01.057 Successfully matched event ControlMessageReceive:i87 c c1 -> s 3 [ofp_flow_mod: hard_timeout=0, out_port=65535, priority=32768, idle_timeout=0, command=delete, actions=(), flags=0, match=x^L,in_port:None][1;m
[1;35m[1;41m00:17.494 00:01.057 Event timed out ControlMessageReceive:i88 c c1 -> s 2 [ofp_packet_out: actions=(u'output(65531)',), data=(), in_port=1][1;m
[1;35m[1;41m00:18.051 00:01.058 Event timed out ControlMessageReceive:i89 c c1 -> s 2 [ofp_packet_out: actions=(u'output(65531)',), data=(), in_port=2][1;m
[1;36m[1;44m00:18.052 00:01.059 Successfully matched event DataplanePermit:i90[1;m
[1;36m[1;44m00:18.053 00:01.060 Successfully matched event DataplanePermit:i91[1;m
[1;36m[1;44m00:18.053 00:01.061 Successfully matched event DataplanePermit:i92[1;m
[1;36m[1;44m00:18.053 00:01.061 Successfully matched event DataplanePermit:i93[1;m
[1;36m[1;44m00:18.054 00:01.062 Successfully matched event DataplanePermit:i94[1;m
[1;36m[1;44m00:18.054 00:01.063 Successfully matched event DataplanePermit:i95[1;m
[1;36m[1;44m00:18.055 00:01.063 Successfully matched event DataplanePermit:i96[1;m
[1;36m[1;44m00:18.055 00:01.064 Successfully matched event DataplanePermit:i97[1;m
[1;36m[1;44m00:18.055 00:01.065 Successfully matched event DataplanePermit:i98[1;m
[1;36m[1;44m00:18.056 00:01.065 Successfully matched event DataplanePermit:i99[1;m
[1;36m[1;44m00:18.056 00:01.065 Successfully matched event DataplanePermit:i100[1;m
[1;36m[1;44m00:18.057 00:01.066 Successfully matched event DataplanePermit:i101[1;m
[1;35m[1;41m00:18.807 00:01.166 Event timed out ControlMessageSend:i102 c 2 -> s c1 [ofp_packet_in: data={u'class': u'arp'}, in_port=1][1;m
[1;36m[1;36mRound 12[1;37m[1;m
[1;35m[1;41m00:19.363 00:01.167 Event timed out ControlMessageSend:i103 c 3 -> s c1 [ofp_packet_in: data={u'class': u'arp'}, in_port=1][1;m
[1;35m[1;41m00:19.920 00:01.167 Event timed out ControlMessageSend:i104 c 1 -> s c1 [ofp_packet_in: data={u'class': u'arp'}, in_port=2][1;m
[1;35m[1;41m00:20.476 00:01.167 Event timed out ControlMessageSend:i105 c 3 -> s c1 [ofp_packet_in: data={u'class': u'arp'}, in_port=2][1;m
[1;35m[1;41m00:21.032 00:01.167 Event timed out ControlMessageSend:i106 c 2 -> s c1 [ofp_packet_in: data={u'class': u'arp'}, in_port=2][1;m
[1;35m[1;41m00:21.588 00:01.167 Event timed out ControlMessageSend:i107 c 1 -> s c1 [ofp_packet_in: data={u'class': u'arp'}, in_port=1][1;m
[1;35m[1;41m00:22.300 00:01.268 Event timed out ControlMessageReceive:i108 c c1 -> s 1 [ofp_packet_out: actions=(u'output(65531)',), data=(), in_port=1][1;m
[1;36m[1;36mRound 13[1;37m[1;m
[1;35m[1;41m00:22.856 00:01.269 Event timed out ControlMessageReceive:i109 c c1 -> s 3 [ofp_packet_out: actions=(u'output(65531)',), data=(), in_port=2][1;m
[1;35m[1;41m00:23.413 00:01.270 Event timed out ControlMessageReceive:i110 c c1 -> s 1 [ofp_packet_out: actions=(u'output(65531)',), data=(), in_port=2][1;m
[1;35m[1;41m00:23.969 00:01.270 Event timed out ControlMessageReceive:i111 c c1 -> s 3 [ofp_packet_out: actions=(u'output(65531)',), data=(), in_port=1][1;m
[1;35m[1;41m00:24.525 00:01.271 Event timed out ControlMessageReceive:i112 c c1 -> s 2 [ofp_packet_out: actions=(u'output(65531)',), data=(), in_port=2][1;m
[1;41m[1;33m[c1] INFO:openflow.discovery:link timeout: 00-00-00-00-00-03.1 -> 00-00-00-00-00-02.1[1;m

[1;35m[1;41m00:25.081 00:01.272 Event timed out ControlMessageReceive:i113 c c1 -> s 2 [ofp_packet_out: actions=(u'output(65531)',), data=(), in_port=1][1;m
[1;36m[1;44m00:25.082 00:01.273 Successfully matched event DataplanePermit:i114[1;m
[1;36m[1;44m00:25.083 00:01.274 Successfully matched event DataplanePermit:i115[1;m
[1;36m[1;44m00:25.083 00:01.275 Successfully matched event DataplanePermit:i116[1;m
[1;36m[1;44m00:25.083 00:01.276 Successfully matched event DataplanePermit:i117[1;m
[1;36m[1;44m00:25.084 00:01.277 Successfully matched event DataplanePermit:i118[1;m
[1;36m[1;44m00:25.084 00:01.278 Successfully matched event DataplanePermit:i119[1;m
[1;36m[1;44m00:25.085 00:01.279 Successfully matched event DataplanePermit:i120[1;m
[1;36m[1;44m00:25.085 00:01.280 Successfully matched event DataplanePermit:i121[1;m
[1;36m[1;44m00:25.085 00:01.281 Successfully matched event DataplanePermit:i122[1;m
[1;36m[1;44m00:25.086 00:01.281 Successfully matched event DataplanePermit:i123[1;m
[1;36m[1;44m00:25.086 00:01.281 Successfully matched event DataplanePermit:i124[1;m
[1;36m[1;44m00:25.086 00:01.282 Successfully matched event DataplanePermit:i125[1;m
[1;36m[1;44m00:25.087 00:01.382 Successfully matched event ControlMessageReceive:i126 c c1 -> s 3 [ofp_packet_out: actions=(u'output(2)',), data={u'class': u'lldp'}, in_port=65535][1;m
[1;36m[1;36mRound 14[1;37m[1;m
[1;36mForwarding dataplane event[1;m
[1;35m[1;41m00:25.638 00:01.383 Event timed out ControlMessageSend:i127 c 2 -> s c1 [ofp_packet_in: data={u'class': u'arp'}, in_port=1][1;m
[1;35m[1;41m00:26.194 00:01.383 Event timed out ControlMessageSend:i128 c 3 -> s c1 [ofp_packet_in: data={u'class': u'arp'}, in_port=1][1;m
[1;35m[1;41m00:26.750 00:01.383 Event timed out ControlMessageSend:i129 c 1 -> s c1 [ofp_packet_in: data={u'class': u'arp'}, in_port=2][1;m
[1;35m[1;41m00:27.307 00:01.383 Event timed out ControlMessageSend:i130 c 3 -> s c1 [ofp_packet_in: data={u'class': u'arp'}, in_port=2][1;m
[1;35m[1;41m00:27.863 00:01.384 Event timed out ControlMessageSend:i131 c 2 -> s c1 [ofp_packet_in: data={u'class': u'arp'}, in_port=2][1;m
[1;35m[1;41m00:28.419 00:01.384 Event timed out ControlMessageSend:i132 c 1 -> s c1 [ofp_packet_in: data={u'class': u'arp'}, in_port=1][1;m
[1;36m[1;44m00:28.420 00:01.384 Successfully matched event DataplanePermit:i133[1;m
[1;36m[1;44m00:28.421 00:01.385 Successfully matched event DataplanePermit:i134[1;m
[1;36m[1;44m00:28.421 00:01.386 Successfully matched event DataplanePermit:i135[1;m
[1;36m[1;44m00:28.422 00:01.386 Successfully matched event DataplanePermit:i136[1;m
[1;36m[1;44m00:28.422 00:01.387 Successfully matched event DataplanePermit:i137[1;m
[1;36m[1;44m00:28.423 00:01.388 Successfully matched event DataplanePermit:i138[1;m
[1;36m[1;44m00:28.423 00:01.389 Successfully matched event DataplanePermit:i139[1;m
[1;35m[1;41m00:29.176 00:01.489 Event timed out ControlMessageReceive:i140 c c1 -> s 1 [ofp_packet_out: actions=(u'output(65531)',), data=(), in_port=1][1;m
[1;36m[1;36mRound 15[1;37m[1;m
[1;35m[1;41m00:29.733 00:01.490 Event timed out ControlMessageReceive:i141 c c1 -> s 3 [ofp_packet_out: actions=(u'output(65531)',), data=(), in_port=2][1;m
[1;35m[1;41m00:30.288 00:01.491 Event timed out ControlMessageReceive:i142 c c1 -> s 1 [ofp_packet_out: actions=(u'output(65531)',), data=(), in_port=2][1;m
[1;35m[1;41m00:30.845 00:01.491 Event timed out ControlMessageReceive:i143 c c1 -> s 3 [ofp_packet_out: actions=(u'output(65531)',), data=(), in_port=1][1;m
[1;35m[1;41m00:31.401 00:01.492 Event timed out ControlMessageReceive:i144 c c1 -> s 2 [ofp_packet_out: actions=(u'output(65531)',), data=(), in_port=2][1;m
[1;35m[1;41m00:31.957 00:01.493 Event timed out ControlMessageReceive:i145 c c1 -> s 2 [ofp_packet_out: actions=(u'output(65531)',), data=(), in_port=1][1;m
[1;35m[1;41m00:32.514 00:01.493 Event timed out ControlMessageSend:i146 c 2 -> s c1 [ofp_packet_in: data={u'class': u'arp'}, in_port=3][1;m
[1;35m[1;41m00:33.070 00:01.494 Event timed out ControlMessageSend:i147 c 3 -> s c1 [ofp_packet_in: data={u'class': u'arp'}, in_port=3][1;m
[1;35m[1;41m00:33.627 00:01.494 Event timed out ControlMessageSend:i148 c 1 -> s c1 [ofp_packet_in: data={u'class': u'arp'}, in_port=3][1;m
[1;36m[1;44m00:33.628 00:01.495 Successfully matched event ControlMessageSend:i149 c 1 -> s c1 [ofp_packet_in: data={u'class': u'lldp'}, in_port=1][1;m
[1;36m[1;44m00:33.630 00:01.497 Successfully matched event TrafficInjection:e152[1;m
[1;36mForwarding dataplane event[1;m
[1;36m[1;44m00:33.631 00:01.498 Successfully matched event DataplanePermit:i153[1;m
[1;36m[1;44m00:33.632 00:01.498 Successfully matched event DataplanePermit:i154[1;m
[1;36m[1;44m00:33.632 00:01.498 Successfully matched event DataplanePermit:i155[1;m
[1;36m[1;44m00:33.633 00:01.499 Successfully matched event DataplanePermit:i156[1;m
[1;36m[1;44m00:33.633 00:01.499 Successfully matched event DataplanePermit:i157[1;m
[1;36m[1;44m00:33.634 00:01.499 Successfully matched event DataplanePermit:i158[1;m
[1;36m[1;44m00:33.634 00:01.500 Successfully matched event DataplanePermit:i159[1;m
[1;36m[1;44m00:33.634 00:01.500 Successfully matched event DataplanePermit:i160[1;m
[1;36m[1;44m00:33.635 00:01.500 Successfully matched event DataplanePermit:i161[1;m
[1;36m[1;44m00:33.635 00:01.501 Successfully matched event DataplanePermit:i162[1;m
[1;36m[1;44m00:33.635 00:01.501 Successfully matched event DataplanePermit:i163[1;m
[1;36m[1;44m00:33.636 00:01.501 Successfully matched event DataplanePermit:i164[1;m
[1;36m[1;44m00:33.636 00:01.502 Successfully matched event DataplanePermit:i165[1;m
[1;36m[1;44m00:33.637 00:01.502 Successfully matched event DataplanePermit:i166[1;m
[1;36m[1;44m00:33.637 00:01.502 Successfully matched event DataplanePermit:i167[1;m
[1;41m[1;33m[c1] INFO:openflow.discovery:link detected: 00-00-00-00-00-03.2 -> 00-00-00-00-00-01.1[1;m

[1;35m[1;41m00:34.383 00:01.604 Event timed out ControlMessageReceive:i168 c c1 -> s 3 [ofp_flow_mod: hard_timeout=30, out_port=65535, priority=32768, idle_timeout=10, command=add, actions=(u'output(3)',), flags=0, match=dl_src:12:34:56:78:03:03,dl_dst:12:34:56:78:03:03,dl_vlan:65535,dl_vlan_pcp:0,dl_type:2054,nw_proto:2,nw_src:10.3.3.2/32,nw_dst:10.3.3.2/32,in_port:None][1;m
[1;36m[1;36mRound 16[1;37m[1;m
[1;36m[1;44m00:34.384 00:01.605 Successfully matched event ControlMessageReceive:i169 c c1 -> s 1 [ofp_flow_mod: hard_timeout=0, out_port=65535, priority=32768, idle_timeout=0, command=delete, actions=(), flags=0, match=x^L,in_port:None][1;m
[1;36m[1;44m00:34.385 00:01.606 Successfully matched event ControlMessageReceive:i170 c c1 -> s 2 [ofp_flow_mod: hard_timeout=0, out_port=65535, priority=32768, idle_timeout=0, command=delete, actions=(), flags=0, match=x^L,in_port:None][1;m
[1;35m[1;41m00:34.939 00:01.607 Event timed out ControlMessageReceive:i171 c c1 -> s 2 [ofp_flow_mod: hard_timeout=30, out_port=65535, priority=32768, idle_timeout=10, command=add, actions=(u'output(3)',), flags=0, match=dl_src:12:34:56:78:02:03,dl_dst:12:34:56:78:02:03,dl_vlan:65535,dl_vlan_pcp:0,dl_type:2054,nw_proto:2,nw_src:10.2.3.2/32,nw_dst:10.2.3.2/32,in_port:None][1;m
[1;35m[1;41m00:35.495 00:01.609 Event timed out ControlMessageReceive:i172 c c1 -> s 1 [ofp_flow_mod: hard_timeout=30, out_port=65535, priority=32768, idle_timeout=10, command=add, actions=(u'output(3)',), flags=0, match=dl_src:12:34:56:78:01:03,dl_dst:12:34:56:78:01:03,dl_vlan:65535,dl_vlan_pcp:0,dl_type:2054,nw_proto:2,nw_src:10.1.3.2/32,nw_dst:10.1.3.2/32,in_port:None][1;m
[1;36m[1;44m00:35.496 00:01.609 Successfully matched event ControlMessageReceive:i173 c c1 -> s 1 [ofp_packet_out: actions=(), data=(), in_port=1][1;m
[1;35m[1;41m00:36.051 00:01.610 Event timed out ControlMessageReceive:i174 c c1 -> s 1 [ofp_flow_mod: hard_timeout=0, out_port=65535, priority=123, idle_timeout=0, command=add, actions=(), flags=0, match=x^L,in_port:None][1;m
[1;36m[1;44m00:36.052 00:01.611 Successfully matched event ControlMessageReceive:i175 c c1 -> s 3 [ofp_flow_mod: hard_timeout=0, out_port=65535, priority=32768, idle_timeout=0, command=delete, actions=(), flags=0, match=x^L,in_port:None][1;m
[1;35m[1;41m00:36.608 00:01.612 Event timed out ControlMessageSend:i176 c 2 -> s c1 [ofp_packet_in: data={u'class': u'arp'}, in_port=1][1;m
[1;35m[1;41m00:37.164 00:01.613 Event timed out ControlMessageSend:i177 c 3 -> s c1 [ofp_packet_in: data={u'class': u'arp'}, in_port=1][1;m
[1;35m[1;41m00:37.720 00:01.613 Event timed out ControlMessageSend:i178 c 2 -> s c1 [ofp_packet_in: data={u'class': u'arp'}, in_port=3][1;m
[1;36m[1;44m00:37.721 00:01.614 Successfully matched event ControlMessageSend:i179 c 3 -> s c1 [ofp_packet_in: data={u'class': u'arp'}, in_port=3][1;m
[1;41m[1;33m[c1] DEBUG:forwarding.l2_multi:Learned 12:34:56:78:03:03 at 00-00-00-00-00-03.3[1;m

[1;41m[1;33m[c1] DEBUG:forwarding.l2_multi:Flood multicast from 12:34:56:78:03:03[1;m

[1;35m[1;41m00:38.277 00:01.614 Event timed out ControlMessageSend:i180 c 2 -> s c1 [ofp_packet_in: data={u'class': u'arp'}, in_port=2][1;m
[1;35m[1;41m00:38.833 00:01.615 Event timed out ControlMessageSend:i181 c 3 -> s c1 [ofp_packet_in: data={u'class': u'arp'}, in_port=2][1;m
[1;35m[1;41m00:39.389 00:01.615 Event timed out ControlMessageSend:i182 c 1 -> s c1 [ofp_packet_in: data={u'class': u'arp'}, in_port=3][1;m
[1;35m[1;41m00:39.946 00:01.615 Event timed out ControlMessageSend:i183 c 1 -> s c1 [ofp_packet_in: data={u'class': u'arp'}, in_port=1][1;m
[1;35m[1;41m00:40.502 00:01.616 Event timed out ControlMessageSend:i184 c 1 -> s c1 [ofp_packet_in: data={u'class': u'arp'}, in_port=2][1;m
[1;35m[1;41m00:41.214 00:01.717 Event timed out ControlMessageReceive:i185 c c1 -> s 3 [ofp_flow_mod: hard_timeout=30, out_port=65535, priority=32768, idle_timeout=10, command=add, actions=(u'output(3)',), flags=0, match=dl_src:12:34:56:78:03:03,dl_dst:12:34:56:78:03:03,dl_vlan:65535,dl_vlan_pcp:0,dl_type:2054,nw_proto:2,nw_src:10.3.3.2/32,nw_dst:10.3.3.2/32,in_port:None][1;m
[1;36m[1;36mRound 17[1;37m[1;m
[1;35m[1;41m00:41.771 00:01.718 Event timed out ControlMessageReceive:i186 c c1 -> s 1 [ofp_packet_out: actions=(u'output(65531)',), data=(), in_port=1][1;m
[1;35m[1;41m00:42.326 00:01.718 Event timed out ControlMessageReceive:i187 c c1 -> s 3 [ofp_packet_out: actions=(u'output(65531)',), data=(), in_port=2][1;m
[1;35m[1;41m00:42.882 00:01.718 Event timed out ControlMessageReceive:i188 c c1 -> s 1 [ofp_packet_out: actions=(u'output(65531)',), data=(), in_port=2][1;m
[1;35m[1;41m00:43.438 00:01.719 Event timed out ControlMessageReceive:i189 c c1 -> s 2 [ofp_flow_mod: hard_timeout=30, out_port=65535, priority=32768, idle_timeout=10, command=add, actions=(u'output(3)',), flags=0, match=dl_src:12:34:56:78:02:03,dl_dst:12:34:56:78:02:03,dl_vlan:65535,dl_vlan_pcp:0,dl_type:2054,nw_proto:2,nw_src:10.2.3.2/32,nw_dst:10.2.3.2/32,in_port:None][1;m
[1;35m[1;41m00:43.994 00:01.720 Event timed out ControlMessageReceive:i190 c c1 -> s 1 [ofp_flow_mod: hard_timeout=30, out_port=65535, priority=32768, idle_timeout=10, command=add, actions=(u'output(3)',), flags=0, match=dl_src:12:34:56:78:01:03,dl_dst:12:34:56:78:01:03,dl_vlan:65535,dl_vlan_pcp:0,dl_type:2054,nw_proto:2,nw_src:10.1.3.2/32,nw_dst:10.1.3.2/32,in_port:None][1;m
[1;35m[1;41m00:44.551 00:01.720 Event timed out ControlMessageReceive:i191 c c1 -> s 3 [ofp_packet_out: actions=(u'output(65531)',), data=(), in_port=1][1;m
[1;41m[1;33m[c1] INFO:openflow.discovery:link timeout: 00-00-00-00-00-03.2 -> 00-00-00-00-00-01.1[1;m

[1;35m[1;41m00:45.106 00:01.721 Event timed out ControlMessageReceive:i192 c c1 -> s 1 [ofp_flow_mod: hard_timeout=0, out_port=65535, priority=123, idle_timeout=0, command=add, actions=(), flags=0, match=x^L,in_port:None][1;m
[1;35m[1;41m00:45.663 00:01.721 Event timed out ControlMessageReceive:i193 c c1 -> s 2 [ofp_packet_out: actions=(u'output(65531)',), data=(), in_port=2][1;m
[1;35m[1;41m00:46.219 00:01.721 Event timed out ControlMessageReceive:i194 c c1 -> s 2 [ofp_packet_out: actions=(u'output(65531)',), data=(), in_port=1][1;m
[1;35m[1;41m00:46.775 00:01.721 Event timed out ControlMessageSend:i195 c 2 -> s c1 [ofp_packet_in: data={u'class': u'arp'}, in_port=3][1;m
[1;35m[1;41m00:47.332 00:01.722 Event timed out ControlMessageSend:i196 c 3 -> s c1 [ofp_packet_in: data={u'class': u'arp'}, in_port=3][1;m
[1;35m[1;41m00:47.888 00:01.722 Event timed out ControlMessageSend:i197 c 1 -> s c1 [ofp_packet_in: data={u'class': u'arp'}, in_port=3][1;m
[1;36m[1;44m00:47.889 00:01.722 Successfully matched event DataplanePermit:i198[1;m
[1;36m[1;44m00:47.889 00:01.723 Successfully matched event DataplanePermit:i199[1;m
[1;36m[1;44m00:47.889 00:01.723 Successfully matched event DataplanePermit:i200[1;m
[1;36m[1;44m00:47.890 00:01.724 Successfully matched event DataplanePermit:i201[1;m
[1;36m[1;44m00:47.890 00:01.724 Successfully matched event DataplanePermit:i202[1;m
[1;36m[1;44m00:47.891 00:01.724 Successfully matched event DataplanePermit:i203[1;m
[1;36m[1;44m00:47.891 00:01.725 Successfully matched event DataplanePermit:i204[1;m
[1;36m[1;44m00:47.892 00:01.725 Successfully matched event DataplanePermit:i205[1;m
[1;36m[1;44m00:47.892 00:01.725 Successfully matched event DataplanePermit:i206[1;m
[1;36m[1;44m00:47.892 00:01.726 Successfully matched event DataplanePermit:i207[1;m
[1;36m[1;44m00:47.893 00:01.726 Successfully matched event DataplanePermit:i208[1;m
[1;36m[1;44m00:47.893 00:01.726 Successfully matched event DataplanePermit:i209[1;m
[1;36m[1;44m00:47.893 00:01.827 Successfully matched event ControlMessageReceive:i210 c c1 -> s 3 [ofp_packet_out: actions=(u'output(65531)',), data=(), in_port=3][1;m
[1;36m[1;36mRound 18[1;37m[1;m
[1;36mForwarding dataplane event[1;m
[1;36mForwarding dataplane event[1;m
[1;35m[1;41m00:48.444 00:01.827 Event timed out ControlMessageReceive:i211 c c1 -> s 1 [ofp_packet_out: actions=(u'output(65531)',), data=(), in_port=3][1;m
[1;35m[1;41m00:49.000 00:01.828 Event timed out ControlMessageReceive:i212 c c1 -> s 2 [ofp_packet_out: actions=(u'output(65531)',), data=(), in_port=3][1;m
[1;36m[1;44m00:49.001 00:01.828 Successfully matched event ControlMessageSend:i213 c 2 -> s c1 [ofp_packet_in: data={u'class': u'arp'}, in_port=1][1;m
[1;41m[1;33m[c1] DEBUG:forwarding.l2_multi:12:34:56:78:03:03 moved from 00-00-00-00-00-03.3 to 00-00-00-00-00-02.1?[1;m

[1;41m[1;33m[c1] DEBUG:forwarding.l2_multi:Learned 12:34:56:78:03:03 at 00-00-00-00-00-02.1[1;m

[1;41m[1;33m[c1] DEBUG:forwarding.l2_multi:Flood multicast from 12:34:56:78:03:03[1;m

[1;35m[1;41m00:49.556 00:01.828 Event timed out ControlMessageSend:i214 c 3 -> s c1 [ofp_packet_in: data={u'class': u'arp'}, in_port=1][1;m
[1;35m[1;41m00:50.112 00:01.828 Event timed out ControlMessageSend:i215 c 3 -> s c1 [ofp_packet_in: data={u'class': u'arp'}, in_port=2][1;m
[1;35m[1;41m00:50.669 00:01.829 Event timed out ControlMessageSend:i216 c 2 -> s c1 [ofp_packet_in: data={u'class': u'arp'}, in_port=2][1;m
[1;36m[1;44m00:50.670 00:01.829 Successfully matched event DataplanePermit:i217[1;m
[1;36m[1;44m00:50.670 00:01.830 Successfully matched event DataplanePermit:i218[1;m
[1;36m[1;44m00:50.670 00:01.830 Successfully matched event DataplanePermit:i219[1;m
[1;36m[1;44m00:50.671 00:01.830 Successfully matched event DataplanePermit:i220[1;m
[1;36m[1;44m00:50.671 00:01.831 Successfully matched event DataplanePermit:i221[1;m
[1;36m[1;44m00:50.672 00:01.831 Successfully matched event DataplanePermit:i222[1;m
[1;36m[1;44m00:50.673 00:01.932 Successfully matched event ControlMessageReceive:i223 c c1 -> s 3 [ofp_packet_out: actions=(u'output(3)',), data={u'class': u'lldp'}, in_port=65535][1;m
[1;36m[1;36mRound 19[1;37m[1;m
[1;36mForwarding dataplane event[1;m
[1;35m[1;41m00:51.225 00:01.932 Event timed out ControlMessageReceive:i224 c c1 -> s 3 [ofp_packet_out: actions=(u'output(65531)',), data=(), in_port=2][1;m
[1;35m[1;41m00:51.781 00:01.933 Event timed out ControlMessageReceive:i225 c c1 -> s 3 [ofp_packet_out: actions=(u'output(65531)',), data=(), in_port=1][1;m
[1;35m[1;41m00:52.338 00:01.933 Event timed out ControlMessageReceive:i226 c c1 -> s 2 [ofp_packet_out: actions=(u'output(65531)',), data=(), in_port=2][1;m
[1;36m[1;44m00:52.339 00:01.933 Successfully matched event ControlMessageReceive:i227 c c1 -> s 2 [ofp_packet_out: actions=(u'output(65531)',), data=(), in_port=1][1;m
[1;36mForwarding dataplane event[1;m
[1;36mForwarding dataplane event[1;m
[1;35m[1;41m00:52.894 00:01.933 Event timed out ControlMessageSend:i228 c 2 -> s c1 [ofp_packet_in: data={u'class': u'arp'}, in_port=1][1;m
[1;35m[1;41m00:53.450 00:01.934 Event timed out ControlMessageSend:i229 c 3 -> s c1 [ofp_packet_in: data={u'class': u'arp'}, in_port=1][1;m
[1;35m[1;41m00:54.006 00:01.934 Event timed out ControlMessageSend:i230 c 3 -> s c1 [ofp_packet_in: data={u'class': u'arp'}, in_port=2][1;m
[1;35m[1;41m00:54.563 00:01.934 Event timed out ControlMessageSend:i231 c 2 -> s c1 [ofp_packet_in: data={u'class': u'arp'}, in_port=2][1;m
[1;36m[1;44m00:54.564 00:01.935 Successfully matched event DataplanePermit:i232[1;m
[1;36m[1;44m00:54.564 00:01.935 Successfully matched event DataplanePermit:i233[1;m
[1;36m[1;44m00:54.565 00:01.936 Successfully matched event DataplanePermit:i234[1;m
[1;36m[1;44m00:54.565 00:01.936 Successfully matched event DataplanePermit:i235[1;m
[1;36m[1;44m00:54.565 00:01.937 Successfully matched event DataplanePermit:i236[1;m
[1;36m[1;44m00:54.566 00:01.937 Successfully matched event DataplanePermit:i237[1;m
[1;36m[1;44m00:54.566 00:01.937 Successfully matched event DataplanePermit:i238[1;m
[1;36m[1;44m00:54.567 00:01.938 Successfully matched event DataplanePermit:i239[1;m
[1;36m[1;44m00:54.567 00:01.938 Successfully matched event DataplanePermit:i240[1;m
[1;35m[1;41m00:55.319 00:02.039 Event timed out ControlMessageReceive:i241 c c1 -> s 3 [ofp_packet_out: actions=(u'output(65531)',), data=(), in_port=2][1;m
[1;36m[1;36mRound 20[1;37m[1;m
[1;35m[1;41m00:55.875 00:02.040 Event timed out ControlMessageReceive:i242 c c1 -> s 3 [ofp_packet_out: actions=(u'output(65531)',), data=(), in_port=1][1;m
[1;35m[1;41m00:56.431 00:02.040 Event timed out ControlMessageReceive:i243 c c1 -> s 2 [ofp_packet_out: actions=(u'output(65531)',), data=(), in_port=2][1;m
[1;35m[1;41m00:56.988 00:02.041 Event timed out ControlMessageReceive:i244 c c1 -> s 2 [ofp_packet_out: actions=(u'output(65531)',), data=(), in_port=1][1;m
[1;35m[1;41m00:57.544 00:02.042 Event timed out ControlMessageSend:i245 c 2 -> s c1 [ofp_packet_in: data={u'class': u'arp'}, in_port=1][1;m
[1;35m[1;41m00:58.100 00:02.042 Event timed out ControlMessageSend:i246 c 3 -> s c1 [ofp_packet_in: data={u'class': u'arp'}, in_port=1][1;m
[1;36m[1;44m00:58.102 00:02.043 Successfully matched event TrafficInjection:e247[1;m
[1;36mForwarding dataplane event[1;m
[1;36m[1;44m00:58.104 00:02.044 Successfully matched event TrafficInjection:e248[1;m
[1;36mForwarding dataplane event[1;m
[1;36m[1;44m00:58.105 00:02.045 Successfully matched event TrafficInjection:e249[1;m
[1;36mForwarding dataplane event[1;m
[1;36m[1;44m00:58.106 00:02.047 Successfully matched event DataplanePermit:i250[1;m
[1;36m[1;44m00:58.106 00:02.048 Successfully matched event DataplanePermit:i251[1;m
[1;36m[1;44m00:58.106 00:02.049 Successfully matched event DataplanePermit:i252[1;m
[1;36m[1;44m00:58.106 00:02.049 Successfully matched event DataplanePermit:i253[1;m
[1;36m[1;44m00:58.107 00:02.049 Successfully matched event DataplanePermit:i254[1;m
[1;36m[1;44m00:58.107 00:02.050 Successfully matched event DataplanePermit:i255[1;m
[1;36m[1;44m00:58.107 00:02.050 Successfully matched event DataplanePermit:i256[1;m
[1;36m[1;44m00:58.107 00:02.051 Successfully matched event DataplanePermit:i257[1;m
[1;36m[1;44m00:58.107 00:02.051 Successfully matched event DataplanePermit:i258[1;m
[1;36m[1;44m00:58.108 00:02.052 Successfully matched event DataplanePermit:i259[1;m
[1;36m[1;44m00:58.108 00:02.052 Successfully matched event DataplanePermit:i260[1;m
[1;36m[1;44m00:58.108 00:02.052 Successfully matched event DataplanePermit:i261[1;m
[1;36m[1;44m00:58.108 00:02.053 Successfully matched event DataplanePermit:i262[1;m
[1;36m[1;44m00:58.108 00:02.053 Successfully matched event DataplanePermit:i263[1;m
[1;36m[1;44m00:58.108 00:02.053 Successfully matched event DataplanePermit:i264[1;m
[1;35m[1;41m00:58.856 00:02.154 Event timed out ControlMessageReceive:i265 c c1 -> s 3 [ofp_packet_out: actions=(u'output(65531)',), data=(), in_port=1][1;m
[1;36m[1;36mRound 21[1;37m[1;m
[1;35m[1;41m00:59.412 00:02.155 Event timed out ControlMessageReceive:i266 c c1 -> s 2 [ofp_packet_out: actions=(u'output(65531)',), data=(), in_port=1][1;m
[1;35m[1;41m00:59.969 00:02.155 Event timed out ControlMessageSend:i267 c 2 -> s c1 [ofp_packet_in: data={u'class': u'arp'}, in_port=1][1;m
[1;35m[1;41m01:00.525 00:02.156 Event timed out ControlMessageSend:i268 c 3 -> s c1 [ofp_packet_in: data={u'class': u'arp'}, in_port=1][1;m
[1;36m[1;44m01:00.525 00:02.156 Successfully matched event ControlMessageSend:i269 c 2 -> s c1 [ofp_packet_in: data={u'class': u'arp'}, in_port=3][1;m
[1;36m[1;44m01:00.526 00:02.157 Successfully matched event ControlMessageSend:i270 c 3 -> s c1 [ofp_packet_in: data={u'class': u'arp'}, in_port=3][1;m
[1;36m[1;44m01:00.526 00:02.158 Successfully matched event DataplanePermit:i271[1;m
[1;36m[1;44m01:00.526 00:02.158 Successfully matched event DataplanePermit:i272[1;m
[1;36m[1;44m01:00.526 00:02.159 Successfully matched event DataplanePermit:i273[1;m
[1;36m[1;44m01:00.526 00:02.160 Successfully matched event DataplanePermit:i274[1;m
[1;36m[1;44m01:00.527 00:02.161 Successfully matched event DataplanePermit:i275[1;m
[1;36m[1;44m01:00.527 00:02.161 Successfully matched event DataplanePermit:i276[1;m
[1;41m[1;33m[c1] DEBUG:forwarding.l2_multi:12:34:56:78:03:03 moved from 00-00-00-00-00-02.1 to 00-00-00-00-00-03.3?[1;m

[1;41m[1;33m[c1] DEBUG:forwarding.l2_multi:Learned 12:34:56:78:03:03 at 00-00-00-00-00-03.3[1;m

[1;41m[1;33m[c1] DEBUG:forwarding.l2_multi:Flood multicast from 12:34:56:78:03:03[1;m

[1;36m[1;44m01:00.529 00:02.262 Successfully matched event ControlMessageReceive:i277 c c1 -> s 3 [ofp_packet_out: actions=(u'output(65531)',), data=(), in_port=3][1;m[1;41m[1;33m[c1] DEBUG:forwarding.l2_multi:Learned 12:34:56:78:02:03 at 00-00-00-00-00-02.3[1;m


[1;36m[1;36mRound 22[1;37m[1;m
[1;36mForwarding dataplane event[1;m[1;41m[1;33m[c1] DEBUG:forwarding.l2_multi:Flood multicast from 12:34:56:78:02:03[1;m


[1;36mForwarding dataplane event[1;m
[1;35m[1;41m01:01.081 00:02.263 Event timed out ControlMessageReceive:i278 c c1 -> s 3 [ofp_packet_out: actions=(u'output(65531)',), data=(), in_port=1][1;m
[1;36m[1;44m01:01.082 00:02.263 Successfully matched event ControlMessageReceive:i279 c c1 -> s 2 [ofp_packet_out: actions=(u'output(65531)',), data=(), in_port=3][1;m
[1;36mForwarding dataplane event[1;m
[1;36mForwarding dataplane event[1;m
[1;35m[1;41m01:01.637 00:02.264 Event timed out ControlMessageReceive:i280 c c1 -> s 2 [ofp_packet_out: actions=(u'output(65531)',), data=(), in_port=1][1;m
[1;35m[1;41m01:02.194 00:02.265 Event timed out ControlMessageSend:i281 c 3 -> s c1 [ofp_packet_in: data={u'class': u'arp'}, in_port=3][1;m
[1;36m[1;44m01:02.195 00:02.266 Successfully matched event DataplanePermit:i282[1;m
[1;36m[1;44m01:02.195 00:02.267 Successfully matched event DataplanePermit:i283[1;m
[1;36m[1;44m01:02.196 00:02.268 Successfully matched event DataplanePermit:i284[1;m
[1;36m[1;44m01:02.196 00:02.268 Successfully matched event DataplanePermit:i285[1;m
[1;36m[1;44m01:02.196 00:02.269 Successfully matched event DataplanePermit:i286[1;m
[1;36m[1;44m01:02.197 00:02.270 Successfully matched event DataplanePermit:i287[1;m
[1;36m[1;44m01:02.197 00:02.270 Successfully matched event DataplanePermit:i288[1;m
[1;36m[1;44m01:02.198 00:02.271 Successfully matched event DataplanePermit:i289[1;m
[1;36m[1;44m01:02.198 00:02.372 Successfully matched event ControlMessageSend:i290 c 2 -> s c1 [ofp_packet_in: data={u'class': u'arp'}, in_port=1][1;m
[1;36m[1;36mRound 23[1;37m[1;m
[1;36m[1;44m01:02.199 00:02.372 Successfully matched event ControlMessageSend:i291 c 3 -> s c1 [ofp_packet_in: data={u'class': u'arp'}, in_port=1][1;m
[1;41m[1;33m[c1] DEBUG:forwarding.l2_multi:12:34:56:78:02:03 moved from 00-00-00-00-00-02.3 to 00-00-00-00-00-03.1?[1;m

[1;41m[1;33m[c1] DEBUG:forwarding.l2_multi:Learned 12:34:56:78:02:03 at 00-00-00-00-00-03.1[1;m

[1;41m[1;33m[c1] DEBUG:forwarding.l2_multi:Flood multicast from 12:34:56:78:02:03[1;m

[1;41m[1;33m[c1] DEBUG:forwarding.l2_multi:12:34:56:78:03:03 moved from 00-00-00-00-00-03.3 to 00-00-00-00-00-02.1?[1;m

[1;41m[1;33m[c1] DEBUG:forwarding.l2_multi:Learned 12:34:56:78:03:03 at 00-00-00-00-00-02.1[1;m

[1;41m[1;33m[c1] DEBUG:forwarding.l2_multi:Flood multicast from 12:34:56:78:03:03[1;m

[1;35m[1;41m01:02.749 00:02.373 Event timed out ControlMessageSend:i292 c 3 -> s c1 [ofp_packet_in: data={u'class': u'arp'}, in_port=3][1;m
[1;36m[1;44m01:02.750 00:02.374 Successfully matched event DataplanePermit:i293[1;m
[1;35m[1;41m01:03.461 00:02.475 Event timed out ControlMessageReceive:i294 c c1 -> s 3 [ofp_flow_mod: hard_timeout=30, out_port=65535, priority=32768, idle_timeout=10, command=add, actions=(u'output(1)',), flags=0, match=dl_src:12:34:56:78:03:03,dl_dst:12:34:56:78:02:03,dl_vlan:65535,dl_vlan_pcp:0,dl_type:2054,nw_proto:2,nw_src:10.3.3.2/32,nw_dst:10.2.3.2/32,in_port:None][1;m
[1;36m[1;36mRound 24[1;37m[1;m
[1;36m[1;44m01:03.462 00:02.476 Successfully matched event ControlMessageReceive:i295 c c1 -> s 3 [ofp_packet_out: actions=(u'output(65531)',), data=(), in_port=1][1;m
[1;36mForwarding dataplane event[1;m
[1;36mForwarding dataplane event[1;m
[1;36m[1;44m01:03.463 00:02.477 Successfully matched event ControlMessageReceive:i296 c c1 -> s 2 [ofp_packet_out: actions=(u'output(1)',), data={u'class': u'lldp'}, in_port=65535][1;m
[1;36mForwarding dataplane event[1;m
[1;36m[1;44m01:03.464 00:02.478 Successfully matched event ControlMessageReceive:i297 c c1 -> s 2 [ofp_packet_out: actions=(u'output(65531)',), data=(), in_port=1][1;m
[1;36mForwarding dataplane event[1;m
[1;36mForwarding dataplane event[1;m
[1;35m[1;41m01:04.018 00:02.478 Event timed out ControlMessageSend:i298 c 3 -> s c1 [ofp_packet_in: data={u'class': u'arp'}, in_port=3][1;m
[1;36m[1;44m01:04.019 00:02.479 Successfully matched event DataplanePermit:i299[1;m
[1;36m[1;44m01:04.019 00:02.480 Successfully matched event DataplanePermit:i300[1;m
[1;36m[1;44m01:04.020 00:02.481 Successfully matched event DataplanePermit:i301[1;m
[1;36m[1;44m01:04.020 00:02.481 Successfully matched event DataplanePermit:i302[1;m
[1;36m[1;44m01:04.020 00:02.481 Successfully matched event DataplanePermit:i303[1;m
[1;36m[1;44m01:04.021 00:02.482 Successfully matched event DataplanePermit:i304[1;m
[1;35m[1;41m01:04.774 00:02.582 Event timed out ControlMessageSend:i305 c 2 -> s c1 [ofp_packet_in: data={u'class': u'arp'}, in_port=1][1;m
[1;36m[1;36mRound 25[1;37m[1;m
[1;36m[1;44m01:04.775 00:02.583 Successfully matched event ControlMessageSend:i306 c 3 -> s c1 [ofp_packet_in: data={u'class': u'lldp'}, in_port=1][1;m
[1;36m[1;44m01:04.776 00:02.587 Successfully matched event DataplanePermit:i310[1;m
[1;36m[1;44m01:04.776 00:02.588 Successfully matched event DataplanePermit:i311[1;m
[1;36m[1;44m01:04.776 00:02.589 Successfully matched event DataplanePermit:i312[1;m
[1;41m[1;33m[c1] INFO:openflow.discovery:link detected: 00-00-00-00-00-02.1 -> 00-00-00-00-00-03.1[1;m

[1;41m[1;33m[c1] DEBUG:forwarding.l2_multi:Unlearned 12:34:56:78:02:03[1;m
[1;36m[1;44m01:04.779 00:02.689 Successfully matched event ControlMessageReceive:i313 c c1 -> s 3 [ofp_packet_out: actions=(), data=(), in_port=1][1;m

[1;36m[1;36mRound 26[1;37m[1;m[1;41m[1;33m[c1] DEBUG:forwarding.l2_multi:Unlearned 12:34:56:78:03:03[1;m


[1;36m[1;44m01:04.779 00:02.690 Successfully matched event ControlMessageReceive:i314 c c1 -> s 1 [ofp_flow_mod: hard_timeout=0, out_port=65535, priority=32768, idle_timeout=0, command=delete, actions=(), flags=0, match=x^L,in_port:None][1;m
[1;36m[1;44m01:04.780 00:02.691 Successfully matched event ControlMessageReceive:i315 c c1 -> s 2 [ofp_flow_mod: hard_timeout=0, out_port=65535, priority=32768, idle_timeout=0, command=delete, actions=(), flags=0, match=x^L,in_port:None][1;m
[1;36m[1;44m01:04.780 00:02.692 Successfully matched event ControlMessageReceive:i316 c c1 -> s 3 [ofp_flow_mod: hard_timeout=0, out_port=65535, priority=32768, idle_timeout=0, command=delete, actions=(), flags=0, match=x^L,in_port:None][1;m
[1;35m[1;41m01:05.330 00:02.693 Event timed out ControlMessageReceive:i317 c c1 -> s 2 [ofp_packet_out: actions=(u'output(65531)',), data=(), in_port=1][1;m
[1;35m[1;41m01:05.886 00:02.694 Event timed out ControlMessageSend:i318 c 2 -> s c1 [ofp_packet_in: data={u'class': u'arp'}, in_port=3][1;m
[1;35m[1;41m01:06.443 00:02.694 Event timed out ControlMessageSend:i319 c 3 -> s c1 [ofp_packet_in: data={u'class': u'arp'}, in_port=3][1;m
[1;36m[1;44m01:06.444 00:02.695 Successfully matched event DataplanePermit:i320[1;m
[1;36m[1;44m01:06.444 00:02.696 Successfully matched event DataplanePermit:i321[1;m
[1;35m[1;41m01:07.200 00:02.797 Event timed out ControlMessageReceive:i322 c c1 -> s 3 [ofp_packet_out: actions=(u'output(65531)',), data=(), in_port=3][1;m
[1;36m[1;36mRound 27[1;37m[1;m
[1;35m[1;41m01:07.756 00:02.798 Event timed out ControlMessageReceive:i323 c c1 -> s 2 [ofp_packet_out: actions=(u'output(65531)',), data=(), in_port=3][1;m
[1;36m[1;44m01:07.757 00:02.798 Successfully matched event ControlMessageSend:i324 c 1 -> s c1 [ofp_packet_in: data={u'class': u'arp'}, in_port=2][1;m
[1;36m[1;44m01:07.757 00:02.799 Successfully matched event DataplanePermit:i325[1;m
[1;36m[1;44m01:07.757 00:02.800 Successfully matched event DataplanePermit:i326[1;m
[1;36m[1;44m01:07.757 00:02.801 Successfully matched event DataplanePermit:i327[1;m
[1;36m[1;44m01:07.758 00:02.802 Successfully matched event DataplanePermit:i328[1;m
[1;41m[1;33m[c1] DEBUG:forwarding.l2_multi:Learned 12:34:56:78:03:03 at 00-00-00-00-00-01.2[1;m

[1;41m[1;33m[c1] DEBUG:forwarding.l2_multi:Flood multicast from 12:34:56:78:03:03[1;m

[1;35m[1;41m01:08.467 00:02.902 Event timed out ControlMessageSend:i329 c 2 -> s c1 [ofp_packet_in: data={u'class': u'arp'}, in_port=1][1;m
[1;36m[1;36mRound 28[1;37m[1;m
[1;35m[1;41m01:09.024 00:02.903 Event timed out ControlMessageSend:i330 c 3 -> s c1 [ofp_packet_in: data={u'class': u'arp'}, in_port=1][1;m
[1;36m[1;44m01:09.024 00:02.903 Successfully matched event ControlMessageSend:i331 c 1 -> s c1 [ofp_packet_in: data={u'class': u'arp'}, in_port=2][1;m
[1;36m[1;44m01:09.025 00:02.904 Successfully matched event ControlMessageSend:i332 c 1 -> s c1 [ofp_packet_in: data={u'class': u'arp'}, in_port=1][1;m
[1;41m[1;33m[c1] DEBUG:forwarding.l2_multi:Learned 12:34:56:78:02:03 at 00-00-00-00-00-01.2[1;m

[1;41m[1;33m[c1] DEBUG:forwarding.l2_multi:Flood multicast from 12:34:56:78:02:03[1;m

[1;41m[1;33m[c1] DEBUG:forwarding.l2_multi:12:34:56:78:03:03 moved from 00-00-00-00-00-01.2 to 00-00-00-00-00-01.1?[1;m

[1;41m[1;33m[c1] DEBUG:forwarding.l2_multi:Learned 12:34:56:78:03:03 at 00-00-00-00-00-01.1[1;m

[1;41m[1;33m[c1] DEBUG:forwarding.l2_multi:Flood multicast from 12:34:56:78:03:03[1;m

[1;36m[1;44m01:09.065 00:02.998 Successfully matched event ControlMessageReceive:i333 c c1 -> s 1 [ofp_packet_out: actions=(u'output(65531)',), data=(), in_port=1][1;m
[1;36m[1;36mRound 29[1;37m[1;m
[1;36mForwarding dataplane event[1;m
[1;36mForwarding dataplane event[1;m
[1;36m[1;44m01:09.068 00:02.998 Successfully matched event ControlMessageReceive:i334 c c1 -> s 1 [ofp_packet_out: actions=(u'output(65531)',), data=(), in_port=2][1;m
[1;36mForwarding dataplane event[1;m
[1;36mForwarding dataplane event[1;m
[1;36mForwarding dataplane event[1;m
[1;35m[1;41m01:09.580 00:02.999 Event timed out ControlMessageReceive:i335 c c1 -> s 3 [ofp_packet_out: actions=(u'output(65531)',), data=(), in_port=1][1;m
[1;36mForwarding dataplane event[1;m
[1;36m[1;44m01:09.582 00:02.999 Successfully matched event ControlMessageReceive:i336 c c1 -> s 2 [ofp_packet_out: actions=(u'output(2)',), data={u'class': u'lldp'}, in_port=65535][1;m
[1;36mForwarding dataplane event[1;m
[1;35m[1;41m01:10.136 00:02.999 Event timed out ControlMessageReceive:i337 c c1 -> s 2 [ofp_packet_out: actions=(u'output(65531)',), data=(), in_port=1][1;m
[1;36m[1;44m01:10.137 00:03.000 Successfully matched event DataplanePermit:i338[1;m
[1;36m[1;44m01:10.138 00:03.000 Successfully matched event DataplanePermit:i339[1;m
[1;36m[1;44m01:10.138 00:03.001 Successfully matched event DataplanePermit:i340[1;m
[1;36m[1;44m01:10.138 00:03.002 Successfully matched event DataplanePermit:i341[1;m
[1;36m[1;44m01:10.139 00:03.003 Successfully matched event DataplanePermit:i342[1;m
[1;36m[1;44m01:10.139 00:03.004 Successfully matched event DataplanePermit:i343[1;m
[1;36m[1;44m01:10.140 00:03.005 Successfully matched event DataplanePermit:i344[1;m
[1;36m[1;44m01:10.140 00:03.006 Successfully matched event DataplanePermit:i345[1;m
[1;36m[1;44m01:10.140 00:03.006 Successfully matched event DataplanePermit:i346[1;m
[1;36m[1;44m01:10.141 00:03.107 Successfully matched event ControlMessageSend:i347 c 1 -> s c1 [ofp_packet_in: data={u'class': u'arp'}, in_port=2][1;m
[1;36m[1;36mRound 30[1;37m[1;m
[1;36m[1;44m01:10.141 00:03.108 Successfully matched event ControlMessageSend:i348 c 3 -> s c1 [ofp_packet_in: data={u'class': u'arp'}, in_port=2][1;m
[1;36m[1;44m01:10.142 00:03.108 Successfully matched event ControlMessageSend:i349 c 2 -> s c1 [ofp_packet_in: data={u'class': u'arp'}, in_port=2][1;m
[1;36m[1;44m01:10.142 00:03.109 Successfully matched event ControlMessageSend:i350 c 1 -> s c1 [ofp_packet_in: data={u'class': u'arp'}, in_port=1][1;m
[1;36m[1;44m01:10.142 00:03.109 Successfully matched event ControlMessageSend:i351 c 1 -> s c1 [ofp_packet_in: data={u'class': u'lldp'}, in_port=2][1;m
[1;36m[1;44m01:10.143 00:03.114 Successfully matched event DataplanePermit:i355[1;m
[1;36m[1;44m01:10.143 00:03.114 Successfully matched event DataplanePermit:i356[1;m
[1;36m[1;44m01:10.143 00:03.115 Successfully matched event DataplanePermit:i357[1;m
[1;36m[1;44m01:10.143 00:03.116 Successfully matched event DataplanePermit:i358[1;m
[1;36m[1;44m01:10.144 00:03.117 Successfully matched event DataplanePermit:i359[1;m
[1;36m[1;44m01:10.144 00:03.217 Successfully matched event ControlMessageReceive:i360 c c1 -> s 2 [ofp_flow_mod: hard_timeout=0, out_port=65535, priority=32768, idle_timeout=0, command=delete, actions=(), flags=0, match=x^L,in_port:None][1;m
[1;36m[1;36mRound 31[1;37m[1;m
[1;36m[1;44m01:10.144 00:03.218 Successfully matched event ControlMessageReceive:i361 c c1 -> s 1 [ofp_flow_mod: hard_timeout=0, out_port=65535, priority=32768, idle_timeout=0, command=delete, actions=(), flags=0, match=x^L,in_port:None][1;m
[1;41m[1;33m[c1] DEBUG:forwarding.l2_multi:12:34:56:78:03:03 moved from 00-00-00-00-00-01.1 to 00-00-00-00-00-03.2?[1;m

[1;41m[1;33m[c1] DEBUG:forwarding.l2_multi:Learned 12:34:56:78:03:03 at 00-00-00-00-00-03.2[1;m

[1;41m[1;33m[c1] DEBUG:forwarding.l2_multi:Flood multicast from 12:34:56:78:03:03[1;m

[1;41m[1;33m[c1] DEBUG:forwarding.l2_multi:12:34:56:78:03:03 moved from 00-00-00-00-00-03.2 to 00-00-00-00-00-02.2?[1;m

[1;41m[1;33m[c1] DEBUG:forwarding.l2_multi:Learned 12:34:56:78:03:03 at 00-00-00-00-00-02.2[1;m

[1;41m[1;33m[c1] DEBUG:forwarding.l2_multi:Flood multicast from 12:34:56:78:03:03[1;m

[1;41m[1;33m[c1] DEBUG:forwarding.l2_multi:12:34:56:78:03:03 moved from 00-00-00-00-00-02.2 to 00-00-00-00-00-01.2?[1;m

[1;41m[1;33m[c1] DEBUG:forwarding.l2_multi:Learned 12:34:56:78:03:03 at 00-00-00-00-00-01.2[1;m

[1;41m[1;33m[c1] DEBUG:forwarding.l2_multi:Flood multicast from 12:34:56:78:03:03[1;m

[1;41m[1;33m[c1] DEBUG:forwarding.l2_multi:12:34:56:78:03:03 moved from 00-00-00-00-00-01.2 to 00-00-00-00-00-01.1?[1;m

[1;41m[1;33m[c1] DEBUG:forwarding.l2_multi:Learned 12:34:56:78:03:03 at 00-00-00-00-00-01.1[1;m

[1;41m[1;33m[c1] DEBUG:forwarding.l2_multi:Flood multicast from 12:34:56:78:03:03[1;m

[1;41m[1;33m[c1] INFO:openflow.discovery:link detected: 00-00-00-00-00-02.2 -> 00-00-00-00-00-01.2[1;m

[1;41m[1;33m[c1] DEBUG:forwarding.l2_multi:Unlearned 12:34:56:78:02:03[1;m

[1;36m[1;44m01:10.186 00:03.218 Successfully matched event ControlMessageReceive:i362 c c1 -> s 1 [ofp_packet_out: actions=(u'output(65531)',), data=(), in_port=1][1;m
[1;36mForwarding dataplane event[1;m
[1;36mForwarding dataplane event[1;m
[1;36m[1;44m01:10.187 00:03.219 Successfully matched event ControlMessageReceive:i363 c c1 -> s 3 [ofp_packet_out: actions=(u'output(65531)',), data=(), in_port=2][1;m
[1;36mForwarding dataplane event[1;m
[1;36mForwarding dataplane event[1;m
[1;36mForwarding dataplane event[1;m
[1;36m[1;44m01:10.188 00:03.219 Successfully matched event ControlMessageReceive:i364 c c1 -> s 1 [ofp_packet_out: actions=(u'output(65531)',), data=(), in_port=2][1;m
[1;36mForwarding dataplane event[1;m
[1;36mForwarding dataplane event[1;m
[1;36m[1;44m01:10.191 00:03.219 Successfully matched event ControlMessageReceive:i365 c c1 -> s 1 [ofp_packet_out: actions=(), data=(), in_port=2][1;m
[1;36mForwarding dataplane event[1;m
[1;36m[1;44m01:10.193 00:03.220 Successfully matched event ControlMessageReceive:i366 c c1 -> s 2 [ofp_packet_out: actions=(u'output(65531)',), data=(), in_port=2][1;m
[1;36mForwarding dataplane event[1;m
[1;36mForwarding dataplane event[1;m
[1;36m[1;44m01:10.195 00:03.220 Successfully matched event ControlMessageReceive:i367 c c1 -> s 3 [ofp_flow_mod: hard_timeout=0, out_port=65535, priority=32768, idle_timeout=0, command=delete, actions=(), flags=0, match=x^L,in_port:None][1;m
[1;35m[1;41m01:10.693 00:03.220 Event timed out ControlMessageSend:i368 c 2 -> s c1 [ofp_packet_in: data={u'class': u'arp'}, in_port=3][1;m
[1;35m[1;41m01:11.249 00:03.221 Event timed out ControlMessageSend:i369 c 3 -> s c1 [ofp_packet_in: data={u'class': u'arp'}, in_port=3][1;m
[1;36m[1;44m01:11.250 00:03.221 Successfully matched event ControlMessageSend:i370 c 1 -> s c1 [ofp_packet_in: data={u'class': u'arp'}, in_port=3][1;m
[1;36m[1;44m01:11.251 00:03.322 Successfully matched event DataplanePermit:i372[1;m
[1;36m[1;36mRound 32[1;37m[1;m
[1;36m[1;44m01:11.251 00:03.323 Successfully matched event DataplanePermit:i373[1;m
[1;36m[1;44m01:11.251 00:03.323 Successfully matched event DataplanePermit:i374[1;m
[1;36m[1;44m01:11.252 00:03.324 Successfully matched event DataplanePermit:i375[1;m
[1;36m[1;44m01:11.252 00:03.324 Successfully matched event DataplanePermit:i376[1;m
[1;36m[1;44m01:11.253 00:03.325 Successfully matched event DataplanePermit:i377[1;m
[1;36m[1;44m01:11.253 00:03.325 Successfully matched event DataplanePermit:i378[1;m
[1;36m[1;44m01:11.254 00:03.325 Successfully matched event DataplanePermit:i379[1;m
[1;41m[1;33m[c1] DEBUG:forwarding.l2_multi:Learned 12:34:56:78:01:03 at 00-00-00-00-00-01.3[1;m

[1;41m[1;33m[c1] DEBUG:forwarding.l2_multi:Flood multicast from 12:34:56:78:01:03[1;m

[1;35m[1;41m01:11.805 00:03.326 Event timed out ControlMessageReceive:i380 c c1 -> s 3 [ofp_packet_out: actions=(u'output(65531)',), data=(), in_port=3][1;m
[1;35m[1;41m01:12.362 00:03.326 Event timed out ControlMessageReceive:i381 c c1 -> s 1 [ofp_flow_mod: hard_timeout=0, out_port=65535, priority=123, idle_timeout=0, command=add, actions=(), flags=0, match=x^L,in_port:None][1;m
[1;35m[1;41m01:12.918 00:03.327 Event timed out ControlMessageReceive:i382 c c1 -> s 2 [ofp_packet_out: actions=(u'output(65531)',), data=(), in_port=3][1;m
[1;36m[1;44m01:12.919 00:03.327 Successfully matched event ControlMessageSend:i383 c 2 -> s c1 [ofp_packet_in: data={u'class': u'arp'}, in_port=1][1;m
[1;36m[1;44m01:12.920 00:03.327 Successfully matched event ControlMessageSend:i384 c 3 -> s c1 [ofp_packet_in: data={u'class': u'arp'}, in_port=1][1;m
[1;36m[1;44m01:12.921 00:03.327 Successfully matched event ControlMessageSend:i385 c 2 -> s c1 [ofp_packet_in: data={u'class': u'arp'}, in_port=2][1;m
[1;36m[1;44m01:12.921 00:03.328 Successfully matched event ControlMessageSend:i386 c 3 -> s c1 [ofp_packet_in: data={u'class': u'arp'}, in_port=2][1;m
[1;36m[1;44m01:12.922 00:03.328 Successfully matched event ControlMessageSend:i387 c 1 -> s c1 [ofp_packet_in: data={u'class': u'arp'}, in_port=3][1;m
[1;41m[1;33m[c1] DEBUG:forwarding.l2_multi:12:34:56:78:03:03 moved from 00-00-00-00-00-01.1 to 00-00-00-00-00-03.1?[1;m

[1;41m[1;33m[c1] DEBUG:forwarding.l2_multi:Learned 12:34:56:78:03:03 at 00-00-00-00-00-03.1[1;m

[1;41m[1;33m[c1] DEBUG:forwarding.l2_multi:Flood multicast from 12:34:56:78:03:03[1;m

[1;41m[1;33m[c1] DEBUG:forwarding.l2_multi:Learned 12:34:56:78:02:03 at 00-00-00-00-00-03.2[1;m

[1;41m[1;33m[c1] DEBUG:forwarding.l2_multi:Flood multicast from 12:34:56:78:02:03[1;m

[1;41m[1;33m[c1] DEBUG:forwarding.l2_multi:12:34:56:78:03:03 moved from 00-00-00-00-00-03.1 to 00-00-00-00-00-02.1?[1;m

[1;41m[1;33m[c1] DEBUG:forwarding.l2_multi:Learned 12:34:56:78:03:03 at 00-00-00-00-00-02.1[1;m

[1;41m[1;33m[c1] DEBUG:forwarding.l2_multi:Flood multicast from 12:34:56:78:03:03[1;m

[1;41m[1;33m[c1] DEBUG:forwarding.l2_multi:12:34:56:78:03:03 moved from 00-00-00-00-00-02.1 to 00-00-00-00-00-02.2?[1;m

[1;41m[1;33m[c1] DEBUG:forwarding.l2_multi:Learned 12:34:56:78:03:03 at 00-00-00-00-00-02.2[1;m

[1;41m[1;33m[c1] DEBUG:forwarding.l2_multi:Flood multicast from 12:34:56:78:03:03[1;m

[1;41m[1;33m[c1] WARNING:forwarding.l2_multi:Can't get from 12:34:56:78:01:03 to 12:34:56:78:03:03[1;m

[1;42m[1;37mNo correctness violations![1;m
[1;36m[1;44mEvent Stats: Events matched: 250, timed out: 125
Matches per event type:
  ConnectToControllers 1
  TrafficInjection 4
  ControlMessageSend 32
  ControlMessageReceive 51
  DataplanePermit 162
Timeouts per event type:
  ControlMessageSend 62
  ControlMessageReceive 63
[1;m
[1;36m[1;44mDataplaneDrop Stats: Expected drops (0), Actual drops (0)
Missed Drops (expected if TrafficInjections pruned):[1;m
[1;36mKilling controller c1[1;m
Terminating child controllers...close() called on stdout during concurrent operation
close() called on stderr during concurrent operation
 OK
