No DataplaneDrops to replay. We suggest you set Replayer's default_dp_permit=True 
INFO:Controller: =====> Starting POX Controller <===== 
[1;36mStarting POX controller c1[1;m
INFO:Controller:Launching controller c1: ./pox.py --verbose openflow.discovery forwarding.l2_multi_null_pointer sts.util.socket_mux.pox_monkeypatcher openflow.of_01 --address=../sts_socket_pipe
INFO:simulation:Launched controller c1: ./pox.py --verbose openflow.discovery forwarding.l2_multi_null_pointer sts.util.socket_mux.pox_monkeypatcher openflow.of_01 --address=../sts_socket_pipe [PID 5332]
INFO:simulation:Creating topology...
connect_socket_with_backoff sts_socket_pipe
Error connecting.  -- [Errno 61] Connection refused. Backing off 1 seconds ...
[1;33m[c1] POX 0.0.0 / Copyright 2011 James McCauley[1;m

[1;41m[1;33m[c1] DEBUG:core:POX 0.0.0 going up...[1;m

[1;41m[1;33m[c1] DEBUG:core:Running on CPython (2.7.5/Sep 12 2013 21:33:34)[1;m

[1;41m[1;33m[c1] INFO:core:POX 0.0.0 is up.[1;m

[1;41m[1;33m[c1] DEBUG:openflow.of_01:Listening for connections on ../sts_socket_pipe[1;m

[1;33m[c1] Incoming true socket connected[1;m

connect_socket_with_backoff sts_socket_pipe
[1;33m[c1] Incoming MockSocket connection[1;m
connect_socket_with_backoff sts_socket_pipe

[1;33m[c1] MAX_CONNS -2[1;m

connect_socket_with_backoff sts_socket_pipe[1;33m[c1] Incoming MockSocket connection[1;m


[1;33m[c1] MAX_CONNS -3[1;m
connect_socket_with_backoff sts_socket_pipe
[1;33m[c1] Incoming MockSocket connection[1;m


connect_socket_with_backoff sts_socket_pipe
[1;33m[c1] MAX_CONNS -4[1;m

connect_socket_with_backoff sts_socket_pipe[1;33m[c1] Incoming MockSocket connection[1;m

connect_socket_with_backoff sts_socket_pipe

[1;33m[c1] MAX_CONNS -5[1;m
connect_socket_with_backoff sts_socket_pipe

[1;33m[c1] Incoming MockSocket connection[1;m

connect_socket_with_backoff sts_socket_pipe[1;33m[c1] MAX_CONNS -6[1;m

[1;33m[c1] Incoming MockSocket connection[1;m


connect_socket_with_backoff sts_socket_pipe[1;33m[c1] MAX_CONNS -7[1;m


connect_socket_with_backoff sts_socket_pipe
connect_socket_with_backoff sts_socket_pipe
[1;33m[c1] Incoming MockSocket connection[1;m

connect_socket_with_backoff sts_socket_pipe[1;33m[c1] MAX_CONNS -8[1;m


connect_socket_with_backoff sts_socket_pipe[1;33m[c1] Incoming MockSocket connection[1;m


[1;33m[c1] MAX_CONNS -9[1;m
connect_socket_with_backoff sts_socket_pipe

[1;33m[c1] Incoming MockSocket connection[1;m

connect_socket_with_backoff sts_socket_pipe
[1;33m[c1] MAX_CONNS -10[1;m

connect_socket_with_backoff sts_socket_pipe[1;33m[c1] Incoming MockSocket connection[1;m


[1;33m[c1] MAX_CONNS -11[1;m
connect_socket_with_backoff sts_socket_pipe

[1;33m[c1] Incoming MockSocket connection[1;m
connect_socket_with_backoff sts_socket_pipe

[1;33m[c1] MAX_CONNS -12[1;m

connect_socket_with_backoff sts_socket_pipe
[1;33m[c1] Incoming MockSocket connection[1;m
[1;36m[1;44m00:00.510 00:00.000 Successfully matched event ConnectToControllers:e1[1;m

[1;33m[c1] MAX_CONNS -13[1;m

[1;36m[1;44m00:00.516 00:00.013 Successfully matched event ControlChannelBlock:e2[1;m[1;33m[c1] Incoming MockSocket connection[1;m


[1;36m[1;36mRound 1[1;37m[1;m[1;33m[c1] MAX_CONNS -14[1;m

[1;36m[1;44m00:00.516 00:00.013 Successfully matched event ControlChannelBlock:e3[1;m

[1;36mCutting link (20:4) -> (16:4)[1;m
 WARNING:ControllerConnection(id=20):In state FEATURE_REPLY -- supressing unexpected message: ofp_port_status
  header: 
    version: 1
    type:    12 (OFPT_PORT_STATUS)
    length:  64
    xid:     41
  reason: 2
  desc:
[1;33m[c1] Incoming MockSocket connection[1;m
[1;36m[1;44m00:00.517 00:00.022 Successfully matched event LinkFailure:e44[1;m

[1;36mCutting link (5:4) -> (14:1)[1;m[1;33m[c1] MAX_CONNS -15[1;m


WARNING:ControllerConnection(id=5):In state FEATURE_REPLY -- supressing unexpected message: ofp_port_status
  header: 
    version: 1
    type:    12 (OFPT_PORT_STATUS)
    length:  64
    xid:     43
  reason: 2
  desc:
[1;36m[1;44m00:00.518 00:00.023 Successfully matched event LinkFailure:e45[1;m[1;33m[c1] Incoming MockSocket connection[1;m


[1;36mCutting link (6:3) -> (13:2)[1;m
WARNING:ControllerConnection(id=6):In state FEATURE_REPLY -- supressing unexpected message: ofp_port_status
  header: 
    version: 1
    type:    12 (OFPT_PORT_STATUS)
    length:  64
    xid:     45
  reason: 2
  desc:
[1;33m[c1] MAX_CONNS -16[1;m
[1;36m[1;44m00:00.518 00:00.023 Successfully matched event LinkFailure:e46[1;m

[1;36mCutting link (9:3) -> (17:1)[1;m[1;33m[c1] Incoming MockSocket connection[1;m


WARNING:ControllerConnection(id=9):In state FEATURE_REPLY -- supressing unexpected message: ofp_port_status
  header: 
    version: 1
    type:    12 (OFPT_PORT_STATUS)
    length:  64
    xid:     47
  reason: 2
  desc:
[1;36m[1;44m00:00.519 00:00.023 Successfully matched event LinkFailure:e47[1;m
[1;33m[c1] MAX_CONNS -17[1;m
[1;36mCutting link (17:3) -> (13:3)[1;m

WARNING:ControllerConnection(id=17):In state FEATURE_REPLY -- supressing unexpected message: ofp_port_status
  header: 
    version: 1
    type:    12 (OFPT_PORT_STATUS)
    length:  64
    xid:     49
  reason: 2
  desc:
[1;36m[1;44m00:00.519 00:00.024 Successfully matched event LinkFailure:e48[1;m[1;33m[c1] Incoming MockSocket connection[1;m


[1;36mCutting link (14:3) -> (19:3)[1;m
WARNING:ControllerConnection(id=14):In state FEATURE_REPLY -- supressing unexpected message: ofp_port_status
  header: 
    version: 1
    type:    12 (OFPT_PORT_STATUS)
    length:  64
    xid:     51
  reason: 2
  desc:
[1;33m[c1] MAX_CONNS -18[1;m
[1;36m[1;44m00:00.520 00:00.024 Successfully matched event LinkFailure:e49[1;m

[1;36mCutting link (18:4) -> (15:4)[1;m[1;33m[c1] Incoming MockSocket connection[1;m


WARNING:ControllerConnection(id=18):In state FEATURE_REPLY -- supressing unexpected message: ofp_port_status
  header: 
    version: 1
    type:    12 (OFPT_PORT_STATUS)
    length:  64
    xid:     53
  reason: 2
  desc:
[1;36m[1;44m00:00.520 00:00.024 Successfully matched event LinkFailure:e50[1;m[1;33m[c1] MAX_CONNS -19[1;m


WARNING:ControllerConnection(id=3):In state FEATURE_REPLY -- supressing unexpected message: ofp_port_status
  header: 
    version: 1
    type:    12 (OFPT_PORT_STATUS)
    length:  64
    xid:     55
  reason: 2
  desc:
WARNING:ControllerConnection(id=6):In state FEATURE_REPLY -- supressing unexpected message: ofp_port_status
  header: 
    version: 1
    type:    12 (OFPT_PORT_STATUS)
    length:  64
    xid:     57
  reason: 2
  desc:
[1;33m[c1] Incoming MockSocket connection[1;m
[1;36m[1;44m00:00.521 00:00.025 Successfully matched event HostMigration:e51[1;m

[1;33m[c1] MAX_CONNS -20[1;m
INFO:host:[IPAddr('123.1.0.1')]:sending packet on interface eth3: [00:00:00:01:00:01>00:00:00:01:00:01:IP]|([v:4hl:5l:72t:64]ICMP cs:7516[123.1.0.1>123.1.0.1]){t:ECHO_REQUEST c:0 chk:637}{id:20585 seq:28263}

[1;36m[1;44m00:00.522 00:00.026 Successfully matched event TrafficInjection:e52[1;m
[1;36mForwarding dataplane event[1;m[1;33m[c1] Incoming MockSocket connection[1;m

WARNING:ControllerConnection(id=6):In state FEATURE_REPLY -- supressing unexpected message: ofp_packet_in
  header: 
    version: 1
    type:    10 (OFPT_PACKET_IN)
    length:  104
    xid:     1
  buffer_id: 1
  _total_len: 104
  in_port: 5
  reason: 0
  data: '\x00\x00\x00\x01\x00\x01\x00\x00\x00\x01\x00\x01\x08\x00E\x00\x00H\x0f\x9b\x00\x00@\x01u\x16{\x01\x00\x01{\x01\x00\x01\x08\x00\x067PingPingPingPingPingPingPingPingPingPingPingPing'

WARNING:ControllerConnection(id=2):In state FEATURE_REPLY -- supressing unexpected message: ofp_port_status
  header: 
    version: 1
    type:    12 (OFPT_PORT_STATUS)
    length:  64
    xid:     59
  reason: 2
  desc:
[1;33m[c1] MAX_CONNS -21[1;m
WARNING:ControllerConnection(id=6):In state FEATURE_REPLY -- supressing unexpected message: ofp_port_status
  header: 
    version: 1
    type:    12 (OFPT_PORT_STATUS)
    length:  64
    xid:     61
  reason: 2
  desc:
[1;36m[1;44m00:00.523 00:00.026 Successfully matched event HostMigration:e53[1;m

INFO:host:[IPAddr('123.0.1.1')]:sending packet on interface eth2: [00:00:00:00:01:01>00:00:00:00:01:01:IP]|([v:4hl:5l:72t:64]ICMP cs:7317[123.0.1.1>123.0.1.1]){t:ECHO_REPLY c:0 chk:e37}{id:20585 seq:28263}
[1;36m[1;44m00:00.524 00:00.027 Successfully matched event TrafficInjection:e54[1;m
[1;36mForwarding dataplane event[1;m
WARNING:ControllerConnection(id=6):In state FEATURE_REPLY -- supressing unexpected message: ofp_packet_in
  header: 
    version: 1
    type:    10 (OFPT_PACKET_IN)
    length:  104
    xid:     2
  buffer_id: 2
  _total_len: 104
  in_port: 6
  reason: 0
  data: '\x00\x00\x00\x00\x01\x01\x00\x00\x00\x00\x01\x01\x08\x00E\x00\x00H\x0f\x9c\x00\x00@\x01s\x17{\x00\x01\x01{\x00\x01\x01\x00\x00\x0e7PingPingPingPingPingPingPingPingPingPingPingPing'
WARNING:ControllerConnection(id=1):In state FEATURE_REPLY -- supressing unexpected message: ofp_port_status
  header: 
    version: 1
    type:    12 (OFPT_PORT_STATUS)
    length:  64
    xid:     63
  reason: 2
  desc:
WARNING:ControllerConnection(id=8):In state FEATURE_REPLY -- supressing unexpected message: ofp_port_status
  header: 
    version: 1
    type:    12 (OFPT_PORT_STATUS)
    length:  64
    xid:     65
  reason: 2
  desc:
[1;36m[1;44m00:00.525 00:00.027 Successfully matched event HostMigration:e55[1;m
INFO:host:[IPAddr('123.0.0.2')]:sending packet on interface eth1: [00:00:00:00:00:02>00:00:00:00:00:02:IP]|([v:4hl:5l:72t:64]ICMP cs:7514[123.0.0.2>123.0.0.2]){t:ECHO_REQUEST c:0 chk:637}{id:20585 seq:28263}
[1;36m[1;44m00:00.525 00:00.028 Successfully matched event TrafficInjection:e56[1;m
[1;36mForwarding dataplane event[1;m
WARNING:ControllerConnection(id=8):In state FEATURE_REPLY -- supressing unexpected message: ofp_packet_in
  header: 
    version: 1
    type:    10 (OFPT_PACKET_IN)
    length:  104
    xid:     1
  buffer_id: 1
  _total_len: 104
  in_port: 5
  reason: 0
  data: '\x00\x00\x00\x00\x00\x02\x00\x00\x00\x00\x00\x02\x08\x00E\x00\x00H\x0f\x9d\x00\x00@\x01u\x14{\x00\x00\x02{\x00\x00\x02\x08\x00\x067PingPingPingPingPingPingPingPingPingPingPingPing'
[1;42m[1;37mNo correctness violations![1;m
[1;36m[1;44m00:00.526 00:00.028 Successfully matched event CheckInvariants:e57[1;m
[1;33m[c1] YOU FOUND THE NULL POINTER. 10 POINTS TO HUFFLEPUFF[1;m

ERROR:io_master:Socket error: Broken pipe
[1;41m[1;33m[c1] INFO:openflow.of_01:of_01 [Con 20/20] Connected to 00-00-00-00-00-14[1;m

ERROR:io_master:Socket error: Broken pipe
ERROR:io_master:Socket error: Broken pipe
ERROR:io_master:Socket error: Broken pipe
ERROR:io_master:Socket error: Broken pipe
ERROR:io_master:Socket error: Broken pipe
ERROR:io_master:Socket error: Broken pipe
ERROR:io_master:Socket error: Broken pipe
Socket error: Broken pipe
ERROR:io_master:Socket error: Bad file descriptor
ERROR:io_master:Socket error: Bad file descriptor
ERROR:io_master:Socket error: Bad file descriptor
ERROR:io_master:Socket error: Bad file descriptor
ERROR:io_master:Socket error: Bad file descriptor
ERROR:io_master:Socket error: Bad file descriptor
ERROR:io_master:Socket error: Bad file descriptor
ERROR:io_master:Socket error: Bad file descriptor
[1;36m[1;44m00:00.632 00:00.132 Successfully matched event ControlChannelUnblock:e61[1;m
[1;36m[1;36mRound 2[1;37m[1;m
ERROR:io_master:Socket error: Bad file descriptor
[1;36mCutting link (10:2) -> (2:4)[1;m
[1;36m[1;44m00:00.652 00:00.150 Successfully matched event LinkFailure:e114[1;m
[1;36mCutting link (13:1) -> (5:3)[1;m
[1;36m[1;44m00:00.653 00:00.150 Successfully matched event LinkFailure:e115[1;m
[1;36mCutting link (15:2) -> (8:3)[1;m
[1;36m[1;44m00:00.653 00:00.151 Successfully matched event LinkFailure:e116[1;m
[1;36mCutting link (16:1) -> (7:4)[1;m
[1;36m[1;44m00:00.654 00:00.151 Successfully matched event LinkFailure:e117[1;m
[1;36mCutting link (15:1) -> (7:3)[1;m
[1;36m[1;44m00:00.655 00:00.151 Successfully matched event LinkFailure:e118[1;m
[1;36mCutting link (18:3) -> (13:4)[1;m
[1;36m[1;44m00:00.655 00:00.151 Successfully matched event LinkFailure:e119[1;m
[1;36mRestoring link (17:3) -> (13:3)[1;m
[1;36m[1;44m00:00.656 00:00.152 Successfully matched event LinkRecovery:e120[1;m
[1;36mRestoring link (18:4) -> (15:4)[1;m
[1;36m[1;44m00:00.656 00:00.152 Successfully matched event LinkRecovery:e121[1;m
[1;36mRestoring link (20:4) -> (16:4)[1;m
[1;36m[1;44m00:00.657 00:00.152 Successfully matched event LinkRecovery:e122[1;m
[1;36mRestoring link (6:3) -> (13:2)[1;m
[1;36m[1;44m00:00.657 00:00.152 Successfully matched event LinkRecovery:e123[1;m
[1;36mRestoring link (5:4) -> (14:1)[1;m
[1;36m[1;44m00:00.657 00:00.153 Successfully matched event LinkRecovery:e124[1;m
[1;36m[1;44m00:00.658 00:00.153 Successfully matched event HostMigration:e125[1;m
INFO:host:[IPAddr('123.3.1.1')]:sending packet on interface eth8: [00:00:00:03:01:01>00:00:00:03:01:01:IP]|([v:4hl:5l:72t:64]ICMP cs:730c[123.3.1.1>123.3.1.1]){t:ECHO_REQUEST c:0 chk:637}{id:20585 seq:28263}
[1;36m[1;44m00:00.658 00:00.153 Successfully matched event TrafficInjection:e126[1;m
[1;36mForwarding dataplane event[1;m
[1;36m[1;44m00:00.660 00:00.154 Successfully matched event HostMigration:e127[1;m
INFO:host:[IPAddr('123.2.1.1')]:sending packet on interface eth6: [00:00:00:02:01:01>00:00:00:02:01:01:IP]|([v:4hl:5l:72t:64]ICMP cs:730d[123.2.1.1>123.2.1.1]){t:ECHO_REPLY c:0 chk:e37}{id:20585 seq:28263}
[1;36m[1;44m00:00.660 00:00.154 Successfully matched event TrafficInjection:e128[1;m
[1;36mForwarding dataplane event[1;m
[1;41m[1;37mThe following correctness violations have occurred: ['c1'][1;m
[1;41m[1;37mPersistent violations detected!: ['c1'][1;m
[1;36m[1;44m00:00.661 00:00.155 Successfully matched event CheckInvariants:e129[1;m
ERROR:io_master:Socket error: Bad file descriptor
[1;36m[1;44m00:00.765 00:00.257 Successfully matched event ControlChannelBlock:e132[1;m
[1;36m[1;36mRound 3[1;37m[1;m
[1;36m[1;44m00:00.765 00:00.257 Successfully matched event ControlChannelBlock:e133[1;m
[1;36m[1;44m00:00.766 00:00.258 Successfully matched event ControlChannelBlock:e134[1;m
[1;36m[1;44m00:00.766 00:00.258 Successfully matched event ControlChannelBlock:e135[1;m
[1;36m[1;44m00:00.767 00:00.258 Successfully matched event ControlChannelUnblock:e136[1;m
ERROR:io_master:Socket error: Bad file descriptor
[1;36mCutting link (5:3) -> (13:1)[1;m
[1;36m[1;44m00:00.796 00:00.286 Successfully matched event LinkFailure:e228[1;m
[1;36mCutting link (6:3) -> (13:2)[1;m
[1;36m[1;44m00:00.797 00:00.286 Successfully matched event LinkFailure:e229[1;m
[1;36mRestoring link (14:3) -> (19:3)[1;m
[1;36m[1;44m00:00.798 00:00.286 Successfully matched event LinkRecovery:e230[1;m
[1;36mRestoring link (16:1) -> (7:4)[1;m
[1;36m[1;44m00:00.798 00:00.286 Successfully matched event LinkRecovery:e231[1;m
[1;36mRestoring link (10:2) -> (2:4)[1;m
[1;36m[1;44m00:00.799 00:00.287 Successfully matched event LinkRecovery:e232[1;m
[1;36mRestoring link (15:1) -> (7:3)[1;m
[1;36m[1;44m00:00.800 00:00.287 Successfully matched event LinkRecovery:e233[1;m
[1;36mRestoring link (15:2) -> (8:3)[1;m
[1;36m[1;44m00:00.800 00:00.287 Successfully matched event LinkRecovery:e234[1;m
[1;36m[1;44m00:00.801 00:00.288 Successfully matched event HostMigration:e235[1;m
INFO:host:[IPAddr('123.1.1.1')]:sending packet on interface eth4: [00:00:00:01:01:01>00:00:00:01:01:01:IP]|([v:4hl:5l:72t:64]ICMP cs:730c[123.1.1.1>123.1.1.1]){t:ECHO_REPLY c:0 chk:e37}{id:20585 seq:28263}
[1;36m[1;44m00:00.801 00:00.288 Successfully matched event TrafficInjection:e236[1;m
[1;36mForwarding dataplane event[1;m
[1;41m[1;37mViolation encountered again after 1 steps: c1[1;m
[1;41m[1;37mThe following correctness violations have occurred: ['c1'][1;m
[1;41m[1;37mPersistent violations detected!: ['c1'][1;m
[1;36m[1;44m00:00.802 00:00.289 Successfully matched event CheckInvariants:e237[1;m
[1;36m[1;44m00:00.905 00:00.390 Successfully matched event ControlChannelBlock:e239[1;m
[1;36m[1;36mRound 4[1;37m[1;m
[1;36m[1;44m00:00.906 00:00.390 Successfully matched event ControlChannelUnblock:e240[1;m
[1;36mCutting link (10:3) -> (19:1)[1;m
[1;36m[1;44m00:00.907 00:00.395 Successfully matched event LinkFailure:e251[1;m
[1;36mCutting link (17:1) -> (9:3)[1;m
[1;36m[1;44m00:00.909 00:00.395 Successfully matched event LinkFailure:e252[1;m
[1;36mCutting link (9:4) -> (18:1)[1;m
[1;36m[1;44m00:00.909 00:00.396 Successfully matched event LinkFailure:e253[1;m
[1;36mCutting link (15:4) -> (18:4)[1;m
[1;36m[1;44m00:00.910 00:00.396 Successfully matched event LinkFailure:e254[1;m
[1;36mCutting link (12:1) -> (3:4)[1;m
[1;36m[1;44m00:00.910 00:00.397 Successfully matched event LinkFailure:e255[1;m
[1;36mCutting link (11:1) -> (3:3)[1;m
[1;36m[1;44m00:00.911 00:00.397 Successfully matched event LinkFailure:e256[1;m
[1;36mRestoring link (5:3) -> (13:1)[1;m
[1;36m[1;44m00:00.911 00:00.398 Successfully matched event LinkRecovery:e257[1;m
[1;36mRestoring link (18:3) -> (13:4)[1;m
[1;36m[1;44m00:00.912 00:00.398 Successfully matched event LinkRecovery:e258[1;m
[1;36mRestoring link (13:1) -> (5:3)[1;m
[1;36m[1;44m00:00.912 00:00.399 Successfully matched event LinkRecovery:e259[1;m
[1;36mRestoring link (9:3) -> (17:1)[1;m
[1;36m[1;44m00:00.913 00:00.399 Successfully matched event LinkRecovery:e260[1;m
[1;41m[1;37mViolation encountered again after 2 steps: c1[1;m
[1;41m[1;37mThe following correctness violations have occurred: ['c1'][1;m
[1;41m[1;37mPersistent violations detected!: ['c1'][1;m
[1;36m[1;44m00:00.913 00:00.399 Successfully matched event CheckInvariants:e261[1;m
INFO:events:WaitTime: pausing simulation for 1.000000 seconds
[1;36m[1;44m00:01.914 00:00.402 Successfully matched event WaitTime:e273[1;m
[1;36m[1;36mRound -1[1;37m[1;m
[1;41m[1;37mViolations at end of trace: ['c1'][1;m
[1;42m[1;37mViolation found c1[1;m
[1;36m[1;44mEvent Stats: Events matched: 63, timed out: 0
Matches per event type:
  WaitTime 1
  ConnectToControllers 1
  ControlChannelUnblock 3
  CheckInvariants 4
  TrafficInjection 6
  HostMigration 6
  ControlChannelBlock 7
  LinkRecovery 14
  LinkFailure 21
Timeouts per event type:
[1;m
[1;36m[1;44mDataplaneDrop Stats: Expected drops (0), Actual drops (0)
Missed Drops (expected if TrafficInjections pruned):[1;m
127.0.0.1 - - [21/May/2014 22:59:03] "POST / HTTP/1.1" 200 -
[1;45mViolation reproduced successfully! Proceeding with pruning[1;m
[1;45mSubsets:
l/0: a(e2,[u'e136']) a(e3,[u'e61']) a(e44,[u'e122']) a(e45,[u'e124']) a(e46,[u'e123']) a(e47,[u'e260']) a(e48,[u'e120']) a(e49,[u'e230']) a(e50,[u'e121']) e51 e52 e53 e54 e55 e56 e57 a(e114,[u'e232']) a(e115,[u'e259']) a(e116,[u'e234']) a(e117,[u'e231']) a(e118,[u'e233']) a(e119,[u'e258']) e125
r/0: e126 e127 e128 e129 e132 e133 e134 a(e135,[u'e240']) a(e228,[u'e257']) e229 e235 e236 e237 e239 e251 e252 e253 e254 e255 e256 e261 e273[1;m
[1;45mCurrent subset: l/0: a(e2,[u'e136']) a(e3,[u'e61']) a(e44,[u'e122']) a(e45,[u'e124']) a(e46,[u'e123']) a(e47,[u'e260']) a(e48,[u'e120']) a(e49,[u'e230']) a(e50,[u'e121']) e51 e52 e53 e54 e55 e56 e57 a(e114,[u'e232']) a(e115,[u'e259']) a(e116,[u'e234']) a(e117,[u'e231']) a(e118,[u'e233']) a(e119,[u'e258']) e125[1;m
No DataplaneDrops to replay. We suggest you set Replayer's default_dp_permit=True 
INFO:Controller: =====> Starting POX Controller <===== 
[1;36mStarting POX controller c1[1;m
INFO:Controller:Launching controller c1: ./pox.py --verbose openflow.discovery forwarding.l2_multi_null_pointer sts.util.socket_mux.pox_monkeypatcher openflow.of_01 --address=../sts_socket_pipe
INFO:simulation:Launched controller c1: ./pox.py --verbose openflow.discovery forwarding.l2_multi_null_pointer sts.util.socket_mux.pox_monkeypatcher openflow.of_01 --address=../sts_socket_pipe [PID 5336]
INFO:simulation:Creating topology...
connect_socket_with_backoff sts_socket_pipe
Error connecting.  -- [Errno 61] Connection refused. Backing off 1 seconds ...
[1;33m[c1] POX 0.0.0 / Copyright 2011 James McCauley[1;m

[1;41m[1;33m[c1] DEBUG:core:POX 0.0.0 going up...[1;m

[1;41m[1;33m[c1] DEBUG:core:Running on CPython (2.7.5/Sep 12 2013 21:33:34)[1;m

[1;41m[1;33m[c1] INFO:core:POX 0.0.0 is up.[1;m

[1;41m[1;33m[c1] DEBUG:openflow.of_01:Listening for connections on ../sts_socket_pipe[1;m

[1;33m[c1] Incoming true socket connected[1;m

connect_socket_with_backoff sts_socket_pipe
connect_socket_with_backoff sts_socket_pipe
[1;33m[c1] Incoming MockSocket connection[1;m
connect_socket_with_backoff sts_socket_pipe

[1;33m[c1] MAX_CONNS -2[1;m

connect_socket_with_backoff sts_socket_pipe
connect_socket_with_backoff sts_socket_pipe
[1;33m[c1] Incoming MockSocket connection[1;m

connect_socket_with_backoff sts_socket_pipe[1;33m[c1] MAX_CONNS -3[1;m


connect_socket_with_backoff sts_socket_pipe
connect_socket_with_backoff sts_socket_pipe[1;33m[c1] Incoming MockSocket connection[1;m


connect_socket_with_backoff sts_socket_pipe[1;33m[c1] MAX_CONNS -4[1;m


[1;33m[c1] Incoming MockSocket connection[1;m

connect_socket_with_backoff sts_socket_pipe
[1;33m[c1] MAX_CONNS -5[1;m

connect_socket_with_backoff sts_socket_pipe[1;33m[c1] Incoming MockSocket connection[1;m


[1;33m[c1] MAX_CONNS -6[1;m
connect_socket_with_backoff sts_socket_pipe

connect_socket_with_backoff sts_socket_pipe[1;33m[c1] Incoming MockSocket connection[1;m


[1;33m[c1] MAX_CONNS -7[1;m

connect_socket_with_backoff sts_socket_pipe
[1;33m[c1] Incoming MockSocket connection[1;m
connect_socket_with_backoff sts_socket_pipe

[1;33m[c1] MAX_CONNS -8[1;m

connect_socket_with_backoff sts_socket_pipe
[1;33m[c1] Incoming MockSocket connection[1;m

connect_socket_with_backoff sts_socket_pipe
connect_socket_with_backoff sts_socket_pipe[1;33m[c1] MAX_CONNS -9[1;m


[1;33m[c1] Incoming MockSocket connection[1;m
connect_socket_with_backoff sts_socket_pipe

[1;33m[c1] MAX_CONNS -10[1;m
connect_socket_with_backoff sts_socket_pipe

[1;36m[1;44m00:00.508 00:00.000 Successfully matched event ConnectToControllers:e1[1;m
[1;33m[c1] Incoming MockSocket connection[1;m

[1;36m[1;44m00:00.514 00:00.013 Successfully matched event ControlChannelBlock:e2[1;m
[1;36m[1;36mRound 1[1;37m[1;m
 [1;36m[1;44m00:00.514 00:00.013 Successfully matched event ControlChannelBlock:e3[1;m
[1;36mCutting link (20:4) -> (16:4)[1;m[1;33m[c1] MAX_CONNS -11[1;m


WARNING:ControllerConnection(id=20):In state FEATURE_REPLY -- supressing unexpected message: ofp_port_status
  header: 
    version: 1
    type:    12 (OFPT_PORT_STATUS)
    length:  64
    xid:     41
  reason: 2
  desc:
[1;36m[1;44m00:00.515 00:00.022 Successfully matched event LinkFailure:e44[1;m
[1;36mCutting link (5:4) -> (14:1)[1;m
WARNING:ControllerConnection(id=5):In state FEATURE_REPLY -- supressing unexpected message: ofp_port_status
  header: 
    version: 1
    type:    12 (OFPT_PORT_STATUS)
    length:  64
    xid:     43
  reason: 2
  desc:
[1;33m[c1] Incoming MockSocket connection[1;m
[1;36m[1;44m00:00.515 00:00.023 Successfully matched event LinkFailure:e45[1;m

[1;36mCutting link (6:3) -> (13:2)[1;m
WARNING:ControllerConnection(id=6):In state FEATURE_REPLY -- supressing unexpected message: ofp_port_status
  header: 
    version: 1
    type:    12 (OFPT_PORT_STATUS)
    length:  64
    xid:     45
  reason: 2
  desc:
[1;33m[c1] MAX_CONNS -12[1;m
[1;36m[1;44m00:00.516 00:00.023 Successfully matched event LinkFailure:e46[1;m

[1;36mCutting link (9:3) -> (17:1)[1;m[1;33m[c1] Incoming MockSocket connection[1;m


WARNING:ControllerConnection(id=9):In state FEATURE_REPLY -- supressing unexpected message: ofp_port_status
  header: 
    version: 1
    type:    12 (OFPT_PORT_STATUS)
    length:  64
    xid:     47
  reason: 2
  desc:
[1;36m[1;44m00:00.516 00:00.023 Successfully matched event LinkFailure:e47[1;m [1;33m[c1] MAX_CONNS -13[1;m


[1;36mCutting link (17:3) -> (13:3)[1;m
WARNING:ControllerConnection(id=17):In state FEATURE_REPLY -- supressing unexpected message: ofp_port_status
  header: 
    version: 1
    type:    12 (OFPT_PORT_STATUS)
    length:  64
    xid:     49
  reason: 2
  desc:
[1;33m[c1] Incoming MockSocket connection[1;m
[1;36m[1;44m00:00.517 00:00.024 Successfully matched event LinkFailure:e48[1;m

[1;36mCutting link (14:3) -> (19:3)[1;m[1;33m[c1] MAX_CONNS -14[1;m


WARNING:ControllerConnection(id=14):In state FEATURE_REPLY -- supressing unexpected message: ofp_port_status
  header: 
    version: 1
    type:    12 (OFPT_PORT_STATUS)
    length:  64
    xid:     51
  reason: 2
  desc:
[1;36m[1;44m00:00.517 00:00.024 Successfully matched event LinkFailure:e49[1;m[1;33m[c1] Incoming MockSocket connection[1;m


[1;36mCutting link (18:4) -> (15:4)[1;m
WARNING:ControllerConnection(id=18):In state FEATURE_REPLY -- supressing unexpected message: ofp_port_status
  header: 
    version: 1
    type:    12 (OFPT_PORT_STATUS)
    length:  64
    xid:     53
  reason: 2
  desc:
[1;36m[1;44m00:00.518 00:00.024 Successfully matched event LinkFailure:e50[1;m[1;33m[c1] MAX_CONNS -15[1;m


WARNING:ControllerConnection(id=3):In state FEATURE_REPLY -- supressing unexpected message: ofp_port_status
  header: 
    version: 1
    type:    12 (OFPT_PORT_STATUS)
    length:  64
    xid:     55
  reason: 2
  desc:
WARNING:ControllerConnection(id=6):In state FEATURE_REPLY -- supressing unexpected message: ofp_port_status
  header: 
    version: 1
    type:    12 (OFPT_PORT_STATUS)
    length:  64
    xid:     57
  reason: 2
  desc:
[1;33m[c1] Incoming MockSocket connection[1;m
[1;36m[1;44m00:00.519 00:00.025 Successfully matched event HostMigration:e51[1;m

INFO:host:[IPAddr('123.1.0.1')]:sending packet on interface eth3: [00:00:00:01:00:01>00:00:00:01:00:01:IP]|([v:4hl:5l:72t:64]ICMP cs:7516[123.1.0.1>123.1.0.1]){t:ECHO_REQUEST c:0 chk:637}{id:20585 seq:28263}
[1;33m[c1] MAX_CONNS -16[1;m
[1;36m[1;44m00:00.519 00:00.026 Successfully matched event TrafficInjection:e52[1;m

[1;36mForwarding dataplane event[1;m[1;33m[c1] Incoming MockSocket connection[1;m


WARNING:ControllerConnection(id=6):In state FEATURE_REPLY -- supressing unexpected message: ofp_packet_in
  header: 
    version: 1
    type:    10 (OFPT_PACKET_IN)
    length:  104
    xid:     1
  buffer_id: 1
  _total_len: 104
  in_port: 5
  reason: 0
  data: '\x00\x00\x00\x01\x00\x01\x00\x00\x00\x01\x00\x01\x08\x00E\x00\x00H\x0f\x9b\x00\x00@\x01u\x16{\x01\x00\x01{\x01\x00\x01\x08\x00\x067PingPingPingPingPingPingPingPingPingPingPingPing'
WARNING:ControllerConnection(id=2):In state FEATURE_REPLY -- supressing unexpected message: ofp_port_status
  header: 
    version: 1
    type:    12 (OFPT_PORT_STATUS)
    length:  64
    xid:     59
  reason: 2
  desc:
[1;33m[c1] MAX_CONNS -17[1;m
WARNING:ControllerConnection(id=6):In state FEATURE_REPLY -- supressing unexpected message: ofp_port_status
  header: 
    version: 1
    type:    12 (OFPT_PORT_STATUS)
    length:  64
    xid:     61
  reason: 2
  desc:

[1;36m[1;44m00:00.521 00:00.026 Successfully matched event HostMigration:e53[1;m[1;33m[c1] Incoming MockSocket connection[1;m


[1;33m[c1] MAX_CONNS -18[1;m
INFO:host:[IPAddr('123.0.1.1')]:sending packet on interface eth2: [00:00:00:00:01:01>00:00:00:00:01:01:IP]|([v:4hl:5l:72t:64]ICMP cs:7317[123.0.1.1>123.0.1.1]){t:ECHO_REPLY c:0 chk:e37}{id:20585 seq:28263}
[1;36m[1;44m00:00.521 00:00.027 Successfully matched event TrafficInjection:e54[1;m

[1;36mForwarding dataplane event[1;m 
[1;33m[c1] Incoming MockSocket connection[1;m
WARNING:ControllerConnection(id=6):In state FEATURE_REPLY -- supressing unexpected message: ofp_packet_in
  header: 
    version: 1
    type:    10 (OFPT_PACKET_IN)
    length:  104
    xid:     2
  buffer_id: 2
  _total_len: 104
  in_port: 6
  reason: 0
  data: '\x00\x00\x00\x00\x01\x01\x00\x00\x00\x00\x01\x01\x08\x00E\x00\x00H\x0f\x9c\x00\x00@\x01s\x17{\x00\x01\x01{\x00\x01\x01\x00\x00\x0e7PingPingPingPingPingPingPingPingPingPingPingPing'

WARNING:ControllerConnection(id=1):In state FEATURE_REPLY -- supressing unexpected message: ofp_port_status
  header: 
    version: 1
    type:    12 (OFPT_PORT_STATUS)
    length:  64
    xid:     63
  reason: 2
  desc:
[1;33m[c1] MAX_CONNS -19[1;m
WARNING:ControllerConnection(id=8):In state FEATURE_REPLY -- supressing unexpected message: ofp_port_status
  header: 
    version: 1
    type:    12 (OFPT_PORT_STATUS)
    length:  64
    xid:     65
  reason: 2
  desc:

[1;36m[1;44m00:00.523 00:00.027 Successfully matched event HostMigration:e55[1;m
INFO:host:[IPAddr('123.0.0.2')]:sending packet on interface eth1: [00:00:00:00:00:02>00:00:00:00:00:02:IP]|([v:4hl:5l:72t:64]ICMP cs:7514[123.0.0.2>123.0.0.2]){t:ECHO_REQUEST c:0 chk:637}{id:20585 seq:28263}
[1;33m[c1] Incoming MockSocket connection[1;m
[1;36m[1;44m00:00.523 00:00.028 Successfully matched event TrafficInjection:e56[1;m

[1;33m[c1] MAX_CONNS -20[1;m
[1;36mForwarding dataplane event[1;m

WARNING:ControllerConnection(id=8):In state FEATURE_REPLY -- supressing unexpected message: ofp_packet_in
  header: 
    version: 1
    type:    10 (OFPT_PACKET_IN)
    length:  104
    xid:     1
  buffer_id: 1
  _total_len: 104
  in_port: 5
  reason: 0
  data: '\x00\x00\x00\x00\x00\x02\x00\x00\x00\x00\x00\x02\x08\x00E\x00\x00H\x0f\x9d\x00\x00@\x01u\x14{\x00\x00\x02{\x00\x00\x02\x08\x00\x067PingPingPingPingPingPingPingPingPingPingPingPing'
[1;33m[c1] Incoming MockSocket connection[1;m
[1;42m[1;37mNo correctness violations![1;m

[1;36m[1;44m00:00.524 00:00.028 Successfully matched event CheckInvariants:e57[1;m[1;33m[c1] MAX_CONNS -21[1;m


[1;41m[1;33m[c1] INFO:openflow.of_01:of_01 [Con 20/20] Connected to 00-00-00-00-00-14[1;m

ERROR:io_master:Socket error: Broken pipe
[1;33m[c1] YOU FOUND THE NULL POINTER. 10 POINTS TO HUFFLEPUFF[1;m
Socket error: Broken pipe

ERROR:io_master:Socket error: Bad file descriptor
ERROR:io_master:Socket error: Bad file descriptor
ERROR:io_master:Socket error: Bad file descriptor
ERROR:io_master:Socket error: Bad file descriptor
ERROR:io_master:Socket error: Bad file descriptor
ERROR:io_master:Socket error: Bad file descriptor
ERROR:io_master:Socket error: Bad file descriptor
ERROR:io_master:Socket error: Bad file descriptor
ERROR:io_master:Socket error: Bad file descriptor
ERROR:io_master:Socket error: Bad file descriptor
ERROR:io_master:Socket error: Bad file descriptor
ERROR:io_master:Socket error: Bad file descriptor
ERROR:io_master:Socket error: Bad file descriptor
ERROR:io_master:Socket error: Bad file descriptor
ERROR:io_master:Socket error: Bad file descriptor
[1;36m[1;44m00:00.630 00:00.132 Successfully matched event ControlChannelUnblock:e61[1;m
[1;36m[1;36mRound 2[1;37m[1;m
ERROR:io_master:Socket error: Bad file descriptor
[1;36mCutting link (10:2) -> (2:4)[1;m
[1;36m[1;44m00:00.650 00:00.150 Successfully matched event LinkFailure:e114[1;m
[1;36mCutting link (13:1) -> (5:3)[1;m
[1;36m[1;44m00:00.651 00:00.150 Successfully matched event LinkFailure:e115[1;m
[1;36mCutting link (15:2) -> (8:3)[1;m
[1;36m[1;44m00:00.652 00:00.151 Successfully matched event LinkFailure:e116[1;m
[1;36mCutting link (16:1) -> (7:4)[1;m
[1;36m[1;44m00:00.652 00:00.151 Successfully matched event LinkFailure:e117[1;m
[1;36mCutting link (15:1) -> (7:3)[1;m
[1;36m[1;44m00:00.653 00:00.151 Successfully matched event LinkFailure:e118[1;m
[1;36mCutting link (18:3) -> (13:4)[1;m
[1;36m[1;44m00:00.654 00:00.151 Successfully matched event LinkFailure:e119[1;m
[1;36mRestoring link (17:3) -> (13:3)[1;m
[1;36m[1;44m00:00.654 00:00.152 Successfully matched event LinkRecovery:e120[1;m
[1;36mRestoring link (18:4) -> (15:4)[1;m
[1;36m[1;44m00:00.654 00:00.152 Successfully matched event LinkRecovery:e121[1;m
[1;36mRestoring link (20:4) -> (16:4)[1;m
[1;36m[1;44m00:00.655 00:00.152 Successfully matched event LinkRecovery:e122[1;m
[1;36mRestoring link (6:3) -> (13:2)[1;m
[1;36m[1;44m00:00.655 00:00.152 Successfully matched event LinkRecovery:e123[1;m
[1;36mRestoring link (5:4) -> (14:1)[1;m
[1;36m[1;44m00:00.656 00:00.153 Successfully matched event LinkRecovery:e124[1;m
[1;36m[1;44m00:00.656 00:00.153 Successfully matched event HostMigration:e125[1;m
ERROR:io_master:Socket error: Bad file descriptor
[1;36m[1;44m00:00.763 00:00.258 Successfully matched event ControlChannelUnblock:e136[1;m
[1;36m[1;36mRound 3[1;37m[1;m
ERROR:io_master:Socket error: Bad file descriptor
[1;36mRestoring link (14:3) -> (19:3)[1;m
[1;36m[1;44m00:00.794 00:00.286 Successfully matched event LinkRecovery:e230[1;m
[1;36mRestoring link (16:1) -> (7:4)[1;m
[1;36m[1;44m00:00.794 00:00.286 Successfully matched event LinkRecovery:e231[1;m
[1;36mRestoring link (10:2) -> (2:4)[1;m
[1;36m[1;44m00:00.795 00:00.287 Successfully matched event LinkRecovery:e232[1;m
[1;36mRestoring link (15:1) -> (7:3)[1;m
[1;36m[1;44m00:00.795 00:00.287 Successfully matched event LinkRecovery:e233[1;m
[1;36mRestoring link (15:2) -> (8:3)[1;m
[1;36m[1;44m00:00.796 00:00.287 Successfully matched event LinkRecovery:e234[1;m
[1;36mRestoring link (18:3) -> (13:4)[1;m
[1;36m[1;44m00:00.908 00:00.398 Successfully matched event LinkRecovery:e258[1;m
[1;36m[1;36mRound 4[1;37m[1;m
[1;36mRestoring link (13:1) -> (5:3)[1;m
[1;36m[1;44m00:00.909 00:00.399 Successfully matched event LinkRecovery:e259[1;m
[1;36mRestoring link (9:3) -> (17:1)[1;m
[1;36m[1;44m00:00.910 00:00.399 Successfully matched event LinkRecovery:e260[1;m
[1;41m[1;37mViolations at end of trace: ['c1'][1;m
[1;42m[1;37mViolation found c1[1;m
[1;36m[1;44mEvent Stats: Events matched: 39, timed out: 0
Matches per event type:
  ConnectToControllers 1
  CheckInvariants 1
  ControlChannelBlock 2
  ControlChannelUnblock 2
  TrafficInjection 3
  HostMigration 4
  LinkFailure 13
  LinkRecovery 13
Timeouts per event type:
[1;m
[1;36m[1;44mDataplaneDrop Stats: Expected drops (0), Actual drops (0)
Missed Drops (expected if TrafficInjections pruned):[1;m
127.0.0.1 - - [21/May/2014 22:59:06] "POST / HTTP/1.1" 200 -
[1;45m[1;31mViolation! Considering 0'th[1;m
[1;45mViolation found in 0th half. Recursing[1;m
[1;45mSubsets:
l/0.l/1: a(e2,[u'e136']) a(e3,[u'e61']) a(e44,[u'e122']) a(e45,[u'e124']) a(e46,[u'e123']) a(e47,[u'e260']) a(e48,[u'e120']) a(e49,[u'e230']) a(e50,[u'e121']) e51 e52 e53
l/0.r/1: e54 e55 e56 e57 a(e114,[u'e232']) a(e115,[u'e259']) a(e116,[u'e234']) a(e117,[u'e231']) a(e118,[u'e233']) a(e119,[u'e258']) e125[1;m
[1;45mCurrent subset: l/0.l/1: a(e2,[u'e136']) a(e3,[u'e61']) a(e44,[u'e122']) a(e45,[u'e124']) a(e46,[u'e123']) a(e47,[u'e260']) a(e48,[u'e120']) a(e49,[u'e230']) a(e50,[u'e121']) e51 e52 e53[1;m
No DataplaneDrops to replay. We suggest you set Replayer's default_dp_permit=True 
INFO:Controller: =====> Starting POX Controller <===== 
[1;36mStarting POX controller c1[1;m
INFO:Controller:Launching controller c1: ./pox.py --verbose openflow.discovery forwarding.l2_multi_null_pointer sts.util.socket_mux.pox_monkeypatcher openflow.of_01 --address=../sts_socket_pipe
INFO:simulation:Launched controller c1: ./pox.py --verbose openflow.discovery forwarding.l2_multi_null_pointer sts.util.socket_mux.pox_monkeypatcher openflow.of_01 --address=../sts_socket_pipe [PID 5340]
INFO:simulation:Creating topology...
connect_socket_with_backoff sts_socket_pipe
Error connecting.  -- [Errno 61] Connection refused. Backing off 1 seconds ...
[1;33m[c1] POX 0.0.0 / Copyright 2011 James McCauley[1;m

[1;41m[1;33m[c1] DEBUG:core:POX 0.0.0 going up...[1;m

[1;41m[1;33m[c1] DEBUG:core:Running on CPython (2.7.5/Sep 12 2013 21:33:34)[1;m

[1;41m[1;33m[c1] INFO:core:POX 0.0.0 is up.[1;m

[1;41m[1;33m[c1] DEBUG:openflow.of_01:Listening for connections on ../sts_socket_pipe[1;m

[1;33m[c1] Incoming true socket connected[1;m

connect_socket_with_backoff sts_socket_pipe
[1;33m[c1] Incoming MockSocket connection[1;m
connect_socket_with_backoff sts_socket_pipe

connect_socket_with_backoff sts_socket_pipe
[1;33m[c1] MAX_CONNS -2[1;m

connect_socket_with_backoff sts_socket_pipe[1;33m[c1] Incoming MockSocket connection[1;m


connect_socket_with_backoff sts_socket_pipe[1;33m[c1] MAX_CONNS -3[1;m


connect_socket_with_backoff sts_socket_pipe
[1;33m[c1] Incoming MockSocket connection[1;m

[1;33m[c1] MAX_CONNS -4[1;m
connect_socket_with_backoff sts_socket_pipe

[1;33m[c1] Incoming MockSocket connection[1;m
connect_socket_with_backoff sts_socket_pipe

[1;33m[c1] MAX_CONNS -5[1;m
connect_socket_with_backoff sts_socket_pipe

connect_socket_with_backoff sts_socket_pipe
connect_socket_with_backoff sts_socket_pipe[1;33m[c1] Incoming MockSocket connection[1;m


connect_socket_with_backoff sts_socket_pipe
[1;33m[c1] MAX_CONNS -6[1;m
connect_socket_with_backoff sts_socket_pipe

connect_socket_with_backoff sts_socket_pipe[1;33m[c1] Incoming MockSocket connection[1;m


connect_socket_with_backoff sts_socket_pipe[1;33m[c1] MAX_CONNS -7[1;m


connect_socket_with_backoff sts_socket_pipe[1;33m[c1] Incoming MockSocket connection[1;m


[1;33m[c1] MAX_CONNS -8[1;m

connect_socket_with_backoff sts_socket_pipe
[1;33m[c1] Incoming MockSocket connection[1;m
connect_socket_with_backoff sts_socket_pipe

[1;33m[c1] MAX_CONNS -9[1;m
connect_socket_with_backoff sts_socket_pipe

[1;33m[c1] Incoming MockSocket connection[1;m
connect_socket_with_backoff sts_socket_pipe

[1;36m[1;44m00:00.510 00:00.000 Successfully matched event ConnectToControllers:e1[1;m[1;33m[c1] MAX_CONNS -10[1;m


[1;33m[c1] Incoming MockSocket connection[1;m
[1;36m[1;44m00:00.516 00:00.013 Successfully matched event ControlChannelBlock:e2[1;m
[1;33m[c1] MAX_CONNS -11[1;m

[1;36m[1;36mRound 1[1;37m[1;m

[1;36m[1;44m00:00.516 00:00.013 Successfully matched event ControlChannelBlock:e3[1;m
[1;36mCutting link (20:4) -> (16:4)[1;m[1;33m[c1] Incoming MockSocket connection[1;m


WARNING:ControllerConnection(id=20):In state FEATURE_REPLY -- supressing unexpected message: ofp_port_status
  header: 
    version: 1
    type:    12 (OFPT_PORT_STATUS)
    length:  64
    xid:     41
  reason: 2
  desc:
[1;36m[1;44m00:00.517 00:00.022 Successfully matched event LinkFailure:e44[1;m[1;33m[c1] MAX_CONNS -12[1;m


[1;36mCutting link (5:4) -> (14:1)[1;m
WARNING:ControllerConnection(id=5):In state FEATURE_REPLY -- supressing unexpected message: ofp_port_status
  header: 
    version: 1
    type:    12 (OFPT_PORT_STATUS)
    length:  64
    xid:     43
  reason: 2
  desc:
[1;36m[1;44m00:00.517 00:00.023 Successfully matched event LinkFailure:e45[1;m[1;33m[c1] Incoming MockSocket connection[1;m


[1;36mCutting link (6:3) -> (13:2)[1;m
WARNING:ControllerConnection(id=6):In state FEATURE_REPLY -- supressing unexpected message: ofp_port_status
  header: 
    version: 1
    type:    12 (OFPT_PORT_STATUS)
    length:  64
    xid:     45
  reason: 2
  desc:
[1;33m[c1] MAX_CONNS -13[1;m
[1;36m[1;44m00:00.518 00:00.023 Successfully matched event LinkFailure:e46[1;m

[1;36mCutting link (9:3) -> (17:1)[1;m
WARNING:ControllerConnection(id=9):In state FEATURE_REPLY -- supressing unexpected message: ofp_port_status
  header: 
    version: 1
    type:    12 (OFPT_PORT_STATUS)
    length:  64
    xid:     47
  reason: 2
  desc:
[1;33m[c1] Incoming MockSocket connection[1;m
[1;36m[1;44m00:00.518 00:00.023 Successfully matched event LinkFailure:e47[1;m

[1;36mCutting link (17:3) -> (13:3)[1;m
[1;33m[c1] Incoming MockSocket connection[1;m

WARNING:ControllerConnection(id=17):In state FEATURE_REPLY -- supressing unexpected message: ofp_port_status
  header: 
    version: 1
    type:    12 (OFPT_PORT_STATUS)
    length:  64
    xid:     49
  reason: 2
  desc:
[1;36m[1;44m00:00.519 00:00.024 Successfully matched event LinkFailure:e48[1;m[1;33m[c1] MAX_CONNS -14[1;m


[1;36mCutting link (14:3) -> (19:3)[1;m
WARNING:ControllerConnection(id=14):In state FEATURE_REPLY -- supressing unexpected message: ofp_port_status
  header: 
    version: 1
    type:    12 (OFPT_PORT_STATUS)
    length:  64
    xid:     51
  reason: 2
  desc:
[1;36m[1;44m00:00.519 00:00.024 Successfully matched event LinkFailure:e49[1;m[1;33m[c1] MAX_CONNS -15[1;m


[1;36mCutting link (18:4) -> (15:4)[1;m[1;33m[c1] Incoming MockSocket connection[1;m


WARNING:ControllerConnection(id=18):In state FEATURE_REPLY -- supressing unexpected message: ofp_port_status
  header: 
    version: 1
    type:    12 (OFPT_PORT_STATUS)
    length:  64
    xid:     53
  reason: 2
  desc:
[1;36m[1;44m00:00.520 00:00.024 Successfully matched event LinkFailure:e50[1;m
[1;33m[c1] MAX_CONNS -16[1;m
WARNING:ControllerConnection(id=3):In state FEATURE_REPLY -- supressing unexpected message: ofp_port_status
  header: 
    version: 1
    type:    12 (OFPT_PORT_STATUS)
    length:  64
    xid:     55
  reason: 2
  desc:

WARNING:ControllerConnection(id=6):In state FEATURE_REPLY -- supressing unexpected message: ofp_port_status
  header: 
    version: 1
    type:    12 (OFPT_PORT_STATUS)
    length:  64
    xid:     57
  reason: 2
  desc:
[1;36m[1;44m00:00.521 00:00.025 Successfully matched event HostMigration:e51[1;m[1;33m[c1] Incoming MockSocket connection[1;m


INFO:host:[IPAddr('123.1.0.1')]:sending packet on interface eth3: [00:00:00:01:00:01>00:00:00:01:00:01:IP]|([v:4hl:5l:72t:64]ICMP cs:7516[123.1.0.1>123.1.0.1]){t:ECHO_REQUEST c:0 chk:637}{id:20585 seq:28263}
[1;36m[1;44m00:00.521 00:00.026 Successfully matched event TrafficInjection:e52[1;m[1;33m[c1] Incoming MockSocket connection[1;m


[1;36mForwarding dataplane event[1;m[1;33m[c1] MAX_CONNS -17[1;m


WARNING:ControllerConnection(id=6):In state FEATURE_REPLY -- supressing unexpected message: ofp_packet_in
  header: 
    version: 1
    type:    10 (OFPT_PACKET_IN)
    length:  104
    xid:     1
  buffer_id: 1
  _total_len: 104
  in_port: 5
  reason: 0
  data: '\x00\x00\x00\x01\x00\x01\x00\x00\x00\x01\x00\x01\x08\x00E\x00\x00H\x0f\x9b\x00\x00@\x01u\x16{\x01\x00\x01{\x01\x00\x01\x08\x00\x067PingPingPingPingPingPingPingPingPingPingPingPing'
[1;33m[c1] MAX_CONNS -18[1;m
WARNING:ControllerConnection(id=2):In state FEATURE_REPLY -- supressing unexpected message: ofp_port_status
  header: 
    version: 1
    type:    12 (OFPT_PORT_STATUS)
    length:  64
    xid:     59
  reason: 2
  desc:

WARNING:ControllerConnection(id=6):In state FEATURE_REPLY -- supressing unexpected message: ofp_port_status
  header: 
    version: 1
    type:    12 (OFPT_PORT_STATUS)
    length:  64
    xid:     61
  reason: 2
  desc:
[1;36m[1;44m00:00.523 00:00.026 Successfully matched event HostMigration:e53[1;m[1;33m[c1] Incoming MockSocket connection[1;m


[1;33m[c1] Incoming MockSocket connection[1;m

[1;33m[c1] MAX_CONNS -19[1;m

[1;33m[c1] MAX_CONNS -20[1;m

[1;33m[c1] Incoming MockSocket connection[1;m

[1;33m[c1] MAX_CONNS -21[1;m

[1;41m[1;33m[c1] INFO:openflow.of_01:of_01 [Con 20/20] Connected to 00-00-00-00-00-14[1;m
ERROR:io_master:Socket error: Broken pipe

ERROR:io_master:Socket error: Broken pipe
ERROR:io_master:Socket error: Broken pipe
[1;33m[c1] YOU FOUND THE NULL POINTER. 10 POINTS TO HUFFLEPUFF[1;m
ERROR:io_master:Socket error: Broken pipe

ERROR:io_master:Socket error: Broken pipe
ERROR:io_master:Socket error: Broken pipe
ERROR:io_master:Socket error: Broken pipe
ERROR:io_master:Socket error: Broken pipe
ERROR:io_master:Socket error: Broken pipe
ERROR:io_master:Socket error: Broken pipe
ERROR:io_master:Socket error: Broken pipe
ERROR:io_master:Socket error: Broken pipe
ERROR:io_master:Socket error: Broken pipe
ERROR:io_master:Socket error: Broken pipe
Closing true_io_worker after empty read
Socket error: Bad file descriptor
[1;36m[1;44m00:00.631 00:00.132 Successfully matched event ControlChannelUnblock:e61[1;m
[1;36m[1;36mRound 2[1;37m[1;m
ERROR:io_master:Socket error: Bad file descriptor
[1;36mRestoring link (17:3) -> (13:3)[1;m
[1;36m[1;44m00:00.653 00:00.152 Successfully matched event LinkRecovery:e120[1;m
[1;36mRestoring link (18:4) -> (15:4)[1;m
[1;36m[1;44m00:00.653 00:00.152 Successfully matched event LinkRecovery:e121[1;m
[1;36mRestoring link (20:4) -> (16:4)[1;m
[1;36m[1;44m00:00.654 00:00.152 Successfully matched event LinkRecovery:e122[1;m
[1;36mRestoring link (6:3) -> (13:2)[1;m
[1;36m[1;44m00:00.654 00:00.152 Successfully matched event LinkRecovery:e123[1;m
[1;36mRestoring link (5:4) -> (14:1)[1;m
[1;36m[1;44m00:00.655 00:00.153 Successfully matched event LinkRecovery:e124[1;m
ERROR:io_master:Socket error: Bad file descriptor
ERROR:io_master:Socket error: Bad file descriptor
ERROR:io_master:Socket error: Bad file descriptor
[1;36m[1;44m00:00.762 00:00.258 Successfully matched event ControlChannelUnblock:e136[1;m
[1;36m[1;36mRound 3[1;37m[1;m
ERROR:io_master:Socket error: Bad file descriptor
[1;36mRestoring link (14:3) -> (19:3)[1;m
[1;36m[1;44m00:00.793 00:00.286 Successfully matched event LinkRecovery:e230[1;m
[1;36mRestoring link (9:3) -> (17:1)[1;m
[1;36m[1;44m00:00.907 00:00.399 Successfully matched event LinkRecovery:e260[1;m
[1;36m[1;36mRound 4[1;37m[1;m
[1;41m[1;37mViolations at end of trace: ['c1'][1;m
[1;42m[1;37mViolation found c1[1;m
[1;36m[1;44mEvent Stats: Events matched: 22, timed out: 0
Matches per event type:
  TrafficInjection 1
  ConnectToControllers 1
  HostMigration 2
  ControlChannelBlock 2
  ControlChannelUnblock 2
  LinkFailure 7
  LinkRecovery 7
Timeouts per event type:
[1;m
[1;36m[1;44mDataplaneDrop Stats: Expected drops (0), Actual drops (0)
Missed Drops (expected if TrafficInjections pruned):[1;m
127.0.0.1 - - [21/May/2014 22:59:08] "POST / HTTP/1.1" 200 -
[1;45m[1;31mViolation! Considering 0'th[1;m
[1;45mViolation found in 0th half. Recursing[1;m
[1;45mSubsets:
l/0.l/1.l/2: a(e2,[u'e136']) a(e3,[u'e61']) a(e44,[u'e122']) a(e45,[u'e124']) a(e46,[u'e123']) a(e47,[u'e260'])
l/0.l/1.r/2: a(e48,[u'e120']) a(e49,[u'e230']) a(e50,[u'e121']) e51 e52 e53[1;m
[1;45mCurrent subset: l/0.l/1.l/2: a(e2,[u'e136']) a(e3,[u'e61']) a(e44,[u'e122']) a(e45,[u'e124']) a(e46,[u'e123']) a(e47,[u'e260'])[1;m
No DataplaneDrops to replay. We suggest you set Replayer's default_dp_permit=True 
INFO:Controller: =====> Starting POX Controller <===== 
[1;36mStarting POX controller c1[1;m
INFO:Controller:Launching controller c1: ./pox.py --verbose openflow.discovery forwarding.l2_multi_null_pointer sts.util.socket_mux.pox_monkeypatcher openflow.of_01 --address=../sts_socket_pipe
INFO:simulation:Launched controller c1: ./pox.py --verbose openflow.discovery forwarding.l2_multi_null_pointer sts.util.socket_mux.pox_monkeypatcher openflow.of_01 --address=../sts_socket_pipe [PID 5344]
INFO:simulation:Creating topology...
connect_socket_with_backoff sts_socket_pipe
Error connecting.  -- [Errno 61] Connection refused. Backing off 1 seconds ...
[1;33m[c1] POX 0.0.0 / Copyright 2011 James McCauley[1;m

[1;41m[1;33m[c1] DEBUG:core:POX 0.0.0 going up...[1;m

[1;41m[1;33m[c1] DEBUG:core:Running on CPython (2.7.5/Sep 12 2013 21:33:34)[1;m

[1;41m[1;33m[c1] INFO:core:POX 0.0.0 is up.[1;m

[1;41m[1;33m[c1] DEBUG:openflow.of_01:Listening for connections on ../sts_socket_pipe[1;m

[1;33m[c1] Incoming true socket connected[1;m

connect_socket_with_backoff sts_socket_pipe
[1;33m[c1] Incoming MockSocket connection[1;m
connect_socket_with_backoff sts_socket_pipe

connect_socket_with_backoff sts_socket_pipe[1;33m[c1] MAX_CONNS -2[1;m


connect_socket_with_backoff sts_socket_pipe[1;33m[c1] Incoming MockSocket connection[1;m


connect_socket_with_backoff sts_socket_pipe
connect_socket_with_backoff sts_socket_pipe[1;33m[c1] MAX_CONNS -3[1;m


connect_socket_with_backoff sts_socket_pipe
[1;33m[c1] Incoming MockSocket connection[1;m
connect_socket_with_backoff sts_socket_pipe
connect_socket_with_backoff sts_socket_pipe

connect_socket_with_backoff sts_socket_pipe[1;33m[c1] MAX_CONNS -4[1;m


connect_socket_with_backoff sts_socket_pipe
[1;33m[c1] Incoming MockSocket connection[1;m
connect_socket_with_backoff sts_socket_pipe

connect_socket_with_backoff sts_socket_pipe[1;33m[c1] MAX_CONNS -5[1;m


[1;33m[c1] Incoming MockSocket connection[1;m

connect_socket_with_backoff sts_socket_pipe[1;33m[c1] MAX_CONNS -6[1;m


connect_socket_with_backoff sts_socket_pipe
connect_socket_with_backoff sts_socket_pipe[1;33m[c1] Incoming MockSocket connection[1;m


connect_socket_with_backoff sts_socket_pipe[1;33m[c1] MAX_CONNS -7[1;m


connect_socket_with_backoff sts_socket_pipe
connect_socket_with_backoff sts_socket_pipe
[1;33m[c1] Incoming MockSocket connection[1;m

connect_socket_with_backoff sts_socket_pipe[1;33m[c1] MAX_CONNS -8[1;m


[1;36m[1;44m00:00.509 00:00.000 Successfully matched event ConnectToControllers:e1[1;m[1;33m[c1] Incoming MockSocket connection[1;m


[1;33m[c1] MAX_CONNS -9[1;m

[1;36m[1;44m00:00.515 00:00.013 Successfully matched event ControlChannelBlock:e2[1;m [1;33m[c1] Incoming MockSocket connection[1;m


[1;36m[1;36mRound 1[1;37m[1;m[1;33m[c1] MAX_CONNS -10[1;m


[1;36m[1;44m00:00.516 00:00.013 Successfully matched event ControlChannelBlock:e3[1;m[1;33m[c1] Incoming MockSocket connection[1;m


[1;33m[c1] MAX_CONNS -11[1;m
[1;36mCutting link (20:4) -> (16:4)[1;m

WARNING:ControllerConnection(id=20):In state FEATURE_REPLY -- supressing unexpected message: ofp_port_status
  header: 
    version: 1
    type:    12 (OFPT_PORT_STATUS)
    length:  64
    xid:     41
  reason: 2
  desc:
[1;36m[1;44m00:00.516 00:00.022 Successfully matched event LinkFailure:e44[1;m
[1;36mCutting link (5:4) -> (14:1)[1;m[1;33m[c1] Incoming MockSocket connection[1;m


[1;33m[c1] MAX_CONNS -12[1;m

WARNING:ControllerConnection(id=5):In state FEATURE_REPLY -- supressing unexpected message: ofp_port_status
  header: 
    version: 1
    type:    12 (OFPT_PORT_STATUS)
    length:  64
    xid:     43
  reason: 2
  desc:
[1;36m[1;44m00:00.517 00:00.023 Successfully matched event LinkFailure:e45[1;m
[1;36mCutting link (6:3) -> (13:2)[1;m[1;33m[c1] Incoming MockSocket connection[1;m


[1;33m[c1] MAX_CONNS -13[1;m
WARNING:ControllerConnection(id=6):In state FEATURE_REPLY -- supressing unexpected message: ofp_port_status
  header: 
    version: 1
    type:    12 (OFPT_PORT_STATUS)
    length:  64
    xid:     45
  reason: 2
  desc:

[1;36m[1;44m00:00.518 00:00.023 Successfully matched event LinkFailure:e46[1;m
[1;36mCutting link (9:3) -> (17:1)[1;m[1;33m[c1] Incoming MockSocket connection[1;m


WARNING:ControllerConnection(id=9):In state FEATURE_REPLY -- supressing unexpected message: ofp_port_status
  header: 
    version: 1
    type:    12 (OFPT_PORT_STATUS)
    length:  64
    xid:     47
  reason: 2
  desc:
[1;33m[c1] MAX_CONNS -14[1;m
[1;36m[1;44m00:00.518 00:00.023 Successfully matched event LinkFailure:e47[1;m

[1;33m[c1] Incoming MockSocket connection[1;m

[1;33m[c1] MAX_CONNS -15[1;m

[1;33m[c1] Incoming MockSocket connection[1;m

[1;33m[c1] MAX_CONNS -16[1;m

[1;33m[c1] Incoming MockSocket connection[1;m

[1;33m[c1] MAX_CONNS -17[1;m

[1;33m[c1] Incoming MockSocket connection[1;m

ERROR:io_master:Socket error: Broken pipe
[1;41m[1;33m[c1] INFO:openflow.of_01:of_01 [Con 20/20] Connected to 00-00-00-00-00-14[1;m
ERROR:io_master:Socket error: Broken pipe

ERROR:io_master:Socket error: Broken pipe
ERROR:io_master:Socket error: Broken pipe
[1;33m[c1] MAX_CONNS -18[1;m
ERROR:io_master:Socket error: Broken pipe

ERROR:io_master:Socket error: Broken pipe
[1;33m[c1] Incoming MockSocket connection[1;m
ERROR:io_master:Socket error: Broken pipe
ERROR:io_master:Socket error: Broken pipe

ERROR:io_master:Socket error: Broken pipe
ERROR:io_master:Socket error: Broken pipe
ERROR:io_master:Socket error: Broken pipe
[1;33m[c1] MAX_CONNS -19[1;m

Closing true_io_worker after empty read
Socket error: Bad file descriptor[1;33m[c1] Incoming MockSocket connection[1;m


[1;33m[c1] MAX_CONNS -20[1;m

[1;33m[c1] Incoming MockSocket connection[1;m

[1;33m[c1] MAX_CONNS -21[1;m

[1;33m[c1] YOU FOUND THE NULL POINTER. 10 POINTS TO HUFFLEPUFF[1;m

[1;36m[1;44m00:00.629 00:00.132 Successfully matched event ControlChannelUnblock:e61[1;m
[1;36m[1;36mRound 2[1;37m[1;m
ERROR:io_master:Socket error: Bad file descriptor
[1;36mRestoring link (20:4) -> (16:4)[1;m
[1;36m[1;44m00:00.651 00:00.152 Successfully matched event LinkRecovery:e122[1;m
[1;36mRestoring link (6:3) -> (13:2)[1;m
[1;36m[1;44m00:00.652 00:00.152 Successfully matched event LinkRecovery:e123[1;m
[1;36mRestoring link (5:4) -> (14:1)[1;m
[1;36m[1;44m00:00.653 00:00.153 Successfully matched event LinkRecovery:e124[1;m
ERROR:io_master:Socket error: Bad file descriptor
[1;36m[1;44m00:00.760 00:00.258 Successfully matched event ControlChannelUnblock:e136[1;m
[1;36m[1;36mRound 3[1;37m[1;m
ERROR:io_master:Socket error: Bad file descriptor
[1;36mRestoring link (9:3) -> (17:1)[1;m
[1;36m[1;44m00:00.903 00:00.399 Successfully matched event LinkRecovery:e260[1;m
[1;36m[1;36mRound 4[1;37m[1;m
[1;41m[1;37mViolations at end of trace: ['c1'][1;m
[1;42m[1;37mViolation found c1[1;m
[1;36m[1;44mEvent Stats: Events matched: 13, timed out: 0
Matches per event type:
  ConnectToControllers 1
  ControlChannelBlock 2
  ControlChannelUnblock 2
  LinkRecovery 4
  LinkFailure 4
Timeouts per event type:
[1;m
[1;36m[1;44mDataplaneDrop Stats: Expected drops (0), Actual drops (0)
Missed Drops (expected if TrafficInjections pruned):[1;m
127.0.0.1 - - [21/May/2014 22:59:11] "POST / HTTP/1.1" 200 -
[1;45m[1;31mViolation! Considering 0'th[1;m
[1;45mViolation found in 0th half. Recursing[1;m
[1;45mSubsets:
l/0.l/1.l/2.l/3: a(e2,[u'e136']) a(e3,[u'e61']) a(e44,[u'e122'])
l/0.l/1.l/2.r/3: a(e45,[u'e124']) a(e46,[u'e123']) a(e47,[u'e260'])[1;m
[1;45mCurrent subset: l/0.l/1.l/2.l/3: a(e2,[u'e136']) a(e3,[u'e61']) a(e44,[u'e122'])[1;m
No DataplaneDrops to replay. We suggest you set Replayer's default_dp_permit=True 
INFO:Controller: =====> Starting POX Controller <===== 
[1;36mStarting POX controller c1[1;m
INFO:Controller:Launching controller c1: ./pox.py --verbose openflow.discovery forwarding.l2_multi_null_pointer sts.util.socket_mux.pox_monkeypatcher openflow.of_01 --address=../sts_socket_pipe
INFO:simulation:Launched controller c1: ./pox.py --verbose openflow.discovery forwarding.l2_multi_null_pointer sts.util.socket_mux.pox_monkeypatcher openflow.of_01 --address=../sts_socket_pipe [PID 5348]
INFO:simulation:Creating topology...
connect_socket_with_backoff sts_socket_pipe
Error connecting.  -- [Errno 61] Connection refused. Backing off 1 seconds ...
[1;33m[c1] POX 0.0.0 / Copyright 2011 James McCauley[1;m

[1;41m[1;33m[c1] DEBUG:core:POX 0.0.0 going up...[1;m

[1;41m[1;33m[c1] DEBUG:core:Running on CPython (2.7.5/Sep 12 2013 21:33:34)[1;m

[1;41m[1;33m[c1] INFO:core:POX 0.0.0 is up.[1;m

[1;41m[1;33m[c1] DEBUG:openflow.of_01:Listening for connections on ../sts_socket_pipe[1;m

[1;33m[c1] Incoming true socket connected[1;m

connect_socket_with_backoff sts_socket_pipe
[1;33m[c1] Incoming MockSocket connection[1;m
connect_socket_with_backoff sts_socket_pipe

connect_socket_with_backoff sts_socket_pipe[1;33m[c1] MAX_CONNS -2[1;m


connect_socket_with_backoff sts_socket_pipe[1;33m[c1] Incoming MockSocket connection[1;m


[1;33m[c1] MAX_CONNS -3[1;m
connect_socket_with_backoff sts_socket_pipe

[1;33m[c1] Incoming MockSocket connection[1;m
connect_socket_with_backoff sts_socket_pipe

[1;33m[c1] MAX_CONNS -4[1;m

connect_socket_with_backoff sts_socket_pipe
[1;33m[c1] Incoming MockSocket connection[1;m

connect_socket_with_backoff sts_socket_pipe[1;33m[c1] MAX_CONNS -5[1;m

connect_socket_with_backoff sts_socket_pipe

connect_socket_with_backoff sts_socket_pipe
[1;33m[c1] Incoming MockSocket connection[1;m

connect_socket_with_backoff sts_socket_pipe
[1;33m[c1] MAX_CONNS -6[1;m

connect_socket_with_backoff sts_socket_pipe
[1;33m[c1] Incoming MockSocket connection[1;m
connect_socket_with_backoff sts_socket_pipe

connect_socket_with_backoff sts_socket_pipe[1;33m[c1] MAX_CONNS -7[1;m


[1;33m[c1] Incoming MockSocket connection[1;m

connect_socket_with_backoff sts_socket_pipe
connect_socket_with_backoff sts_socket_pipe[1;33m[c1] MAX_CONNS -8[1;m


[1;33m[c1] Incoming MockSocket connection[1;m

connect_socket_with_backoff sts_socket_pipe[1;33m[c1] MAX_CONNS -9[1;m


connect_socket_with_backoff sts_socket_pipe[1;33m[c1] Incoming MockSocket connection[1;m


[1;33m[c1] MAX_CONNS -10[1;m
connect_socket_with_backoff sts_socket_pipe

[1;33m[c1] Incoming MockSocket connection[1;m
connect_socket_with_backoff sts_socket_pipe

[1;33m[c1] MAX_CONNS -11[1;m
[1;36m[1;44m00:00.510 00:00.000 Successfully matched event ConnectToControllers:e1[1;m

[1;33m[c1] Incoming MockSocket connection[1;m
[1;36m[1;44m00:00.516 00:00.013 Successfully matched event ControlChannelBlock:e2[1;m
[1;36m[1;36mRound 1[1;37m[1;m

[1;33m[c1] MAX_CONNS -12[1;m
[1;36m[1;44m00:00.516 00:00.013 Successfully matched event ControlChannelBlock:e3[1;m

[1;33m[c1] Incoming MockSocket connection[1;m

[1;36mCutting link (20:4) -> (16:4)[1;m[1;33m[c1] MAX_CONNS -13[1;m


WARNING:ControllerConnection(id=20):In state FEATURE_REPLY -- supressing unexpected message: ofp_port_status
  header: 
    version: 1
    type:    12 (OFPT_PORT_STATUS)
    length:  64
    xid:     41
  reason: 2
  desc:
[1;36m[1;44m00:00.517 00:00.022 Successfully matched event LinkFailure:e44[1;m
[1;33m[c1] Incoming MockSocket connection[1;m

[1;33m[c1] MAX_CONNS -14[1;m

[1;33m[c1] Incoming MockSocket connection[1;m

[1;33m[c1] MAX_CONNS -15[1;m

[1;33m[c1] Incoming MockSocket connection[1;m

[1;33m[c1] MAX_CONNS -16[1;m

[1;41m[1;33m[c1] INFO:openflow.of_01:of_01 [Con 20/20] Connected to 00-00-00-00-00-14[1;m
ERROR:io_master:Socket error: Broken pipe
ERROR:io_master:Socket error: Broken pipe

ERROR:io_master:Socket error: Broken pipe
[1;33m[c1] Incoming MockSocket connection[1;m

ERROR:io_master:Socket error: Broken pipe
ERROR:io_master:Socket error: Broken pipe
ERROR:io_master:Socket error: Broken pipe
[1;33m[c1] MAX_CONNS -17[1;m
ERROR:io_master:Socket error: Broken pipe

ERROR:io_master:Socket error: Broken pipe
[1;33m[c1] Incoming MockSocket connection[1;m
ERROR:io_master:Socket error: Broken pipe

ERROR:io_master:Socket error: Broken pipe
[1;33m[c1] MAX_CONNS -18[1;m
Socket error: Broken pipe

ERROR:io_master:Socket error: Bad file descriptor
[1;33m[c1] Incoming MockSocket connection[1;m

ERROR:io_master:Socket error: Bad file descriptor
ERROR:io_master:Socket error: Bad file descriptor
[1;33m[c1] MAX_CONNS -19[1;m
ERROR:io_master:Socket error: Bad file descriptor

ERROR:io_master:Socket error: Bad file descriptor
[1;33m[c1] Incoming MockSocket connection[1;m
ERROR:io_master:Socket error: Bad file descriptor

[1;33m[c1] MAX_CONNS -20[1;m

[1;33m[c1] Incoming MockSocket connection[1;m

[1;33m[c1] MAX_CONNS -21[1;m

[1;33m[c1] YOU FOUND THE NULL POINTER. 10 POINTS TO HUFFLEPUFF[1;m

[1;36m[1;44m00:00.629 00:00.132 Successfully matched event ControlChannelUnblock:e61[1;m
[1;36m[1;36mRound 2[1;37m[1;m
ERROR:io_master:Socket error: Bad file descriptor
[1;36mRestoring link (20:4) -> (16:4)[1;m
[1;36m[1;44m00:00.651 00:00.152 Successfully matched event LinkRecovery:e122[1;m
ERROR:io_master:Socket error: Bad file descriptor
[1;36m[1;44m00:00.759 00:00.258 Successfully matched event ControlChannelUnblock:e136[1;m
[1;36m[1;36mRound 3[1;37m[1;m
[1;36m[1;36mRound 4[1;37m[1;m
ERROR:io_master:Socket error: Bad file descriptor
[1;41m[1;37mViolations at end of trace: ['c1'][1;m
[1;42m[1;37mViolation found c1[1;m
[1;36m[1;44mEvent Stats: Events matched: 7, timed out: 0
Matches per event type:
  ConnectToControllers 1
  LinkRecovery 1
  LinkFailure 1
  ControlChannelBlock 2
  ControlChannelUnblock 2
Timeouts per event type:
[1;m
[1;36m[1;44mDataplaneDrop Stats: Expected drops (0), Actual drops (0)
Missed Drops (expected if TrafficInjections pruned):[1;m
127.0.0.1 - - [21/May/2014 22:59:13] "POST / HTTP/1.1" 200 -
[1;45m[1;31mViolation! Considering 0'th[1;m
[1;45mViolation found in 0th half. Recursing[1;m
[1;45mSubsets:
l/0.l/1.l/2.l/3.l/4: a(e2,[u'e136']) a(e3,[u'e61'])
l/0.l/1.l/2.l/3.r/4: a(e44,[u'e122'])[1;m
[1;45mCurrent subset: l/0.l/1.l/2.l/3.l/4: a(e2,[u'e136']) a(e3,[u'e61'])[1;m
No DataplaneDrops to replay. We suggest you set Replayer's default_dp_permit=True 
INFO:Controller: =====> Starting POX Controller <===== 
[1;36mStarting POX controller c1[1;m
INFO:Controller:Launching controller c1: ./pox.py --verbose openflow.discovery forwarding.l2_multi_null_pointer sts.util.socket_mux.pox_monkeypatcher openflow.of_01 --address=../sts_socket_pipe
INFO:simulation:Launched controller c1: ./pox.py --verbose openflow.discovery forwarding.l2_multi_null_pointer sts.util.socket_mux.pox_monkeypatcher openflow.of_01 --address=../sts_socket_pipe [PID 5352]
INFO:simulation:Creating topology...
connect_socket_with_backoff sts_socket_pipe
Error connecting.  -- [Errno 61] Connection refused. Backing off 1 seconds ...
[1;33m[c1] POX 0.0.0 / Copyright 2011 James McCauley[1;m

[1;41m[1;33m[c1] DEBUG:core:POX 0.0.0 going up...[1;m

[1;41m[1;33m[c1] DEBUG:core:Running on CPython (2.7.5/Sep 12 2013 21:33:34)[1;m

[1;41m[1;33m[c1] INFO:core:POX 0.0.0 is up.[1;m

[1;41m[1;33m[c1] DEBUG:openflow.of_01:Listening for connections on ../sts_socket_pipe[1;m

[1;33m[c1] Incoming true socket connected[1;m

connect_socket_with_backoff sts_socket_pipe
connect_socket_with_backoff sts_socket_pipe[1;33m[c1] Incoming MockSocket connection[1;m


connect_socket_with_backoff sts_socket_pipe[1;33m[c1] MAX_CONNS -2[1;m


connect_socket_with_backoff sts_socket_pipe
[1;33m[c1] Incoming MockSocket connection[1;m
connect_socket_with_backoff sts_socket_pipe

[1;33m[c1] MAX_CONNS -3[1;m
connect_socket_with_backoff sts_socket_pipe

connect_socket_with_backoff sts_socket_pipe
connect_socket_with_backoff sts_socket_pipe
connect_socket_with_backoff sts_socket_pipe[1;33m[c1] Incoming MockSocket connection[1;m


connect_socket_with_backoff sts_socket_pipe
connect_socket_with_backoff sts_socket_pipe[1;33m[c1] MAX_CONNS -4[1;m


[1;33m[c1] Incoming MockSocket connection[1;m
connect_socket_with_backoff sts_socket_pipe

[1;33m[c1] MAX_CONNS -5[1;m
connect_socket_with_backoff sts_socket_pipe

connect_socket_with_backoff sts_socket_pipe
[1;33m[c1] Incoming MockSocket connection[1;m
connect_socket_with_backoff sts_socket_pipe

[1;33m[c1] MAX_CONNS -6[1;m
connect_socket_with_backoff sts_socket_pipe

[1;33m[c1] Incoming MockSocket connection[1;m
connect_socket_with_backoff sts_socket_pipe

[1;33m[c1] MAX_CONNS -7[1;m
connect_socket_with_backoff sts_socket_pipe

[1;33m[c1] Incoming MockSocket connection[1;m
connect_socket_with_backoff sts_socket_pipe

[1;33m[c1] MAX_CONNS -8[1;m
connect_socket_with_backoff sts_socket_pipe

[1;33m[c1] Incoming MockSocket connection[1;m
[1;36m[1;44m00:00.509 00:00.000 Successfully matched event ConnectToControllers:e1[1;m

[1;33m[c1] MAX_CONNS -9[1;m

[1;36m[1;44m00:00.515 00:00.013 Successfully matched event ControlChannelBlock:e2[1;m[1;33m[c1] Incoming MockSocket connection[1;m


[1;33m[c1] MAX_CONNS -10[1;m
[1;36m[1;36mRound 1[1;37m[1;m

[1;36m[1;44m00:00.515 00:00.013 Successfully matched event ControlChannelBlock:e3[1;m
[1;33m[c1] Incoming MockSocket connection[1;m

[1;33m[c1] MAX_CONNS -11[1;m

[1;33m[c1] Incoming MockSocket connection[1;m

ERROR:io_master:Socket error: Broken pipe
[1;41m[1;33m[c1] INFO:openflow.of_01:of_01 [Con 20/20] Connected to 00-00-00-00-00-14[1;m
ERROR:io_master:Socket error: Broken pipe

ERROR:io_master:Socket error: Broken pipe
[1;33m[c1] MAX_CONNS -12[1;m
ERROR:io_master:Socket error: Broken pipe

[1;33m[c1] Incoming MockSocket connection[1;m
ERROR:io_master:Socket error: Broken pipe
ERROR:io_master:Socket error: Broken pipe

ERROR:io_master:Socket error: Broken pipe
[1;33m[c1] MAX_CONNS -13[1;m
ERROR:io_master:Socket error: Broken pipe

[1;33m[c1] Incoming MockSocket connection[1;m
ERROR:io_master:Socket error: Broken pipe

[1;33m[c1] Incoming MockSocket connection[1;m
ERROR:io_master:Socket error: Broken pipe

ERROR:io_master:Socket error: Broken pipe
Socket error: Broken pipe
[1;33m[c1] MAX_CONNS -14[1;m
ERROR:io_master:Socket error: Bad file descriptor

ERROR:io_master:Socket error: Bad file descriptor
[1;33m[c1] MAX_CONNS -15[1;m

[1;33m[c1] Incoming MockSocket connection[1;m

[1;33m[c1] MAX_CONNS -16[1;m

[1;33m[c1] Incoming MockSocket connection[1;m

[1;33m[c1] Incoming MockSocket connection[1;m

[1;33m[c1] MAX_CONNS -17[1;m

[1;33m[c1] MAX_CONNS -18[1;m

[1;33m[c1] Incoming MockSocket connection[1;m

[1;33m[c1] Incoming MockSocket connection[1;m

[1;33m[c1] MAX_CONNS -19[1;m

[1;33m[c1] MAX_CONNS -20[1;m

[1;33m[c1] Incoming MockSocket connection[1;m

[1;33m[c1] MAX_CONNS -21[1;m

[1;33m[c1] YOU FOUND THE NULL POINTER. 10 POINTS TO HUFFLEPUFF[1;m

[1;36m[1;44m00:00.636 00:00.132 Successfully matched event ControlChannelUnblock:e61[1;m
[1;36m[1;36mRound 2[1;37m[1;m
ERROR:io_master:Socket error: Bad file descriptor
[1;36m[1;44m00:00.764 00:00.258 Successfully matched event ControlChannelUnblock:e136[1;m
[1;36m[1;36mRound 3[1;37m[1;m
[1;36m[1;36mRound 4[1;37m[1;m
ERROR:io_master:Socket error: Bad file descriptor
[1;41m[1;37mViolations at end of trace: ['c1'][1;m
[1;42m[1;37mViolation found c1[1;m
[1;36m[1;44mEvent Stats: Events matched: 5, timed out: 0
Matches per event type:
  ConnectToControllers 1
  ControlChannelBlock 2
  ControlChannelUnblock 2
Timeouts per event type:
[1;m
[1;36m[1;44mDataplaneDrop Stats: Expected drops (0), Actual drops (0)
Missed Drops (expected if TrafficInjections pruned):[1;m
127.0.0.1 - - [21/May/2014 22:59:15] "POST / HTTP/1.1" 200 -
[1;45m[1;31mViolation! Considering 0'th[1;m
[1;45mViolation found in 0th half. Recursing[1;m
[1;45mSubsets:
l/0.l/1.l/2.l/3.l/4.l/5: a(e2,[u'e136'])
l/0.l/1.l/2.l/3.l/4.r/5: a(e3,[u'e61'])[1;m
[1;45mCurrent subset: l/0.l/1.l/2.l/3.l/4.l/5: a(e2,[u'e136'])[1;m
No DataplaneDrops to replay. We suggest you set Replayer's default_dp_permit=True 
INFO:Controller: =====> Starting POX Controller <===== 
[1;36mStarting POX controller c1[1;m
INFO:Controller:Launching controller c1: ./pox.py --verbose openflow.discovery forwarding.l2_multi_null_pointer sts.util.socket_mux.pox_monkeypatcher openflow.of_01 --address=../sts_socket_pipe
INFO:simulation:Launched controller c1: ./pox.py --verbose openflow.discovery forwarding.l2_multi_null_pointer sts.util.socket_mux.pox_monkeypatcher openflow.of_01 --address=../sts_socket_pipe [PID 5356]
INFO:simulation:Creating topology...
connect_socket_with_backoff sts_socket_pipe
Error connecting.  -- [Errno 61] Connection refused. Backing off 1 seconds ...
[1;33m[c1] POX 0.0.0 / Copyright 2011 James McCauley[1;m

[1;41m[1;33m[c1] DEBUG:core:POX 0.0.0 going up...[1;m

[1;41m[1;33m[c1] DEBUG:core:Running on CPython (2.7.5/Sep 12 2013 21:33:34)[1;m

[1;41m[1;33m[c1] INFO:core:POX 0.0.0 is up.[1;m

[1;41m[1;33m[c1] DEBUG:openflow.of_01:Listening for connections on ../sts_socket_pipe[1;m

[1;33m[c1] Incoming true socket connected[1;m

connect_socket_with_backoff sts_socket_pipe
[1;33m[c1] Incoming MockSocket connection[1;m
connect_socket_with_backoff sts_socket_pipe

connect_socket_with_backoff sts_socket_pipe
[1;33m[c1] MAX_CONNS -2[1;m

connect_socket_with_backoff sts_socket_pipe
[1;33m[c1] Incoming MockSocket connection[1;m
connect_socket_with_backoff sts_socket_pipe
[1;33m[c1] MAX_CONNS -3[1;m


[1;33m[c1] Incoming MockSocket connection[1;m
connect_socket_with_backoff sts_socket_pipe
connect_socket_with_backoff sts_socket_pipe

connect_socket_with_backoff sts_socket_pipe[1;33m[c1] MAX_CONNS -4[1;m


connect_socket_with_backoff sts_socket_pipe
[1;33m[c1] Incoming MockSocket connection[1;m
connect_socket_with_backoff sts_socket_pipe

[1;33m[c1] MAX_CONNS -5[1;m
connect_socket_with_backoff sts_socket_pipe

[1;33m[c1] Incoming MockSocket connection[1;m

[1;33m[c1] MAX_CONNS -6[1;m

connect_socket_with_backoff sts_socket_pipe
[1;33m[c1] Incoming MockSocket connection[1;m
connect_socket_with_backoff sts_socket_pipe

connect_socket_with_backoff sts_socket_pipe
[1;33m[c1] MAX_CONNS -7[1;m
connect_socket_with_backoff sts_socket_pipe

[1;33m[c1] Incoming MockSocket connection[1;m
connect_socket_with_backoff sts_socket_pipe

[1;33m[c1] MAX_CONNS -8[1;m

connect_socket_with_backoff sts_socket_pipe
[1;33m[c1] Incoming MockSocket connection[1;m
connect_socket_with_backoff sts_socket_pipe

connect_socket_with_backoff sts_socket_pipe[1;33m[c1] MAX_CONNS -9[1;m


connect_socket_with_backoff sts_socket_pipe
[1;36m[1;44m00:00.507 00:00.000 Successfully matched event ConnectToControllers:e1[1;m[1;33m[c1] Incoming MockSocket connection[1;m


[1;33m[c1] MAX_CONNS -10[1;m

[1;36m[1;44m00:00.512 00:00.013 Successfully matched event ControlChannelBlock:e2[1;m
[1;36m[1;36mRound 1[1;37m[1;m[1;33m[c1] Incoming MockSocket connection[1;m


[1;33m[c1] MAX_CONNS -11[1;m

[1;33m[c1] Incoming MockSocket connection[1;m

[1;33m[c1] MAX_CONNS -12[1;m

[1;33m[c1] Incoming MockSocket connection[1;m

[1;33m[c1] MAX_CONNS -13[1;m

[1;41m[1;33m[c1] INFO:openflow.of_01:of_01 [Con 20/20] Connected to 00-00-00-00-00-14[1;m
ERROR:io_master:Socket error: Broken pipe

ERROR:io_master:Socket error: Broken pipe
ERROR:io_master:Socket error: Broken pipe
ERROR:io_master:Socket error: Broken pipe
[1;33m[c1] Incoming MockSocket connection[1;m
ERROR:io_master:Socket error: Broken pipe
ERROR:io_master:Socket error: Broken pipe
ERROR:io_master:Socket error: Broken pipe

ERROR:io_master:Socket error: Broken pipe
ERROR:io_master:Socket error: Broken pipe
Socket error: Broken pipe
 [1;33m[c1] MAX_CONNS -14[1;m
ERROR:io_master:Socket error: Bad file descriptor

[1;33m[c1] Incoming MockSocket connection[1;m
ERROR:io_master:Socket error: Bad file descriptor

ERROR:io_master:Socket error: Bad file descriptor
ERROR:io_master:Socket error: Bad file descriptor
[1;33m[c1] MAX_CONNS -15[1;m
ERROR:io_master:Socket error: Bad file descriptor
ERROR:io_master:Socket error: Bad file descriptor

ERROR:io_master:Socket error: Bad file descriptor
[1;33m[c1] Incoming MockSocket connection[1;m
ERROR:io_master:Socket error: Bad file descriptor

ERROR:io_master:Socket error: Bad file descriptor
[1;33m[c1] MAX_CONNS -16[1;m

[1;33m[c1] Incoming MockSocket connection[1;m

[1;33m[c1] MAX_CONNS -17[1;m

[1;33m[c1] Incoming MockSocket connection[1;m

[1;33m[c1] MAX_CONNS -18[1;m

[1;33m[c1] Incoming MockSocket connection[1;m

[1;33m[c1] MAX_CONNS -19[1;m

[1;33m[c1] Incoming MockSocket connection[1;m

[1;33m[c1] Incoming MockSocket connection[1;m

[1;33m[c1] MAX_CONNS -20[1;m

[1;33m[c1] MAX_CONNS -21[1;m

[1;33m[c1] YOU FOUND THE NULL POINTER. 10 POINTS TO HUFFLEPUFF[1;m

[1;36m[1;44m00:00.760 00:00.258 Successfully matched event ControlChannelUnblock:e136[1;m
[1;36m[1;36mRound 3[1;37m[1;m
[1;36m[1;36mRound 4[1;37m[1;m
ERROR:io_master:Socket error: Bad file descriptor
[1;41m[1;37mViolations at end of trace: ['c1'][1;m
[1;42m[1;37mViolation found c1[1;m
[1;36m[1;44mEvent Stats: Events matched: 3, timed out: 0
Matches per event type:
  ConnectToControllers 1
  ControlChannelBlock 1
  ControlChannelUnblock 1
Timeouts per event type:
[1;m
[1;36m[1;44mDataplaneDrop Stats: Expected drops (0), Actual drops (0)
Missed Drops (expected if TrafficInjections pruned):[1;m
127.0.0.1 - - [21/May/2014 22:59:18] "POST / HTTP/1.1" 200 -
[1;45m[1;31mViolation! Considering 0'th[1;m
[1;45mViolation found in 0th half. Recursing[1;m
[1;45mBase case [ControlChannelBlock:e2:('ControlChannelBlock', 7, u'c1'), ControlChannelUnblock:e136:('ControlChannelUnblock', 7, u'c1')][1;m
No DataplaneDrops to replay. We suggest you set Replayer's default_dp_permit=True 
INFO:Controller: =====> Starting POX Controller <===== 
[1;36mStarting POX controller c1[1;m
INFO:Controller:Launching controller c1: ./pox.py --verbose openflow.discovery forwarding.l2_multi_null_pointer sts.util.socket_mux.pox_monkeypatcher openflow.of_01 --address=../sts_socket_pipe
INFO:simulation:Launched controller c1: ./pox.py --verbose openflow.discovery forwarding.l2_multi_null_pointer sts.util.socket_mux.pox_monkeypatcher openflow.of_01 --address=../sts_socket_pipe [PID 5360]
INFO:simulation:Creating topology...
connect_socket_with_backoff sts_socket_pipe
Error connecting.  -- [Errno 61] Connection refused. Backing off 1 seconds ...
[1;33m[c1] POX 0.0.0 / Copyright 2011 James McCauley[1;m

[1;41m[1;33m[c1] DEBUG:core:POX 0.0.0 going up...[1;m

[1;41m[1;33m[c1] DEBUG:core:Running on CPython (2.7.5/Sep 12 2013 21:33:34)[1;m

[1;41m[1;33m[c1] INFO:core:POX 0.0.0 is up.[1;m

[1;41m[1;33m[c1] DEBUG:openflow.of_01:Listening for connections on ../sts_socket_pipe[1;m

[1;33m[c1] Incoming true socket connected[1;m

connect_socket_with_backoff sts_socket_pipe
[1;33m[c1] Incoming MockSocket connection[1;m

connect_socket_with_backoff sts_socket_pipe
connect_socket_with_backoff sts_socket_pipe[1;33m[c1] MAX_CONNS -2[1;m


[1;33m[c1] Incoming MockSocket connection[1;m
connect_socket_with_backoff sts_socket_pipe

[1;33m[c1] MAX_CONNS -3[1;m
connect_socket_with_backoff sts_socket_pipe

connect_socket_with_backoff sts_socket_pipe[1;33m[c1] Incoming MockSocket connection[1;m


connect_socket_with_backoff sts_socket_pipe[1;33m[c1] MAX_CONNS -4[1;m


connect_socket_with_backoff sts_socket_pipe
[1;33m[c1] Incoming MockSocket connection[1;m
connect_socket_with_backoff sts_socket_pipe

[1;33m[c1] MAX_CONNS -5[1;m
connect_socket_with_backoff sts_socket_pipe
[1;33m[c1] Incoming MockSocket connection[1;m


connect_socket_with_backoff sts_socket_pipe[1;33m[c1] MAX_CONNS -6[1;m


[1;33m[c1] Incoming MockSocket connection[1;m

connect_socket_with_backoff sts_socket_pipe
[1;33m[c1] MAX_CONNS -7[1;m
connect_socket_with_backoff sts_socket_pipe
connect_socket_with_backoff sts_socket_pipe

connect_socket_with_backoff sts_socket_pipe
[1;33m[c1] Incoming MockSocket connection[1;m
connect_socket_with_backoff sts_socket_pipe

connect_socket_with_backoff sts_socket_pipe[1;33m[c1] MAX_CONNS -8[1;m


connect_socket_with_backoff sts_socket_pipe
[1;33m[c1] Incoming MockSocket connection[1;m
connect_socket_with_backoff sts_socket_pipe

[1;33m[c1] MAX_CONNS -9[1;m
connect_socket_with_backoff sts_socket_pipe

[1;36m[1;44m00:00.509 00:00.000 Successfully matched event ConnectToControllers:e1[1;m
[1;33m[c1] Incoming MockSocket connection[1;m

[1;36m[1;44m00:00.516 00:00.013 Successfully matched event ControlChannelBlock:e2[1;m[1;33m[c1] MAX_CONNS -10[1;m


[1;36m[1;36mRound 1[1;37m[1;m[1;33m[c1] Incoming MockSocket connection[1;m


[1;33m[c1] MAX_CONNS -11[1;m

[1;33m[c1] Incoming MockSocket connection[1;m

[1;33m[c1] MAX_CONNS -12[1;m

[1;33m[c1] Incoming MockSocket connection[1;m
ERROR:io_master:Socket error: Broken pipe

ERROR:io_master:Socket error: Broken pipe
[1;41m[1;33m[c1] INFO:openflow.of_01:of_01 [Con 20/20] Connected to 00-00-00-00-00-14[1;m
ERROR:io_master:Socket error: Broken pipe
ERROR:io_master:Socket error: Broken pipe
ERROR:io_master:Socket error: Broken pipe

ERROR:io_master:Socket error: Broken pipe
ERROR:io_master:Socket error: Broken pipe
ERROR:io_master:Socket error: Broken pipe
ERROR:io_master:Socket error: Broken pipe
ERROR:io_master:Socket error: Broken pipe
[1;33m[c1] MAX_CONNS -13[1;m

ERROR:io_master:Socket error: Broken pipe
[1;33m[c1] Incoming MockSocket connection[1;m

ERROR:io_master:Socket error: Broken pipe
[1;33m[c1] MAX_CONNS -14[1;m
ERROR:io_master:Socket error: Broken pipe

ERROR:io_master:Socket error: Broken pipe
[1;33m[c1] Incoming MockSocket connection[1;m
ERROR:io_master:Socket error: Broken pipe

Closing true_io_worker after empty read[1;33m[c1] MAX_CONNS -15[1;m


Socket error: Bad file descriptor
[1;33m[c1] Incoming MockSocket connection[1;m

[1;33m[c1] MAX_CONNS -16[1;m

[1;33m[c1] Incoming MockSocket connection[1;m

[1;33m[c1] MAX_CONNS -17[1;m

[1;33m[c1] Incoming MockSocket connection[1;m

[1;33m[c1] MAX_CONNS -18[1;m

[1;33m[c1] Incoming MockSocket connection[1;m

[1;33m[c1] MAX_CONNS -19[1;m

[1;33m[c1] Incoming MockSocket connection[1;m

[1;33m[c1] MAX_CONNS -20[1;m

[1;33m[c1] Incoming MockSocket connection[1;m

[1;33m[c1] MAX_CONNS -21[1;m

[1;33m[c1] YOU FOUND THE NULL POINTER. 10 POINTS TO HUFFLEPUFF[1;m

[1;36m[1;44m00:00.763 00:00.258 Successfully matched event ControlChannelUnblock:e136[1;m
[1;36m[1;36mRound 3[1;37m[1;m
[1;36m[1;36mRound 4[1;37m[1;m
ERROR:io_master:Socket error: Bad file descriptor
[1;41m[1;37mViolations at end of trace: ['c1'][1;m
[1;42m[1;37mViolation found c1[1;m
[1;36m[1;44mEvent Stats: Events matched: 3, timed out: 0
Matches per event type:
  ConnectToControllers 1
  ControlChannelBlock 1
  ControlChannelUnblock 1
Timeouts per event type:
[1;m
[1;36m[1;44mDataplaneDrop Stats: Expected drops (0), Actual drops (0)
Missed Drops (expected if TrafficInjections pruned):[1;m
127.0.0.1 - - [21/May/2014 22:59:20] "POST / HTTP/1.1" 200 -
[1;45m=== Total replays: 8 ===[1;m
[1;45mFinal MCS (2 elements):[1;m
[1;45m - ControlChannelBlock:e2[1;m
[1;45m - ControlChannelUnblock:e136[1;m
