[1;36mStarting POX controller c1[1;m
connect_socket_with_backoff /tmp/snapshot_socket
Error connecting.  -- [Errno 61] Connection refused. Backing off 1 seconds ...
[1;33m[c1] POX 0.0.0 / Copyright 2011 James McCauley[1;m

[1;41m[1;33m[c1] DEBUG:ext.sts.util.socket_mux.pox_monkeypatcher:Creating snapshot listen socket[1;m

[1;41m[1;33m[c1] DEBUG:ext.sts.util.socket_mux.pox_monkeypatcher:accept()ing snapshot socket[1;m

[1;41m[1;33m[c1] DEBUG:ext.sts.util.socket_mux.pox_monkeypatcher:snapshot socket accept()ed[1;m

[1;41m[1;33m[c1] DEBUG:core:POX 0.0.0 going up...[1;m
connect_socket_with_backoff ('127.0.0.1', 6633)

Error connecting.  -- [Errno 61] Connection refused. Backing off 1 seconds ...
[1;41m[1;33m[c1] DEBUG:core:Running on CPython (2.7.5/Sep 12 2013 21:33:34)[1;m

[1;41m[1;33m[c1] INFO:core:POX 0.0.0 is up.[1;m

[1;41m[1;33m[c1] DEBUG:openflow.of_01:Listening for connections on ('127.0.0.1', 6633)[1;m

[1;33m[c1] Incoming true socket connected[1;m

connect_socket_with_backoff ('127.0.0.1', 6633)
connect_socket_with_backoff ('127.0.0.1', 6633)[1;33m[c1] Incoming MockSocket connection [u'127.0.0.1', 57160][1;m


[1;36m[1;44m00:00.503 00:00.000 Successfully matched event ConnectToControllers:e1[1;m
[1;33m[c1] Incoming MockSocket connection [u'127.0.0.1', 57160][1;m
[1;36m[1;44m00:00.505 00:00.000 Successfully matched event ControlMessageReceive:i2 c c1 -> s 2 [ofp_hello: ][1;m

[1;36m[1;36mRound 1[1;37m[1;m
[1;35m[1;41m00:01.109 00:00.001 Event timed out ControlMessageReceive:i3 c c1 -> s 1 [ofp_hello: ][1;m
[1;35m[1;41m00:01.714 00:00.001 Event timed out ControlMessageSend:i4 c 2 -> s c1 [ofp_hello: ][1;m
[1;35m[1;41m00:02.321 00:00.001 Event timed out ControlMessageSend:i5 c 1 -> s c1 [ofp_hello: ][1;m
[1;35m[1;41m00:02.928 00:00.103 Event timed out ControlMessageReceive:i6 c c1 -> s 2 [ofp_features_request: ][1;m
[1;36m[1;36mRound 2[1;37m[1;m
[1;41m[1;33m[c1] INFO:openflow.of_01:of_01 [Con 2/2] Connected to 00-00-00-00-00-02[1;m

[1;41m[1;33m[c1] DEBUG:forwarding.l2_multi:Connect [Con 2/2][1;m

[1;41m[1;33m[c1] DEBUG:openflow.discovery:Installing flow for 00-00-00-00-00-02[1;m

[1;35m[1;41m00:03.535 00:00.103 Event timed out ControlMessageReceive:i7 c c1 -> s 1 [ofp_features_request: ][1;m
[1;41m[1;33m[c1] INFO:openflow.of_01:of_01 [Con 1/1] Connected to 00-00-00-00-00-01[1;m

[1;41m[1;33m[c1] DEBUG:forwarding.l2_multi:Connect [Con 1/1][1;m

[1;41m[1;33m[c1] DEBUG:openflow.discovery:Installing flow for 00-00-00-00-00-01[1;m

[1;35m[1;41m00:04.140 00:00.104 Event timed out ControlMessageSend:i8 c 2 -> s c1 [ofp_features_reply: datapath_id=2][1;m
[1;35m[1;41m00:04.745 00:00.104 Event timed out ControlMessageSend:i9 c 1 -> s c1 [ofp_features_reply: datapath_id=1][1;m
[1;35m[1;41m00:05.393 00:00.206 Event timed out ControlMessageReceive:i10 c c1 -> s 1 [ofp_set_config: ][1;m
[1;36m[1;36mRound 3[1;37m[1;m
[1;35m[1;41m00:05.996 00:00.207 Event timed out ControlMessageReceive:i11 c c1 -> s 2 [ofp_barrier_request: ][1;m
[1;36mForwarding dataplane event[1;m
[1;41m[1;33m[c1] INFO:openflow.discovery:link detected: 00-00-00-00-00-02.1 -> 00-00-00-00-00-01.1[1;m

[1;36m[1;44m00:06.000 00:00.207 Successfully matched event ControlMessageReceive:i12 c c1 -> s 1 [ofp_flow_mod: hard_timeout=0, out_port=65535, priority=32768, idle_timeout=0, command=delete, actions=(), flags=0, match=x^L,in_port:None][1;m
[1;35m[1;41m00:06.645 00:00.208 Event timed out ControlMessageReceive:i13 c c1 -> s 2 [ofp_set_config: ][1;m
[1;35m[1;41m00:07.249 00:00.208 Event timed out ControlMessageReceive:i14 c c1 -> s 1 [ofp_barrier_request: ][1;m
[1;36mForwarding dataplane event[1;m
[1;35m[1;41m00:07.893 00:00.208 Event timed out ControlMessageReceive:i15 c c1 -> s 2 [ofp_flow_mod: hard_timeout=0, out_port=65535, priority=32768, idle_timeout=0, command=delete, actions=(), flags=0, match=x^L,in_port:None][1;m
[1;35m[1;41m00:08.498 00:00.209 Event timed out ControlMessageSend:i16 c 2 -> s c1 [ofp_barrier_reply: ][1;m
[1;36mForwarding dataplane event[1;m
[1;41m[1;33m[c1] INFO:openflow.discovery:link detected: 00-00-00-00-00-01.1 -> 00-00-00-00-00-02.1[1;m

[1;35m[1;41m00:09.144 00:00.209 Event timed out ControlMessageSend:i17 c 1 -> s c1 [ofp_barrier_reply: ][1;m
[1;35m[1;41m00:09.750 00:00.311 Event timed out ControlMessageReceive:i18 c c1 -> s 2 [ofp_flow_mod: hard_timeout=0, out_port=65535, priority=32768, idle_timeout=0, command=add, actions=(u'output(65533)',), flags=0, match=dl_dst:01:23:20:00:00:01,dl_type:35020,in_port:None][1;m
[1;36m[1;36mRound 4[1;37m[1;m
[1;36mForwarding dataplane event[1;m
[1;35m[1;41m00:10.397 00:00.312 Event timed out ControlMessageReceive:i19 c c1 -> s 1 [ofp_flow_mod: hard_timeout=0, out_port=65535, priority=32768, idle_timeout=0, command=add, actions=(u'output(65533)',), flags=0, match=dl_dst:01:23:20:00:00:01,dl_type:35020,in_port:None][1;m
[1;36m[1;44m00:10.399 00:01.523 Successfully matched event ControlMessageReceive:i20 c c1 -> s 2 [ofp_packet_out: actions=(u'output(1)',), data={u'class': u'lldp'}, in_port=65535][1;m
[1;36m[1;36mRound 16[1;37m[1;m
[1;36mForwarding dataplane event[1;m
[1;36m[1;44m00:10.400 00:01.626 Successfully matched event ControlMessageSend:i22 c 1 -> s c1 [ofp_packet_in: data={u'class': u'lldp'}, in_port=1][1;m
[1;36m[1;36mRound 17[1;37m[1;m
[1;35m[1;41m00:11.005 00:01.728 Event timed out ControlMessageReceive:i23 c c1 -> s 1 [ofp_flow_mod: hard_timeout=0, out_port=65535, priority=32768, idle_timeout=0, command=delete, actions=(), flags=0, match=x^L,in_port:None][1;m
[1;36m[1;36mRound 18[1;37m[1;m
[1;36m[1;44m00:11.006 00:01.729 Successfully matched event ControlMessageReceive:i24 c c1 -> s 1 [ofp_packet_out: actions=(), data=(), in_port=1][1;m
[1;35m[1;41m00:11.647 00:01.730 Event timed out ControlMessageReceive:i25 c c1 -> s 2 [ofp_flow_mod: hard_timeout=0, out_port=65535, priority=32768, idle_timeout=0, command=delete, actions=(), flags=0, match=x^L,in_port:None][1;m
[1;36m[1;44m00:11.648 00:02.741 Successfully matched event ControlMessageReceive:i26 c c1 -> s 2 [ofp_packet_out: actions=(u'output(2)',), data={u'class': u'lldp'}, in_port=65535][1;m
[1;36m[1;36mRound 28[1;37m[1;m
[1;36mForwarding dataplane event[1;m
[1;36m[1;44m00:11.649 00:04.058 Successfully matched event ControlMessageReceive:i28 c c1 -> s 1 [ofp_packet_out: actions=(u'output(1)',), data={u'class': u'lldp'}, in_port=65535][1;m
[1;36m[1;36mRound 41[1;37m[1;m
[1;36m[1;44m00:11.649 00:04.160 Successfully matched event ControlMessageSend:i30 c 2 -> s c1 [ofp_packet_in: data={u'class': u'lldp'}, in_port=1][1;m
[1;36m[1;36mRound 42[1;37m[1;m
[1;36m[1;44m00:11.650 00:04.262 Successfully matched event ControlMessageReceive:i31 c c1 -> s 2 [ofp_packet_out: actions=(), data=(), in_port=1][1;m
[1;36m[1;36mRound 43[1;37m[1;m
[1;35m[1;41m00:12.253 00:04.263 Event timed out ControlMessageReceive:i32 c c1 -> s 1 [ofp_flow_mod: hard_timeout=0, out_port=65535, priority=32768, idle_timeout=0, command=delete, actions=(), flags=0, match=x^L,in_port:None][1;m
[1;35m[1;41m00:12.898 00:04.263 Event timed out ControlMessageReceive:i33 c c1 -> s 2 [ofp_flow_mod: hard_timeout=0, out_port=65535, priority=32768, idle_timeout=0, command=delete, actions=(), flags=0, match=x^L,in_port:None][1;m
[1;36m[1;44m00:12.900 00:05.282 Successfully matched event ControlMessageReceive:i42 c c1 -> s 1 [ofp_packet_out: actions=(u'output(2)',), data={u'class': u'lldp'}, in_port=65535][1;m
[1;36m[1;36mRound 53[1;37m[1;m
[1;36mForwarding dataplane event[1;m
[1;42m[1;37mNo correctness violations![1;m
[1;36m[1;44m00:14.021 00:06.401 Successfully matched event CheckInvariants:e56[1;m
[1;36m[1;36mRound 64[1;37m[1;m
[1;42m[1;37mNo correctness violations![1;m
[1;36m[1;44m00:14.125 00:06.503 Successfully matched event CheckInvariants:e58[1;m
[1;36m[1;36mRound 65[1;37m[1;m
[1;36mForwarding dataplane event[1;m
[1;42m[1;37mNo correctness violations![1;m
[1;36m[1;44m00:14.228 00:06.605 Successfully matched event CheckInvariants:e61[1;m
[1;36m[1;36mRound 66[1;37m[1;m
[1;42m[1;37mNo correctness violations![1;m
[1;36m[1;44m00:14.331 00:06.708 Successfully matched event CheckInvariants:e63[1;m
[1;36m[1;36mRound 67[1;37m[1;m
[1;36m[1;44m00:14.435 00:06.810 Successfully matched event TrafficInjection:e64[1;m
[1;36m[1;36mRound 68[1;37m[1;m
[1;36mForwarding dataplane event[1;m
[1;42m[1;37mNo correctness violations![1;m
[1;36m[1;44m00:14.437 00:06.811 Successfully matched event CheckInvariants:e65[1;m
[1;41m[1;33m[c1] DEBUG:forwarding.l2_multi:Learned 12:34:56:78:02:02 at 00-00-00-00-00-02.2[1;m

[1;41m[1;33m[c1] DEBUG:forwarding.l2_multi:12:34:56:78:01:02 unknown -- flooding[1;m

[1;42m[1;37mNo correctness violations![1;m
[1;36m[1;44m00:14.540 00:06.913 Successfully matched event CheckInvariants:e68[1;m
[1;36m[1;36mRound 69[1;37m[1;m
[1;42m[1;37mNo correctness violations![1;m
[1;36m[1;44m00:14.849 00:07.221 Successfully matched event CheckInvariants:e75[1;m
[1;36m[1;36mRound 72[1;37m[1;m
[1;36mForwarding dataplane event[1;m
[1;41m[1;33m[c1] WARNING:forwarding.l2_multi:Packet from 12:34:56:78:02:02 arrived at 00-00-00-00-00-01.1 without flow[1;m

[1;41m[1;33m[c1] DEBUG:forwarding.l2_multi:12:34:56:78:01:02 unknown -- flooding[1;m

[1;42m[1;37mNo correctness violations![1;m
[1;36m[1;44m00:14.954 00:07.325 Successfully matched event CheckInvariants:e78[1;m
[1;36m[1;36mRound 73[1;37m[1;m
[1;36mForwarding dataplane event[1;m
[1;42m[1;37mNo correctness violations![1;m
[1;36m[1;44m00:15.060 00:07.428 Successfully matched event CheckInvariants:e82[1;m
[1;36m[1;36mRound 74[1;37m[1;m
[1;36mForwarding dataplane event[1;m
[1;36m[1;44m00:16.063 00:07.429 Successfully matched event WaitTime:e84[1;m
[1;36m[1;36mRound -1[1;37m[1;m
[1;42m[1;37mNo correctness violations![1;m
[1;36m[1;44mEvent Stats: Events matched: 22, timed out: 20
Matches per event type:
  WaitTime 1
  TrafficInjection 1
  ConnectToControllers 1
  ControlMessageSend 2
  ControlMessageReceive 8
  CheckInvariants 9
Timeouts per event type:
  ControlMessageSend 6
  ControlMessageReceive 14
[1;m
[1;36m[1;44mDataplaneDrop Stats: Expected drops (0), Actual drops (0)
Missed Drops (expected if TrafficInjections pruned):[1;m
[1;36mKilling controller c1 (pid 16103)[1;m
Killing child controllers...close() called on stdout during concurrent operation
close() called on stderr during concurrent operation
 OK
