xss =  -ea -javaagent:/home/mininet/apache-cassandra-1.2.4/bin/../lib/jamm-0.2.5.jar -XX:+UseThreadPriorities -XX:ThreadPriorityPolicy=42 -Xms1001M -Xmx1001M -Xmn100M -XX:+HeapDumpOnOutOfMemoryError -Xss228k
 INFO 12:33:07,332 Logging initialized
 INFO 12:33:07,344 JVM vendor/version: OpenJDK 64-Bit Server VM/1.7.0_51
 WARN 12:33:07,345 OpenJDK is not recommended. Please upgrade to the newest Oracle Java release
 INFO 12:33:07,345 Heap size: 1039138816/1040187392
 INFO 12:33:07,345 Classpath: /home/mininet/apache-cassandra-1.2.4/bin/../conf:/home/mininet/apache-cassandra-1.2.4/bin/../build/classes/main:/home/mininet/apache-cassandra-1.2.4/bin/../build/classes/thrift:/home/mininet/apache-cassandra-1.2.4/bin/../lib/antlr-3.2.jar:/home/mininet/apache-cassandra-1.2.4/bin/../lib/apache-cassandra-1.2.4.jar:/home/mininet/apache-cassandra-1.2.4/bin/../lib/apache-cassandra-clientutil-1.2.4.jar:/home/mininet/apache-cassandra-1.2.4/bin/../lib/apache-cassandra-thrift-1.2.4.jar:/home/mininet/apache-cassandra-1.2.4/bin/../lib/avro-1.4.0-fixes.jar:/home/mininet/apache-cassandra-1.2.4/bin/../lib/avro-1.4.0-sources-fixes.jar:/home/mininet/apache-cassandra-1.2.4/bin/../lib/commons-cli-1.1.jar:/home/mininet/apache-cassandra-1.2.4/bin/../lib/commons-codec-1.2.jar:/home/mininet/apache-cassandra-1.2.4/bin/../lib/commons-lang-2.6.jar:/home/mininet/apache-cassandra-1.2.4/bin/../lib/compress-lzf-0.8.4.jar:/home/mininet/apache-cassandra-1.2.4/bin/../lib/concurrentlinkedhashmap-lru-1.3.jar:/home/mininet/apache-cassandra-1.2.4/bin/../lib/guava-13.0.1.jar:/home/mininet/apache-cassandra-1.2.4/bin/../lib/high-scale-lib-1.1.2.jar:/home/mininet/apache-cassandra-1.2.4/bin/../lib/jackson-core-asl-1.9.2.jar:/home/mininet/apache-cassandra-1.2.4/bin/../lib/jackson-mapper-asl-1.9.2.jar:/home/mininet/apache-cassandra-1.2.4/bin/../lib/jamm-0.2.5.jar:/home/mininet/apache-cassandra-1.2.4/bin/../lib/jbcrypt-0.3m.jar:/home/mininet/apache-cassandra-1.2.4/bin/../lib/jline-1.0.jar:/home/mininet/apache-cassandra-1.2.4/bin/../lib/json-simple-1.1.jar:/home/mininet/apache-cassandra-1.2.4/bin/../lib/libthrift-0.7.0.jar:/home/mininet/apache-cassandra-1.2.4/bin/../lib/log4j-1.2.16.jar:/home/mininet/apache-cassandra-1.2.4/bin/../lib/lz4-1.1.0.jar:/home/mininet/apache-cassandra-1.2.4/bin/../lib/metrics-core-2.0.3.jar:/home/mininet/apache-cassandra-1.2.4/bin/../lib/netty-3.5.9.Final.jar:/home/mininet/apache-cassandra-1.2.4/bin/../lib/servlet-api-2.5-20081211.jar:/home/mininet/apache-cassandra-1.2.4/bin/../lib/slf4j-api-1.7.2.jar:/home/mininet/apache-cassandra-1.2.4/bin/../lib/slf4j-log4j12-1.7.2.jar:/home/mininet/apache-cassandra-1.2.4/bin/../lib/snakeyaml-1.6.jar:/home/mininet/apache-cassandra-1.2.4/bin/../lib/snappy-java-1.0.4.1.jar:/home/mininet/apache-cassandra-1.2.4/bin/../lib/snaptree-0.1.jar:/home/mininet/apache-cassandra-1.2.4/bin/../lib/jamm-0.2.5.jar
 INFO 12:33:07,347 JNA not found. Native methods will be disabled.
 INFO 12:33:07,356 Loading settings from file:/home/mininet/apache-cassandra-1.2.4/conf/cassandra.yaml
 INFO 12:33:07,835 Data files directories: [/var/lib/cassandra/data]
 INFO 12:33:07,836 Commit log directory: /var/lib/cassandra/commitlog
 INFO 12:33:07,836 DiskAccessMode 'auto' determined to be mmap, indexAccessMode is mmap
 INFO 12:33:07,837 disk_failure_policy is stop
 INFO 12:33:07,845 Global memtable threshold is enabled at 330MB
 INFO 12:33:07,961 Not using multi-threaded compaction
 INFO 12:33:08,428 Initializing key cache with capacity of 49 MBs.
 INFO 12:33:08,436 Scheduling key cache save to each 14400 seconds (going to save all keys).
 INFO 12:33:08,437 Initializing row cache with capacity of 0 MBs and provider org.apache.cassandra.cache.SerializingCacheProvider
 INFO 12:33:08,445 Scheduling row cache save to each 0 seconds (going to save all keys).
 INFO 12:33:08,825 Couldn't detect any schema definitions in local storage.
 INFO 12:33:08,825 To create keyspaces and column families, see 'help create keyspace' in the CLI, or set up a schema using the thrift system_* calls.
 INFO 12:33:08,913 No commitlog files found; skipping replay
 INFO 12:33:09,280 Cassandra version: 1.2.4
 INFO 12:33:09,283 Thrift API version: 19.35.0
 INFO 12:33:09,283 CQL supported versions: 2.0.0,3.0.1 (default: 3.0.1)
 INFO 12:33:09,317 Loading persisted ring state
 INFO 12:33:09,320 Starting up server gossip
 WARN 12:33:09,325 No host ID found, created b19e66b6-fbb6-43ea-ba03-25e58b66b913 (Note: This should happen exactly once per node).
 INFO 12:33:09,341 Enqueuing flush of Memtable-local@1156511567(361/361 serialized/live bytes, 15 ops)
 INFO 12:33:09,349 Writing Memtable-local@1156511567(361/361 serialized/live bytes, 15 ops)
 INFO 12:33:09,400 Completed flushing /var/lib/cassandra/data/system/local/system-local-ib-1-Data.db (350 bytes) for commitlog position ReplayPosition(segmentId=1391027588804, position=50656)
 INFO 12:33:09,472 Starting Messaging Service on port 7000
 INFO 12:33:09,519 Enqueuing flush of Memtable-local@1622940842(86/86 serialized/live bytes, 4 ops)
 INFO 12:33:09,520 Writing Memtable-local@1622940842(86/86 serialized/live bytes, 4 ops)
 INFO 12:33:09,556 Completed flushing /var/lib/cassandra/data/system/local/system-local-ib-2-Data.db (122 bytes) for commitlog position ReplayPosition(segmentId=1391027588804, position=50933)
 INFO 12:33:09,560 JOINING: waiting for ring information
 INFO 12:33:13,389 Node /192.168.56.12 is now part of the cluster
 INFO 12:33:13,391 InetAddress /192.168.56.12 is now UP
 INFO 12:33:13,412 Node /192.168.56.14 is now part of the cluster
 INFO 12:33:13,413 InetAddress /192.168.56.14 is now UP
 INFO 12:33:13,418 Node /192.168.56.11 is now part of the cluster
 INFO 12:33:13,419 InetAddress /192.168.56.11 is now UP
 INFO 12:33:13,434 Enqueuing flush of Memtable-peers@2045584172(574/574 serialized/live bytes, 34 ops)
 INFO 12:33:13,435 Writing Memtable-peers@2045584172(574/574 serialized/live bytes, 34 ops)
 INFO 12:33:13,459 Enqueuing flush of Memtable-schema_keyspaces@1438314035(389/389 serialized/live bytes, 11 ops)
 INFO 12:33:13,464 Completed flushing /var/lib/cassandra/data/system/peers/system-peers-ib-1-Data.db (433 bytes) for commitlog position ReplayPosition(segmentId=1391027588804, position=53208)
 INFO 12:33:13,468 Writing Memtable-schema_keyspaces@1438314035(389/389 serialized/live bytes, 11 ops)
 INFO 12:33:13,492 Completed flushing /var/lib/cassandra/data/system/schema_keyspaces/system-schema_keyspaces-ib-1-Data.db (266 bytes) for commitlog position ReplayPosition(segmentId=1391027588804, position=55046)
 INFO 12:33:13,494 Enqueuing flush of Memtable-schema_columnfamilies@1958608227(23066/23066 serialized/live bytes, 379 ops)
 INFO 12:33:13,495 Writing Memtable-schema_columnfamilies@1958608227(23066/23066 serialized/live bytes, 379 ops)
 INFO 12:33:13,523 Completed flushing /var/lib/cassandra/data/system/schema_columnfamilies/system-schema_columnfamilies-ib-1-Data.db (4849 bytes) for commitlog position ReplayPosition(segmentId=1391027588804, position=55300)
 INFO 12:33:13,524 Enqueuing flush of Memtable-schema_columns@583120892(22154/22154 serialized/live bytes, 337 ops)
 INFO 12:33:13,526 Writing Memtable-schema_columns@583120892(22154/22154 serialized/live bytes, 337 ops)
 INFO 12:33:13,562 Completed flushing /var/lib/cassandra/data/system/schema_columns/system-schema_columns-ib-1-Data.db (3898 bytes) for commitlog position ReplayPosition(segmentId=1391027588804, position=55300)
 INFO 12:33:13,714 Enqueuing flush of Memtable-schema_keyspaces@1600950081(138/138 serialized/live bytes, 3 ops)
 INFO 12:33:13,714 Writing Memtable-schema_keyspaces@1600950081(138/138 serialized/live bytes, 3 ops)
 INFO 12:33:13,745 Completed flushing /var/lib/cassandra/data/system/schema_keyspaces/system-schema_keyspaces-ib-2-Data.db (161 bytes) for commitlog position ReplayPosition(segmentId=1391027588804, position=57280)
 INFO 12:33:13,749 Enqueuing flush of Memtable-schema_columnfamilies@1832891943(1097/1097 serialized/live bytes, 20 ops)
 INFO 12:33:13,750 Writing Memtable-schema_columnfamilies@1832891943(1097/1097 serialized/live bytes, 20 ops)
 INFO 12:33:13,779 Completed flushing /var/lib/cassandra/data/system/schema_columnfamilies/system-schema_columnfamilies-ib-2-Data.db (698 bytes) for commitlog position ReplayPosition(segmentId=1391027588804, position=57280)
 INFO 12:33:13,782 Enqueuing flush of Memtable-schema_columns@984357737(251/251 serialized/live bytes, 5 ops)
 INFO 12:33:13,783 Writing Memtable-schema_columns@984357737(251/251 serialized/live bytes, 5 ops)
 INFO 12:33:13,819 Completed flushing /var/lib/cassandra/data/system/schema_columns/system-schema_columns-ib-2-Data.db (209 bytes) for commitlog position ReplayPosition(segmentId=1391027588804, position=57280)
 INFO 12:33:14,562 JOINING: schema complete, ready to bootstrap
 INFO 12:33:14,564 JOINING: getting bootstrap token
 INFO 12:33:14,568 Enqueuing flush of Memtable-local@817393893(73/73 serialized/live bytes, 6 ops)
 INFO 12:33:14,570 Writing Memtable-local@817393893(73/73 serialized/live bytes, 6 ops)
 INFO 12:33:14,602 Completed flushing /var/lib/cassandra/data/system/local/system-local-ib-3-Data.db (136 bytes) for commitlog position ReplayPosition(segmentId=1391027588804, position=57578)
 INFO 12:33:14,613 JOINING: sleeping 30000 ms for pending range setup
 INFO 12:33:42,518 Enqueuing flush of Memtable-peers@77548239(168/168 serialized/live bytes, 8 ops)
 INFO 12:33:42,519 Writing Memtable-peers@77548239(168/168 serialized/live bytes, 8 ops)
 INFO 12:33:42,536 Completed flushing /var/lib/cassandra/data/system/peers/system-peers-ib-2-Data.db (243 bytes) for commitlog position ReplayPosition(segmentId=1391027588804, position=57893)
 INFO 12:33:44,614 JOINING: Starting to bootstrap...
 INFO 12:33:44,652 Finished streaming session a5e47e50-8924-11e3-85a6-75de079103ce from /192.168.56.11
 INFO 12:33:44,653 Bootstrap completed! for the tokens [0]
 INFO 12:33:44,654 Enqueuing flush of Memtable-local@1804152596(43/43 serialized/live bytes, 2 ops)
 INFO 12:33:44,655 Writing Memtable-local@1804152596(43/43 serialized/live bytes, 2 ops)
 INFO 12:33:44,674 Completed flushing /var/lib/cassandra/data/system/local/system-local-ib-4-Data.db (75 bytes) for commitlog position ReplayPosition(segmentId=1391027588804, position=58026)
 INFO 12:33:44,678 Enqueuing flush of Memtable-local@2055825818(32/32 serialized/live bytes, 2 ops)
 INFO 12:33:44,679 Writing Memtable-local@2055825818(32/32 serialized/live bytes, 2 ops)
 INFO 12:33:44,690 Compacting [SSTableReader(path='/var/lib/cassandra/data/system/local/system-local-ib-2-Data.db'), SSTableReader(path='/var/lib/cassandra/data/system/local/system-local-ib-4-Data.db'), SSTableReader(path='/var/lib/cassandra/data/system/local/system-local-ib-3-Data.db'), SSTableReader(path='/var/lib/cassandra/data/system/local/system-local-ib-1-Data.db')]
 INFO 12:33:44,702 Completed flushing /var/lib/cassandra/data/system/local/system-local-ib-5-Data.db (90 bytes) for commitlog position ReplayPosition(segmentId=1391027588804, position=58182)
 INFO 12:33:44,715 Node /192.168.56.13 state jump to normal
 INFO 12:33:44,717 Startup completed! Now serving reads.
