xss =  -ea -javaagent:/home/mininet/apache-cassandra-1.2.4/bin/../lib/jamm-0.2.5.jar -XX:+UseThreadPriorities -XX:ThreadPriorityPolicy=42 -Xms1001M -Xmx1001M -Xmn100M -XX:+HeapDumpOnOutOfMemoryError -Xss228k
 INFO 00:43:06,940 Logging initialized
 INFO 00:43:06,952 JVM vendor/version: OpenJDK 64-Bit Server VM/1.7.0_51
 WARN 00:43:06,952 OpenJDK is not recommended. Please upgrade to the newest Oracle Java release
 INFO 00:43:06,952 Heap size: 1039138816/1040187392
 INFO 00:43:06,953 Classpath: /home/mininet/apache-cassandra-1.2.4/bin/../conf:/home/mininet/apache-cassandra-1.2.4/bin/../build/classes/main:/home/mininet/apache-cassandra-1.2.4/bin/../build/classes/thrift:/home/mininet/apache-cassandra-1.2.4/bin/../lib/antlr-3.2.jar:/home/mininet/apache-cassandra-1.2.4/bin/../lib/apache-cassandra-1.2.4.jar:/home/mininet/apache-cassandra-1.2.4/bin/../lib/apache-cassandra-clientutil-1.2.4.jar:/home/mininet/apache-cassandra-1.2.4/bin/../lib/apache-cassandra-thrift-1.2.4.jar:/home/mininet/apache-cassandra-1.2.4/bin/../lib/avro-1.4.0-fixes.jar:/home/mininet/apache-cassandra-1.2.4/bin/../lib/avro-1.4.0-sources-fixes.jar:/home/mininet/apache-cassandra-1.2.4/bin/../lib/commons-cli-1.1.jar:/home/mininet/apache-cassandra-1.2.4/bin/../lib/commons-codec-1.2.jar:/home/mininet/apache-cassandra-1.2.4/bin/../lib/commons-lang-2.6.jar:/home/mininet/apache-cassandra-1.2.4/bin/../lib/compress-lzf-0.8.4.jar:/home/mininet/apache-cassandra-1.2.4/bin/../lib/concurrentlinkedhashmap-lru-1.3.jar:/home/mininet/apache-cassandra-1.2.4/bin/../lib/guava-13.0.1.jar:/home/mininet/apache-cassandra-1.2.4/bin/../lib/high-scale-lib-1.1.2.jar:/home/mininet/apache-cassandra-1.2.4/bin/../lib/jackson-core-asl-1.9.2.jar:/home/mininet/apache-cassandra-1.2.4/bin/../lib/jackson-mapper-asl-1.9.2.jar:/home/mininet/apache-cassandra-1.2.4/bin/../lib/jamm-0.2.5.jar:/home/mininet/apache-cassandra-1.2.4/bin/../lib/jbcrypt-0.3m.jar:/home/mininet/apache-cassandra-1.2.4/bin/../lib/jline-1.0.jar:/home/mininet/apache-cassandra-1.2.4/bin/../lib/json-simple-1.1.jar:/home/mininet/apache-cassandra-1.2.4/bin/../lib/libthrift-0.7.0.jar:/home/mininet/apache-cassandra-1.2.4/bin/../lib/log4j-1.2.16.jar:/home/mininet/apache-cassandra-1.2.4/bin/../lib/lz4-1.1.0.jar:/home/mininet/apache-cassandra-1.2.4/bin/../lib/metrics-core-2.0.3.jar:/home/mininet/apache-cassandra-1.2.4/bin/../lib/netty-3.5.9.Final.jar:/home/mininet/apache-cassandra-1.2.4/bin/../lib/servlet-api-2.5-20081211.jar:/home/mininet/apache-cassandra-1.2.4/bin/../lib/slf4j-api-1.7.2.jar:/home/mininet/apache-cassandra-1.2.4/bin/../lib/slf4j-log4j12-1.7.2.jar:/home/mininet/apache-cassandra-1.2.4/bin/../lib/snakeyaml-1.6.jar:/home/mininet/apache-cassandra-1.2.4/bin/../lib/snappy-java-1.0.4.1.jar:/home/mininet/apache-cassandra-1.2.4/bin/../lib/snaptree-0.1.jar:/home/mininet/apache-cassandra-1.2.4/bin/../lib/jamm-0.2.5.jar
 INFO 00:43:06,955 JNA not found. Native methods will be disabled.
 INFO 00:43:06,965 Loading settings from file:/home/mininet/apache-cassandra-1.2.4/conf/cassandra.yaml
 INFO 00:43:07,412 Data files directories: [/var/lib/cassandra/data]
 INFO 00:43:07,412 Commit log directory: /var/lib/cassandra/commitlog
 INFO 00:43:07,413 DiskAccessMode 'auto' determined to be mmap, indexAccessMode is mmap
 INFO 00:43:07,413 disk_failure_policy is stop
 INFO 00:43:07,421 Global memtable threshold is enabled at 330MB
 INFO 00:43:07,532 Not using multi-threaded compaction
 INFO 00:43:07,987 Initializing key cache with capacity of 49 MBs.
 INFO 00:43:07,995 Scheduling key cache save to each 14400 seconds (going to save all keys).
 INFO 00:43:07,995 Initializing row cache with capacity of 0 MBs and provider org.apache.cassandra.cache.SerializingCacheProvider
 INFO 00:43:08,004 Scheduling row cache save to each 0 seconds (going to save all keys).
 INFO 00:43:08,374 Couldn't detect any schema definitions in local storage.
 INFO 00:43:08,374 To create keyspaces and column families, see 'help create keyspace' in the CLI, or set up a schema using the thrift system_* calls.
 INFO 00:43:08,450 No commitlog files found; skipping replay
 INFO 00:43:08,819 Cassandra version: 1.2.4
 INFO 00:43:08,823 Thrift API version: 19.35.0
 INFO 00:43:08,825 CQL supported versions: 2.0.0,3.0.1 (default: 3.0.1)
 INFO 00:43:08,854 Loading persisted ring state
 INFO 00:43:08,857 Starting up server gossip
 WARN 00:43:08,861 No host ID found, created 49a44614-e03d-43ee-b9c7-ba06ddb856f9 (Note: This should happen exactly once per node).
 INFO 00:43:08,874 Enqueuing flush of Memtable-local@1156511567(361/361 serialized/live bytes, 15 ops)
 INFO 00:43:08,881 Writing Memtable-local@1156511567(361/361 serialized/live bytes, 15 ops)
 INFO 00:43:08,936 Completed flushing /var/lib/cassandra/data/system/local/system-local-ib-1-Data.db (353 bytes) for commitlog position ReplayPosition(segmentId=1391157788354, position=50656)
 INFO 00:43:09,014 Starting Messaging Service on port 7000
 INFO 00:43:09,060 Enqueuing flush of Memtable-local@1622940842(86/86 serialized/live bytes, 4 ops)
 INFO 00:43:09,061 Writing Memtable-local@1622940842(86/86 serialized/live bytes, 4 ops)
 INFO 00:43:09,080 Completed flushing /var/lib/cassandra/data/system/local/system-local-ib-2-Data.db (123 bytes) for commitlog position ReplayPosition(segmentId=1391157788354, position=50933)
 INFO 00:43:09,082 JOINING: waiting for ring information
 INFO 00:43:10,316 Node /192.168.56.11 is now part of the cluster
 INFO 00:43:10,318 InetAddress /192.168.56.11 is now UP
 INFO 00:43:10,345 Enqueuing flush of Memtable-peers@63447224(182/182 serialized/live bytes, 10 ops)
 INFO 00:43:10,346 Writing Memtable-peers@63447224(182/182 serialized/live bytes, 10 ops)
 INFO 00:43:10,366 Completed flushing /var/lib/cassandra/data/system/peers/system-peers-ib-1-Data.db (233 bytes) for commitlog position ReplayPosition(segmentId=1391157788354, position=51638)
 INFO 00:43:10,384 Enqueuing flush of Memtable-schema_keyspaces@191197583(389/389 serialized/live bytes, 11 ops)
 INFO 00:43:10,385 Writing Memtable-schema_keyspaces@191197583(389/389 serialized/live bytes, 11 ops)
 INFO 00:43:10,407 Completed flushing /var/lib/cassandra/data/system/schema_keyspaces/system-schema_keyspaces-ib-1-Data.db (260 bytes) for commitlog position ReplayPosition(segmentId=1391157788354, position=53730)
 INFO 00:43:10,408 Enqueuing flush of Memtable-schema_columnfamilies@203568414(23066/23066 serialized/live bytes, 379 ops)
 INFO 00:43:10,409 Writing Memtable-schema_columnfamilies@203568414(23066/23066 serialized/live bytes, 379 ops)
 INFO 00:43:10,437 Completed flushing /var/lib/cassandra/data/system/schema_columnfamilies/system-schema_columnfamilies-ib-1-Data.db (4850 bytes) for commitlog position ReplayPosition(segmentId=1391157788354, position=53730)
 INFO 00:43:10,438 Enqueuing flush of Memtable-schema_columns@1183600113(22154/22154 serialized/live bytes, 337 ops)
 INFO 00:43:10,439 Writing Memtable-schema_columns@1183600113(22154/22154 serialized/live bytes, 337 ops)
 INFO 00:43:10,474 Completed flushing /var/lib/cassandra/data/system/schema_columns/system-schema_columns-ib-1-Data.db (3896 bytes) for commitlog position ReplayPosition(segmentId=1391157788354, position=53730)
 INFO 00:43:11,083 JOINING: schema complete, ready to bootstrap
 INFO 00:43:11,084 JOINING: getting bootstrap token
 INFO 00:43:11,090 Enqueuing flush of Memtable-local@1832891943(73/73 serialized/live bytes, 4 ops)
 INFO 00:43:11,091 Writing Memtable-local@1832891943(73/73 serialized/live bytes, 4 ops)
 INFO 00:43:11,117 Completed flushing /var/lib/cassandra/data/system/local/system-local-ib-3-Data.db (136 bytes) for commitlog position ReplayPosition(segmentId=1391157788354, position=54028)
 INFO 00:43:11,134 JOINING: sleeping 30000 ms for pending range setup
 INFO 00:43:41,135 JOINING: Starting to bootstrap...
 INFO 00:43:41,245 Finished streaming session c9103c90-8a53-11e3-98cf-c1b7d013ecd2 from /192.168.56.11
 INFO 00:43:41,247 Bootstrap completed! for the tokens [0]
 INFO 00:43:41,249 Enqueuing flush of Memtable-local@1383024495(43/43 serialized/live bytes, 2 ops)
 INFO 00:43:41,250 Writing Memtable-local@1383024495(43/43 serialized/live bytes, 2 ops)
 INFO 00:43:41,287 Completed flushing /var/lib/cassandra/data/system/local/system-local-ib-4-Data.db (75 bytes) for commitlog position ReplayPosition(segmentId=1391157788354, position=54161)
 INFO 00:43:41,295 Enqueuing flush of Memtable-local@1235517642(32/32 serialized/live bytes, 2 ops)
 INFO 00:43:41,296 Writing Memtable-local@1235517642(32/32 serialized/live bytes, 2 ops)
 INFO 00:43:41,299 Compacting [SSTableReader(path='/var/lib/cassandra/data/system/local/system-local-ib-2-Data.db'), SSTableReader(path='/var/lib/cassandra/data/system/local/system-local-ib-1-Data.db'), SSTableReader(path='/var/lib/cassandra/data/system/local/system-local-ib-3-Data.db'), SSTableReader(path='/var/lib/cassandra/data/system/local/system-local-ib-4-Data.db')]
 INFO 00:43:41,322 Completed flushing /var/lib/cassandra/data/system/local/system-local-ib-5-Data.db (91 bytes) for commitlog position ReplayPosition(segmentId=1391157788354, position=54317)
 INFO 00:43:41,334 Node /192.168.56.12 state jump to normal
 INFO 00:43:41,335 Startup completed! Now serving reads.
 INFO 00:43:41,366 Compacted 4 sstables to [/var/lib/cassandra/data/system/local/system-local-ib-6,].  687 bytes to 409 (~59% of original) in 65ms = 0.006001MB/s.  4 total rows, 1 unique.  Row merge counts were {1:0, 2:0, 3:0, 4:1, }
