OpenJDK 64-Bit Server VM warning: ignoring option PreBlockSpin=8; support was removed in 7.0_40
OpenJDK 64-Bit Server VM warning: ignoring option PreBlockSpin=8; support was removed in 7.0_40
OpenJDK 64-Bit Server VM warning: disabling UseAdaptiveSizePolicy; it is incompatible with UseConcMarkSweepGC.
00:49:48,134 |-INFO in ch.qos.logback.classic.LoggerContext[default] - Found resource [./logback.onosdev2.xml] at [file:/vagrant/ONOS/./logback.onosdev2.xml]
00:49:48,430 |-INFO in ch.qos.logback.classic.joran.action.ConfigurationAction - Setting ReconfigureOnChangeFilter scanning period to 1 minutes
00:49:48,430 |-INFO in ReconfigureOnChangeFilter{invocationCounter=0} - Will scan for changes in [[/vagrant/ONOS/./logback.onosdev2.xml]] every 60 seconds. 
00:49:48,430 |-INFO in ch.qos.logback.classic.joran.action.ConfigurationAction - Adding ReconfigureOnChangeFilter as a turbo filter
00:49:48,438 |-INFO in ch.qos.logback.core.joran.action.AppenderAction - About to instantiate appender of type [ch.qos.logback.core.ConsoleAppender]
00:49:48,443 |-INFO in ch.qos.logback.core.joran.action.AppenderAction - Naming appender as [STDOUT]
00:49:48,484 |-INFO in ch.qos.logback.core.joran.action.NestedComplexPropertyIA - Assuming default type [ch.qos.logback.classic.encoder.PatternLayoutEncoder] for [encoder] property
00:49:48,580 |-INFO in ch.qos.logback.core.joran.action.AppenderAction - About to instantiate appender of type [ch.qos.logback.core.FileAppender]
00:49:48,595 |-INFO in ch.qos.logback.core.joran.action.AppenderAction - Naming appender as [FILE]
00:49:48,622 |-INFO in ch.qos.logback.core.joran.action.NestedComplexPropertyIA - Assuming default type [ch.qos.logback.classic.encoder.PatternLayoutEncoder] for [encoder] property
00:49:48,636 |-INFO in ch.qos.logback.core.FileAppender[FILE] - File property is set to [./onos-logs/onos.onosdev2.log]
00:49:48,660 |-INFO in ch.qos.logback.classic.joran.action.LoggerAction - Setting level of logger [org] to WARN
00:49:48,663 |-INFO in ch.qos.logback.classic.joran.action.LoggerAction - Setting level of logger [LogService] to WARN
00:49:48,664 |-INFO in ch.qos.logback.classic.joran.action.LoggerAction - Setting level of logger [net.floodlightcontroller.logging] to WARN
00:49:48,664 |-INFO in ch.qos.logback.classic.joran.action.RootLoggerAction - Setting level of ROOT logger to DEBUG
00:49:48,667 |-INFO in ch.qos.logback.core.joran.action.AppenderRefAction - Attaching appender named [FILE] to Logger[ROOT]
00:49:48,672 |-INFO in ch.qos.logback.classic.joran.action.ConfigurationAction - End of configuration.
00:49:48,677 |-INFO in ch.qos.logback.classic.joran.JoranConfigurator@2c7ba30c - Registering current configuration as safe fallback point
