OpenJDK 64-Bit Server VM warning: ignoring option PreBlockSpin=8; support was removed in 7.0_40
OpenJDK 64-Bit Server VM warning: ignoring option PreBlockSpin=8; support was removed in 7.0_40
OpenJDK 64-Bit Server VM warning: disabling UseAdaptiveSizePolicy; it is incompatible with UseConcMarkSweepGC.
12:35:14,049 |-INFO in ch.qos.logback.classic.LoggerContext[default] - Found resource [./logback.onosdev3.xml] at [file:/vagrant/ONOS/./logback.onosdev3.xml]
12:35:14,353 |-INFO in ch.qos.logback.classic.joran.action.ConfigurationAction - Setting ReconfigureOnChangeFilter scanning period to 1 minutes
12:35:14,353 |-INFO in ReconfigureOnChangeFilter{invocationCounter=0} - Will scan for changes in [[/vagrant/ONOS/./logback.onosdev3.xml]] every 60 seconds. 
12:35:14,353 |-INFO in ch.qos.logback.classic.joran.action.ConfigurationAction - Adding ReconfigureOnChangeFilter as a turbo filter
12:35:14,363 |-INFO in ch.qos.logback.core.joran.action.AppenderAction - About to instantiate appender of type [ch.qos.logback.core.ConsoleAppender]
12:35:14,367 |-INFO in ch.qos.logback.core.joran.action.AppenderAction - Naming appender as [STDOUT]
12:35:14,411 |-INFO in ch.qos.logback.core.joran.action.NestedComplexPropertyIA - Assuming default type [ch.qos.logback.classic.encoder.PatternLayoutEncoder] for [encoder] property
12:35:14,493 |-INFO in ch.qos.logback.core.joran.action.AppenderAction - About to instantiate appender of type [ch.qos.logback.core.FileAppender]
12:35:14,499 |-INFO in ch.qos.logback.core.joran.action.AppenderAction - Naming appender as [FILE]
12:35:14,507 |-INFO in ch.qos.logback.core.joran.action.NestedComplexPropertyIA - Assuming default type [ch.qos.logback.classic.encoder.PatternLayoutEncoder] for [encoder] property
12:35:14,516 |-INFO in ch.qos.logback.core.FileAppender[FILE] - File property is set to [./onos-logs/onos.onosdev3.log]
12:35:14,532 |-INFO in ch.qos.logback.classic.joran.action.LoggerAction - Setting level of logger [org] to WARN
12:35:14,533 |-INFO in ch.qos.logback.classic.joran.action.LoggerAction - Setting level of logger [LogService] to WARN
12:35:14,533 |-INFO in ch.qos.logback.classic.joran.action.LoggerAction - Setting level of logger [net.floodlightcontroller.logging] to WARN
12:35:14,535 |-INFO in ch.qos.logback.classic.joran.action.RootLoggerAction - Setting level of ROOT logger to DEBUG
12:35:14,538 |-INFO in ch.qos.logback.core.joran.action.AppenderRefAction - Attaching appender named [FILE] to Logger[ROOT]
12:35:14,544 |-INFO in ch.qos.logback.classic.joran.action.ConfigurationAction - End of configuration.
12:35:14,549 |-INFO in ch.qos.logback.classic.joran.JoranConfigurator@2c7ba30c - Registering current configuration as safe fallback point
