xss =  -ea -javaagent:/home/mininet/apache-cassandra-1.2.4/bin/../lib/jamm-0.2.5.jar -XX:+UseThreadPriorities -XX:ThreadPriorityPolicy=42 -Xms1024M -Xmx1024M -Xmn100M -XX:+HeapDumpOnOutOfMemoryError -Xss180k
 INFO 15:02:12,146 Logging initialized
 INFO 15:02:12,159 JVM vendor/version: OpenJDK 64-Bit Server VM/1.7.0_25
 WARN 15:02:12,159 OpenJDK is not recommended. Please upgrade to the newest Oracle Java release
 INFO 15:02:12,160 Heap size: 1063256064/1063256064
 INFO 15:02:12,160 Classpath: /home/mininet/apache-cassandra-1.2.4/bin/../conf:/home/mininet/apache-cassandra-1.2.4/bin/../build/classes/main:/home/mininet/apache-cassandra-1.2.4/bin/../build/classes/thrift:/home/mininet/apache-cassandra-1.2.4/bin/../lib/antlr-3.2.jar:/home/mininet/apache-cassandra-1.2.4/bin/../lib/apache-cassandra-1.2.4.jar:/home/mininet/apache-cassandra-1.2.4/bin/../lib/apache-cassandra-clientutil-1.2.4.jar:/home/mininet/apache-cassandra-1.2.4/bin/../lib/apache-cassandra-thrift-1.2.4.jar:/home/mininet/apache-cassandra-1.2.4/bin/../lib/avro-1.4.0-fixes.jar:/home/mininet/apache-cassandra-1.2.4/bin/../lib/avro-1.4.0-sources-fixes.jar:/home/mininet/apache-cassandra-1.2.4/bin/../lib/commons-cli-1.1.jar:/home/mininet/apache-cassandra-1.2.4/bin/../lib/commons-codec-1.2.jar:/home/mininet/apache-cassandra-1.2.4/bin/../lib/commons-lang-2.6.jar:/home/mininet/apache-cassandra-1.2.4/bin/../lib/compress-lzf-0.8.4.jar:/home/mininet/apache-cassandra-1.2.4/bin/../lib/concurrentlinkedhashmap-lru-1.3.jar:/home/mininet/apache-cassandra-1.2.4/bin/../lib/guava-13.0.1.jar:/home/mininet/apache-cassandra-1.2.4/bin/../lib/high-scale-lib-1.1.2.jar:/home/mininet/apache-cassandra-1.2.4/bin/../lib/jackson-core-asl-1.9.2.jar:/home/mininet/apache-cassandra-1.2.4/bin/../lib/jackson-mapper-asl-1.9.2.jar:/home/mininet/apache-cassandra-1.2.4/bin/../lib/jamm-0.2.5.jar:/home/mininet/apache-cassandra-1.2.4/bin/../lib/jbcrypt-0.3m.jar:/home/mininet/apache-cassandra-1.2.4/bin/../lib/jline-1.0.jar:/home/mininet/apache-cassandra-1.2.4/bin/../lib/json-simple-1.1.jar:/home/mininet/apache-cassandra-1.2.4/bin/../lib/libthrift-0.7.0.jar:/home/mininet/apache-cassandra-1.2.4/bin/../lib/log4j-1.2.16.jar:/home/mininet/apache-cassandra-1.2.4/bin/../lib/lz4-1.1.0.jar:/home/mininet/apache-cassandra-1.2.4/bin/../lib/metrics-core-2.0.3.jar:/home/mininet/apache-cassandra-1.2.4/bin/../lib/netty-3.5.9.Final.jar:/home/mininet/apache-cassandra-1.2.4/bin/../lib/servlet-api-2.5-20081211.jar:/home/mininet/apache-cassandra-1.2.4/bin/../lib/slf4j-api-1.7.2.jar:/home/mininet/apache-cassandra-1.2.4/bin/../lib/slf4j-log4j12-1.7.2.jar:/home/mininet/apache-cassandra-1.2.4/bin/../lib/snakeyaml-1.6.jar:/home/mininet/apache-cassandra-1.2.4/bin/../lib/snappy-java-1.0.4.1.jar:/home/mininet/apache-cassandra-1.2.4/bin/../lib/snaptree-0.1.jar:/home/mininet/apache-cassandra-1.2.4/bin/../lib/jamm-0.2.5.jar
 INFO 15:02:12,162 JNA not found. Native methods will be disabled.
 INFO 15:02:12,171 Loading settings from file:/home/mininet/apache-cassandra-1.2.4/conf/cassandra.yaml
 INFO 15:02:12,572 Data files directories: [/var/lib/cassandra/data]
 INFO 15:02:12,572 Commit log directory: /var/lib/cassandra/commitlog
 INFO 15:02:12,573 DiskAccessMode 'auto' determined to be mmap, indexAccessMode is mmap
 INFO 15:02:12,573 disk_failure_policy is stop
 INFO 15:02:12,581 Global memtable threshold is enabled at 338MB
 INFO 15:02:12,704 Not using multi-threaded compaction
 INFO 15:02:13,146 Initializing key cache with capacity of 50 MBs.
 INFO 15:02:13,155 Scheduling key cache save to each 14400 seconds (going to save all keys).
 INFO 15:02:13,156 Initializing row cache with capacity of 0 MBs and provider org.apache.cassandra.cache.SerializingCacheProvider
 INFO 15:02:13,165 Scheduling row cache save to each 0 seconds (going to save all keys).
 INFO 15:02:13,541 Couldn't detect any schema definitions in local storage.
 INFO 15:02:13,542 To create keyspaces and column families, see 'help create keyspace' in the CLI, or set up a schema using the thrift system_* calls.
 INFO 15:02:13,625 No commitlog files found; skipping replay
 INFO 15:02:13,965 Cassandra version: 1.2.4
 INFO 15:02:13,968 Thrift API version: 19.35.0
 INFO 15:02:13,969 CQL supported versions: 2.0.0,3.0.1 (default: 3.0.1)
 INFO 15:02:14,000 Loading persisted ring state
 INFO 15:02:14,004 Starting up server gossip
 WARN 15:02:14,008 No host ID found, created 4a5c119a-9459-46ff-8693-6c704e9222be (Note: This should happen exactly once per node).
 INFO 15:02:14,020 Enqueuing flush of Memtable-local@1502606662(361/361 serialized/live bytes, 15 ops)
 INFO 15:02:14,027 Writing Memtable-local@1502606662(361/361 serialized/live bytes, 15 ops)
 INFO 15:02:14,068 Completed flushing /var/lib/cassandra/data/system/local/system-local-ib-1-Data.db (354 bytes) for commitlog position ReplayPosition(segmentId=1402005733523, position=50656)
 INFO 15:02:14,133 Starting Messaging Service on port 7000
 INFO 15:02:14,172 Enqueuing flush of Memtable-local@1003102178(86/86 serialized/live bytes, 4 ops)
 INFO 15:02:14,173 Writing Memtable-local@1003102178(86/86 serialized/live bytes, 4 ops)
 INFO 15:02:14,183 Completed flushing /var/lib/cassandra/data/system/local/system-local-ib-2-Data.db (122 bytes) for commitlog position ReplayPosition(segmentId=1402005733523, position=50933)
 INFO 15:02:14,185 JOINING: waiting for ring information
 INFO 15:02:15,370 Node /192.168.56.11 is now part of the cluster
 INFO 15:02:15,371 InetAddress /192.168.56.11 is now UP
 INFO 15:02:15,384 Enqueuing flush of Memtable-peers@184320865(51/51 serialized/live bytes, 2 ops)
 INFO 15:02:15,385 Writing Memtable-peers@184320865(51/51 serialized/live bytes, 2 ops)
 INFO 15:02:15,396 Completed flushing /var/lib/cassandra/data/system/peers/system-peers-ib-1-Data.db (109 bytes) for commitlog position ReplayPosition(segmentId=1402005733523, position=51107)
 INFO 15:02:15,418 Enqueuing flush of Memtable-schema_keyspaces@1143680496(389/389 serialized/live bytes, 11 ops)
 INFO 15:02:15,419 Writing Memtable-schema_keyspaces@1143680496(389/389 serialized/live bytes, 11 ops)
 INFO 15:02:15,428 Completed flushing /var/lib/cassandra/data/system/schema_keyspaces/system-schema_keyspaces-ib-1-Data.db (261 bytes) for commitlog position ReplayPosition(segmentId=1402005733523, position=53730)
 INFO 15:02:15,430 Enqueuing flush of Memtable-schema_columnfamilies@721768074(23066/23066 serialized/live bytes, 379 ops)
 INFO 15:02:15,431 Writing Memtable-schema_columnfamilies@721768074(23066/23066 serialized/live bytes, 379 ops)
 INFO 15:02:15,448 Completed flushing /var/lib/cassandra/data/system/schema_columnfamilies/system-schema_columnfamilies-ib-1-Data.db (4844 bytes) for commitlog position ReplayPosition(segmentId=1402005733523, position=53730)
 INFO 15:02:15,449 Enqueuing flush of Memtable-schema_columns@1798049666(22154/22154 serialized/live bytes, 337 ops)
 INFO 15:02:15,449 Writing Memtable-schema_columns@1798049666(22154/22154 serialized/live bytes, 337 ops)
 INFO 15:02:15,465 Completed flushing /var/lib/cassandra/data/system/schema_columns/system-schema_columns-ib-1-Data.db (3894 bytes) for commitlog position ReplayPosition(segmentId=1402005733523, position=53730)
 INFO 15:02:16,185 JOINING: schema complete, ready to bootstrap
 INFO 15:02:16,186 JOINING: getting bootstrap token
 INFO 15:02:16,188 Enqueuing flush of Memtable-local@563877004(73/73 serialized/live bytes, 4 ops)
 INFO 15:02:16,189 Writing Memtable-local@563877004(73/73 serialized/live bytes, 4 ops)
 INFO 15:02:16,204 Completed flushing /var/lib/cassandra/data/system/local/system-local-ib-3-Data.db (136 bytes) for commitlog position ReplayPosition(segmentId=1402005733523, position=54028)
 INFO 15:02:16,215 JOINING: sleeping 30000 ms for pending range setup
 INFO 15:02:46,216 JOINING: Starting to bootstrap...
 INFO 15:02:46,254 Finished streaming session 203126e0-ecfd-11e3-ae8b-c1b7d013ecd2 from /192.168.56.11
 INFO 15:02:46,255 Bootstrap completed! for the tokens [0]
 INFO 15:02:46,257 Enqueuing flush of Memtable-local@1603870009(43/43 serialized/live bytes, 2 ops)
 INFO 15:02:46,258 Writing Memtable-local@1603870009(43/43 serialized/live bytes, 2 ops)
 INFO 15:02:46,265 Completed flushing /var/lib/cassandra/data/system/local/system-local-ib-4-Data.db (74 bytes) for commitlog position ReplayPosition(segmentId=1402005733523, position=54161)
 INFO 15:02:46,271 Enqueuing flush of Memtable-local@55343445(32/32 serialized/live bytes, 2 ops)
 INFO 15:02:46,273 Writing Memtable-local@55343445(32/32 serialized/live bytes, 2 ops)
 INFO 15:02:46,274 Compacting [SSTableReader(path='/var/lib/cassandra/data/system/local/system-local-ib-2-Data.db'), SSTableReader(path='/var/lib/cassandra/data/system/local/system-local-ib-4-Data.db'), SSTableReader(path='/var/lib/cassandra/data/system/local/system-local-ib-1-Data.db'), SSTableReader(path='/var/lib/cassandra/data/system/local/system-local-ib-3-Data.db')]
 INFO 15:02:46,283 Completed flushing /var/lib/cassandra/data/system/local/system-local-ib-5-Data.db (90 bytes) for commitlog position ReplayPosition(segmentId=1402005733523, position=54317)
 INFO 15:02:46,295 Node /192.168.56.12 state jump to normal
 INFO 15:02:46,297 Startup completed! Now serving reads.
